[2024-05-16T11:22:30.938+0000] {local_task_job_runner.py:120} INFO - ::group::Pre task execution logs
[2024-05-16T11:22:30.972+0000] {taskinstance.py:2073} INFO - Dependencies all met for dep_context=non-requeueable deps ti=<TaskInstance: dag_tables.import_table2 scheduled__2024-05-02T00:00:00+00:00 [queued]>
[2024-05-16T11:22:30.979+0000] {taskinstance.py:2073} INFO - Dependencies all met for dep_context=requeueable deps ti=<TaskInstance: dag_tables.import_table2 scheduled__2024-05-02T00:00:00+00:00 [queued]>
[2024-05-16T11:22:30.981+0000] {taskinstance.py:2303} INFO - Starting attempt 1 of 6
[2024-05-16T11:22:31.004+0000] {taskinstance.py:2327} INFO - Executing <Task(BashOperator): import_table2> on 2024-05-02 00:00:00+00:00
[2024-05-16T11:22:31.014+0000] {logging_mixin.py:188} WARNING - /home/***/.local/lib/python3.12/site-packages/***/task/task_runner/standard_task_runner.py:61 DeprecationWarning: This process (pid=478) is multi-threaded, use of fork() may lead to deadlocks in the child.
[2024-05-16T11:22:31.012+0000] {standard_task_runner.py:90} INFO - Running: ['***', 'tasks', 'run', 'dag_tables', 'import_table2', 'scheduled__2024-05-02T00:00:00+00:00', '--job-id', '441', '--raw', '--subdir', 'DAGS_FOLDER/dag_mysql.py', '--cfg-path', '/tmp/tmpo06n6_k_']
[2024-05-16T11:22:31.022+0000] {standard_task_runner.py:63} INFO - Started process 488 to run task
[2024-05-16T11:22:31.023+0000] {standard_task_runner.py:91} INFO - Job 441: Subtask import_table2
[2024-05-16T11:22:31.086+0000] {task_command.py:426} INFO - Running <TaskInstance: dag_tables.import_table2 scheduled__2024-05-02T00:00:00+00:00 [running]> on host 7084a6d88d3b
[2024-05-16T11:22:31.190+0000] {taskinstance.py:2644} INFO - Exporting env vars: AIRFLOW_CTX_DAG_OWNER='bses' AIRFLOW_CTX_DAG_ID='dag_tables' AIRFLOW_CTX_TASK_ID='import_table2' AIRFLOW_CTX_EXECUTION_DATE='2024-05-02T00:00:00+00:00' AIRFLOW_CTX_TRY_NUMBER='1' AIRFLOW_CTX_DAG_RUN_ID='scheduled__2024-05-02T00:00:00+00:00'
[2024-05-16T11:22:31.194+0000] {taskinstance.py:430} INFO - ::endgroup::
[2024-05-16T11:22:31.207+0000] {subprocess.py:63} INFO - Tmp dir root location: /tmp
[2024-05-16T11:22:31.213+0000] {subprocess.py:75} INFO - Running command: ['/usr/bin/bash', '-c', '\n                mysql -h host.docker.internal -u root --password=12345678 test < /opt/***/dags/product_category.sql\n                ']
[2024-05-16T11:22:31.222+0000] {subprocess.py:86} INFO - Output:
[2024-05-16T11:22:31.338+0000] {subprocess.py:93} INFO - ERROR 1050 (42S01) at line 25: Table 'product_category' already exists
[2024-05-16T11:22:31.341+0000] {subprocess.py:97} INFO - Command exited with return code 1
[2024-05-16T11:22:31.346+0000] {taskinstance.py:441} INFO - ::group::Post task execution logs
[2024-05-16T11:22:31.364+0000] {taskinstance.py:2890} ERROR - Task failed with exception
Traceback (most recent call last):
  File "/home/airflow/.local/lib/python3.12/site-packages/airflow/models/taskinstance.py", line 465, in _execute_task
    result = _execute_callable(context=context, **execute_callable_kwargs)
             ^^^^^^^^^^^^^^^^^^^^^^^^^^^^^^^^^^^^^^^^^^^^^^^^^^^^^^^^^^^^^
  File "/home/airflow/.local/lib/python3.12/site-packages/airflow/models/taskinstance.py", line 432, in _execute_callable
    return execute_callable(context=context, **execute_callable_kwargs)
           ^^^^^^^^^^^^^^^^^^^^^^^^^^^^^^^^^^^^^^^^^^^^^^^^^^^^^^^^^^^^
  File "/home/airflow/.local/lib/python3.12/site-packages/airflow/models/baseoperator.py", line 400, in wrapper
    return func(self, *args, **kwargs)
           ^^^^^^^^^^^^^^^^^^^^^^^^^^^
  File "/home/airflow/.local/lib/python3.12/site-packages/airflow/operators/bash.py", line 243, in execute
    raise AirflowException(
airflow.exceptions.AirflowException: Bash command failed. The command returned a non-zero exit code 1.
[2024-05-16T11:22:31.371+0000] {taskinstance.py:1205} INFO - Marking task as UP_FOR_RETRY. dag_id=dag_tables, task_id=import_table2, execution_date=20240502T000000, start_date=20240516T112230, end_date=20240516T112231
[2024-05-16T11:22:31.511+0000] {standard_task_runner.py:110} ERROR - Failed to execute job 441 for task import_table2 (Bash command failed. The command returned a non-zero exit code 1.; 488)
[2024-05-16T11:22:31.546+0000] {local_task_job_runner.py:240} INFO - Task exited with return code 1
[2024-05-16T11:22:31.565+0000] {taskinstance.py:3482} INFO - 0 downstream tasks scheduled from follow-on schedule check
[2024-05-16T11:22:31.567+0000] {local_task_job_runner.py:222} INFO - ::endgroup::
[2024-05-16T11:24:45.869+0000] {local_task_job_runner.py:120} INFO - ::group::Pre task execution logs
[2024-05-16T11:24:45.918+0000] {taskinstance.py:2073} INFO - Dependencies all met for dep_context=non-requeueable deps ti=<TaskInstance: dag_tables.import_table2 scheduled__2024-05-02T00:00:00+00:00 [queued]>
[2024-05-16T11:24:45.928+0000] {taskinstance.py:2073} INFO - Dependencies all met for dep_context=requeueable deps ti=<TaskInstance: dag_tables.import_table2 scheduled__2024-05-02T00:00:00+00:00 [queued]>
[2024-05-16T11:24:45.930+0000] {taskinstance.py:2303} INFO - Starting attempt 1 of 6
[2024-05-16T11:24:45.968+0000] {taskinstance.py:2327} INFO - Executing <Task(BashOperator): import_table2> on 2024-05-02 00:00:00+00:00
[2024-05-16T11:24:45.980+0000] {standard_task_runner.py:90} INFO - Running: ['***', 'tasks', 'run', 'dag_tables', 'import_table2', 'scheduled__2024-05-02T00:00:00+00:00', '--job-id', '481', '--raw', '--subdir', 'DAGS_FOLDER/dag_mysql.py', '--cfg-path', '/tmp/tmpahnba4i3']
[2024-05-16T11:24:45.986+0000] {standard_task_runner.py:91} INFO - Job 481: Subtask import_table2
[2024-05-16T11:24:45.984+0000] {logging_mixin.py:188} WARNING - /home/***/.local/lib/python3.12/site-packages/***/task/task_runner/standard_task_runner.py:61 DeprecationWarning: This process (pid=693) is multi-threaded, use of fork() may lead to deadlocks in the child.
[2024-05-16T11:24:45.995+0000] {standard_task_runner.py:63} INFO - Started process 705 to run task
[2024-05-16T11:24:46.111+0000] {task_command.py:426} INFO - Running <TaskInstance: dag_tables.import_table2 scheduled__2024-05-02T00:00:00+00:00 [running]> on host 7084a6d88d3b
[2024-05-16T11:24:46.284+0000] {taskinstance.py:2644} INFO - Exporting env vars: AIRFLOW_CTX_DAG_OWNER='bses' AIRFLOW_CTX_DAG_ID='dag_tables' AIRFLOW_CTX_TASK_ID='import_table2' AIRFLOW_CTX_EXECUTION_DATE='2024-05-02T00:00:00+00:00' AIRFLOW_CTX_TRY_NUMBER='1' AIRFLOW_CTX_DAG_RUN_ID='scheduled__2024-05-02T00:00:00+00:00'
[2024-05-16T11:24:46.286+0000] {taskinstance.py:430} INFO - ::endgroup::
[2024-05-16T11:24:46.303+0000] {subprocess.py:63} INFO - Tmp dir root location: /tmp
[2024-05-16T11:24:46.309+0000] {subprocess.py:75} INFO - Running command: ['/usr/bin/bash', '-c', '\n                mysql -h host.docker.internal -u root --password=12345678 test < /opt/***/dags/product_category.sql\n                ']
[2024-05-16T11:24:46.320+0000] {subprocess.py:86} INFO - Output:
[2024-05-16T11:24:46.454+0000] {subprocess.py:97} INFO - Command exited with return code 0
[2024-05-16T11:24:46.454+0000] {taskinstance.py:441} INFO - ::group::Post task execution logs
[2024-05-16T11:24:46.502+0000] {taskinstance.py:1205} INFO - Marking task as SUCCESS. dag_id=dag_tables, task_id=import_table2, execution_date=20240502T000000, start_date=20240516T112445, end_date=20240516T112446
[2024-05-16T11:24:46.572+0000] {local_task_job_runner.py:240} INFO - Task exited with return code 0
[2024-05-16T11:24:46.595+0000] {taskinstance.py:3482} INFO - 0 downstream tasks scheduled from follow-on schedule check
[2024-05-16T11:24:46.618+0000] {local_task_job_runner.py:222} INFO - ::endgroup::
