[2024-05-16T11:19:50.083+0000] {local_task_job_runner.py:120} INFO - ::group::Pre task execution logs
[2024-05-16T11:19:50.113+0000] {taskinstance.py:2073} INFO - Dependencies all met for dep_context=non-requeueable deps ti=<TaskInstance: dag_tables.import_table3 scheduled__2024-05-10T00:00:00+00:00 [queued]>
[2024-05-16T11:19:50.121+0000] {taskinstance.py:2073} INFO - Dependencies all met for dep_context=requeueable deps ti=<TaskInstance: dag_tables.import_table3 scheduled__2024-05-10T00:00:00+00:00 [queued]>
[2024-05-16T11:19:50.124+0000] {taskinstance.py:2303} INFO - Starting attempt 1 of 6
[2024-05-16T11:19:50.140+0000] {taskinstance.py:2327} INFO - Executing <Task(BashOperator): import_table3> on 2024-05-10 00:00:00+00:00
[2024-05-16T11:19:50.148+0000] {logging_mixin.py:188} WARNING - /home/***/.local/lib/python3.12/site-packages/***/task/task_runner/standard_task_runner.py:61 DeprecationWarning: This process (pid=297) is multi-threaded, use of fork() may lead to deadlocks in the child.
[2024-05-16T11:19:50.151+0000] {standard_task_runner.py:63} INFO - Started process 312 to run task
[2024-05-16T11:19:50.155+0000] {standard_task_runner.py:90} INFO - Running: ['***', 'tasks', 'run', 'dag_tables', 'import_table3', 'scheduled__2024-05-10T00:00:00+00:00', '--job-id', '414', '--raw', '--subdir', 'DAGS_FOLDER/dag_mysql.py', '--cfg-path', '/tmp/tmpead4u2yk']
[2024-05-16T11:19:50.161+0000] {standard_task_runner.py:91} INFO - Job 414: Subtask import_table3
[2024-05-16T11:19:50.232+0000] {task_command.py:426} INFO - Running <TaskInstance: dag_tables.import_table3 scheduled__2024-05-10T00:00:00+00:00 [running]> on host 7084a6d88d3b
[2024-05-16T11:19:50.296+0000] {taskinstance.py:2644} INFO - Exporting env vars: AIRFLOW_CTX_DAG_OWNER='bses' AIRFLOW_CTX_DAG_ID='dag_tables' AIRFLOW_CTX_TASK_ID='import_table3' AIRFLOW_CTX_EXECUTION_DATE='2024-05-10T00:00:00+00:00' AIRFLOW_CTX_TRY_NUMBER='1' AIRFLOW_CTX_DAG_RUN_ID='scheduled__2024-05-10T00:00:00+00:00'
[2024-05-16T11:19:50.298+0000] {taskinstance.py:430} INFO - ::endgroup::
[2024-05-16T11:19:50.306+0000] {subprocess.py:63} INFO - Tmp dir root location: /tmp
[2024-05-16T11:19:50.307+0000] {subprocess.py:75} INFO - Running command: ['/usr/bin/bash', '-c', '\n                mysql -h host.docker.internal -u root --password=12345678 test < /opt/***/dags/product_category_map.sql;\n                ']
[2024-05-16T11:19:50.314+0000] {subprocess.py:86} INFO - Output:
[2024-05-16T11:19:50.368+0000] {subprocess.py:97} INFO - Command exited with return code 0
[2024-05-16T11:19:50.368+0000] {taskinstance.py:441} INFO - ::group::Post task execution logs
[2024-05-16T11:19:50.388+0000] {taskinstance.py:1205} INFO - Marking task as SUCCESS. dag_id=dag_tables, task_id=import_table3, execution_date=20240510T000000, start_date=20240516T111950, end_date=20240516T111950
[2024-05-16T11:19:50.425+0000] {local_task_job_runner.py:240} INFO - Task exited with return code 0
[2024-05-16T11:19:50.448+0000] {taskinstance.py:3482} INFO - 1 downstream tasks scheduled from follow-on schedule check
[2024-05-16T11:19:50.466+0000] {local_task_job_runner.py:222} INFO - ::endgroup::
[2024-05-16T11:22:33.216+0000] {local_task_job_runner.py:120} INFO - ::group::Pre task execution logs
[2024-05-16T11:22:33.237+0000] {taskinstance.py:2073} INFO - Dependencies all met for dep_context=non-requeueable deps ti=<TaskInstance: dag_tables.import_table3 scheduled__2024-05-10T00:00:00+00:00 [queued]>
[2024-05-16T11:22:33.244+0000] {taskinstance.py:2073} INFO - Dependencies all met for dep_context=requeueable deps ti=<TaskInstance: dag_tables.import_table3 scheduled__2024-05-10T00:00:00+00:00 [queued]>
[2024-05-16T11:22:33.245+0000] {taskinstance.py:2303} INFO - Starting attempt 1 of 6
[2024-05-16T11:22:33.259+0000] {taskinstance.py:2327} INFO - Executing <Task(BashOperator): import_table3> on 2024-05-10 00:00:00+00:00
[2024-05-16T11:22:33.264+0000] {logging_mixin.py:188} WARNING - /home/***/.local/lib/python3.12/site-packages/***/task/task_runner/standard_task_runner.py:61 DeprecationWarning: This process (pid=580) is multi-threaded, use of fork() may lead to deadlocks in the child.
[2024-05-16T11:22:33.265+0000] {standard_task_runner.py:63} INFO - Started process 583 to run task
[2024-05-16T11:22:33.270+0000] {standard_task_runner.py:90} INFO - Running: ['***', 'tasks', 'run', 'dag_tables', 'import_table3', 'scheduled__2024-05-10T00:00:00+00:00', '--job-id', '461', '--raw', '--subdir', 'DAGS_FOLDER/dag_mysql.py', '--cfg-path', '/tmp/tmpf6hivkem']
[2024-05-16T11:22:33.274+0000] {standard_task_runner.py:91} INFO - Job 461: Subtask import_table3
[2024-05-16T11:22:33.325+0000] {task_command.py:426} INFO - Running <TaskInstance: dag_tables.import_table3 scheduled__2024-05-10T00:00:00+00:00 [running]> on host 7084a6d88d3b
[2024-05-16T11:22:33.395+0000] {taskinstance.py:2644} INFO - Exporting env vars: AIRFLOW_CTX_DAG_OWNER='bses' AIRFLOW_CTX_DAG_ID='dag_tables' AIRFLOW_CTX_TASK_ID='import_table3' AIRFLOW_CTX_EXECUTION_DATE='2024-05-10T00:00:00+00:00' AIRFLOW_CTX_TRY_NUMBER='1' AIRFLOW_CTX_DAG_RUN_ID='scheduled__2024-05-10T00:00:00+00:00'
[2024-05-16T11:22:33.396+0000] {taskinstance.py:430} INFO - ::endgroup::
[2024-05-16T11:22:33.407+0000] {subprocess.py:63} INFO - Tmp dir root location: /tmp
[2024-05-16T11:22:33.409+0000] {subprocess.py:75} INFO - Running command: ['/usr/bin/bash', '-c', '\n                mysql -h host.docker.internal -u root --password=12345678 test < /opt/***/dags/product_category_map.sql\n                ']
[2024-05-16T11:22:33.418+0000] {subprocess.py:86} INFO - Output:
[2024-05-16T11:22:33.521+0000] {subprocess.py:97} INFO - Command exited with return code 0
[2024-05-16T11:22:33.522+0000] {taskinstance.py:441} INFO - ::group::Post task execution logs
[2024-05-16T11:22:33.540+0000] {taskinstance.py:1205} INFO - Marking task as SUCCESS. dag_id=dag_tables, task_id=import_table3, execution_date=20240510T000000, start_date=20240516T112233, end_date=20240516T112233
[2024-05-16T11:22:33.576+0000] {local_task_job_runner.py:240} INFO - Task exited with return code 0
[2024-05-16T11:22:33.594+0000] {taskinstance.py:3482} INFO - 1 downstream tasks scheduled from follow-on schedule check
[2024-05-16T11:22:33.599+0000] {local_task_job_runner.py:222} INFO - ::endgroup::
