[2024-05-03T17:59:24.893+0000] {local_task_job_runner.py:120} INFO - ::group::Pre task execution logs
[2024-05-03T17:59:24.915+0000] {taskinstance.py:2073} INFO - Dependencies all met for dep_context=non-requeueable deps ti=<TaskInstance: create_dag_pythonv5.get_age scheduled__2024-05-02T00:00:00+00:00 [queued]>
[2024-05-03T17:59:24.923+0000] {taskinstance.py:2073} INFO - Dependencies all met for dep_context=requeueable deps ti=<TaskInstance: create_dag_pythonv5.get_age scheduled__2024-05-02T00:00:00+00:00 [queued]>
[2024-05-03T17:59:24.926+0000] {taskinstance.py:2303} INFO - Starting attempt 1 of 6
[2024-05-03T17:59:24.935+0000] {taskinstance.py:2327} INFO - Executing <Task(PythonOperator): get_age> on 2024-05-02 00:00:00+00:00
[2024-05-03T17:59:24.943+0000] {logging_mixin.py:188} WARNING - /home/***/.local/lib/python3.12/site-packages/***/task/task_runner/standard_task_runner.py:61 DeprecationWarning: This process (pid=974) is multi-threaded, use of fork() may lead to deadlocks in the child.
[2024-05-03T17:59:24.941+0000] {standard_task_runner.py:90} INFO - Running: ['***', 'tasks', 'run', 'create_dag_pythonv5', 'get_age', 'scheduled__2024-05-02T00:00:00+00:00', '--job-id', '28', '--raw', '--subdir', 'DAGS_FOLDER/create_dag_python.py', '--cfg-path', '/tmp/tmpbl906mj6']
[2024-05-03T17:59:24.945+0000] {standard_task_runner.py:63} INFO - Started process 977 to run task
[2024-05-03T17:59:24.945+0000] {standard_task_runner.py:91} INFO - Job 28: Subtask get_age
[2024-05-03T17:59:24.985+0000] {task_command.py:426} INFO - Running <TaskInstance: create_dag_pythonv5.get_age scheduled__2024-05-02T00:00:00+00:00 [running]> on host 697ad57716e5
[2024-05-03T17:59:25.033+0000] {taskinstance.py:2644} INFO - Exporting env vars: AIRFLOW_CTX_DAG_OWNER='bses' AIRFLOW_CTX_DAG_ID='create_dag_pythonv5' AIRFLOW_CTX_TASK_ID='get_age' AIRFLOW_CTX_EXECUTION_DATE='2024-05-02T00:00:00+00:00' AIRFLOW_CTX_TRY_NUMBER='1' AIRFLOW_CTX_DAG_RUN_ID='scheduled__2024-05-02T00:00:00+00:00'
[2024-05-03T17:59:25.033+0000] {taskinstance.py:430} INFO - ::endgroup::
[2024-05-03T17:59:25.047+0000] {python.py:237} INFO - Done. Returned value was: None
[2024-05-03T17:59:25.047+0000] {taskinstance.py:441} INFO - ::group::Post task execution logs
[2024-05-03T17:59:25.052+0000] {taskinstance.py:1205} INFO - Marking task as SUCCESS. dag_id=create_dag_pythonv5, task_id=get_age, execution_date=20240502T000000, start_date=20240503T175924, end_date=20240503T175925
[2024-05-03T17:59:25.086+0000] {local_task_job_runner.py:240} INFO - Task exited with return code 0
[2024-05-03T17:59:25.095+0000] {taskinstance.py:3482} INFO - 1 downstream tasks scheduled from follow-on schedule check
[2024-05-03T17:59:25.096+0000] {local_task_job_runner.py:222} INFO - ::endgroup::
[2024-05-04T05:51:20.570+0000] {local_task_job_runner.py:120} INFO - ::group::Pre task execution logs
[2024-05-04T05:51:20.588+0000] {taskinstance.py:2073} INFO - Dependencies all met for dep_context=non-requeueable deps ti=<TaskInstance: create_dag_pythonv5.get_age scheduled__2024-05-02T00:00:00+00:00 [queued]>
[2024-05-04T05:51:20.592+0000] {taskinstance.py:2073} INFO - Dependencies all met for dep_context=requeueable deps ti=<TaskInstance: create_dag_pythonv5.get_age scheduled__2024-05-02T00:00:00+00:00 [queued]>
[2024-05-04T05:51:20.593+0000] {taskinstance.py:2303} INFO - Starting attempt 1 of 6
[2024-05-04T05:51:20.604+0000] {taskinstance.py:2327} INFO - Executing <Task(PythonOperator): get_age> on 2024-05-02 00:00:00+00:00
[2024-05-04T05:51:20.609+0000] {standard_task_runner.py:90} INFO - Running: ['***', 'tasks', 'run', 'create_dag_pythonv5', 'get_age', 'scheduled__2024-05-02T00:00:00+00:00', '--job-id', '6', '--raw', '--subdir', 'DAGS_FOLDER/create_dag_python.py', '--cfg-path', '/tmp/tmpl2oxwakz']
[2024-05-04T05:51:20.610+0000] {logging_mixin.py:188} WARNING - /home/***/.local/lib/python3.12/site-packages/***/task/task_runner/standard_task_runner.py:61 DeprecationWarning: This process (pid=239) is multi-threaded, use of fork() may lead to deadlocks in the child.
[2024-05-04T05:51:20.611+0000] {standard_task_runner.py:91} INFO - Job 6: Subtask get_age
[2024-05-04T05:51:20.612+0000] {standard_task_runner.py:63} INFO - Started process 245 to run task
[2024-05-04T05:51:20.647+0000] {task_command.py:426} INFO - Running <TaskInstance: create_dag_pythonv5.get_age scheduled__2024-05-02T00:00:00+00:00 [running]> on host 97b2d875d020
[2024-05-04T05:51:20.704+0000] {taskinstance.py:2644} INFO - Exporting env vars: AIRFLOW_CTX_DAG_OWNER='bses' AIRFLOW_CTX_DAG_ID='create_dag_pythonv5' AIRFLOW_CTX_TASK_ID='get_age' AIRFLOW_CTX_EXECUTION_DATE='2024-05-02T00:00:00+00:00' AIRFLOW_CTX_TRY_NUMBER='1' AIRFLOW_CTX_DAG_RUN_ID='scheduled__2024-05-02T00:00:00+00:00'
[2024-05-04T05:51:20.705+0000] {taskinstance.py:430} INFO - ::endgroup::
[2024-05-04T05:51:20.721+0000] {python.py:237} INFO - Done. Returned value was: None
[2024-05-04T05:51:20.724+0000] {taskinstance.py:441} INFO - ::group::Post task execution logs
[2024-05-04T05:51:20.733+0000] {taskinstance.py:1205} INFO - Marking task as SUCCESS. dag_id=create_dag_pythonv5, task_id=get_age, execution_date=20240502T000000, start_date=20240504T055120, end_date=20240504T055120
[2024-05-04T05:51:20.754+0000] {local_task_job_runner.py:240} INFO - Task exited with return code 0
[2024-05-04T05:51:20.772+0000] {taskinstance.py:3482} INFO - 1 downstream tasks scheduled from follow-on schedule check
[2024-05-04T05:51:20.775+0000] {local_task_job_runner.py:222} INFO - ::endgroup::
