[2024-05-16T11:19:47.955+0000] {local_task_job_runner.py:120} INFO - ::group::Pre task execution logs
[2024-05-16T11:19:47.974+0000] {taskinstance.py:2073} INFO - Dependencies all met for dep_context=non-requeueable deps ti=<TaskInstance: dag_tables.import_table1 scheduled__2024-05-02T00:00:00+00:00 [queued]>
[2024-05-16T11:19:47.980+0000] {taskinstance.py:2073} INFO - Dependencies all met for dep_context=requeueable deps ti=<TaskInstance: dag_tables.import_table1 scheduled__2024-05-02T00:00:00+00:00 [queued]>
[2024-05-16T11:19:47.980+0000] {taskinstance.py:2303} INFO - Starting attempt 1 of 6
[2024-05-16T11:19:47.995+0000] {taskinstance.py:2327} INFO - Executing <Task(BashOperator): import_table1> on 2024-05-02 00:00:00+00:00
[2024-05-16T11:19:48.002+0000] {standard_task_runner.py:90} INFO - Running: ['***', 'tasks', 'run', 'dag_tables', 'import_table1', 'scheduled__2024-05-02T00:00:00+00:00', '--job-id', '382', '--raw', '--subdir', 'DAGS_FOLDER/dag_mysql.py', '--cfg-path', '/tmp/tmps809rhbg']
[2024-05-16T11:19:48.003+0000] {logging_mixin.py:188} WARNING - /home/***/.local/lib/python3.12/site-packages/***/task/task_runner/standard_task_runner.py:61 DeprecationWarning: This process (pid=187) is multi-threaded, use of fork() may lead to deadlocks in the child.
[2024-05-16T11:19:48.004+0000] {standard_task_runner.py:63} INFO - Started process 193 to run task
[2024-05-16T11:19:48.004+0000] {standard_task_runner.py:91} INFO - Job 382: Subtask import_table1
[2024-05-16T11:19:48.057+0000] {task_command.py:426} INFO - Running <TaskInstance: dag_tables.import_table1 scheduled__2024-05-02T00:00:00+00:00 [running]> on host 7084a6d88d3b
[2024-05-16T11:19:48.131+0000] {taskinstance.py:2644} INFO - Exporting env vars: AIRFLOW_CTX_DAG_OWNER='bses' AIRFLOW_CTX_DAG_ID='dag_tables' AIRFLOW_CTX_TASK_ID='import_table1' AIRFLOW_CTX_EXECUTION_DATE='2024-05-02T00:00:00+00:00' AIRFLOW_CTX_TRY_NUMBER='1' AIRFLOW_CTX_DAG_RUN_ID='scheduled__2024-05-02T00:00:00+00:00'
[2024-05-16T11:19:48.136+0000] {taskinstance.py:430} INFO - ::endgroup::
[2024-05-16T11:19:48.152+0000] {subprocess.py:63} INFO - Tmp dir root location: /tmp
[2024-05-16T11:19:48.158+0000] {subprocess.py:75} INFO - Running command: ['/usr/bin/bash', '-c', '\n            mysql -h host.docker.internal -u root --password=12345678 test < /opt/***/dags/products.sql;\n           ']
[2024-05-16T11:19:48.171+0000] {subprocess.py:86} INFO - Output:
[2024-05-16T11:19:48.249+0000] {subprocess.py:93} INFO - ERROR 1050 (42S01) at line 25: Table 'products' already exists
[2024-05-16T11:19:48.252+0000] {subprocess.py:97} INFO - Command exited with return code 1
[2024-05-16T11:19:48.253+0000] {taskinstance.py:441} INFO - ::group::Post task execution logs
[2024-05-16T11:19:48.266+0000] {taskinstance.py:2890} ERROR - Task failed with exception
Traceback (most recent call last):
  File "/home/airflow/.local/lib/python3.12/site-packages/airflow/models/taskinstance.py", line 465, in _execute_task
    result = _execute_callable(context=context, **execute_callable_kwargs)
             ^^^^^^^^^^^^^^^^^^^^^^^^^^^^^^^^^^^^^^^^^^^^^^^^^^^^^^^^^^^^^
  File "/home/airflow/.local/lib/python3.12/site-packages/airflow/models/taskinstance.py", line 432, in _execute_callable
    return execute_callable(context=context, **execute_callable_kwargs)
           ^^^^^^^^^^^^^^^^^^^^^^^^^^^^^^^^^^^^^^^^^^^^^^^^^^^^^^^^^^^^
  File "/home/airflow/.local/lib/python3.12/site-packages/airflow/models/baseoperator.py", line 400, in wrapper
    return func(self, *args, **kwargs)
           ^^^^^^^^^^^^^^^^^^^^^^^^^^^
  File "/home/airflow/.local/lib/python3.12/site-packages/airflow/operators/bash.py", line 243, in execute
    raise AirflowException(
airflow.exceptions.AirflowException: Bash command failed. The command returned a non-zero exit code 1.
[2024-05-16T11:19:48.272+0000] {taskinstance.py:1205} INFO - Marking task as UP_FOR_RETRY. dag_id=dag_tables, task_id=import_table1, execution_date=20240502T000000, start_date=20240516T111947, end_date=20240516T111948
[2024-05-16T11:19:48.318+0000] {standard_task_runner.py:110} ERROR - Failed to execute job 382 for task import_table1 (Bash command failed. The command returned a non-zero exit code 1.; 193)
[2024-05-16T11:19:48.359+0000] {local_task_job_runner.py:240} INFO - Task exited with return code 1
[2024-05-16T11:19:48.421+0000] {taskinstance.py:3482} INFO - 0 downstream tasks scheduled from follow-on schedule check
[2024-05-16T11:19:48.431+0000] {local_task_job_runner.py:222} INFO - ::endgroup::
[2024-05-16T11:22:30.237+0000] {local_task_job_runner.py:120} INFO - ::group::Pre task execution logs
[2024-05-16T11:22:30.272+0000] {taskinstance.py:2073} INFO - Dependencies all met for dep_context=non-requeueable deps ti=<TaskInstance: dag_tables.import_table1 scheduled__2024-05-02T00:00:00+00:00 [queued]>
[2024-05-16T11:22:30.283+0000] {taskinstance.py:2073} INFO - Dependencies all met for dep_context=requeueable deps ti=<TaskInstance: dag_tables.import_table1 scheduled__2024-05-02T00:00:00+00:00 [queued]>
[2024-05-16T11:22:30.283+0000] {taskinstance.py:2303} INFO - Starting attempt 1 of 6
[2024-05-16T11:22:30.312+0000] {taskinstance.py:2327} INFO - Executing <Task(BashOperator): import_table1> on 2024-05-02 00:00:00+00:00
[2024-05-16T11:22:30.323+0000] {logging_mixin.py:188} WARNING - /home/***/.local/lib/python3.12/site-packages/***/task/task_runner/standard_task_runner.py:61 DeprecationWarning: This process (pid=444) is multi-threaded, use of fork() may lead to deadlocks in the child.
[2024-05-16T11:22:30.325+0000] {standard_task_runner.py:63} INFO - Started process 449 to run task
[2024-05-16T11:22:30.322+0000] {standard_task_runner.py:90} INFO - Running: ['***', 'tasks', 'run', 'dag_tables', 'import_table1', 'scheduled__2024-05-02T00:00:00+00:00', '--job-id', '430', '--raw', '--subdir', 'DAGS_FOLDER/dag_mysql.py', '--cfg-path', '/tmp/tmpx8nd0blv']
[2024-05-16T11:22:30.334+0000] {standard_task_runner.py:91} INFO - Job 430: Subtask import_table1
[2024-05-16T11:22:30.396+0000] {task_command.py:426} INFO - Running <TaskInstance: dag_tables.import_table1 scheduled__2024-05-02T00:00:00+00:00 [running]> on host 7084a6d88d3b
[2024-05-16T11:22:30.479+0000] {taskinstance.py:2644} INFO - Exporting env vars: AIRFLOW_CTX_DAG_OWNER='bses' AIRFLOW_CTX_DAG_ID='dag_tables' AIRFLOW_CTX_TASK_ID='import_table1' AIRFLOW_CTX_EXECUTION_DATE='2024-05-02T00:00:00+00:00' AIRFLOW_CTX_TRY_NUMBER='1' AIRFLOW_CTX_DAG_RUN_ID='scheduled__2024-05-02T00:00:00+00:00'
[2024-05-16T11:22:30.482+0000] {taskinstance.py:430} INFO - ::endgroup::
[2024-05-16T11:22:30.491+0000] {subprocess.py:63} INFO - Tmp dir root location: /tmp
[2024-05-16T11:22:30.493+0000] {subprocess.py:75} INFO - Running command: ['/usr/bin/bash', '-c', '\n            mysql -h host.docker.internal -u root --password=12345678 test < /opt/***/dags/products.sql\n           ']
[2024-05-16T11:22:30.498+0000] {subprocess.py:86} INFO - Output:
[2024-05-16T11:22:30.612+0000] {subprocess.py:97} INFO - Command exited with return code 0
[2024-05-16T11:22:30.613+0000] {taskinstance.py:441} INFO - ::group::Post task execution logs
[2024-05-16T11:22:30.641+0000] {taskinstance.py:1205} INFO - Marking task as SUCCESS. dag_id=dag_tables, task_id=import_table1, execution_date=20240502T000000, start_date=20240516T112230, end_date=20240516T112230
[2024-05-16T11:22:30.679+0000] {local_task_job_runner.py:240} INFO - Task exited with return code 0
[2024-05-16T11:22:30.710+0000] {taskinstance.py:3482} INFO - 1 downstream tasks scheduled from follow-on schedule check
[2024-05-16T11:22:30.715+0000] {local_task_job_runner.py:222} INFO - ::endgroup::
[2024-05-16T11:24:45.870+0000] {local_task_job_runner.py:120} INFO - ::group::Pre task execution logs
[2024-05-16T11:24:45.915+0000] {taskinstance.py:2073} INFO - Dependencies all met for dep_context=non-requeueable deps ti=<TaskInstance: dag_tables.import_table1 scheduled__2024-05-02T00:00:00+00:00 [queued]>
[2024-05-16T11:24:45.922+0000] {taskinstance.py:2073} INFO - Dependencies all met for dep_context=requeueable deps ti=<TaskInstance: dag_tables.import_table1 scheduled__2024-05-02T00:00:00+00:00 [queued]>
[2024-05-16T11:24:45.923+0000] {taskinstance.py:2303} INFO - Starting attempt 1 of 6
[2024-05-16T11:24:45.951+0000] {taskinstance.py:2327} INFO - Executing <Task(BashOperator): import_table1> on 2024-05-02 00:00:00+00:00
[2024-05-16T11:24:45.976+0000] {standard_task_runner.py:90} INFO - Running: ['***', 'tasks', 'run', 'dag_tables', 'import_table1', 'scheduled__2024-05-02T00:00:00+00:00', '--job-id', '480', '--raw', '--subdir', 'DAGS_FOLDER/dag_mysql.py', '--cfg-path', '/tmp/tmp0btkuqdv']
[2024-05-16T11:24:45.983+0000] {logging_mixin.py:188} WARNING - /home/***/.local/lib/python3.12/site-packages/***/task/task_runner/standard_task_runner.py:61 DeprecationWarning: This process (pid=692) is multi-threaded, use of fork() may lead to deadlocks in the child.
[2024-05-16T11:24:45.986+0000] {standard_task_runner.py:63} INFO - Started process 704 to run task
[2024-05-16T11:24:45.984+0000] {standard_task_runner.py:91} INFO - Job 480: Subtask import_table1
[2024-05-16T11:24:46.115+0000] {task_command.py:426} INFO - Running <TaskInstance: dag_tables.import_table1 scheduled__2024-05-02T00:00:00+00:00 [running]> on host 7084a6d88d3b
[2024-05-16T11:24:46.274+0000] {taskinstance.py:2644} INFO - Exporting env vars: AIRFLOW_CTX_DAG_OWNER='bses' AIRFLOW_CTX_DAG_ID='dag_tables' AIRFLOW_CTX_TASK_ID='import_table1' AIRFLOW_CTX_EXECUTION_DATE='2024-05-02T00:00:00+00:00' AIRFLOW_CTX_TRY_NUMBER='1' AIRFLOW_CTX_DAG_RUN_ID='scheduled__2024-05-02T00:00:00+00:00'
[2024-05-16T11:24:46.280+0000] {taskinstance.py:430} INFO - ::endgroup::
[2024-05-16T11:24:46.295+0000] {subprocess.py:63} INFO - Tmp dir root location: /tmp
[2024-05-16T11:24:46.307+0000] {subprocess.py:75} INFO - Running command: ['/usr/bin/bash', '-c', '\n            mysql -h host.docker.internal -u root --password=12345678 test < /opt/***/dags/products.sql\n           ']
[2024-05-16T11:24:46.331+0000] {subprocess.py:86} INFO - Output:
[2024-05-16T11:24:46.456+0000] {subprocess.py:97} INFO - Command exited with return code 0
[2024-05-16T11:24:46.457+0000] {taskinstance.py:441} INFO - ::group::Post task execution logs
[2024-05-16T11:24:46.528+0000] {taskinstance.py:1205} INFO - Marking task as SUCCESS. dag_id=dag_tables, task_id=import_table1, execution_date=20240502T000000, start_date=20240516T112445, end_date=20240516T112446
[2024-05-16T11:24:46.601+0000] {local_task_job_runner.py:240} INFO - Task exited with return code 0
[2024-05-16T11:24:46.627+0000] {taskinstance.py:3482} INFO - 0 downstream tasks scheduled from follow-on schedule check
[2024-05-16T11:24:46.650+0000] {local_task_job_runner.py:222} INFO - ::endgroup::
[2024-05-16T11:27:47.671+0000] {local_task_job_runner.py:120} INFO - ::group::Pre task execution logs
[2024-05-16T11:27:47.701+0000] {taskinstance.py:2073} INFO - Dependencies all met for dep_context=non-requeueable deps ti=<TaskInstance: dag_tables.import_table1 scheduled__2024-05-02T00:00:00+00:00 [queued]>
[2024-05-16T11:27:47.708+0000] {taskinstance.py:2073} INFO - Dependencies all met for dep_context=requeueable deps ti=<TaskInstance: dag_tables.import_table1 scheduled__2024-05-02T00:00:00+00:00 [queued]>
[2024-05-16T11:27:47.709+0000] {taskinstance.py:2303} INFO - Starting attempt 1 of 6
[2024-05-16T11:27:47.722+0000] {taskinstance.py:2327} INFO - Executing <Task(BashOperator): import_table1> on 2024-05-02 00:00:00+00:00
[2024-05-16T11:27:47.730+0000] {logging_mixin.py:188} WARNING - /home/***/.local/lib/python3.12/site-packages/***/task/task_runner/standard_task_runner.py:61 DeprecationWarning: This process (pid=884) is multi-threaded, use of fork() may lead to deadlocks in the child.
[2024-05-16T11:27:47.732+0000] {standard_task_runner.py:63} INFO - Started process 890 to run task
[2024-05-16T11:27:47.729+0000] {standard_task_runner.py:90} INFO - Running: ['***', 'tasks', 'run', 'dag_tables', 'import_table1', 'scheduled__2024-05-02T00:00:00+00:00', '--job-id', '510', '--raw', '--subdir', 'DAGS_FOLDER/dag_mysql.py', '--cfg-path', '/tmp/tmp8bn3sl4a']
[2024-05-16T11:27:47.736+0000] {standard_task_runner.py:91} INFO - Job 510: Subtask import_table1
[2024-05-16T11:27:47.786+0000] {task_command.py:426} INFO - Running <TaskInstance: dag_tables.import_table1 scheduled__2024-05-02T00:00:00+00:00 [running]> on host 7084a6d88d3b
[2024-05-16T11:27:47.893+0000] {taskinstance.py:2644} INFO - Exporting env vars: AIRFLOW_CTX_DAG_OWNER='bses' AIRFLOW_CTX_DAG_ID='dag_tables' AIRFLOW_CTX_TASK_ID='import_table1' AIRFLOW_CTX_EXECUTION_DATE='2024-05-02T00:00:00+00:00' AIRFLOW_CTX_TRY_NUMBER='1' AIRFLOW_CTX_DAG_RUN_ID='scheduled__2024-05-02T00:00:00+00:00'
[2024-05-16T11:27:47.896+0000] {taskinstance.py:430} INFO - ::endgroup::
[2024-05-16T11:27:47.908+0000] {subprocess.py:63} INFO - Tmp dir root location: /tmp
[2024-05-16T11:27:47.910+0000] {subprocess.py:75} INFO - Running command: ['/usr/bin/bash', '-c', '\n            mysql -h host.docker.internal -u root --password=12345678 test < /opt/***/dags/products.sql\n           ']
[2024-05-16T11:27:47.929+0000] {subprocess.py:86} INFO - Output:
[2024-05-16T11:27:48.087+0000] {subprocess.py:97} INFO - Command exited with return code 0
[2024-05-16T11:27:48.089+0000] {taskinstance.py:441} INFO - ::group::Post task execution logs
[2024-05-16T11:27:48.111+0000] {taskinstance.py:1205} INFO - Marking task as SUCCESS. dag_id=dag_tables, task_id=import_table1, execution_date=20240502T000000, start_date=20240516T112747, end_date=20240516T112748
[2024-05-16T11:27:48.168+0000] {local_task_job_runner.py:240} INFO - Task exited with return code 0
[2024-05-16T11:27:48.183+0000] {taskinstance.py:3482} INFO - 0 downstream tasks scheduled from follow-on schedule check
[2024-05-16T11:27:48.191+0000] {local_task_job_runner.py:222} INFO - ::endgroup::
