[2024-05-15T10:15:44.353+0000] {local_task_job_runner.py:120} INFO - ::group::Pre task execution logs
[2024-05-15T10:15:44.380+0000] {taskinstance.py:2073} INFO - Dependencies all met for dep_context=non-requeueable deps ti=<TaskInstance: dag_hdfs.save scheduled__2024-05-14T00:00:00+00:00 [queued]>
[2024-05-15T10:15:44.388+0000] {taskinstance.py:2073} INFO - Dependencies all met for dep_context=requeueable deps ti=<TaskInstance: dag_hdfs.save scheduled__2024-05-14T00:00:00+00:00 [queued]>
[2024-05-15T10:15:44.389+0000] {taskinstance.py:2303} INFO - Starting attempt 1 of 6
[2024-05-15T10:15:44.398+0000] {taskinstance.py:2327} INFO - Executing <Task(PythonOperator): save> on 2024-05-14 00:00:00+00:00
[2024-05-15T10:15:44.407+0000] {logging_mixin.py:188} WARNING - /home/***/.local/lib/python3.12/site-packages/***/task/task_runner/standard_task_runner.py:61 DeprecationWarning: This process (pid=268) is multi-threaded, use of fork() may lead to deadlocks in the child.
[2024-05-15T10:15:44.406+0000] {standard_task_runner.py:90} INFO - Running: ['***', 'tasks', 'run', 'dag_hdfs', 'save', 'scheduled__2024-05-14T00:00:00+00:00', '--job-id', '159', '--raw', '--subdir', 'DAGS_FOLDER/hdfs_dag.py', '--cfg-path', '/tmp/tmpfvwtmb37']
[2024-05-15T10:15:44.408+0000] {standard_task_runner.py:63} INFO - Started process 295 to run task
[2024-05-15T10:15:44.409+0000] {standard_task_runner.py:91} INFO - Job 159: Subtask save
[2024-05-15T10:15:44.450+0000] {task_command.py:426} INFO - Running <TaskInstance: dag_hdfs.save scheduled__2024-05-14T00:00:00+00:00 [running]> on host f85b7a0b58b5
[2024-05-15T10:15:44.504+0000] {taskinstance.py:2644} INFO - Exporting env vars: AIRFLOW_CTX_DAG_OWNER='bses' AIRFLOW_CTX_DAG_ID='dag_hdfs' AIRFLOW_CTX_TASK_ID='save' AIRFLOW_CTX_EXECUTION_DATE='2024-05-14T00:00:00+00:00' AIRFLOW_CTX_TRY_NUMBER='1' AIRFLOW_CTX_DAG_RUN_ID='scheduled__2024-05-14T00:00:00+00:00'
[2024-05-15T10:15:44.505+0000] {taskinstance.py:430} INFO - ::endgroup::
[2024-05-15T10:15:44.516+0000] {logging_mixin.py:188} INFO - Error  /bin/sh: 1: hdfs: Permission denied
[2024-05-15T10:15:44.516+0000] {python.py:237} INFO - Done. Returned value was: None
[2024-05-15T10:15:44.519+0000] {taskinstance.py:441} INFO - ::group::Post task execution logs
[2024-05-15T10:15:44.529+0000] {taskinstance.py:1205} INFO - Marking task as SUCCESS. dag_id=dag_hdfs, task_id=save, execution_date=20240514T000000, start_date=20240515T101544, end_date=20240515T101544
[2024-05-15T10:15:44.556+0000] {local_task_job_runner.py:240} INFO - Task exited with return code 0
[2024-05-15T10:15:44.573+0000] {taskinstance.py:3482} INFO - 1 downstream tasks scheduled from follow-on schedule check
[2024-05-15T10:15:44.574+0000] {local_task_job_runner.py:222} INFO - ::endgroup::
[2024-05-15T10:20:36.529+0000] {local_task_job_runner.py:120} INFO - ::group::Pre task execution logs
[2024-05-15T10:20:36.543+0000] {taskinstance.py:2073} INFO - Dependencies all met for dep_context=non-requeueable deps ti=<TaskInstance: dag_hdfs.save scheduled__2024-05-14T00:00:00+00:00 [queued]>
[2024-05-15T10:20:36.546+0000] {taskinstance.py:2073} INFO - Dependencies all met for dep_context=requeueable deps ti=<TaskInstance: dag_hdfs.save scheduled__2024-05-14T00:00:00+00:00 [queued]>
[2024-05-15T10:20:36.547+0000] {taskinstance.py:2303} INFO - Starting attempt 1 of 6
[2024-05-15T10:20:36.553+0000] {taskinstance.py:2327} INFO - Executing <Task(BashOperator): save> on 2024-05-14 00:00:00+00:00
[2024-05-15T10:20:36.557+0000] {logging_mixin.py:188} WARNING - /home/***/.local/lib/python3.12/site-packages/***/task/task_runner/standard_task_runner.py:61 DeprecationWarning: This process (pid=530) is multi-threaded, use of fork() may lead to deadlocks in the child.
[2024-05-15T10:20:36.558+0000] {standard_task_runner.py:63} INFO - Started process 549 to run task
[2024-05-15T10:20:36.558+0000] {standard_task_runner.py:90} INFO - Running: ['***', 'tasks', 'run', 'dag_hdfs', 'save', 'scheduled__2024-05-14T00:00:00+00:00', '--job-id', '183', '--raw', '--subdir', 'DAGS_FOLDER/hdfs_dag.py', '--cfg-path', '/tmp/tmpv086_4hk']
[2024-05-15T10:20:36.560+0000] {standard_task_runner.py:91} INFO - Job 183: Subtask save
[2024-05-15T10:20:36.584+0000] {task_command.py:426} INFO - Running <TaskInstance: dag_hdfs.save scheduled__2024-05-14T00:00:00+00:00 [running]> on host f85b7a0b58b5
[2024-05-15T10:20:36.619+0000] {taskinstance.py:2644} INFO - Exporting env vars: AIRFLOW_CTX_DAG_OWNER='bses' AIRFLOW_CTX_DAG_ID='dag_hdfs' AIRFLOW_CTX_TASK_ID='save' AIRFLOW_CTX_EXECUTION_DATE='2024-05-14T00:00:00+00:00' AIRFLOW_CTX_TRY_NUMBER='1' AIRFLOW_CTX_DAG_RUN_ID='scheduled__2024-05-14T00:00:00+00:00'
[2024-05-15T10:20:36.620+0000] {taskinstance.py:430} INFO - ::endgroup::
[2024-05-15T10:20:36.626+0000] {subprocess.py:63} INFO - Tmp dir root location: /tmp
[2024-05-15T10:20:36.626+0000] {subprocess.py:75} INFO - Running command: ['/usr/bin/bash', '-c', 'hdfs dfs -mkdir /tmp']
[2024-05-15T10:20:36.630+0000] {subprocess.py:86} INFO - Output:
[2024-05-15T10:20:36.631+0000] {subprocess.py:93} INFO - /usr/bin/bash: line 1: hdfs: command not found
[2024-05-15T10:20:36.632+0000] {subprocess.py:97} INFO - Command exited with return code 127
[2024-05-15T10:20:36.632+0000] {taskinstance.py:441} INFO - ::group::Post task execution logs
[2024-05-15T10:20:36.637+0000] {taskinstance.py:2890} ERROR - Task failed with exception
Traceback (most recent call last):
  File "/home/airflow/.local/lib/python3.12/site-packages/airflow/models/taskinstance.py", line 465, in _execute_task
    result = _execute_callable(context=context, **execute_callable_kwargs)
             ^^^^^^^^^^^^^^^^^^^^^^^^^^^^^^^^^^^^^^^^^^^^^^^^^^^^^^^^^^^^^
  File "/home/airflow/.local/lib/python3.12/site-packages/airflow/models/taskinstance.py", line 432, in _execute_callable
    return execute_callable(context=context, **execute_callable_kwargs)
           ^^^^^^^^^^^^^^^^^^^^^^^^^^^^^^^^^^^^^^^^^^^^^^^^^^^^^^^^^^^^
  File "/home/airflow/.local/lib/python3.12/site-packages/airflow/models/baseoperator.py", line 400, in wrapper
    return func(self, *args, **kwargs)
           ^^^^^^^^^^^^^^^^^^^^^^^^^^^
  File "/home/airflow/.local/lib/python3.12/site-packages/airflow/operators/bash.py", line 243, in execute
    raise AirflowException(
airflow.exceptions.AirflowException: Bash command failed. The command returned a non-zero exit code 127.
[2024-05-15T10:20:36.639+0000] {taskinstance.py:1205} INFO - Marking task as UP_FOR_RETRY. dag_id=dag_hdfs, task_id=save, execution_date=20240514T000000, start_date=20240515T102036, end_date=20240515T102036
[2024-05-15T10:20:36.645+0000] {standard_task_runner.py:110} ERROR - Failed to execute job 183 for task save (Bash command failed. The command returned a non-zero exit code 127.; 549)
[2024-05-15T10:20:36.656+0000] {local_task_job_runner.py:240} INFO - Task exited with return code 1
[2024-05-15T10:20:36.664+0000] {taskinstance.py:3482} INFO - 0 downstream tasks scheduled from follow-on schedule check
[2024-05-15T10:20:36.665+0000] {local_task_job_runner.py:222} INFO - ::endgroup::
[2024-05-15T10:31:15.777+0000] {local_task_job_runner.py:120} INFO - ::group::Pre task execution logs
[2024-05-15T10:31:15.796+0000] {taskinstance.py:2073} INFO - Dependencies all met for dep_context=non-requeueable deps ti=<TaskInstance: dag_hdfs.save scheduled__2024-05-14T00:00:00+00:00 [queued]>
[2024-05-15T10:31:15.811+0000] {taskinstance.py:2073} INFO - Dependencies all met for dep_context=requeueable deps ti=<TaskInstance: dag_hdfs.save scheduled__2024-05-14T00:00:00+00:00 [queued]>
[2024-05-15T10:31:15.812+0000] {taskinstance.py:2303} INFO - Starting attempt 1 of 6
[2024-05-15T10:31:15.939+0000] {taskinstance.py:2327} INFO - Executing <Task(BashOperator): save> on 2024-05-14 00:00:00+00:00
[2024-05-15T10:31:15.943+0000] {standard_task_runner.py:90} INFO - Running: ['***', 'tasks', 'run', 'dag_hdfs', 'save', 'scheduled__2024-05-14T00:00:00+00:00', '--job-id', '213', '--raw', '--subdir', 'DAGS_FOLDER/hdfs_dag.py', '--cfg-path', '/tmp/tmp7fsn6vqz']
[2024-05-15T10:31:15.944+0000] {logging_mixin.py:188} WARNING - /home/***/.local/lib/python3.12/site-packages/***/task/task_runner/standard_task_runner.py:61 DeprecationWarning: This process (pid=227) is multi-threaded, use of fork() may lead to deadlocks in the child.
[2024-05-15T10:31:15.945+0000] {standard_task_runner.py:91} INFO - Job 213: Subtask save
[2024-05-15T10:31:15.945+0000] {standard_task_runner.py:63} INFO - Started process 249 to run task
[2024-05-15T10:31:15.969+0000] {task_command.py:426} INFO - Running <TaskInstance: dag_hdfs.save scheduled__2024-05-14T00:00:00+00:00 [running]> on host 8fa157e7798a
[2024-05-15T10:31:16.008+0000] {taskinstance.py:2644} INFO - Exporting env vars: AIRFLOW_CTX_DAG_OWNER='bses' AIRFLOW_CTX_DAG_ID='dag_hdfs' AIRFLOW_CTX_TASK_ID='save' AIRFLOW_CTX_EXECUTION_DATE='2024-05-14T00:00:00+00:00' AIRFLOW_CTX_TRY_NUMBER='1' AIRFLOW_CTX_DAG_RUN_ID='scheduled__2024-05-14T00:00:00+00:00'
[2024-05-15T10:31:16.009+0000] {taskinstance.py:430} INFO - ::endgroup::
[2024-05-15T10:31:16.016+0000] {subprocess.py:63} INFO - Tmp dir root location: /tmp
[2024-05-15T10:31:16.017+0000] {subprocess.py:75} INFO - Running command: ['/usr/bin/bash', '-c', 'hdfs dfs -mkdir /tmp']
[2024-05-15T10:31:16.022+0000] {subprocess.py:86} INFO - Output:
[2024-05-15T10:31:16.022+0000] {subprocess.py:93} INFO - /usr/bin/bash: line 1: hdfs: command not found
[2024-05-15T10:31:16.023+0000] {subprocess.py:97} INFO - Command exited with return code 127
[2024-05-15T10:31:16.023+0000] {taskinstance.py:441} INFO - ::group::Post task execution logs
[2024-05-15T10:31:16.028+0000] {taskinstance.py:2890} ERROR - Task failed with exception
Traceback (most recent call last):
  File "/home/airflow/.local/lib/python3.12/site-packages/airflow/models/taskinstance.py", line 465, in _execute_task
    result = _execute_callable(context=context, **execute_callable_kwargs)
             ^^^^^^^^^^^^^^^^^^^^^^^^^^^^^^^^^^^^^^^^^^^^^^^^^^^^^^^^^^^^^
  File "/home/airflow/.local/lib/python3.12/site-packages/airflow/models/taskinstance.py", line 432, in _execute_callable
    return execute_callable(context=context, **execute_callable_kwargs)
           ^^^^^^^^^^^^^^^^^^^^^^^^^^^^^^^^^^^^^^^^^^^^^^^^^^^^^^^^^^^^
  File "/home/airflow/.local/lib/python3.12/site-packages/airflow/models/baseoperator.py", line 400, in wrapper
    return func(self, *args, **kwargs)
           ^^^^^^^^^^^^^^^^^^^^^^^^^^^
  File "/home/airflow/.local/lib/python3.12/site-packages/airflow/operators/bash.py", line 243, in execute
    raise AirflowException(
airflow.exceptions.AirflowException: Bash command failed. The command returned a non-zero exit code 127.
[2024-05-15T10:31:16.031+0000] {taskinstance.py:1205} INFO - Marking task as UP_FOR_RETRY. dag_id=dag_hdfs, task_id=save, execution_date=20240514T000000, start_date=20240515T103115, end_date=20240515T103116
[2024-05-15T10:31:16.038+0000] {standard_task_runner.py:110} ERROR - Failed to execute job 213 for task save (Bash command failed. The command returned a non-zero exit code 127.; 249)
[2024-05-15T10:31:16.084+0000] {local_task_job_runner.py:240} INFO - Task exited with return code 1
[2024-05-15T10:31:16.092+0000] {taskinstance.py:3482} INFO - 0 downstream tasks scheduled from follow-on schedule check
[2024-05-15T10:31:16.093+0000] {local_task_job_runner.py:222} INFO - ::endgroup::
