[2024-05-16T11:14:22.046+0000] {local_task_job_runner.py:120} INFO - ::group::Pre task execution logs
[2024-05-16T11:14:22.085+0000] {taskinstance.py:2073} INFO - Dependencies all met for dep_context=non-requeueable deps ti=<TaskInstance: dag_tables.import_tables manual__2024-05-16T11:14:21.358969+00:00 [queued]>
[2024-05-16T11:14:22.091+0000] {taskinstance.py:2073} INFO - Dependencies all met for dep_context=requeueable deps ti=<TaskInstance: dag_tables.import_tables manual__2024-05-16T11:14:21.358969+00:00 [queued]>
[2024-05-16T11:14:22.092+0000] {taskinstance.py:2303} INFO - Starting attempt 1 of 6
[2024-05-16T11:14:22.103+0000] {taskinstance.py:2327} INFO - Executing <Task(BashOperator): import_tables> on 2024-05-16 11:14:21.358969+00:00
[2024-05-16T11:14:22.111+0000] {standard_task_runner.py:90} INFO - Running: ['***', 'tasks', 'run', 'dag_tables', 'import_tables', 'manual__2024-05-16T11:14:21.358969+00:00', '--job-id', '346', '--raw', '--subdir', 'DAGS_FOLDER/dag_mysql.py', '--cfg-path', '/tmp/tmp57tc5xv_']
[2024-05-16T11:14:22.115+0000] {standard_task_runner.py:91} INFO - Job 346: Subtask import_tables
[2024-05-16T11:14:22.117+0000] {logging_mixin.py:188} WARNING - /home/***/.local/lib/python3.12/site-packages/***/task/task_runner/standard_task_runner.py:61 DeprecationWarning: This process (pid=6412) is multi-threaded, use of fork() may lead to deadlocks in the child.
[2024-05-16T11:14:22.118+0000] {standard_task_runner.py:63} INFO - Started process 6418 to run task
[2024-05-16T11:14:22.194+0000] {task_command.py:426} INFO - Running <TaskInstance: dag_tables.import_tables manual__2024-05-16T11:14:21.358969+00:00 [running]> on host 8b94fd4f2665
[2024-05-16T11:14:22.339+0000] {taskinstance.py:2644} INFO - Exporting env vars: AIRFLOW_CTX_DAG_OWNER='bses' AIRFLOW_CTX_DAG_ID='dag_tables' AIRFLOW_CTX_TASK_ID='import_tables' AIRFLOW_CTX_EXECUTION_DATE='2024-05-16T11:14:21.358969+00:00' AIRFLOW_CTX_TRY_NUMBER='1' AIRFLOW_CTX_DAG_RUN_ID='manual__2024-05-16T11:14:21.358969+00:00'
[2024-05-16T11:14:22.340+0000] {taskinstance.py:430} INFO - ::endgroup::
[2024-05-16T11:14:22.355+0000] {subprocess.py:63} INFO - Tmp dir root location: /tmp
[2024-05-16T11:14:22.357+0000] {subprocess.py:75} INFO - Running command: ['/usr/bin/bash', '-c', '\n            mysql -h host.docker.internal -u root --password=12345678 test < /opt/***/dags/products.sql;\n            mysql -h host.docker.internal -u root --password=12345678 test < /opt/***/dags/product_category.sql;\n            mysql -h host.docker.internal -u root --password=12345678 test < /opt/***/dags/product_category_map.sql;\n            mysql -h host.docker.internal -u root --password=12345678 test < /opt/***/dags/report_table.sql;\n            mysql -h host.docker.internal -u root --password=12345678 test < /opt/***/dags/rw_transaction_data.sql;\n            ']
[2024-05-16T11:14:22.371+0000] {subprocess.py:86} INFO - Output:
[2024-05-16T11:14:22.954+0000] {subprocess.py:93} INFO - ERROR 1050 (42S01) at line 8: Table 'customer_profile' already exists
[2024-05-16T11:14:23.416+0000] {subprocess.py:93} INFO - ERROR 1146 (42S02) at line 56: Table 'test.rw_transaction_data' doesn't exist
[2024-05-16T11:14:23.419+0000] {subprocess.py:97} INFO - Command exited with return code 1
[2024-05-16T11:14:23.422+0000] {taskinstance.py:441} INFO - ::group::Post task execution logs
[2024-05-16T11:14:23.431+0000] {taskinstance.py:2890} ERROR - Task failed with exception
Traceback (most recent call last):
  File "/home/airflow/.local/lib/python3.12/site-packages/airflow/models/taskinstance.py", line 465, in _execute_task
    result = _execute_callable(context=context, **execute_callable_kwargs)
             ^^^^^^^^^^^^^^^^^^^^^^^^^^^^^^^^^^^^^^^^^^^^^^^^^^^^^^^^^^^^^
  File "/home/airflow/.local/lib/python3.12/site-packages/airflow/models/taskinstance.py", line 432, in _execute_callable
    return execute_callable(context=context, **execute_callable_kwargs)
           ^^^^^^^^^^^^^^^^^^^^^^^^^^^^^^^^^^^^^^^^^^^^^^^^^^^^^^^^^^^^
  File "/home/airflow/.local/lib/python3.12/site-packages/airflow/models/baseoperator.py", line 400, in wrapper
    return func(self, *args, **kwargs)
           ^^^^^^^^^^^^^^^^^^^^^^^^^^^
  File "/home/airflow/.local/lib/python3.12/site-packages/airflow/operators/bash.py", line 243, in execute
    raise AirflowException(
airflow.exceptions.AirflowException: Bash command failed. The command returned a non-zero exit code 1.
[2024-05-16T11:14:23.439+0000] {taskinstance.py:1205} INFO - Marking task as UP_FOR_RETRY. dag_id=dag_tables, task_id=import_tables, execution_date=20240516T111421, start_date=20240516T111422, end_date=20240516T111423
[2024-05-16T11:14:23.502+0000] {standard_task_runner.py:110} ERROR - Failed to execute job 346 for task import_tables (Bash command failed. The command returned a non-zero exit code 1.; 6418)
[2024-05-16T11:14:23.531+0000] {local_task_job_runner.py:240} INFO - Task exited with return code 1
[2024-05-16T11:14:23.576+0000] {taskinstance.py:3482} INFO - 0 downstream tasks scheduled from follow-on schedule check
[2024-05-16T11:14:23.597+0000] {local_task_job_runner.py:222} INFO - ::endgroup::
