[2024-05-16T11:14:23.626+0000] {local_task_job_runner.py:120} INFO - ::group::Pre task execution logs
[2024-05-16T11:14:23.658+0000] {taskinstance.py:2073} INFO - Dependencies all met for dep_context=non-requeueable deps ti=<TaskInstance: dag_tables.import_tables scheduled__2024-05-15T00:00:00+00:00 [queued]>
[2024-05-16T11:14:23.668+0000] {taskinstance.py:2073} INFO - Dependencies all met for dep_context=requeueable deps ti=<TaskInstance: dag_tables.import_tables scheduled__2024-05-15T00:00:00+00:00 [queued]>
[2024-05-16T11:14:23.669+0000] {taskinstance.py:2303} INFO - Starting attempt 1 of 6
[2024-05-16T11:14:23.682+0000] {taskinstance.py:2327} INFO - Executing <Task(BashOperator): import_tables> on 2024-05-15 00:00:00+00:00
[2024-05-16T11:14:23.689+0000] {logging_mixin.py:188} WARNING - /home/***/.local/lib/python3.12/site-packages/***/task/task_runner/standard_task_runner.py:61 DeprecationWarning: This process (pid=6486) is multi-threaded, use of fork() may lead to deadlocks in the child.
[2024-05-16T11:14:23.691+0000] {standard_task_runner.py:63} INFO - Started process 6505 to run task
[2024-05-16T11:14:23.688+0000] {standard_task_runner.py:90} INFO - Running: ['***', 'tasks', 'run', 'dag_tables', 'import_tables', 'scheduled__2024-05-15T00:00:00+00:00', '--job-id', '361', '--raw', '--subdir', 'DAGS_FOLDER/dag_mysql.py', '--cfg-path', '/tmp/tmp82v6vxvr']
[2024-05-16T11:14:23.696+0000] {standard_task_runner.py:91} INFO - Job 361: Subtask import_tables
[2024-05-16T11:14:23.738+0000] {task_command.py:426} INFO - Running <TaskInstance: dag_tables.import_tables scheduled__2024-05-15T00:00:00+00:00 [running]> on host 8b94fd4f2665
[2024-05-16T11:14:23.805+0000] {taskinstance.py:2644} INFO - Exporting env vars: AIRFLOW_CTX_DAG_OWNER='bses' AIRFLOW_CTX_DAG_ID='dag_tables' AIRFLOW_CTX_TASK_ID='import_tables' AIRFLOW_CTX_EXECUTION_DATE='2024-05-15T00:00:00+00:00' AIRFLOW_CTX_TRY_NUMBER='1' AIRFLOW_CTX_DAG_RUN_ID='scheduled__2024-05-15T00:00:00+00:00'
[2024-05-16T11:14:23.806+0000] {taskinstance.py:430} INFO - ::endgroup::
[2024-05-16T11:14:23.815+0000] {subprocess.py:63} INFO - Tmp dir root location: /tmp
[2024-05-16T11:14:23.820+0000] {subprocess.py:75} INFO - Running command: ['/usr/bin/bash', '-c', '\n            mysql -h host.docker.internal -u root --password=12345678 test < /opt/***/dags/products.sql;\n            mysql -h host.docker.internal -u root --password=12345678 test < /opt/***/dags/product_category.sql;\n            mysql -h host.docker.internal -u root --password=12345678 test < /opt/***/dags/product_category_map.sql;\n            mysql -h host.docker.internal -u root --password=12345678 test < /opt/***/dags/report_table.sql;\n            mysql -h host.docker.internal -u root --password=12345678 test < /opt/***/dags/rw_transaction_data.sql;\n            ']
[2024-05-16T11:14:23.829+0000] {subprocess.py:86} INFO - Output:
[2024-05-16T11:14:24.126+0000] {subprocess.py:93} INFO - ERROR 1050 (42S01) at line 8: Table 'customer_profile' already exists
[2024-05-16T11:14:24.337+0000] {subprocess.py:93} INFO - ERROR 1050 (42S01) at line 25: Table 'rw_transaction_data' already exists
[2024-05-16T11:14:24.339+0000] {subprocess.py:97} INFO - Command exited with return code 1
[2024-05-16T11:14:24.340+0000] {taskinstance.py:441} INFO - ::group::Post task execution logs
[2024-05-16T11:14:24.346+0000] {taskinstance.py:2890} ERROR - Task failed with exception
Traceback (most recent call last):
  File "/home/airflow/.local/lib/python3.12/site-packages/airflow/models/taskinstance.py", line 465, in _execute_task
    result = _execute_callable(context=context, **execute_callable_kwargs)
             ^^^^^^^^^^^^^^^^^^^^^^^^^^^^^^^^^^^^^^^^^^^^^^^^^^^^^^^^^^^^^
  File "/home/airflow/.local/lib/python3.12/site-packages/airflow/models/taskinstance.py", line 432, in _execute_callable
    return execute_callable(context=context, **execute_callable_kwargs)
           ^^^^^^^^^^^^^^^^^^^^^^^^^^^^^^^^^^^^^^^^^^^^^^^^^^^^^^^^^^^^
  File "/home/airflow/.local/lib/python3.12/site-packages/airflow/models/baseoperator.py", line 400, in wrapper
    return func(self, *args, **kwargs)
           ^^^^^^^^^^^^^^^^^^^^^^^^^^^
  File "/home/airflow/.local/lib/python3.12/site-packages/airflow/operators/bash.py", line 243, in execute
    raise AirflowException(
airflow.exceptions.AirflowException: Bash command failed. The command returned a non-zero exit code 1.
[2024-05-16T11:14:24.353+0000] {taskinstance.py:1205} INFO - Marking task as UP_FOR_RETRY. dag_id=dag_tables, task_id=import_tables, execution_date=20240515T000000, start_date=20240516T111423, end_date=20240516T111424
[2024-05-16T11:14:24.360+0000] {standard_task_runner.py:110} ERROR - Failed to execute job 361 for task import_tables (Bash command failed. The command returned a non-zero exit code 1.; 6505)
[2024-05-16T11:14:24.372+0000] {local_task_job_runner.py:240} INFO - Task exited with return code 1
[2024-05-16T11:14:24.381+0000] {taskinstance.py:3482} INFO - 0 downstream tasks scheduled from follow-on schedule check
[2024-05-16T11:14:24.382+0000] {local_task_job_runner.py:222} INFO - ::endgroup::
[2024-05-16T11:15:44.930+0000] {local_task_job_runner.py:120} INFO - ::group::Pre task execution logs
[2024-05-16T11:15:44.952+0000] {taskinstance.py:2073} INFO - Dependencies all met for dep_context=non-requeueable deps ti=<TaskInstance: dag_tables.import_tables scheduled__2024-05-15T00:00:00+00:00 [queued]>
[2024-05-16T11:15:44.968+0000] {taskinstance.py:2073} INFO - Dependencies all met for dep_context=requeueable deps ti=<TaskInstance: dag_tables.import_tables scheduled__2024-05-15T00:00:00+00:00 [queued]>
[2024-05-16T11:15:44.970+0000] {taskinstance.py:2303} INFO - Starting attempt 1 of 6
[2024-05-16T11:15:44.984+0000] {taskinstance.py:2327} INFO - Executing <Task(BashOperator): import_tables> on 2024-05-15 00:00:00+00:00
[2024-05-16T11:15:44.988+0000] {standard_task_runner.py:90} INFO - Running: ['***', 'tasks', 'run', 'dag_tables', 'import_tables', 'scheduled__2024-05-15T00:00:00+00:00', '--job-id', '377', '--raw', '--subdir', 'DAGS_FOLDER/dag_mysql.py', '--cfg-path', '/tmp/tmpxiudve14']
[2024-05-16T11:15:44.992+0000] {standard_task_runner.py:91} INFO - Job 377: Subtask import_tables
[2024-05-16T11:15:44.991+0000] {logging_mixin.py:188} WARNING - /home/***/.local/lib/python3.12/site-packages/***/task/task_runner/standard_task_runner.py:61 DeprecationWarning: This process (pid=6640) is multi-threaded, use of fork() may lead to deadlocks in the child.
[2024-05-16T11:15:44.995+0000] {standard_task_runner.py:63} INFO - Started process 6656 to run task
[2024-05-16T11:15:45.062+0000] {task_command.py:426} INFO - Running <TaskInstance: dag_tables.import_tables scheduled__2024-05-15T00:00:00+00:00 [running]> on host 8b94fd4f2665
[2024-05-16T11:15:45.136+0000] {taskinstance.py:2644} INFO - Exporting env vars: AIRFLOW_CTX_DAG_OWNER='bses' AIRFLOW_CTX_DAG_ID='dag_tables' AIRFLOW_CTX_TASK_ID='import_tables' AIRFLOW_CTX_EXECUTION_DATE='2024-05-15T00:00:00+00:00' AIRFLOW_CTX_TRY_NUMBER='1' AIRFLOW_CTX_DAG_RUN_ID='scheduled__2024-05-15T00:00:00+00:00'
[2024-05-16T11:15:45.139+0000] {taskinstance.py:430} INFO - ::endgroup::
[2024-05-16T11:15:45.146+0000] {subprocess.py:63} INFO - Tmp dir root location: /tmp
[2024-05-16T11:15:45.147+0000] {subprocess.py:75} INFO - Running command: ['/usr/bin/bash', '-c', '\n            mysql -h host.docker.internal -u root --password=12345678 test < /opt/***/dags/products.sql;\n            mysql -h host.docker.internal -u root --password=12345678 test < /opt/***/dags/product_category.sql;\n            mysql -h host.docker.internal -u root --password=12345678 test < /opt/***/dags/product_category_map.sql;\n            mysql -h host.docker.internal -u root --password=12345678 test < /opt/***/dags/report_table.sql;\n            mysql -h host.docker.internal -u root --password=12345678 test < /opt/***/dags/rw_transaction_data.sql;\n            ']
[2024-05-16T11:15:45.155+0000] {subprocess.py:86} INFO - Output:
[2024-05-16T11:15:45.400+0000] {subprocess.py:93} INFO - ERROR 1050 (42S01) at line 8: Table 'customer_profile' already exists
[2024-05-16T11:15:45.545+0000] {subprocess.py:93} INFO - ERROR 1050 (42S01) at line 25: Table 'rw_transaction_data' already exists
[2024-05-16T11:15:45.546+0000] {subprocess.py:97} INFO - Command exited with return code 1
[2024-05-16T11:15:45.547+0000] {taskinstance.py:441} INFO - ::group::Post task execution logs
[2024-05-16T11:15:45.553+0000] {taskinstance.py:2890} ERROR - Task failed with exception
Traceback (most recent call last):
  File "/home/airflow/.local/lib/python3.12/site-packages/airflow/models/taskinstance.py", line 465, in _execute_task
    result = _execute_callable(context=context, **execute_callable_kwargs)
             ^^^^^^^^^^^^^^^^^^^^^^^^^^^^^^^^^^^^^^^^^^^^^^^^^^^^^^^^^^^^^
  File "/home/airflow/.local/lib/python3.12/site-packages/airflow/models/taskinstance.py", line 432, in _execute_callable
    return execute_callable(context=context, **execute_callable_kwargs)
           ^^^^^^^^^^^^^^^^^^^^^^^^^^^^^^^^^^^^^^^^^^^^^^^^^^^^^^^^^^^^
  File "/home/airflow/.local/lib/python3.12/site-packages/airflow/models/baseoperator.py", line 400, in wrapper
    return func(self, *args, **kwargs)
           ^^^^^^^^^^^^^^^^^^^^^^^^^^^
  File "/home/airflow/.local/lib/python3.12/site-packages/airflow/operators/bash.py", line 243, in execute
    raise AirflowException(
airflow.exceptions.AirflowException: Bash command failed. The command returned a non-zero exit code 1.
[2024-05-16T11:15:45.556+0000] {taskinstance.py:1205} INFO - Marking task as UP_FOR_RETRY. dag_id=dag_tables, task_id=import_tables, execution_date=20240515T000000, start_date=20240516T111544, end_date=20240516T111545
[2024-05-16T11:15:45.563+0000] {standard_task_runner.py:110} ERROR - Failed to execute job 377 for task import_tables (Bash command failed. The command returned a non-zero exit code 1.; 6656)
[2024-05-16T11:15:45.596+0000] {local_task_job_runner.py:240} INFO - Task exited with return code 1
[2024-05-16T11:15:45.606+0000] {taskinstance.py:3482} INFO - 0 downstream tasks scheduled from follow-on schedule check
[2024-05-16T11:15:45.607+0000] {local_task_job_runner.py:222} INFO - ::endgroup::
