[2024-05-15T10:15:43.366+0000] {local_task_job_runner.py:120} INFO - ::group::Pre task execution logs
[2024-05-15T10:15:43.405+0000] {taskinstance.py:2073} INFO - Dependencies all met for dep_context=non-requeueable deps ti=<TaskInstance: dag_hdfs.save scheduled__2024-05-10T00:00:00+00:00 [queued]>
[2024-05-15T10:15:43.422+0000] {taskinstance.py:2073} INFO - Dependencies all met for dep_context=requeueable deps ti=<TaskInstance: dag_hdfs.save scheduled__2024-05-10T00:00:00+00:00 [queued]>
[2024-05-15T10:15:43.428+0000] {taskinstance.py:2303} INFO - Starting attempt 1 of 6
[2024-05-15T10:15:43.485+0000] {taskinstance.py:2327} INFO - Executing <Task(PythonOperator): save> on 2024-05-10 00:00:00+00:00
[2024-05-15T10:15:43.526+0000] {standard_task_runner.py:90} INFO - Running: ['***', 'tasks', 'run', 'dag_hdfs', 'save', 'scheduled__2024-05-10T00:00:00+00:00', '--job-id', '150', '--raw', '--subdir', 'DAGS_FOLDER/hdfs_dag.py', '--cfg-path', '/tmp/tmpelesx1t7']
[2024-05-15T10:15:43.542+0000] {logging_mixin.py:188} WARNING - /home/***/.local/lib/python3.12/site-packages/***/task/task_runner/standard_task_runner.py:61 DeprecationWarning: This process (pid=237) is multi-threaded, use of fork() may lead to deadlocks in the child.
[2024-05-15T10:15:43.548+0000] {standard_task_runner.py:63} INFO - Started process 271 to run task
[2024-05-15T10:15:43.541+0000] {standard_task_runner.py:91} INFO - Job 150: Subtask save
[2024-05-15T10:15:43.632+0000] {task_command.py:426} INFO - Running <TaskInstance: dag_hdfs.save scheduled__2024-05-10T00:00:00+00:00 [running]> on host f85b7a0b58b5
[2024-05-15T10:15:43.758+0000] {taskinstance.py:2644} INFO - Exporting env vars: AIRFLOW_CTX_DAG_OWNER='bses' AIRFLOW_CTX_DAG_ID='dag_hdfs' AIRFLOW_CTX_TASK_ID='save' AIRFLOW_CTX_EXECUTION_DATE='2024-05-10T00:00:00+00:00' AIRFLOW_CTX_TRY_NUMBER='1' AIRFLOW_CTX_DAG_RUN_ID='scheduled__2024-05-10T00:00:00+00:00'
[2024-05-15T10:15:43.772+0000] {taskinstance.py:430} INFO - ::endgroup::
[2024-05-15T10:15:43.822+0000] {logging_mixin.py:188} INFO - Error  /bin/sh: 1: hdfs: Permission denied
[2024-05-15T10:15:43.826+0000] {python.py:237} INFO - Done. Returned value was: None
[2024-05-15T10:15:43.828+0000] {taskinstance.py:441} INFO - ::group::Post task execution logs
[2024-05-15T10:15:43.848+0000] {taskinstance.py:1205} INFO - Marking task as SUCCESS. dag_id=dag_hdfs, task_id=save, execution_date=20240510T000000, start_date=20240515T101543, end_date=20240515T101543
[2024-05-15T10:15:44.113+0000] {local_task_job_runner.py:240} INFO - Task exited with return code 0
[2024-05-15T10:15:44.147+0000] {taskinstance.py:3482} INFO - 1 downstream tasks scheduled from follow-on schedule check
[2024-05-15T10:15:44.150+0000] {local_task_job_runner.py:222} INFO - ::endgroup::
[2024-05-15T10:20:36.158+0000] {local_task_job_runner.py:120} INFO - ::group::Pre task execution logs
[2024-05-15T10:20:36.188+0000] {taskinstance.py:2073} INFO - Dependencies all met for dep_context=non-requeueable deps ti=<TaskInstance: dag_hdfs.save scheduled__2024-05-10T00:00:00+00:00 [queued]>
[2024-05-15T10:20:36.198+0000] {taskinstance.py:2073} INFO - Dependencies all met for dep_context=requeueable deps ti=<TaskInstance: dag_hdfs.save scheduled__2024-05-10T00:00:00+00:00 [queued]>
[2024-05-15T10:20:36.205+0000] {taskinstance.py:2303} INFO - Starting attempt 1 of 6
[2024-05-15T10:20:36.241+0000] {taskinstance.py:2327} INFO - Executing <Task(BashOperator): save> on 2024-05-10 00:00:00+00:00
[2024-05-15T10:20:36.251+0000] {logging_mixin.py:188} WARNING - /home/***/.local/lib/python3.12/site-packages/***/task/task_runner/standard_task_runner.py:61 DeprecationWarning: This process (pid=513) is multi-threaded, use of fork() may lead to deadlocks in the child.
[2024-05-15T10:20:36.253+0000] {standard_task_runner.py:63} INFO - Started process 538 to run task
[2024-05-15T10:20:36.254+0000] {standard_task_runner.py:90} INFO - Running: ['***', 'tasks', 'run', 'dag_hdfs', 'save', 'scheduled__2024-05-10T00:00:00+00:00', '--job-id', '179', '--raw', '--subdir', 'DAGS_FOLDER/hdfs_dag.py', '--cfg-path', '/tmp/tmppqo4hyl9']
[2024-05-15T10:20:36.262+0000] {standard_task_runner.py:91} INFO - Job 179: Subtask save
[2024-05-15T10:20:36.320+0000] {task_command.py:426} INFO - Running <TaskInstance: dag_hdfs.save scheduled__2024-05-10T00:00:00+00:00 [running]> on host f85b7a0b58b5
[2024-05-15T10:20:36.395+0000] {taskinstance.py:2644} INFO - Exporting env vars: AIRFLOW_CTX_DAG_OWNER='bses' AIRFLOW_CTX_DAG_ID='dag_hdfs' AIRFLOW_CTX_TASK_ID='save' AIRFLOW_CTX_EXECUTION_DATE='2024-05-10T00:00:00+00:00' AIRFLOW_CTX_TRY_NUMBER='1' AIRFLOW_CTX_DAG_RUN_ID='scheduled__2024-05-10T00:00:00+00:00'
[2024-05-15T10:20:36.396+0000] {taskinstance.py:430} INFO - ::endgroup::
[2024-05-15T10:20:36.408+0000] {subprocess.py:63} INFO - Tmp dir root location: /tmp
[2024-05-15T10:20:36.409+0000] {subprocess.py:75} INFO - Running command: ['/usr/bin/bash', '-c', 'hdfs dfs -mkdir /tmp']
[2024-05-15T10:20:36.418+0000] {subprocess.py:86} INFO - Output:
[2024-05-15T10:20:36.419+0000] {subprocess.py:93} INFO - /usr/bin/bash: line 1: hdfs: command not found
[2024-05-15T10:20:36.419+0000] {subprocess.py:97} INFO - Command exited with return code 127
[2024-05-15T10:20:36.420+0000] {taskinstance.py:441} INFO - ::group::Post task execution logs
[2024-05-15T10:20:36.428+0000] {taskinstance.py:2890} ERROR - Task failed with exception
Traceback (most recent call last):
  File "/home/airflow/.local/lib/python3.12/site-packages/airflow/models/taskinstance.py", line 465, in _execute_task
    result = _execute_callable(context=context, **execute_callable_kwargs)
             ^^^^^^^^^^^^^^^^^^^^^^^^^^^^^^^^^^^^^^^^^^^^^^^^^^^^^^^^^^^^^
  File "/home/airflow/.local/lib/python3.12/site-packages/airflow/models/taskinstance.py", line 432, in _execute_callable
    return execute_callable(context=context, **execute_callable_kwargs)
           ^^^^^^^^^^^^^^^^^^^^^^^^^^^^^^^^^^^^^^^^^^^^^^^^^^^^^^^^^^^^
  File "/home/airflow/.local/lib/python3.12/site-packages/airflow/models/baseoperator.py", line 400, in wrapper
    return func(self, *args, **kwargs)
           ^^^^^^^^^^^^^^^^^^^^^^^^^^^
  File "/home/airflow/.local/lib/python3.12/site-packages/airflow/operators/bash.py", line 243, in execute
    raise AirflowException(
airflow.exceptions.AirflowException: Bash command failed. The command returned a non-zero exit code 127.
[2024-05-15T10:20:36.431+0000] {taskinstance.py:1205} INFO - Marking task as UP_FOR_RETRY. dag_id=dag_hdfs, task_id=save, execution_date=20240510T000000, start_date=20240515T102036, end_date=20240515T102036
[2024-05-15T10:20:36.439+0000] {standard_task_runner.py:110} ERROR - Failed to execute job 179 for task save (Bash command failed. The command returned a non-zero exit code 127.; 538)
[2024-05-15T10:20:36.482+0000] {local_task_job_runner.py:240} INFO - Task exited with return code 1
[2024-05-15T10:20:36.493+0000] {taskinstance.py:3482} INFO - 0 downstream tasks scheduled from follow-on schedule check
[2024-05-15T10:20:36.494+0000] {local_task_job_runner.py:222} INFO - ::endgroup::
[2024-05-15T10:31:15.578+0000] {local_task_job_runner.py:120} INFO - ::group::Pre task execution logs
[2024-05-15T10:31:15.608+0000] {taskinstance.py:2073} INFO - Dependencies all met for dep_context=non-requeueable deps ti=<TaskInstance: dag_hdfs.save scheduled__2024-05-10T00:00:00+00:00 [queued]>
[2024-05-15T10:31:15.622+0000] {taskinstance.py:2073} INFO - Dependencies all met for dep_context=requeueable deps ti=<TaskInstance: dag_hdfs.save scheduled__2024-05-10T00:00:00+00:00 [queued]>
[2024-05-15T10:31:15.626+0000] {taskinstance.py:2303} INFO - Starting attempt 1 of 6
[2024-05-15T10:31:15.764+0000] {taskinstance.py:2327} INFO - Executing <Task(BashOperator): save> on 2024-05-10 00:00:00+00:00
[2024-05-15T10:31:15.771+0000] {logging_mixin.py:188} WARNING - /home/***/.local/lib/python3.12/site-packages/***/task/task_runner/standard_task_runner.py:61 DeprecationWarning: This process (pid=214) is multi-threaded, use of fork() may lead to deadlocks in the child.
[2024-05-15T10:31:15.773+0000] {standard_task_runner.py:63} INFO - Started process 242 to run task
[2024-05-15T10:31:15.771+0000] {standard_task_runner.py:90} INFO - Running: ['***', 'tasks', 'run', 'dag_hdfs', 'save', 'scheduled__2024-05-10T00:00:00+00:00', '--job-id', '210', '--raw', '--subdir', 'DAGS_FOLDER/hdfs_dag.py', '--cfg-path', '/tmp/tmpwbcec9lt']
[2024-05-15T10:31:15.777+0000] {standard_task_runner.py:91} INFO - Job 210: Subtask save
[2024-05-15T10:31:15.828+0000] {task_command.py:426} INFO - Running <TaskInstance: dag_hdfs.save scheduled__2024-05-10T00:00:00+00:00 [running]> on host 8fa157e7798a
[2024-05-15T10:31:15.884+0000] {taskinstance.py:2644} INFO - Exporting env vars: AIRFLOW_CTX_DAG_OWNER='bses' AIRFLOW_CTX_DAG_ID='dag_hdfs' AIRFLOW_CTX_TASK_ID='save' AIRFLOW_CTX_EXECUTION_DATE='2024-05-10T00:00:00+00:00' AIRFLOW_CTX_TRY_NUMBER='1' AIRFLOW_CTX_DAG_RUN_ID='scheduled__2024-05-10T00:00:00+00:00'
[2024-05-15T10:31:15.885+0000] {taskinstance.py:430} INFO - ::endgroup::
[2024-05-15T10:31:15.896+0000] {subprocess.py:63} INFO - Tmp dir root location: /tmp
[2024-05-15T10:31:15.896+0000] {subprocess.py:75} INFO - Running command: ['/usr/bin/bash', '-c', 'hdfs dfs -mkdir /tmp']
[2024-05-15T10:31:15.902+0000] {subprocess.py:86} INFO - Output:
[2024-05-15T10:31:15.904+0000] {subprocess.py:93} INFO - /usr/bin/bash: line 1: hdfs: command not found
[2024-05-15T10:31:15.904+0000] {subprocess.py:97} INFO - Command exited with return code 127
[2024-05-15T10:31:15.905+0000] {taskinstance.py:441} INFO - ::group::Post task execution logs
[2024-05-15T10:31:15.913+0000] {taskinstance.py:2890} ERROR - Task failed with exception
Traceback (most recent call last):
  File "/home/airflow/.local/lib/python3.12/site-packages/airflow/models/taskinstance.py", line 465, in _execute_task
    result = _execute_callable(context=context, **execute_callable_kwargs)
             ^^^^^^^^^^^^^^^^^^^^^^^^^^^^^^^^^^^^^^^^^^^^^^^^^^^^^^^^^^^^^
  File "/home/airflow/.local/lib/python3.12/site-packages/airflow/models/taskinstance.py", line 432, in _execute_callable
    return execute_callable(context=context, **execute_callable_kwargs)
           ^^^^^^^^^^^^^^^^^^^^^^^^^^^^^^^^^^^^^^^^^^^^^^^^^^^^^^^^^^^^
  File "/home/airflow/.local/lib/python3.12/site-packages/airflow/models/baseoperator.py", line 400, in wrapper
    return func(self, *args, **kwargs)
           ^^^^^^^^^^^^^^^^^^^^^^^^^^^
  File "/home/airflow/.local/lib/python3.12/site-packages/airflow/operators/bash.py", line 243, in execute
    raise AirflowException(
airflow.exceptions.AirflowException: Bash command failed. The command returned a non-zero exit code 127.
[2024-05-15T10:31:15.916+0000] {taskinstance.py:1205} INFO - Marking task as UP_FOR_RETRY. dag_id=dag_hdfs, task_id=save, execution_date=20240510T000000, start_date=20240515T103115, end_date=20240515T103115
[2024-05-15T10:31:15.925+0000] {standard_task_runner.py:110} ERROR - Failed to execute job 210 for task save (Bash command failed. The command returned a non-zero exit code 127.; 242)
[2024-05-15T10:31:15.963+0000] {local_task_job_runner.py:240} INFO - Task exited with return code 1
[2024-05-15T10:31:15.974+0000] {taskinstance.py:3482} INFO - 0 downstream tasks scheduled from follow-on schedule check
[2024-05-15T10:31:15.975+0000] {local_task_job_runner.py:222} INFO - ::endgroup::
