[2024-05-15T10:15:42.341+0000] {local_task_job_runner.py:120} INFO - ::group::Pre task execution logs
[2024-05-15T10:15:42.362+0000] {taskinstance.py:2073} INFO - Dependencies all met for dep_context=non-requeueable deps ti=<TaskInstance: dag_hdfs.save scheduled__2024-05-03T00:00:00+00:00 [queued]>
[2024-05-15T10:15:42.367+0000] {taskinstance.py:2073} INFO - Dependencies all met for dep_context=requeueable deps ti=<TaskInstance: dag_hdfs.save scheduled__2024-05-03T00:00:00+00:00 [queued]>
[2024-05-15T10:15:42.369+0000] {taskinstance.py:2303} INFO - Starting attempt 1 of 6
[2024-05-15T10:15:42.485+0000] {taskinstance.py:2327} INFO - Executing <Task(PythonOperator): save> on 2024-05-03 00:00:00+00:00
[2024-05-15T10:15:42.498+0000] {standard_task_runner.py:90} INFO - Running: ['***', 'tasks', 'run', 'dag_hdfs', 'save', 'scheduled__2024-05-03T00:00:00+00:00', '--job-id', '142', '--raw', '--subdir', 'DAGS_FOLDER/hdfs_dag.py', '--cfg-path', '/tmp/tmpmlidhq0b']
[2024-05-15T10:15:42.504+0000] {standard_task_runner.py:91} INFO - Job 142: Subtask save
[2024-05-15T10:15:42.500+0000] {logging_mixin.py:188} WARNING - /home/***/.local/lib/python3.12/site-packages/***/task/task_runner/standard_task_runner.py:61 DeprecationWarning: This process (pid=217) is multi-threaded, use of fork() may lead to deadlocks in the child.
[2024-05-15T10:15:42.512+0000] {standard_task_runner.py:63} INFO - Started process 232 to run task
[2024-05-15T10:15:42.590+0000] {task_command.py:426} INFO - Running <TaskInstance: dag_hdfs.save scheduled__2024-05-03T00:00:00+00:00 [running]> on host f85b7a0b58b5
[2024-05-15T10:15:42.664+0000] {taskinstance.py:2644} INFO - Exporting env vars: AIRFLOW_CTX_DAG_OWNER='bses' AIRFLOW_CTX_DAG_ID='dag_hdfs' AIRFLOW_CTX_TASK_ID='save' AIRFLOW_CTX_EXECUTION_DATE='2024-05-03T00:00:00+00:00' AIRFLOW_CTX_TRY_NUMBER='1' AIRFLOW_CTX_DAG_RUN_ID='scheduled__2024-05-03T00:00:00+00:00'
[2024-05-15T10:15:42.666+0000] {taskinstance.py:430} INFO - ::endgroup::
[2024-05-15T10:15:42.683+0000] {logging_mixin.py:188} INFO - Error  /bin/sh: 1: hdfs: Permission denied
[2024-05-15T10:15:42.684+0000] {python.py:237} INFO - Done. Returned value was: None
[2024-05-15T10:15:42.692+0000] {taskinstance.py:441} INFO - ::group::Post task execution logs
[2024-05-15T10:15:42.705+0000] {taskinstance.py:1205} INFO - Marking task as SUCCESS. dag_id=dag_hdfs, task_id=save, execution_date=20240503T000000, start_date=20240515T101542, end_date=20240515T101542
[2024-05-15T10:15:42.789+0000] {local_task_job_runner.py:240} INFO - Task exited with return code 0
[2024-05-15T10:15:42.811+0000] {taskinstance.py:3482} INFO - 1 downstream tasks scheduled from follow-on schedule check
[2024-05-15T10:15:42.831+0000] {local_task_job_runner.py:222} INFO - ::endgroup::
[2024-05-15T10:20:35.446+0000] {local_task_job_runner.py:120} INFO - ::group::Pre task execution logs
[2024-05-15T10:20:35.489+0000] {taskinstance.py:2073} INFO - Dependencies all met for dep_context=non-requeueable deps ti=<TaskInstance: dag_hdfs.save scheduled__2024-05-03T00:00:00+00:00 [queued]>
[2024-05-15T10:20:35.511+0000] {taskinstance.py:2073} INFO - Dependencies all met for dep_context=requeueable deps ti=<TaskInstance: dag_hdfs.save scheduled__2024-05-03T00:00:00+00:00 [queued]>
[2024-05-15T10:20:35.513+0000] {taskinstance.py:2303} INFO - Starting attempt 1 of 6
[2024-05-15T10:20:35.548+0000] {taskinstance.py:2327} INFO - Executing <Task(BashOperator): save> on 2024-05-03 00:00:00+00:00
[2024-05-15T10:20:35.557+0000] {standard_task_runner.py:90} INFO - Running: ['***', 'tasks', 'run', 'dag_hdfs', 'save', 'scheduled__2024-05-03T00:00:00+00:00', '--job-id', '172', '--raw', '--subdir', 'DAGS_FOLDER/hdfs_dag.py', '--cfg-path', '/tmp/tmpk55nd21m']
[2024-05-15T10:20:35.564+0000] {standard_task_runner.py:91} INFO - Job 172: Subtask save
[2024-05-15T10:20:35.557+0000] {logging_mixin.py:188} WARNING - /home/***/.local/lib/python3.12/site-packages/***/task/task_runner/standard_task_runner.py:61 DeprecationWarning: This process (pid=499) is multi-threaded, use of fork() may lead to deadlocks in the child.
[2024-05-15T10:20:35.569+0000] {standard_task_runner.py:63} INFO - Started process 519 to run task
[2024-05-15T10:20:35.684+0000] {task_command.py:426} INFO - Running <TaskInstance: dag_hdfs.save scheduled__2024-05-03T00:00:00+00:00 [running]> on host f85b7a0b58b5
[2024-05-15T10:20:35.873+0000] {taskinstance.py:2644} INFO - Exporting env vars: AIRFLOW_CTX_DAG_OWNER='bses' AIRFLOW_CTX_DAG_ID='dag_hdfs' AIRFLOW_CTX_TASK_ID='save' AIRFLOW_CTX_EXECUTION_DATE='2024-05-03T00:00:00+00:00' AIRFLOW_CTX_TRY_NUMBER='1' AIRFLOW_CTX_DAG_RUN_ID='scheduled__2024-05-03T00:00:00+00:00'
[2024-05-15T10:20:35.883+0000] {taskinstance.py:430} INFO - ::endgroup::
[2024-05-15T10:20:35.924+0000] {subprocess.py:63} INFO - Tmp dir root location: /tmp
[2024-05-15T10:20:35.932+0000] {subprocess.py:75} INFO - Running command: ['/usr/bin/bash', '-c', 'hdfs dfs -mkdir /tmp']
[2024-05-15T10:20:35.952+0000] {subprocess.py:86} INFO - Output:
[2024-05-15T10:20:35.958+0000] {subprocess.py:93} INFO - /usr/bin/bash: line 1: hdfs: command not found
[2024-05-15T10:20:35.968+0000] {subprocess.py:97} INFO - Command exited with return code 127
[2024-05-15T10:20:35.977+0000] {taskinstance.py:441} INFO - ::group::Post task execution logs
[2024-05-15T10:20:35.998+0000] {taskinstance.py:2890} ERROR - Task failed with exception
Traceback (most recent call last):
  File "/home/airflow/.local/lib/python3.12/site-packages/airflow/models/taskinstance.py", line 465, in _execute_task
    result = _execute_callable(context=context, **execute_callable_kwargs)
             ^^^^^^^^^^^^^^^^^^^^^^^^^^^^^^^^^^^^^^^^^^^^^^^^^^^^^^^^^^^^^
  File "/home/airflow/.local/lib/python3.12/site-packages/airflow/models/taskinstance.py", line 432, in _execute_callable
    return execute_callable(context=context, **execute_callable_kwargs)
           ^^^^^^^^^^^^^^^^^^^^^^^^^^^^^^^^^^^^^^^^^^^^^^^^^^^^^^^^^^^^
  File "/home/airflow/.local/lib/python3.12/site-packages/airflow/models/baseoperator.py", line 400, in wrapper
    return func(self, *args, **kwargs)
           ^^^^^^^^^^^^^^^^^^^^^^^^^^^
  File "/home/airflow/.local/lib/python3.12/site-packages/airflow/operators/bash.py", line 243, in execute
    raise AirflowException(
airflow.exceptions.AirflowException: Bash command failed. The command returned a non-zero exit code 127.
[2024-05-15T10:20:36.021+0000] {taskinstance.py:1205} INFO - Marking task as UP_FOR_RETRY. dag_id=dag_hdfs, task_id=save, execution_date=20240503T000000, start_date=20240515T102035, end_date=20240515T102036
[2024-05-15T10:20:36.084+0000] {standard_task_runner.py:110} ERROR - Failed to execute job 172 for task save (Bash command failed. The command returned a non-zero exit code 127.; 519)
[2024-05-15T10:20:36.130+0000] {local_task_job_runner.py:240} INFO - Task exited with return code 1
[2024-05-15T10:20:36.181+0000] {taskinstance.py:3482} INFO - 0 downstream tasks scheduled from follow-on schedule check
[2024-05-15T10:20:36.196+0000] {local_task_job_runner.py:222} INFO - ::endgroup::
[2024-05-15T10:31:14.591+0000] {local_task_job_runner.py:120} INFO - ::group::Pre task execution logs
[2024-05-15T10:31:14.642+0000] {taskinstance.py:2073} INFO - Dependencies all met for dep_context=non-requeueable deps ti=<TaskInstance: dag_hdfs.save scheduled__2024-05-03T00:00:00+00:00 [queued]>
[2024-05-15T10:31:14.659+0000] {taskinstance.py:2073} INFO - Dependencies all met for dep_context=requeueable deps ti=<TaskInstance: dag_hdfs.save scheduled__2024-05-03T00:00:00+00:00 [queued]>
[2024-05-15T10:31:14.661+0000] {taskinstance.py:2303} INFO - Starting attempt 1 of 6
[2024-05-15T10:31:14.978+0000] {taskinstance.py:2327} INFO - Executing <Task(BashOperator): save> on 2024-05-03 00:00:00+00:00
[2024-05-15T10:31:14.993+0000] {logging_mixin.py:188} WARNING - /home/***/.local/lib/python3.12/site-packages/***/task/task_runner/standard_task_runner.py:61 DeprecationWarning: This process (pid=200) is multi-threaded, use of fork() may lead to deadlocks in the child.
[2024-05-15T10:31:15.010+0000] {standard_task_runner.py:63} INFO - Started process 221 to run task
[2024-05-15T10:31:14.991+0000] {standard_task_runner.py:90} INFO - Running: ['***', 'tasks', 'run', 'dag_hdfs', 'save', 'scheduled__2024-05-03T00:00:00+00:00', '--job-id', '202', '--raw', '--subdir', 'DAGS_FOLDER/hdfs_dag.py', '--cfg-path', '/tmp/tmpd9nqpp0y']
[2024-05-15T10:31:15.024+0000] {standard_task_runner.py:91} INFO - Job 202: Subtask save
[2024-05-15T10:31:15.172+0000] {task_command.py:426} INFO - Running <TaskInstance: dag_hdfs.save scheduled__2024-05-03T00:00:00+00:00 [running]> on host 8fa157e7798a
[2024-05-15T10:31:15.436+0000] {taskinstance.py:2644} INFO - Exporting env vars: AIRFLOW_CTX_DAG_OWNER='bses' AIRFLOW_CTX_DAG_ID='dag_hdfs' AIRFLOW_CTX_TASK_ID='save' AIRFLOW_CTX_EXECUTION_DATE='2024-05-03T00:00:00+00:00' AIRFLOW_CTX_TRY_NUMBER='1' AIRFLOW_CTX_DAG_RUN_ID='scheduled__2024-05-03T00:00:00+00:00'
[2024-05-15T10:31:15.446+0000] {taskinstance.py:430} INFO - ::endgroup::
[2024-05-15T10:31:15.474+0000] {subprocess.py:63} INFO - Tmp dir root location: /tmp
[2024-05-15T10:31:15.488+0000] {subprocess.py:75} INFO - Running command: ['/usr/bin/bash', '-c', 'hdfs dfs -mkdir /tmp']
[2024-05-15T10:31:15.506+0000] {subprocess.py:86} INFO - Output:
[2024-05-15T10:31:15.518+0000] {subprocess.py:93} INFO - /usr/bin/bash: line 1: hdfs: command not found
[2024-05-15T10:31:15.534+0000] {subprocess.py:97} INFO - Command exited with return code 127
[2024-05-15T10:31:15.541+0000] {taskinstance.py:441} INFO - ::group::Post task execution logs
[2024-05-15T10:31:15.567+0000] {taskinstance.py:2890} ERROR - Task failed with exception
Traceback (most recent call last):
  File "/home/airflow/.local/lib/python3.12/site-packages/airflow/models/taskinstance.py", line 465, in _execute_task
    result = _execute_callable(context=context, **execute_callable_kwargs)
             ^^^^^^^^^^^^^^^^^^^^^^^^^^^^^^^^^^^^^^^^^^^^^^^^^^^^^^^^^^^^^
  File "/home/airflow/.local/lib/python3.12/site-packages/airflow/models/taskinstance.py", line 432, in _execute_callable
    return execute_callable(context=context, **execute_callable_kwargs)
           ^^^^^^^^^^^^^^^^^^^^^^^^^^^^^^^^^^^^^^^^^^^^^^^^^^^^^^^^^^^^
  File "/home/airflow/.local/lib/python3.12/site-packages/airflow/models/baseoperator.py", line 400, in wrapper
    return func(self, *args, **kwargs)
           ^^^^^^^^^^^^^^^^^^^^^^^^^^^
  File "/home/airflow/.local/lib/python3.12/site-packages/airflow/operators/bash.py", line 243, in execute
    raise AirflowException(
airflow.exceptions.AirflowException: Bash command failed. The command returned a non-zero exit code 127.
[2024-05-15T10:31:15.570+0000] {taskinstance.py:1205} INFO - Marking task as UP_FOR_RETRY. dag_id=dag_hdfs, task_id=save, execution_date=20240503T000000, start_date=20240515T103114, end_date=20240515T103115
[2024-05-15T10:31:15.597+0000] {standard_task_runner.py:110} ERROR - Failed to execute job 202 for task save (Bash command failed. The command returned a non-zero exit code 127.; 221)
[2024-05-15T10:31:15.631+0000] {local_task_job_runner.py:240} INFO - Task exited with return code 1
[2024-05-15T10:31:15.654+0000] {taskinstance.py:3482} INFO - 0 downstream tasks scheduled from follow-on schedule check
[2024-05-15T10:31:15.663+0000] {local_task_job_runner.py:222} INFO - ::endgroup::
