[2024-05-04T10:37:59.459+0000] {local_task_job_runner.py:120} INFO - ::group::Pre task execution logs
[2024-05-04T10:37:59.474+0000] {taskinstance.py:2073} INFO - Dependencies all met for dep_context=non-requeueable deps ti=<TaskInstance: dag_mysql.task1 manual__2024-05-04T10:37:58.366799+00:00 [queued]>
[2024-05-04T10:37:59.478+0000] {taskinstance.py:2073} INFO - Dependencies all met for dep_context=requeueable deps ti=<TaskInstance: dag_mysql.task1 manual__2024-05-04T10:37:58.366799+00:00 [queued]>
[2024-05-04T10:37:59.478+0000] {taskinstance.py:2303} INFO - Starting attempt 1 of 6
[2024-05-04T10:37:59.485+0000] {taskinstance.py:2327} INFO - Executing <Task(MySqlOperator): task1> on 2024-05-04 10:37:58.366799+00:00
[2024-05-04T10:37:59.488+0000] {standard_task_runner.py:90} INFO - Running: ['***', 'tasks', 'run', 'dag_mysql', 'task1', 'manual__2024-05-04T10:37:58.366799+00:00', '--job-id', '34', '--raw', '--subdir', 'DAGS_FOLDER/dag_mysql.py', '--cfg-path', '/tmp/tmpzcc7lsc5']
[2024-05-04T10:37:59.490+0000] {logging_mixin.py:188} WARNING - /home/***/.local/lib/python3.12/site-packages/***/task/task_runner/standard_task_runner.py:61 DeprecationWarning: This process (pid=444) is multi-threaded, use of fork() may lead to deadlocks in the child.
[2024-05-04T10:37:59.490+0000] {standard_task_runner.py:91} INFO - Job 34: Subtask task1
[2024-05-04T10:37:59.490+0000] {standard_task_runner.py:63} INFO - Started process 445 to run task
[2024-05-04T10:37:59.510+0000] {task_command.py:426} INFO - Running <TaskInstance: dag_mysql.task1 manual__2024-05-04T10:37:58.366799+00:00 [running]> on host f85b7a0b58b5
[2024-05-04T10:37:59.547+0000] {taskinstance.py:2644} INFO - Exporting env vars: AIRFLOW_CTX_DAG_OWNER='bses' AIRFLOW_CTX_DAG_ID='dag_mysql' AIRFLOW_CTX_TASK_ID='task1' AIRFLOW_CTX_EXECUTION_DATE='2024-05-04T10:37:58.366799+00:00' AIRFLOW_CTX_TRY_NUMBER='1' AIRFLOW_CTX_DAG_RUN_ID='manual__2024-05-04T10:37:58.366799+00:00'
[2024-05-04T10:37:59.548+0000] {taskinstance.py:430} INFO - ::endgroup::
[2024-05-04T10:37:59.555+0000] {sql.py:276} INFO - Executing: create table hello (name text, age int);
[2024-05-04T10:37:59.559+0000] {base.py:84} INFO - Using connection ID 'mysql_local' for task execution.
[2024-05-04T10:37:59.563+0000] {base.py:84} INFO - Using connection ID 'mysql_local' for task execution.
[2024-05-04T10:37:59.569+0000] {sql.py:457} INFO - Running statement: create table hello (name text, age int);, parameters: None
[2024-05-04T10:37:59.580+0000] {sql.py:466} INFO - Rows affected: 0
[2024-05-04T10:37:59.582+0000] {logging_mixin.py:188} WARNING - /home/***/.local/lib/python3.12/site-packages/***/providers/common/sql/hooks/sql.py:407 AirflowProviderDeprecationWarning: Call to deprecated method _make_common_data_structure. (The `_make_serializable` method is deprecated and support will be removed in a future version of the common.sql provider. Please update the DbApiHook's provider to a version based on common.sql >= 1.9.1.)
[2024-05-04T10:37:59.585+0000] {taskinstance.py:441} INFO - ::group::Post task execution logs
[2024-05-04T10:37:59.589+0000] {taskinstance.py:1205} INFO - Marking task as SUCCESS. dag_id=dag_mysql, task_id=task1, execution_date=20240504T103758, start_date=20240504T103759, end_date=20240504T103759
[2024-05-04T10:37:59.635+0000] {local_task_job_runner.py:240} INFO - Task exited with return code 0
[2024-05-04T10:37:59.643+0000] {taskinstance.py:3482} INFO - 0 downstream tasks scheduled from follow-on schedule check
[2024-05-04T10:37:59.644+0000] {local_task_job_runner.py:222} INFO - ::endgroup::
