[2024-05-16T11:19:48.579+0000] {local_task_job_runner.py:120} INFO - ::group::Pre task execution logs
[2024-05-16T11:19:48.603+0000] {taskinstance.py:2073} INFO - Dependencies all met for dep_context=non-requeueable deps ti=<TaskInstance: dag_tables.import_table2 scheduled__2024-05-01T00:00:00+00:00 [queued]>
[2024-05-16T11:19:48.610+0000] {taskinstance.py:2073} INFO - Dependencies all met for dep_context=requeueable deps ti=<TaskInstance: dag_tables.import_table2 scheduled__2024-05-01T00:00:00+00:00 [queued]>
[2024-05-16T11:19:48.613+0000] {taskinstance.py:2303} INFO - Starting attempt 1 of 6
[2024-05-16T11:19:48.652+0000] {taskinstance.py:2327} INFO - Executing <Task(BashOperator): import_table2> on 2024-05-01 00:00:00+00:00
[2024-05-16T11:19:48.660+0000] {logging_mixin.py:188} WARNING - /home/***/.local/lib/python3.12/site-packages/***/task/task_runner/standard_task_runner.py:61 DeprecationWarning: This process (pid=216) is multi-threaded, use of fork() may lead to deadlocks in the child.
[2024-05-16T11:19:48.669+0000] {standard_task_runner.py:63} INFO - Started process 226 to run task
[2024-05-16T11:19:48.661+0000] {standard_task_runner.py:90} INFO - Running: ['***', 'tasks', 'run', 'dag_tables', 'import_table2', 'scheduled__2024-05-01T00:00:00+00:00', '--job-id', '390', '--raw', '--subdir', 'DAGS_FOLDER/dag_mysql.py', '--cfg-path', '/tmp/tmpgi95zdzc']
[2024-05-16T11:19:48.680+0000] {standard_task_runner.py:91} INFO - Job 390: Subtask import_table2
[2024-05-16T11:19:48.732+0000] {task_command.py:426} INFO - Running <TaskInstance: dag_tables.import_table2 scheduled__2024-05-01T00:00:00+00:00 [running]> on host 7084a6d88d3b
[2024-05-16T11:19:48.792+0000] {taskinstance.py:2644} INFO - Exporting env vars: AIRFLOW_CTX_DAG_OWNER='bses' AIRFLOW_CTX_DAG_ID='dag_tables' AIRFLOW_CTX_TASK_ID='import_table2' AIRFLOW_CTX_EXECUTION_DATE='2024-05-01T00:00:00+00:00' AIRFLOW_CTX_TRY_NUMBER='1' AIRFLOW_CTX_DAG_RUN_ID='scheduled__2024-05-01T00:00:00+00:00'
[2024-05-16T11:19:48.798+0000] {taskinstance.py:430} INFO - ::endgroup::
[2024-05-16T11:19:48.809+0000] {subprocess.py:63} INFO - Tmp dir root location: /tmp
[2024-05-16T11:19:48.810+0000] {subprocess.py:75} INFO - Running command: ['/usr/bin/bash', '-c', '\n                mysql -h host.docker.internal -u root --password=12345678 test < /opt/***/dags/product_category.sql;\n                ']
[2024-05-16T11:19:48.823+0000] {subprocess.py:86} INFO - Output:
[2024-05-16T11:19:48.940+0000] {subprocess.py:97} INFO - Command exited with return code 0
[2024-05-16T11:19:48.947+0000] {taskinstance.py:441} INFO - ::group::Post task execution logs
[2024-05-16T11:19:48.972+0000] {taskinstance.py:1205} INFO - Marking task as SUCCESS. dag_id=dag_tables, task_id=import_table2, execution_date=20240501T000000, start_date=20240516T111948, end_date=20240516T111948
[2024-05-16T11:19:49.025+0000] {local_task_job_runner.py:240} INFO - Task exited with return code 0
[2024-05-16T11:19:49.062+0000] {taskinstance.py:3482} INFO - 1 downstream tasks scheduled from follow-on schedule check
[2024-05-16T11:19:49.076+0000] {local_task_job_runner.py:222} INFO - ::endgroup::
[2024-05-16T11:23:38.233+0000] {local_task_job_runner.py:120} INFO - ::group::Pre task execution logs
[2024-05-16T11:23:38.252+0000] {taskinstance.py:2073} INFO - Dependencies all met for dep_context=non-requeueable deps ti=<TaskInstance: dag_tables.import_table2 scheduled__2024-05-01T00:00:00+00:00 [queued]>
[2024-05-16T11:23:38.256+0000] {taskinstance.py:2073} INFO - Dependencies all met for dep_context=requeueable deps ti=<TaskInstance: dag_tables.import_table2 scheduled__2024-05-01T00:00:00+00:00 [queued]>
[2024-05-16T11:23:38.256+0000] {taskinstance.py:2303} INFO - Starting attempt 1 of 6
[2024-05-16T11:23:38.263+0000] {taskinstance.py:2327} INFO - Executing <Task(BashOperator): import_table2> on 2024-05-01 00:00:00+00:00
[2024-05-16T11:23:38.267+0000] {logging_mixin.py:188} WARNING - /home/***/.local/lib/python3.12/site-packages/***/task/task_runner/standard_task_runner.py:61 DeprecationWarning: This process (pid=662) is multi-threaded, use of fork() may lead to deadlocks in the child.
[2024-05-16T11:23:38.268+0000] {standard_task_runner.py:63} INFO - Started process 663 to run task
[2024-05-16T11:23:38.267+0000] {standard_task_runner.py:90} INFO - Running: ['***', 'tasks', 'run', 'dag_tables', 'import_table2', 'scheduled__2024-05-01T00:00:00+00:00', '--job-id', '475', '--raw', '--subdir', 'DAGS_FOLDER/dag_mysql.py', '--cfg-path', '/tmp/tmps463tskl']
[2024-05-16T11:23:38.268+0000] {standard_task_runner.py:91} INFO - Job 475: Subtask import_table2
[2024-05-16T11:23:38.294+0000] {task_command.py:426} INFO - Running <TaskInstance: dag_tables.import_table2 scheduled__2024-05-01T00:00:00+00:00 [running]> on host 7084a6d88d3b
[2024-05-16T11:23:38.333+0000] {taskinstance.py:2644} INFO - Exporting env vars: AIRFLOW_CTX_DAG_OWNER='bses' AIRFLOW_CTX_DAG_ID='dag_tables' AIRFLOW_CTX_TASK_ID='import_table2' AIRFLOW_CTX_EXECUTION_DATE='2024-05-01T00:00:00+00:00' AIRFLOW_CTX_TRY_NUMBER='1' AIRFLOW_CTX_DAG_RUN_ID='scheduled__2024-05-01T00:00:00+00:00'
[2024-05-16T11:23:38.334+0000] {taskinstance.py:430} INFO - ::endgroup::
[2024-05-16T11:23:38.340+0000] {subprocess.py:63} INFO - Tmp dir root location: /tmp
[2024-05-16T11:23:38.341+0000] {subprocess.py:75} INFO - Running command: ['/usr/bin/bash', '-c', '\n                mysql -h host.docker.internal -u root --password=12345678 test < /opt/***/dags/product_category.sql\n                ']
[2024-05-16T11:23:38.345+0000] {subprocess.py:86} INFO - Output:
[2024-05-16T11:23:38.408+0000] {subprocess.py:97} INFO - Command exited with return code 0
[2024-05-16T11:23:38.409+0000] {taskinstance.py:441} INFO - ::group::Post task execution logs
[2024-05-16T11:23:38.420+0000] {taskinstance.py:1205} INFO - Marking task as SUCCESS. dag_id=dag_tables, task_id=import_table2, execution_date=20240501T000000, start_date=20240516T112338, end_date=20240516T112338
[2024-05-16T11:23:38.451+0000] {local_task_job_runner.py:240} INFO - Task exited with return code 0
[2024-05-16T11:23:38.460+0000] {taskinstance.py:3482} INFO - 0 downstream tasks scheduled from follow-on schedule check
[2024-05-16T11:23:38.460+0000] {local_task_job_runner.py:222} INFO - ::endgroup::
[2024-05-16T11:24:45.803+0000] {local_task_job_runner.py:120} INFO - ::group::Pre task execution logs
[2024-05-16T11:24:45.839+0000] {taskinstance.py:2073} INFO - Dependencies all met for dep_context=non-requeueable deps ti=<TaskInstance: dag_tables.import_table2 scheduled__2024-05-01T00:00:00+00:00 [queued]>
[2024-05-16T11:24:45.846+0000] {taskinstance.py:2073} INFO - Dependencies all met for dep_context=requeueable deps ti=<TaskInstance: dag_tables.import_table2 scheduled__2024-05-01T00:00:00+00:00 [queued]>
[2024-05-16T11:24:45.848+0000] {taskinstance.py:2303} INFO - Starting attempt 1 of 6
[2024-05-16T11:24:45.864+0000] {taskinstance.py:2327} INFO - Executing <Task(BashOperator): import_table2> on 2024-05-01 00:00:00+00:00
[2024-05-16T11:24:45.878+0000] {logging_mixin.py:188} WARNING - /home/***/.local/lib/python3.12/site-packages/***/task/task_runner/standard_task_runner.py:61 DeprecationWarning: This process (pid=691) is multi-threaded, use of fork() may lead to deadlocks in the child.
[2024-05-16T11:24:45.883+0000] {standard_task_runner.py:63} INFO - Started process 698 to run task
[2024-05-16T11:24:45.887+0000] {standard_task_runner.py:90} INFO - Running: ['***', 'tasks', 'run', 'dag_tables', 'import_table2', 'scheduled__2024-05-01T00:00:00+00:00', '--job-id', '478', '--raw', '--subdir', 'DAGS_FOLDER/dag_mysql.py', '--cfg-path', '/tmp/tmpkeux7m4n']
[2024-05-16T11:24:45.906+0000] {standard_task_runner.py:91} INFO - Job 478: Subtask import_table2
[2024-05-16T11:24:45.979+0000] {task_command.py:426} INFO - Running <TaskInstance: dag_tables.import_table2 scheduled__2024-05-01T00:00:00+00:00 [running]> on host 7084a6d88d3b
[2024-05-16T11:24:46.088+0000] {taskinstance.py:2644} INFO - Exporting env vars: AIRFLOW_CTX_DAG_OWNER='bses' AIRFLOW_CTX_DAG_ID='dag_tables' AIRFLOW_CTX_TASK_ID='import_table2' AIRFLOW_CTX_EXECUTION_DATE='2024-05-01T00:00:00+00:00' AIRFLOW_CTX_TRY_NUMBER='1' AIRFLOW_CTX_DAG_RUN_ID='scheduled__2024-05-01T00:00:00+00:00'
[2024-05-16T11:24:46.095+0000] {taskinstance.py:430} INFO - ::endgroup::
[2024-05-16T11:24:46.117+0000] {subprocess.py:63} INFO - Tmp dir root location: /tmp
[2024-05-16T11:24:46.126+0000] {subprocess.py:75} INFO - Running command: ['/usr/bin/bash', '-c', '\n                mysql -h host.docker.internal -u root --password=12345678 test < /opt/***/dags/product_category.sql\n                ']
[2024-05-16T11:24:46.146+0000] {subprocess.py:86} INFO - Output:
[2024-05-16T11:24:46.375+0000] {subprocess.py:97} INFO - Command exited with return code 0
[2024-05-16T11:24:46.377+0000] {taskinstance.py:441} INFO - ::group::Post task execution logs
[2024-05-16T11:24:46.429+0000] {taskinstance.py:1205} INFO - Marking task as SUCCESS. dag_id=dag_tables, task_id=import_table2, execution_date=20240501T000000, start_date=20240516T112445, end_date=20240516T112446
[2024-05-16T11:24:46.498+0000] {local_task_job_runner.py:240} INFO - Task exited with return code 0
[2024-05-16T11:24:46.560+0000] {taskinstance.py:3482} INFO - 0 downstream tasks scheduled from follow-on schedule check
[2024-05-16T11:24:46.564+0000] {local_task_job_runner.py:222} INFO - ::endgroup::
