[2024-05-15T10:15:44.074+0000] {local_task_job_runner.py:120} INFO - ::group::Pre task execution logs
[2024-05-15T10:15:44.116+0000] {taskinstance.py:2073} INFO - Dependencies all met for dep_context=non-requeueable deps ti=<TaskInstance: dag_hdfs.save scheduled__2024-05-12T00:00:00+00:00 [queued]>
[2024-05-15T10:15:44.124+0000] {taskinstance.py:2073} INFO - Dependencies all met for dep_context=requeueable deps ti=<TaskInstance: dag_hdfs.save scheduled__2024-05-12T00:00:00+00:00 [queued]>
[2024-05-15T10:15:44.135+0000] {taskinstance.py:2303} INFO - Starting attempt 1 of 6
[2024-05-15T10:15:44.163+0000] {taskinstance.py:2327} INFO - Executing <Task(PythonOperator): save> on 2024-05-12 00:00:00+00:00
[2024-05-15T10:15:44.171+0000] {standard_task_runner.py:90} INFO - Running: ['***', 'tasks', 'run', 'dag_hdfs', 'save', 'scheduled__2024-05-12T00:00:00+00:00', '--job-id', '154', '--raw', '--subdir', 'DAGS_FOLDER/hdfs_dag.py', '--cfg-path', '/tmp/tmpd0du_qtl']
[2024-05-15T10:15:44.177+0000] {standard_task_runner.py:91} INFO - Job 154: Subtask save
[2024-05-15T10:15:44.182+0000] {logging_mixin.py:188} WARNING - /home/***/.local/lib/python3.12/site-packages/***/task/task_runner/standard_task_runner.py:61 DeprecationWarning: This process (pid=251) is multi-threaded, use of fork() may lead to deadlocks in the child.
[2024-05-15T10:15:44.184+0000] {standard_task_runner.py:63} INFO - Started process 286 to run task
[2024-05-15T10:15:44.255+0000] {task_command.py:426} INFO - Running <TaskInstance: dag_hdfs.save scheduled__2024-05-12T00:00:00+00:00 [running]> on host f85b7a0b58b5
[2024-05-15T10:15:44.324+0000] {taskinstance.py:2644} INFO - Exporting env vars: AIRFLOW_CTX_DAG_OWNER='bses' AIRFLOW_CTX_DAG_ID='dag_hdfs' AIRFLOW_CTX_TASK_ID='save' AIRFLOW_CTX_EXECUTION_DATE='2024-05-12T00:00:00+00:00' AIRFLOW_CTX_TRY_NUMBER='1' AIRFLOW_CTX_DAG_RUN_ID='scheduled__2024-05-12T00:00:00+00:00'
[2024-05-15T10:15:44.326+0000] {taskinstance.py:430} INFO - ::endgroup::
[2024-05-15T10:15:44.336+0000] {logging_mixin.py:188} INFO - Error  /bin/sh: 1: hdfs: Permission denied
[2024-05-15T10:15:44.341+0000] {python.py:237} INFO - Done. Returned value was: None
[2024-05-15T10:15:44.346+0000] {taskinstance.py:441} INFO - ::group::Post task execution logs
[2024-05-15T10:15:44.358+0000] {taskinstance.py:1205} INFO - Marking task as SUCCESS. dag_id=dag_hdfs, task_id=save, execution_date=20240512T000000, start_date=20240515T101544, end_date=20240515T101544
[2024-05-15T10:15:44.409+0000] {local_task_job_runner.py:240} INFO - Task exited with return code 0
[2024-05-15T10:15:44.434+0000] {taskinstance.py:3482} INFO - 1 downstream tasks scheduled from follow-on schedule check
[2024-05-15T10:15:44.442+0000] {local_task_job_runner.py:222} INFO - ::endgroup::
[2024-05-15T10:20:36.364+0000] {local_task_job_runner.py:120} INFO - ::group::Pre task execution logs
[2024-05-15T10:20:36.388+0000] {taskinstance.py:2073} INFO - Dependencies all met for dep_context=non-requeueable deps ti=<TaskInstance: dag_hdfs.save scheduled__2024-05-12T00:00:00+00:00 [queued]>
[2024-05-15T10:20:36.394+0000] {taskinstance.py:2073} INFO - Dependencies all met for dep_context=requeueable deps ti=<TaskInstance: dag_hdfs.save scheduled__2024-05-12T00:00:00+00:00 [queued]>
[2024-05-15T10:20:36.394+0000] {taskinstance.py:2303} INFO - Starting attempt 1 of 6
[2024-05-15T10:20:36.402+0000] {taskinstance.py:2327} INFO - Executing <Task(BashOperator): save> on 2024-05-12 00:00:00+00:00
[2024-05-15T10:20:36.408+0000] {logging_mixin.py:188} WARNING - /home/***/.local/lib/python3.12/site-packages/***/task/task_runner/standard_task_runner.py:61 DeprecationWarning: This process (pid=520) is multi-threaded, use of fork() may lead to deadlocks in the child.
[2024-05-15T10:20:36.410+0000] {standard_task_runner.py:63} INFO - Started process 544 to run task
[2024-05-15T10:20:36.409+0000] {standard_task_runner.py:90} INFO - Running: ['***', 'tasks', 'run', 'dag_hdfs', 'save', 'scheduled__2024-05-12T00:00:00+00:00', '--job-id', '181', '--raw', '--subdir', 'DAGS_FOLDER/hdfs_dag.py', '--cfg-path', '/tmp/tmpbnzyvkxl']
[2024-05-15T10:20:36.411+0000] {standard_task_runner.py:91} INFO - Job 181: Subtask save
[2024-05-15T10:20:36.443+0000] {task_command.py:426} INFO - Running <TaskInstance: dag_hdfs.save scheduled__2024-05-12T00:00:00+00:00 [running]> on host f85b7a0b58b5
[2024-05-15T10:20:36.495+0000] {taskinstance.py:2644} INFO - Exporting env vars: AIRFLOW_CTX_DAG_OWNER='bses' AIRFLOW_CTX_DAG_ID='dag_hdfs' AIRFLOW_CTX_TASK_ID='save' AIRFLOW_CTX_EXECUTION_DATE='2024-05-12T00:00:00+00:00' AIRFLOW_CTX_TRY_NUMBER='1' AIRFLOW_CTX_DAG_RUN_ID='scheduled__2024-05-12T00:00:00+00:00'
[2024-05-15T10:20:36.497+0000] {taskinstance.py:430} INFO - ::endgroup::
[2024-05-15T10:20:36.504+0000] {subprocess.py:63} INFO - Tmp dir root location: /tmp
[2024-05-15T10:20:36.505+0000] {subprocess.py:75} INFO - Running command: ['/usr/bin/bash', '-c', 'hdfs dfs -mkdir /tmp']
[2024-05-15T10:20:36.511+0000] {subprocess.py:86} INFO - Output:
[2024-05-15T10:20:36.512+0000] {subprocess.py:93} INFO - /usr/bin/bash: line 1: hdfs: command not found
[2024-05-15T10:20:36.512+0000] {subprocess.py:97} INFO - Command exited with return code 127
[2024-05-15T10:20:36.513+0000] {taskinstance.py:441} INFO - ::group::Post task execution logs
[2024-05-15T10:20:36.518+0000] {taskinstance.py:2890} ERROR - Task failed with exception
Traceback (most recent call last):
  File "/home/airflow/.local/lib/python3.12/site-packages/airflow/models/taskinstance.py", line 465, in _execute_task
    result = _execute_callable(context=context, **execute_callable_kwargs)
             ^^^^^^^^^^^^^^^^^^^^^^^^^^^^^^^^^^^^^^^^^^^^^^^^^^^^^^^^^^^^^
  File "/home/airflow/.local/lib/python3.12/site-packages/airflow/models/taskinstance.py", line 432, in _execute_callable
    return execute_callable(context=context, **execute_callable_kwargs)
           ^^^^^^^^^^^^^^^^^^^^^^^^^^^^^^^^^^^^^^^^^^^^^^^^^^^^^^^^^^^^
  File "/home/airflow/.local/lib/python3.12/site-packages/airflow/models/baseoperator.py", line 400, in wrapper
    return func(self, *args, **kwargs)
           ^^^^^^^^^^^^^^^^^^^^^^^^^^^
  File "/home/airflow/.local/lib/python3.12/site-packages/airflow/operators/bash.py", line 243, in execute
    raise AirflowException(
airflow.exceptions.AirflowException: Bash command failed. The command returned a non-zero exit code 127.
[2024-05-15T10:20:36.521+0000] {taskinstance.py:1205} INFO - Marking task as UP_FOR_RETRY. dag_id=dag_hdfs, task_id=save, execution_date=20240512T000000, start_date=20240515T102036, end_date=20240515T102036
[2024-05-15T10:20:36.529+0000] {standard_task_runner.py:110} ERROR - Failed to execute job 181 for task save (Bash command failed. The command returned a non-zero exit code 127.; 544)
[2024-05-15T10:20:36.549+0000] {local_task_job_runner.py:240} INFO - Task exited with return code 1
[2024-05-15T10:20:36.557+0000] {taskinstance.py:3482} INFO - 0 downstream tasks scheduled from follow-on schedule check
[2024-05-15T10:20:36.558+0000] {local_task_job_runner.py:222} INFO - ::endgroup::
[2024-05-15T10:31:15.678+0000] {local_task_job_runner.py:120} INFO - ::group::Pre task execution logs
[2024-05-15T10:31:15.716+0000] {taskinstance.py:2073} INFO - Dependencies all met for dep_context=non-requeueable deps ti=<TaskInstance: dag_hdfs.save scheduled__2024-05-12T00:00:00+00:00 [queued]>
[2024-05-15T10:31:15.737+0000] {taskinstance.py:2073} INFO - Dependencies all met for dep_context=requeueable deps ti=<TaskInstance: dag_hdfs.save scheduled__2024-05-12T00:00:00+00:00 [queued]>
[2024-05-15T10:31:15.741+0000] {taskinstance.py:2303} INFO - Starting attempt 1 of 6
[2024-05-15T10:31:15.875+0000] {taskinstance.py:2327} INFO - Executing <Task(BashOperator): save> on 2024-05-12 00:00:00+00:00
[2024-05-15T10:31:15.883+0000] {logging_mixin.py:188} WARNING - /home/***/.local/lib/python3.12/site-packages/***/task/task_runner/standard_task_runner.py:61 DeprecationWarning: This process (pid=219) is multi-threaded, use of fork() may lead to deadlocks in the child.
[2024-05-15T10:31:15.882+0000] {standard_task_runner.py:90} INFO - Running: ['***', 'tasks', 'run', 'dag_hdfs', 'save', 'scheduled__2024-05-12T00:00:00+00:00', '--job-id', '211', '--raw', '--subdir', 'DAGS_FOLDER/hdfs_dag.py', '--cfg-path', '/tmp/tmpg3cgll1i']
[2024-05-15T10:31:15.885+0000] {standard_task_runner.py:91} INFO - Job 211: Subtask save
[2024-05-15T10:31:15.884+0000] {standard_task_runner.py:63} INFO - Started process 245 to run task
[2024-05-15T10:31:15.921+0000] {task_command.py:426} INFO - Running <TaskInstance: dag_hdfs.save scheduled__2024-05-12T00:00:00+00:00 [running]> on host 8fa157e7798a
[2024-05-15T10:31:15.962+0000] {taskinstance.py:2644} INFO - Exporting env vars: AIRFLOW_CTX_DAG_OWNER='bses' AIRFLOW_CTX_DAG_ID='dag_hdfs' AIRFLOW_CTX_TASK_ID='save' AIRFLOW_CTX_EXECUTION_DATE='2024-05-12T00:00:00+00:00' AIRFLOW_CTX_TRY_NUMBER='1' AIRFLOW_CTX_DAG_RUN_ID='scheduled__2024-05-12T00:00:00+00:00'
[2024-05-15T10:31:15.962+0000] {taskinstance.py:430} INFO - ::endgroup::
[2024-05-15T10:31:15.973+0000] {subprocess.py:63} INFO - Tmp dir root location: /tmp
[2024-05-15T10:31:15.973+0000] {subprocess.py:75} INFO - Running command: ['/usr/bin/bash', '-c', 'hdfs dfs -mkdir /tmp']
[2024-05-15T10:31:15.978+0000] {subprocess.py:86} INFO - Output:
[2024-05-15T10:31:15.981+0000] {subprocess.py:93} INFO - /usr/bin/bash: line 1: hdfs: command not found
[2024-05-15T10:31:15.981+0000] {subprocess.py:97} INFO - Command exited with return code 127
[2024-05-15T10:31:15.983+0000] {taskinstance.py:441} INFO - ::group::Post task execution logs
[2024-05-15T10:31:15.989+0000] {taskinstance.py:2890} ERROR - Task failed with exception
Traceback (most recent call last):
  File "/home/airflow/.local/lib/python3.12/site-packages/airflow/models/taskinstance.py", line 465, in _execute_task
    result = _execute_callable(context=context, **execute_callable_kwargs)
             ^^^^^^^^^^^^^^^^^^^^^^^^^^^^^^^^^^^^^^^^^^^^^^^^^^^^^^^^^^^^^
  File "/home/airflow/.local/lib/python3.12/site-packages/airflow/models/taskinstance.py", line 432, in _execute_callable
    return execute_callable(context=context, **execute_callable_kwargs)
           ^^^^^^^^^^^^^^^^^^^^^^^^^^^^^^^^^^^^^^^^^^^^^^^^^^^^^^^^^^^^
  File "/home/airflow/.local/lib/python3.12/site-packages/airflow/models/baseoperator.py", line 400, in wrapper
    return func(self, *args, **kwargs)
           ^^^^^^^^^^^^^^^^^^^^^^^^^^^
  File "/home/airflow/.local/lib/python3.12/site-packages/airflow/operators/bash.py", line 243, in execute
    raise AirflowException(
airflow.exceptions.AirflowException: Bash command failed. The command returned a non-zero exit code 127.
[2024-05-15T10:31:15.992+0000] {taskinstance.py:1205} INFO - Marking task as UP_FOR_RETRY. dag_id=dag_hdfs, task_id=save, execution_date=20240512T000000, start_date=20240515T103115, end_date=20240515T103115
[2024-05-15T10:31:16.001+0000] {standard_task_runner.py:110} ERROR - Failed to execute job 211 for task save (Bash command failed. The command returned a non-zero exit code 127.; 245)
[2024-05-15T10:31:16.026+0000] {local_task_job_runner.py:240} INFO - Task exited with return code 1
[2024-05-15T10:31:16.034+0000] {taskinstance.py:3482} INFO - 0 downstream tasks scheduled from follow-on schedule check
[2024-05-15T10:31:16.035+0000] {local_task_job_runner.py:222} INFO - ::endgroup::
