[2024-05-16T11:19:48.289+0000] {local_task_job_runner.py:120} INFO - ::group::Pre task execution logs
[2024-05-16T11:19:48.310+0000] {taskinstance.py:2073} INFO - Dependencies all met for dep_context=non-requeueable deps ti=<TaskInstance: dag_tables.import_table1 scheduled__2024-05-07T00:00:00+00:00 [queued]>
[2024-05-16T11:19:48.320+0000] {taskinstance.py:2073} INFO - Dependencies all met for dep_context=requeueable deps ti=<TaskInstance: dag_tables.import_table1 scheduled__2024-05-07T00:00:00+00:00 [queued]>
[2024-05-16T11:19:48.321+0000] {taskinstance.py:2303} INFO - Starting attempt 1 of 6
[2024-05-16T11:19:48.344+0000] {taskinstance.py:2327} INFO - Executing <Task(BashOperator): import_table1> on 2024-05-07 00:00:00+00:00
[2024-05-16T11:19:48.352+0000] {standard_task_runner.py:90} INFO - Running: ['***', 'tasks', 'run', 'dag_tables', 'import_table1', 'scheduled__2024-05-07T00:00:00+00:00', '--job-id', '387', '--raw', '--subdir', 'DAGS_FOLDER/dag_mysql.py', '--cfg-path', '/tmp/tmp8l3gh603']
[2024-05-16T11:19:48.354+0000] {standard_task_runner.py:91} INFO - Job 387: Subtask import_table1
[2024-05-16T11:19:48.354+0000] {logging_mixin.py:188} WARNING - /home/***/.local/lib/python3.12/site-packages/***/task/task_runner/standard_task_runner.py:61 DeprecationWarning: This process (pid=199) is multi-threaded, use of fork() may lead to deadlocks in the child.
[2024-05-16T11:19:48.355+0000] {standard_task_runner.py:63} INFO - Started process 212 to run task
[2024-05-16T11:19:48.388+0000] {task_command.py:426} INFO - Running <TaskInstance: dag_tables.import_table1 scheduled__2024-05-07T00:00:00+00:00 [running]> on host 7084a6d88d3b
[2024-05-16T11:19:48.495+0000] {taskinstance.py:2644} INFO - Exporting env vars: AIRFLOW_CTX_DAG_OWNER='bses' AIRFLOW_CTX_DAG_ID='dag_tables' AIRFLOW_CTX_TASK_ID='import_table1' AIRFLOW_CTX_EXECUTION_DATE='2024-05-07T00:00:00+00:00' AIRFLOW_CTX_TRY_NUMBER='1' AIRFLOW_CTX_DAG_RUN_ID='scheduled__2024-05-07T00:00:00+00:00'
[2024-05-16T11:19:48.499+0000] {taskinstance.py:430} INFO - ::endgroup::
[2024-05-16T11:19:48.516+0000] {subprocess.py:63} INFO - Tmp dir root location: /tmp
[2024-05-16T11:19:48.517+0000] {subprocess.py:75} INFO - Running command: ['/usr/bin/bash', '-c', '\n            mysql -h host.docker.internal -u root --password=12345678 test < /opt/***/dags/products.sql;\n           ']
[2024-05-16T11:19:48.524+0000] {subprocess.py:86} INFO - Output:
[2024-05-16T11:19:48.598+0000] {subprocess.py:97} INFO - Command exited with return code 0
[2024-05-16T11:19:48.599+0000] {taskinstance.py:441} INFO - ::group::Post task execution logs
[2024-05-16T11:19:48.623+0000] {taskinstance.py:1205} INFO - Marking task as SUCCESS. dag_id=dag_tables, task_id=import_table1, execution_date=20240507T000000, start_date=20240516T111948, end_date=20240516T111948
[2024-05-16T11:19:48.668+0000] {local_task_job_runner.py:240} INFO - Task exited with return code 0
[2024-05-16T11:19:48.696+0000] {taskinstance.py:3482} INFO - 1 downstream tasks scheduled from follow-on schedule check
[2024-05-16T11:19:48.704+0000] {local_task_job_runner.py:222} INFO - ::endgroup::
[2024-05-16T11:22:30.646+0000] {local_task_job_runner.py:120} INFO - ::group::Pre task execution logs
[2024-05-16T11:22:30.672+0000] {taskinstance.py:2073} INFO - Dependencies all met for dep_context=non-requeueable deps ti=<TaskInstance: dag_tables.import_table1 scheduled__2024-05-07T00:00:00+00:00 [queued]>
[2024-05-16T11:22:30.679+0000] {taskinstance.py:2073} INFO - Dependencies all met for dep_context=requeueable deps ti=<TaskInstance: dag_tables.import_table1 scheduled__2024-05-07T00:00:00+00:00 [queued]>
[2024-05-16T11:22:30.680+0000] {taskinstance.py:2303} INFO - Starting attempt 1 of 6
[2024-05-16T11:22:30.691+0000] {taskinstance.py:2327} INFO - Executing <Task(BashOperator): import_table1> on 2024-05-07 00:00:00+00:00
[2024-05-16T11:22:30.697+0000] {standard_task_runner.py:90} INFO - Running: ['***', 'tasks', 'run', 'dag_tables', 'import_table1', 'scheduled__2024-05-07T00:00:00+00:00', '--job-id', '435', '--raw', '--subdir', 'DAGS_FOLDER/dag_mysql.py', '--cfg-path', '/tmp/tmpbyf8tntx']
[2024-05-16T11:22:30.702+0000] {standard_task_runner.py:91} INFO - Job 435: Subtask import_table1
[2024-05-16T11:22:30.700+0000] {logging_mixin.py:188} WARNING - /home/***/.local/lib/python3.12/site-packages/***/task/task_runner/standard_task_runner.py:61 DeprecationWarning: This process (pid=459) is multi-threaded, use of fork() may lead to deadlocks in the child.
[2024-05-16T11:22:30.705+0000] {standard_task_runner.py:63} INFO - Started process 472 to run task
[2024-05-16T11:22:30.740+0000] {task_command.py:426} INFO - Running <TaskInstance: dag_tables.import_table1 scheduled__2024-05-07T00:00:00+00:00 [running]> on host 7084a6d88d3b
[2024-05-16T11:22:30.806+0000] {taskinstance.py:2644} INFO - Exporting env vars: AIRFLOW_CTX_DAG_OWNER='bses' AIRFLOW_CTX_DAG_ID='dag_tables' AIRFLOW_CTX_TASK_ID='import_table1' AIRFLOW_CTX_EXECUTION_DATE='2024-05-07T00:00:00+00:00' AIRFLOW_CTX_TRY_NUMBER='1' AIRFLOW_CTX_DAG_RUN_ID='scheduled__2024-05-07T00:00:00+00:00'
[2024-05-16T11:22:30.807+0000] {taskinstance.py:430} INFO - ::endgroup::
[2024-05-16T11:22:30.816+0000] {subprocess.py:63} INFO - Tmp dir root location: /tmp
[2024-05-16T11:22:30.818+0000] {subprocess.py:75} INFO - Running command: ['/usr/bin/bash', '-c', '\n            mysql -h host.docker.internal -u root --password=12345678 test < /opt/***/dags/products.sql\n           ']
[2024-05-16T11:22:30.828+0000] {subprocess.py:86} INFO - Output:
[2024-05-16T11:22:30.906+0000] {subprocess.py:97} INFO - Command exited with return code 0
[2024-05-16T11:22:30.908+0000] {taskinstance.py:441} INFO - ::group::Post task execution logs
[2024-05-16T11:22:30.935+0000] {taskinstance.py:1205} INFO - Marking task as SUCCESS. dag_id=dag_tables, task_id=import_table1, execution_date=20240507T000000, start_date=20240516T112230, end_date=20240516T112230
[2024-05-16T11:22:30.973+0000] {local_task_job_runner.py:240} INFO - Task exited with return code 0
[2024-05-16T11:22:31.007+0000] {taskinstance.py:3482} INFO - 0 downstream tasks scheduled from follow-on schedule check
[2024-05-16T11:22:31.020+0000] {local_task_job_runner.py:222} INFO - ::endgroup::
[2024-05-16T11:24:46.474+0000] {local_task_job_runner.py:120} INFO - ::group::Pre task execution logs
[2024-05-16T11:24:46.509+0000] {taskinstance.py:2073} INFO - Dependencies all met for dep_context=non-requeueable deps ti=<TaskInstance: dag_tables.import_table1 scheduled__2024-05-07T00:00:00+00:00 [queued]>
[2024-05-16T11:24:46.520+0000] {taskinstance.py:2073} INFO - Dependencies all met for dep_context=requeueable deps ti=<TaskInstance: dag_tables.import_table1 scheduled__2024-05-07T00:00:00+00:00 [queued]>
[2024-05-16T11:24:46.523+0000] {taskinstance.py:2303} INFO - Starting attempt 1 of 6
[2024-05-16T11:24:46.539+0000] {taskinstance.py:2327} INFO - Executing <Task(BashOperator): import_table1> on 2024-05-07 00:00:00+00:00
[2024-05-16T11:24:46.543+0000] {logging_mixin.py:188} WARNING - /home/***/.local/lib/python3.12/site-packages/***/task/task_runner/standard_task_runner.py:61 DeprecationWarning: This process (pid=714) is multi-threaded, use of fork() may lead to deadlocks in the child.
[2024-05-16T11:24:46.545+0000] {standard_task_runner.py:63} INFO - Started process 735 to run task
[2024-05-16T11:24:46.546+0000] {standard_task_runner.py:90} INFO - Running: ['***', 'tasks', 'run', 'dag_tables', 'import_table1', 'scheduled__2024-05-07T00:00:00+00:00', '--job-id', '491', '--raw', '--subdir', 'DAGS_FOLDER/dag_mysql.py', '--cfg-path', '/tmp/tmp9n9fbs5t']
[2024-05-16T11:24:46.554+0000] {standard_task_runner.py:91} INFO - Job 491: Subtask import_table1
[2024-05-16T11:24:46.655+0000] {task_command.py:426} INFO - Running <TaskInstance: dag_tables.import_table1 scheduled__2024-05-07T00:00:00+00:00 [running]> on host 7084a6d88d3b
[2024-05-16T11:24:46.744+0000] {taskinstance.py:2644} INFO - Exporting env vars: AIRFLOW_CTX_DAG_OWNER='bses' AIRFLOW_CTX_DAG_ID='dag_tables' AIRFLOW_CTX_TASK_ID='import_table1' AIRFLOW_CTX_EXECUTION_DATE='2024-05-07T00:00:00+00:00' AIRFLOW_CTX_TRY_NUMBER='1' AIRFLOW_CTX_DAG_RUN_ID='scheduled__2024-05-07T00:00:00+00:00'
[2024-05-16T11:24:46.748+0000] {taskinstance.py:430} INFO - ::endgroup::
[2024-05-16T11:24:46.759+0000] {subprocess.py:63} INFO - Tmp dir root location: /tmp
[2024-05-16T11:24:46.762+0000] {subprocess.py:75} INFO - Running command: ['/usr/bin/bash', '-c', '\n            mysql -h host.docker.internal -u root --password=12345678 test < /opt/***/dags/products.sql\n           ']
[2024-05-16T11:24:46.771+0000] {subprocess.py:86} INFO - Output:
[2024-05-16T11:24:46.875+0000] {subprocess.py:97} INFO - Command exited with return code 0
[2024-05-16T11:24:46.877+0000] {taskinstance.py:441} INFO - ::group::Post task execution logs
[2024-05-16T11:24:46.894+0000] {taskinstance.py:1205} INFO - Marking task as SUCCESS. dag_id=dag_tables, task_id=import_table1, execution_date=20240507T000000, start_date=20240516T112446, end_date=20240516T112446
[2024-05-16T11:24:46.944+0000] {local_task_job_runner.py:240} INFO - Task exited with return code 0
[2024-05-16T11:24:46.953+0000] {taskinstance.py:3482} INFO - 0 downstream tasks scheduled from follow-on schedule check
[2024-05-16T11:24:46.955+0000] {local_task_job_runner.py:222} INFO - ::endgroup::
[2024-05-16T11:27:48.032+0000] {local_task_job_runner.py:120} INFO - ::group::Pre task execution logs
[2024-05-16T11:27:48.057+0000] {taskinstance.py:2073} INFO - Dependencies all met for dep_context=non-requeueable deps ti=<TaskInstance: dag_tables.import_table1 scheduled__2024-05-07T00:00:00+00:00 [queued]>
[2024-05-16T11:27:48.061+0000] {taskinstance.py:2073} INFO - Dependencies all met for dep_context=requeueable deps ti=<TaskInstance: dag_tables.import_table1 scheduled__2024-05-07T00:00:00+00:00 [queued]>
[2024-05-16T11:27:48.061+0000] {taskinstance.py:2303} INFO - Starting attempt 1 of 6
[2024-05-16T11:27:48.080+0000] {taskinstance.py:2327} INFO - Executing <Task(BashOperator): import_table1> on 2024-05-07 00:00:00+00:00
[2024-05-16T11:27:48.086+0000] {logging_mixin.py:188} WARNING - /home/***/.local/lib/python3.12/site-packages/***/task/task_runner/standard_task_runner.py:61 DeprecationWarning: This process (pid=896) is multi-threaded, use of fork() may lead to deadlocks in the child.
[2024-05-16T11:27:48.088+0000] {standard_task_runner.py:63} INFO - Started process 909 to run task
[2024-05-16T11:27:48.087+0000] {standard_task_runner.py:90} INFO - Running: ['***', 'tasks', 'run', 'dag_tables', 'import_table1', 'scheduled__2024-05-07T00:00:00+00:00', '--job-id', '515', '--raw', '--subdir', 'DAGS_FOLDER/dag_mysql.py', '--cfg-path', '/tmp/tmpz6yg5tv1']
[2024-05-16T11:27:48.091+0000] {standard_task_runner.py:91} INFO - Job 515: Subtask import_table1
[2024-05-16T11:27:48.138+0000] {task_command.py:426} INFO - Running <TaskInstance: dag_tables.import_table1 scheduled__2024-05-07T00:00:00+00:00 [running]> on host 7084a6d88d3b
[2024-05-16T11:27:48.215+0000] {taskinstance.py:2644} INFO - Exporting env vars: AIRFLOW_CTX_DAG_OWNER='bses' AIRFLOW_CTX_DAG_ID='dag_tables' AIRFLOW_CTX_TASK_ID='import_table1' AIRFLOW_CTX_EXECUTION_DATE='2024-05-07T00:00:00+00:00' AIRFLOW_CTX_TRY_NUMBER='1' AIRFLOW_CTX_DAG_RUN_ID='scheduled__2024-05-07T00:00:00+00:00'
[2024-05-16T11:27:48.216+0000] {taskinstance.py:430} INFO - ::endgroup::
[2024-05-16T11:27:48.227+0000] {subprocess.py:63} INFO - Tmp dir root location: /tmp
[2024-05-16T11:27:48.228+0000] {subprocess.py:75} INFO - Running command: ['/usr/bin/bash', '-c', '\n            mysql -h host.docker.internal -u root --password=12345678 test < /opt/***/dags/products.sql\n           ']
[2024-05-16T11:27:48.236+0000] {subprocess.py:86} INFO - Output:
[2024-05-16T11:27:48.316+0000] {subprocess.py:97} INFO - Command exited with return code 0
[2024-05-16T11:27:48.318+0000] {taskinstance.py:441} INFO - ::group::Post task execution logs
[2024-05-16T11:27:48.335+0000] {taskinstance.py:1205} INFO - Marking task as SUCCESS. dag_id=dag_tables, task_id=import_table1, execution_date=20240507T000000, start_date=20240516T112748, end_date=20240516T112748
[2024-05-16T11:27:48.356+0000] {local_task_job_runner.py:240} INFO - Task exited with return code 0
[2024-05-16T11:27:48.368+0000] {taskinstance.py:3482} INFO - 0 downstream tasks scheduled from follow-on schedule check
[2024-05-16T11:27:48.369+0000] {local_task_job_runner.py:222} INFO - ::endgroup::
