[2024-05-15T10:35:48.953+0000] {local_task_job_runner.py:120} INFO - ::group::Pre task execution logs
[2024-05-15T10:35:48.970+0000] {taskinstance.py:2073} INFO - Dependencies all met for dep_context=non-requeueable deps ti=<TaskInstance: hdfs_create_directory.create_hdfs_directory manual__2024-05-15T10:35:48.074372+00:00 [queued]>
[2024-05-15T10:35:48.974+0000] {taskinstance.py:2073} INFO - Dependencies all met for dep_context=requeueable deps ti=<TaskInstance: hdfs_create_directory.create_hdfs_directory manual__2024-05-15T10:35:48.074372+00:00 [queued]>
[2024-05-15T10:35:48.974+0000] {taskinstance.py:2303} INFO - Starting attempt 1 of 2
[2024-05-15T10:35:48.979+0000] {taskinstance.py:2327} INFO - Executing <Task(BashOperator): create_hdfs_directory> on 2024-05-15 10:35:48.074372+00:00
[2024-05-15T10:35:48.983+0000] {standard_task_runner.py:90} INFO - Running: ['***', 'tasks', 'run', 'hdfs_create_directory', 'create_hdfs_directory', 'manual__2024-05-15T10:35:48.074372+00:00', '--job-id', '214', '--raw', '--subdir', 'DAGS_FOLDER/hdfs_dag.py', '--cfg-path', '/tmp/tmpx8yshu29']
[2024-05-15T10:35:48.985+0000] {logging_mixin.py:188} WARNING - /home/***/.local/lib/python3.12/site-packages/***/task/task_runner/standard_task_runner.py:61 DeprecationWarning: This process (pid=403) is multi-threaded, use of fork() may lead to deadlocks in the child.
[2024-05-15T10:35:48.985+0000] {standard_task_runner.py:91} INFO - Job 214: Subtask create_hdfs_directory
[2024-05-15T10:35:48.985+0000] {standard_task_runner.py:63} INFO - Started process 404 to run task
[2024-05-15T10:35:49.006+0000] {task_command.py:426} INFO - Running <TaskInstance: hdfs_create_directory.create_hdfs_directory manual__2024-05-15T10:35:48.074372+00:00 [running]> on host 8fa157e7798a
[2024-05-15T10:35:49.041+0000] {taskinstance.py:2644} INFO - Exporting env vars: AIRFLOW_CTX_DAG_OWNER='***' AIRFLOW_CTX_DAG_ID='hdfs_create_directory' AIRFLOW_CTX_TASK_ID='create_hdfs_directory' AIRFLOW_CTX_EXECUTION_DATE='2024-05-15T10:35:48.074372+00:00' AIRFLOW_CTX_TRY_NUMBER='1' AIRFLOW_CTX_DAG_RUN_ID='manual__2024-05-15T10:35:48.074372+00:00'
[2024-05-15T10:35:49.042+0000] {taskinstance.py:430} INFO - ::endgroup::
[2024-05-15T10:35:49.049+0000] {subprocess.py:63} INFO - Tmp dir root location: /tmp
[2024-05-15T10:35:49.050+0000] {subprocess.py:75} INFO - Running command: ['/usr/bin/bash', '-c', '\nhdfs dfs -mkdir /bses1']
[2024-05-15T10:35:49.053+0000] {subprocess.py:86} INFO - Output:
[2024-05-15T10:35:49.055+0000] {subprocess.py:93} INFO - /usr/bin/bash: line 2: hdfs: command not found
[2024-05-15T10:35:49.055+0000] {subprocess.py:97} INFO - Command exited with return code 127
[2024-05-15T10:35:49.055+0000] {taskinstance.py:441} INFO - ::group::Post task execution logs
[2024-05-15T10:35:49.060+0000] {taskinstance.py:2890} ERROR - Task failed with exception
Traceback (most recent call last):
  File "/home/airflow/.local/lib/python3.12/site-packages/airflow/models/taskinstance.py", line 465, in _execute_task
    result = _execute_callable(context=context, **execute_callable_kwargs)
             ^^^^^^^^^^^^^^^^^^^^^^^^^^^^^^^^^^^^^^^^^^^^^^^^^^^^^^^^^^^^^
  File "/home/airflow/.local/lib/python3.12/site-packages/airflow/models/taskinstance.py", line 432, in _execute_callable
    return execute_callable(context=context, **execute_callable_kwargs)
           ^^^^^^^^^^^^^^^^^^^^^^^^^^^^^^^^^^^^^^^^^^^^^^^^^^^^^^^^^^^^
  File "/home/airflow/.local/lib/python3.12/site-packages/airflow/models/baseoperator.py", line 400, in wrapper
    return func(self, *args, **kwargs)
           ^^^^^^^^^^^^^^^^^^^^^^^^^^^
  File "/home/airflow/.local/lib/python3.12/site-packages/airflow/operators/bash.py", line 243, in execute
    raise AirflowException(
airflow.exceptions.AirflowException: Bash command failed. The command returned a non-zero exit code 127.
[2024-05-15T10:35:49.062+0000] {taskinstance.py:1205} INFO - Marking task as UP_FOR_RETRY. dag_id=hdfs_create_directory, task_id=create_hdfs_directory, execution_date=20240515T103548, start_date=20240515T103548, end_date=20240515T103549
[2024-05-15T10:35:49.067+0000] {standard_task_runner.py:110} ERROR - Failed to execute job 214 for task create_hdfs_directory (Bash command failed. The command returned a non-zero exit code 127.; 404)
[2024-05-15T10:35:49.085+0000] {local_task_job_runner.py:240} INFO - Task exited with return code 1
[2024-05-15T10:35:49.093+0000] {taskinstance.py:3482} INFO - 0 downstream tasks scheduled from follow-on schedule check
[2024-05-15T10:35:49.094+0000] {local_task_job_runner.py:222} INFO - ::endgroup::
