[2024-05-15T10:15:42.201+0000] {local_task_job_runner.py:120} INFO - ::group::Pre task execution logs
[2024-05-15T10:15:42.234+0000] {taskinstance.py:2073} INFO - Dependencies all met for dep_context=non-requeueable deps ti=<TaskInstance: dag_hdfs.save scheduled__2024-05-02T00:00:00+00:00 [queued]>
[2024-05-15T10:15:42.241+0000] {taskinstance.py:2073} INFO - Dependencies all met for dep_context=requeueable deps ti=<TaskInstance: dag_hdfs.save scheduled__2024-05-02T00:00:00+00:00 [queued]>
[2024-05-15T10:15:42.242+0000] {taskinstance.py:2303} INFO - Starting attempt 1 of 6
[2024-05-15T10:15:42.331+0000] {taskinstance.py:2327} INFO - Executing <Task(PythonOperator): save> on 2024-05-02 00:00:00+00:00
[2024-05-15T10:15:42.343+0000] {logging_mixin.py:188} WARNING - /home/***/.local/lib/python3.12/site-packages/***/task/task_runner/standard_task_runner.py:61 DeprecationWarning: This process (pid=215) is multi-threaded, use of fork() may lead to deadlocks in the child.
[2024-05-15T10:15:42.348+0000] {standard_task_runner.py:63} INFO - Started process 228 to run task
[2024-05-15T10:15:42.344+0000] {standard_task_runner.py:90} INFO - Running: ['***', 'tasks', 'run', 'dag_hdfs', 'save', 'scheduled__2024-05-02T00:00:00+00:00', '--job-id', '141', '--raw', '--subdir', 'DAGS_FOLDER/hdfs_dag.py', '--cfg-path', '/tmp/tmpg__g8o8u']
[2024-05-15T10:15:42.350+0000] {standard_task_runner.py:91} INFO - Job 141: Subtask save
[2024-05-15T10:15:42.418+0000] {task_command.py:426} INFO - Running <TaskInstance: dag_hdfs.save scheduled__2024-05-02T00:00:00+00:00 [running]> on host f85b7a0b58b5
[2024-05-15T10:15:42.532+0000] {taskinstance.py:2644} INFO - Exporting env vars: AIRFLOW_CTX_DAG_OWNER='bses' AIRFLOW_CTX_DAG_ID='dag_hdfs' AIRFLOW_CTX_TASK_ID='save' AIRFLOW_CTX_EXECUTION_DATE='2024-05-02T00:00:00+00:00' AIRFLOW_CTX_TRY_NUMBER='1' AIRFLOW_CTX_DAG_RUN_ID='scheduled__2024-05-02T00:00:00+00:00'
[2024-05-15T10:15:42.536+0000] {taskinstance.py:430} INFO - ::endgroup::
[2024-05-15T10:15:42.555+0000] {logging_mixin.py:188} INFO - Error  /bin/sh: 1: hdfs: Permission denied
[2024-05-15T10:15:42.557+0000] {python.py:237} INFO - Done. Returned value was: None
[2024-05-15T10:15:42.561+0000] {taskinstance.py:441} INFO - ::group::Post task execution logs
[2024-05-15T10:15:42.570+0000] {taskinstance.py:1205} INFO - Marking task as SUCCESS. dag_id=dag_hdfs, task_id=save, execution_date=20240502T000000, start_date=20240515T101542, end_date=20240515T101542
[2024-05-15T10:15:42.656+0000] {local_task_job_runner.py:240} INFO - Task exited with return code 0
[2024-05-15T10:15:42.675+0000] {taskinstance.py:3482} INFO - 1 downstream tasks scheduled from follow-on schedule check
[2024-05-15T10:15:42.684+0000] {local_task_job_runner.py:222} INFO - ::endgroup::
[2024-05-15T10:20:35.333+0000] {local_task_job_runner.py:120} INFO - ::group::Pre task execution logs
[2024-05-15T10:20:35.381+0000] {taskinstance.py:2073} INFO - Dependencies all met for dep_context=non-requeueable deps ti=<TaskInstance: dag_hdfs.save scheduled__2024-05-02T00:00:00+00:00 [queued]>
[2024-05-15T10:20:35.391+0000] {taskinstance.py:2073} INFO - Dependencies all met for dep_context=requeueable deps ti=<TaskInstance: dag_hdfs.save scheduled__2024-05-02T00:00:00+00:00 [queued]>
[2024-05-15T10:20:35.397+0000] {taskinstance.py:2303} INFO - Starting attempt 1 of 6
[2024-05-15T10:20:35.436+0000] {taskinstance.py:2327} INFO - Executing <Task(BashOperator): save> on 2024-05-02 00:00:00+00:00
[2024-05-15T10:20:35.445+0000] {logging_mixin.py:188} WARNING - /home/***/.local/lib/python3.12/site-packages/***/task/task_runner/standard_task_runner.py:61 DeprecationWarning: This process (pid=497) is multi-threaded, use of fork() may lead to deadlocks in the child.
[2024-05-15T10:20:35.447+0000] {standard_task_runner.py:63} INFO - Started process 518 to run task
[2024-05-15T10:20:35.446+0000] {standard_task_runner.py:90} INFO - Running: ['***', 'tasks', 'run', 'dag_hdfs', 'save', 'scheduled__2024-05-02T00:00:00+00:00', '--job-id', '171', '--raw', '--subdir', 'DAGS_FOLDER/hdfs_dag.py', '--cfg-path', '/tmp/tmpkzjbd5rx']
[2024-05-15T10:20:35.458+0000] {standard_task_runner.py:91} INFO - Job 171: Subtask save
[2024-05-15T10:20:35.555+0000] {task_command.py:426} INFO - Running <TaskInstance: dag_hdfs.save scheduled__2024-05-02T00:00:00+00:00 [running]> on host f85b7a0b58b5
[2024-05-15T10:20:35.825+0000] {taskinstance.py:2644} INFO - Exporting env vars: AIRFLOW_CTX_DAG_OWNER='bses' AIRFLOW_CTX_DAG_ID='dag_hdfs' AIRFLOW_CTX_TASK_ID='save' AIRFLOW_CTX_EXECUTION_DATE='2024-05-02T00:00:00+00:00' AIRFLOW_CTX_TRY_NUMBER='1' AIRFLOW_CTX_DAG_RUN_ID='scheduled__2024-05-02T00:00:00+00:00'
[2024-05-15T10:20:35.833+0000] {taskinstance.py:430} INFO - ::endgroup::
[2024-05-15T10:20:35.860+0000] {subprocess.py:63} INFO - Tmp dir root location: /tmp
[2024-05-15T10:20:35.863+0000] {subprocess.py:75} INFO - Running command: ['/usr/bin/bash', '-c', 'hdfs dfs -mkdir /tmp']
[2024-05-15T10:20:35.885+0000] {subprocess.py:86} INFO - Output:
[2024-05-15T10:20:35.888+0000] {subprocess.py:93} INFO - /usr/bin/bash: line 1: hdfs: command not found
[2024-05-15T10:20:35.890+0000] {subprocess.py:97} INFO - Command exited with return code 127
[2024-05-15T10:20:35.896+0000] {taskinstance.py:441} INFO - ::group::Post task execution logs
[2024-05-15T10:20:35.919+0000] {taskinstance.py:2890} ERROR - Task failed with exception
Traceback (most recent call last):
  File "/home/airflow/.local/lib/python3.12/site-packages/airflow/models/taskinstance.py", line 465, in _execute_task
    result = _execute_callable(context=context, **execute_callable_kwargs)
             ^^^^^^^^^^^^^^^^^^^^^^^^^^^^^^^^^^^^^^^^^^^^^^^^^^^^^^^^^^^^^
  File "/home/airflow/.local/lib/python3.12/site-packages/airflow/models/taskinstance.py", line 432, in _execute_callable
    return execute_callable(context=context, **execute_callable_kwargs)
           ^^^^^^^^^^^^^^^^^^^^^^^^^^^^^^^^^^^^^^^^^^^^^^^^^^^^^^^^^^^^
  File "/home/airflow/.local/lib/python3.12/site-packages/airflow/models/baseoperator.py", line 400, in wrapper
    return func(self, *args, **kwargs)
           ^^^^^^^^^^^^^^^^^^^^^^^^^^^
  File "/home/airflow/.local/lib/python3.12/site-packages/airflow/operators/bash.py", line 243, in execute
    raise AirflowException(
airflow.exceptions.AirflowException: Bash command failed. The command returned a non-zero exit code 127.
[2024-05-15T10:20:35.934+0000] {taskinstance.py:1205} INFO - Marking task as UP_FOR_RETRY. dag_id=dag_hdfs, task_id=save, execution_date=20240502T000000, start_date=20240515T102035, end_date=20240515T102035
[2024-05-15T10:20:35.978+0000] {standard_task_runner.py:110} ERROR - Failed to execute job 171 for task save (Bash command failed. The command returned a non-zero exit code 127.; 518)
[2024-05-15T10:20:36.053+0000] {local_task_job_runner.py:240} INFO - Task exited with return code 1
[2024-05-15T10:20:36.077+0000] {taskinstance.py:3482} INFO - 0 downstream tasks scheduled from follow-on schedule check
[2024-05-15T10:20:36.082+0000] {local_task_job_runner.py:222} INFO - ::endgroup::
[2024-05-15T10:31:14.529+0000] {local_task_job_runner.py:120} INFO - ::group::Pre task execution logs
[2024-05-15T10:31:14.564+0000] {taskinstance.py:2073} INFO - Dependencies all met for dep_context=non-requeueable deps ti=<TaskInstance: dag_hdfs.save scheduled__2024-05-02T00:00:00+00:00 [queued]>
[2024-05-15T10:31:14.576+0000] {taskinstance.py:2073} INFO - Dependencies all met for dep_context=requeueable deps ti=<TaskInstance: dag_hdfs.save scheduled__2024-05-02T00:00:00+00:00 [queued]>
[2024-05-15T10:31:14.578+0000] {taskinstance.py:2303} INFO - Starting attempt 1 of 6
[2024-05-15T10:31:14.984+0000] {taskinstance.py:2327} INFO - Executing <Task(BashOperator): save> on 2024-05-02 00:00:00+00:00
[2024-05-15T10:31:15.005+0000] {standard_task_runner.py:90} INFO - Running: ['***', 'tasks', 'run', 'dag_hdfs', 'save', 'scheduled__2024-05-02T00:00:00+00:00', '--job-id', '201', '--raw', '--subdir', 'DAGS_FOLDER/hdfs_dag.py', '--cfg-path', '/tmp/tmplu8m2ndg']
[2024-05-15T10:31:15.032+0000] {standard_task_runner.py:91} INFO - Job 201: Subtask save
[2024-05-15T10:31:15.029+0000] {logging_mixin.py:188} WARNING - /home/***/.local/lib/python3.12/site-packages/***/task/task_runner/standard_task_runner.py:61 DeprecationWarning: This process (pid=198) is multi-threaded, use of fork() may lead to deadlocks in the child.
[2024-05-15T10:31:15.046+0000] {standard_task_runner.py:63} INFO - Started process 223 to run task
[2024-05-15T10:31:15.147+0000] {task_command.py:426} INFO - Running <TaskInstance: dag_hdfs.save scheduled__2024-05-02T00:00:00+00:00 [running]> on host 8fa157e7798a
[2024-05-15T10:31:15.336+0000] {taskinstance.py:2644} INFO - Exporting env vars: AIRFLOW_CTX_DAG_OWNER='bses' AIRFLOW_CTX_DAG_ID='dag_hdfs' AIRFLOW_CTX_TASK_ID='save' AIRFLOW_CTX_EXECUTION_DATE='2024-05-02T00:00:00+00:00' AIRFLOW_CTX_TRY_NUMBER='1' AIRFLOW_CTX_DAG_RUN_ID='scheduled__2024-05-02T00:00:00+00:00'
[2024-05-15T10:31:15.342+0000] {taskinstance.py:430} INFO - ::endgroup::
[2024-05-15T10:31:15.389+0000] {subprocess.py:63} INFO - Tmp dir root location: /tmp
[2024-05-15T10:31:15.407+0000] {subprocess.py:75} INFO - Running command: ['/usr/bin/bash', '-c', 'hdfs dfs -mkdir /tmp']
[2024-05-15T10:31:15.426+0000] {subprocess.py:86} INFO - Output:
[2024-05-15T10:31:15.444+0000] {subprocess.py:93} INFO - /usr/bin/bash: line 1: hdfs: command not found
[2024-05-15T10:31:15.448+0000] {subprocess.py:97} INFO - Command exited with return code 127
[2024-05-15T10:31:15.450+0000] {taskinstance.py:441} INFO - ::group::Post task execution logs
[2024-05-15T10:31:15.469+0000] {taskinstance.py:2890} ERROR - Task failed with exception
Traceback (most recent call last):
  File "/home/airflow/.local/lib/python3.12/site-packages/airflow/models/taskinstance.py", line 465, in _execute_task
    result = _execute_callable(context=context, **execute_callable_kwargs)
             ^^^^^^^^^^^^^^^^^^^^^^^^^^^^^^^^^^^^^^^^^^^^^^^^^^^^^^^^^^^^^
  File "/home/airflow/.local/lib/python3.12/site-packages/airflow/models/taskinstance.py", line 432, in _execute_callable
    return execute_callable(context=context, **execute_callable_kwargs)
           ^^^^^^^^^^^^^^^^^^^^^^^^^^^^^^^^^^^^^^^^^^^^^^^^^^^^^^^^^^^^
  File "/home/airflow/.local/lib/python3.12/site-packages/airflow/models/baseoperator.py", line 400, in wrapper
    return func(self, *args, **kwargs)
           ^^^^^^^^^^^^^^^^^^^^^^^^^^^
  File "/home/airflow/.local/lib/python3.12/site-packages/airflow/operators/bash.py", line 243, in execute
    raise AirflowException(
airflow.exceptions.AirflowException: Bash command failed. The command returned a non-zero exit code 127.
[2024-05-15T10:31:15.478+0000] {taskinstance.py:1205} INFO - Marking task as UP_FOR_RETRY. dag_id=dag_hdfs, task_id=save, execution_date=20240502T000000, start_date=20240515T103114, end_date=20240515T103115
[2024-05-15T10:31:15.522+0000] {standard_task_runner.py:110} ERROR - Failed to execute job 201 for task save (Bash command failed. The command returned a non-zero exit code 127.; 223)
[2024-05-15T10:31:15.572+0000] {local_task_job_runner.py:240} INFO - Task exited with return code 1
[2024-05-15T10:31:15.604+0000] {taskinstance.py:3482} INFO - 0 downstream tasks scheduled from follow-on schedule check
[2024-05-15T10:31:15.614+0000] {local_task_job_runner.py:222} INFO - ::endgroup::
