[2024-05-03T17:59:25.947+0000] {local_task_job_runner.py:120} INFO - ::group::Pre task execution logs
[2024-05-03T17:59:25.966+0000] {taskinstance.py:2073} INFO - Dependencies all met for dep_context=non-requeueable deps ti=<TaskInstance: create_dag_pythonv5.greet scheduled__2024-05-02T00:00:00+00:00 [queued]>
[2024-05-03T17:59:25.970+0000] {taskinstance.py:2073} INFO - Dependencies all met for dep_context=requeueable deps ti=<TaskInstance: create_dag_pythonv5.greet scheduled__2024-05-02T00:00:00+00:00 [queued]>
[2024-05-03T17:59:25.971+0000] {taskinstance.py:2303} INFO - Starting attempt 1 of 6
[2024-05-03T17:59:25.978+0000] {taskinstance.py:2327} INFO - Executing <Task(PythonOperator): greet> on 2024-05-02 00:00:00+00:00
[2024-05-03T17:59:25.983+0000] {standard_task_runner.py:90} INFO - Running: ['***', 'tasks', 'run', 'create_dag_pythonv5', 'greet', 'scheduled__2024-05-02T00:00:00+00:00', '--job-id', '29', '--raw', '--subdir', 'DAGS_FOLDER/create_dag_python.py', '--cfg-path', '/tmp/tmp3hw43jub']
[2024-05-03T17:59:25.984+0000] {logging_mixin.py:188} WARNING - /home/***/.local/lib/python3.12/site-packages/***/task/task_runner/standard_task_runner.py:61 DeprecationWarning: This process (pid=979) is multi-threaded, use of fork() may lead to deadlocks in the child.
[2024-05-03T17:59:25.984+0000] {standard_task_runner.py:91} INFO - Job 29: Subtask greet
[2024-05-03T17:59:25.984+0000] {standard_task_runner.py:63} INFO - Started process 982 to run task
[2024-05-03T17:59:26.014+0000] {task_command.py:426} INFO - Running <TaskInstance: create_dag_pythonv5.greet scheduled__2024-05-02T00:00:00+00:00 [running]> on host 697ad57716e5
[2024-05-03T17:59:26.058+0000] {taskinstance.py:2644} INFO - Exporting env vars: AIRFLOW_CTX_DAG_OWNER='bses' AIRFLOW_CTX_DAG_ID='create_dag_pythonv5' AIRFLOW_CTX_TASK_ID='greet' AIRFLOW_CTX_EXECUTION_DATE='2024-05-02T00:00:00+00:00' AIRFLOW_CTX_TRY_NUMBER='1' AIRFLOW_CTX_DAG_RUN_ID='scheduled__2024-05-02T00:00:00+00:00'
[2024-05-03T17:59:26.059+0000] {taskinstance.py:430} INFO - ::endgroup::
[2024-05-03T17:59:26.078+0000] {logging_mixin.py:188} INFO - Hello World! My name is Jerry Fridman and I am 19 years old.
[2024-05-03T17:59:26.079+0000] {python.py:237} INFO - Done. Returned value was: None
[2024-05-03T17:59:26.079+0000] {taskinstance.py:441} INFO - ::group::Post task execution logs
[2024-05-03T17:59:26.084+0000] {taskinstance.py:1205} INFO - Marking task as SUCCESS. dag_id=create_dag_pythonv5, task_id=greet, execution_date=20240502T000000, start_date=20240503T175925, end_date=20240503T175926
[2024-05-03T17:59:26.124+0000] {local_task_job_runner.py:240} INFO - Task exited with return code 0
[2024-05-03T17:59:26.134+0000] {taskinstance.py:3482} INFO - 0 downstream tasks scheduled from follow-on schedule check
[2024-05-03T17:59:26.135+0000] {local_task_job_runner.py:222} INFO - ::endgroup::
[2024-05-04T05:51:21.699+0000] {local_task_job_runner.py:120} INFO - ::group::Pre task execution logs
[2024-05-04T05:51:21.714+0000] {taskinstance.py:2073} INFO - Dependencies all met for dep_context=non-requeueable deps ti=<TaskInstance: create_dag_pythonv5.greet scheduled__2024-05-02T00:00:00+00:00 [queued]>
[2024-05-04T05:51:21.718+0000] {taskinstance.py:2073} INFO - Dependencies all met for dep_context=requeueable deps ti=<TaskInstance: create_dag_pythonv5.greet scheduled__2024-05-02T00:00:00+00:00 [queued]>
[2024-05-04T05:51:21.718+0000] {taskinstance.py:2303} INFO - Starting attempt 1 of 6
[2024-05-04T05:51:21.724+0000] {taskinstance.py:2327} INFO - Executing <Task(PythonOperator): greet> on 2024-05-02 00:00:00+00:00
[2024-05-04T05:51:21.729+0000] {logging_mixin.py:188} WARNING - /home/***/.local/lib/python3.12/site-packages/***/task/task_runner/standard_task_runner.py:61 DeprecationWarning: This process (pid=250) is multi-threaded, use of fork() may lead to deadlocks in the child.
[2024-05-04T05:51:21.730+0000] {standard_task_runner.py:63} INFO - Started process 252 to run task
[2024-05-04T05:51:21.730+0000] {standard_task_runner.py:90} INFO - Running: ['***', 'tasks', 'run', 'create_dag_pythonv5', 'greet', 'scheduled__2024-05-02T00:00:00+00:00', '--job-id', '9', '--raw', '--subdir', 'DAGS_FOLDER/create_dag_python.py', '--cfg-path', '/tmp/tmpkzqnnjet']
[2024-05-04T05:51:21.732+0000] {standard_task_runner.py:91} INFO - Job 9: Subtask greet
[2024-05-04T05:51:21.754+0000] {task_command.py:426} INFO - Running <TaskInstance: create_dag_pythonv5.greet scheduled__2024-05-02T00:00:00+00:00 [running]> on host 97b2d875d020
[2024-05-04T05:51:21.792+0000] {taskinstance.py:2644} INFO - Exporting env vars: AIRFLOW_CTX_DAG_OWNER='bses' AIRFLOW_CTX_DAG_ID='create_dag_pythonv5' AIRFLOW_CTX_TASK_ID='greet' AIRFLOW_CTX_EXECUTION_DATE='2024-05-02T00:00:00+00:00' AIRFLOW_CTX_TRY_NUMBER='1' AIRFLOW_CTX_DAG_RUN_ID='scheduled__2024-05-02T00:00:00+00:00'
[2024-05-04T05:51:21.793+0000] {taskinstance.py:430} INFO - ::endgroup::
[2024-05-04T05:51:21.811+0000] {logging_mixin.py:188} INFO - Hello World! My name is Jerry Fridman and I am 19 years old.
[2024-05-04T05:51:21.812+0000] {python.py:237} INFO - Done. Returned value was: None
[2024-05-04T05:51:21.813+0000] {taskinstance.py:441} INFO - ::group::Post task execution logs
[2024-05-04T05:51:21.817+0000] {taskinstance.py:1205} INFO - Marking task as SUCCESS. dag_id=create_dag_pythonv5, task_id=greet, execution_date=20240502T000000, start_date=20240504T055121, end_date=20240504T055121
[2024-05-04T05:51:21.828+0000] {local_task_job_runner.py:240} INFO - Task exited with return code 0
[2024-05-04T05:51:21.836+0000] {taskinstance.py:3482} INFO - 0 downstream tasks scheduled from follow-on schedule check
[2024-05-04T05:51:21.837+0000] {local_task_job_runner.py:222} INFO - ::endgroup::
