[2024-05-16T11:19:48.973+0000] {local_task_job_runner.py:120} INFO - ::group::Pre task execution logs
[2024-05-16T11:19:48.997+0000] {taskinstance.py:2073} INFO - Dependencies all met for dep_context=non-requeueable deps ti=<TaskInstance: dag_tables.import_table2 scheduled__2024-05-05T00:00:00+00:00 [queued]>
[2024-05-16T11:19:49.001+0000] {taskinstance.py:2073} INFO - Dependencies all met for dep_context=requeueable deps ti=<TaskInstance: dag_tables.import_table2 scheduled__2024-05-05T00:00:00+00:00 [queued]>
[2024-05-16T11:19:49.002+0000] {taskinstance.py:2303} INFO - Starting attempt 1 of 6
[2024-05-16T11:19:49.019+0000] {taskinstance.py:2327} INFO - Executing <Task(BashOperator): import_table2> on 2024-05-05 00:00:00+00:00
[2024-05-16T11:19:49.032+0000] {standard_task_runner.py:90} INFO - Running: ['***', 'tasks', 'run', 'dag_tables', 'import_table2', 'scheduled__2024-05-05T00:00:00+00:00', '--job-id', '397', '--raw', '--subdir', 'DAGS_FOLDER/dag_mysql.py', '--cfg-path', '/tmp/tmpnsxkaw9a']
[2024-05-16T11:19:49.035+0000] {standard_task_runner.py:91} INFO - Job 397: Subtask import_table2
[2024-05-16T11:19:49.034+0000] {logging_mixin.py:188} WARNING - /home/***/.local/lib/python3.12/site-packages/***/task/task_runner/standard_task_runner.py:61 DeprecationWarning: This process (pid=234) is multi-threaded, use of fork() may lead to deadlocks in the child.
[2024-05-16T11:19:49.040+0000] {standard_task_runner.py:63} INFO - Started process 250 to run task
[2024-05-16T11:19:49.108+0000] {task_command.py:426} INFO - Running <TaskInstance: dag_tables.import_table2 scheduled__2024-05-05T00:00:00+00:00 [running]> on host 7084a6d88d3b
[2024-05-16T11:19:49.189+0000] {taskinstance.py:2644} INFO - Exporting env vars: AIRFLOW_CTX_DAG_OWNER='bses' AIRFLOW_CTX_DAG_ID='dag_tables' AIRFLOW_CTX_TASK_ID='import_table2' AIRFLOW_CTX_EXECUTION_DATE='2024-05-05T00:00:00+00:00' AIRFLOW_CTX_TRY_NUMBER='1' AIRFLOW_CTX_DAG_RUN_ID='scheduled__2024-05-05T00:00:00+00:00'
[2024-05-16T11:19:49.192+0000] {taskinstance.py:430} INFO - ::endgroup::
[2024-05-16T11:19:49.222+0000] {subprocess.py:63} INFO - Tmp dir root location: /tmp
[2024-05-16T11:19:49.225+0000] {subprocess.py:75} INFO - Running command: ['/usr/bin/bash', '-c', '\n                mysql -h host.docker.internal -u root --password=12345678 test < /opt/***/dags/product_category.sql;\n                ']
[2024-05-16T11:19:49.243+0000] {subprocess.py:86} INFO - Output:
[2024-05-16T11:19:49.360+0000] {subprocess.py:97} INFO - Command exited with return code 0
[2024-05-16T11:19:49.360+0000] {taskinstance.py:441} INFO - ::group::Post task execution logs
[2024-05-16T11:19:49.396+0000] {taskinstance.py:1205} INFO - Marking task as SUCCESS. dag_id=dag_tables, task_id=import_table2, execution_date=20240505T000000, start_date=20240516T111948, end_date=20240516T111949
[2024-05-16T11:19:49.438+0000] {local_task_job_runner.py:240} INFO - Task exited with return code 0
[2024-05-16T11:19:49.490+0000] {taskinstance.py:3482} INFO - 1 downstream tasks scheduled from follow-on schedule check
[2024-05-16T11:19:49.496+0000] {local_task_job_runner.py:222} INFO - ::endgroup::
[2024-05-16T11:22:31.084+0000] {local_task_job_runner.py:120} INFO - ::group::Pre task execution logs
[2024-05-16T11:22:31.119+0000] {taskinstance.py:2073} INFO - Dependencies all met for dep_context=non-requeueable deps ti=<TaskInstance: dag_tables.import_table2 scheduled__2024-05-05T00:00:00+00:00 [queued]>
[2024-05-16T11:22:31.131+0000] {taskinstance.py:2073} INFO - Dependencies all met for dep_context=requeueable deps ti=<TaskInstance: dag_tables.import_table2 scheduled__2024-05-05T00:00:00+00:00 [queued]>
[2024-05-16T11:22:31.132+0000] {taskinstance.py:2303} INFO - Starting attempt 1 of 6
[2024-05-16T11:22:31.158+0000] {taskinstance.py:2327} INFO - Executing <Task(BashOperator): import_table2> on 2024-05-05 00:00:00+00:00
[2024-05-16T11:22:31.175+0000] {logging_mixin.py:188} WARNING - /home/***/.local/lib/python3.12/site-packages/***/task/task_runner/standard_task_runner.py:61 DeprecationWarning: This process (pid=484) is multi-threaded, use of fork() may lead to deadlocks in the child.
[2024-05-16T11:22:31.175+0000] {standard_task_runner.py:90} INFO - Running: ['***', 'tasks', 'run', 'dag_tables', 'import_table2', 'scheduled__2024-05-05T00:00:00+00:00', '--job-id', '443', '--raw', '--subdir', 'DAGS_FOLDER/dag_mysql.py', '--cfg-path', '/tmp/tmp79qs1y4t']
[2024-05-16T11:22:31.182+0000] {standard_task_runner.py:63} INFO - Started process 499 to run task
[2024-05-16T11:22:31.185+0000] {standard_task_runner.py:91} INFO - Job 443: Subtask import_table2
[2024-05-16T11:22:31.244+0000] {task_command.py:426} INFO - Running <TaskInstance: dag_tables.import_table2 scheduled__2024-05-05T00:00:00+00:00 [running]> on host 7084a6d88d3b
[2024-05-16T11:22:31.326+0000] {taskinstance.py:2644} INFO - Exporting env vars: AIRFLOW_CTX_DAG_OWNER='bses' AIRFLOW_CTX_DAG_ID='dag_tables' AIRFLOW_CTX_TASK_ID='import_table2' AIRFLOW_CTX_EXECUTION_DATE='2024-05-05T00:00:00+00:00' AIRFLOW_CTX_TRY_NUMBER='1' AIRFLOW_CTX_DAG_RUN_ID='scheduled__2024-05-05T00:00:00+00:00'
[2024-05-16T11:22:31.328+0000] {taskinstance.py:430} INFO - ::endgroup::
[2024-05-16T11:22:31.352+0000] {subprocess.py:63} INFO - Tmp dir root location: /tmp
[2024-05-16T11:22:31.359+0000] {subprocess.py:75} INFO - Running command: ['/usr/bin/bash', '-c', '\n                mysql -h host.docker.internal -u root --password=12345678 test < /opt/***/dags/product_category.sql\n                ']
[2024-05-16T11:22:31.381+0000] {subprocess.py:86} INFO - Output:
[2024-05-16T11:22:31.504+0000] {subprocess.py:93} INFO - ERROR 1050 (42S01) at line 25: Table 'product_category' already exists
[2024-05-16T11:22:31.506+0000] {subprocess.py:97} INFO - Command exited with return code 1
[2024-05-16T11:22:31.508+0000] {taskinstance.py:441} INFO - ::group::Post task execution logs
[2024-05-16T11:22:31.518+0000] {taskinstance.py:2890} ERROR - Task failed with exception
Traceback (most recent call last):
  File "/home/airflow/.local/lib/python3.12/site-packages/airflow/models/taskinstance.py", line 465, in _execute_task
    result = _execute_callable(context=context, **execute_callable_kwargs)
             ^^^^^^^^^^^^^^^^^^^^^^^^^^^^^^^^^^^^^^^^^^^^^^^^^^^^^^^^^^^^^
  File "/home/airflow/.local/lib/python3.12/site-packages/airflow/models/taskinstance.py", line 432, in _execute_callable
    return execute_callable(context=context, **execute_callable_kwargs)
           ^^^^^^^^^^^^^^^^^^^^^^^^^^^^^^^^^^^^^^^^^^^^^^^^^^^^^^^^^^^^
  File "/home/airflow/.local/lib/python3.12/site-packages/airflow/models/baseoperator.py", line 400, in wrapper
    return func(self, *args, **kwargs)
           ^^^^^^^^^^^^^^^^^^^^^^^^^^^
  File "/home/airflow/.local/lib/python3.12/site-packages/airflow/operators/bash.py", line 243, in execute
    raise AirflowException(
airflow.exceptions.AirflowException: Bash command failed. The command returned a non-zero exit code 1.
[2024-05-16T11:22:31.523+0000] {taskinstance.py:1205} INFO - Marking task as UP_FOR_RETRY. dag_id=dag_tables, task_id=import_table2, execution_date=20240505T000000, start_date=20240516T112231, end_date=20240516T112231
[2024-05-16T11:22:31.538+0000] {standard_task_runner.py:110} ERROR - Failed to execute job 443 for task import_table2 (Bash command failed. The command returned a non-zero exit code 1.; 499)
[2024-05-16T11:22:31.580+0000] {local_task_job_runner.py:240} INFO - Task exited with return code 1
[2024-05-16T11:22:31.671+0000] {taskinstance.py:3482} INFO - 0 downstream tasks scheduled from follow-on schedule check
[2024-05-16T11:22:31.695+0000] {local_task_job_runner.py:222} INFO - ::endgroup::
[2024-05-16T11:24:46.248+0000] {local_task_job_runner.py:120} INFO - ::group::Pre task execution logs
[2024-05-16T11:24:46.274+0000] {taskinstance.py:2073} INFO - Dependencies all met for dep_context=non-requeueable deps ti=<TaskInstance: dag_tables.import_table2 scheduled__2024-05-05T00:00:00+00:00 [queued]>
[2024-05-16T11:24:46.304+0000] {taskinstance.py:2073} INFO - Dependencies all met for dep_context=requeueable deps ti=<TaskInstance: dag_tables.import_table2 scheduled__2024-05-05T00:00:00+00:00 [queued]>
[2024-05-16T11:24:46.311+0000] {taskinstance.py:2303} INFO - Starting attempt 1 of 6
[2024-05-16T11:24:46.330+0000] {taskinstance.py:2327} INFO - Executing <Task(BashOperator): import_table2> on 2024-05-05 00:00:00+00:00
[2024-05-16T11:24:46.339+0000] {logging_mixin.py:188} WARNING - /home/***/.local/lib/python3.12/site-packages/***/task/task_runner/standard_task_runner.py:61 DeprecationWarning: This process (pid=703) is multi-threaded, use of fork() may lead to deadlocks in the child.
[2024-05-16T11:24:46.341+0000] {standard_task_runner.py:63} INFO - Started process 726 to run task
[2024-05-16T11:24:46.342+0000] {standard_task_runner.py:90} INFO - Running: ['***', 'tasks', 'run', 'dag_tables', 'import_table2', 'scheduled__2024-05-05T00:00:00+00:00', '--job-id', '487', '--raw', '--subdir', 'DAGS_FOLDER/dag_mysql.py', '--cfg-path', '/tmp/tmpf61ku14m']
[2024-05-16T11:24:46.348+0000] {standard_task_runner.py:91} INFO - Job 487: Subtask import_table2
[2024-05-16T11:24:46.468+0000] {task_command.py:426} INFO - Running <TaskInstance: dag_tables.import_table2 scheduled__2024-05-05T00:00:00+00:00 [running]> on host 7084a6d88d3b
[2024-05-16T11:24:46.559+0000] {taskinstance.py:2644} INFO - Exporting env vars: AIRFLOW_CTX_DAG_OWNER='bses' AIRFLOW_CTX_DAG_ID='dag_tables' AIRFLOW_CTX_TASK_ID='import_table2' AIRFLOW_CTX_EXECUTION_DATE='2024-05-05T00:00:00+00:00' AIRFLOW_CTX_TRY_NUMBER='1' AIRFLOW_CTX_DAG_RUN_ID='scheduled__2024-05-05T00:00:00+00:00'
[2024-05-16T11:24:46.561+0000] {taskinstance.py:430} INFO - ::endgroup::
[2024-05-16T11:24:46.589+0000] {subprocess.py:63} INFO - Tmp dir root location: /tmp
[2024-05-16T11:24:46.594+0000] {subprocess.py:75} INFO - Running command: ['/usr/bin/bash', '-c', '\n                mysql -h host.docker.internal -u root --password=12345678 test < /opt/***/dags/product_category.sql\n                ']
[2024-05-16T11:24:46.607+0000] {subprocess.py:86} INFO - Output:
[2024-05-16T11:24:46.783+0000] {subprocess.py:97} INFO - Command exited with return code 0
[2024-05-16T11:24:46.792+0000] {taskinstance.py:441} INFO - ::group::Post task execution logs
[2024-05-16T11:24:46.814+0000] {taskinstance.py:1205} INFO - Marking task as SUCCESS. dag_id=dag_tables, task_id=import_table2, execution_date=20240505T000000, start_date=20240516T112446, end_date=20240516T112446
[2024-05-16T11:24:46.869+0000] {local_task_job_runner.py:240} INFO - Task exited with return code 0
[2024-05-16T11:24:46.881+0000] {taskinstance.py:3482} INFO - 0 downstream tasks scheduled from follow-on schedule check
[2024-05-16T11:24:46.884+0000] {local_task_job_runner.py:222} INFO - ::endgroup::
[2024-05-16T11:37:50.811+0000] {local_task_job_runner.py:120} INFO - ::group::Pre task execution logs
[2024-05-16T11:37:50.824+0000] {taskinstance.py:2073} INFO - Dependencies all met for dep_context=non-requeueable deps ti=<TaskInstance: dag_tables.import_table2 scheduled__2024-05-05T00:00:00+00:00 [queued]>
[2024-05-16T11:37:50.828+0000] {taskinstance.py:2073} INFO - Dependencies all met for dep_context=requeueable deps ti=<TaskInstance: dag_tables.import_table2 scheduled__2024-05-05T00:00:00+00:00 [queued]>
[2024-05-16T11:37:50.828+0000] {taskinstance.py:2303} INFO - Starting attempt 1 of 6
[2024-05-16T11:37:50.834+0000] {taskinstance.py:2327} INFO - Executing <Task(BashOperator): import_table2> on 2024-05-05 00:00:00+00:00
[2024-05-16T11:37:50.837+0000] {logging_mixin.py:188} WARNING - /home/***/.local/lib/python3.12/site-packages/***/task/task_runner/standard_task_runner.py:61 DeprecationWarning: This process (pid=1293) is multi-threaded, use of fork() may lead to deadlocks in the child.
[2024-05-16T11:37:50.838+0000] {standard_task_runner.py:63} INFO - Started process 1294 to run task
[2024-05-16T11:37:50.837+0000] {standard_task_runner.py:90} INFO - Running: ['***', 'tasks', 'run', 'dag_tables', 'import_table2', 'scheduled__2024-05-05T00:00:00+00:00', '--job-id', '551', '--raw', '--subdir', 'DAGS_FOLDER/dag_mysql.py', '--cfg-path', '/tmp/tmpzstdsqv3']
[2024-05-16T11:37:50.839+0000] {standard_task_runner.py:91} INFO - Job 551: Subtask import_table2
[2024-05-16T11:37:50.861+0000] {task_command.py:426} INFO - Running <TaskInstance: dag_tables.import_table2 scheduled__2024-05-05T00:00:00+00:00 [running]> on host 7084a6d88d3b
[2024-05-16T11:37:50.901+0000] {taskinstance.py:2644} INFO - Exporting env vars: AIRFLOW_CTX_DAG_OWNER='bses' AIRFLOW_CTX_DAG_ID='dag_tables' AIRFLOW_CTX_TASK_ID='import_table2' AIRFLOW_CTX_EXECUTION_DATE='2024-05-05T00:00:00+00:00' AIRFLOW_CTX_TRY_NUMBER='1' AIRFLOW_CTX_DAG_RUN_ID='scheduled__2024-05-05T00:00:00+00:00'
[2024-05-16T11:37:50.902+0000] {taskinstance.py:430} INFO - ::endgroup::
[2024-05-16T11:37:50.908+0000] {subprocess.py:63} INFO - Tmp dir root location: /tmp
[2024-05-16T11:37:50.908+0000] {subprocess.py:75} INFO - Running command: ['/usr/bin/bash', '-c', '\n                mysql -h host.docker.internal -u root --password=12345678 test < /opt/***/dags/product_category.sql\n                ']
[2024-05-16T11:37:50.912+0000] {subprocess.py:86} INFO - Output:
[2024-05-16T11:37:51.001+0000] {subprocess.py:97} INFO - Command exited with return code 0
[2024-05-16T11:37:51.001+0000] {taskinstance.py:441} INFO - ::group::Post task execution logs
[2024-05-16T11:37:51.017+0000] {taskinstance.py:1205} INFO - Marking task as SUCCESS. dag_id=dag_tables, task_id=import_table2, execution_date=20240505T000000, start_date=20240516T113750, end_date=20240516T113751
[2024-05-16T11:37:51.065+0000] {local_task_job_runner.py:240} INFO - Task exited with return code 0
[2024-05-16T11:37:51.083+0000] {taskinstance.py:3482} INFO - 1 downstream tasks scheduled from follow-on schedule check
[2024-05-16T11:37:51.084+0000] {local_task_job_runner.py:222} INFO - ::endgroup::
