[2024-05-04T16:16:42.815+0000] {local_task_job_runner.py:120} INFO - ::group::Pre task execution logs
[2024-05-04T16:16:42.828+0000] {taskinstance.py:2073} INFO - Dependencies all met for dep_context=non-requeueable deps ti=<TaskInstance: dag_space.estimate_table_size manual__2024-05-04T15:57:32.696548+00:00 [queued]>
[2024-05-04T16:16:42.832+0000] {taskinstance.py:2073} INFO - Dependencies all met for dep_context=requeueable deps ti=<TaskInstance: dag_space.estimate_table_size manual__2024-05-04T15:57:32.696548+00:00 [queued]>
[2024-05-04T16:16:42.832+0000] {taskinstance.py:2303} INFO - Starting attempt 3 of 8
[2024-05-04T16:16:42.837+0000] {taskinstance.py:2327} INFO - Executing <Task(MySqlOperator): estimate_table_size> on 2024-05-04 15:57:32.696548+00:00
[2024-05-04T16:16:42.840+0000] {logging_mixin.py:188} WARNING - /home/***/.local/lib/python3.12/site-packages/***/task/task_runner/standard_task_runner.py:61 DeprecationWarning: This process (pid=3469) is multi-threaded, use of fork() may lead to deadlocks in the child.
[2024-05-04T16:16:42.841+0000] {standard_task_runner.py:63} INFO - Started process 3470 to run task
[2024-05-04T16:16:42.840+0000] {standard_task_runner.py:90} INFO - Running: ['***', 'tasks', 'run', 'dag_space', 'estimate_table_size', 'manual__2024-05-04T15:57:32.696548+00:00', '--job-id', '112', '--raw', '--subdir', 'DAGS_FOLDER/dag_mysql.py', '--cfg-path', '/tmp/tmpqct43hcj']
[2024-05-04T16:16:42.842+0000] {standard_task_runner.py:91} INFO - Job 112: Subtask estimate_table_size
[2024-05-04T16:16:42.862+0000] {task_command.py:426} INFO - Running <TaskInstance: dag_space.estimate_table_size manual__2024-05-04T15:57:32.696548+00:00 [running]> on host f85b7a0b58b5
[2024-05-04T16:16:42.897+0000] {taskinstance.py:2644} INFO - Exporting env vars: AIRFLOW_CTX_DAG_OWNER='bses' AIRFLOW_CTX_DAG_ID='dag_space' AIRFLOW_CTX_TASK_ID='estimate_table_size' AIRFLOW_CTX_EXECUTION_DATE='2024-05-04T15:57:32.696548+00:00' AIRFLOW_CTX_TRY_NUMBER='3' AIRFLOW_CTX_DAG_RUN_ID='manual__2024-05-04T15:57:32.696548+00:00'
[2024-05-04T16:16:42.897+0000] {taskinstance.py:430} INFO - ::endgroup::
[2024-05-04T16:16:42.902+0000] {sql.py:276} INFO - Executing: 
            SELECT round(sum(data_length + index_length) / 1024 / 1024, 2)
            FROM information_schema.TABLES
            WHERE table_schema = 'client_rw' AND table_name = 'fc_account_master';
        
[2024-05-04T16:16:42.906+0000] {base.py:84} INFO - Using connection ID 'mysql_local' for task execution.
[2024-05-04T16:16:42.910+0000] {base.py:84} INFO - Using connection ID 'mysql_local' for task execution.
[2024-05-04T16:16:42.916+0000] {sql.py:457} INFO - Running statement: 
            SELECT round(sum(data_length + index_length) / 1024 / 1024, 2)
            FROM information_schema.TABLES
            WHERE table_schema = 'client_rw' AND table_name = 'fc_account_master';
        , parameters: None
[2024-05-04T16:16:42.921+0000] {sql.py:466} INFO - Rows affected: 1
[2024-05-04T16:16:42.922+0000] {logging_mixin.py:188} WARNING - /home/***/.local/lib/python3.12/site-packages/***/providers/common/sql/hooks/sql.py:407 AirflowProviderDeprecationWarning: Call to deprecated method _make_common_data_structure. (The `_make_serializable` method is deprecated and support will be removed in a future version of the common.sql provider. Please update the DbApiHook's provider to a version based on common.sql >= 1.9.1.)
[2024-05-04T16:16:42.923+0000] {taskinstance.py:441} INFO - ::group::Post task execution logs
[2024-05-04T16:16:42.932+0000] {taskinstance.py:1205} INFO - Marking task as SUCCESS. dag_id=dag_space, task_id=estimate_table_size, execution_date=20240504T155732, start_date=20240504T161642, end_date=20240504T161642
[2024-05-04T16:16:42.942+0000] {local_task_job_runner.py:240} INFO - Task exited with return code 0
[2024-05-04T16:16:42.948+0000] {logging_mixin.py:188} WARNING - /home/***/.local/lib/python3.12/site-packages/***/models/baseoperator.py:1296 AirflowProviderDeprecationWarning: Call to deprecated class MySqlOperator. (Please use `***.providers.common.sql.operators.sql.SQLExecuteQueryOperator`.Also, you can provide `hook_params={'schema': <database>}`.)
[2024-05-04T16:16:42.955+0000] {taskinstance.py:3482} INFO - 1 downstream tasks scheduled from follow-on schedule check
[2024-05-04T16:16:42.956+0000] {local_task_job_runner.py:222} INFO - ::endgroup::
