[2024-05-19T03:18:24.983+0000] {processor.py:161} INFO - Started process (PID=168) to work on /opt/airflow/dags/dag_mysql.py
[2024-05-19T03:18:24.984+0000] {processor.py:830} INFO - Processing file /opt/airflow/dags/dag_mysql.py for tasks to queue
[2024-05-19T03:18:24.986+0000] {logging_mixin.py:188} INFO - [2024-05-19T03:18:24.985+0000] {dagbag.py:540} INFO - Filling up the DagBag from /opt/airflow/dags/dag_mysql.py
[2024-05-19T03:18:25.000+0000] {processor.py:840} INFO - DAG(s) 'dag_tables' retrieved from /opt/airflow/dags/dag_mysql.py
[2024-05-19T03:18:25.313+0000] {logging_mixin.py:188} INFO - [2024-05-19T03:18:25.313+0000] {dag.py:3096} INFO - Sync 1 DAGs
[2024-05-19T03:18:25.325+0000] {logging_mixin.py:188} INFO - [2024-05-19T03:18:25.325+0000] {dag.py:3118} INFO - Creating ORM DAG for dag_tables
[2024-05-19T03:18:25.332+0000] {logging_mixin.py:188} INFO - [2024-05-19T03:18:25.332+0000] {dag.py:3954} INFO - Setting next_dagrun for dag_tables to 2024-05-01 00:00:00+00:00, run_after=2024-05-02 00:00:00+00:00
[2024-05-19T03:18:25.344+0000] {processor.py:183} INFO - Processing /opt/airflow/dags/dag_mysql.py took 0.366 seconds
[2024-05-19T03:18:55.616+0000] {processor.py:161} INFO - Started process (PID=230) to work on /opt/airflow/dags/dag_mysql.py
[2024-05-19T03:18:55.618+0000] {processor.py:830} INFO - Processing file /opt/airflow/dags/dag_mysql.py for tasks to queue
[2024-05-19T03:18:55.624+0000] {logging_mixin.py:188} INFO - [2024-05-19T03:18:55.623+0000] {dagbag.py:540} INFO - Filling up the DagBag from /opt/airflow/dags/dag_mysql.py
[2024-05-19T03:18:55.645+0000] {processor.py:840} INFO - DAG(s) 'dag_tables' retrieved from /opt/airflow/dags/dag_mysql.py
[2024-05-19T03:18:55.681+0000] {logging_mixin.py:188} INFO - [2024-05-19T03:18:55.681+0000] {dag.py:3096} INFO - Sync 1 DAGs
[2024-05-19T03:18:55.695+0000] {logging_mixin.py:188} INFO - [2024-05-19T03:18:55.695+0000] {dag.py:3954} INFO - Setting next_dagrun for dag_tables to 2024-05-01 00:00:00+00:00, run_after=2024-05-02 00:00:00+00:00
[2024-05-19T03:18:55.704+0000] {processor.py:183} INFO - Processing /opt/airflow/dags/dag_mysql.py took 0.094 seconds
[2024-05-19T03:19:26.020+0000] {processor.py:161} INFO - Started process (PID=246) to work on /opt/airflow/dags/dag_mysql.py
[2024-05-19T03:19:26.022+0000] {processor.py:830} INFO - Processing file /opt/airflow/dags/dag_mysql.py for tasks to queue
[2024-05-19T03:19:26.025+0000] {logging_mixin.py:188} INFO - [2024-05-19T03:19:26.024+0000] {dagbag.py:540} INFO - Filling up the DagBag from /opt/airflow/dags/dag_mysql.py
[2024-05-19T03:19:26.041+0000] {processor.py:840} INFO - DAG(s) 'dag_tables' retrieved from /opt/airflow/dags/dag_mysql.py
[2024-05-19T03:19:26.105+0000] {logging_mixin.py:188} INFO - [2024-05-19T03:19:26.105+0000] {dag.py:3096} INFO - Sync 1 DAGs
[2024-05-19T03:19:26.114+0000] {logging_mixin.py:188} INFO - [2024-05-19T03:19:26.114+0000] {dag.py:3954} INFO - Setting next_dagrun for dag_tables to 2024-05-01 00:00:00+00:00, run_after=2024-05-02 00:00:00+00:00
[2024-05-19T03:19:26.121+0000] {processor.py:183} INFO - Processing /opt/airflow/dags/dag_mysql.py took 0.109 seconds
[2024-05-19T03:19:56.470+0000] {processor.py:161} INFO - Started process (PID=320) to work on /opt/airflow/dags/dag_mysql.py
[2024-05-19T03:19:56.471+0000] {processor.py:830} INFO - Processing file /opt/airflow/dags/dag_mysql.py for tasks to queue
[2024-05-19T03:19:56.476+0000] {logging_mixin.py:188} INFO - [2024-05-19T03:19:56.475+0000] {dagbag.py:540} INFO - Filling up the DagBag from /opt/airflow/dags/dag_mysql.py
[2024-05-19T03:19:56.500+0000] {processor.py:840} INFO - DAG(s) 'dag_tables' retrieved from /opt/airflow/dags/dag_mysql.py
[2024-05-19T03:19:56.536+0000] {logging_mixin.py:188} INFO - [2024-05-19T03:19:56.536+0000] {dag.py:3096} INFO - Sync 1 DAGs
[2024-05-19T03:19:56.551+0000] {logging_mixin.py:188} INFO - [2024-05-19T03:19:56.551+0000] {dag.py:3954} INFO - Setting next_dagrun for dag_tables to 2024-05-01 00:00:00+00:00, run_after=2024-05-02 00:00:00+00:00
[2024-05-19T03:19:56.560+0000] {processor.py:183} INFO - Processing /opt/airflow/dags/dag_mysql.py took 0.100 seconds
[2024-05-19T03:20:27.277+0000] {processor.py:161} INFO - Started process (PID=343) to work on /opt/airflow/dags/dag_mysql.py
[2024-05-19T03:20:27.279+0000] {processor.py:830} INFO - Processing file /opt/airflow/dags/dag_mysql.py for tasks to queue
[2024-05-19T03:20:27.280+0000] {logging_mixin.py:188} INFO - [2024-05-19T03:20:27.280+0000] {dagbag.py:540} INFO - Filling up the DagBag from /opt/airflow/dags/dag_mysql.py
[2024-05-19T03:20:27.290+0000] {processor.py:840} INFO - DAG(s) 'dag_tables' retrieved from /opt/airflow/dags/dag_mysql.py
[2024-05-19T03:20:27.311+0000] {logging_mixin.py:188} INFO - [2024-05-19T03:20:27.311+0000] {dag.py:3096} INFO - Sync 1 DAGs
[2024-05-19T03:20:27.322+0000] {logging_mixin.py:188} INFO - [2024-05-19T03:20:27.322+0000] {dag.py:3954} INFO - Setting next_dagrun for dag_tables to 2024-05-01 00:00:00+00:00, run_after=2024-05-02 00:00:00+00:00
[2024-05-19T03:20:27.330+0000] {processor.py:183} INFO - Processing /opt/airflow/dags/dag_mysql.py took 0.060 seconds
[2024-05-19T03:20:57.592+0000] {processor.py:161} INFO - Started process (PID=405) to work on /opt/airflow/dags/dag_mysql.py
[2024-05-19T03:20:57.596+0000] {processor.py:830} INFO - Processing file /opt/airflow/dags/dag_mysql.py for tasks to queue
[2024-05-19T03:20:57.600+0000] {logging_mixin.py:188} INFO - [2024-05-19T03:20:57.599+0000] {dagbag.py:540} INFO - Filling up the DagBag from /opt/airflow/dags/dag_mysql.py
[2024-05-19T03:20:57.646+0000] {processor.py:840} INFO - DAG(s) 'dag_tables' retrieved from /opt/airflow/dags/dag_mysql.py
[2024-05-19T03:20:57.672+0000] {logging_mixin.py:188} INFO - [2024-05-19T03:20:57.671+0000] {dag.py:3096} INFO - Sync 1 DAGs
[2024-05-19T03:20:57.694+0000] {logging_mixin.py:188} INFO - [2024-05-19T03:20:57.694+0000] {dag.py:3954} INFO - Setting next_dagrun for dag_tables to 2024-05-01 00:00:00+00:00, run_after=2024-05-02 00:00:00+00:00
[2024-05-19T03:20:57.728+0000] {processor.py:183} INFO - Processing /opt/airflow/dags/dag_mysql.py took 0.139 seconds
[2024-05-19T03:21:27.992+0000] {processor.py:161} INFO - Started process (PID=434) to work on /opt/airflow/dags/dag_mysql.py
[2024-05-19T03:21:27.993+0000] {processor.py:830} INFO - Processing file /opt/airflow/dags/dag_mysql.py for tasks to queue
[2024-05-19T03:21:27.995+0000] {logging_mixin.py:188} INFO - [2024-05-19T03:21:27.995+0000] {dagbag.py:540} INFO - Filling up the DagBag from /opt/airflow/dags/dag_mysql.py
[2024-05-19T03:21:28.009+0000] {processor.py:840} INFO - DAG(s) 'dag_tables' retrieved from /opt/airflow/dags/dag_mysql.py
[2024-05-19T03:21:28.036+0000] {logging_mixin.py:188} INFO - [2024-05-19T03:21:28.036+0000] {dag.py:3096} INFO - Sync 1 DAGs
[2024-05-19T03:21:28.046+0000] {logging_mixin.py:188} INFO - [2024-05-19T03:21:28.046+0000] {dag.py:3954} INFO - Setting next_dagrun for dag_tables to 2024-05-01 00:00:00+00:00, run_after=2024-05-02 00:00:00+00:00
[2024-05-19T03:21:28.054+0000] {processor.py:183} INFO - Processing /opt/airflow/dags/dag_mysql.py took 0.069 seconds
[2024-05-19T03:21:58.302+0000] {processor.py:161} INFO - Started process (PID=451) to work on /opt/airflow/dags/dag_mysql.py
[2024-05-19T03:21:58.303+0000] {processor.py:830} INFO - Processing file /opt/airflow/dags/dag_mysql.py for tasks to queue
[2024-05-19T03:21:58.304+0000] {logging_mixin.py:188} INFO - [2024-05-19T03:21:58.304+0000] {dagbag.py:540} INFO - Filling up the DagBag from /opt/airflow/dags/dag_mysql.py
[2024-05-19T03:21:58.316+0000] {processor.py:840} INFO - DAG(s) 'dag_tables' retrieved from /opt/airflow/dags/dag_mysql.py
[2024-05-19T03:21:58.345+0000] {logging_mixin.py:188} INFO - [2024-05-19T03:21:58.345+0000] {dag.py:3096} INFO - Sync 1 DAGs
[2024-05-19T03:21:58.355+0000] {logging_mixin.py:188} INFO - [2024-05-19T03:21:58.355+0000] {dag.py:3954} INFO - Setting next_dagrun for dag_tables to 2024-05-01 00:00:00+00:00, run_after=2024-05-02 00:00:00+00:00
[2024-05-19T03:21:58.364+0000] {processor.py:183} INFO - Processing /opt/airflow/dags/dag_mysql.py took 0.067 seconds
[2024-05-19T03:22:29.052+0000] {processor.py:161} INFO - Started process (PID=473) to work on /opt/airflow/dags/dag_mysql.py
[2024-05-19T03:22:29.053+0000] {processor.py:830} INFO - Processing file /opt/airflow/dags/dag_mysql.py for tasks to queue
[2024-05-19T03:22:29.054+0000] {logging_mixin.py:188} INFO - [2024-05-19T03:22:29.054+0000] {dagbag.py:540} INFO - Filling up the DagBag from /opt/airflow/dags/dag_mysql.py
[2024-05-19T03:22:29.061+0000] {processor.py:840} INFO - DAG(s) 'dag_tables' retrieved from /opt/airflow/dags/dag_mysql.py
[2024-05-19T03:22:29.079+0000] {logging_mixin.py:188} INFO - [2024-05-19T03:22:29.079+0000] {dag.py:3096} INFO - Sync 1 DAGs
[2024-05-19T03:22:29.089+0000] {logging_mixin.py:188} INFO - [2024-05-19T03:22:29.089+0000] {dag.py:3954} INFO - Setting next_dagrun for dag_tables to 2024-05-01 00:00:00+00:00, run_after=2024-05-02 00:00:00+00:00
[2024-05-19T03:22:29.098+0000] {processor.py:183} INFO - Processing /opt/airflow/dags/dag_mysql.py took 0.048 seconds
[2024-05-19T03:22:59.471+0000] {processor.py:161} INFO - Started process (PID=488) to work on /opt/airflow/dags/dag_mysql.py
[2024-05-19T03:22:59.472+0000] {processor.py:830} INFO - Processing file /opt/airflow/dags/dag_mysql.py for tasks to queue
[2024-05-19T03:22:59.475+0000] {logging_mixin.py:188} INFO - [2024-05-19T03:22:59.474+0000] {dagbag.py:540} INFO - Filling up the DagBag from /opt/airflow/dags/dag_mysql.py
[2024-05-19T03:22:59.490+0000] {processor.py:840} INFO - DAG(s) 'dag_tables' retrieved from /opt/airflow/dags/dag_mysql.py
[2024-05-19T03:22:59.515+0000] {logging_mixin.py:188} INFO - [2024-05-19T03:22:59.515+0000] {dag.py:3096} INFO - Sync 1 DAGs
[2024-05-19T03:22:59.526+0000] {logging_mixin.py:188} INFO - [2024-05-19T03:22:59.526+0000] {dag.py:3954} INFO - Setting next_dagrun for dag_tables to 2024-05-01 00:00:00+00:00, run_after=2024-05-02 00:00:00+00:00
[2024-05-19T03:22:59.534+0000] {processor.py:183} INFO - Processing /opt/airflow/dags/dag_mysql.py took 0.071 seconds
[2024-05-19T03:23:29.881+0000] {processor.py:161} INFO - Started process (PID=506) to work on /opt/airflow/dags/dag_mysql.py
[2024-05-19T03:23:29.881+0000] {processor.py:830} INFO - Processing file /opt/airflow/dags/dag_mysql.py for tasks to queue
[2024-05-19T03:23:29.882+0000] {logging_mixin.py:188} INFO - [2024-05-19T03:23:29.882+0000] {dagbag.py:540} INFO - Filling up the DagBag from /opt/airflow/dags/dag_mysql.py
[2024-05-19T03:23:29.891+0000] {processor.py:840} INFO - DAG(s) 'dag_tables' retrieved from /opt/airflow/dags/dag_mysql.py
[2024-05-19T03:23:29.911+0000] {logging_mixin.py:188} INFO - [2024-05-19T03:23:29.911+0000] {dag.py:3096} INFO - Sync 1 DAGs
[2024-05-19T03:23:29.923+0000] {logging_mixin.py:188} INFO - [2024-05-19T03:23:29.923+0000] {dag.py:3954} INFO - Setting next_dagrun for dag_tables to 2024-05-01 00:00:00+00:00, run_after=2024-05-02 00:00:00+00:00
[2024-05-19T03:23:29.933+0000] {processor.py:183} INFO - Processing /opt/airflow/dags/dag_mysql.py took 0.055 seconds
[2024-05-19T03:24:00.285+0000] {processor.py:161} INFO - Started process (PID=524) to work on /opt/airflow/dags/dag_mysql.py
[2024-05-19T03:24:00.286+0000] {processor.py:830} INFO - Processing file /opt/airflow/dags/dag_mysql.py for tasks to queue
[2024-05-19T03:24:00.288+0000] {logging_mixin.py:188} INFO - [2024-05-19T03:24:00.287+0000] {dagbag.py:540} INFO - Filling up the DagBag from /opt/airflow/dags/dag_mysql.py
[2024-05-19T03:24:00.303+0000] {processor.py:840} INFO - DAG(s) 'dag_tables' retrieved from /opt/airflow/dags/dag_mysql.py
[2024-05-19T03:24:00.331+0000] {logging_mixin.py:188} INFO - [2024-05-19T03:24:00.330+0000] {dag.py:3096} INFO - Sync 1 DAGs
[2024-05-19T03:24:00.342+0000] {logging_mixin.py:188} INFO - [2024-05-19T03:24:00.342+0000] {dag.py:3954} INFO - Setting next_dagrun for dag_tables to 2024-05-01 00:00:00+00:00, run_after=2024-05-02 00:00:00+00:00
[2024-05-19T03:24:00.350+0000] {processor.py:183} INFO - Processing /opt/airflow/dags/dag_mysql.py took 0.072 seconds
[2024-05-19T03:24:30.704+0000] {processor.py:161} INFO - Started process (PID=539) to work on /opt/airflow/dags/dag_mysql.py
[2024-05-19T03:24:30.705+0000] {processor.py:830} INFO - Processing file /opt/airflow/dags/dag_mysql.py for tasks to queue
[2024-05-19T03:24:30.706+0000] {logging_mixin.py:188} INFO - [2024-05-19T03:24:30.706+0000] {dagbag.py:540} INFO - Filling up the DagBag from /opt/airflow/dags/dag_mysql.py
[2024-05-19T03:24:30.726+0000] {processor.py:840} INFO - DAG(s) 'dag_tables' retrieved from /opt/airflow/dags/dag_mysql.py
[2024-05-19T03:24:30.755+0000] {logging_mixin.py:188} INFO - [2024-05-19T03:24:30.755+0000] {dag.py:3096} INFO - Sync 1 DAGs
[2024-05-19T03:24:30.767+0000] {logging_mixin.py:188} INFO - [2024-05-19T03:24:30.767+0000] {dag.py:3954} INFO - Setting next_dagrun for dag_tables to 2024-05-01 00:00:00+00:00, run_after=2024-05-02 00:00:00+00:00
[2024-05-19T03:24:30.775+0000] {processor.py:183} INFO - Processing /opt/airflow/dags/dag_mysql.py took 0.080 seconds
[2024-05-19T03:25:01.187+0000] {processor.py:161} INFO - Started process (PID=560) to work on /opt/airflow/dags/dag_mysql.py
[2024-05-19T03:25:01.189+0000] {processor.py:830} INFO - Processing file /opt/airflow/dags/dag_mysql.py for tasks to queue
[2024-05-19T03:25:01.190+0000] {logging_mixin.py:188} INFO - [2024-05-19T03:25:01.189+0000] {dagbag.py:540} INFO - Filling up the DagBag from /opt/airflow/dags/dag_mysql.py
[2024-05-19T03:25:01.209+0000] {processor.py:840} INFO - DAG(s) 'dag_tables' retrieved from /opt/airflow/dags/dag_mysql.py
[2024-05-19T03:25:01.235+0000] {logging_mixin.py:188} INFO - [2024-05-19T03:25:01.235+0000] {dag.py:3096} INFO - Sync 1 DAGs
[2024-05-19T03:25:01.246+0000] {logging_mixin.py:188} INFO - [2024-05-19T03:25:01.246+0000] {dag.py:3954} INFO - Setting next_dagrun for dag_tables to 2024-05-01 00:00:00+00:00, run_after=2024-05-02 00:00:00+00:00
[2024-05-19T03:25:01.254+0000] {processor.py:183} INFO - Processing /opt/airflow/dags/dag_mysql.py took 0.075 seconds
[2024-05-19T03:25:31.535+0000] {processor.py:161} INFO - Started process (PID=576) to work on /opt/airflow/dags/dag_mysql.py
[2024-05-19T03:25:31.536+0000] {processor.py:830} INFO - Processing file /opt/airflow/dags/dag_mysql.py for tasks to queue
[2024-05-19T03:25:31.536+0000] {logging_mixin.py:188} INFO - [2024-05-19T03:25:31.536+0000] {dagbag.py:540} INFO - Filling up the DagBag from /opt/airflow/dags/dag_mysql.py
[2024-05-19T03:25:31.545+0000] {processor.py:840} INFO - DAG(s) 'dag_tables' retrieved from /opt/airflow/dags/dag_mysql.py
[2024-05-19T03:25:31.562+0000] {logging_mixin.py:188} INFO - [2024-05-19T03:25:31.562+0000] {dag.py:3096} INFO - Sync 1 DAGs
[2024-05-19T03:25:31.572+0000] {logging_mixin.py:188} INFO - [2024-05-19T03:25:31.572+0000] {dag.py:3954} INFO - Setting next_dagrun for dag_tables to 2024-05-01 00:00:00+00:00, run_after=2024-05-02 00:00:00+00:00
[2024-05-19T03:25:31.580+0000] {processor.py:183} INFO - Processing /opt/airflow/dags/dag_mysql.py took 0.049 seconds
[2024-05-19T03:26:01.850+0000] {processor.py:161} INFO - Started process (PID=591) to work on /opt/airflow/dags/dag_mysql.py
[2024-05-19T03:26:01.850+0000] {processor.py:830} INFO - Processing file /opt/airflow/dags/dag_mysql.py for tasks to queue
[2024-05-19T03:26:01.851+0000] {logging_mixin.py:188} INFO - [2024-05-19T03:26:01.851+0000] {dagbag.py:540} INFO - Filling up the DagBag from /opt/airflow/dags/dag_mysql.py
[2024-05-19T03:26:01.867+0000] {processor.py:840} INFO - DAG(s) 'dag_tables' retrieved from /opt/airflow/dags/dag_mysql.py
[2024-05-19T03:26:01.894+0000] {logging_mixin.py:188} INFO - [2024-05-19T03:26:01.894+0000] {dag.py:3096} INFO - Sync 1 DAGs
[2024-05-19T03:26:01.907+0000] {logging_mixin.py:188} INFO - [2024-05-19T03:26:01.907+0000] {dag.py:3954} INFO - Setting next_dagrun for dag_tables to 2024-05-01 00:00:00+00:00, run_after=2024-05-02 00:00:00+00:00
[2024-05-19T03:26:01.917+0000] {processor.py:183} INFO - Processing /opt/airflow/dags/dag_mysql.py took 0.072 seconds
[2024-05-19T03:26:32.231+0000] {processor.py:161} INFO - Started process (PID=607) to work on /opt/airflow/dags/dag_mysql.py
[2024-05-19T03:26:32.231+0000] {processor.py:830} INFO - Processing file /opt/airflow/dags/dag_mysql.py for tasks to queue
[2024-05-19T03:26:32.232+0000] {logging_mixin.py:188} INFO - [2024-05-19T03:26:32.232+0000] {dagbag.py:540} INFO - Filling up the DagBag from /opt/airflow/dags/dag_mysql.py
[2024-05-19T03:26:32.242+0000] {processor.py:840} INFO - DAG(s) 'dag_tables' retrieved from /opt/airflow/dags/dag_mysql.py
[2024-05-19T03:26:32.262+0000] {logging_mixin.py:188} INFO - [2024-05-19T03:26:32.262+0000] {dag.py:3096} INFO - Sync 1 DAGs
[2024-05-19T03:26:32.273+0000] {logging_mixin.py:188} INFO - [2024-05-19T03:26:32.273+0000] {dag.py:3954} INFO - Setting next_dagrun for dag_tables to 2024-05-01 00:00:00+00:00, run_after=2024-05-02 00:00:00+00:00
[2024-05-19T03:26:32.284+0000] {processor.py:183} INFO - Processing /opt/airflow/dags/dag_mysql.py took 0.057 seconds
[2024-05-19T03:27:02.610+0000] {processor.py:161} INFO - Started process (PID=629) to work on /opt/airflow/dags/dag_mysql.py
[2024-05-19T03:27:02.611+0000] {processor.py:830} INFO - Processing file /opt/airflow/dags/dag_mysql.py for tasks to queue
[2024-05-19T03:27:02.612+0000] {logging_mixin.py:188} INFO - [2024-05-19T03:27:02.612+0000] {dagbag.py:540} INFO - Filling up the DagBag from /opt/airflow/dags/dag_mysql.py
[2024-05-19T03:27:02.628+0000] {processor.py:840} INFO - DAG(s) 'dag_tables' retrieved from /opt/airflow/dags/dag_mysql.py
[2024-05-19T03:27:02.657+0000] {logging_mixin.py:188} INFO - [2024-05-19T03:27:02.657+0000] {dag.py:3096} INFO - Sync 1 DAGs
[2024-05-19T03:27:02.668+0000] {logging_mixin.py:188} INFO - [2024-05-19T03:27:02.668+0000] {dag.py:3954} INFO - Setting next_dagrun for dag_tables to 2024-05-01 00:00:00+00:00, run_after=2024-05-02 00:00:00+00:00
[2024-05-19T03:27:02.676+0000] {processor.py:183} INFO - Processing /opt/airflow/dags/dag_mysql.py took 0.073 seconds
[2024-05-19T03:27:32.982+0000] {processor.py:161} INFO - Started process (PID=646) to work on /opt/airflow/dags/dag_mysql.py
[2024-05-19T03:27:32.984+0000] {processor.py:830} INFO - Processing file /opt/airflow/dags/dag_mysql.py for tasks to queue
[2024-05-19T03:27:32.985+0000] {logging_mixin.py:188} INFO - [2024-05-19T03:27:32.984+0000] {dagbag.py:540} INFO - Filling up the DagBag from /opt/airflow/dags/dag_mysql.py
[2024-05-19T03:27:33.001+0000] {processor.py:840} INFO - DAG(s) 'dag_tables' retrieved from /opt/airflow/dags/dag_mysql.py
[2024-05-19T03:27:33.031+0000] {logging_mixin.py:188} INFO - [2024-05-19T03:27:33.031+0000] {dag.py:3096} INFO - Sync 1 DAGs
[2024-05-19T03:27:33.040+0000] {logging_mixin.py:188} INFO - [2024-05-19T03:27:33.040+0000] {dag.py:3954} INFO - Setting next_dagrun for dag_tables to 2024-05-01 00:00:00+00:00, run_after=2024-05-02 00:00:00+00:00
[2024-05-19T03:27:33.048+0000] {processor.py:183} INFO - Processing /opt/airflow/dags/dag_mysql.py took 0.074 seconds
[2024-05-19T03:28:03.399+0000] {processor.py:161} INFO - Started process (PID=665) to work on /opt/airflow/dags/dag_mysql.py
[2024-05-19T03:28:03.401+0000] {processor.py:830} INFO - Processing file /opt/airflow/dags/dag_mysql.py for tasks to queue
[2024-05-19T03:28:03.402+0000] {logging_mixin.py:188} INFO - [2024-05-19T03:28:03.401+0000] {dagbag.py:540} INFO - Filling up the DagBag from /opt/airflow/dags/dag_mysql.py
[2024-05-19T03:28:03.420+0000] {processor.py:840} INFO - DAG(s) 'dag_tables' retrieved from /opt/airflow/dags/dag_mysql.py
[2024-05-19T03:28:03.451+0000] {logging_mixin.py:188} INFO - [2024-05-19T03:28:03.451+0000] {dag.py:3096} INFO - Sync 1 DAGs
[2024-05-19T03:28:03.462+0000] {logging_mixin.py:188} INFO - [2024-05-19T03:28:03.462+0000] {dag.py:3954} INFO - Setting next_dagrun for dag_tables to 2024-05-01 00:00:00+00:00, run_after=2024-05-02 00:00:00+00:00
[2024-05-19T03:28:03.473+0000] {processor.py:183} INFO - Processing /opt/airflow/dags/dag_mysql.py took 0.082 seconds
[2024-05-19T03:28:33.832+0000] {processor.py:161} INFO - Started process (PID=682) to work on /opt/airflow/dags/dag_mysql.py
[2024-05-19T03:28:33.833+0000] {processor.py:830} INFO - Processing file /opt/airflow/dags/dag_mysql.py for tasks to queue
[2024-05-19T03:28:33.834+0000] {logging_mixin.py:188} INFO - [2024-05-19T03:28:33.834+0000] {dagbag.py:540} INFO - Filling up the DagBag from /opt/airflow/dags/dag_mysql.py
[2024-05-19T03:28:33.844+0000] {processor.py:840} INFO - DAG(s) 'dag_tables' retrieved from /opt/airflow/dags/dag_mysql.py
[2024-05-19T03:28:33.869+0000] {logging_mixin.py:188} INFO - [2024-05-19T03:28:33.869+0000] {dag.py:3096} INFO - Sync 1 DAGs
[2024-05-19T03:28:33.882+0000] {logging_mixin.py:188} INFO - [2024-05-19T03:28:33.882+0000] {dag.py:3954} INFO - Setting next_dagrun for dag_tables to 2024-05-01 00:00:00+00:00, run_after=2024-05-02 00:00:00+00:00
[2024-05-19T03:28:33.891+0000] {processor.py:183} INFO - Processing /opt/airflow/dags/dag_mysql.py took 0.063 seconds
[2024-05-19T03:29:04.255+0000] {processor.py:161} INFO - Started process (PID=699) to work on /opt/airflow/dags/dag_mysql.py
[2024-05-19T03:29:04.256+0000] {processor.py:830} INFO - Processing file /opt/airflow/dags/dag_mysql.py for tasks to queue
[2024-05-19T03:29:04.257+0000] {logging_mixin.py:188} INFO - [2024-05-19T03:29:04.256+0000] {dagbag.py:540} INFO - Filling up the DagBag from /opt/airflow/dags/dag_mysql.py
[2024-05-19T03:29:04.272+0000] {processor.py:840} INFO - DAG(s) 'dag_tables' retrieved from /opt/airflow/dags/dag_mysql.py
[2024-05-19T03:29:04.300+0000] {logging_mixin.py:188} INFO - [2024-05-19T03:29:04.300+0000] {dag.py:3096} INFO - Sync 1 DAGs
[2024-05-19T03:29:04.310+0000] {logging_mixin.py:188} INFO - [2024-05-19T03:29:04.310+0000] {dag.py:3954} INFO - Setting next_dagrun for dag_tables to 2024-05-01 00:00:00+00:00, run_after=2024-05-02 00:00:00+00:00
[2024-05-19T03:29:04.318+0000] {processor.py:183} INFO - Processing /opt/airflow/dags/dag_mysql.py took 0.072 seconds
[2024-05-19T03:29:34.712+0000] {processor.py:161} INFO - Started process (PID=716) to work on /opt/airflow/dags/dag_mysql.py
[2024-05-19T03:29:34.714+0000] {processor.py:830} INFO - Processing file /opt/airflow/dags/dag_mysql.py for tasks to queue
[2024-05-19T03:29:34.715+0000] {logging_mixin.py:188} INFO - [2024-05-19T03:29:34.714+0000] {dagbag.py:540} INFO - Filling up the DagBag from /opt/airflow/dags/dag_mysql.py
[2024-05-19T03:29:34.735+0000] {processor.py:840} INFO - DAG(s) 'dag_tables' retrieved from /opt/airflow/dags/dag_mysql.py
[2024-05-19T03:29:34.766+0000] {logging_mixin.py:188} INFO - [2024-05-19T03:29:34.766+0000] {dag.py:3096} INFO - Sync 1 DAGs
[2024-05-19T03:29:34.778+0000] {logging_mixin.py:188} INFO - [2024-05-19T03:29:34.777+0000] {dag.py:3954} INFO - Setting next_dagrun for dag_tables to 2024-05-01 00:00:00+00:00, run_after=2024-05-02 00:00:00+00:00
[2024-05-19T03:29:34.787+0000] {processor.py:183} INFO - Processing /opt/airflow/dags/dag_mysql.py took 0.083 seconds
[2024-05-19T03:30:05.188+0000] {processor.py:161} INFO - Started process (PID=732) to work on /opt/airflow/dags/dag_mysql.py
[2024-05-19T03:30:05.189+0000] {processor.py:830} INFO - Processing file /opt/airflow/dags/dag_mysql.py for tasks to queue
[2024-05-19T03:30:05.190+0000] {logging_mixin.py:188} INFO - [2024-05-19T03:30:05.190+0000] {dagbag.py:540} INFO - Filling up the DagBag from /opt/airflow/dags/dag_mysql.py
[2024-05-19T03:30:05.207+0000] {processor.py:840} INFO - DAG(s) 'dag_tables' retrieved from /opt/airflow/dags/dag_mysql.py
[2024-05-19T03:30:05.237+0000] {logging_mixin.py:188} INFO - [2024-05-19T03:30:05.237+0000] {dag.py:3096} INFO - Sync 1 DAGs
[2024-05-19T03:30:05.248+0000] {logging_mixin.py:188} INFO - [2024-05-19T03:30:05.248+0000] {dag.py:3954} INFO - Setting next_dagrun for dag_tables to 2024-05-01 00:00:00+00:00, run_after=2024-05-02 00:00:00+00:00
[2024-05-19T03:30:05.256+0000] {processor.py:183} INFO - Processing /opt/airflow/dags/dag_mysql.py took 0.075 seconds
[2024-05-19T03:30:35.591+0000] {processor.py:161} INFO - Started process (PID=749) to work on /opt/airflow/dags/dag_mysql.py
[2024-05-19T03:30:35.592+0000] {processor.py:830} INFO - Processing file /opt/airflow/dags/dag_mysql.py for tasks to queue
[2024-05-19T03:30:35.592+0000] {logging_mixin.py:188} INFO - [2024-05-19T03:30:35.592+0000] {dagbag.py:540} INFO - Filling up the DagBag from /opt/airflow/dags/dag_mysql.py
[2024-05-19T03:30:35.606+0000] {processor.py:840} INFO - DAG(s) 'dag_tables' retrieved from /opt/airflow/dags/dag_mysql.py
[2024-05-19T03:30:35.638+0000] {logging_mixin.py:188} INFO - [2024-05-19T03:30:35.638+0000] {dag.py:3096} INFO - Sync 1 DAGs
[2024-05-19T03:30:35.650+0000] {logging_mixin.py:188} INFO - [2024-05-19T03:30:35.650+0000] {dag.py:3954} INFO - Setting next_dagrun for dag_tables to 2024-05-01 00:00:00+00:00, run_after=2024-05-02 00:00:00+00:00
[2024-05-19T03:30:35.660+0000] {processor.py:183} INFO - Processing /opt/airflow/dags/dag_mysql.py took 0.075 seconds
[2024-05-19T03:31:06.011+0000] {processor.py:161} INFO - Started process (PID=766) to work on /opt/airflow/dags/dag_mysql.py
[2024-05-19T03:31:06.012+0000] {processor.py:830} INFO - Processing file /opt/airflow/dags/dag_mysql.py for tasks to queue
[2024-05-19T03:31:06.013+0000] {logging_mixin.py:188} INFO - [2024-05-19T03:31:06.013+0000] {dagbag.py:540} INFO - Filling up the DagBag from /opt/airflow/dags/dag_mysql.py
[2024-05-19T03:31:06.031+0000] {processor.py:840} INFO - DAG(s) 'dag_tables' retrieved from /opt/airflow/dags/dag_mysql.py
[2024-05-19T03:31:06.062+0000] {logging_mixin.py:188} INFO - [2024-05-19T03:31:06.062+0000] {dag.py:3096} INFO - Sync 1 DAGs
[2024-05-19T03:31:06.074+0000] {logging_mixin.py:188} INFO - [2024-05-19T03:31:06.074+0000] {dag.py:3954} INFO - Setting next_dagrun for dag_tables to 2024-05-01 00:00:00+00:00, run_after=2024-05-02 00:00:00+00:00
[2024-05-19T03:31:06.084+0000] {processor.py:183} INFO - Processing /opt/airflow/dags/dag_mysql.py took 0.083 seconds
[2024-05-19T03:31:36.689+0000] {processor.py:161} INFO - Started process (PID=791) to work on /opt/airflow/dags/dag_mysql.py
[2024-05-19T03:31:36.690+0000] {processor.py:830} INFO - Processing file /opt/airflow/dags/dag_mysql.py for tasks to queue
[2024-05-19T03:31:36.691+0000] {logging_mixin.py:188} INFO - [2024-05-19T03:31:36.690+0000] {dagbag.py:540} INFO - Filling up the DagBag from /opt/airflow/dags/dag_mysql.py
[2024-05-19T03:31:36.706+0000] {processor.py:840} INFO - DAG(s) 'dag_tables' retrieved from /opt/airflow/dags/dag_mysql.py
[2024-05-19T03:31:36.737+0000] {logging_mixin.py:188} INFO - [2024-05-19T03:31:36.736+0000] {dag.py:3096} INFO - Sync 1 DAGs
[2024-05-19T03:31:36.747+0000] {logging_mixin.py:188} INFO - [2024-05-19T03:31:36.747+0000] {dag.py:3954} INFO - Setting next_dagrun for dag_tables to 2024-05-01 00:00:00+00:00, run_after=2024-05-02 00:00:00+00:00
[2024-05-19T03:31:36.755+0000] {processor.py:183} INFO - Processing /opt/airflow/dags/dag_mysql.py took 0.073 seconds
[2024-05-19T03:32:07.073+0000] {processor.py:161} INFO - Started process (PID=808) to work on /opt/airflow/dags/dag_mysql.py
[2024-05-19T03:32:07.074+0000] {processor.py:830} INFO - Processing file /opt/airflow/dags/dag_mysql.py for tasks to queue
[2024-05-19T03:32:07.074+0000] {logging_mixin.py:188} INFO - [2024-05-19T03:32:07.074+0000] {dagbag.py:540} INFO - Filling up the DagBag from /opt/airflow/dags/dag_mysql.py
[2024-05-19T03:32:07.083+0000] {processor.py:840} INFO - DAG(s) 'dag_tables' retrieved from /opt/airflow/dags/dag_mysql.py
[2024-05-19T03:32:07.104+0000] {logging_mixin.py:188} INFO - [2024-05-19T03:32:07.104+0000] {dag.py:3096} INFO - Sync 1 DAGs
[2024-05-19T03:32:07.115+0000] {logging_mixin.py:188} INFO - [2024-05-19T03:32:07.115+0000] {dag.py:3954} INFO - Setting next_dagrun for dag_tables to 2024-05-01 00:00:00+00:00, run_after=2024-05-02 00:00:00+00:00
[2024-05-19T03:32:07.125+0000] {processor.py:183} INFO - Processing /opt/airflow/dags/dag_mysql.py took 0.055 seconds
[2024-05-19T03:32:37.423+0000] {processor.py:161} INFO - Started process (PID=825) to work on /opt/airflow/dags/dag_mysql.py
[2024-05-19T03:32:37.423+0000] {processor.py:830} INFO - Processing file /opt/airflow/dags/dag_mysql.py for tasks to queue
[2024-05-19T03:32:37.424+0000] {logging_mixin.py:188} INFO - [2024-05-19T03:32:37.424+0000] {dagbag.py:540} INFO - Filling up the DagBag from /opt/airflow/dags/dag_mysql.py
[2024-05-19T03:32:37.437+0000] {processor.py:840} INFO - DAG(s) 'dag_tables' retrieved from /opt/airflow/dags/dag_mysql.py
[2024-05-19T03:32:37.471+0000] {logging_mixin.py:188} INFO - [2024-05-19T03:32:37.471+0000] {dag.py:3096} INFO - Sync 1 DAGs
[2024-05-19T03:32:37.491+0000] {logging_mixin.py:188} INFO - [2024-05-19T03:32:37.490+0000] {dag.py:3954} INFO - Setting next_dagrun for dag_tables to 2024-05-01 00:00:00+00:00, run_after=2024-05-02 00:00:00+00:00
[2024-05-19T03:32:37.514+0000] {processor.py:183} INFO - Processing /opt/airflow/dags/dag_mysql.py took 0.097 seconds
[2024-05-19T03:33:07.789+0000] {processor.py:161} INFO - Started process (PID=842) to work on /opt/airflow/dags/dag_mysql.py
[2024-05-19T03:33:07.790+0000] {processor.py:830} INFO - Processing file /opt/airflow/dags/dag_mysql.py for tasks to queue
[2024-05-19T03:33:07.791+0000] {logging_mixin.py:188} INFO - [2024-05-19T03:33:07.791+0000] {dagbag.py:540} INFO - Filling up the DagBag from /opt/airflow/dags/dag_mysql.py
[2024-05-19T03:33:07.804+0000] {processor.py:840} INFO - DAG(s) 'dag_tables' retrieved from /opt/airflow/dags/dag_mysql.py
[2024-05-19T03:33:07.832+0000] {logging_mixin.py:188} INFO - [2024-05-19T03:33:07.832+0000] {dag.py:3096} INFO - Sync 1 DAGs
[2024-05-19T03:33:07.844+0000] {logging_mixin.py:188} INFO - [2024-05-19T03:33:07.844+0000] {dag.py:3954} INFO - Setting next_dagrun for dag_tables to 2024-05-01 00:00:00+00:00, run_after=2024-05-02 00:00:00+00:00
[2024-05-19T03:33:07.854+0000] {processor.py:183} INFO - Processing /opt/airflow/dags/dag_mysql.py took 0.070 seconds
[2024-05-19T03:33:38.205+0000] {processor.py:161} INFO - Started process (PID=858) to work on /opt/airflow/dags/dag_mysql.py
[2024-05-19T03:33:38.206+0000] {processor.py:830} INFO - Processing file /opt/airflow/dags/dag_mysql.py for tasks to queue
[2024-05-19T03:33:38.208+0000] {logging_mixin.py:188} INFO - [2024-05-19T03:33:38.207+0000] {dagbag.py:540} INFO - Filling up the DagBag from /opt/airflow/dags/dag_mysql.py
[2024-05-19T03:33:38.223+0000] {processor.py:840} INFO - DAG(s) 'dag_tables' retrieved from /opt/airflow/dags/dag_mysql.py
[2024-05-19T03:33:38.250+0000] {logging_mixin.py:188} INFO - [2024-05-19T03:33:38.250+0000] {dag.py:3096} INFO - Sync 1 DAGs
[2024-05-19T03:33:38.264+0000] {logging_mixin.py:188} INFO - [2024-05-19T03:33:38.264+0000] {dag.py:3954} INFO - Setting next_dagrun for dag_tables to 2024-05-01 00:00:00+00:00, run_after=2024-05-02 00:00:00+00:00
[2024-05-19T03:33:38.278+0000] {processor.py:183} INFO - Processing /opt/airflow/dags/dag_mysql.py took 0.084 seconds
[2024-05-19T03:34:08.613+0000] {processor.py:161} INFO - Started process (PID=895) to work on /opt/airflow/dags/dag_mysql.py
[2024-05-19T03:34:08.614+0000] {processor.py:830} INFO - Processing file /opt/airflow/dags/dag_mysql.py for tasks to queue
[2024-05-19T03:34:08.615+0000] {logging_mixin.py:188} INFO - [2024-05-19T03:34:08.615+0000] {dagbag.py:540} INFO - Filling up the DagBag from /opt/airflow/dags/dag_mysql.py
[2024-05-19T03:34:08.631+0000] {processor.py:840} INFO - DAG(s) 'dag_tables' retrieved from /opt/airflow/dags/dag_mysql.py
[2024-05-19T03:34:08.665+0000] {logging_mixin.py:188} INFO - [2024-05-19T03:34:08.665+0000] {dag.py:3096} INFO - Sync 1 DAGs
[2024-05-19T03:34:08.676+0000] {logging_mixin.py:188} INFO - [2024-05-19T03:34:08.676+0000] {dag.py:3954} INFO - Setting next_dagrun for dag_tables to 2024-05-01 00:00:00+00:00, run_after=2024-05-02 00:00:00+00:00
[2024-05-19T03:34:08.684+0000] {processor.py:183} INFO - Processing /opt/airflow/dags/dag_mysql.py took 0.079 seconds
[2024-05-19T03:34:38.991+0000] {processor.py:161} INFO - Started process (PID=912) to work on /opt/airflow/dags/dag_mysql.py
[2024-05-19T03:34:38.991+0000] {processor.py:830} INFO - Processing file /opt/airflow/dags/dag_mysql.py for tasks to queue
[2024-05-19T03:34:38.992+0000] {logging_mixin.py:188} INFO - [2024-05-19T03:34:38.992+0000] {dagbag.py:540} INFO - Filling up the DagBag from /opt/airflow/dags/dag_mysql.py
[2024-05-19T03:34:39.001+0000] {processor.py:840} INFO - DAG(s) 'dag_tables' retrieved from /opt/airflow/dags/dag_mysql.py
[2024-05-19T03:34:39.020+0000] {logging_mixin.py:188} INFO - [2024-05-19T03:34:39.020+0000] {dag.py:3096} INFO - Sync 1 DAGs
[2024-05-19T03:34:39.030+0000] {logging_mixin.py:188} INFO - [2024-05-19T03:34:39.030+0000] {dag.py:3954} INFO - Setting next_dagrun for dag_tables to 2024-05-01 00:00:00+00:00, run_after=2024-05-02 00:00:00+00:00
[2024-05-19T03:34:39.038+0000] {processor.py:183} INFO - Processing /opt/airflow/dags/dag_mysql.py took 0.051 seconds
[2024-05-19T03:35:09.353+0000] {processor.py:161} INFO - Started process (PID=929) to work on /opt/airflow/dags/dag_mysql.py
[2024-05-19T03:35:09.354+0000] {processor.py:830} INFO - Processing file /opt/airflow/dags/dag_mysql.py for tasks to queue
[2024-05-19T03:35:09.355+0000] {logging_mixin.py:188} INFO - [2024-05-19T03:35:09.355+0000] {dagbag.py:540} INFO - Filling up the DagBag from /opt/airflow/dags/dag_mysql.py
[2024-05-19T03:35:09.373+0000] {processor.py:840} INFO - DAG(s) 'dag_tables' retrieved from /opt/airflow/dags/dag_mysql.py
[2024-05-19T03:35:09.400+0000] {logging_mixin.py:188} INFO - [2024-05-19T03:35:09.400+0000] {dag.py:3096} INFO - Sync 1 DAGs
[2024-05-19T03:35:09.412+0000] {logging_mixin.py:188} INFO - [2024-05-19T03:35:09.412+0000] {dag.py:3954} INFO - Setting next_dagrun for dag_tables to 2024-05-01 00:00:00+00:00, run_after=2024-05-02 00:00:00+00:00
[2024-05-19T03:35:09.421+0000] {processor.py:183} INFO - Processing /opt/airflow/dags/dag_mysql.py took 0.076 seconds
