[2024-05-15T10:15:42.826+0000] {local_task_job_runner.py:120} INFO - ::group::Pre task execution logs
[2024-05-15T10:15:42.856+0000] {taskinstance.py:2073} INFO - Dependencies all met for dep_context=non-requeueable deps ti=<TaskInstance: dag_hdfs.save scheduled__2024-05-07T00:00:00+00:00 [queued]>
[2024-05-15T10:15:42.863+0000] {taskinstance.py:2073} INFO - Dependencies all met for dep_context=requeueable deps ti=<TaskInstance: dag_hdfs.save scheduled__2024-05-07T00:00:00+00:00 [queued]>
[2024-05-15T10:15:42.868+0000] {taskinstance.py:2303} INFO - Starting attempt 1 of 6
[2024-05-15T10:15:43.002+0000] {taskinstance.py:2327} INFO - Executing <Task(PythonOperator): save> on 2024-05-07 00:00:00+00:00
[2024-05-15T10:15:43.015+0000] {logging_mixin.py:188} WARNING - /home/***/.local/lib/python3.12/site-packages/***/task/task_runner/standard_task_runner.py:61 DeprecationWarning: This process (pid=226) is multi-threaded, use of fork() may lead to deadlocks in the child.
[2024-05-15T10:15:43.020+0000] {standard_task_runner.py:63} INFO - Started process 250 to run task
[2024-05-15T10:15:43.009+0000] {standard_task_runner.py:90} INFO - Running: ['***', 'tasks', 'run', 'dag_hdfs', 'save', 'scheduled__2024-05-07T00:00:00+00:00', '--job-id', '146', '--raw', '--subdir', 'DAGS_FOLDER/hdfs_dag.py', '--cfg-path', '/tmp/tmpwgec93dq']
[2024-05-15T10:15:43.022+0000] {standard_task_runner.py:91} INFO - Job 146: Subtask save
[2024-05-15T10:15:43.135+0000] {task_command.py:426} INFO - Running <TaskInstance: dag_hdfs.save scheduled__2024-05-07T00:00:00+00:00 [running]> on host f85b7a0b58b5
[2024-05-15T10:15:43.245+0000] {taskinstance.py:2644} INFO - Exporting env vars: AIRFLOW_CTX_DAG_OWNER='bses' AIRFLOW_CTX_DAG_ID='dag_hdfs' AIRFLOW_CTX_TASK_ID='save' AIRFLOW_CTX_EXECUTION_DATE='2024-05-07T00:00:00+00:00' AIRFLOW_CTX_TRY_NUMBER='1' AIRFLOW_CTX_DAG_RUN_ID='scheduled__2024-05-07T00:00:00+00:00'
[2024-05-15T10:15:43.247+0000] {taskinstance.py:430} INFO - ::endgroup::
[2024-05-15T10:15:43.265+0000] {logging_mixin.py:188} INFO - Error  /bin/sh: 1: hdfs: Permission denied
[2024-05-15T10:15:43.273+0000] {python.py:237} INFO - Done. Returned value was: None
[2024-05-15T10:15:43.283+0000] {taskinstance.py:441} INFO - ::group::Post task execution logs
[2024-05-15T10:15:43.296+0000] {taskinstance.py:1205} INFO - Marking task as SUCCESS. dag_id=dag_hdfs, task_id=save, execution_date=20240507T000000, start_date=20240515T101542, end_date=20240515T101543
[2024-05-15T10:15:43.330+0000] {local_task_job_runner.py:240} INFO - Task exited with return code 0
[2024-05-15T10:15:43.467+0000] {taskinstance.py:3482} INFO - 0 downstream tasks scheduled from follow-on schedule check
[2024-05-15T10:15:43.482+0000] {local_task_job_runner.py:222} INFO - ::endgroup::
[2024-05-15T10:20:35.926+0000] {local_task_job_runner.py:120} INFO - ::group::Pre task execution logs
[2024-05-15T10:20:35.975+0000] {taskinstance.py:2073} INFO - Dependencies all met for dep_context=non-requeueable deps ti=<TaskInstance: dag_hdfs.save scheduled__2024-05-07T00:00:00+00:00 [queued]>
[2024-05-15T10:20:35.988+0000] {taskinstance.py:2073} INFO - Dependencies all met for dep_context=requeueable deps ti=<TaskInstance: dag_hdfs.save scheduled__2024-05-07T00:00:00+00:00 [queued]>
[2024-05-15T10:20:35.993+0000] {taskinstance.py:2303} INFO - Starting attempt 1 of 6
[2024-05-15T10:20:36.072+0000] {taskinstance.py:2327} INFO - Executing <Task(BashOperator): save> on 2024-05-07 00:00:00+00:00
[2024-05-15T10:20:36.084+0000] {logging_mixin.py:188} WARNING - /home/***/.local/lib/python3.12/site-packages/***/task/task_runner/standard_task_runner.py:61 DeprecationWarning: This process (pid=507) is multi-threaded, use of fork() may lead to deadlocks in the child.
[2024-05-15T10:20:36.100+0000] {standard_task_runner.py:63} INFO - Started process 532 to run task
[2024-05-15T10:20:36.089+0000] {standard_task_runner.py:90} INFO - Running: ['***', 'tasks', 'run', 'dag_hdfs', 'save', 'scheduled__2024-05-07T00:00:00+00:00', '--job-id', '176', '--raw', '--subdir', 'DAGS_FOLDER/hdfs_dag.py', '--cfg-path', '/tmp/tmp_xh9tj2_']
[2024-05-15T10:20:36.105+0000] {standard_task_runner.py:91} INFO - Job 176: Subtask save
[2024-05-15T10:20:36.167+0000] {task_command.py:426} INFO - Running <TaskInstance: dag_hdfs.save scheduled__2024-05-07T00:00:00+00:00 [running]> on host f85b7a0b58b5
[2024-05-15T10:20:36.265+0000] {taskinstance.py:2644} INFO - Exporting env vars: AIRFLOW_CTX_DAG_OWNER='bses' AIRFLOW_CTX_DAG_ID='dag_hdfs' AIRFLOW_CTX_TASK_ID='save' AIRFLOW_CTX_EXECUTION_DATE='2024-05-07T00:00:00+00:00' AIRFLOW_CTX_TRY_NUMBER='1' AIRFLOW_CTX_DAG_RUN_ID='scheduled__2024-05-07T00:00:00+00:00'
[2024-05-15T10:20:36.267+0000] {taskinstance.py:430} INFO - ::endgroup::
[2024-05-15T10:20:36.283+0000] {subprocess.py:63} INFO - Tmp dir root location: /tmp
[2024-05-15T10:20:36.285+0000] {subprocess.py:75} INFO - Running command: ['/usr/bin/bash', '-c', 'hdfs dfs -mkdir /tmp']
[2024-05-15T10:20:36.306+0000] {subprocess.py:86} INFO - Output:
[2024-05-15T10:20:36.310+0000] {subprocess.py:93} INFO - /usr/bin/bash: line 1: hdfs: command not found
[2024-05-15T10:20:36.311+0000] {subprocess.py:97} INFO - Command exited with return code 127
[2024-05-15T10:20:36.318+0000] {taskinstance.py:441} INFO - ::group::Post task execution logs
[2024-05-15T10:20:36.336+0000] {taskinstance.py:2890} ERROR - Task failed with exception
Traceback (most recent call last):
  File "/home/airflow/.local/lib/python3.12/site-packages/airflow/models/taskinstance.py", line 465, in _execute_task
    result = _execute_callable(context=context, **execute_callable_kwargs)
             ^^^^^^^^^^^^^^^^^^^^^^^^^^^^^^^^^^^^^^^^^^^^^^^^^^^^^^^^^^^^^
  File "/home/airflow/.local/lib/python3.12/site-packages/airflow/models/taskinstance.py", line 432, in _execute_callable
    return execute_callable(context=context, **execute_callable_kwargs)
           ^^^^^^^^^^^^^^^^^^^^^^^^^^^^^^^^^^^^^^^^^^^^^^^^^^^^^^^^^^^^
  File "/home/airflow/.local/lib/python3.12/site-packages/airflow/models/baseoperator.py", line 400, in wrapper
    return func(self, *args, **kwargs)
           ^^^^^^^^^^^^^^^^^^^^^^^^^^^
  File "/home/airflow/.local/lib/python3.12/site-packages/airflow/operators/bash.py", line 243, in execute
    raise AirflowException(
airflow.exceptions.AirflowException: Bash command failed. The command returned a non-zero exit code 127.
[2024-05-15T10:20:36.341+0000] {taskinstance.py:1205} INFO - Marking task as UP_FOR_RETRY. dag_id=dag_hdfs, task_id=save, execution_date=20240507T000000, start_date=20240515T102035, end_date=20240515T102036
[2024-05-15T10:20:36.353+0000] {standard_task_runner.py:110} ERROR - Failed to execute job 176 for task save (Bash command failed. The command returned a non-zero exit code 127.; 532)
[2024-05-15T10:20:36.374+0000] {local_task_job_runner.py:240} INFO - Task exited with return code 1
[2024-05-15T10:20:36.389+0000] {taskinstance.py:3482} INFO - 0 downstream tasks scheduled from follow-on schedule check
[2024-05-15T10:20:36.391+0000] {local_task_job_runner.py:222} INFO - ::endgroup::
[2024-05-15T10:31:14.953+0000] {local_task_job_runner.py:120} INFO - ::group::Pre task execution logs
[2024-05-15T10:31:15.033+0000] {taskinstance.py:2073} INFO - Dependencies all met for dep_context=non-requeueable deps ti=<TaskInstance: dag_hdfs.save scheduled__2024-05-07T00:00:00+00:00 [queued]>
[2024-05-15T10:31:15.058+0000] {taskinstance.py:2073} INFO - Dependencies all met for dep_context=requeueable deps ti=<TaskInstance: dag_hdfs.save scheduled__2024-05-07T00:00:00+00:00 [queued]>
[2024-05-15T10:31:15.058+0000] {taskinstance.py:2303} INFO - Starting attempt 1 of 6
[2024-05-15T10:31:15.306+0000] {taskinstance.py:2327} INFO - Executing <Task(BashOperator): save> on 2024-05-07 00:00:00+00:00
[2024-05-15T10:31:15.321+0000] {standard_task_runner.py:90} INFO - Running: ['***', 'tasks', 'run', 'dag_hdfs', 'save', 'scheduled__2024-05-07T00:00:00+00:00', '--job-id', '206', '--raw', '--subdir', 'DAGS_FOLDER/hdfs_dag.py', '--cfg-path', '/tmp/tmpk246vw6i']
[2024-05-15T10:31:15.323+0000] {standard_task_runner.py:91} INFO - Job 206: Subtask save
[2024-05-15T10:31:15.317+0000] {logging_mixin.py:188} WARNING - /home/***/.local/lib/python3.12/site-packages/***/task/task_runner/standard_task_runner.py:61 DeprecationWarning: This process (pid=208) is multi-threaded, use of fork() may lead to deadlocks in the child.
[2024-05-15T10:31:15.324+0000] {standard_task_runner.py:63} INFO - Started process 228 to run task
[2024-05-15T10:31:15.431+0000] {task_command.py:426} INFO - Running <TaskInstance: dag_hdfs.save scheduled__2024-05-07T00:00:00+00:00 [running]> on host 8fa157e7798a
[2024-05-15T10:31:15.587+0000] {taskinstance.py:2644} INFO - Exporting env vars: AIRFLOW_CTX_DAG_OWNER='bses' AIRFLOW_CTX_DAG_ID='dag_hdfs' AIRFLOW_CTX_TASK_ID='save' AIRFLOW_CTX_EXECUTION_DATE='2024-05-07T00:00:00+00:00' AIRFLOW_CTX_TRY_NUMBER='1' AIRFLOW_CTX_DAG_RUN_ID='scheduled__2024-05-07T00:00:00+00:00'
[2024-05-15T10:31:15.592+0000] {taskinstance.py:430} INFO - ::endgroup::
[2024-05-15T10:31:15.606+0000] {subprocess.py:63} INFO - Tmp dir root location: /tmp
[2024-05-15T10:31:15.607+0000] {subprocess.py:75} INFO - Running command: ['/usr/bin/bash', '-c', 'hdfs dfs -mkdir /tmp']
[2024-05-15T10:31:15.617+0000] {subprocess.py:86} INFO - Output:
[2024-05-15T10:31:15.625+0000] {subprocess.py:93} INFO - /usr/bin/bash: line 1: hdfs: command not found
[2024-05-15T10:31:15.630+0000] {subprocess.py:97} INFO - Command exited with return code 127
[2024-05-15T10:31:15.632+0000] {taskinstance.py:441} INFO - ::group::Post task execution logs
[2024-05-15T10:31:15.662+0000] {taskinstance.py:2890} ERROR - Task failed with exception
Traceback (most recent call last):
  File "/home/airflow/.local/lib/python3.12/site-packages/airflow/models/taskinstance.py", line 465, in _execute_task
    result = _execute_callable(context=context, **execute_callable_kwargs)
             ^^^^^^^^^^^^^^^^^^^^^^^^^^^^^^^^^^^^^^^^^^^^^^^^^^^^^^^^^^^^^
  File "/home/airflow/.local/lib/python3.12/site-packages/airflow/models/taskinstance.py", line 432, in _execute_callable
    return execute_callable(context=context, **execute_callable_kwargs)
           ^^^^^^^^^^^^^^^^^^^^^^^^^^^^^^^^^^^^^^^^^^^^^^^^^^^^^^^^^^^^
  File "/home/airflow/.local/lib/python3.12/site-packages/airflow/models/baseoperator.py", line 400, in wrapper
    return func(self, *args, **kwargs)
           ^^^^^^^^^^^^^^^^^^^^^^^^^^^
  File "/home/airflow/.local/lib/python3.12/site-packages/airflow/operators/bash.py", line 243, in execute
    raise AirflowException(
airflow.exceptions.AirflowException: Bash command failed. The command returned a non-zero exit code 127.
[2024-05-15T10:31:15.666+0000] {taskinstance.py:1205} INFO - Marking task as UP_FOR_RETRY. dag_id=dag_hdfs, task_id=save, execution_date=20240507T000000, start_date=20240515T103115, end_date=20240515T103115
[2024-05-15T10:31:15.690+0000] {standard_task_runner.py:110} ERROR - Failed to execute job 206 for task save (Bash command failed. The command returned a non-zero exit code 127.; 228)
[2024-05-15T10:31:15.731+0000] {local_task_job_runner.py:240} INFO - Task exited with return code 1
[2024-05-15T10:31:15.754+0000] {taskinstance.py:3482} INFO - 0 downstream tasks scheduled from follow-on schedule check
[2024-05-15T10:31:15.759+0000] {local_task_job_runner.py:222} INFO - ::endgroup::
