[2024-05-16T11:19:48.140+0000] {local_task_job_runner.py:120} INFO - ::group::Pre task execution logs
[2024-05-16T11:19:48.181+0000] {taskinstance.py:2073} INFO - Dependencies all met for dep_context=non-requeueable deps ti=<TaskInstance: dag_tables.import_table1 scheduled__2024-05-05T00:00:00+00:00 [queued]>
[2024-05-16T11:19:48.186+0000] {taskinstance.py:2073} INFO - Dependencies all met for dep_context=requeueable deps ti=<TaskInstance: dag_tables.import_table1 scheduled__2024-05-05T00:00:00+00:00 [queued]>
[2024-05-16T11:19:48.187+0000] {taskinstance.py:2303} INFO - Starting attempt 1 of 6
[2024-05-16T11:19:48.215+0000] {taskinstance.py:2327} INFO - Executing <Task(BashOperator): import_table1> on 2024-05-05 00:00:00+00:00
[2024-05-16T11:19:48.223+0000] {logging_mixin.py:188} WARNING - /home/***/.local/lib/python3.12/site-packages/***/task/task_runner/standard_task_runner.py:61 DeprecationWarning: This process (pid=192) is multi-threaded, use of fork() may lead to deadlocks in the child.
[2024-05-16T11:19:48.225+0000] {standard_task_runner.py:63} INFO - Started process 204 to run task
[2024-05-16T11:19:48.229+0000] {standard_task_runner.py:90} INFO - Running: ['***', 'tasks', 'run', 'dag_tables', 'import_table1', 'scheduled__2024-05-05T00:00:00+00:00', '--job-id', '385', '--raw', '--subdir', 'DAGS_FOLDER/dag_mysql.py', '--cfg-path', '/tmp/tmpmk2qo2cz']
[2024-05-16T11:19:48.239+0000] {standard_task_runner.py:91} INFO - Job 385: Subtask import_table1
[2024-05-16T11:19:48.299+0000] {task_command.py:426} INFO - Running <TaskInstance: dag_tables.import_table1 scheduled__2024-05-05T00:00:00+00:00 [running]> on host 7084a6d88d3b
[2024-05-16T11:19:48.366+0000] {taskinstance.py:2644} INFO - Exporting env vars: AIRFLOW_CTX_DAG_OWNER='bses' AIRFLOW_CTX_DAG_ID='dag_tables' AIRFLOW_CTX_TASK_ID='import_table1' AIRFLOW_CTX_EXECUTION_DATE='2024-05-05T00:00:00+00:00' AIRFLOW_CTX_TRY_NUMBER='1' AIRFLOW_CTX_DAG_RUN_ID='scheduled__2024-05-05T00:00:00+00:00'
[2024-05-16T11:19:48.368+0000] {taskinstance.py:430} INFO - ::endgroup::
[2024-05-16T11:19:48.378+0000] {subprocess.py:63} INFO - Tmp dir root location: /tmp
[2024-05-16T11:19:48.379+0000] {subprocess.py:75} INFO - Running command: ['/usr/bin/bash', '-c', '\n            mysql -h host.docker.internal -u root --password=12345678 test < /opt/***/dags/products.sql;\n           ']
[2024-05-16T11:19:48.385+0000] {subprocess.py:86} INFO - Output:
[2024-05-16T11:19:48.553+0000] {subprocess.py:97} INFO - Command exited with return code 0
[2024-05-16T11:19:48.554+0000] {taskinstance.py:441} INFO - ::group::Post task execution logs
[2024-05-16T11:19:48.572+0000] {taskinstance.py:1205} INFO - Marking task as SUCCESS. dag_id=dag_tables, task_id=import_table1, execution_date=20240505T000000, start_date=20240516T111948, end_date=20240516T111948
[2024-05-16T11:19:48.662+0000] {local_task_job_runner.py:240} INFO - Task exited with return code 0
[2024-05-16T11:19:48.690+0000] {taskinstance.py:3482} INFO - 1 downstream tasks scheduled from follow-on schedule check
[2024-05-16T11:19:48.698+0000] {local_task_job_runner.py:222} INFO - ::endgroup::
[2024-05-16T11:22:30.477+0000] {local_task_job_runner.py:120} INFO - ::group::Pre task execution logs
[2024-05-16T11:22:30.507+0000] {taskinstance.py:2073} INFO - Dependencies all met for dep_context=non-requeueable deps ti=<TaskInstance: dag_tables.import_table1 scheduled__2024-05-05T00:00:00+00:00 [queued]>
[2024-05-16T11:22:30.519+0000] {taskinstance.py:2073} INFO - Dependencies all met for dep_context=requeueable deps ti=<TaskInstance: dag_tables.import_table1 scheduled__2024-05-05T00:00:00+00:00 [queued]>
[2024-05-16T11:22:30.520+0000] {taskinstance.py:2303} INFO - Starting attempt 1 of 6
[2024-05-16T11:22:30.537+0000] {taskinstance.py:2327} INFO - Executing <Task(BashOperator): import_table1> on 2024-05-05 00:00:00+00:00
[2024-05-16T11:22:30.544+0000] {logging_mixin.py:188} WARNING - /home/***/.local/lib/python3.12/site-packages/***/task/task_runner/standard_task_runner.py:61 DeprecationWarning: This process (pid=450) is multi-threaded, use of fork() may lead to deadlocks in the child.
[2024-05-16T11:22:30.546+0000] {standard_task_runner.py:63} INFO - Started process 462 to run task
[2024-05-16T11:22:30.544+0000] {standard_task_runner.py:90} INFO - Running: ['***', 'tasks', 'run', 'dag_tables', 'import_table1', 'scheduled__2024-05-05T00:00:00+00:00', '--job-id', '433', '--raw', '--subdir', 'DAGS_FOLDER/dag_mysql.py', '--cfg-path', '/tmp/tmp_vzqezma']
[2024-05-16T11:22:30.547+0000] {standard_task_runner.py:91} INFO - Job 433: Subtask import_table1
[2024-05-16T11:22:30.594+0000] {task_command.py:426} INFO - Running <TaskInstance: dag_tables.import_table1 scheduled__2024-05-05T00:00:00+00:00 [running]> on host 7084a6d88d3b
[2024-05-16T11:22:30.665+0000] {taskinstance.py:2644} INFO - Exporting env vars: AIRFLOW_CTX_DAG_OWNER='bses' AIRFLOW_CTX_DAG_ID='dag_tables' AIRFLOW_CTX_TASK_ID='import_table1' AIRFLOW_CTX_EXECUTION_DATE='2024-05-05T00:00:00+00:00' AIRFLOW_CTX_TRY_NUMBER='1' AIRFLOW_CTX_DAG_RUN_ID='scheduled__2024-05-05T00:00:00+00:00'
[2024-05-16T11:22:30.667+0000] {taskinstance.py:430} INFO - ::endgroup::
[2024-05-16T11:22:30.678+0000] {subprocess.py:63} INFO - Tmp dir root location: /tmp
[2024-05-16T11:22:30.679+0000] {subprocess.py:75} INFO - Running command: ['/usr/bin/bash', '-c', '\n            mysql -h host.docker.internal -u root --password=12345678 test < /opt/***/dags/products.sql\n           ']
[2024-05-16T11:22:30.686+0000] {subprocess.py:86} INFO - Output:
[2024-05-16T11:22:30.767+0000] {subprocess.py:97} INFO - Command exited with return code 0
[2024-05-16T11:22:30.768+0000] {taskinstance.py:441} INFO - ::group::Post task execution logs
[2024-05-16T11:22:30.792+0000] {taskinstance.py:1205} INFO - Marking task as SUCCESS. dag_id=dag_tables, task_id=import_table1, execution_date=20240505T000000, start_date=20240516T112230, end_date=20240516T112230
[2024-05-16T11:22:30.812+0000] {local_task_job_runner.py:240} INFO - Task exited with return code 0
[2024-05-16T11:22:30.892+0000] {taskinstance.py:3482} INFO - 0 downstream tasks scheduled from follow-on schedule check
[2024-05-16T11:22:30.897+0000] {local_task_job_runner.py:222} INFO - ::endgroup::
[2024-05-16T11:24:46.241+0000] {local_task_job_runner.py:120} INFO - ::group::Pre task execution logs
[2024-05-16T11:24:46.306+0000] {taskinstance.py:2073} INFO - Dependencies all met for dep_context=non-requeueable deps ti=<TaskInstance: dag_tables.import_table1 scheduled__2024-05-05T00:00:00+00:00 [queued]>
[2024-05-16T11:24:46.318+0000] {taskinstance.py:2073} INFO - Dependencies all met for dep_context=requeueable deps ti=<TaskInstance: dag_tables.import_table1 scheduled__2024-05-05T00:00:00+00:00 [queued]>
[2024-05-16T11:24:46.319+0000] {taskinstance.py:2303} INFO - Starting attempt 1 of 6
[2024-05-16T11:24:46.346+0000] {taskinstance.py:2327} INFO - Executing <Task(BashOperator): import_table1> on 2024-05-05 00:00:00+00:00
[2024-05-16T11:24:46.351+0000] {logging_mixin.py:188} WARNING - /home/***/.local/lib/python3.12/site-packages/***/task/task_runner/standard_task_runner.py:61 DeprecationWarning: This process (pid=702) is multi-threaded, use of fork() may lead to deadlocks in the child.
[2024-05-16T11:24:46.353+0000] {standard_task_runner.py:63} INFO - Started process 727 to run task
[2024-05-16T11:24:46.354+0000] {standard_task_runner.py:90} INFO - Running: ['***', 'tasks', 'run', 'dag_tables', 'import_table1', 'scheduled__2024-05-05T00:00:00+00:00', '--job-id', '486', '--raw', '--subdir', 'DAGS_FOLDER/dag_mysql.py', '--cfg-path', '/tmp/tmpkrtazu61']
[2024-05-16T11:24:46.362+0000] {standard_task_runner.py:91} INFO - Job 486: Subtask import_table1
[2024-05-16T11:24:46.441+0000] {task_command.py:426} INFO - Running <TaskInstance: dag_tables.import_table1 scheduled__2024-05-05T00:00:00+00:00 [running]> on host 7084a6d88d3b
[2024-05-16T11:24:46.548+0000] {taskinstance.py:2644} INFO - Exporting env vars: AIRFLOW_CTX_DAG_OWNER='bses' AIRFLOW_CTX_DAG_ID='dag_tables' AIRFLOW_CTX_TASK_ID='import_table1' AIRFLOW_CTX_EXECUTION_DATE='2024-05-05T00:00:00+00:00' AIRFLOW_CTX_TRY_NUMBER='1' AIRFLOW_CTX_DAG_RUN_ID='scheduled__2024-05-05T00:00:00+00:00'
[2024-05-16T11:24:46.552+0000] {taskinstance.py:430} INFO - ::endgroup::
[2024-05-16T11:24:46.566+0000] {subprocess.py:63} INFO - Tmp dir root location: /tmp
[2024-05-16T11:24:46.567+0000] {subprocess.py:75} INFO - Running command: ['/usr/bin/bash', '-c', '\n            mysql -h host.docker.internal -u root --password=12345678 test < /opt/***/dags/products.sql\n           ']
[2024-05-16T11:24:46.587+0000] {subprocess.py:86} INFO - Output:
[2024-05-16T11:24:46.788+0000] {subprocess.py:97} INFO - Command exited with return code 0
[2024-05-16T11:24:46.794+0000] {taskinstance.py:441} INFO - ::group::Post task execution logs
[2024-05-16T11:24:46.823+0000] {taskinstance.py:1205} INFO - Marking task as SUCCESS. dag_id=dag_tables, task_id=import_table1, execution_date=20240505T000000, start_date=20240516T112446, end_date=20240516T112446
[2024-05-16T11:24:46.841+0000] {local_task_job_runner.py:240} INFO - Task exited with return code 0
[2024-05-16T11:24:46.858+0000] {taskinstance.py:3482} INFO - 0 downstream tasks scheduled from follow-on schedule check
[2024-05-16T11:24:46.862+0000] {local_task_job_runner.py:222} INFO - ::endgroup::
[2024-05-16T11:27:47.898+0000] {local_task_job_runner.py:120} INFO - ::group::Pre task execution logs
[2024-05-16T11:27:47.937+0000] {taskinstance.py:2073} INFO - Dependencies all met for dep_context=non-requeueable deps ti=<TaskInstance: dag_tables.import_table1 scheduled__2024-05-05T00:00:00+00:00 [queued]>
[2024-05-16T11:27:47.948+0000] {taskinstance.py:2073} INFO - Dependencies all met for dep_context=requeueable deps ti=<TaskInstance: dag_tables.import_table1 scheduled__2024-05-05T00:00:00+00:00 [queued]>
[2024-05-16T11:27:47.950+0000] {taskinstance.py:2303} INFO - Starting attempt 1 of 6
[2024-05-16T11:27:47.998+0000] {taskinstance.py:2327} INFO - Executing <Task(BashOperator): import_table1> on 2024-05-05 00:00:00+00:00
[2024-05-16T11:27:48.005+0000] {logging_mixin.py:188} WARNING - /home/***/.local/lib/python3.12/site-packages/***/task/task_runner/standard_task_runner.py:61 DeprecationWarning: This process (pid=889) is multi-threaded, use of fork() may lead to deadlocks in the child.
[2024-05-16T11:27:48.006+0000] {standard_task_runner.py:90} INFO - Running: ['***', 'tasks', 'run', 'dag_tables', 'import_table1', 'scheduled__2024-05-05T00:00:00+00:00', '--job-id', '513', '--raw', '--subdir', 'DAGS_FOLDER/dag_mysql.py', '--cfg-path', '/tmp/tmpqevcmjj0']
[2024-05-16T11:27:48.014+0000] {standard_task_runner.py:91} INFO - Job 513: Subtask import_table1
[2024-05-16T11:27:48.008+0000] {standard_task_runner.py:63} INFO - Started process 904 to run task
[2024-05-16T11:27:48.073+0000] {task_command.py:426} INFO - Running <TaskInstance: dag_tables.import_table1 scheduled__2024-05-05T00:00:00+00:00 [running]> on host 7084a6d88d3b
[2024-05-16T11:27:48.158+0000] {taskinstance.py:2644} INFO - Exporting env vars: AIRFLOW_CTX_DAG_OWNER='bses' AIRFLOW_CTX_DAG_ID='dag_tables' AIRFLOW_CTX_TASK_ID='import_table1' AIRFLOW_CTX_EXECUTION_DATE='2024-05-05T00:00:00+00:00' AIRFLOW_CTX_TRY_NUMBER='1' AIRFLOW_CTX_DAG_RUN_ID='scheduled__2024-05-05T00:00:00+00:00'
[2024-05-16T11:27:48.161+0000] {taskinstance.py:430} INFO - ::endgroup::
[2024-05-16T11:27:48.169+0000] {subprocess.py:63} INFO - Tmp dir root location: /tmp
[2024-05-16T11:27:48.171+0000] {subprocess.py:75} INFO - Running command: ['/usr/bin/bash', '-c', '\n            mysql -h host.docker.internal -u root --password=12345678 test < /opt/***/dags/products.sql\n           ']
[2024-05-16T11:27:48.178+0000] {subprocess.py:86} INFO - Output:
[2024-05-16T11:27:48.266+0000] {subprocess.py:93} INFO - ERROR 1146 (42S02) at line 38: Table 'test.products' doesn't exist
[2024-05-16T11:27:48.268+0000] {subprocess.py:97} INFO - Command exited with return code 1
[2024-05-16T11:27:48.272+0000] {taskinstance.py:441} INFO - ::group::Post task execution logs
[2024-05-16T11:27:48.280+0000] {taskinstance.py:2890} ERROR - Task failed with exception
Traceback (most recent call last):
  File "/home/airflow/.local/lib/python3.12/site-packages/airflow/models/taskinstance.py", line 465, in _execute_task
    result = _execute_callable(context=context, **execute_callable_kwargs)
             ^^^^^^^^^^^^^^^^^^^^^^^^^^^^^^^^^^^^^^^^^^^^^^^^^^^^^^^^^^^^^
  File "/home/airflow/.local/lib/python3.12/site-packages/airflow/models/taskinstance.py", line 432, in _execute_callable
    return execute_callable(context=context, **execute_callable_kwargs)
           ^^^^^^^^^^^^^^^^^^^^^^^^^^^^^^^^^^^^^^^^^^^^^^^^^^^^^^^^^^^^
  File "/home/airflow/.local/lib/python3.12/site-packages/airflow/models/baseoperator.py", line 400, in wrapper
    return func(self, *args, **kwargs)
           ^^^^^^^^^^^^^^^^^^^^^^^^^^^
  File "/home/airflow/.local/lib/python3.12/site-packages/airflow/operators/bash.py", line 243, in execute
    raise AirflowException(
airflow.exceptions.AirflowException: Bash command failed. The command returned a non-zero exit code 1.
[2024-05-16T11:27:48.284+0000] {taskinstance.py:1205} INFO - Marking task as UP_FOR_RETRY. dag_id=dag_tables, task_id=import_table1, execution_date=20240505T000000, start_date=20240516T112747, end_date=20240516T112748
[2024-05-16T11:27:48.313+0000] {standard_task_runner.py:110} ERROR - Failed to execute job 513 for task import_table1 (Bash command failed. The command returned a non-zero exit code 1.; 904)
[2024-05-16T11:27:48.329+0000] {local_task_job_runner.py:240} INFO - Task exited with return code 1
[2024-05-16T11:27:48.340+0000] {taskinstance.py:3482} INFO - 0 downstream tasks scheduled from follow-on schedule check
[2024-05-16T11:27:48.340+0000] {local_task_job_runner.py:222} INFO - ::endgroup::
