[2024-05-16T11:37:49.801+0000] {local_task_job_runner.py:120} INFO - ::group::Pre task execution logs
[2024-05-16T11:37:49.821+0000] {taskinstance.py:2073} INFO - Dependencies all met for dep_context=non-requeueable deps ti=<TaskInstance: dag_tables.import_table1 scheduled__2024-05-05T00:00:00+00:00 [queued]>
[2024-05-16T11:37:49.826+0000] {taskinstance.py:2073} INFO - Dependencies all met for dep_context=requeueable deps ti=<TaskInstance: dag_tables.import_table1 scheduled__2024-05-05T00:00:00+00:00 [queued]>
[2024-05-16T11:37:49.826+0000] {taskinstance.py:2303} INFO - Starting attempt 3 of 6
[2024-05-16T11:37:49.831+0000] {taskinstance.py:2327} INFO - Executing <Task(BashOperator): import_table1> on 2024-05-05 00:00:00+00:00
[2024-05-16T11:37:49.836+0000] {logging_mixin.py:188} WARNING - /home/***/.local/lib/python3.12/site-packages/***/task/task_runner/standard_task_runner.py:61 DeprecationWarning: This process (pid=1284) is multi-threaded, use of fork() may lead to deadlocks in the child.
[2024-05-16T11:37:49.836+0000] {standard_task_runner.py:63} INFO - Started process 1290 to run task
[2024-05-16T11:37:49.836+0000] {standard_task_runner.py:90} INFO - Running: ['***', 'tasks', 'run', 'dag_tables', 'import_table1', 'scheduled__2024-05-05T00:00:00+00:00', '--job-id', '550', '--raw', '--subdir', 'DAGS_FOLDER/dag_mysql.py', '--cfg-path', '/tmp/tmpmb0p663a']
[2024-05-16T11:37:49.837+0000] {standard_task_runner.py:91} INFO - Job 550: Subtask import_table1
[2024-05-16T11:37:49.860+0000] {task_command.py:426} INFO - Running <TaskInstance: dag_tables.import_table1 scheduled__2024-05-05T00:00:00+00:00 [running]> on host 7084a6d88d3b
[2024-05-16T11:37:49.900+0000] {taskinstance.py:2644} INFO - Exporting env vars: AIRFLOW_CTX_DAG_OWNER='bses' AIRFLOW_CTX_DAG_ID='dag_tables' AIRFLOW_CTX_TASK_ID='import_table1' AIRFLOW_CTX_EXECUTION_DATE='2024-05-05T00:00:00+00:00' AIRFLOW_CTX_TRY_NUMBER='3' AIRFLOW_CTX_DAG_RUN_ID='scheduled__2024-05-05T00:00:00+00:00'
[2024-05-16T11:37:49.901+0000] {taskinstance.py:430} INFO - ::endgroup::
[2024-05-16T11:37:49.907+0000] {subprocess.py:63} INFO - Tmp dir root location: /tmp
[2024-05-16T11:37:49.908+0000] {subprocess.py:75} INFO - Running command: ['/usr/bin/bash', '-c', '\n            mysql -h host.docker.internal -u root --password=12345678 test < /opt/***/dags/products.sql\n           ']
[2024-05-16T11:37:49.912+0000] {subprocess.py:86} INFO - Output:
[2024-05-16T11:37:49.987+0000] {subprocess.py:97} INFO - Command exited with return code 0
[2024-05-16T11:37:49.988+0000] {taskinstance.py:441} INFO - ::group::Post task execution logs
[2024-05-16T11:37:50.003+0000] {taskinstance.py:1205} INFO - Marking task as SUCCESS. dag_id=dag_tables, task_id=import_table1, execution_date=20240505T000000, start_date=20240516T113749, end_date=20240516T113750
[2024-05-16T11:37:50.020+0000] {local_task_job_runner.py:240} INFO - Task exited with return code 0
[2024-05-16T11:37:50.036+0000] {taskinstance.py:3482} INFO - 1 downstream tasks scheduled from follow-on schedule check
[2024-05-16T11:37:50.037+0000] {local_task_job_runner.py:222} INFO - ::endgroup::
