[2024-05-05T03:43:57.275+0000] {local_task_job_runner.py:120} INFO - ::group::Pre task execution logs
[2024-05-05T03:43:57.289+0000] {taskinstance.py:2073} INFO - Dependencies all met for dep_context=non-requeueable deps ti=<TaskInstance: dag_space.estimate_table_size scheduled__2024-05-04T00:00:00+00:00 [queued]>
[2024-05-05T03:43:57.293+0000] {taskinstance.py:2073} INFO - Dependencies all met for dep_context=requeueable deps ti=<TaskInstance: dag_space.estimate_table_size scheduled__2024-05-04T00:00:00+00:00 [queued]>
[2024-05-05T03:43:57.293+0000] {taskinstance.py:2303} INFO - Starting attempt 5 of 6
[2024-05-05T03:43:57.299+0000] {taskinstance.py:2327} INFO - Executing <Task(MySqlOperator): estimate_table_size> on 2024-05-04 00:00:00+00:00
[2024-05-05T03:43:57.302+0000] {standard_task_runner.py:90} INFO - Running: ['***', 'tasks', 'run', 'dag_space', 'estimate_table_size', 'scheduled__2024-05-04T00:00:00+00:00', '--job-id', '126', '--raw', '--subdir', 'DAGS_FOLDER/dag_mysql.py', '--cfg-path', '/tmp/tmpqmew2eox']
[2024-05-05T03:43:57.304+0000] {standard_task_runner.py:91} INFO - Job 126: Subtask estimate_table_size
[2024-05-05T03:43:57.305+0000] {logging_mixin.py:188} WARNING - /home/***/.local/lib/python3.12/site-packages/***/task/task_runner/standard_task_runner.py:61 DeprecationWarning: This process (pid=1404) is multi-threaded, use of fork() may lead to deadlocks in the child.
[2024-05-05T03:43:57.305+0000] {standard_task_runner.py:63} INFO - Started process 1405 to run task
[2024-05-05T03:43:57.326+0000] {task_command.py:426} INFO - Running <TaskInstance: dag_space.estimate_table_size scheduled__2024-05-04T00:00:00+00:00 [running]> on host f85b7a0b58b5
[2024-05-05T03:43:57.362+0000] {taskinstance.py:2644} INFO - Exporting env vars: AIRFLOW_CTX_DAG_OWNER='bses' AIRFLOW_CTX_DAG_ID='dag_space' AIRFLOW_CTX_TASK_ID='estimate_table_size' AIRFLOW_CTX_EXECUTION_DATE='2024-05-04T00:00:00+00:00' AIRFLOW_CTX_TRY_NUMBER='5' AIRFLOW_CTX_DAG_RUN_ID='scheduled__2024-05-04T00:00:00+00:00'
[2024-05-05T03:43:57.362+0000] {taskinstance.py:430} INFO - ::endgroup::
[2024-05-05T03:43:57.367+0000] {sql.py:276} INFO - Executing: 
            SELECT round(sum(data_length + index_length) / 1024 / 1024, 2)
            FROM information_schema.TABLES
            WHERE table_schema = 'client_rw' AND table_name = 'fc_account_master';
        
[2024-05-05T03:43:57.372+0000] {base.py:84} INFO - Using connection ID 'mysql_local' for task execution.
[2024-05-05T03:43:57.376+0000] {base.py:84} INFO - Using connection ID 'mysql_local' for task execution.
[2024-05-05T03:43:57.382+0000] {taskinstance.py:441} INFO - ::group::Post task execution logs
[2024-05-05T03:43:57.383+0000] {taskinstance.py:2890} ERROR - Task failed with exception
Traceback (most recent call last):
  File "/home/airflow/.local/lib/python3.12/site-packages/airflow/models/taskinstance.py", line 465, in _execute_task
    result = _execute_callable(context=context, **execute_callable_kwargs)
             ^^^^^^^^^^^^^^^^^^^^^^^^^^^^^^^^^^^^^^^^^^^^^^^^^^^^^^^^^^^^^
  File "/home/airflow/.local/lib/python3.12/site-packages/airflow/models/taskinstance.py", line 432, in _execute_callable
    return execute_callable(context=context, **execute_callable_kwargs)
           ^^^^^^^^^^^^^^^^^^^^^^^^^^^^^^^^^^^^^^^^^^^^^^^^^^^^^^^^^^^^
  File "/home/airflow/.local/lib/python3.12/site-packages/airflow/models/baseoperator.py", line 400, in wrapper
    return func(self, *args, **kwargs)
           ^^^^^^^^^^^^^^^^^^^^^^^^^^^
  File "/home/airflow/.local/lib/python3.12/site-packages/airflow/providers/common/sql/operators/sql.py", line 282, in execute
    output = hook.run(
             ^^^^^^^^^
  File "/home/airflow/.local/lib/python3.12/site-packages/airflow/providers/common/sql/hooks/sql.py", line 397, in run
    with closing(self.get_conn()) as conn:
                 ^^^^^^^^^^^^^^^
  File "/home/airflow/.local/lib/python3.12/site-packages/airflow/providers/mysql/hooks/mysql.py", line 195, in get_conn
    return MySQLdb.connect(**conn_config)
           ^^^^^^^^^^^^^^^^^^^^^^^^^^^^^^
  File "/home/airflow/.local/lib/python3.12/site-packages/MySQLdb/__init__.py", line 121, in Connect
    return Connection(*args, **kwargs)
           ^^^^^^^^^^^^^^^^^^^^^^^^^^^
  File "/home/airflow/.local/lib/python3.12/site-packages/MySQLdb/connections.py", line 195, in __init__
    super().__init__(*args, **kwargs2)
MySQLdb.OperationalError: (2002, "Can't connect to server on 'host.docker.internal' (115)")
[2024-05-05T03:43:57.387+0000] {taskinstance.py:1205} INFO - Marking task as UP_FOR_RETRY. dag_id=dag_space, task_id=estimate_table_size, execution_date=20240504T000000, start_date=20240505T034357, end_date=20240505T034357
[2024-05-05T03:43:57.392+0000] {standard_task_runner.py:110} ERROR - Failed to execute job 126 for task estimate_table_size ((2002, "Can't connect to server on 'host.docker.internal' (115)"); 1405)
[2024-05-05T03:43:57.405+0000] {local_task_job_runner.py:240} INFO - Task exited with return code 1
[2024-05-05T03:43:57.411+0000] {logging_mixin.py:188} WARNING - /home/***/.local/lib/python3.12/site-packages/***/models/baseoperator.py:1296 AirflowProviderDeprecationWarning: Call to deprecated class MySqlOperator. (Please use `***.providers.common.sql.operators.sql.SQLExecuteQueryOperator`.Also, you can provide `hook_params={'schema': <database>}`.)
[2024-05-05T03:43:57.417+0000] {taskinstance.py:3482} INFO - 0 downstream tasks scheduled from follow-on schedule check
[2024-05-05T03:43:57.418+0000] {local_task_job_runner.py:222} INFO - ::endgroup::
