[2024-05-04T16:07:22.354+0000] {local_task_job_runner.py:120} INFO - ::group::Pre task execution logs
[2024-05-04T16:07:22.367+0000] {taskinstance.py:2073} INFO - Dependencies all met for dep_context=non-requeueable deps ti=<TaskInstance: dag_space.check_space manual__2024-05-04T15:57:32.696548+00:00 [queued]>
[2024-05-04T16:07:22.371+0000] {taskinstance.py:2073} INFO - Dependencies all met for dep_context=requeueable deps ti=<TaskInstance: dag_space.check_space manual__2024-05-04T15:57:32.696548+00:00 [queued]>
[2024-05-04T16:07:22.371+0000] {taskinstance.py:2303} INFO - Starting attempt 5 of 10
[2024-05-04T16:07:22.376+0000] {taskinstance.py:2327} INFO - Executing <Task(PythonOperator): check_space> on 2024-05-04 15:57:32.696548+00:00
[2024-05-04T16:07:22.379+0000] {logging_mixin.py:188} WARNING - /home/***/.local/lib/python3.12/site-packages/***/task/task_runner/standard_task_runner.py:61 DeprecationWarning: This process (pid=2867) is multi-threaded, use of fork() may lead to deadlocks in the child.
[2024-05-04T16:07:22.380+0000] {standard_task_runner.py:63} INFO - Started process 2868 to run task
[2024-05-04T16:07:22.379+0000] {standard_task_runner.py:90} INFO - Running: ['***', 'tasks', 'run', 'dag_space', 'check_space', 'manual__2024-05-04T15:57:32.696548+00:00', '--job-id', '105', '--raw', '--subdir', 'DAGS_FOLDER/dag_mysql.py', '--cfg-path', '/tmp/tmpdv5y6s2r']
[2024-05-04T16:07:22.381+0000] {standard_task_runner.py:91} INFO - Job 105: Subtask check_space
[2024-05-04T16:07:22.401+0000] {task_command.py:426} INFO - Running <TaskInstance: dag_space.check_space manual__2024-05-04T15:57:32.696548+00:00 [running]> on host f85b7a0b58b5
[2024-05-04T16:07:22.434+0000] {taskinstance.py:2644} INFO - Exporting env vars: AIRFLOW_CTX_DAG_OWNER='bses' AIRFLOW_CTX_DAG_ID='dag_space' AIRFLOW_CTX_TASK_ID='check_space' AIRFLOW_CTX_EXECUTION_DATE='2024-05-04T15:57:32.696548+00:00' AIRFLOW_CTX_TRY_NUMBER='5' AIRFLOW_CTX_DAG_RUN_ID='manual__2024-05-04T15:57:32.696548+00:00'
[2024-05-04T16:07:22.435+0000] {taskinstance.py:430} INFO - ::endgroup::
[2024-05-04T16:07:22.447+0000] {logging_mixin.py:188} INFO - Estimated size of table in MB: 0.19
[2024-05-04T16:07:22.448+0000] {logging_mixin.py:188} INFO - Available disk space in MB: 5.0
[2024-05-04T16:07:22.448+0000] {logging_mixin.py:188} INFO - Sufficient disk space.
[2024-05-04T16:07:22.448+0000] {python.py:237} INFO - Done. Returned value was: True
[2024-05-04T16:07:22.448+0000] {taskinstance.py:441} INFO - ::group::Post task execution logs
[2024-05-04T16:07:22.457+0000] {taskinstance.py:1205} INFO - Marking task as SUCCESS. dag_id=dag_space, task_id=check_space, execution_date=20240504T155732, start_date=20240504T160722, end_date=20240504T160722
[2024-05-04T16:07:22.480+0000] {local_task_job_runner.py:240} INFO - Task exited with return code 0
[2024-05-04T16:07:22.489+0000] {taskinstance.py:3482} INFO - 0 downstream tasks scheduled from follow-on schedule check
[2024-05-04T16:07:22.490+0000] {local_task_job_runner.py:222} INFO - ::endgroup::
