[2024-05-16T11:19:49.728+0000] {local_task_job_runner.py:120} INFO - ::group::Pre task execution logs
[2024-05-16T11:19:49.754+0000] {taskinstance.py:2073} INFO - Dependencies all met for dep_context=non-requeueable deps ti=<TaskInstance: dag_tables.import_table3 scheduled__2024-05-05T00:00:00+00:00 [queued]>
[2024-05-16T11:19:49.763+0000] {taskinstance.py:2073} INFO - Dependencies all met for dep_context=requeueable deps ti=<TaskInstance: dag_tables.import_table3 scheduled__2024-05-05T00:00:00+00:00 [queued]>
[2024-05-16T11:19:49.764+0000] {taskinstance.py:2303} INFO - Starting attempt 1 of 6
[2024-05-16T11:19:49.784+0000] {taskinstance.py:2327} INFO - Executing <Task(BashOperator): import_table3> on 2024-05-05 00:00:00+00:00
[2024-05-16T11:19:49.791+0000] {logging_mixin.py:188} WARNING - /home/***/.local/lib/python3.12/site-packages/***/task/task_runner/standard_task_runner.py:61 DeprecationWarning: This process (pid=281) is multi-threaded, use of fork() may lead to deadlocks in the child.
[2024-05-16T11:19:49.792+0000] {standard_task_runner.py:90} INFO - Running: ['***', 'tasks', 'run', 'dag_tables', 'import_table3', 'scheduled__2024-05-05T00:00:00+00:00', '--job-id', '408', '--raw', '--subdir', 'DAGS_FOLDER/dag_mysql.py', '--cfg-path', '/tmp/tmpjzq9tpd5']
[2024-05-16T11:19:49.797+0000] {standard_task_runner.py:91} INFO - Job 408: Subtask import_table3
[2024-05-16T11:19:49.796+0000] {standard_task_runner.py:63} INFO - Started process 293 to run task
[2024-05-16T11:19:49.898+0000] {task_command.py:426} INFO - Running <TaskInstance: dag_tables.import_table3 scheduled__2024-05-05T00:00:00+00:00 [running]> on host 7084a6d88d3b
[2024-05-16T11:19:49.972+0000] {taskinstance.py:2644} INFO - Exporting env vars: AIRFLOW_CTX_DAG_OWNER='bses' AIRFLOW_CTX_DAG_ID='dag_tables' AIRFLOW_CTX_TASK_ID='import_table3' AIRFLOW_CTX_EXECUTION_DATE='2024-05-05T00:00:00+00:00' AIRFLOW_CTX_TRY_NUMBER='1' AIRFLOW_CTX_DAG_RUN_ID='scheduled__2024-05-05T00:00:00+00:00'
[2024-05-16T11:19:49.974+0000] {taskinstance.py:430} INFO - ::endgroup::
[2024-05-16T11:19:49.981+0000] {subprocess.py:63} INFO - Tmp dir root location: /tmp
[2024-05-16T11:19:49.982+0000] {subprocess.py:75} INFO - Running command: ['/usr/bin/bash', '-c', '\n                mysql -h host.docker.internal -u root --password=12345678 test < /opt/***/dags/product_category_map.sql;\n                ']
[2024-05-16T11:19:49.992+0000] {subprocess.py:86} INFO - Output:
[2024-05-16T11:19:50.128+0000] {subprocess.py:97} INFO - Command exited with return code 0
[2024-05-16T11:19:50.129+0000] {taskinstance.py:441} INFO - ::group::Post task execution logs
[2024-05-16T11:19:50.162+0000] {taskinstance.py:1205} INFO - Marking task as SUCCESS. dag_id=dag_tables, task_id=import_table3, execution_date=20240505T000000, start_date=20240516T111949, end_date=20240516T111950
[2024-05-16T11:19:50.222+0000] {local_task_job_runner.py:240} INFO - Task exited with return code 0
[2024-05-16T11:19:50.249+0000] {taskinstance.py:3482} INFO - 1 downstream tasks scheduled from follow-on schedule check
[2024-05-16T11:19:50.256+0000] {local_task_job_runner.py:222} INFO - ::endgroup::
[2024-05-16T11:37:51.590+0000] {local_task_job_runner.py:120} INFO - ::group::Pre task execution logs
[2024-05-16T11:37:51.605+0000] {taskinstance.py:2073} INFO - Dependencies all met for dep_context=non-requeueable deps ti=<TaskInstance: dag_tables.import_table3 scheduled__2024-05-05T00:00:00+00:00 [queued]>
[2024-05-16T11:37:51.609+0000] {taskinstance.py:2073} INFO - Dependencies all met for dep_context=requeueable deps ti=<TaskInstance: dag_tables.import_table3 scheduled__2024-05-05T00:00:00+00:00 [queued]>
[2024-05-16T11:37:51.609+0000] {taskinstance.py:2303} INFO - Starting attempt 1 of 6
[2024-05-16T11:37:51.615+0000] {taskinstance.py:2327} INFO - Executing <Task(BashOperator): import_table3> on 2024-05-05 00:00:00+00:00
[2024-05-16T11:37:51.619+0000] {logging_mixin.py:188} WARNING - /home/***/.local/lib/python3.12/site-packages/***/task/task_runner/standard_task_runner.py:61 DeprecationWarning: This process (pid=1297) is multi-threaded, use of fork() may lead to deadlocks in the child.
[2024-05-16T11:37:51.619+0000] {standard_task_runner.py:63} INFO - Started process 1298 to run task
[2024-05-16T11:37:51.619+0000] {standard_task_runner.py:90} INFO - Running: ['***', 'tasks', 'run', 'dag_tables', 'import_table3', 'scheduled__2024-05-05T00:00:00+00:00', '--job-id', '552', '--raw', '--subdir', 'DAGS_FOLDER/dag_mysql.py', '--cfg-path', '/tmp/tmpv5_tw9kn']
[2024-05-16T11:37:51.621+0000] {standard_task_runner.py:91} INFO - Job 552: Subtask import_table3
[2024-05-16T11:37:51.644+0000] {task_command.py:426} INFO - Running <TaskInstance: dag_tables.import_table3 scheduled__2024-05-05T00:00:00+00:00 [running]> on host 7084a6d88d3b
[2024-05-16T11:37:51.685+0000] {taskinstance.py:2644} INFO - Exporting env vars: AIRFLOW_CTX_DAG_OWNER='bses' AIRFLOW_CTX_DAG_ID='dag_tables' AIRFLOW_CTX_TASK_ID='import_table3' AIRFLOW_CTX_EXECUTION_DATE='2024-05-05T00:00:00+00:00' AIRFLOW_CTX_TRY_NUMBER='1' AIRFLOW_CTX_DAG_RUN_ID='scheduled__2024-05-05T00:00:00+00:00'
[2024-05-16T11:37:51.686+0000] {taskinstance.py:430} INFO - ::endgroup::
[2024-05-16T11:37:51.691+0000] {subprocess.py:63} INFO - Tmp dir root location: /tmp
[2024-05-16T11:37:51.692+0000] {subprocess.py:75} INFO - Running command: ['/usr/bin/bash', '-c', '\n                mysql -h host.docker.internal -u root --password=12345678 test < /opt/***/dags/product_category_map.sql\n                ']
[2024-05-16T11:37:51.696+0000] {subprocess.py:86} INFO - Output:
[2024-05-16T11:37:51.765+0000] {subprocess.py:97} INFO - Command exited with return code 0
[2024-05-16T11:37:51.767+0000] {taskinstance.py:441} INFO - ::group::Post task execution logs
[2024-05-16T11:37:51.792+0000] {taskinstance.py:1205} INFO - Marking task as SUCCESS. dag_id=dag_tables, task_id=import_table3, execution_date=20240505T000000, start_date=20240516T113751, end_date=20240516T113751
[2024-05-16T11:37:51.841+0000] {local_task_job_runner.py:240} INFO - Task exited with return code 0
[2024-05-16T11:37:51.862+0000] {taskinstance.py:3482} INFO - 1 downstream tasks scheduled from follow-on schedule check
[2024-05-16T11:37:51.864+0000] {local_task_job_runner.py:222} INFO - ::endgroup::
