[2024-05-16T11:19:49.917+0000] {local_task_job_runner.py:120} INFO - ::group::Pre task execution logs
[2024-05-16T11:19:49.954+0000] {taskinstance.py:2073} INFO - Dependencies all met for dep_context=non-requeueable deps ti=<TaskInstance: dag_tables.import_table3 scheduled__2024-05-08T00:00:00+00:00 [queued]>
[2024-05-16T11:19:49.968+0000] {taskinstance.py:2073} INFO - Dependencies all met for dep_context=requeueable deps ti=<TaskInstance: dag_tables.import_table3 scheduled__2024-05-08T00:00:00+00:00 [queued]>
[2024-05-16T11:19:49.973+0000] {taskinstance.py:2303} INFO - Starting attempt 1 of 6
[2024-05-16T11:19:49.996+0000] {taskinstance.py:2327} INFO - Executing <Task(BashOperator): import_table3> on 2024-05-08 00:00:00+00:00
[2024-05-16T11:19:50.008+0000] {logging_mixin.py:188} WARNING - /home/***/.local/lib/python3.12/site-packages/***/task/task_runner/standard_task_runner.py:61 DeprecationWarning: This process (pid=290) is multi-threaded, use of fork() may lead to deadlocks in the child.
[2024-05-16T11:19:50.011+0000] {standard_task_runner.py:63} INFO - Started process 306 to run task
[2024-05-16T11:19:50.007+0000] {standard_task_runner.py:90} INFO - Running: ['***', 'tasks', 'run', 'dag_tables', 'import_table3', 'scheduled__2024-05-08T00:00:00+00:00', '--job-id', '409', '--raw', '--subdir', 'DAGS_FOLDER/dag_mysql.py', '--cfg-path', '/tmp/tmp_prfnyk9']
[2024-05-16T11:19:50.016+0000] {standard_task_runner.py:91} INFO - Job 409: Subtask import_table3
[2024-05-16T11:19:50.070+0000] {task_command.py:426} INFO - Running <TaskInstance: dag_tables.import_table3 scheduled__2024-05-08T00:00:00+00:00 [running]> on host 7084a6d88d3b
[2024-05-16T11:19:50.156+0000] {taskinstance.py:2644} INFO - Exporting env vars: AIRFLOW_CTX_DAG_OWNER='bses' AIRFLOW_CTX_DAG_ID='dag_tables' AIRFLOW_CTX_TASK_ID='import_table3' AIRFLOW_CTX_EXECUTION_DATE='2024-05-08T00:00:00+00:00' AIRFLOW_CTX_TRY_NUMBER='1' AIRFLOW_CTX_DAG_RUN_ID='scheduled__2024-05-08T00:00:00+00:00'
[2024-05-16T11:19:50.158+0000] {taskinstance.py:430} INFO - ::endgroup::
[2024-05-16T11:19:50.168+0000] {subprocess.py:63} INFO - Tmp dir root location: /tmp
[2024-05-16T11:19:50.172+0000] {subprocess.py:75} INFO - Running command: ['/usr/bin/bash', '-c', '\n                mysql -h host.docker.internal -u root --password=12345678 test < /opt/***/dags/product_category_map.sql;\n                ']
[2024-05-16T11:19:50.187+0000] {subprocess.py:86} INFO - Output:
[2024-05-16T11:19:50.304+0000] {subprocess.py:97} INFO - Command exited with return code 0
[2024-05-16T11:19:50.305+0000] {taskinstance.py:441} INFO - ::group::Post task execution logs
[2024-05-16T11:19:50.329+0000] {taskinstance.py:1205} INFO - Marking task as SUCCESS. dag_id=dag_tables, task_id=import_table3, execution_date=20240508T000000, start_date=20240516T111949, end_date=20240516T111950
[2024-05-16T11:19:50.361+0000] {local_task_job_runner.py:240} INFO - Task exited with return code 0
[2024-05-16T11:19:50.425+0000] {taskinstance.py:3482} INFO - 0 downstream tasks scheduled from follow-on schedule check
[2024-05-16T11:19:50.429+0000] {local_task_job_runner.py:222} INFO - ::endgroup::
[2024-05-16T11:22:33.235+0000] {local_task_job_runner.py:120} INFO - ::group::Pre task execution logs
[2024-05-16T11:22:33.265+0000] {taskinstance.py:2073} INFO - Dependencies all met for dep_context=non-requeueable deps ti=<TaskInstance: dag_tables.import_table3 scheduled__2024-05-08T00:00:00+00:00 [queued]>
[2024-05-16T11:22:33.270+0000] {taskinstance.py:2073} INFO - Dependencies all met for dep_context=requeueable deps ti=<TaskInstance: dag_tables.import_table3 scheduled__2024-05-08T00:00:00+00:00 [queued]>
[2024-05-16T11:22:33.271+0000] {taskinstance.py:2303} INFO - Starting attempt 1 of 6
[2024-05-16T11:22:33.284+0000] {taskinstance.py:2327} INFO - Executing <Task(BashOperator): import_table3> on 2024-05-08 00:00:00+00:00
[2024-05-16T11:22:33.294+0000] {logging_mixin.py:188} WARNING - /home/***/.local/lib/python3.12/site-packages/***/task/task_runner/standard_task_runner.py:61 DeprecationWarning: This process (pid=578) is multi-threaded, use of fork() may lead to deadlocks in the child.
[2024-05-16T11:22:33.295+0000] {standard_task_runner.py:90} INFO - Running: ['***', 'tasks', 'run', 'dag_tables', 'import_table3', 'scheduled__2024-05-08T00:00:00+00:00', '--job-id', '466', '--raw', '--subdir', 'DAGS_FOLDER/dag_mysql.py', '--cfg-path', '/tmp/tmpenbove9n']
[2024-05-16T11:22:33.297+0000] {standard_task_runner.py:63} INFO - Started process 589 to run task
[2024-05-16T11:22:33.298+0000] {standard_task_runner.py:91} INFO - Job 466: Subtask import_table3
[2024-05-16T11:22:33.354+0000] {task_command.py:426} INFO - Running <TaskInstance: dag_tables.import_table3 scheduled__2024-05-08T00:00:00+00:00 [running]> on host 7084a6d88d3b
[2024-05-16T11:22:33.434+0000] {taskinstance.py:2644} INFO - Exporting env vars: AIRFLOW_CTX_DAG_OWNER='bses' AIRFLOW_CTX_DAG_ID='dag_tables' AIRFLOW_CTX_TASK_ID='import_table3' AIRFLOW_CTX_EXECUTION_DATE='2024-05-08T00:00:00+00:00' AIRFLOW_CTX_TRY_NUMBER='1' AIRFLOW_CTX_DAG_RUN_ID='scheduled__2024-05-08T00:00:00+00:00'
[2024-05-16T11:22:33.435+0000] {taskinstance.py:430} INFO - ::endgroup::
[2024-05-16T11:22:33.443+0000] {subprocess.py:63} INFO - Tmp dir root location: /tmp
[2024-05-16T11:22:33.444+0000] {subprocess.py:75} INFO - Running command: ['/usr/bin/bash', '-c', '\n                mysql -h host.docker.internal -u root --password=12345678 test < /opt/***/dags/product_category_map.sql\n                ']
[2024-05-16T11:22:33.450+0000] {subprocess.py:86} INFO - Output:
[2024-05-16T11:22:33.500+0000] {subprocess.py:93} INFO - ERROR 1050 (42S01) at line 25: Table 'product_category_map' already exists
[2024-05-16T11:22:33.501+0000] {subprocess.py:97} INFO - Command exited with return code 1
[2024-05-16T11:22:33.503+0000] {taskinstance.py:441} INFO - ::group::Post task execution logs
[2024-05-16T11:22:33.511+0000] {taskinstance.py:2890} ERROR - Task failed with exception
Traceback (most recent call last):
  File "/home/airflow/.local/lib/python3.12/site-packages/airflow/models/taskinstance.py", line 465, in _execute_task
    result = _execute_callable(context=context, **execute_callable_kwargs)
             ^^^^^^^^^^^^^^^^^^^^^^^^^^^^^^^^^^^^^^^^^^^^^^^^^^^^^^^^^^^^^
  File "/home/airflow/.local/lib/python3.12/site-packages/airflow/models/taskinstance.py", line 432, in _execute_callable
    return execute_callable(context=context, **execute_callable_kwargs)
           ^^^^^^^^^^^^^^^^^^^^^^^^^^^^^^^^^^^^^^^^^^^^^^^^^^^^^^^^^^^^
  File "/home/airflow/.local/lib/python3.12/site-packages/airflow/models/baseoperator.py", line 400, in wrapper
    return func(self, *args, **kwargs)
           ^^^^^^^^^^^^^^^^^^^^^^^^^^^
  File "/home/airflow/.local/lib/python3.12/site-packages/airflow/operators/bash.py", line 243, in execute
    raise AirflowException(
airflow.exceptions.AirflowException: Bash command failed. The command returned a non-zero exit code 1.
[2024-05-16T11:22:33.515+0000] {taskinstance.py:1205} INFO - Marking task as UP_FOR_RETRY. dag_id=dag_tables, task_id=import_table3, execution_date=20240508T000000, start_date=20240516T112233, end_date=20240516T112233
[2024-05-16T11:22:33.525+0000] {standard_task_runner.py:110} ERROR - Failed to execute job 466 for task import_table3 (Bash command failed. The command returned a non-zero exit code 1.; 589)
[2024-05-16T11:22:33.569+0000] {local_task_job_runner.py:240} INFO - Task exited with return code 1
[2024-05-16T11:22:33.584+0000] {taskinstance.py:3482} INFO - 0 downstream tasks scheduled from follow-on schedule check
[2024-05-16T11:22:33.588+0000] {local_task_job_runner.py:222} INFO - ::endgroup::
[2024-05-16T11:32:51.351+0000] {local_task_job_runner.py:120} INFO - ::group::Pre task execution logs
[2024-05-16T11:32:51.368+0000] {taskinstance.py:2073} INFO - Dependencies all met for dep_context=non-requeueable deps ti=<TaskInstance: dag_tables.import_table3 scheduled__2024-05-08T00:00:00+00:00 [queued]>
[2024-05-16T11:32:51.373+0000] {taskinstance.py:2073} INFO - Dependencies all met for dep_context=requeueable deps ti=<TaskInstance: dag_tables.import_table3 scheduled__2024-05-08T00:00:00+00:00 [queued]>
[2024-05-16T11:32:51.373+0000] {taskinstance.py:2303} INFO - Starting attempt 1 of 6
[2024-05-16T11:32:51.379+0000] {taskinstance.py:2327} INFO - Executing <Task(BashOperator): import_table3> on 2024-05-08 00:00:00+00:00
[2024-05-16T11:32:51.383+0000] {logging_mixin.py:188} WARNING - /home/***/.local/lib/python3.12/site-packages/***/task/task_runner/standard_task_runner.py:61 DeprecationWarning: This process (pid=1146) is multi-threaded, use of fork() may lead to deadlocks in the child.
[2024-05-16T11:32:51.383+0000] {standard_task_runner.py:63} INFO - Started process 1147 to run task
[2024-05-16T11:32:51.383+0000] {standard_task_runner.py:90} INFO - Running: ['***', 'tasks', 'run', 'dag_tables', 'import_table3', 'scheduled__2024-05-08T00:00:00+00:00', '--job-id', '543', '--raw', '--subdir', 'DAGS_FOLDER/dag_mysql.py', '--cfg-path', '/tmp/tmps063umh0']
[2024-05-16T11:32:51.384+0000] {standard_task_runner.py:91} INFO - Job 543: Subtask import_table3
[2024-05-16T11:32:51.408+0000] {task_command.py:426} INFO - Running <TaskInstance: dag_tables.import_table3 scheduled__2024-05-08T00:00:00+00:00 [running]> on host 7084a6d88d3b
[2024-05-16T11:32:51.450+0000] {taskinstance.py:2644} INFO - Exporting env vars: AIRFLOW_CTX_DAG_OWNER='bses' AIRFLOW_CTX_DAG_ID='dag_tables' AIRFLOW_CTX_TASK_ID='import_table3' AIRFLOW_CTX_EXECUTION_DATE='2024-05-08T00:00:00+00:00' AIRFLOW_CTX_TRY_NUMBER='1' AIRFLOW_CTX_DAG_RUN_ID='scheduled__2024-05-08T00:00:00+00:00'
[2024-05-16T11:32:51.451+0000] {taskinstance.py:430} INFO - ::endgroup::
[2024-05-16T11:32:51.457+0000] {subprocess.py:63} INFO - Tmp dir root location: /tmp
[2024-05-16T11:32:51.457+0000] {subprocess.py:75} INFO - Running command: ['/usr/bin/bash', '-c', '\n                mysql -h host.docker.internal -u root --password=12345678 test < /opt/***/dags/product_category_map.sql\n                ']
[2024-05-16T11:32:51.463+0000] {subprocess.py:86} INFO - Output:
[2024-05-16T11:32:51.527+0000] {subprocess.py:97} INFO - Command exited with return code 0
[2024-05-16T11:32:51.528+0000] {taskinstance.py:441} INFO - ::group::Post task execution logs
[2024-05-16T11:32:51.542+0000] {taskinstance.py:1205} INFO - Marking task as SUCCESS. dag_id=dag_tables, task_id=import_table3, execution_date=20240508T000000, start_date=20240516T113251, end_date=20240516T113251
[2024-05-16T11:32:51.571+0000] {local_task_job_runner.py:240} INFO - Task exited with return code 0
[2024-05-16T11:32:51.583+0000] {taskinstance.py:3482} INFO - 1 downstream tasks scheduled from follow-on schedule check
[2024-05-16T11:32:51.584+0000] {local_task_job_runner.py:222} INFO - ::endgroup::
