[2024-05-16T11:19:49.028+0000] {local_task_job_runner.py:120} INFO - ::group::Pre task execution logs
[2024-05-16T11:19:49.063+0000] {taskinstance.py:2073} INFO - Dependencies all met for dep_context=non-requeueable deps ti=<TaskInstance: dag_tables.import_table1 scheduled__2024-05-14T00:00:00+00:00 [queued]>
[2024-05-16T11:19:49.080+0000] {taskinstance.py:2073} INFO - Dependencies all met for dep_context=requeueable deps ti=<TaskInstance: dag_tables.import_table1 scheduled__2024-05-14T00:00:00+00:00 [queued]>
[2024-05-16T11:19:49.082+0000] {taskinstance.py:2303} INFO - Starting attempt 1 of 6
[2024-05-16T11:19:49.124+0000] {taskinstance.py:2327} INFO - Executing <Task(BashOperator): import_table1> on 2024-05-14 00:00:00+00:00
[2024-05-16T11:19:49.129+0000] {standard_task_runner.py:90} INFO - Running: ['***', 'tasks', 'run', 'dag_tables', 'import_table1', 'scheduled__2024-05-14T00:00:00+00:00', '--job-id', '399', '--raw', '--subdir', 'DAGS_FOLDER/dag_mysql.py', '--cfg-path', '/tmp/tmp6q9p5_e0']
[2024-05-16T11:19:49.134+0000] {standard_task_runner.py:91} INFO - Job 399: Subtask import_table1
[2024-05-16T11:19:49.133+0000] {logging_mixin.py:188} WARNING - /home/***/.local/lib/python3.12/site-packages/***/task/task_runner/standard_task_runner.py:61 DeprecationWarning: This process (pid=242) is multi-threaded, use of fork() may lead to deadlocks in the child.
[2024-05-16T11:19:49.138+0000] {standard_task_runner.py:63} INFO - Started process 255 to run task
[2024-05-16T11:19:49.214+0000] {task_command.py:426} INFO - Running <TaskInstance: dag_tables.import_table1 scheduled__2024-05-14T00:00:00+00:00 [running]> on host 7084a6d88d3b
[2024-05-16T11:19:49.326+0000] {taskinstance.py:2644} INFO - Exporting env vars: AIRFLOW_CTX_DAG_OWNER='bses' AIRFLOW_CTX_DAG_ID='dag_tables' AIRFLOW_CTX_TASK_ID='import_table1' AIRFLOW_CTX_EXECUTION_DATE='2024-05-14T00:00:00+00:00' AIRFLOW_CTX_TRY_NUMBER='1' AIRFLOW_CTX_DAG_RUN_ID='scheduled__2024-05-14T00:00:00+00:00'
[2024-05-16T11:19:49.328+0000] {taskinstance.py:430} INFO - ::endgroup::
[2024-05-16T11:19:49.339+0000] {subprocess.py:63} INFO - Tmp dir root location: /tmp
[2024-05-16T11:19:49.340+0000] {subprocess.py:75} INFO - Running command: ['/usr/bin/bash', '-c', '\n            mysql -h host.docker.internal -u root --password=12345678 test < /opt/***/dags/products.sql;\n           ']
[2024-05-16T11:19:49.351+0000] {subprocess.py:86} INFO - Output:
[2024-05-16T11:19:49.458+0000] {subprocess.py:97} INFO - Command exited with return code 0
[2024-05-16T11:19:49.460+0000] {taskinstance.py:441} INFO - ::group::Post task execution logs
[2024-05-16T11:19:49.510+0000] {taskinstance.py:1205} INFO - Marking task as SUCCESS. dag_id=dag_tables, task_id=import_table1, execution_date=20240514T000000, start_date=20240516T111949, end_date=20240516T111949
[2024-05-16T11:19:49.574+0000] {local_task_job_runner.py:240} INFO - Task exited with return code 0
[2024-05-16T11:19:49.605+0000] {taskinstance.py:3482} INFO - 1 downstream tasks scheduled from follow-on schedule check
[2024-05-16T11:19:49.614+0000] {local_task_job_runner.py:222} INFO - ::endgroup::
[2024-05-16T11:22:31.474+0000] {local_task_job_runner.py:120} INFO - ::group::Pre task execution logs
[2024-05-16T11:22:31.491+0000] {taskinstance.py:2073} INFO - Dependencies all met for dep_context=non-requeueable deps ti=<TaskInstance: dag_tables.import_table1 scheduled__2024-05-14T00:00:00+00:00 [queued]>
[2024-05-16T11:22:31.503+0000] {taskinstance.py:2073} INFO - Dependencies all met for dep_context=requeueable deps ti=<TaskInstance: dag_tables.import_table1 scheduled__2024-05-14T00:00:00+00:00 [queued]>
[2024-05-16T11:22:31.506+0000] {taskinstance.py:2303} INFO - Starting attempt 1 of 6
[2024-05-16T11:22:31.525+0000] {taskinstance.py:2327} INFO - Executing <Task(BashOperator): import_table1> on 2024-05-14 00:00:00+00:00
[2024-05-16T11:22:31.532+0000] {logging_mixin.py:188} WARNING - /home/***/.local/lib/python3.12/site-packages/***/task/task_runner/standard_task_runner.py:61 DeprecationWarning: This process (pid=508) is multi-threaded, use of fork() may lead to deadlocks in the child.
[2024-05-16T11:22:31.537+0000] {standard_task_runner.py:63} INFO - Started process 526 to run task
[2024-05-16T11:22:31.535+0000] {standard_task_runner.py:90} INFO - Running: ['***', 'tasks', 'run', 'dag_tables', 'import_table1', 'scheduled__2024-05-14T00:00:00+00:00', '--job-id', '449', '--raw', '--subdir', 'DAGS_FOLDER/dag_mysql.py', '--cfg-path', '/tmp/tmpo1ymh5sr']
[2024-05-16T11:22:31.540+0000] {standard_task_runner.py:91} INFO - Job 449: Subtask import_table1
[2024-05-16T11:22:31.604+0000] {task_command.py:426} INFO - Running <TaskInstance: dag_tables.import_table1 scheduled__2024-05-14T00:00:00+00:00 [running]> on host 7084a6d88d3b
[2024-05-16T11:22:31.707+0000] {taskinstance.py:2644} INFO - Exporting env vars: AIRFLOW_CTX_DAG_OWNER='bses' AIRFLOW_CTX_DAG_ID='dag_tables' AIRFLOW_CTX_TASK_ID='import_table1' AIRFLOW_CTX_EXECUTION_DATE='2024-05-14T00:00:00+00:00' AIRFLOW_CTX_TRY_NUMBER='1' AIRFLOW_CTX_DAG_RUN_ID='scheduled__2024-05-14T00:00:00+00:00'
[2024-05-16T11:22:31.709+0000] {taskinstance.py:430} INFO - ::endgroup::
[2024-05-16T11:22:31.719+0000] {subprocess.py:63} INFO - Tmp dir root location: /tmp
[2024-05-16T11:22:31.722+0000] {subprocess.py:75} INFO - Running command: ['/usr/bin/bash', '-c', '\n            mysql -h host.docker.internal -u root --password=12345678 test < /opt/***/dags/products.sql\n           ']
[2024-05-16T11:22:31.730+0000] {subprocess.py:86} INFO - Output:
[2024-05-16T11:22:31.876+0000] {subprocess.py:97} INFO - Command exited with return code 0
[2024-05-16T11:22:31.882+0000] {taskinstance.py:441} INFO - ::group::Post task execution logs
[2024-05-16T11:22:31.924+0000] {taskinstance.py:1205} INFO - Marking task as SUCCESS. dag_id=dag_tables, task_id=import_table1, execution_date=20240514T000000, start_date=20240516T112231, end_date=20240516T112231
[2024-05-16T11:22:31.978+0000] {local_task_job_runner.py:240} INFO - Task exited with return code 0
[2024-05-16T11:22:32.027+0000] {taskinstance.py:3482} INFO - 1 downstream tasks scheduled from follow-on schedule check
[2024-05-16T11:22:32.038+0000] {local_task_job_runner.py:222} INFO - ::endgroup::
[2024-05-16T11:24:49.953+0000] {local_task_job_runner.py:120} INFO - ::group::Pre task execution logs
[2024-05-16T11:24:49.979+0000] {taskinstance.py:2073} INFO - Dependencies all met for dep_context=non-requeueable deps ti=<TaskInstance: dag_tables.import_table1 scheduled__2024-05-14T00:00:00+00:00 [queued]>
[2024-05-16T11:24:49.988+0000] {taskinstance.py:2073} INFO - Dependencies all met for dep_context=requeueable deps ti=<TaskInstance: dag_tables.import_table1 scheduled__2024-05-14T00:00:00+00:00 [queued]>
[2024-05-16T11:24:49.991+0000] {taskinstance.py:2303} INFO - Starting attempt 1 of 6
[2024-05-16T11:24:50.003+0000] {taskinstance.py:2327} INFO - Executing <Task(BashOperator): import_table1> on 2024-05-14 00:00:00+00:00
[2024-05-16T11:24:50.013+0000] {logging_mixin.py:188} WARNING - /home/***/.local/lib/python3.12/site-packages/***/task/task_runner/standard_task_runner.py:61 DeprecationWarning: This process (pid=780) is multi-threaded, use of fork() may lead to deadlocks in the child.
[2024-05-16T11:24:50.014+0000] {standard_task_runner.py:63} INFO - Started process 796 to run task
[2024-05-16T11:24:50.017+0000] {standard_task_runner.py:90} INFO - Running: ['***', 'tasks', 'run', 'dag_tables', 'import_table1', 'scheduled__2024-05-14T00:00:00+00:00', '--job-id', '504', '--raw', '--subdir', 'DAGS_FOLDER/dag_mysql.py', '--cfg-path', '/tmp/tmpdqwr2r5e']
[2024-05-16T11:24:50.022+0000] {standard_task_runner.py:91} INFO - Job 504: Subtask import_table1
[2024-05-16T11:24:50.065+0000] {task_command.py:426} INFO - Running <TaskInstance: dag_tables.import_table1 scheduled__2024-05-14T00:00:00+00:00 [running]> on host 7084a6d88d3b
[2024-05-16T11:24:50.135+0000] {taskinstance.py:2644} INFO - Exporting env vars: AIRFLOW_CTX_DAG_OWNER='bses' AIRFLOW_CTX_DAG_ID='dag_tables' AIRFLOW_CTX_TASK_ID='import_table1' AIRFLOW_CTX_EXECUTION_DATE='2024-05-14T00:00:00+00:00' AIRFLOW_CTX_TRY_NUMBER='1' AIRFLOW_CTX_DAG_RUN_ID='scheduled__2024-05-14T00:00:00+00:00'
[2024-05-16T11:24:50.136+0000] {taskinstance.py:430} INFO - ::endgroup::
[2024-05-16T11:24:50.146+0000] {subprocess.py:63} INFO - Tmp dir root location: /tmp
[2024-05-16T11:24:50.148+0000] {subprocess.py:75} INFO - Running command: ['/usr/bin/bash', '-c', '\n            mysql -h host.docker.internal -u root --password=12345678 test < /opt/***/dags/products.sql\n           ']
[2024-05-16T11:24:50.154+0000] {subprocess.py:86} INFO - Output:
[2024-05-16T11:24:50.231+0000] {subprocess.py:97} INFO - Command exited with return code 0
[2024-05-16T11:24:50.232+0000] {taskinstance.py:441} INFO - ::group::Post task execution logs
[2024-05-16T11:24:50.250+0000] {taskinstance.py:1205} INFO - Marking task as SUCCESS. dag_id=dag_tables, task_id=import_table1, execution_date=20240514T000000, start_date=20240516T112449, end_date=20240516T112450
[2024-05-16T11:24:50.282+0000] {local_task_job_runner.py:240} INFO - Task exited with return code 0
[2024-05-16T11:24:50.290+0000] {taskinstance.py:3482} INFO - 0 downstream tasks scheduled from follow-on schedule check
[2024-05-16T11:24:50.291+0000] {local_task_job_runner.py:222} INFO - ::endgroup::
[2024-05-16T11:27:51.765+0000] {local_task_job_runner.py:120} INFO - ::group::Pre task execution logs
[2024-05-16T11:27:51.782+0000] {taskinstance.py:2073} INFO - Dependencies all met for dep_context=non-requeueable deps ti=<TaskInstance: dag_tables.import_table1 scheduled__2024-05-14T00:00:00+00:00 [queued]>
[2024-05-16T11:27:51.788+0000] {taskinstance.py:2073} INFO - Dependencies all met for dep_context=requeueable deps ti=<TaskInstance: dag_tables.import_table1 scheduled__2024-05-14T00:00:00+00:00 [queued]>
[2024-05-16T11:27:51.789+0000] {taskinstance.py:2303} INFO - Starting attempt 1 of 6
[2024-05-16T11:27:51.797+0000] {taskinstance.py:2327} INFO - Executing <Task(BashOperator): import_table1> on 2024-05-14 00:00:00+00:00
[2024-05-16T11:27:51.803+0000] {logging_mixin.py:188} WARNING - /home/***/.local/lib/python3.12/site-packages/***/task/task_runner/standard_task_runner.py:61 DeprecationWarning: This process (pid=932) is multi-threaded, use of fork() may lead to deadlocks in the child.
[2024-05-16T11:27:51.803+0000] {standard_task_runner.py:90} INFO - Running: ['***', 'tasks', 'run', 'dag_tables', 'import_table1', 'scheduled__2024-05-14T00:00:00+00:00', '--job-id', '522', '--raw', '--subdir', 'DAGS_FOLDER/dag_mysql.py', '--cfg-path', '/tmp/tmpnsftpyxp']
[2024-05-16T11:27:51.804+0000] {standard_task_runner.py:63} INFO - Started process 936 to run task
[2024-05-16T11:27:51.804+0000] {standard_task_runner.py:91} INFO - Job 522: Subtask import_table1
[2024-05-16T11:27:51.836+0000] {task_command.py:426} INFO - Running <TaskInstance: dag_tables.import_table1 scheduled__2024-05-14T00:00:00+00:00 [running]> on host 7084a6d88d3b
[2024-05-16T11:27:51.891+0000] {taskinstance.py:2644} INFO - Exporting env vars: AIRFLOW_CTX_DAG_OWNER='bses' AIRFLOW_CTX_DAG_ID='dag_tables' AIRFLOW_CTX_TASK_ID='import_table1' AIRFLOW_CTX_EXECUTION_DATE='2024-05-14T00:00:00+00:00' AIRFLOW_CTX_TRY_NUMBER='1' AIRFLOW_CTX_DAG_RUN_ID='scheduled__2024-05-14T00:00:00+00:00'
[2024-05-16T11:27:51.891+0000] {taskinstance.py:430} INFO - ::endgroup::
[2024-05-16T11:27:51.898+0000] {subprocess.py:63} INFO - Tmp dir root location: /tmp
[2024-05-16T11:27:51.899+0000] {subprocess.py:75} INFO - Running command: ['/usr/bin/bash', '-c', '\n            mysql -h host.docker.internal -u root --password=12345678 test < /opt/***/dags/products.sql\n           ']
[2024-05-16T11:27:51.906+0000] {subprocess.py:86} INFO - Output:
[2024-05-16T11:27:51.954+0000] {subprocess.py:97} INFO - Command exited with return code 0
[2024-05-16T11:27:51.954+0000] {taskinstance.py:441} INFO - ::group::Post task execution logs
[2024-05-16T11:27:51.968+0000] {taskinstance.py:1205} INFO - Marking task as SUCCESS. dag_id=dag_tables, task_id=import_table1, execution_date=20240514T000000, start_date=20240516T112751, end_date=20240516T112751
[2024-05-16T11:27:51.983+0000] {local_task_job_runner.py:240} INFO - Task exited with return code 0
[2024-05-16T11:27:51.993+0000] {taskinstance.py:3482} INFO - 0 downstream tasks scheduled from follow-on schedule check
[2024-05-16T11:27:51.995+0000] {local_task_job_runner.py:222} INFO - ::endgroup::
