[2024-05-16T11:19:49.606+0000] {local_task_job_runner.py:120} INFO - ::group::Pre task execution logs
[2024-05-16T11:19:49.628+0000] {taskinstance.py:2073} INFO - Dependencies all met for dep_context=non-requeueable deps ti=<TaskInstance: dag_tables.import_table3 scheduled__2024-05-04T00:00:00+00:00 [queued]>
[2024-05-16T11:19:49.653+0000] {taskinstance.py:2073} INFO - Dependencies all met for dep_context=requeueable deps ti=<TaskInstance: dag_tables.import_table3 scheduled__2024-05-04T00:00:00+00:00 [queued]>
[2024-05-16T11:19:49.654+0000] {taskinstance.py:2303} INFO - Starting attempt 1 of 6
[2024-05-16T11:19:49.697+0000] {taskinstance.py:2327} INFO - Executing <Task(BashOperator): import_table3> on 2024-05-04 00:00:00+00:00
[2024-05-16T11:19:49.708+0000] {logging_mixin.py:188} WARNING - /home/***/.local/lib/python3.12/site-packages/***/task/task_runner/standard_task_runner.py:61 DeprecationWarning: This process (pid=274) is multi-threaded, use of fork() may lead to deadlocks in the child.
[2024-05-16T11:19:49.709+0000] {standard_task_runner.py:63} INFO - Started process 287 to run task
[2024-05-16T11:19:49.705+0000] {standard_task_runner.py:90} INFO - Running: ['***', 'tasks', 'run', 'dag_tables', 'import_table3', 'scheduled__2024-05-04T00:00:00+00:00', '--job-id', '405', '--raw', '--subdir', 'DAGS_FOLDER/dag_mysql.py', '--cfg-path', '/tmp/tmpkc1hx5b4']
[2024-05-16T11:19:49.713+0000] {standard_task_runner.py:91} INFO - Job 405: Subtask import_table3
[2024-05-16T11:19:49.773+0000] {task_command.py:426} INFO - Running <TaskInstance: dag_tables.import_table3 scheduled__2024-05-04T00:00:00+00:00 [running]> on host 7084a6d88d3b
[2024-05-16T11:19:49.901+0000] {taskinstance.py:2644} INFO - Exporting env vars: AIRFLOW_CTX_DAG_OWNER='bses' AIRFLOW_CTX_DAG_ID='dag_tables' AIRFLOW_CTX_TASK_ID='import_table3' AIRFLOW_CTX_EXECUTION_DATE='2024-05-04T00:00:00+00:00' AIRFLOW_CTX_TRY_NUMBER='1' AIRFLOW_CTX_DAG_RUN_ID='scheduled__2024-05-04T00:00:00+00:00'
[2024-05-16T11:19:49.902+0000] {taskinstance.py:430} INFO - ::endgroup::
[2024-05-16T11:19:49.910+0000] {subprocess.py:63} INFO - Tmp dir root location: /tmp
[2024-05-16T11:19:49.912+0000] {subprocess.py:75} INFO - Running command: ['/usr/bin/bash', '-c', '\n                mysql -h host.docker.internal -u root --password=12345678 test < /opt/***/dags/product_category_map.sql;\n                ']
[2024-05-16T11:19:49.924+0000] {subprocess.py:86} INFO - Output:
[2024-05-16T11:19:50.064+0000] {subprocess.py:97} INFO - Command exited with return code 0
[2024-05-16T11:19:50.067+0000] {taskinstance.py:441} INFO - ::group::Post task execution logs
[2024-05-16T11:19:50.096+0000] {taskinstance.py:1205} INFO - Marking task as SUCCESS. dag_id=dag_tables, task_id=import_table3, execution_date=20240504T000000, start_date=20240516T111949, end_date=20240516T111950
[2024-05-16T11:19:50.153+0000] {local_task_job_runner.py:240} INFO - Task exited with return code 0
[2024-05-16T11:19:50.188+0000] {taskinstance.py:3482} INFO - 1 downstream tasks scheduled from follow-on schedule check
[2024-05-16T11:19:50.195+0000] {local_task_job_runner.py:222} INFO - ::endgroup::
[2024-05-16T11:22:31.954+0000] {local_task_job_runner.py:120} INFO - ::group::Pre task execution logs
[2024-05-16T11:22:31.987+0000] {taskinstance.py:2073} INFO - Dependencies all met for dep_context=non-requeueable deps ti=<TaskInstance: dag_tables.import_table3 scheduled__2024-05-04T00:00:00+00:00 [queued]>
[2024-05-16T11:22:32.008+0000] {taskinstance.py:2073} INFO - Dependencies all met for dep_context=requeueable deps ti=<TaskInstance: dag_tables.import_table3 scheduled__2024-05-04T00:00:00+00:00 [queued]>
[2024-05-16T11:22:32.017+0000] {taskinstance.py:2303} INFO - Starting attempt 1 of 6
[2024-05-16T11:22:32.034+0000] {taskinstance.py:2327} INFO - Executing <Task(BashOperator): import_table3> on 2024-05-04 00:00:00+00:00
[2024-05-16T11:22:32.050+0000] {logging_mixin.py:188} WARNING - /home/***/.local/lib/python3.12/site-packages/***/task/task_runner/standard_task_runner.py:61 DeprecationWarning: This process (pid=542) is multi-threaded, use of fork() may lead to deadlocks in the child.
[2024-05-16T11:22:32.052+0000] {standard_task_runner.py:90} INFO - Running: ['***', 'tasks', 'run', 'dag_tables', 'import_table3', 'scheduled__2024-05-04T00:00:00+00:00', '--job-id', '456', '--raw', '--subdir', 'DAGS_FOLDER/dag_mysql.py', '--cfg-path', '/tmp/tmpggs98q3a']
[2024-05-16T11:22:32.060+0000] {standard_task_runner.py:91} INFO - Job 456: Subtask import_table3
[2024-05-16T11:22:32.054+0000] {standard_task_runner.py:63} INFO - Started process 557 to run task
[2024-05-16T11:22:32.122+0000] {task_command.py:426} INFO - Running <TaskInstance: dag_tables.import_table3 scheduled__2024-05-04T00:00:00+00:00 [running]> on host 7084a6d88d3b
[2024-05-16T11:22:32.206+0000] {taskinstance.py:2644} INFO - Exporting env vars: AIRFLOW_CTX_DAG_OWNER='bses' AIRFLOW_CTX_DAG_ID='dag_tables' AIRFLOW_CTX_TASK_ID='import_table3' AIRFLOW_CTX_EXECUTION_DATE='2024-05-04T00:00:00+00:00' AIRFLOW_CTX_TRY_NUMBER='1' AIRFLOW_CTX_DAG_RUN_ID='scheduled__2024-05-04T00:00:00+00:00'
[2024-05-16T11:22:32.207+0000] {taskinstance.py:430} INFO - ::endgroup::
[2024-05-16T11:22:32.215+0000] {subprocess.py:63} INFO - Tmp dir root location: /tmp
[2024-05-16T11:22:32.216+0000] {subprocess.py:75} INFO - Running command: ['/usr/bin/bash', '-c', '\n                mysql -h host.docker.internal -u root --password=12345678 test < /opt/***/dags/product_category_map.sql\n                ']
[2024-05-16T11:22:32.226+0000] {subprocess.py:86} INFO - Output:
[2024-05-16T11:22:32.308+0000] {subprocess.py:97} INFO - Command exited with return code 0
[2024-05-16T11:22:32.310+0000] {taskinstance.py:441} INFO - ::group::Post task execution logs
[2024-05-16T11:22:32.332+0000] {taskinstance.py:1205} INFO - Marking task as SUCCESS. dag_id=dag_tables, task_id=import_table3, execution_date=20240504T000000, start_date=20240516T112231, end_date=20240516T112232
[2024-05-16T11:22:32.379+0000] {local_task_job_runner.py:240} INFO - Task exited with return code 0
[2024-05-16T11:22:32.393+0000] {taskinstance.py:3482} INFO - 1 downstream tasks scheduled from follow-on schedule check
[2024-05-16T11:22:32.394+0000] {local_task_job_runner.py:222} INFO - ::endgroup::
