[2024-05-16T04:34:07.620+0000] {local_task_job_runner.py:120} INFO - ::group::Pre task execution logs
[2024-05-16T04:34:07.634+0000] {taskinstance.py:2073} INFO - Dependencies all met for dep_context=non-requeueable deps ti=<TaskInstance: upload_to_hdfs.upload_file_to_hdfs manual__2024-05-16T04:34:06.459393+00:00 [queued]>
[2024-05-16T04:34:07.637+0000] {taskinstance.py:2073} INFO - Dependencies all met for dep_context=requeueable deps ti=<TaskInstance: upload_to_hdfs.upload_file_to_hdfs manual__2024-05-16T04:34:06.459393+00:00 [queued]>
[2024-05-16T04:34:07.638+0000] {taskinstance.py:2303} INFO - Starting attempt 1 of 2
[2024-05-16T04:34:07.643+0000] {taskinstance.py:2327} INFO - Executing <Task(PythonOperator): upload_file_to_hdfs> on 2024-05-16 04:34:06.459393+00:00
[2024-05-16T04:34:07.646+0000] {standard_task_runner.py:90} INFO - Running: ['***', 'tasks', 'run', 'upload_to_hdfs', 'upload_file_to_hdfs', 'manual__2024-05-16T04:34:06.459393+00:00', '--job-id', '339', '--raw', '--subdir', 'DAGS_FOLDER/dag_hdfs.py', '--cfg-path', '/tmp/tmpuz8kjcfw']
[2024-05-16T04:34:07.647+0000] {logging_mixin.py:188} WARNING - /home/***/.local/lib/python3.12/site-packages/***/task/task_runner/standard_task_runner.py:61 DeprecationWarning: This process (pid=175) is multi-threaded, use of fork() may lead to deadlocks in the child.
[2024-05-16T04:34:07.648+0000] {standard_task_runner.py:91} INFO - Job 339: Subtask upload_file_to_hdfs
[2024-05-16T04:34:07.648+0000] {standard_task_runner.py:63} INFO - Started process 176 to run task
[2024-05-16T04:34:07.671+0000] {task_command.py:426} INFO - Running <TaskInstance: upload_to_hdfs.upload_file_to_hdfs manual__2024-05-16T04:34:06.459393+00:00 [running]> on host dc1fa3bbdae3
[2024-05-16T04:34:07.713+0000] {taskinstance.py:2644} INFO - Exporting env vars: AIRFLOW_CTX_DAG_OWNER='***' AIRFLOW_CTX_DAG_ID='upload_to_hdfs' AIRFLOW_CTX_TASK_ID='upload_file_to_hdfs' AIRFLOW_CTX_EXECUTION_DATE='2024-05-16T04:34:06.459393+00:00' AIRFLOW_CTX_TRY_NUMBER='1' AIRFLOW_CTX_DAG_RUN_ID='manual__2024-05-16T04:34:06.459393+00:00'
[2024-05-16T04:34:07.713+0000] {taskinstance.py:430} INFO - ::endgroup::
[2024-05-16T04:34:07.726+0000] {client.py:192} INFO - Instantiated <InsecureClient(url='http://localhost:9870')>.
[2024-05-16T04:34:07.726+0000] {client.py:551} INFO - Uploading '/bses' to '/opt/***/dags/fc_account_master.csv'.
[2024-05-16T04:34:07.727+0000] {client.py:1116} INFO - Listing '/opt/***/dags/fc_account_master.csv'.
[2024-05-16T04:34:07.729+0000] {taskinstance.py:441} INFO - ::group::Post task execution logs
[2024-05-16T04:34:07.729+0000] {taskinstance.py:2890} ERROR - Task failed with exception
Traceback (most recent call last):
  File "/home/airflow/.local/lib/python3.12/site-packages/urllib3/connection.py", line 174, in _new_conn
    conn = connection.create_connection(
           ^^^^^^^^^^^^^^^^^^^^^^^^^^^^^
  File "/home/airflow/.local/lib/python3.12/site-packages/urllib3/util/connection.py", line 95, in create_connection
    raise err
  File "/home/airflow/.local/lib/python3.12/site-packages/urllib3/util/connection.py", line 85, in create_connection
    sock.connect(sa)
ConnectionRefusedError: [Errno 111] Connection refused

During handling of the above exception, another exception occurred:

Traceback (most recent call last):
  File "/home/airflow/.local/lib/python3.12/site-packages/urllib3/connectionpool.py", line 715, in urlopen
    httplib_response = self._make_request(
                       ^^^^^^^^^^^^^^^^^^^
  File "/home/airflow/.local/lib/python3.12/site-packages/urllib3/connectionpool.py", line 416, in _make_request
    conn.request(method, url, **httplib_request_kw)
  File "/home/airflow/.local/lib/python3.12/site-packages/urllib3/connection.py", line 244, in request
    super(HTTPConnection, self).request(method, url, body=body, headers=headers)
  File "/usr/local/lib/python3.12/http/client.py", line 1331, in request
    self._send_request(method, url, body, headers, encode_chunked)
  File "/usr/local/lib/python3.12/http/client.py", line 1377, in _send_request
    self.endheaders(body, encode_chunked=encode_chunked)
  File "/usr/local/lib/python3.12/http/client.py", line 1326, in endheaders
    self._send_output(message_body, encode_chunked=encode_chunked)
  File "/usr/local/lib/python3.12/http/client.py", line 1085, in _send_output
    self.send(msg)
  File "/usr/local/lib/python3.12/http/client.py", line 1029, in send
    self.connect()
  File "/home/airflow/.local/lib/python3.12/site-packages/urllib3/connection.py", line 205, in connect
    conn = self._new_conn()
           ^^^^^^^^^^^^^^^^
  File "/home/airflow/.local/lib/python3.12/site-packages/urllib3/connection.py", line 186, in _new_conn
    raise NewConnectionError(
urllib3.exceptions.NewConnectionError: <urllib3.connection.HTTPConnection object at 0xffff74b8f440>: Failed to establish a new connection: [Errno 111] Connection refused

During handling of the above exception, another exception occurred:

Traceback (most recent call last):
  File "/home/airflow/.local/lib/python3.12/site-packages/requests/adapters.py", line 486, in send
    resp = conn.urlopen(
           ^^^^^^^^^^^^^
  File "/home/airflow/.local/lib/python3.12/site-packages/urllib3/connectionpool.py", line 799, in urlopen
    retries = retries.increment(
              ^^^^^^^^^^^^^^^^^^
  File "/home/airflow/.local/lib/python3.12/site-packages/urllib3/util/retry.py", line 592, in increment
    raise MaxRetryError(_pool, url, error or ResponseError(cause))
urllib3.exceptions.MaxRetryError: HTTPConnectionPool(host='localhost', port=9870): Max retries exceeded with url: /webhdfs/v1/opt/***/dags/fc_account_master.csv?user.name=bses&op=LISTSTATUS (Caused by NewConnectionError('<urllib3.connection.HTTPConnection object at 0xffff74b8f440>: Failed to establish a new connection: [Errno 111] Connection refused'))

During handling of the above exception, another exception occurred:

Traceback (most recent call last):
  File "/home/airflow/.local/lib/python3.12/site-packages/airflow/models/taskinstance.py", line 465, in _execute_task
    result = _execute_callable(context=context, **execute_callable_kwargs)
             ^^^^^^^^^^^^^^^^^^^^^^^^^^^^^^^^^^^^^^^^^^^^^^^^^^^^^^^^^^^^^
  File "/home/airflow/.local/lib/python3.12/site-packages/airflow/models/taskinstance.py", line 432, in _execute_callable
    return execute_callable(context=context, **execute_callable_kwargs)
           ^^^^^^^^^^^^^^^^^^^^^^^^^^^^^^^^^^^^^^^^^^^^^^^^^^^^^^^^^^^^
  File "/home/airflow/.local/lib/python3.12/site-packages/airflow/models/baseoperator.py", line 400, in wrapper
    return func(self, *args, **kwargs)
           ^^^^^^^^^^^^^^^^^^^^^^^^^^^
  File "/home/airflow/.local/lib/python3.12/site-packages/airflow/operators/python.py", line 235, in execute
    return_value = self.execute_callable()
                   ^^^^^^^^^^^^^^^^^^^^^^^
  File "/home/airflow/.local/lib/python3.12/site-packages/airflow/operators/python.py", line 252, in execute_callable
    return self.python_callable(*self.op_args, **self.op_kwargs)
           ^^^^^^^^^^^^^^^^^^^^^^^^^^^^^^^^^^^^^^^^^^^^^^^^^^^^^
  File "/opt/airflow/dags/dag_hdfs.py", line 16, in upload_to_hdfs
    client.upload(HDFS_FOLDER, LOCAL_FILE_PATH)
  File "/home/airflow/.local/lib/python3.12/site-packages/hdfs/client.py", line 580, in upload
    statuses = [status for _, status in self.list(hdfs_path, status=True)]
                                        ^^^^^^^^^^^^^^^^^^^^^^^^^^^^^^^^^
  File "/home/airflow/.local/lib/python3.12/site-packages/hdfs/client.py", line 1118, in list
    statuses = self._list_status(hdfs_path).json()['FileStatuses']['FileStatus']
               ^^^^^^^^^^^^^^^^^^^^^^^^^^^^
  File "/home/airflow/.local/lib/python3.12/site-packages/hdfs/client.py", line 125, in api_handler
    raise err
  File "/home/airflow/.local/lib/python3.12/site-packages/hdfs/client.py", line 102, in api_handler
    res = client._request(
          ^^^^^^^^^^^^^^^^
  File "/home/airflow/.local/lib/python3.12/site-packages/hdfs/client.py", line 209, in _request
    return self._session.request(
           ^^^^^^^^^^^^^^^^^^^^^^
  File "/home/airflow/.local/lib/python3.12/site-packages/requests/sessions.py", line 589, in request
    resp = self.send(prep, **send_kwargs)
           ^^^^^^^^^^^^^^^^^^^^^^^^^^^^^^
  File "/home/airflow/.local/lib/python3.12/site-packages/requests/sessions.py", line 703, in send
    r = adapter.send(request, **kwargs)
        ^^^^^^^^^^^^^^^^^^^^^^^^^^^^^^^
  File "/home/airflow/.local/lib/python3.12/site-packages/requests/adapters.py", line 519, in send
    raise ConnectionError(e, request=request)
requests.exceptions.ConnectionError: HTTPConnectionPool(host='localhost', port=9870): Max retries exceeded with url: /webhdfs/v1/opt/***/dags/fc_account_master.csv?user.name=bses&op=LISTSTATUS (Caused by NewConnectionError('<urllib3.connection.HTTPConnection object at 0xffff74b8f440>: Failed to establish a new connection: [Errno 111] Connection refused'))
[2024-05-16T04:34:07.735+0000] {taskinstance.py:1205} INFO - Marking task as UP_FOR_RETRY. dag_id=upload_to_hdfs, task_id=upload_file_to_hdfs, execution_date=20240516T043406, start_date=20240516T043407, end_date=20240516T043407
[2024-05-16T04:34:07.740+0000] {standard_task_runner.py:110} ERROR - Failed to execute job 339 for task upload_file_to_hdfs (HTTPConnectionPool(host='localhost', port=9870): Max retries exceeded with url: /webhdfs/v1/opt/***/dags/fc_account_master.csv?user.name=bses&op=LISTSTATUS (Caused by NewConnectionError('<urllib3.connection.HTTPConnection object at 0xffff74b8f440>: Failed to establish a new connection: [Errno 111] Connection refused')); 176)
[2024-05-16T04:34:07.748+0000] {local_task_job_runner.py:240} INFO - Task exited with return code 1
[2024-05-16T04:34:07.756+0000] {taskinstance.py:3482} INFO - 0 downstream tasks scheduled from follow-on schedule check
[2024-05-16T04:34:07.757+0000] {local_task_job_runner.py:222} INFO - ::endgroup::
