[2024-05-04T11:02:50.443+0000] {local_task_job_runner.py:120} INFO - ::group::Pre task execution logs
[2024-05-04T11:02:50.457+0000] {taskinstance.py:2073} INFO - Dependencies all met for dep_context=non-requeueable deps ti=<TaskInstance: dag_mysql.restore_fc_account_master manual__2024-05-04T11:02:48.709961+00:00 [queued]>
[2024-05-04T11:02:50.461+0000] {taskinstance.py:2073} INFO - Dependencies all met for dep_context=requeueable deps ti=<TaskInstance: dag_mysql.restore_fc_account_master manual__2024-05-04T11:02:48.709961+00:00 [queued]>
[2024-05-04T11:02:50.462+0000] {taskinstance.py:2303} INFO - Starting attempt 1 of 6
[2024-05-04T11:02:50.467+0000] {taskinstance.py:2327} INFO - Executing <Task(BashOperator): restore_fc_account_master> on 2024-05-04 11:02:48.709961+00:00
[2024-05-04T11:02:50.471+0000] {standard_task_runner.py:90} INFO - Running: ['***', 'tasks', 'run', 'dag_mysql', 'restore_fc_account_master', 'manual__2024-05-04T11:02:48.709961+00:00', '--job-id', '61', '--raw', '--subdir', 'DAGS_FOLDER/dag_mysql.py', '--cfg-path', '/tmp/tmp9hzximee']
[2024-05-04T11:02:50.472+0000] {logging_mixin.py:188} WARNING - /home/***/.local/lib/python3.12/site-packages/***/task/task_runner/standard_task_runner.py:61 DeprecationWarning: This process (pid=2073) is multi-threaded, use of fork() may lead to deadlocks in the child.
[2024-05-04T11:02:50.472+0000] {standard_task_runner.py:91} INFO - Job 61: Subtask restore_fc_account_master
[2024-05-04T11:02:50.472+0000] {standard_task_runner.py:63} INFO - Started process 2074 to run task
[2024-05-04T11:02:50.494+0000] {task_command.py:426} INFO - Running <TaskInstance: dag_mysql.restore_fc_account_master manual__2024-05-04T11:02:48.709961+00:00 [running]> on host f85b7a0b58b5
[2024-05-04T11:02:50.530+0000] {taskinstance.py:2644} INFO - Exporting env vars: AIRFLOW_CTX_DAG_OWNER='bses' AIRFLOW_CTX_DAG_ID='dag_mysql' AIRFLOW_CTX_TASK_ID='restore_fc_account_master' AIRFLOW_CTX_EXECUTION_DATE='2024-05-04T11:02:48.709961+00:00' AIRFLOW_CTX_TRY_NUMBER='1' AIRFLOW_CTX_DAG_RUN_ID='manual__2024-05-04T11:02:48.709961+00:00'
[2024-05-04T11:02:50.531+0000] {taskinstance.py:430} INFO - ::endgroup::
[2024-05-04T11:02:50.539+0000] {subprocess.py:63} INFO - Tmp dir root location: /tmp
[2024-05-04T11:02:50.539+0000] {subprocess.py:75} INFO - Running command: ['/usr/bin/bash', '-c', '\n            mysql -h host.docker.internal -u root --password=12345678 fc_facts < /opt/***/dags/first.sql\n            ']
[2024-05-04T11:02:50.543+0000] {subprocess.py:86} INFO - Output:
[2024-05-04T11:02:50.626+0000] {subprocess.py:97} INFO - Command exited with return code 0
[2024-05-04T11:02:50.626+0000] {taskinstance.py:441} INFO - ::group::Post task execution logs
[2024-05-04T11:02:50.639+0000] {taskinstance.py:1205} INFO - Marking task as SUCCESS. dag_id=dag_mysql, task_id=restore_fc_account_master, execution_date=20240504T110248, start_date=20240504T110250, end_date=20240504T110250
[2024-05-04T11:02:50.656+0000] {local_task_job_runner.py:240} INFO - Task exited with return code 0
[2024-05-04T11:02:50.665+0000] {taskinstance.py:3482} INFO - 0 downstream tasks scheduled from follow-on schedule check
[2024-05-04T11:02:50.666+0000] {local_task_job_runner.py:222} INFO - ::endgroup::
