[2024-05-16T11:19:48.930+0000] {local_task_job_runner.py:120} INFO - ::group::Pre task execution logs
[2024-05-16T11:19:48.953+0000] {taskinstance.py:2073} INFO - Dependencies all met for dep_context=non-requeueable deps ti=<TaskInstance: dag_tables.import_table1 scheduled__2024-05-13T00:00:00+00:00 [queued]>
[2024-05-16T11:19:48.959+0000] {taskinstance.py:2073} INFO - Dependencies all met for dep_context=requeueable deps ti=<TaskInstance: dag_tables.import_table1 scheduled__2024-05-13T00:00:00+00:00 [queued]>
[2024-05-16T11:19:48.963+0000] {taskinstance.py:2303} INFO - Starting attempt 1 of 6
[2024-05-16T11:19:49.014+0000] {taskinstance.py:2327} INFO - Executing <Task(BashOperator): import_table1> on 2024-05-13 00:00:00+00:00
[2024-05-16T11:19:49.022+0000] {standard_task_runner.py:90} INFO - Running: ['***', 'tasks', 'run', 'dag_tables', 'import_table1', 'scheduled__2024-05-13T00:00:00+00:00', '--job-id', '396', '--raw', '--subdir', 'DAGS_FOLDER/dag_mysql.py', '--cfg-path', '/tmp/tmpphwjw7su']
[2024-05-16T11:19:49.024+0000] {logging_mixin.py:188} WARNING - /home/***/.local/lib/python3.12/site-packages/***/task/task_runner/standard_task_runner.py:61 DeprecationWarning: This process (pid=233) is multi-threaded, use of fork() may lead to deadlocks in the child.
[2024-05-16T11:19:49.030+0000] {standard_task_runner.py:63} INFO - Started process 246 to run task
[2024-05-16T11:19:49.030+0000] {standard_task_runner.py:91} INFO - Job 396: Subtask import_table1
[2024-05-16T11:19:49.107+0000] {task_command.py:426} INFO - Running <TaskInstance: dag_tables.import_table1 scheduled__2024-05-13T00:00:00+00:00 [running]> on host 7084a6d88d3b
[2024-05-16T11:19:49.204+0000] {taskinstance.py:2644} INFO - Exporting env vars: AIRFLOW_CTX_DAG_OWNER='bses' AIRFLOW_CTX_DAG_ID='dag_tables' AIRFLOW_CTX_TASK_ID='import_table1' AIRFLOW_CTX_EXECUTION_DATE='2024-05-13T00:00:00+00:00' AIRFLOW_CTX_TRY_NUMBER='1' AIRFLOW_CTX_DAG_RUN_ID='scheduled__2024-05-13T00:00:00+00:00'
[2024-05-16T11:19:49.205+0000] {taskinstance.py:430} INFO - ::endgroup::
[2024-05-16T11:19:49.218+0000] {subprocess.py:63} INFO - Tmp dir root location: /tmp
[2024-05-16T11:19:49.222+0000] {subprocess.py:75} INFO - Running command: ['/usr/bin/bash', '-c', '\n            mysql -h host.docker.internal -u root --password=12345678 test < /opt/***/dags/products.sql;\n           ']
[2024-05-16T11:19:49.238+0000] {subprocess.py:86} INFO - Output:
[2024-05-16T11:19:49.370+0000] {subprocess.py:97} INFO - Command exited with return code 0
[2024-05-16T11:19:49.372+0000] {taskinstance.py:441} INFO - ::group::Post task execution logs
[2024-05-16T11:19:49.396+0000] {taskinstance.py:1205} INFO - Marking task as SUCCESS. dag_id=dag_tables, task_id=import_table1, execution_date=20240513T000000, start_date=20240516T111948, end_date=20240516T111949
[2024-05-16T11:19:49.432+0000] {local_task_job_runner.py:240} INFO - Task exited with return code 0
[2024-05-16T11:19:49.484+0000] {taskinstance.py:3482} INFO - 1 downstream tasks scheduled from follow-on schedule check
[2024-05-16T11:19:49.490+0000] {local_task_job_runner.py:222} INFO - ::endgroup::
[2024-05-16T11:22:31.430+0000] {local_task_job_runner.py:120} INFO - ::group::Pre task execution logs
[2024-05-16T11:22:31.451+0000] {taskinstance.py:2073} INFO - Dependencies all met for dep_context=non-requeueable deps ti=<TaskInstance: dag_tables.import_table1 scheduled__2024-05-13T00:00:00+00:00 [queued]>
[2024-05-16T11:22:31.457+0000] {taskinstance.py:2073} INFO - Dependencies all met for dep_context=requeueable deps ti=<TaskInstance: dag_tables.import_table1 scheduled__2024-05-13T00:00:00+00:00 [queued]>
[2024-05-16T11:22:31.458+0000] {taskinstance.py:2303} INFO - Starting attempt 1 of 6
[2024-05-16T11:22:31.465+0000] {taskinstance.py:2327} INFO - Executing <Task(BashOperator): import_table1> on 2024-05-13 00:00:00+00:00
[2024-05-16T11:22:31.470+0000] {logging_mixin.py:188} WARNING - /home/***/.local/lib/python3.12/site-packages/***/task/task_runner/standard_task_runner.py:61 DeprecationWarning: This process (pid=501) is multi-threaded, use of fork() may lead to deadlocks in the child.
[2024-05-16T11:22:31.471+0000] {standard_task_runner.py:63} INFO - Started process 519 to run task
[2024-05-16T11:22:31.471+0000] {standard_task_runner.py:90} INFO - Running: ['***', 'tasks', 'run', 'dag_tables', 'import_table1', 'scheduled__2024-05-13T00:00:00+00:00', '--job-id', '448', '--raw', '--subdir', 'DAGS_FOLDER/dag_mysql.py', '--cfg-path', '/tmp/tmp6l235wvo']
[2024-05-16T11:22:31.474+0000] {standard_task_runner.py:91} INFO - Job 448: Subtask import_table1
[2024-05-16T11:22:31.524+0000] {task_command.py:426} INFO - Running <TaskInstance: dag_tables.import_table1 scheduled__2024-05-13T00:00:00+00:00 [running]> on host 7084a6d88d3b
[2024-05-16T11:22:31.616+0000] {taskinstance.py:2644} INFO - Exporting env vars: AIRFLOW_CTX_DAG_OWNER='bses' AIRFLOW_CTX_DAG_ID='dag_tables' AIRFLOW_CTX_TASK_ID='import_table1' AIRFLOW_CTX_EXECUTION_DATE='2024-05-13T00:00:00+00:00' AIRFLOW_CTX_TRY_NUMBER='1' AIRFLOW_CTX_DAG_RUN_ID='scheduled__2024-05-13T00:00:00+00:00'
[2024-05-16T11:22:31.617+0000] {taskinstance.py:430} INFO - ::endgroup::
[2024-05-16T11:22:31.635+0000] {subprocess.py:63} INFO - Tmp dir root location: /tmp
[2024-05-16T11:22:31.642+0000] {subprocess.py:75} INFO - Running command: ['/usr/bin/bash', '-c', '\n            mysql -h host.docker.internal -u root --password=12345678 test < /opt/***/dags/products.sql\n           ']
[2024-05-16T11:22:31.651+0000] {subprocess.py:86} INFO - Output:
[2024-05-16T11:22:31.830+0000] {subprocess.py:97} INFO - Command exited with return code 0
[2024-05-16T11:22:31.834+0000] {taskinstance.py:441} INFO - ::group::Post task execution logs
[2024-05-16T11:22:31.875+0000] {taskinstance.py:1205} INFO - Marking task as SUCCESS. dag_id=dag_tables, task_id=import_table1, execution_date=20240513T000000, start_date=20240516T112231, end_date=20240516T112231
[2024-05-16T11:22:31.987+0000] {local_task_job_runner.py:240} INFO - Task exited with return code 0
[2024-05-16T11:22:32.028+0000] {taskinstance.py:3482} INFO - 1 downstream tasks scheduled from follow-on schedule check
[2024-05-16T11:22:32.036+0000] {local_task_job_runner.py:222} INFO - ::endgroup::
[2024-05-16T11:24:49.869+0000] {local_task_job_runner.py:120} INFO - ::group::Pre task execution logs
[2024-05-16T11:24:49.908+0000] {taskinstance.py:2073} INFO - Dependencies all met for dep_context=non-requeueable deps ti=<TaskInstance: dag_tables.import_table1 scheduled__2024-05-13T00:00:00+00:00 [queued]>
[2024-05-16T11:24:49.925+0000] {taskinstance.py:2073} INFO - Dependencies all met for dep_context=requeueable deps ti=<TaskInstance: dag_tables.import_table1 scheduled__2024-05-13T00:00:00+00:00 [queued]>
[2024-05-16T11:24:49.925+0000] {taskinstance.py:2303} INFO - Starting attempt 1 of 6
[2024-05-16T11:24:49.939+0000] {taskinstance.py:2327} INFO - Executing <Task(BashOperator): import_table1> on 2024-05-13 00:00:00+00:00
[2024-05-16T11:24:49.949+0000] {logging_mixin.py:188} WARNING - /home/***/.local/lib/python3.12/site-packages/***/task/task_runner/standard_task_runner.py:61 DeprecationWarning: This process (pid=776) is multi-threaded, use of fork() may lead to deadlocks in the child.
[2024-05-16T11:24:49.952+0000] {standard_task_runner.py:63} INFO - Started process 793 to run task
[2024-05-16T11:24:49.948+0000] {standard_task_runner.py:90} INFO - Running: ['***', 'tasks', 'run', 'dag_tables', 'import_table1', 'scheduled__2024-05-13T00:00:00+00:00', '--job-id', '503', '--raw', '--subdir', 'DAGS_FOLDER/dag_mysql.py', '--cfg-path', '/tmp/tmpwrlbd74g']
[2024-05-16T11:24:49.956+0000] {standard_task_runner.py:91} INFO - Job 503: Subtask import_table1
[2024-05-16T11:24:49.996+0000] {task_command.py:426} INFO - Running <TaskInstance: dag_tables.import_table1 scheduled__2024-05-13T00:00:00+00:00 [running]> on host 7084a6d88d3b
[2024-05-16T11:24:50.069+0000] {taskinstance.py:2644} INFO - Exporting env vars: AIRFLOW_CTX_DAG_OWNER='bses' AIRFLOW_CTX_DAG_ID='dag_tables' AIRFLOW_CTX_TASK_ID='import_table1' AIRFLOW_CTX_EXECUTION_DATE='2024-05-13T00:00:00+00:00' AIRFLOW_CTX_TRY_NUMBER='1' AIRFLOW_CTX_DAG_RUN_ID='scheduled__2024-05-13T00:00:00+00:00'
[2024-05-16T11:24:50.074+0000] {taskinstance.py:430} INFO - ::endgroup::
[2024-05-16T11:24:50.089+0000] {subprocess.py:63} INFO - Tmp dir root location: /tmp
[2024-05-16T11:24:50.091+0000] {subprocess.py:75} INFO - Running command: ['/usr/bin/bash', '-c', '\n            mysql -h host.docker.internal -u root --password=12345678 test < /opt/***/dags/products.sql\n           ']
[2024-05-16T11:24:50.101+0000] {subprocess.py:86} INFO - Output:
[2024-05-16T11:24:50.175+0000] {subprocess.py:97} INFO - Command exited with return code 0
[2024-05-16T11:24:50.176+0000] {taskinstance.py:441} INFO - ::group::Post task execution logs
[2024-05-16T11:24:50.205+0000] {taskinstance.py:1205} INFO - Marking task as SUCCESS. dag_id=dag_tables, task_id=import_table1, execution_date=20240513T000000, start_date=20240516T112449, end_date=20240516T112450
[2024-05-16T11:24:50.224+0000] {local_task_job_runner.py:240} INFO - Task exited with return code 0
[2024-05-16T11:24:50.233+0000] {taskinstance.py:3482} INFO - 0 downstream tasks scheduled from follow-on schedule check
[2024-05-16T11:24:50.235+0000] {local_task_job_runner.py:222} INFO - ::endgroup::
[2024-05-16T11:27:51.714+0000] {local_task_job_runner.py:120} INFO - ::group::Pre task execution logs
[2024-05-16T11:27:51.734+0000] {taskinstance.py:2073} INFO - Dependencies all met for dep_context=non-requeueable deps ti=<TaskInstance: dag_tables.import_table1 scheduled__2024-05-13T00:00:00+00:00 [queued]>
[2024-05-16T11:27:51.740+0000] {taskinstance.py:2073} INFO - Dependencies all met for dep_context=requeueable deps ti=<TaskInstance: dag_tables.import_table1 scheduled__2024-05-13T00:00:00+00:00 [queued]>
[2024-05-16T11:27:51.740+0000] {taskinstance.py:2303} INFO - Starting attempt 1 of 6
[2024-05-16T11:27:51.764+0000] {taskinstance.py:2327} INFO - Executing <Task(BashOperator): import_table1> on 2024-05-13 00:00:00+00:00
[2024-05-16T11:27:51.769+0000] {logging_mixin.py:188} WARNING - /home/***/.local/lib/python3.12/site-packages/***/task/task_runner/standard_task_runner.py:61 DeprecationWarning: This process (pid=931) is multi-threaded, use of fork() may lead to deadlocks in the child.
[2024-05-16T11:27:51.769+0000] {standard_task_runner.py:90} INFO - Running: ['***', 'tasks', 'run', 'dag_tables', 'import_table1', 'scheduled__2024-05-13T00:00:00+00:00', '--job-id', '521', '--raw', '--subdir', 'DAGS_FOLDER/dag_mysql.py', '--cfg-path', '/tmp/tmpd2l_jl6i']
[2024-05-16T11:27:51.770+0000] {standard_task_runner.py:63} INFO - Started process 935 to run task
[2024-05-16T11:27:51.770+0000] {standard_task_runner.py:91} INFO - Job 521: Subtask import_table1
[2024-05-16T11:27:51.799+0000] {task_command.py:426} INFO - Running <TaskInstance: dag_tables.import_table1 scheduled__2024-05-13T00:00:00+00:00 [running]> on host 7084a6d88d3b
[2024-05-16T11:27:51.852+0000] {taskinstance.py:2644} INFO - Exporting env vars: AIRFLOW_CTX_DAG_OWNER='bses' AIRFLOW_CTX_DAG_ID='dag_tables' AIRFLOW_CTX_TASK_ID='import_table1' AIRFLOW_CTX_EXECUTION_DATE='2024-05-13T00:00:00+00:00' AIRFLOW_CTX_TRY_NUMBER='1' AIRFLOW_CTX_DAG_RUN_ID='scheduled__2024-05-13T00:00:00+00:00'
[2024-05-16T11:27:51.853+0000] {taskinstance.py:430} INFO - ::endgroup::
[2024-05-16T11:27:51.860+0000] {subprocess.py:63} INFO - Tmp dir root location: /tmp
[2024-05-16T11:27:51.860+0000] {subprocess.py:75} INFO - Running command: ['/usr/bin/bash', '-c', '\n            mysql -h host.docker.internal -u root --password=12345678 test < /opt/***/dags/products.sql\n           ']
[2024-05-16T11:27:51.866+0000] {subprocess.py:86} INFO - Output:
[2024-05-16T11:27:51.926+0000] {subprocess.py:97} INFO - Command exited with return code 0
[2024-05-16T11:27:51.927+0000] {taskinstance.py:441} INFO - ::group::Post task execution logs
[2024-05-16T11:27:51.942+0000] {taskinstance.py:1205} INFO - Marking task as SUCCESS. dag_id=dag_tables, task_id=import_table1, execution_date=20240513T000000, start_date=20240516T112751, end_date=20240516T112751
[2024-05-16T11:27:51.991+0000] {local_task_job_runner.py:240} INFO - Task exited with return code 0
[2024-05-16T11:27:52.002+0000] {taskinstance.py:3482} INFO - 0 downstream tasks scheduled from follow-on schedule check
[2024-05-16T11:27:52.004+0000] {local_task_job_runner.py:222} INFO - ::endgroup::
