[2024-05-16T11:19:50.634+0000] {local_task_job_runner.py:120} INFO - ::group::Pre task execution logs
[2024-05-16T11:19:50.667+0000] {taskinstance.py:2073} INFO - Dependencies all met for dep_context=non-requeueable deps ti=<TaskInstance: dag_tables.import_table5 scheduled__2024-05-01T00:00:00+00:00 [queued]>
[2024-05-16T11:19:50.678+0000] {taskinstance.py:2073} INFO - Dependencies all met for dep_context=requeueable deps ti=<TaskInstance: dag_tables.import_table5 scheduled__2024-05-01T00:00:00+00:00 [queued]>
[2024-05-16T11:19:50.679+0000] {taskinstance.py:2303} INFO - Starting attempt 1 of 6
[2024-05-16T11:19:50.690+0000] {taskinstance.py:2327} INFO - Executing <Task(BashOperator): import_table5> on 2024-05-01 00:00:00+00:00
[2024-05-16T11:19:50.696+0000] {logging_mixin.py:188} WARNING - /home/***/.local/lib/python3.12/site-packages/***/task/task_runner/standard_task_runner.py:61 DeprecationWarning: This process (pid=334) is multi-threaded, use of fork() may lead to deadlocks in the child.
[2024-05-16T11:19:50.699+0000] {standard_task_runner.py:90} INFO - Running: ['***', 'tasks', 'run', 'dag_tables', 'import_table5', 'scheduled__2024-05-01T00:00:00+00:00', '--job-id', '418', '--raw', '--subdir', 'DAGS_FOLDER/dag_mysql.py', '--cfg-path', '/tmp/tmp3di0ry7t']
[2024-05-16T11:19:50.708+0000] {standard_task_runner.py:91} INFO - Job 418: Subtask import_table5
[2024-05-16T11:19:50.705+0000] {standard_task_runner.py:63} INFO - Started process 336 to run task
[2024-05-16T11:19:50.760+0000] {task_command.py:426} INFO - Running <TaskInstance: dag_tables.import_table5 scheduled__2024-05-01T00:00:00+00:00 [running]> on host 7084a6d88d3b
[2024-05-16T11:19:50.857+0000] {taskinstance.py:2644} INFO - Exporting env vars: AIRFLOW_CTX_DAG_OWNER='bses' AIRFLOW_CTX_DAG_ID='dag_tables' AIRFLOW_CTX_TASK_ID='import_table5' AIRFLOW_CTX_EXECUTION_DATE='2024-05-01T00:00:00+00:00' AIRFLOW_CTX_TRY_NUMBER='1' AIRFLOW_CTX_DAG_RUN_ID='scheduled__2024-05-01T00:00:00+00:00'
[2024-05-16T11:19:50.858+0000] {taskinstance.py:430} INFO - ::endgroup::
[2024-05-16T11:19:50.870+0000] {subprocess.py:63} INFO - Tmp dir root location: /tmp
[2024-05-16T11:19:50.874+0000] {subprocess.py:75} INFO - Running command: ['/usr/bin/bash', '-c', '\n                mysql -h host.docker.internal -u root --password=12345678 test < /opt/***/dags/rw_transaction_data.sql\n                ']
[2024-05-16T11:19:50.887+0000] {subprocess.py:86} INFO - Output:
[2024-05-16T11:19:51.238+0000] {subprocess.py:93} INFO - ERROR 1100 (HY000) at line 59: Table 'rw_transaction_500_demo' was not locked with LOCK TABLES
[2024-05-16T11:19:51.239+0000] {subprocess.py:97} INFO - Command exited with return code 1
[2024-05-16T11:19:51.240+0000] {taskinstance.py:441} INFO - ::group::Post task execution logs
[2024-05-16T11:19:51.246+0000] {taskinstance.py:2890} ERROR - Task failed with exception
Traceback (most recent call last):
  File "/home/airflow/.local/lib/python3.12/site-packages/airflow/models/taskinstance.py", line 465, in _execute_task
    result = _execute_callable(context=context, **execute_callable_kwargs)
             ^^^^^^^^^^^^^^^^^^^^^^^^^^^^^^^^^^^^^^^^^^^^^^^^^^^^^^^^^^^^^
  File "/home/airflow/.local/lib/python3.12/site-packages/airflow/models/taskinstance.py", line 432, in _execute_callable
    return execute_callable(context=context, **execute_callable_kwargs)
           ^^^^^^^^^^^^^^^^^^^^^^^^^^^^^^^^^^^^^^^^^^^^^^^^^^^^^^^^^^^^
  File "/home/airflow/.local/lib/python3.12/site-packages/airflow/models/baseoperator.py", line 400, in wrapper
    return func(self, *args, **kwargs)
           ^^^^^^^^^^^^^^^^^^^^^^^^^^^
  File "/home/airflow/.local/lib/python3.12/site-packages/airflow/operators/bash.py", line 243, in execute
    raise AirflowException(
airflow.exceptions.AirflowException: Bash command failed. The command returned a non-zero exit code 1.
[2024-05-16T11:19:51.248+0000] {taskinstance.py:1205} INFO - Marking task as UP_FOR_RETRY. dag_id=dag_tables, task_id=import_table5, execution_date=20240501T000000, start_date=20240516T111950, end_date=20240516T111951
[2024-05-16T11:19:51.254+0000] {standard_task_runner.py:110} ERROR - Failed to execute job 418 for task import_table5 (Bash command failed. The command returned a non-zero exit code 1.; 336)
[2024-05-16T11:19:51.262+0000] {local_task_job_runner.py:240} INFO - Task exited with return code 1
[2024-05-16T11:19:51.270+0000] {taskinstance.py:3482} INFO - 0 downstream tasks scheduled from follow-on schedule check
[2024-05-16T11:19:51.271+0000] {local_task_job_runner.py:222} INFO - ::endgroup::
