[2024-05-03T18:18:46.002+0000] {processor.py:161} INFO - Started process (PID=1719) to work on /opt/airflow/dags/dag_backup_catchfill.py
[2024-05-03T18:18:46.003+0000] {processor.py:830} INFO - Processing file /opt/airflow/dags/dag_backup_catchfill.py for tasks to queue
[2024-05-03T18:18:46.004+0000] {logging_mixin.py:188} INFO - [2024-05-03T18:18:46.004+0000] {dagbag.py:540} INFO - Filling up the DagBag from /opt/airflow/dags/dag_backup_catchfill.py
[2024-05-03T18:18:46.019+0000] {processor.py:840} INFO - DAG(s) 'dag_backup_catchfill' retrieved from /opt/airflow/dags/dag_backup_catchfill.py
[2024-05-03T18:18:46.072+0000] {logging_mixin.py:188} INFO - [2024-05-03T18:18:46.072+0000] {override.py:1829} INFO - Created Permission View: can read on DAG:dag_backup_catchfill
[2024-05-03T18:18:46.076+0000] {logging_mixin.py:188} INFO - [2024-05-03T18:18:46.076+0000] {override.py:1829} INFO - Created Permission View: can edit on DAG:dag_backup_catchfill
[2024-05-03T18:18:46.078+0000] {logging_mixin.py:188} INFO - [2024-05-03T18:18:46.078+0000] {override.py:1829} INFO - Created Permission View: can delete on DAG:dag_backup_catchfill
[2024-05-03T18:18:46.078+0000] {logging_mixin.py:188} INFO - [2024-05-03T18:18:46.078+0000] {dag.py:3096} INFO - Sync 1 DAGs
[2024-05-03T18:18:46.082+0000] {logging_mixin.py:188} INFO - [2024-05-03T18:18:46.082+0000] {dag.py:3118} INFO - Creating ORM DAG for dag_backup_catchfill
[2024-05-03T18:18:46.086+0000] {logging_mixin.py:188} INFO - [2024-05-03T18:18:46.086+0000] {dag.py:3954} INFO - Setting next_dagrun for dag_backup_catchfill to 2024-05-01 00:00:00+00:00, run_after=2024-05-02 00:00:00+00:00
[2024-05-03T18:18:46.092+0000] {processor.py:183} INFO - Processing /opt/airflow/dags/dag_backup_catchfill.py took 0.095 seconds
[2024-05-03T18:19:16.564+0000] {processor.py:161} INFO - Started process (PID=1745) to work on /opt/airflow/dags/dag_backup_catchfill.py
[2024-05-03T18:19:16.565+0000] {processor.py:830} INFO - Processing file /opt/airflow/dags/dag_backup_catchfill.py for tasks to queue
[2024-05-03T18:19:16.567+0000] {logging_mixin.py:188} INFO - [2024-05-03T18:19:16.566+0000] {dagbag.py:540} INFO - Filling up the DagBag from /opt/airflow/dags/dag_backup_catchfill.py
[2024-05-03T18:19:16.580+0000] {processor.py:840} INFO - DAG(s) 'dag_backup_catchfill' retrieved from /opt/airflow/dags/dag_backup_catchfill.py
[2024-05-03T18:19:16.604+0000] {logging_mixin.py:188} INFO - [2024-05-03T18:19:16.604+0000] {dag.py:3096} INFO - Sync 1 DAGs
[2024-05-03T18:19:16.616+0000] {logging_mixin.py:188} INFO - [2024-05-03T18:19:16.616+0000] {dag.py:3954} INFO - Setting next_dagrun for dag_backup_catchfill to 2024-05-01 00:00:00+00:00, run_after=2024-05-02 00:00:00+00:00
[2024-05-03T18:19:16.624+0000] {processor.py:183} INFO - Processing /opt/airflow/dags/dag_backup_catchfill.py took 0.067 seconds
[2024-05-03T18:19:47.096+0000] {processor.py:161} INFO - Started process (PID=1777) to work on /opt/airflow/dags/dag_backup_catchfill.py
[2024-05-03T18:19:47.097+0000] {processor.py:830} INFO - Processing file /opt/airflow/dags/dag_backup_catchfill.py for tasks to queue
[2024-05-03T18:19:47.098+0000] {logging_mixin.py:188} INFO - [2024-05-03T18:19:47.098+0000] {dagbag.py:540} INFO - Filling up the DagBag from /opt/airflow/dags/dag_backup_catchfill.py
[2024-05-03T18:19:47.106+0000] {processor.py:840} INFO - DAG(s) 'dag_backup_catchfill' retrieved from /opt/airflow/dags/dag_backup_catchfill.py
[2024-05-03T18:19:47.122+0000] {logging_mixin.py:188} INFO - [2024-05-03T18:19:47.122+0000] {dag.py:3096} INFO - Sync 1 DAGs
[2024-05-03T18:19:47.136+0000] {logging_mixin.py:188} INFO - [2024-05-03T18:19:47.136+0000] {dag.py:3954} INFO - Setting next_dagrun for dag_backup_catchfill to 2024-05-03 00:00:00+00:00, run_after=2024-05-04 00:00:00+00:00
[2024-05-03T18:19:47.149+0000] {processor.py:183} INFO - Processing /opt/airflow/dags/dag_backup_catchfill.py took 0.060 seconds
[2024-05-03T18:20:17.656+0000] {processor.py:161} INFO - Started process (PID=1803) to work on /opt/airflow/dags/dag_backup_catchfill.py
[2024-05-03T18:20:17.658+0000] {processor.py:830} INFO - Processing file /opt/airflow/dags/dag_backup_catchfill.py for tasks to queue
[2024-05-03T18:20:17.659+0000] {logging_mixin.py:188} INFO - [2024-05-03T18:20:17.658+0000] {dagbag.py:540} INFO - Filling up the DagBag from /opt/airflow/dags/dag_backup_catchfill.py
[2024-05-03T18:20:17.672+0000] {processor.py:840} INFO - DAG(s) 'dag_backup_catchfill' retrieved from /opt/airflow/dags/dag_backup_catchfill.py
[2024-05-03T18:20:17.696+0000] {logging_mixin.py:188} INFO - [2024-05-03T18:20:17.695+0000] {dag.py:3096} INFO - Sync 1 DAGs
[2024-05-03T18:20:17.706+0000] {logging_mixin.py:188} INFO - [2024-05-03T18:20:17.706+0000] {dag.py:3954} INFO - Setting next_dagrun for dag_backup_catchfill to 2024-05-03 00:00:00+00:00, run_after=2024-05-04 00:00:00+00:00
[2024-05-03T18:20:17.715+0000] {processor.py:183} INFO - Processing /opt/airflow/dags/dag_backup_catchfill.py took 0.066 seconds
[2024-05-03T18:20:48.163+0000] {processor.py:161} INFO - Started process (PID=1829) to work on /opt/airflow/dags/dag_backup_catchfill.py
[2024-05-03T18:20:48.164+0000] {processor.py:830} INFO - Processing file /opt/airflow/dags/dag_backup_catchfill.py for tasks to queue
[2024-05-03T18:20:48.165+0000] {logging_mixin.py:188} INFO - [2024-05-03T18:20:48.165+0000] {dagbag.py:540} INFO - Filling up the DagBag from /opt/airflow/dags/dag_backup_catchfill.py
[2024-05-03T18:20:48.175+0000] {processor.py:840} INFO - DAG(s) 'dag_backup_catchfill' retrieved from /opt/airflow/dags/dag_backup_catchfill.py
[2024-05-03T18:20:48.194+0000] {logging_mixin.py:188} INFO - [2024-05-03T18:20:48.194+0000] {dag.py:3096} INFO - Sync 1 DAGs
[2024-05-03T18:20:48.207+0000] {logging_mixin.py:188} INFO - [2024-05-03T18:20:48.207+0000] {dag.py:3954} INFO - Setting next_dagrun for dag_backup_catchfill to 2024-05-03 00:00:00+00:00, run_after=2024-05-04 00:00:00+00:00
[2024-05-03T18:20:48.214+0000] {processor.py:183} INFO - Processing /opt/airflow/dags/dag_backup_catchfill.py took 0.059 seconds
[2024-05-03T18:21:18.671+0000] {processor.py:161} INFO - Started process (PID=1854) to work on /opt/airflow/dags/dag_backup_catchfill.py
[2024-05-03T18:21:18.672+0000] {processor.py:830} INFO - Processing file /opt/airflow/dags/dag_backup_catchfill.py for tasks to queue
[2024-05-03T18:21:18.673+0000] {logging_mixin.py:188} INFO - [2024-05-03T18:21:18.673+0000] {dagbag.py:540} INFO - Filling up the DagBag from /opt/airflow/dags/dag_backup_catchfill.py
[2024-05-03T18:21:18.685+0000] {processor.py:840} INFO - DAG(s) 'dag_backup_catchfill' retrieved from /opt/airflow/dags/dag_backup_catchfill.py
[2024-05-03T18:21:18.709+0000] {logging_mixin.py:188} INFO - [2024-05-03T18:21:18.709+0000] {dag.py:3096} INFO - Sync 1 DAGs
[2024-05-03T18:21:18.720+0000] {logging_mixin.py:188} INFO - [2024-05-03T18:21:18.720+0000] {dag.py:3954} INFO - Setting next_dagrun for dag_backup_catchfill to 2024-05-03 00:00:00+00:00, run_after=2024-05-04 00:00:00+00:00
[2024-05-03T18:21:18.728+0000] {processor.py:183} INFO - Processing /opt/airflow/dags/dag_backup_catchfill.py took 0.065 seconds
[2024-05-03T18:21:49.211+0000] {processor.py:161} INFO - Started process (PID=1879) to work on /opt/airflow/dags/dag_backup_catchfill.py
[2024-05-03T18:21:49.212+0000] {processor.py:830} INFO - Processing file /opt/airflow/dags/dag_backup_catchfill.py for tasks to queue
[2024-05-03T18:21:49.213+0000] {logging_mixin.py:188} INFO - [2024-05-03T18:21:49.213+0000] {dagbag.py:540} INFO - Filling up the DagBag from /opt/airflow/dags/dag_backup_catchfill.py
[2024-05-03T18:21:49.226+0000] {processor.py:840} INFO - DAG(s) 'dag_backup_catchfill' retrieved from /opt/airflow/dags/dag_backup_catchfill.py
[2024-05-03T18:21:49.251+0000] {logging_mixin.py:188} INFO - [2024-05-03T18:21:49.250+0000] {dag.py:3096} INFO - Sync 1 DAGs
[2024-05-03T18:21:49.263+0000] {logging_mixin.py:188} INFO - [2024-05-03T18:21:49.263+0000] {dag.py:3954} INFO - Setting next_dagrun for dag_backup_catchfill to 2024-05-03 00:00:00+00:00, run_after=2024-05-04 00:00:00+00:00
[2024-05-03T18:21:49.272+0000] {processor.py:183} INFO - Processing /opt/airflow/dags/dag_backup_catchfill.py took 0.070 seconds
[2024-05-03T18:22:13.626+0000] {processor.py:161} INFO - Started process (PID=1905) to work on /opt/airflow/dags/dag_backup_catchfill.py
[2024-05-03T18:22:13.627+0000] {processor.py:830} INFO - Processing file /opt/airflow/dags/dag_backup_catchfill.py for tasks to queue
[2024-05-03T18:22:13.627+0000] {logging_mixin.py:188} INFO - [2024-05-03T18:22:13.627+0000] {dagbag.py:540} INFO - Filling up the DagBag from /opt/airflow/dags/dag_backup_catchfill.py
[2024-05-03T18:22:13.635+0000] {processor.py:840} INFO - DAG(s) 'dag_backup_catchfill' retrieved from /opt/airflow/dags/dag_backup_catchfill.py
[2024-05-03T18:22:13.692+0000] {logging_mixin.py:188} INFO - [2024-05-03T18:22:13.692+0000] {dag.py:3096} INFO - Sync 1 DAGs
[2024-05-03T18:22:13.702+0000] {logging_mixin.py:188} INFO - [2024-05-03T18:22:13.701+0000] {dag.py:3954} INFO - Setting next_dagrun for dag_backup_catchfill to 2024-05-03 00:00:00+00:00, run_after=2024-05-04 00:00:00+00:00
[2024-05-03T18:22:13.709+0000] {processor.py:183} INFO - Processing /opt/airflow/dags/dag_backup_catchfill.py took 0.088 seconds
[2024-05-03T18:22:22.793+0000] {processor.py:161} INFO - Started process (PID=1910) to work on /opt/airflow/dags/dag_backup_catchfill.py
[2024-05-03T18:22:22.794+0000] {processor.py:830} INFO - Processing file /opt/airflow/dags/dag_backup_catchfill.py for tasks to queue
[2024-05-03T18:22:22.795+0000] {logging_mixin.py:188} INFO - [2024-05-03T18:22:22.794+0000] {dagbag.py:540} INFO - Filling up the DagBag from /opt/airflow/dags/dag_backup_catchfill.py
[2024-05-03T18:22:22.804+0000] {processor.py:840} INFO - DAG(s) 'dag_backup_catchfillv2' retrieved from /opt/airflow/dags/dag_backup_catchfill.py
[2024-05-03T18:22:22.867+0000] {logging_mixin.py:188} INFO - [2024-05-03T18:22:22.866+0000] {override.py:1829} INFO - Created Permission View: can read on DAG:dag_backup_catchfillv2
[2024-05-03T18:22:22.870+0000] {logging_mixin.py:188} INFO - [2024-05-03T18:22:22.870+0000] {override.py:1829} INFO - Created Permission View: can edit on DAG:dag_backup_catchfillv2
[2024-05-03T18:22:22.873+0000] {logging_mixin.py:188} INFO - [2024-05-03T18:22:22.872+0000] {override.py:1829} INFO - Created Permission View: can delete on DAG:dag_backup_catchfillv2
[2024-05-03T18:22:22.873+0000] {logging_mixin.py:188} INFO - [2024-05-03T18:22:22.873+0000] {dag.py:3096} INFO - Sync 1 DAGs
[2024-05-03T18:22:22.877+0000] {logging_mixin.py:188} INFO - [2024-05-03T18:22:22.877+0000] {dag.py:3118} INFO - Creating ORM DAG for dag_backup_catchfillv2
[2024-05-03T18:22:22.882+0000] {logging_mixin.py:188} INFO - [2024-05-03T18:22:22.882+0000] {dag.py:3954} INFO - Setting next_dagrun for dag_backup_catchfillv2 to 2024-05-02 00:00:00+00:00, run_after=2024-05-03 00:00:00+00:00
[2024-05-03T18:22:22.888+0000] {processor.py:183} INFO - Processing /opt/airflow/dags/dag_backup_catchfill.py took 0.099 seconds
[2024-05-03T18:22:53.352+0000] {processor.py:161} INFO - Started process (PID=1939) to work on /opt/airflow/dags/dag_backup_catchfill.py
[2024-05-03T18:22:53.353+0000] {processor.py:830} INFO - Processing file /opt/airflow/dags/dag_backup_catchfill.py for tasks to queue
[2024-05-03T18:22:53.353+0000] {logging_mixin.py:188} INFO - [2024-05-03T18:22:53.353+0000] {dagbag.py:540} INFO - Filling up the DagBag from /opt/airflow/dags/dag_backup_catchfill.py
[2024-05-03T18:22:53.362+0000] {processor.py:840} INFO - DAG(s) 'dag_backup_catchfillv2' retrieved from /opt/airflow/dags/dag_backup_catchfill.py
[2024-05-03T18:22:53.380+0000] {logging_mixin.py:188} INFO - [2024-05-03T18:22:53.380+0000] {dag.py:3096} INFO - Sync 1 DAGs
[2024-05-03T18:22:53.395+0000] {logging_mixin.py:188} INFO - [2024-05-03T18:22:53.394+0000] {dag.py:3954} INFO - Setting next_dagrun for dag_backup_catchfillv2 to 2024-05-03 00:00:00+00:00, run_after=2024-05-04 00:00:00+00:00
[2024-05-03T18:22:53.404+0000] {processor.py:183} INFO - Processing /opt/airflow/dags/dag_backup_catchfill.py took 0.056 seconds
[2024-05-03T18:23:23.900+0000] {processor.py:161} INFO - Started process (PID=1965) to work on /opt/airflow/dags/dag_backup_catchfill.py
[2024-05-03T18:23:23.902+0000] {processor.py:830} INFO - Processing file /opt/airflow/dags/dag_backup_catchfill.py for tasks to queue
[2024-05-03T18:23:23.903+0000] {logging_mixin.py:188} INFO - [2024-05-03T18:23:23.902+0000] {dagbag.py:540} INFO - Filling up the DagBag from /opt/airflow/dags/dag_backup_catchfill.py
[2024-05-03T18:23:23.916+0000] {processor.py:840} INFO - DAG(s) 'dag_backup_catchfillv2' retrieved from /opt/airflow/dags/dag_backup_catchfill.py
[2024-05-03T18:23:23.941+0000] {logging_mixin.py:188} INFO - [2024-05-03T18:23:23.940+0000] {dag.py:3096} INFO - Sync 1 DAGs
[2024-05-03T18:23:23.952+0000] {logging_mixin.py:188} INFO - [2024-05-03T18:23:23.952+0000] {dag.py:3954} INFO - Setting next_dagrun for dag_backup_catchfillv2 to 2024-05-03 00:00:00+00:00, run_after=2024-05-04 00:00:00+00:00
[2024-05-03T18:23:23.961+0000] {processor.py:183} INFO - Processing /opt/airflow/dags/dag_backup_catchfill.py took 0.068 seconds
[2024-05-03T18:23:54.445+0000] {processor.py:161} INFO - Started process (PID=1998) to work on /opt/airflow/dags/dag_backup_catchfill.py
[2024-05-03T18:23:54.446+0000] {processor.py:830} INFO - Processing file /opt/airflow/dags/dag_backup_catchfill.py for tasks to queue
[2024-05-03T18:23:54.448+0000] {logging_mixin.py:188} INFO - [2024-05-03T18:23:54.447+0000] {dagbag.py:540} INFO - Filling up the DagBag from /opt/airflow/dags/dag_backup_catchfill.py
[2024-05-03T18:23:54.462+0000] {processor.py:840} INFO - DAG(s) 'dag_backup_catchfillv2' retrieved from /opt/airflow/dags/dag_backup_catchfill.py
[2024-05-03T18:23:54.485+0000] {logging_mixin.py:188} INFO - [2024-05-03T18:23:54.485+0000] {dag.py:3096} INFO - Sync 1 DAGs
[2024-05-03T18:23:54.498+0000] {logging_mixin.py:188} INFO - [2024-05-03T18:23:54.498+0000] {dag.py:3954} INFO - Setting next_dagrun for dag_backup_catchfillv2 to 2024-05-03 00:00:00+00:00, run_after=2024-05-04 00:00:00+00:00
[2024-05-03T18:23:54.506+0000] {processor.py:183} INFO - Processing /opt/airflow/dags/dag_backup_catchfill.py took 0.068 seconds
[2024-05-03T18:24:25.017+0000] {processor.py:161} INFO - Started process (PID=2025) to work on /opt/airflow/dags/dag_backup_catchfill.py
[2024-05-03T18:24:25.018+0000] {processor.py:830} INFO - Processing file /opt/airflow/dags/dag_backup_catchfill.py for tasks to queue
[2024-05-03T18:24:25.019+0000] {logging_mixin.py:188} INFO - [2024-05-03T18:24:25.018+0000] {dagbag.py:540} INFO - Filling up the DagBag from /opt/airflow/dags/dag_backup_catchfill.py
[2024-05-03T18:24:25.029+0000] {processor.py:840} INFO - DAG(s) 'dag_backup_catchfillv2' retrieved from /opt/airflow/dags/dag_backup_catchfill.py
[2024-05-03T18:24:25.048+0000] {logging_mixin.py:188} INFO - [2024-05-03T18:24:25.048+0000] {dag.py:3096} INFO - Sync 1 DAGs
[2024-05-03T18:24:25.062+0000] {logging_mixin.py:188} INFO - [2024-05-03T18:24:25.062+0000] {dag.py:3954} INFO - Setting next_dagrun for dag_backup_catchfillv2 to 2024-05-03 00:00:00+00:00, run_after=2024-05-04 00:00:00+00:00
[2024-05-03T18:24:25.071+0000] {processor.py:183} INFO - Processing /opt/airflow/dags/dag_backup_catchfill.py took 0.061 seconds
[2024-05-03T18:24:55.511+0000] {processor.py:161} INFO - Started process (PID=2051) to work on /opt/airflow/dags/dag_backup_catchfill.py
[2024-05-03T18:24:55.512+0000] {processor.py:830} INFO - Processing file /opt/airflow/dags/dag_backup_catchfill.py for tasks to queue
[2024-05-03T18:24:55.513+0000] {logging_mixin.py:188} INFO - [2024-05-03T18:24:55.513+0000] {dagbag.py:540} INFO - Filling up the DagBag from /opt/airflow/dags/dag_backup_catchfill.py
[2024-05-03T18:24:55.527+0000] {processor.py:840} INFO - DAG(s) 'dag_backup_catchfillv2' retrieved from /opt/airflow/dags/dag_backup_catchfill.py
[2024-05-03T18:24:55.549+0000] {logging_mixin.py:188} INFO - [2024-05-03T18:24:55.549+0000] {dag.py:3096} INFO - Sync 1 DAGs
[2024-05-03T18:24:55.560+0000] {logging_mixin.py:188} INFO - [2024-05-03T18:24:55.560+0000] {dag.py:3954} INFO - Setting next_dagrun for dag_backup_catchfillv2 to 2024-05-03 00:00:00+00:00, run_after=2024-05-04 00:00:00+00:00
[2024-05-03T18:24:55.569+0000] {processor.py:183} INFO - Processing /opt/airflow/dags/dag_backup_catchfill.py took 0.065 seconds
[2024-05-03T18:25:25.935+0000] {processor.py:161} INFO - Started process (PID=2291) to work on /opt/airflow/dags/dag_backup_catchfill.py
[2024-05-03T18:25:25.936+0000] {processor.py:830} INFO - Processing file /opt/airflow/dags/dag_backup_catchfill.py for tasks to queue
[2024-05-03T18:25:25.938+0000] {logging_mixin.py:188} INFO - [2024-05-03T18:25:25.937+0000] {dagbag.py:540} INFO - Filling up the DagBag from /opt/airflow/dags/dag_backup_catchfill.py
[2024-05-03T18:25:25.951+0000] {processor.py:840} INFO - DAG(s) 'dag_backup_catchfillv2' retrieved from /opt/airflow/dags/dag_backup_catchfill.py
[2024-05-03T18:25:25.977+0000] {logging_mixin.py:188} INFO - [2024-05-03T18:25:25.977+0000] {dag.py:3096} INFO - Sync 1 DAGs
[2024-05-03T18:25:25.991+0000] {logging_mixin.py:188} INFO - [2024-05-03T18:25:25.991+0000] {dag.py:3954} INFO - Setting next_dagrun for dag_backup_catchfillv2 to 2024-05-04 00:00:00+00:00, run_after=2024-05-05 00:00:00+00:00
[2024-05-03T18:25:26.000+0000] {processor.py:183} INFO - Processing /opt/airflow/dags/dag_backup_catchfill.py took 0.074 seconds
[2024-05-03T18:25:56.475+0000] {processor.py:161} INFO - Started process (PID=2317) to work on /opt/airflow/dags/dag_backup_catchfill.py
[2024-05-03T18:25:56.476+0000] {processor.py:830} INFO - Processing file /opt/airflow/dags/dag_backup_catchfill.py for tasks to queue
[2024-05-03T18:25:56.478+0000] {logging_mixin.py:188} INFO - [2024-05-03T18:25:56.477+0000] {dagbag.py:540} INFO - Filling up the DagBag from /opt/airflow/dags/dag_backup_catchfill.py
[2024-05-03T18:25:56.488+0000] {processor.py:840} INFO - DAG(s) 'dag_backup_catchfillv2' retrieved from /opt/airflow/dags/dag_backup_catchfill.py
[2024-05-03T18:25:56.510+0000] {logging_mixin.py:188} INFO - [2024-05-03T18:25:56.510+0000] {dag.py:3096} INFO - Sync 1 DAGs
[2024-05-03T18:25:56.525+0000] {logging_mixin.py:188} INFO - [2024-05-03T18:25:56.524+0000] {dag.py:3954} INFO - Setting next_dagrun for dag_backup_catchfillv2 to 2024-05-04 00:00:00+00:00, run_after=2024-05-05 00:00:00+00:00
[2024-05-03T18:25:56.535+0000] {processor.py:183} INFO - Processing /opt/airflow/dags/dag_backup_catchfill.py took 0.067 seconds
[2024-05-03T18:26:26.961+0000] {processor.py:161} INFO - Started process (PID=2343) to work on /opt/airflow/dags/dag_backup_catchfill.py
[2024-05-03T18:26:26.962+0000] {processor.py:830} INFO - Processing file /opt/airflow/dags/dag_backup_catchfill.py for tasks to queue
[2024-05-03T18:26:26.963+0000] {logging_mixin.py:188} INFO - [2024-05-03T18:26:26.963+0000] {dagbag.py:540} INFO - Filling up the DagBag from /opt/airflow/dags/dag_backup_catchfill.py
[2024-05-03T18:26:26.976+0000] {processor.py:840} INFO - DAG(s) 'dag_backup_catchfillv2' retrieved from /opt/airflow/dags/dag_backup_catchfill.py
[2024-05-03T18:26:26.999+0000] {logging_mixin.py:188} INFO - [2024-05-03T18:26:26.999+0000] {dag.py:3096} INFO - Sync 1 DAGs
[2024-05-03T18:26:27.010+0000] {logging_mixin.py:188} INFO - [2024-05-03T18:26:27.010+0000] {dag.py:3954} INFO - Setting next_dagrun for dag_backup_catchfillv2 to 2024-05-04 00:00:00+00:00, run_after=2024-05-05 00:00:00+00:00
[2024-05-03T18:26:27.018+0000] {processor.py:183} INFO - Processing /opt/airflow/dags/dag_backup_catchfill.py took 0.064 seconds
[2024-05-03T18:26:57.472+0000] {processor.py:161} INFO - Started process (PID=2369) to work on /opt/airflow/dags/dag_backup_catchfill.py
[2024-05-03T18:26:57.473+0000] {processor.py:830} INFO - Processing file /opt/airflow/dags/dag_backup_catchfill.py for tasks to queue
[2024-05-03T18:26:57.474+0000] {logging_mixin.py:188} INFO - [2024-05-03T18:26:57.474+0000] {dagbag.py:540} INFO - Filling up the DagBag from /opt/airflow/dags/dag_backup_catchfill.py
[2024-05-03T18:26:57.487+0000] {processor.py:840} INFO - DAG(s) 'dag_backup_catchfillv2' retrieved from /opt/airflow/dags/dag_backup_catchfill.py
[2024-05-03T18:26:57.509+0000] {logging_mixin.py:188} INFO - [2024-05-03T18:26:57.509+0000] {dag.py:3096} INFO - Sync 1 DAGs
[2024-05-03T18:26:57.520+0000] {logging_mixin.py:188} INFO - [2024-05-03T18:26:57.520+0000] {dag.py:3954} INFO - Setting next_dagrun for dag_backup_catchfillv2 to 2024-05-04 00:00:00+00:00, run_after=2024-05-05 00:00:00+00:00
[2024-05-03T18:26:57.528+0000] {processor.py:183} INFO - Processing /opt/airflow/dags/dag_backup_catchfill.py took 0.063 seconds
[2024-05-03T18:27:27.982+0000] {processor.py:161} INFO - Started process (PID=2394) to work on /opt/airflow/dags/dag_backup_catchfill.py
[2024-05-03T18:27:27.983+0000] {processor.py:830} INFO - Processing file /opt/airflow/dags/dag_backup_catchfill.py for tasks to queue
[2024-05-03T18:27:27.984+0000] {logging_mixin.py:188} INFO - [2024-05-03T18:27:27.984+0000] {dagbag.py:540} INFO - Filling up the DagBag from /opt/airflow/dags/dag_backup_catchfill.py
[2024-05-03T18:27:27.997+0000] {processor.py:840} INFO - DAG(s) 'dag_backup_catchfillv2' retrieved from /opt/airflow/dags/dag_backup_catchfill.py
[2024-05-03T18:27:28.021+0000] {logging_mixin.py:188} INFO - [2024-05-03T18:27:28.021+0000] {dag.py:3096} INFO - Sync 1 DAGs
[2024-05-03T18:27:28.032+0000] {logging_mixin.py:188} INFO - [2024-05-03T18:27:28.032+0000] {dag.py:3954} INFO - Setting next_dagrun for dag_backup_catchfillv2 to 2024-05-04 00:00:00+00:00, run_after=2024-05-05 00:00:00+00:00
[2024-05-03T18:27:28.040+0000] {processor.py:183} INFO - Processing /opt/airflow/dags/dag_backup_catchfill.py took 0.065 seconds
[2024-05-03T18:27:58.534+0000] {processor.py:161} INFO - Started process (PID=2420) to work on /opt/airflow/dags/dag_backup_catchfill.py
[2024-05-03T18:27:58.535+0000] {processor.py:830} INFO - Processing file /opt/airflow/dags/dag_backup_catchfill.py for tasks to queue
[2024-05-03T18:27:58.536+0000] {logging_mixin.py:188} INFO - [2024-05-03T18:27:58.536+0000] {dagbag.py:540} INFO - Filling up the DagBag from /opt/airflow/dags/dag_backup_catchfill.py
[2024-05-03T18:27:58.550+0000] {processor.py:840} INFO - DAG(s) 'dag_backup_catchfillv2' retrieved from /opt/airflow/dags/dag_backup_catchfill.py
[2024-05-03T18:27:58.575+0000] {logging_mixin.py:188} INFO - [2024-05-03T18:27:58.574+0000] {dag.py:3096} INFO - Sync 1 DAGs
[2024-05-03T18:27:58.587+0000] {logging_mixin.py:188} INFO - [2024-05-03T18:27:58.587+0000] {dag.py:3954} INFO - Setting next_dagrun for dag_backup_catchfillv2 to 2024-05-04 00:00:00+00:00, run_after=2024-05-05 00:00:00+00:00
[2024-05-03T18:27:58.595+0000] {processor.py:183} INFO - Processing /opt/airflow/dags/dag_backup_catchfill.py took 0.068 seconds
[2024-05-03T18:28:29.064+0000] {processor.py:161} INFO - Started process (PID=2446) to work on /opt/airflow/dags/dag_backup_catchfill.py
[2024-05-03T18:28:29.066+0000] {processor.py:830} INFO - Processing file /opt/airflow/dags/dag_backup_catchfill.py for tasks to queue
[2024-05-03T18:28:29.067+0000] {logging_mixin.py:188} INFO - [2024-05-03T18:28:29.067+0000] {dagbag.py:540} INFO - Filling up the DagBag from /opt/airflow/dags/dag_backup_catchfill.py
[2024-05-03T18:28:29.080+0000] {processor.py:840} INFO - DAG(s) 'dag_backup_catchfillv2' retrieved from /opt/airflow/dags/dag_backup_catchfill.py
[2024-05-03T18:28:29.103+0000] {logging_mixin.py:188} INFO - [2024-05-03T18:28:29.103+0000] {dag.py:3096} INFO - Sync 1 DAGs
[2024-05-03T18:28:29.115+0000] {logging_mixin.py:188} INFO - [2024-05-03T18:28:29.115+0000] {dag.py:3954} INFO - Setting next_dagrun for dag_backup_catchfillv2 to 2024-05-04 00:00:00+00:00, run_after=2024-05-05 00:00:00+00:00
[2024-05-03T18:28:29.122+0000] {processor.py:183} INFO - Processing /opt/airflow/dags/dag_backup_catchfill.py took 0.065 seconds
[2024-05-03T18:28:59.594+0000] {processor.py:161} INFO - Started process (PID=2472) to work on /opt/airflow/dags/dag_backup_catchfill.py
[2024-05-03T18:28:59.595+0000] {processor.py:830} INFO - Processing file /opt/airflow/dags/dag_backup_catchfill.py for tasks to queue
[2024-05-03T18:28:59.597+0000] {logging_mixin.py:188} INFO - [2024-05-03T18:28:59.596+0000] {dagbag.py:540} INFO - Filling up the DagBag from /opt/airflow/dags/dag_backup_catchfill.py
[2024-05-03T18:28:59.611+0000] {processor.py:840} INFO - DAG(s) 'dag_backup_catchfillv2' retrieved from /opt/airflow/dags/dag_backup_catchfill.py
[2024-05-03T18:28:59.634+0000] {logging_mixin.py:188} INFO - [2024-05-03T18:28:59.634+0000] {dag.py:3096} INFO - Sync 1 DAGs
[2024-05-03T18:28:59.645+0000] {logging_mixin.py:188} INFO - [2024-05-03T18:28:59.645+0000] {dag.py:3954} INFO - Setting next_dagrun for dag_backup_catchfillv2 to 2024-05-04 00:00:00+00:00, run_after=2024-05-05 00:00:00+00:00
[2024-05-03T18:28:59.653+0000] {processor.py:183} INFO - Processing /opt/airflow/dags/dag_backup_catchfill.py took 0.067 seconds
[2024-05-03T18:29:30.097+0000] {processor.py:161} INFO - Started process (PID=2497) to work on /opt/airflow/dags/dag_backup_catchfill.py
[2024-05-03T18:29:30.099+0000] {processor.py:830} INFO - Processing file /opt/airflow/dags/dag_backup_catchfill.py for tasks to queue
[2024-05-03T18:29:30.100+0000] {logging_mixin.py:188} INFO - [2024-05-03T18:29:30.099+0000] {dagbag.py:540} INFO - Filling up the DagBag from /opt/airflow/dags/dag_backup_catchfill.py
[2024-05-03T18:29:30.113+0000] {processor.py:840} INFO - DAG(s) 'dag_backup_catchfillv2' retrieved from /opt/airflow/dags/dag_backup_catchfill.py
[2024-05-03T18:29:30.137+0000] {logging_mixin.py:188} INFO - [2024-05-03T18:29:30.137+0000] {dag.py:3096} INFO - Sync 1 DAGs
[2024-05-03T18:29:30.149+0000] {logging_mixin.py:188} INFO - [2024-05-03T18:29:30.149+0000] {dag.py:3954} INFO - Setting next_dagrun for dag_backup_catchfillv2 to 2024-05-04 00:00:00+00:00, run_after=2024-05-05 00:00:00+00:00
[2024-05-03T18:29:30.157+0000] {processor.py:183} INFO - Processing /opt/airflow/dags/dag_backup_catchfill.py took 0.068 seconds
[2024-05-03T18:30:00.599+0000] {processor.py:161} INFO - Started process (PID=2523) to work on /opt/airflow/dags/dag_backup_catchfill.py
[2024-05-03T18:30:00.600+0000] {processor.py:830} INFO - Processing file /opt/airflow/dags/dag_backup_catchfill.py for tasks to queue
[2024-05-03T18:30:00.601+0000] {logging_mixin.py:188} INFO - [2024-05-03T18:30:00.601+0000] {dagbag.py:540} INFO - Filling up the DagBag from /opt/airflow/dags/dag_backup_catchfill.py
[2024-05-03T18:30:00.615+0000] {processor.py:840} INFO - DAG(s) 'dag_backup_catchfillv2' retrieved from /opt/airflow/dags/dag_backup_catchfill.py
[2024-05-03T18:30:00.639+0000] {logging_mixin.py:188} INFO - [2024-05-03T18:30:00.639+0000] {dag.py:3096} INFO - Sync 1 DAGs
[2024-05-03T18:30:00.650+0000] {logging_mixin.py:188} INFO - [2024-05-03T18:30:00.650+0000] {dag.py:3954} INFO - Setting next_dagrun for dag_backup_catchfillv2 to 2024-05-04 00:00:00+00:00, run_after=2024-05-05 00:00:00+00:00
[2024-05-03T18:30:00.658+0000] {processor.py:183} INFO - Processing /opt/airflow/dags/dag_backup_catchfill.py took 0.066 seconds
[2024-05-03T18:32:32.831+0000] {processor.py:161} INFO - Started process (PID=2544) to work on /opt/airflow/dags/dag_backup_catchfill.py
[2024-05-03T18:32:32.832+0000] {processor.py:830} INFO - Processing file /opt/airflow/dags/dag_backup_catchfill.py for tasks to queue
[2024-05-03T18:32:32.833+0000] {logging_mixin.py:188} INFO - [2024-05-03T18:32:32.833+0000] {dagbag.py:540} INFO - Filling up the DagBag from /opt/airflow/dags/dag_backup_catchfill.py
[2024-05-03T18:32:32.847+0000] {processor.py:840} INFO - DAG(s) 'dag_backup_catchfillv2' retrieved from /opt/airflow/dags/dag_backup_catchfill.py
[2024-05-03T18:32:32.886+0000] {logging_mixin.py:188} INFO - [2024-05-03T18:32:32.884+0000] {dag.py:3096} INFO - Sync 1 DAGs
[2024-05-03T18:32:32.936+0000] {logging_mixin.py:188} INFO - [2024-05-03T18:32:32.936+0000] {dag.py:3954} INFO - Setting next_dagrun for dag_backup_catchfillv2 to 2024-05-04 00:00:00+00:00, run_after=2024-05-05 00:00:00+00:00
[2024-05-03T18:32:32.965+0000] {processor.py:183} INFO - Processing /opt/airflow/dags/dag_backup_catchfill.py took 0.145 seconds
[2024-05-03T18:33:03.543+0000] {processor.py:161} INFO - Started process (PID=2571) to work on /opt/airflow/dags/dag_backup_catchfill.py
[2024-05-03T18:33:03.545+0000] {processor.py:830} INFO - Processing file /opt/airflow/dags/dag_backup_catchfill.py for tasks to queue
[2024-05-03T18:33:03.546+0000] {logging_mixin.py:188} INFO - [2024-05-03T18:33:03.546+0000] {dagbag.py:540} INFO - Filling up the DagBag from /opt/airflow/dags/dag_backup_catchfill.py
[2024-05-03T18:33:03.562+0000] {processor.py:840} INFO - DAG(s) 'dag_backup_catchfillv2' retrieved from /opt/airflow/dags/dag_backup_catchfill.py
[2024-05-03T18:33:03.579+0000] {logging_mixin.py:188} INFO - [2024-05-03T18:33:03.579+0000] {dag.py:3096} INFO - Sync 1 DAGs
[2024-05-03T18:33:03.592+0000] {logging_mixin.py:188} INFO - [2024-05-03T18:33:03.592+0000] {dag.py:3954} INFO - Setting next_dagrun for dag_backup_catchfillv2 to 2024-05-04 00:00:00+00:00, run_after=2024-05-05 00:00:00+00:00
[2024-05-03T18:33:03.600+0000] {processor.py:183} INFO - Processing /opt/airflow/dags/dag_backup_catchfill.py took 0.066 seconds
[2024-05-03T18:33:34.063+0000] {processor.py:161} INFO - Started process (PID=2597) to work on /opt/airflow/dags/dag_backup_catchfill.py
[2024-05-03T18:33:34.064+0000] {processor.py:830} INFO - Processing file /opt/airflow/dags/dag_backup_catchfill.py for tasks to queue
[2024-05-03T18:33:34.065+0000] {logging_mixin.py:188} INFO - [2024-05-03T18:33:34.065+0000] {dagbag.py:540} INFO - Filling up the DagBag from /opt/airflow/dags/dag_backup_catchfill.py
[2024-05-03T18:33:34.076+0000] {processor.py:840} INFO - DAG(s) 'dag_backup_catchfillv2' retrieved from /opt/airflow/dags/dag_backup_catchfill.py
[2024-05-03T18:33:34.094+0000] {logging_mixin.py:188} INFO - [2024-05-03T18:33:34.094+0000] {dag.py:3096} INFO - Sync 1 DAGs
[2024-05-03T18:33:34.108+0000] {logging_mixin.py:188} INFO - [2024-05-03T18:33:34.108+0000] {dag.py:3954} INFO - Setting next_dagrun for dag_backup_catchfillv2 to 2024-05-04 00:00:00+00:00, run_after=2024-05-05 00:00:00+00:00
[2024-05-03T18:33:34.117+0000] {processor.py:183} INFO - Processing /opt/airflow/dags/dag_backup_catchfill.py took 0.063 seconds
[2024-05-03T18:34:04.635+0000] {processor.py:161} INFO - Started process (PID=2622) to work on /opt/airflow/dags/dag_backup_catchfill.py
[2024-05-03T18:34:04.637+0000] {processor.py:830} INFO - Processing file /opt/airflow/dags/dag_backup_catchfill.py for tasks to queue
[2024-05-03T18:34:04.638+0000] {logging_mixin.py:188} INFO - [2024-05-03T18:34:04.637+0000] {dagbag.py:540} INFO - Filling up the DagBag from /opt/airflow/dags/dag_backup_catchfill.py
[2024-05-03T18:34:04.653+0000] {processor.py:840} INFO - DAG(s) 'dag_backup_catchfillv2' retrieved from /opt/airflow/dags/dag_backup_catchfill.py
[2024-05-03T18:34:04.670+0000] {logging_mixin.py:188} INFO - [2024-05-03T18:34:04.670+0000] {dag.py:3096} INFO - Sync 1 DAGs
[2024-05-03T18:34:04.682+0000] {logging_mixin.py:188} INFO - [2024-05-03T18:34:04.682+0000] {dag.py:3954} INFO - Setting next_dagrun for dag_backup_catchfillv2 to 2024-05-04 00:00:00+00:00, run_after=2024-05-05 00:00:00+00:00
[2024-05-03T18:34:04.691+0000] {processor.py:183} INFO - Processing /opt/airflow/dags/dag_backup_catchfill.py took 0.064 seconds
[2024-05-03T18:34:35.192+0000] {processor.py:161} INFO - Started process (PID=2648) to work on /opt/airflow/dags/dag_backup_catchfill.py
[2024-05-03T18:34:35.194+0000] {processor.py:830} INFO - Processing file /opt/airflow/dags/dag_backup_catchfill.py for tasks to queue
[2024-05-03T18:34:35.195+0000] {logging_mixin.py:188} INFO - [2024-05-03T18:34:35.194+0000] {dagbag.py:540} INFO - Filling up the DagBag from /opt/airflow/dags/dag_backup_catchfill.py
[2024-05-03T18:34:35.209+0000] {processor.py:840} INFO - DAG(s) 'dag_backup_catchfillv2' retrieved from /opt/airflow/dags/dag_backup_catchfill.py
[2024-05-03T18:34:35.227+0000] {logging_mixin.py:188} INFO - [2024-05-03T18:34:35.227+0000] {dag.py:3096} INFO - Sync 1 DAGs
[2024-05-03T18:34:35.240+0000] {logging_mixin.py:188} INFO - [2024-05-03T18:34:35.240+0000] {dag.py:3954} INFO - Setting next_dagrun for dag_backup_catchfillv2 to 2024-05-04 00:00:00+00:00, run_after=2024-05-05 00:00:00+00:00
[2024-05-03T18:34:35.248+0000] {processor.py:183} INFO - Processing /opt/airflow/dags/dag_backup_catchfill.py took 0.064 seconds
[2024-05-03T18:35:27.275+0000] {processor.py:161} INFO - Started process (PID=2674) to work on /opt/airflow/dags/dag_backup_catchfill.py
[2024-05-03T18:35:27.277+0000] {processor.py:830} INFO - Processing file /opt/airflow/dags/dag_backup_catchfill.py for tasks to queue
[2024-05-03T18:35:27.278+0000] {logging_mixin.py:188} INFO - [2024-05-03T18:35:27.278+0000] {dagbag.py:540} INFO - Filling up the DagBag from /opt/airflow/dags/dag_backup_catchfill.py
[2024-05-03T18:35:27.294+0000] {processor.py:840} INFO - DAG(s) 'dag_backup_catchfillv2' retrieved from /opt/airflow/dags/dag_backup_catchfill.py
[2024-05-03T18:35:27.314+0000] {logging_mixin.py:188} INFO - [2024-05-03T18:35:27.314+0000] {dag.py:3096} INFO - Sync 1 DAGs
[2024-05-03T18:35:27.329+0000] {logging_mixin.py:188} INFO - [2024-05-03T18:35:27.329+0000] {dag.py:3954} INFO - Setting next_dagrun for dag_backup_catchfillv2 to 2024-05-04 00:00:00+00:00, run_after=2024-05-05 00:00:00+00:00
[2024-05-03T18:35:27.340+0000] {processor.py:183} INFO - Processing /opt/airflow/dags/dag_backup_catchfill.py took 0.077 seconds
[2024-05-03T18:35:57.738+0000] {processor.py:161} INFO - Started process (PID=2700) to work on /opt/airflow/dags/dag_backup_catchfill.py
[2024-05-03T18:35:57.739+0000] {processor.py:830} INFO - Processing file /opt/airflow/dags/dag_backup_catchfill.py for tasks to queue
[2024-05-03T18:35:57.740+0000] {logging_mixin.py:188} INFO - [2024-05-03T18:35:57.740+0000] {dagbag.py:540} INFO - Filling up the DagBag from /opt/airflow/dags/dag_backup_catchfill.py
[2024-05-03T18:35:57.751+0000] {processor.py:840} INFO - DAG(s) 'dag_backup_catchfillv2' retrieved from /opt/airflow/dags/dag_backup_catchfill.py
[2024-05-03T18:35:57.768+0000] {logging_mixin.py:188} INFO - [2024-05-03T18:35:57.768+0000] {dag.py:3096} INFO - Sync 1 DAGs
[2024-05-03T18:35:57.780+0000] {logging_mixin.py:188} INFO - [2024-05-03T18:35:57.779+0000] {dag.py:3954} INFO - Setting next_dagrun for dag_backup_catchfillv2 to 2024-05-04 00:00:00+00:00, run_after=2024-05-05 00:00:00+00:00
[2024-05-03T18:35:57.789+0000] {processor.py:183} INFO - Processing /opt/airflow/dags/dag_backup_catchfill.py took 0.058 seconds
[2024-05-03T18:36:28.169+0000] {processor.py:161} INFO - Started process (PID=2726) to work on /opt/airflow/dags/dag_backup_catchfill.py
[2024-05-03T18:36:28.171+0000] {processor.py:830} INFO - Processing file /opt/airflow/dags/dag_backup_catchfill.py for tasks to queue
[2024-05-03T18:36:28.172+0000] {logging_mixin.py:188} INFO - [2024-05-03T18:36:28.171+0000] {dagbag.py:540} INFO - Filling up the DagBag from /opt/airflow/dags/dag_backup_catchfill.py
[2024-05-03T18:36:28.183+0000] {processor.py:840} INFO - DAG(s) 'dag_backup_catchfillv2' retrieved from /opt/airflow/dags/dag_backup_catchfill.py
[2024-05-03T18:36:28.201+0000] {logging_mixin.py:188} INFO - [2024-05-03T18:36:28.201+0000] {dag.py:3096} INFO - Sync 1 DAGs
[2024-05-03T18:36:28.213+0000] {logging_mixin.py:188} INFO - [2024-05-03T18:36:28.213+0000] {dag.py:3954} INFO - Setting next_dagrun for dag_backup_catchfillv2 to 2024-05-04 00:00:00+00:00, run_after=2024-05-05 00:00:00+00:00
[2024-05-03T18:36:28.222+0000] {processor.py:183} INFO - Processing /opt/airflow/dags/dag_backup_catchfill.py took 0.060 seconds
[2024-05-03T18:36:58.691+0000] {processor.py:161} INFO - Started process (PID=2752) to work on /opt/airflow/dags/dag_backup_catchfill.py
[2024-05-03T18:36:58.692+0000] {processor.py:830} INFO - Processing file /opt/airflow/dags/dag_backup_catchfill.py for tasks to queue
[2024-05-03T18:36:58.692+0000] {logging_mixin.py:188} INFO - [2024-05-03T18:36:58.692+0000] {dagbag.py:540} INFO - Filling up the DagBag from /opt/airflow/dags/dag_backup_catchfill.py
[2024-05-03T18:36:58.701+0000] {processor.py:840} INFO - DAG(s) 'dag_backup_catchfillv2' retrieved from /opt/airflow/dags/dag_backup_catchfill.py
[2024-05-03T18:36:58.720+0000] {logging_mixin.py:188} INFO - [2024-05-03T18:36:58.720+0000] {dag.py:3096} INFO - Sync 1 DAGs
[2024-05-03T18:36:58.734+0000] {logging_mixin.py:188} INFO - [2024-05-03T18:36:58.734+0000] {dag.py:3954} INFO - Setting next_dagrun for dag_backup_catchfillv2 to 2024-05-04 00:00:00+00:00, run_after=2024-05-05 00:00:00+00:00
[2024-05-03T18:36:58.746+0000] {processor.py:183} INFO - Processing /opt/airflow/dags/dag_backup_catchfill.py took 0.060 seconds
[2024-05-03T18:37:29.229+0000] {processor.py:161} INFO - Started process (PID=2778) to work on /opt/airflow/dags/dag_backup_catchfill.py
[2024-05-03T18:37:29.230+0000] {processor.py:830} INFO - Processing file /opt/airflow/dags/dag_backup_catchfill.py for tasks to queue
[2024-05-03T18:37:29.231+0000] {logging_mixin.py:188} INFO - [2024-05-03T18:37:29.231+0000] {dagbag.py:540} INFO - Filling up the DagBag from /opt/airflow/dags/dag_backup_catchfill.py
[2024-05-03T18:37:29.246+0000] {processor.py:840} INFO - DAG(s) 'dag_backup_catchfillv2' retrieved from /opt/airflow/dags/dag_backup_catchfill.py
[2024-05-03T18:37:29.264+0000] {logging_mixin.py:188} INFO - [2024-05-03T18:37:29.264+0000] {dag.py:3096} INFO - Sync 1 DAGs
[2024-05-03T18:37:29.276+0000] {logging_mixin.py:188} INFO - [2024-05-03T18:37:29.276+0000] {dag.py:3954} INFO - Setting next_dagrun for dag_backup_catchfillv2 to 2024-05-04 00:00:00+00:00, run_after=2024-05-05 00:00:00+00:00
[2024-05-03T18:37:29.285+0000] {processor.py:183} INFO - Processing /opt/airflow/dags/dag_backup_catchfill.py took 0.065 seconds
[2024-05-03T18:37:59.687+0000] {processor.py:161} INFO - Started process (PID=2804) to work on /opt/airflow/dags/dag_backup_catchfill.py
[2024-05-03T18:37:59.689+0000] {processor.py:830} INFO - Processing file /opt/airflow/dags/dag_backup_catchfill.py for tasks to queue
[2024-05-03T18:37:59.690+0000] {logging_mixin.py:188} INFO - [2024-05-03T18:37:59.689+0000] {dagbag.py:540} INFO - Filling up the DagBag from /opt/airflow/dags/dag_backup_catchfill.py
[2024-05-03T18:37:59.704+0000] {processor.py:840} INFO - DAG(s) 'dag_backup_catchfillv2' retrieved from /opt/airflow/dags/dag_backup_catchfill.py
[2024-05-03T18:37:59.720+0000] {logging_mixin.py:188} INFO - [2024-05-03T18:37:59.720+0000] {dag.py:3096} INFO - Sync 1 DAGs
[2024-05-03T18:37:59.734+0000] {logging_mixin.py:188} INFO - [2024-05-03T18:37:59.733+0000] {dag.py:3954} INFO - Setting next_dagrun for dag_backup_catchfillv2 to 2024-05-04 00:00:00+00:00, run_after=2024-05-05 00:00:00+00:00
[2024-05-03T18:37:59.742+0000] {processor.py:183} INFO - Processing /opt/airflow/dags/dag_backup_catchfill.py took 0.062 seconds
[2024-05-03T18:38:30.218+0000] {processor.py:161} INFO - Started process (PID=2830) to work on /opt/airflow/dags/dag_backup_catchfill.py
[2024-05-03T18:38:30.220+0000] {processor.py:830} INFO - Processing file /opt/airflow/dags/dag_backup_catchfill.py for tasks to queue
[2024-05-03T18:38:30.221+0000] {logging_mixin.py:188} INFO - [2024-05-03T18:38:30.221+0000] {dagbag.py:540} INFO - Filling up the DagBag from /opt/airflow/dags/dag_backup_catchfill.py
[2024-05-03T18:38:30.236+0000] {processor.py:840} INFO - DAG(s) 'dag_backup_catchfillv2' retrieved from /opt/airflow/dags/dag_backup_catchfill.py
[2024-05-03T18:38:30.253+0000] {logging_mixin.py:188} INFO - [2024-05-03T18:38:30.253+0000] {dag.py:3096} INFO - Sync 1 DAGs
[2024-05-03T18:38:30.265+0000] {logging_mixin.py:188} INFO - [2024-05-03T18:38:30.265+0000] {dag.py:3954} INFO - Setting next_dagrun for dag_backup_catchfillv2 to 2024-05-04 00:00:00+00:00, run_after=2024-05-05 00:00:00+00:00
[2024-05-03T18:38:30.273+0000] {processor.py:183} INFO - Processing /opt/airflow/dags/dag_backup_catchfill.py took 0.062 seconds
[2024-05-03T18:39:00.728+0000] {processor.py:161} INFO - Started process (PID=2856) to work on /opt/airflow/dags/dag_backup_catchfill.py
[2024-05-03T18:39:00.729+0000] {processor.py:830} INFO - Processing file /opt/airflow/dags/dag_backup_catchfill.py for tasks to queue
[2024-05-03T18:39:00.730+0000] {logging_mixin.py:188} INFO - [2024-05-03T18:39:00.730+0000] {dagbag.py:540} INFO - Filling up the DagBag from /opt/airflow/dags/dag_backup_catchfill.py
[2024-05-03T18:39:00.745+0000] {processor.py:840} INFO - DAG(s) 'dag_backup_catchfillv2' retrieved from /opt/airflow/dags/dag_backup_catchfill.py
[2024-05-03T18:39:00.762+0000] {logging_mixin.py:188} INFO - [2024-05-03T18:39:00.762+0000] {dag.py:3096} INFO - Sync 1 DAGs
[2024-05-03T18:39:00.776+0000] {logging_mixin.py:188} INFO - [2024-05-03T18:39:00.776+0000] {dag.py:3954} INFO - Setting next_dagrun for dag_backup_catchfillv2 to 2024-05-04 00:00:00+00:00, run_after=2024-05-05 00:00:00+00:00
[2024-05-03T18:39:00.785+0000] {processor.py:183} INFO - Processing /opt/airflow/dags/dag_backup_catchfill.py took 0.065 seconds
[2024-05-03T18:39:31.288+0000] {processor.py:161} INFO - Started process (PID=2881) to work on /opt/airflow/dags/dag_backup_catchfill.py
[2024-05-03T18:39:31.288+0000] {processor.py:830} INFO - Processing file /opt/airflow/dags/dag_backup_catchfill.py for tasks to queue
[2024-05-03T18:39:31.289+0000] {logging_mixin.py:188} INFO - [2024-05-03T18:39:31.289+0000] {dagbag.py:540} INFO - Filling up the DagBag from /opt/airflow/dags/dag_backup_catchfill.py
[2024-05-03T18:39:31.296+0000] {processor.py:840} INFO - DAG(s) 'dag_backup_catchfillv2' retrieved from /opt/airflow/dags/dag_backup_catchfill.py
[2024-05-03T18:39:31.312+0000] {logging_mixin.py:188} INFO - [2024-05-03T18:39:31.312+0000] {dag.py:3096} INFO - Sync 1 DAGs
[2024-05-03T18:39:31.324+0000] {logging_mixin.py:188} INFO - [2024-05-03T18:39:31.324+0000] {dag.py:3954} INFO - Setting next_dagrun for dag_backup_catchfillv2 to 2024-05-04 00:00:00+00:00, run_after=2024-05-05 00:00:00+00:00
[2024-05-03T18:39:31.336+0000] {processor.py:183} INFO - Processing /opt/airflow/dags/dag_backup_catchfill.py took 0.051 seconds
[2024-05-03T18:40:01.852+0000] {processor.py:161} INFO - Started process (PID=2907) to work on /opt/airflow/dags/dag_backup_catchfill.py
[2024-05-03T18:40:01.856+0000] {processor.py:830} INFO - Processing file /opt/airflow/dags/dag_backup_catchfill.py for tasks to queue
[2024-05-03T18:40:01.857+0000] {logging_mixin.py:188} INFO - [2024-05-03T18:40:01.857+0000] {dagbag.py:540} INFO - Filling up the DagBag from /opt/airflow/dags/dag_backup_catchfill.py
[2024-05-03T18:40:01.869+0000] {processor.py:840} INFO - DAG(s) 'dag_backup_catchfillv2' retrieved from /opt/airflow/dags/dag_backup_catchfill.py
[2024-05-03T18:40:01.888+0000] {logging_mixin.py:188} INFO - [2024-05-03T18:40:01.888+0000] {dag.py:3096} INFO - Sync 1 DAGs
[2024-05-03T18:40:01.900+0000] {logging_mixin.py:188} INFO - [2024-05-03T18:40:01.900+0000] {dag.py:3954} INFO - Setting next_dagrun for dag_backup_catchfillv2 to 2024-05-04 00:00:00+00:00, run_after=2024-05-05 00:00:00+00:00
[2024-05-03T18:40:01.909+0000] {processor.py:183} INFO - Processing /opt/airflow/dags/dag_backup_catchfill.py took 0.063 seconds
[2024-05-03T18:40:32.300+0000] {processor.py:161} INFO - Started process (PID=2933) to work on /opt/airflow/dags/dag_backup_catchfill.py
[2024-05-03T18:40:32.301+0000] {processor.py:830} INFO - Processing file /opt/airflow/dags/dag_backup_catchfill.py for tasks to queue
[2024-05-03T18:40:32.303+0000] {logging_mixin.py:188} INFO - [2024-05-03T18:40:32.302+0000] {dagbag.py:540} INFO - Filling up the DagBag from /opt/airflow/dags/dag_backup_catchfill.py
[2024-05-03T18:40:32.315+0000] {processor.py:840} INFO - DAG(s) 'dag_backup_catchfillv2' retrieved from /opt/airflow/dags/dag_backup_catchfill.py
[2024-05-03T18:40:32.332+0000] {logging_mixin.py:188} INFO - [2024-05-03T18:40:32.332+0000] {dag.py:3096} INFO - Sync 1 DAGs
[2024-05-03T18:40:32.343+0000] {logging_mixin.py:188} INFO - [2024-05-03T18:40:32.343+0000] {dag.py:3954} INFO - Setting next_dagrun for dag_backup_catchfillv2 to 2024-05-04 00:00:00+00:00, run_after=2024-05-05 00:00:00+00:00
[2024-05-03T18:40:32.352+0000] {processor.py:183} INFO - Processing /opt/airflow/dags/dag_backup_catchfill.py took 0.059 seconds
[2024-05-03T18:41:02.778+0000] {processor.py:161} INFO - Started process (PID=2959) to work on /opt/airflow/dags/dag_backup_catchfill.py
[2024-05-03T18:41:02.781+0000] {processor.py:830} INFO - Processing file /opt/airflow/dags/dag_backup_catchfill.py for tasks to queue
[2024-05-03T18:41:02.782+0000] {logging_mixin.py:188} INFO - [2024-05-03T18:41:02.782+0000] {dagbag.py:540} INFO - Filling up the DagBag from /opt/airflow/dags/dag_backup_catchfill.py
[2024-05-03T18:41:02.796+0000] {processor.py:840} INFO - DAG(s) 'dag_backup_catchfillv2' retrieved from /opt/airflow/dags/dag_backup_catchfill.py
[2024-05-03T18:41:02.813+0000] {logging_mixin.py:188} INFO - [2024-05-03T18:41:02.813+0000] {dag.py:3096} INFO - Sync 1 DAGs
[2024-05-03T18:41:02.826+0000] {logging_mixin.py:188} INFO - [2024-05-03T18:41:02.826+0000] {dag.py:3954} INFO - Setting next_dagrun for dag_backup_catchfillv2 to 2024-05-04 00:00:00+00:00, run_after=2024-05-05 00:00:00+00:00
[2024-05-03T18:41:02.834+0000] {processor.py:183} INFO - Processing /opt/airflow/dags/dag_backup_catchfill.py took 0.065 seconds
[2024-05-03T18:41:33.311+0000] {processor.py:161} INFO - Started process (PID=2985) to work on /opt/airflow/dags/dag_backup_catchfill.py
[2024-05-03T18:41:33.312+0000] {processor.py:830} INFO - Processing file /opt/airflow/dags/dag_backup_catchfill.py for tasks to queue
[2024-05-03T18:41:33.314+0000] {logging_mixin.py:188} INFO - [2024-05-03T18:41:33.313+0000] {dagbag.py:540} INFO - Filling up the DagBag from /opt/airflow/dags/dag_backup_catchfill.py
[2024-05-03T18:41:33.327+0000] {processor.py:840} INFO - DAG(s) 'dag_backup_catchfillv2' retrieved from /opt/airflow/dags/dag_backup_catchfill.py
[2024-05-03T18:41:33.345+0000] {logging_mixin.py:188} INFO - [2024-05-03T18:41:33.345+0000] {dag.py:3096} INFO - Sync 1 DAGs
[2024-05-03T18:41:33.357+0000] {logging_mixin.py:188} INFO - [2024-05-03T18:41:33.357+0000] {dag.py:3954} INFO - Setting next_dagrun for dag_backup_catchfillv2 to 2024-05-04 00:00:00+00:00, run_after=2024-05-05 00:00:00+00:00
[2024-05-03T18:41:33.366+0000] {processor.py:183} INFO - Processing /opt/airflow/dags/dag_backup_catchfill.py took 0.063 seconds
[2024-05-03T18:42:03.840+0000] {processor.py:161} INFO - Started process (PID=3011) to work on /opt/airflow/dags/dag_backup_catchfill.py
[2024-05-03T18:42:03.841+0000] {processor.py:830} INFO - Processing file /opt/airflow/dags/dag_backup_catchfill.py for tasks to queue
[2024-05-03T18:42:03.843+0000] {logging_mixin.py:188} INFO - [2024-05-03T18:42:03.842+0000] {dagbag.py:540} INFO - Filling up the DagBag from /opt/airflow/dags/dag_backup_catchfill.py
[2024-05-03T18:42:03.857+0000] {processor.py:840} INFO - DAG(s) 'dag_backup_catchfillv2' retrieved from /opt/airflow/dags/dag_backup_catchfill.py
[2024-05-03T18:42:03.878+0000] {logging_mixin.py:188} INFO - [2024-05-03T18:42:03.878+0000] {dag.py:3096} INFO - Sync 1 DAGs
[2024-05-03T18:42:03.890+0000] {logging_mixin.py:188} INFO - [2024-05-03T18:42:03.890+0000] {dag.py:3954} INFO - Setting next_dagrun for dag_backup_catchfillv2 to 2024-05-04 00:00:00+00:00, run_after=2024-05-05 00:00:00+00:00
[2024-05-03T18:42:03.899+0000] {processor.py:183} INFO - Processing /opt/airflow/dags/dag_backup_catchfill.py took 0.066 seconds
[2024-05-03T18:42:34.411+0000] {processor.py:161} INFO - Started process (PID=3037) to work on /opt/airflow/dags/dag_backup_catchfill.py
[2024-05-03T18:42:34.412+0000] {processor.py:830} INFO - Processing file /opt/airflow/dags/dag_backup_catchfill.py for tasks to queue
[2024-05-03T18:42:34.414+0000] {logging_mixin.py:188} INFO - [2024-05-03T18:42:34.413+0000] {dagbag.py:540} INFO - Filling up the DagBag from /opt/airflow/dags/dag_backup_catchfill.py
[2024-05-03T18:42:34.428+0000] {processor.py:840} INFO - DAG(s) 'dag_backup_catchfillv2' retrieved from /opt/airflow/dags/dag_backup_catchfill.py
[2024-05-03T18:42:34.445+0000] {logging_mixin.py:188} INFO - [2024-05-03T18:42:34.445+0000] {dag.py:3096} INFO - Sync 1 DAGs
[2024-05-03T18:42:34.457+0000] {logging_mixin.py:188} INFO - [2024-05-03T18:42:34.457+0000] {dag.py:3954} INFO - Setting next_dagrun for dag_backup_catchfillv2 to 2024-05-04 00:00:00+00:00, run_after=2024-05-05 00:00:00+00:00
[2024-05-03T18:42:34.466+0000] {processor.py:183} INFO - Processing /opt/airflow/dags/dag_backup_catchfill.py took 0.063 seconds
[2024-05-03T18:43:04.886+0000] {processor.py:161} INFO - Started process (PID=3063) to work on /opt/airflow/dags/dag_backup_catchfill.py
[2024-05-03T18:43:04.888+0000] {processor.py:830} INFO - Processing file /opt/airflow/dags/dag_backup_catchfill.py for tasks to queue
[2024-05-03T18:43:04.889+0000] {logging_mixin.py:188} INFO - [2024-05-03T18:43:04.889+0000] {dagbag.py:540} INFO - Filling up the DagBag from /opt/airflow/dags/dag_backup_catchfill.py
[2024-05-03T18:43:04.905+0000] {processor.py:840} INFO - DAG(s) 'dag_backup_catchfillv2' retrieved from /opt/airflow/dags/dag_backup_catchfill.py
[2024-05-03T18:43:04.923+0000] {logging_mixin.py:188} INFO - [2024-05-03T18:43:04.923+0000] {dag.py:3096} INFO - Sync 1 DAGs
[2024-05-03T18:43:04.937+0000] {logging_mixin.py:188} INFO - [2024-05-03T18:43:04.936+0000] {dag.py:3954} INFO - Setting next_dagrun for dag_backup_catchfillv2 to 2024-05-04 00:00:00+00:00, run_after=2024-05-05 00:00:00+00:00
[2024-05-03T18:43:04.946+0000] {processor.py:183} INFO - Processing /opt/airflow/dags/dag_backup_catchfill.py took 0.069 seconds
[2024-05-03T18:43:35.409+0000] {processor.py:161} INFO - Started process (PID=3089) to work on /opt/airflow/dags/dag_backup_catchfill.py
[2024-05-03T18:43:35.410+0000] {processor.py:830} INFO - Processing file /opt/airflow/dags/dag_backup_catchfill.py for tasks to queue
[2024-05-03T18:43:35.412+0000] {logging_mixin.py:188} INFO - [2024-05-03T18:43:35.411+0000] {dagbag.py:540} INFO - Filling up the DagBag from /opt/airflow/dags/dag_backup_catchfill.py
[2024-05-03T18:43:35.427+0000] {processor.py:840} INFO - DAG(s) 'dag_backup_catchfillv2' retrieved from /opt/airflow/dags/dag_backup_catchfill.py
[2024-05-03T18:43:35.445+0000] {logging_mixin.py:188} INFO - [2024-05-03T18:43:35.445+0000] {dag.py:3096} INFO - Sync 1 DAGs
[2024-05-03T18:43:35.459+0000] {logging_mixin.py:188} INFO - [2024-05-03T18:43:35.458+0000] {dag.py:3954} INFO - Setting next_dagrun for dag_backup_catchfillv2 to 2024-05-04 00:00:00+00:00, run_after=2024-05-05 00:00:00+00:00
[2024-05-03T18:43:35.468+0000] {processor.py:183} INFO - Processing /opt/airflow/dags/dag_backup_catchfill.py took 0.069 seconds
[2024-05-03T18:44:05.868+0000] {processor.py:161} INFO - Started process (PID=3115) to work on /opt/airflow/dags/dag_backup_catchfill.py
[2024-05-03T18:44:05.869+0000] {processor.py:830} INFO - Processing file /opt/airflow/dags/dag_backup_catchfill.py for tasks to queue
[2024-05-03T18:44:05.870+0000] {logging_mixin.py:188} INFO - [2024-05-03T18:44:05.870+0000] {dagbag.py:540} INFO - Filling up the DagBag from /opt/airflow/dags/dag_backup_catchfill.py
[2024-05-03T18:44:05.880+0000] {processor.py:840} INFO - DAG(s) 'dag_backup_catchfillv2' retrieved from /opt/airflow/dags/dag_backup_catchfill.py
[2024-05-03T18:44:05.903+0000] {logging_mixin.py:188} INFO - [2024-05-03T18:44:05.903+0000] {dag.py:3096} INFO - Sync 1 DAGs
[2024-05-03T18:44:05.921+0000] {logging_mixin.py:188} INFO - [2024-05-03T18:44:05.921+0000] {dag.py:3954} INFO - Setting next_dagrun for dag_backup_catchfillv2 to 2024-05-04 00:00:00+00:00, run_after=2024-05-05 00:00:00+00:00
[2024-05-03T18:44:05.931+0000] {processor.py:183} INFO - Processing /opt/airflow/dags/dag_backup_catchfill.py took 0.070 seconds
[2024-05-03T18:44:36.408+0000] {processor.py:161} INFO - Started process (PID=3141) to work on /opt/airflow/dags/dag_backup_catchfill.py
[2024-05-03T18:44:36.409+0000] {processor.py:830} INFO - Processing file /opt/airflow/dags/dag_backup_catchfill.py for tasks to queue
[2024-05-03T18:44:36.410+0000] {logging_mixin.py:188} INFO - [2024-05-03T18:44:36.410+0000] {dagbag.py:540} INFO - Filling up the DagBag from /opt/airflow/dags/dag_backup_catchfill.py
[2024-05-03T18:44:36.421+0000] {processor.py:840} INFO - DAG(s) 'dag_backup_catchfillv2' retrieved from /opt/airflow/dags/dag_backup_catchfill.py
[2024-05-03T18:44:36.441+0000] {logging_mixin.py:188} INFO - [2024-05-03T18:44:36.441+0000] {dag.py:3096} INFO - Sync 1 DAGs
[2024-05-03T18:44:36.455+0000] {logging_mixin.py:188} INFO - [2024-05-03T18:44:36.455+0000] {dag.py:3954} INFO - Setting next_dagrun for dag_backup_catchfillv2 to 2024-05-04 00:00:00+00:00, run_after=2024-05-05 00:00:00+00:00
[2024-05-03T18:44:36.467+0000] {processor.py:183} INFO - Processing /opt/airflow/dags/dag_backup_catchfill.py took 0.065 seconds
[2024-05-03T18:45:06.957+0000] {processor.py:161} INFO - Started process (PID=3167) to work on /opt/airflow/dags/dag_backup_catchfill.py
[2024-05-03T18:45:06.959+0000] {processor.py:830} INFO - Processing file /opt/airflow/dags/dag_backup_catchfill.py for tasks to queue
[2024-05-03T18:45:06.960+0000] {logging_mixin.py:188} INFO - [2024-05-03T18:45:06.959+0000] {dagbag.py:540} INFO - Filling up the DagBag from /opt/airflow/dags/dag_backup_catchfill.py
[2024-05-03T18:45:06.974+0000] {processor.py:840} INFO - DAG(s) 'dag_backup_catchfillv2' retrieved from /opt/airflow/dags/dag_backup_catchfill.py
[2024-05-03T18:45:06.992+0000] {logging_mixin.py:188} INFO - [2024-05-03T18:45:06.992+0000] {dag.py:3096} INFO - Sync 1 DAGs
[2024-05-03T18:45:07.005+0000] {logging_mixin.py:188} INFO - [2024-05-03T18:45:07.005+0000] {dag.py:3954} INFO - Setting next_dagrun for dag_backup_catchfillv2 to 2024-05-04 00:00:00+00:00, run_after=2024-05-05 00:00:00+00:00
[2024-05-03T18:45:07.014+0000] {processor.py:183} INFO - Processing /opt/airflow/dags/dag_backup_catchfill.py took 0.065 seconds
[2024-05-03T18:45:37.601+0000] {processor.py:161} INFO - Started process (PID=3193) to work on /opt/airflow/dags/dag_backup_catchfill.py
[2024-05-03T18:45:37.602+0000] {processor.py:830} INFO - Processing file /opt/airflow/dags/dag_backup_catchfill.py for tasks to queue
[2024-05-03T18:45:37.603+0000] {logging_mixin.py:188} INFO - [2024-05-03T18:45:37.603+0000] {dagbag.py:540} INFO - Filling up the DagBag from /opt/airflow/dags/dag_backup_catchfill.py
[2024-05-03T18:45:37.617+0000] {processor.py:840} INFO - DAG(s) 'dag_backup_catchfillv2' retrieved from /opt/airflow/dags/dag_backup_catchfill.py
[2024-05-03T18:45:37.634+0000] {logging_mixin.py:188} INFO - [2024-05-03T18:45:37.634+0000] {dag.py:3096} INFO - Sync 1 DAGs
[2024-05-03T18:45:37.646+0000] {logging_mixin.py:188} INFO - [2024-05-03T18:45:37.646+0000] {dag.py:3954} INFO - Setting next_dagrun for dag_backup_catchfillv2 to 2024-05-04 00:00:00+00:00, run_after=2024-05-05 00:00:00+00:00
[2024-05-03T18:45:37.655+0000] {processor.py:183} INFO - Processing /opt/airflow/dags/dag_backup_catchfill.py took 0.062 seconds
[2024-05-03T18:46:08.116+0000] {processor.py:161} INFO - Started process (PID=3218) to work on /opt/airflow/dags/dag_backup_catchfill.py
[2024-05-03T18:46:08.117+0000] {processor.py:830} INFO - Processing file /opt/airflow/dags/dag_backup_catchfill.py for tasks to queue
[2024-05-03T18:46:08.119+0000] {logging_mixin.py:188} INFO - [2024-05-03T18:46:08.118+0000] {dagbag.py:540} INFO - Filling up the DagBag from /opt/airflow/dags/dag_backup_catchfill.py
[2024-05-03T18:46:08.133+0000] {processor.py:840} INFO - DAG(s) 'dag_backup_catchfillv2' retrieved from /opt/airflow/dags/dag_backup_catchfill.py
[2024-05-03T18:46:08.152+0000] {logging_mixin.py:188} INFO - [2024-05-03T18:46:08.151+0000] {dag.py:3096} INFO - Sync 1 DAGs
[2024-05-03T18:46:08.163+0000] {logging_mixin.py:188} INFO - [2024-05-03T18:46:08.163+0000] {dag.py:3954} INFO - Setting next_dagrun for dag_backup_catchfillv2 to 2024-05-04 00:00:00+00:00, run_after=2024-05-05 00:00:00+00:00
[2024-05-03T18:46:08.171+0000] {processor.py:183} INFO - Processing /opt/airflow/dags/dag_backup_catchfill.py took 0.063 seconds
[2024-05-03T18:46:38.603+0000] {processor.py:161} INFO - Started process (PID=3244) to work on /opt/airflow/dags/dag_backup_catchfill.py
[2024-05-03T18:46:38.604+0000] {processor.py:830} INFO - Processing file /opt/airflow/dags/dag_backup_catchfill.py for tasks to queue
[2024-05-03T18:46:38.605+0000] {logging_mixin.py:188} INFO - [2024-05-03T18:46:38.605+0000] {dagbag.py:540} INFO - Filling up the DagBag from /opt/airflow/dags/dag_backup_catchfill.py
[2024-05-03T18:46:38.618+0000] {processor.py:840} INFO - DAG(s) 'dag_backup_catchfillv2' retrieved from /opt/airflow/dags/dag_backup_catchfill.py
[2024-05-03T18:46:38.635+0000] {logging_mixin.py:188} INFO - [2024-05-03T18:46:38.635+0000] {dag.py:3096} INFO - Sync 1 DAGs
[2024-05-03T18:46:38.648+0000] {logging_mixin.py:188} INFO - [2024-05-03T18:46:38.647+0000] {dag.py:3954} INFO - Setting next_dagrun for dag_backup_catchfillv2 to 2024-05-04 00:00:00+00:00, run_after=2024-05-05 00:00:00+00:00
[2024-05-03T18:46:38.656+0000] {processor.py:183} INFO - Processing /opt/airflow/dags/dag_backup_catchfill.py took 0.060 seconds
[2024-05-03T18:47:09.060+0000] {processor.py:161} INFO - Started process (PID=3270) to work on /opt/airflow/dags/dag_backup_catchfill.py
[2024-05-03T18:47:09.062+0000] {processor.py:830} INFO - Processing file /opt/airflow/dags/dag_backup_catchfill.py for tasks to queue
[2024-05-03T18:47:09.063+0000] {logging_mixin.py:188} INFO - [2024-05-03T18:47:09.062+0000] {dagbag.py:540} INFO - Filling up the DagBag from /opt/airflow/dags/dag_backup_catchfill.py
[2024-05-03T18:47:09.078+0000] {processor.py:840} INFO - DAG(s) 'dag_backup_catchfillv2' retrieved from /opt/airflow/dags/dag_backup_catchfill.py
[2024-05-03T18:47:09.099+0000] {logging_mixin.py:188} INFO - [2024-05-03T18:47:09.099+0000] {dag.py:3096} INFO - Sync 1 DAGs
[2024-05-03T18:47:09.111+0000] {logging_mixin.py:188} INFO - [2024-05-03T18:47:09.111+0000] {dag.py:3954} INFO - Setting next_dagrun for dag_backup_catchfillv2 to 2024-05-04 00:00:00+00:00, run_after=2024-05-05 00:00:00+00:00
[2024-05-03T18:47:09.121+0000] {processor.py:183} INFO - Processing /opt/airflow/dags/dag_backup_catchfill.py took 0.068 seconds
[2024-05-03T18:47:39.619+0000] {processor.py:161} INFO - Started process (PID=3296) to work on /opt/airflow/dags/dag_backup_catchfill.py
[2024-05-03T18:47:39.621+0000] {processor.py:830} INFO - Processing file /opt/airflow/dags/dag_backup_catchfill.py for tasks to queue
[2024-05-03T18:47:39.622+0000] {logging_mixin.py:188} INFO - [2024-05-03T18:47:39.621+0000] {dagbag.py:540} INFO - Filling up the DagBag from /opt/airflow/dags/dag_backup_catchfill.py
[2024-05-03T18:47:39.637+0000] {processor.py:840} INFO - DAG(s) 'dag_backup_catchfillv2' retrieved from /opt/airflow/dags/dag_backup_catchfill.py
[2024-05-03T18:47:39.655+0000] {logging_mixin.py:188} INFO - [2024-05-03T18:47:39.655+0000] {dag.py:3096} INFO - Sync 1 DAGs
[2024-05-03T18:47:39.666+0000] {logging_mixin.py:188} INFO - [2024-05-03T18:47:39.666+0000] {dag.py:3954} INFO - Setting next_dagrun for dag_backup_catchfillv2 to 2024-05-04 00:00:00+00:00, run_after=2024-05-05 00:00:00+00:00
[2024-05-03T18:47:39.675+0000] {processor.py:183} INFO - Processing /opt/airflow/dags/dag_backup_catchfill.py took 0.064 seconds
[2024-05-03T18:48:10.137+0000] {processor.py:161} INFO - Started process (PID=3322) to work on /opt/airflow/dags/dag_backup_catchfill.py
[2024-05-03T18:48:10.139+0000] {processor.py:830} INFO - Processing file /opt/airflow/dags/dag_backup_catchfill.py for tasks to queue
[2024-05-03T18:48:10.140+0000] {logging_mixin.py:188} INFO - [2024-05-03T18:48:10.140+0000] {dagbag.py:540} INFO - Filling up the DagBag from /opt/airflow/dags/dag_backup_catchfill.py
[2024-05-03T18:48:10.154+0000] {processor.py:840} INFO - DAG(s) 'dag_backup_catchfillv2' retrieved from /opt/airflow/dags/dag_backup_catchfill.py
[2024-05-03T18:48:10.171+0000] {logging_mixin.py:188} INFO - [2024-05-03T18:48:10.171+0000] {dag.py:3096} INFO - Sync 1 DAGs
[2024-05-03T18:48:10.183+0000] {logging_mixin.py:188} INFO - [2024-05-03T18:48:10.183+0000] {dag.py:3954} INFO - Setting next_dagrun for dag_backup_catchfillv2 to 2024-05-04 00:00:00+00:00, run_after=2024-05-05 00:00:00+00:00
[2024-05-03T18:48:10.192+0000] {processor.py:183} INFO - Processing /opt/airflow/dags/dag_backup_catchfill.py took 0.063 seconds
[2024-05-03T18:48:40.623+0000] {processor.py:161} INFO - Started process (PID=3348) to work on /opt/airflow/dags/dag_backup_catchfill.py
[2024-05-03T18:48:40.625+0000] {processor.py:830} INFO - Processing file /opt/airflow/dags/dag_backup_catchfill.py for tasks to queue
[2024-05-03T18:48:40.626+0000] {logging_mixin.py:188} INFO - [2024-05-03T18:48:40.625+0000] {dagbag.py:540} INFO - Filling up the DagBag from /opt/airflow/dags/dag_backup_catchfill.py
[2024-05-03T18:48:40.632+0000] {processor.py:840} INFO - DAG(s) 'dag_backup_catchfillv2' retrieved from /opt/airflow/dags/dag_backup_catchfill.py
[2024-05-03T18:48:40.650+0000] {logging_mixin.py:188} INFO - [2024-05-03T18:48:40.650+0000] {dag.py:3096} INFO - Sync 1 DAGs
[2024-05-03T18:48:40.663+0000] {logging_mixin.py:188} INFO - [2024-05-03T18:48:40.663+0000] {dag.py:3954} INFO - Setting next_dagrun for dag_backup_catchfillv2 to 2024-05-04 00:00:00+00:00, run_after=2024-05-05 00:00:00+00:00
[2024-05-03T18:48:40.674+0000] {processor.py:183} INFO - Processing /opt/airflow/dags/dag_backup_catchfill.py took 0.055 seconds
[2024-05-03T18:49:11.135+0000] {processor.py:161} INFO - Started process (PID=3373) to work on /opt/airflow/dags/dag_backup_catchfill.py
[2024-05-03T18:49:11.137+0000] {processor.py:830} INFO - Processing file /opt/airflow/dags/dag_backup_catchfill.py for tasks to queue
[2024-05-03T18:49:11.138+0000] {logging_mixin.py:188} INFO - [2024-05-03T18:49:11.137+0000] {dagbag.py:540} INFO - Filling up the DagBag from /opt/airflow/dags/dag_backup_catchfill.py
[2024-05-03T18:49:11.150+0000] {processor.py:840} INFO - DAG(s) 'dag_backup_catchfillv2' retrieved from /opt/airflow/dags/dag_backup_catchfill.py
[2024-05-03T18:49:11.171+0000] {logging_mixin.py:188} INFO - [2024-05-03T18:49:11.171+0000] {dag.py:3096} INFO - Sync 1 DAGs
[2024-05-03T18:49:11.186+0000] {logging_mixin.py:188} INFO - [2024-05-03T18:49:11.186+0000] {dag.py:3954} INFO - Setting next_dagrun for dag_backup_catchfillv2 to 2024-05-04 00:00:00+00:00, run_after=2024-05-05 00:00:00+00:00
[2024-05-03T18:49:11.196+0000] {processor.py:183} INFO - Processing /opt/airflow/dags/dag_backup_catchfill.py took 0.067 seconds
[2024-05-03T18:49:41.648+0000] {processor.py:161} INFO - Started process (PID=3399) to work on /opt/airflow/dags/dag_backup_catchfill.py
[2024-05-03T18:49:41.649+0000] {processor.py:830} INFO - Processing file /opt/airflow/dags/dag_backup_catchfill.py for tasks to queue
[2024-05-03T18:49:41.651+0000] {logging_mixin.py:188} INFO - [2024-05-03T18:49:41.650+0000] {dagbag.py:540} INFO - Filling up the DagBag from /opt/airflow/dags/dag_backup_catchfill.py
[2024-05-03T18:49:41.666+0000] {processor.py:840} INFO - DAG(s) 'dag_backup_catchfillv2' retrieved from /opt/airflow/dags/dag_backup_catchfill.py
[2024-05-03T18:49:41.686+0000] {logging_mixin.py:188} INFO - [2024-05-03T18:49:41.686+0000] {dag.py:3096} INFO - Sync 1 DAGs
[2024-05-03T18:49:41.699+0000] {logging_mixin.py:188} INFO - [2024-05-03T18:49:41.699+0000] {dag.py:3954} INFO - Setting next_dagrun for dag_backup_catchfillv2 to 2024-05-04 00:00:00+00:00, run_after=2024-05-05 00:00:00+00:00
[2024-05-03T18:49:41.709+0000] {processor.py:183} INFO - Processing /opt/airflow/dags/dag_backup_catchfill.py took 0.070 seconds
[2024-05-03T18:50:12.163+0000] {processor.py:161} INFO - Started process (PID=3424) to work on /opt/airflow/dags/dag_backup_catchfill.py
[2024-05-03T18:50:12.164+0000] {processor.py:830} INFO - Processing file /opt/airflow/dags/dag_backup_catchfill.py for tasks to queue
[2024-05-03T18:50:12.164+0000] {logging_mixin.py:188} INFO - [2024-05-03T18:50:12.164+0000] {dagbag.py:540} INFO - Filling up the DagBag from /opt/airflow/dags/dag_backup_catchfill.py
[2024-05-03T18:50:12.171+0000] {processor.py:840} INFO - DAG(s) 'dag_backup_catchfillv2' retrieved from /opt/airflow/dags/dag_backup_catchfill.py
[2024-05-03T18:50:12.185+0000] {logging_mixin.py:188} INFO - [2024-05-03T18:50:12.185+0000] {dag.py:3096} INFO - Sync 1 DAGs
[2024-05-03T18:50:12.197+0000] {logging_mixin.py:188} INFO - [2024-05-03T18:50:12.197+0000] {dag.py:3954} INFO - Setting next_dagrun for dag_backup_catchfillv2 to 2024-05-04 00:00:00+00:00, run_after=2024-05-05 00:00:00+00:00
[2024-05-03T18:50:12.207+0000] {processor.py:183} INFO - Processing /opt/airflow/dags/dag_backup_catchfill.py took 0.050 seconds
[2024-05-03T18:50:42.684+0000] {processor.py:161} INFO - Started process (PID=3450) to work on /opt/airflow/dags/dag_backup_catchfill.py
[2024-05-03T18:50:42.686+0000] {processor.py:830} INFO - Processing file /opt/airflow/dags/dag_backup_catchfill.py for tasks to queue
[2024-05-03T18:50:42.687+0000] {logging_mixin.py:188} INFO - [2024-05-03T18:50:42.687+0000] {dagbag.py:540} INFO - Filling up the DagBag from /opt/airflow/dags/dag_backup_catchfill.py
[2024-05-03T18:50:42.704+0000] {processor.py:840} INFO - DAG(s) 'dag_backup_catchfillv2' retrieved from /opt/airflow/dags/dag_backup_catchfill.py
[2024-05-03T18:50:42.724+0000] {logging_mixin.py:188} INFO - [2024-05-03T18:50:42.724+0000] {dag.py:3096} INFO - Sync 1 DAGs
[2024-05-03T18:50:42.736+0000] {logging_mixin.py:188} INFO - [2024-05-03T18:50:42.736+0000] {dag.py:3954} INFO - Setting next_dagrun for dag_backup_catchfillv2 to 2024-05-04 00:00:00+00:00, run_after=2024-05-05 00:00:00+00:00
[2024-05-03T18:50:42.746+0000] {processor.py:183} INFO - Processing /opt/airflow/dags/dag_backup_catchfill.py took 0.071 seconds
[2024-05-03T18:51:13.141+0000] {processor.py:161} INFO - Started process (PID=3476) to work on /opt/airflow/dags/dag_backup_catchfill.py
[2024-05-03T18:51:13.142+0000] {processor.py:830} INFO - Processing file /opt/airflow/dags/dag_backup_catchfill.py for tasks to queue
[2024-05-03T18:51:13.143+0000] {logging_mixin.py:188} INFO - [2024-05-03T18:51:13.142+0000] {dagbag.py:540} INFO - Filling up the DagBag from /opt/airflow/dags/dag_backup_catchfill.py
[2024-05-03T18:51:13.151+0000] {processor.py:840} INFO - DAG(s) 'dag_backup_catchfillv2' retrieved from /opt/airflow/dags/dag_backup_catchfill.py
[2024-05-03T18:51:13.168+0000] {logging_mixin.py:188} INFO - [2024-05-03T18:51:13.168+0000] {dag.py:3096} INFO - Sync 1 DAGs
[2024-05-03T18:51:13.182+0000] {logging_mixin.py:188} INFO - [2024-05-03T18:51:13.182+0000] {dag.py:3954} INFO - Setting next_dagrun for dag_backup_catchfillv2 to 2024-05-04 00:00:00+00:00, run_after=2024-05-05 00:00:00+00:00
[2024-05-03T18:51:13.193+0000] {processor.py:183} INFO - Processing /opt/airflow/dags/dag_backup_catchfill.py took 0.057 seconds
[2024-05-03T18:51:43.662+0000] {processor.py:161} INFO - Started process (PID=3501) to work on /opt/airflow/dags/dag_backup_catchfill.py
[2024-05-03T18:51:43.663+0000] {processor.py:830} INFO - Processing file /opt/airflow/dags/dag_backup_catchfill.py for tasks to queue
[2024-05-03T18:51:43.665+0000] {logging_mixin.py:188} INFO - [2024-05-03T18:51:43.664+0000] {dagbag.py:540} INFO - Filling up the DagBag from /opt/airflow/dags/dag_backup_catchfill.py
[2024-05-03T18:51:43.678+0000] {processor.py:840} INFO - DAG(s) 'dag_backup_catchfillv2' retrieved from /opt/airflow/dags/dag_backup_catchfill.py
[2024-05-03T18:51:43.696+0000] {logging_mixin.py:188} INFO - [2024-05-03T18:51:43.696+0000] {dag.py:3096} INFO - Sync 1 DAGs
[2024-05-03T18:51:43.709+0000] {logging_mixin.py:188} INFO - [2024-05-03T18:51:43.709+0000] {dag.py:3954} INFO - Setting next_dagrun for dag_backup_catchfillv2 to 2024-05-04 00:00:00+00:00, run_after=2024-05-05 00:00:00+00:00
[2024-05-03T18:51:43.717+0000] {processor.py:183} INFO - Processing /opt/airflow/dags/dag_backup_catchfill.py took 0.064 seconds
[2024-05-03T18:52:14.176+0000] {processor.py:161} INFO - Started process (PID=3527) to work on /opt/airflow/dags/dag_backup_catchfill.py
[2024-05-03T18:52:14.177+0000] {processor.py:830} INFO - Processing file /opt/airflow/dags/dag_backup_catchfill.py for tasks to queue
[2024-05-03T18:52:14.179+0000] {logging_mixin.py:188} INFO - [2024-05-03T18:52:14.178+0000] {dagbag.py:540} INFO - Filling up the DagBag from /opt/airflow/dags/dag_backup_catchfill.py
[2024-05-03T18:52:14.191+0000] {processor.py:840} INFO - DAG(s) 'dag_backup_catchfillv2' retrieved from /opt/airflow/dags/dag_backup_catchfill.py
[2024-05-03T18:52:14.209+0000] {logging_mixin.py:188} INFO - [2024-05-03T18:52:14.208+0000] {dag.py:3096} INFO - Sync 1 DAGs
[2024-05-03T18:52:14.221+0000] {logging_mixin.py:188} INFO - [2024-05-03T18:52:14.220+0000] {dag.py:3954} INFO - Setting next_dagrun for dag_backup_catchfillv2 to 2024-05-04 00:00:00+00:00, run_after=2024-05-05 00:00:00+00:00
[2024-05-03T18:52:14.230+0000] {processor.py:183} INFO - Processing /opt/airflow/dags/dag_backup_catchfill.py took 0.063 seconds
[2024-05-03T18:52:44.757+0000] {processor.py:161} INFO - Started process (PID=3553) to work on /opt/airflow/dags/dag_backup_catchfill.py
[2024-05-03T18:52:44.758+0000] {processor.py:830} INFO - Processing file /opt/airflow/dags/dag_backup_catchfill.py for tasks to queue
[2024-05-03T18:52:44.760+0000] {logging_mixin.py:188} INFO - [2024-05-03T18:52:44.759+0000] {dagbag.py:540} INFO - Filling up the DagBag from /opt/airflow/dags/dag_backup_catchfill.py
[2024-05-03T18:52:44.775+0000] {processor.py:840} INFO - DAG(s) 'dag_backup_catchfillv2' retrieved from /opt/airflow/dags/dag_backup_catchfill.py
[2024-05-03T18:52:44.793+0000] {logging_mixin.py:188} INFO - [2024-05-03T18:52:44.793+0000] {dag.py:3096} INFO - Sync 1 DAGs
[2024-05-03T18:52:44.806+0000] {logging_mixin.py:188} INFO - [2024-05-03T18:52:44.806+0000] {dag.py:3954} INFO - Setting next_dagrun for dag_backup_catchfillv2 to 2024-05-04 00:00:00+00:00, run_after=2024-05-05 00:00:00+00:00
[2024-05-03T18:52:44.815+0000] {processor.py:183} INFO - Processing /opt/airflow/dags/dag_backup_catchfill.py took 0.066 seconds
[2024-05-03T18:53:15.327+0000] {processor.py:161} INFO - Started process (PID=3579) to work on /opt/airflow/dags/dag_backup_catchfill.py
[2024-05-03T18:53:15.328+0000] {processor.py:830} INFO - Processing file /opt/airflow/dags/dag_backup_catchfill.py for tasks to queue
[2024-05-03T18:53:15.329+0000] {logging_mixin.py:188} INFO - [2024-05-03T18:53:15.329+0000] {dagbag.py:540} INFO - Filling up the DagBag from /opt/airflow/dags/dag_backup_catchfill.py
[2024-05-03T18:53:15.342+0000] {processor.py:840} INFO - DAG(s) 'dag_backup_catchfillv2' retrieved from /opt/airflow/dags/dag_backup_catchfill.py
[2024-05-03T18:53:15.359+0000] {logging_mixin.py:188} INFO - [2024-05-03T18:53:15.359+0000] {dag.py:3096} INFO - Sync 1 DAGs
[2024-05-03T18:53:15.371+0000] {logging_mixin.py:188} INFO - [2024-05-03T18:53:15.371+0000] {dag.py:3954} INFO - Setting next_dagrun for dag_backup_catchfillv2 to 2024-05-04 00:00:00+00:00, run_after=2024-05-05 00:00:00+00:00
[2024-05-03T18:53:15.380+0000] {processor.py:183} INFO - Processing /opt/airflow/dags/dag_backup_catchfill.py took 0.060 seconds
[2024-05-03T18:53:45.936+0000] {processor.py:161} INFO - Started process (PID=3605) to work on /opt/airflow/dags/dag_backup_catchfill.py
[2024-05-03T18:53:45.938+0000] {processor.py:830} INFO - Processing file /opt/airflow/dags/dag_backup_catchfill.py for tasks to queue
[2024-05-03T18:53:45.939+0000] {logging_mixin.py:188} INFO - [2024-05-03T18:53:45.938+0000] {dagbag.py:540} INFO - Filling up the DagBag from /opt/airflow/dags/dag_backup_catchfill.py
[2024-05-03T18:53:45.953+0000] {processor.py:840} INFO - DAG(s) 'dag_backup_catchfillv2' retrieved from /opt/airflow/dags/dag_backup_catchfill.py
[2024-05-03T18:53:45.970+0000] {logging_mixin.py:188} INFO - [2024-05-03T18:53:45.970+0000] {dag.py:3096} INFO - Sync 1 DAGs
[2024-05-03T18:53:45.982+0000] {logging_mixin.py:188} INFO - [2024-05-03T18:53:45.982+0000] {dag.py:3954} INFO - Setting next_dagrun for dag_backup_catchfillv2 to 2024-05-04 00:00:00+00:00, run_after=2024-05-05 00:00:00+00:00
[2024-05-03T18:53:45.990+0000] {processor.py:183} INFO - Processing /opt/airflow/dags/dag_backup_catchfill.py took 0.062 seconds
[2024-05-03T18:54:16.468+0000] {processor.py:161} INFO - Started process (PID=3631) to work on /opt/airflow/dags/dag_backup_catchfill.py
[2024-05-03T18:54:16.469+0000] {processor.py:830} INFO - Processing file /opt/airflow/dags/dag_backup_catchfill.py for tasks to queue
[2024-05-03T18:54:16.469+0000] {logging_mixin.py:188} INFO - [2024-05-03T18:54:16.469+0000] {dagbag.py:540} INFO - Filling up the DagBag from /opt/airflow/dags/dag_backup_catchfill.py
[2024-05-03T18:54:16.477+0000] {processor.py:840} INFO - DAG(s) 'dag_backup_catchfillv2' retrieved from /opt/airflow/dags/dag_backup_catchfill.py
[2024-05-03T18:54:16.495+0000] {logging_mixin.py:188} INFO - [2024-05-03T18:54:16.494+0000] {dag.py:3096} INFO - Sync 1 DAGs
[2024-05-03T18:54:16.508+0000] {logging_mixin.py:188} INFO - [2024-05-03T18:54:16.508+0000] {dag.py:3954} INFO - Setting next_dagrun for dag_backup_catchfillv2 to 2024-05-04 00:00:00+00:00, run_after=2024-05-05 00:00:00+00:00
[2024-05-03T18:54:16.517+0000] {processor.py:183} INFO - Processing /opt/airflow/dags/dag_backup_catchfill.py took 0.053 seconds
[2024-05-03T18:54:47.009+0000] {processor.py:161} INFO - Started process (PID=3657) to work on /opt/airflow/dags/dag_backup_catchfill.py
[2024-05-03T18:54:47.010+0000] {processor.py:830} INFO - Processing file /opt/airflow/dags/dag_backup_catchfill.py for tasks to queue
[2024-05-03T18:54:47.012+0000] {logging_mixin.py:188} INFO - [2024-05-03T18:54:47.011+0000] {dagbag.py:540} INFO - Filling up the DagBag from /opt/airflow/dags/dag_backup_catchfill.py
[2024-05-03T18:54:47.024+0000] {processor.py:840} INFO - DAG(s) 'dag_backup_catchfillv2' retrieved from /opt/airflow/dags/dag_backup_catchfill.py
[2024-05-03T18:54:47.042+0000] {logging_mixin.py:188} INFO - [2024-05-03T18:54:47.042+0000] {dag.py:3096} INFO - Sync 1 DAGs
[2024-05-03T18:54:47.054+0000] {logging_mixin.py:188} INFO - [2024-05-03T18:54:47.054+0000] {dag.py:3954} INFO - Setting next_dagrun for dag_backup_catchfillv2 to 2024-05-04 00:00:00+00:00, run_after=2024-05-05 00:00:00+00:00
[2024-05-03T18:54:47.063+0000] {processor.py:183} INFO - Processing /opt/airflow/dags/dag_backup_catchfill.py took 0.062 seconds
[2024-05-03T18:55:17.540+0000] {processor.py:161} INFO - Started process (PID=3683) to work on /opt/airflow/dags/dag_backup_catchfill.py
[2024-05-03T18:55:17.542+0000] {processor.py:830} INFO - Processing file /opt/airflow/dags/dag_backup_catchfill.py for tasks to queue
[2024-05-03T18:55:17.543+0000] {logging_mixin.py:188} INFO - [2024-05-03T18:55:17.543+0000] {dagbag.py:540} INFO - Filling up the DagBag from /opt/airflow/dags/dag_backup_catchfill.py
[2024-05-03T18:55:17.557+0000] {processor.py:840} INFO - DAG(s) 'dag_backup_catchfillv2' retrieved from /opt/airflow/dags/dag_backup_catchfill.py
[2024-05-03T18:55:17.581+0000] {logging_mixin.py:188} INFO - [2024-05-03T18:55:17.581+0000] {dag.py:3096} INFO - Sync 1 DAGs
[2024-05-03T18:55:17.596+0000] {logging_mixin.py:188} INFO - [2024-05-03T18:55:17.596+0000] {dag.py:3954} INFO - Setting next_dagrun for dag_backup_catchfillv2 to 2024-05-04 00:00:00+00:00, run_after=2024-05-05 00:00:00+00:00
[2024-05-03T18:55:17.607+0000] {processor.py:183} INFO - Processing /opt/airflow/dags/dag_backup_catchfill.py took 0.074 seconds
[2024-05-03T18:55:48.063+0000] {processor.py:161} INFO - Started process (PID=3709) to work on /opt/airflow/dags/dag_backup_catchfill.py
[2024-05-03T18:55:48.065+0000] {processor.py:830} INFO - Processing file /opt/airflow/dags/dag_backup_catchfill.py for tasks to queue
[2024-05-03T18:55:48.067+0000] {logging_mixin.py:188} INFO - [2024-05-03T18:55:48.066+0000] {dagbag.py:540} INFO - Filling up the DagBag from /opt/airflow/dags/dag_backup_catchfill.py
[2024-05-03T18:55:48.083+0000] {processor.py:840} INFO - DAG(s) 'dag_backup_catchfillv2' retrieved from /opt/airflow/dags/dag_backup_catchfill.py
[2024-05-03T18:55:48.103+0000] {logging_mixin.py:188} INFO - [2024-05-03T18:55:48.103+0000] {dag.py:3096} INFO - Sync 1 DAGs
[2024-05-03T18:55:48.120+0000] {logging_mixin.py:188} INFO - [2024-05-03T18:55:48.120+0000] {dag.py:3954} INFO - Setting next_dagrun for dag_backup_catchfillv2 to 2024-05-04 00:00:00+00:00, run_after=2024-05-05 00:00:00+00:00
[2024-05-03T18:55:48.129+0000] {processor.py:183} INFO - Processing /opt/airflow/dags/dag_backup_catchfill.py took 0.075 seconds
[2024-05-03T18:56:18.601+0000] {processor.py:161} INFO - Started process (PID=3735) to work on /opt/airflow/dags/dag_backup_catchfill.py
[2024-05-03T18:56:18.603+0000] {processor.py:830} INFO - Processing file /opt/airflow/dags/dag_backup_catchfill.py for tasks to queue
[2024-05-03T18:56:18.604+0000] {logging_mixin.py:188} INFO - [2024-05-03T18:56:18.604+0000] {dagbag.py:540} INFO - Filling up the DagBag from /opt/airflow/dags/dag_backup_catchfill.py
[2024-05-03T18:56:18.621+0000] {processor.py:840} INFO - DAG(s) 'dag_backup_catchfillv2' retrieved from /opt/airflow/dags/dag_backup_catchfill.py
[2024-05-03T18:56:18.640+0000] {logging_mixin.py:188} INFO - [2024-05-03T18:56:18.640+0000] {dag.py:3096} INFO - Sync 1 DAGs
[2024-05-03T18:56:18.654+0000] {logging_mixin.py:188} INFO - [2024-05-03T18:56:18.653+0000] {dag.py:3954} INFO - Setting next_dagrun for dag_backup_catchfillv2 to 2024-05-04 00:00:00+00:00, run_after=2024-05-05 00:00:00+00:00
[2024-05-03T18:56:18.663+0000] {processor.py:183} INFO - Processing /opt/airflow/dags/dag_backup_catchfill.py took 0.070 seconds
[2024-05-03T18:56:49.127+0000] {processor.py:161} INFO - Started process (PID=3761) to work on /opt/airflow/dags/dag_backup_catchfill.py
[2024-05-03T18:56:49.128+0000] {processor.py:830} INFO - Processing file /opt/airflow/dags/dag_backup_catchfill.py for tasks to queue
[2024-05-03T18:56:49.129+0000] {logging_mixin.py:188} INFO - [2024-05-03T18:56:49.128+0000] {dagbag.py:540} INFO - Filling up the DagBag from /opt/airflow/dags/dag_backup_catchfill.py
[2024-05-03T18:56:49.139+0000] {processor.py:840} INFO - DAG(s) 'dag_backup_catchfillv2' retrieved from /opt/airflow/dags/dag_backup_catchfill.py
[2024-05-03T18:56:49.157+0000] {logging_mixin.py:188} INFO - [2024-05-03T18:56:49.157+0000] {dag.py:3096} INFO - Sync 1 DAGs
[2024-05-03T18:56:49.170+0000] {logging_mixin.py:188} INFO - [2024-05-03T18:56:49.169+0000] {dag.py:3954} INFO - Setting next_dagrun for dag_backup_catchfillv2 to 2024-05-04 00:00:00+00:00, run_after=2024-05-05 00:00:00+00:00
[2024-05-03T18:56:49.179+0000] {processor.py:183} INFO - Processing /opt/airflow/dags/dag_backup_catchfill.py took 0.058 seconds
[2024-05-03T18:57:19.650+0000] {processor.py:161} INFO - Started process (PID=3787) to work on /opt/airflow/dags/dag_backup_catchfill.py
[2024-05-03T18:57:19.651+0000] {processor.py:830} INFO - Processing file /opt/airflow/dags/dag_backup_catchfill.py for tasks to queue
[2024-05-03T18:57:19.652+0000] {logging_mixin.py:188} INFO - [2024-05-03T18:57:19.651+0000] {dagbag.py:540} INFO - Filling up the DagBag from /opt/airflow/dags/dag_backup_catchfill.py
[2024-05-03T18:57:19.661+0000] {processor.py:840} INFO - DAG(s) 'dag_backup_catchfillv2' retrieved from /opt/airflow/dags/dag_backup_catchfill.py
[2024-05-03T18:57:19.680+0000] {logging_mixin.py:188} INFO - [2024-05-03T18:57:19.680+0000] {dag.py:3096} INFO - Sync 1 DAGs
[2024-05-03T18:57:19.693+0000] {logging_mixin.py:188} INFO - [2024-05-03T18:57:19.693+0000] {dag.py:3954} INFO - Setting next_dagrun for dag_backup_catchfillv2 to 2024-05-04 00:00:00+00:00, run_after=2024-05-05 00:00:00+00:00
[2024-05-03T18:57:19.703+0000] {processor.py:183} INFO - Processing /opt/airflow/dags/dag_backup_catchfill.py took 0.058 seconds
[2024-05-03T18:57:50.199+0000] {processor.py:161} INFO - Started process (PID=3813) to work on /opt/airflow/dags/dag_backup_catchfill.py
[2024-05-03T18:57:50.200+0000] {processor.py:830} INFO - Processing file /opt/airflow/dags/dag_backup_catchfill.py for tasks to queue
[2024-05-03T18:57:50.201+0000] {logging_mixin.py:188} INFO - [2024-05-03T18:57:50.201+0000] {dagbag.py:540} INFO - Filling up the DagBag from /opt/airflow/dags/dag_backup_catchfill.py
[2024-05-03T18:57:50.208+0000] {processor.py:840} INFO - DAG(s) 'dag_backup_catchfillv2' retrieved from /opt/airflow/dags/dag_backup_catchfill.py
[2024-05-03T18:57:50.222+0000] {logging_mixin.py:188} INFO - [2024-05-03T18:57:50.222+0000] {dag.py:3096} INFO - Sync 1 DAGs
[2024-05-03T18:57:50.234+0000] {logging_mixin.py:188} INFO - [2024-05-03T18:57:50.234+0000] {dag.py:3954} INFO - Setting next_dagrun for dag_backup_catchfillv2 to 2024-05-04 00:00:00+00:00, run_after=2024-05-05 00:00:00+00:00
[2024-05-03T18:57:50.242+0000] {processor.py:183} INFO - Processing /opt/airflow/dags/dag_backup_catchfill.py took 0.050 seconds
[2024-05-03T18:58:20.715+0000] {processor.py:161} INFO - Started process (PID=3839) to work on /opt/airflow/dags/dag_backup_catchfill.py
[2024-05-03T18:58:20.716+0000] {processor.py:830} INFO - Processing file /opt/airflow/dags/dag_backup_catchfill.py for tasks to queue
[2024-05-03T18:58:20.717+0000] {logging_mixin.py:188} INFO - [2024-05-03T18:58:20.716+0000] {dagbag.py:540} INFO - Filling up the DagBag from /opt/airflow/dags/dag_backup_catchfill.py
[2024-05-03T18:58:20.726+0000] {processor.py:840} INFO - DAG(s) 'dag_backup_catchfillv2' retrieved from /opt/airflow/dags/dag_backup_catchfill.py
[2024-05-03T18:58:20.746+0000] {logging_mixin.py:188} INFO - [2024-05-03T18:58:20.746+0000] {dag.py:3096} INFO - Sync 1 DAGs
[2024-05-03T18:58:20.761+0000] {logging_mixin.py:188} INFO - [2024-05-03T18:58:20.760+0000] {dag.py:3954} INFO - Setting next_dagrun for dag_backup_catchfillv2 to 2024-05-04 00:00:00+00:00, run_after=2024-05-05 00:00:00+00:00
[2024-05-03T18:58:20.770+0000] {processor.py:183} INFO - Processing /opt/airflow/dags/dag_backup_catchfill.py took 0.062 seconds
[2024-05-03T18:58:51.133+0000] {processor.py:161} INFO - Started process (PID=3865) to work on /opt/airflow/dags/dag_backup_catchfill.py
[2024-05-03T18:58:51.134+0000] {processor.py:830} INFO - Processing file /opt/airflow/dags/dag_backup_catchfill.py for tasks to queue
[2024-05-03T18:58:51.135+0000] {logging_mixin.py:188} INFO - [2024-05-03T18:58:51.135+0000] {dagbag.py:540} INFO - Filling up the DagBag from /opt/airflow/dags/dag_backup_catchfill.py
[2024-05-03T18:58:51.142+0000] {processor.py:840} INFO - DAG(s) 'dag_backup_catchfillv2' retrieved from /opt/airflow/dags/dag_backup_catchfill.py
[2024-05-03T18:58:51.158+0000] {logging_mixin.py:188} INFO - [2024-05-03T18:58:51.158+0000] {dag.py:3096} INFO - Sync 1 DAGs
[2024-05-03T18:58:51.173+0000] {logging_mixin.py:188} INFO - [2024-05-03T18:58:51.173+0000] {dag.py:3954} INFO - Setting next_dagrun for dag_backup_catchfillv2 to 2024-05-04 00:00:00+00:00, run_after=2024-05-05 00:00:00+00:00
[2024-05-03T18:58:51.184+0000] {processor.py:183} INFO - Processing /opt/airflow/dags/dag_backup_catchfill.py took 0.058 seconds
[2024-05-03T18:59:21.621+0000] {processor.py:161} INFO - Started process (PID=3891) to work on /opt/airflow/dags/dag_backup_catchfill.py
[2024-05-03T18:59:21.622+0000] {processor.py:830} INFO - Processing file /opt/airflow/dags/dag_backup_catchfill.py for tasks to queue
[2024-05-03T18:59:21.624+0000] {logging_mixin.py:188} INFO - [2024-05-03T18:59:21.623+0000] {dagbag.py:540} INFO - Filling up the DagBag from /opt/airflow/dags/dag_backup_catchfill.py
[2024-05-03T18:59:21.637+0000] {processor.py:840} INFO - DAG(s) 'dag_backup_catchfillv2' retrieved from /opt/airflow/dags/dag_backup_catchfill.py
[2024-05-03T18:59:21.653+0000] {logging_mixin.py:188} INFO - [2024-05-03T18:59:21.653+0000] {dag.py:3096} INFO - Sync 1 DAGs
[2024-05-03T18:59:21.664+0000] {logging_mixin.py:188} INFO - [2024-05-03T18:59:21.664+0000] {dag.py:3954} INFO - Setting next_dagrun for dag_backup_catchfillv2 to 2024-05-04 00:00:00+00:00, run_after=2024-05-05 00:00:00+00:00
[2024-05-03T18:59:21.672+0000] {processor.py:183} INFO - Processing /opt/airflow/dags/dag_backup_catchfill.py took 0.058 seconds
[2024-05-03T18:59:52.108+0000] {processor.py:161} INFO - Started process (PID=3917) to work on /opt/airflow/dags/dag_backup_catchfill.py
[2024-05-03T18:59:52.109+0000] {processor.py:830} INFO - Processing file /opt/airflow/dags/dag_backup_catchfill.py for tasks to queue
[2024-05-03T18:59:52.109+0000] {logging_mixin.py:188} INFO - [2024-05-03T18:59:52.109+0000] {dagbag.py:540} INFO - Filling up the DagBag from /opt/airflow/dags/dag_backup_catchfill.py
[2024-05-03T18:59:52.116+0000] {processor.py:840} INFO - DAG(s) 'dag_backup_catchfillv2' retrieved from /opt/airflow/dags/dag_backup_catchfill.py
[2024-05-03T18:59:52.130+0000] {logging_mixin.py:188} INFO - [2024-05-03T18:59:52.130+0000] {dag.py:3096} INFO - Sync 1 DAGs
[2024-05-03T18:59:52.140+0000] {logging_mixin.py:188} INFO - [2024-05-03T18:59:52.140+0000] {dag.py:3954} INFO - Setting next_dagrun for dag_backup_catchfillv2 to 2024-05-04 00:00:00+00:00, run_after=2024-05-05 00:00:00+00:00
[2024-05-03T18:59:52.149+0000] {processor.py:183} INFO - Processing /opt/airflow/dags/dag_backup_catchfill.py took 0.044 seconds
[2024-05-03T19:00:22.644+0000] {processor.py:161} INFO - Started process (PID=3942) to work on /opt/airflow/dags/dag_backup_catchfill.py
[2024-05-03T19:00:22.645+0000] {processor.py:830} INFO - Processing file /opt/airflow/dags/dag_backup_catchfill.py for tasks to queue
[2024-05-03T19:00:22.647+0000] {logging_mixin.py:188} INFO - [2024-05-03T19:00:22.646+0000] {dagbag.py:540} INFO - Filling up the DagBag from /opt/airflow/dags/dag_backup_catchfill.py
[2024-05-03T19:00:22.661+0000] {processor.py:840} INFO - DAG(s) 'dag_backup_catchfillv2' retrieved from /opt/airflow/dags/dag_backup_catchfill.py
[2024-05-03T19:00:22.679+0000] {logging_mixin.py:188} INFO - [2024-05-03T19:00:22.679+0000] {dag.py:3096} INFO - Sync 1 DAGs
[2024-05-03T19:00:22.691+0000] {logging_mixin.py:188} INFO - [2024-05-03T19:00:22.691+0000] {dag.py:3954} INFO - Setting next_dagrun for dag_backup_catchfillv2 to 2024-05-04 00:00:00+00:00, run_after=2024-05-05 00:00:00+00:00
[2024-05-03T19:00:22.700+0000] {processor.py:183} INFO - Processing /opt/airflow/dags/dag_backup_catchfill.py took 0.064 seconds
[2024-05-03T19:00:53.128+0000] {processor.py:161} INFO - Started process (PID=3968) to work on /opt/airflow/dags/dag_backup_catchfill.py
[2024-05-03T19:00:53.129+0000] {processor.py:830} INFO - Processing file /opt/airflow/dags/dag_backup_catchfill.py for tasks to queue
[2024-05-03T19:00:53.131+0000] {logging_mixin.py:188} INFO - [2024-05-03T19:00:53.130+0000] {dagbag.py:540} INFO - Filling up the DagBag from /opt/airflow/dags/dag_backup_catchfill.py
[2024-05-03T19:00:53.144+0000] {processor.py:840} INFO - DAG(s) 'dag_backup_catchfillv2' retrieved from /opt/airflow/dags/dag_backup_catchfill.py
[2024-05-03T19:00:53.161+0000] {logging_mixin.py:188} INFO - [2024-05-03T19:00:53.160+0000] {dag.py:3096} INFO - Sync 1 DAGs
[2024-05-03T19:00:53.173+0000] {logging_mixin.py:188} INFO - [2024-05-03T19:00:53.173+0000] {dag.py:3954} INFO - Setting next_dagrun for dag_backup_catchfillv2 to 2024-05-04 00:00:00+00:00, run_after=2024-05-05 00:00:00+00:00
[2024-05-03T19:00:53.182+0000] {processor.py:183} INFO - Processing /opt/airflow/dags/dag_backup_catchfill.py took 0.061 seconds
[2024-05-03T19:01:23.696+0000] {processor.py:161} INFO - Started process (PID=3994) to work on /opt/airflow/dags/dag_backup_catchfill.py
[2024-05-03T19:01:23.698+0000] {processor.py:830} INFO - Processing file /opt/airflow/dags/dag_backup_catchfill.py for tasks to queue
[2024-05-03T19:01:23.699+0000] {logging_mixin.py:188} INFO - [2024-05-03T19:01:23.698+0000] {dagbag.py:540} INFO - Filling up the DagBag from /opt/airflow/dags/dag_backup_catchfill.py
[2024-05-03T19:01:23.713+0000] {processor.py:840} INFO - DAG(s) 'dag_backup_catchfillv2' retrieved from /opt/airflow/dags/dag_backup_catchfill.py
[2024-05-03T19:01:23.730+0000] {logging_mixin.py:188} INFO - [2024-05-03T19:01:23.729+0000] {dag.py:3096} INFO - Sync 1 DAGs
[2024-05-03T19:01:23.741+0000] {logging_mixin.py:188} INFO - [2024-05-03T19:01:23.741+0000] {dag.py:3954} INFO - Setting next_dagrun for dag_backup_catchfillv2 to 2024-05-04 00:00:00+00:00, run_after=2024-05-05 00:00:00+00:00
[2024-05-03T19:01:23.752+0000] {processor.py:183} INFO - Processing /opt/airflow/dags/dag_backup_catchfill.py took 0.063 seconds
[2024-05-03T19:01:54.179+0000] {processor.py:161} INFO - Started process (PID=4020) to work on /opt/airflow/dags/dag_backup_catchfill.py
[2024-05-03T19:01:54.180+0000] {processor.py:830} INFO - Processing file /opt/airflow/dags/dag_backup_catchfill.py for tasks to queue
[2024-05-03T19:01:54.182+0000] {logging_mixin.py:188} INFO - [2024-05-03T19:01:54.181+0000] {dagbag.py:540} INFO - Filling up the DagBag from /opt/airflow/dags/dag_backup_catchfill.py
[2024-05-03T19:01:54.194+0000] {processor.py:840} INFO - DAG(s) 'dag_backup_catchfillv2' retrieved from /opt/airflow/dags/dag_backup_catchfill.py
[2024-05-03T19:01:54.215+0000] {logging_mixin.py:188} INFO - [2024-05-03T19:01:54.215+0000] {dag.py:3096} INFO - Sync 1 DAGs
[2024-05-03T19:01:54.228+0000] {logging_mixin.py:188} INFO - [2024-05-03T19:01:54.228+0000] {dag.py:3954} INFO - Setting next_dagrun for dag_backup_catchfillv2 to 2024-05-04 00:00:00+00:00, run_after=2024-05-05 00:00:00+00:00
[2024-05-03T19:01:54.237+0000] {processor.py:183} INFO - Processing /opt/airflow/dags/dag_backup_catchfill.py took 0.065 seconds
