[2024-05-15T10:25:38.018+0000] {local_task_job_runner.py:120} INFO - ::group::Pre task execution logs
[2024-05-15T10:25:38.050+0000] {taskinstance.py:2073} INFO - Dependencies all met for dep_context=non-requeueable deps ti=<TaskInstance: dag_hdfs.save scheduled__2024-05-08T00:00:00+00:00 [queued]>
[2024-05-15T10:25:38.055+0000] {taskinstance.py:2073} INFO - Dependencies all met for dep_context=requeueable deps ti=<TaskInstance: dag_hdfs.save scheduled__2024-05-08T00:00:00+00:00 [queued]>
[2024-05-15T10:25:38.056+0000] {taskinstance.py:2303} INFO - Starting attempt 2 of 6
[2024-05-15T10:25:38.076+0000] {taskinstance.py:2327} INFO - Executing <Task(BashOperator): save> on 2024-05-08 00:00:00+00:00
[2024-05-15T10:25:38.099+0000] {logging_mixin.py:188} WARNING - /home/***/.local/lib/python3.12/site-packages/***/task/task_runner/standard_task_runner.py:61 DeprecationWarning: This process (pid=739) is multi-threaded, use of fork() may lead to deadlocks in the child.
[2024-05-15T10:25:38.105+0000] {standard_task_runner.py:63} INFO - Started process 758 to run task
[2024-05-15T10:25:38.097+0000] {standard_task_runner.py:90} INFO - Running: ['***', 'tasks', 'run', 'dag_hdfs', 'save', 'scheduled__2024-05-08T00:00:00+00:00', '--job-id', '190', '--raw', '--subdir', 'DAGS_FOLDER/hdfs_dag.py', '--cfg-path', '/tmp/tmp882jnkc0']
[2024-05-15T10:25:38.108+0000] {standard_task_runner.py:91} INFO - Job 190: Subtask save
[2024-05-15T10:25:38.232+0000] {task_command.py:426} INFO - Running <TaskInstance: dag_hdfs.save scheduled__2024-05-08T00:00:00+00:00 [running]> on host f85b7a0b58b5
[2024-05-15T10:25:38.312+0000] {taskinstance.py:2644} INFO - Exporting env vars: AIRFLOW_CTX_DAG_OWNER='bses' AIRFLOW_CTX_DAG_ID='dag_hdfs' AIRFLOW_CTX_TASK_ID='save' AIRFLOW_CTX_EXECUTION_DATE='2024-05-08T00:00:00+00:00' AIRFLOW_CTX_TRY_NUMBER='2' AIRFLOW_CTX_DAG_RUN_ID='scheduled__2024-05-08T00:00:00+00:00'
[2024-05-15T10:25:38.314+0000] {taskinstance.py:430} INFO - ::endgroup::
[2024-05-15T10:25:38.321+0000] {subprocess.py:63} INFO - Tmp dir root location: /tmp
[2024-05-15T10:25:38.322+0000] {subprocess.py:75} INFO - Running command: ['/usr/bin/bash', '-c', 'hdfs dfs -mkdir /tmp']
[2024-05-15T10:25:38.329+0000] {subprocess.py:86} INFO - Output:
[2024-05-15T10:25:38.331+0000] {subprocess.py:93} INFO - /usr/bin/bash: line 1: hdfs: command not found
[2024-05-15T10:25:38.332+0000] {subprocess.py:97} INFO - Command exited with return code 127
[2024-05-15T10:25:38.333+0000] {taskinstance.py:441} INFO - ::group::Post task execution logs
[2024-05-15T10:25:38.341+0000] {taskinstance.py:2890} ERROR - Task failed with exception
Traceback (most recent call last):
  File "/home/airflow/.local/lib/python3.12/site-packages/airflow/models/taskinstance.py", line 465, in _execute_task
    result = _execute_callable(context=context, **execute_callable_kwargs)
             ^^^^^^^^^^^^^^^^^^^^^^^^^^^^^^^^^^^^^^^^^^^^^^^^^^^^^^^^^^^^^
  File "/home/airflow/.local/lib/python3.12/site-packages/airflow/models/taskinstance.py", line 432, in _execute_callable
    return execute_callable(context=context, **execute_callable_kwargs)
           ^^^^^^^^^^^^^^^^^^^^^^^^^^^^^^^^^^^^^^^^^^^^^^^^^^^^^^^^^^^^
  File "/home/airflow/.local/lib/python3.12/site-packages/airflow/models/baseoperator.py", line 400, in wrapper
    return func(self, *args, **kwargs)
           ^^^^^^^^^^^^^^^^^^^^^^^^^^^
  File "/home/airflow/.local/lib/python3.12/site-packages/airflow/operators/bash.py", line 243, in execute
    raise AirflowException(
airflow.exceptions.AirflowException: Bash command failed. The command returned a non-zero exit code 127.
[2024-05-15T10:25:38.346+0000] {taskinstance.py:1205} INFO - Marking task as UP_FOR_RETRY. dag_id=dag_hdfs, task_id=save, execution_date=20240508T000000, start_date=20240515T102538, end_date=20240515T102538
[2024-05-15T10:25:38.355+0000] {standard_task_runner.py:110} ERROR - Failed to execute job 190 for task save (Bash command failed. The command returned a non-zero exit code 127.; 758)
[2024-05-15T10:25:38.378+0000] {local_task_job_runner.py:240} INFO - Task exited with return code 1
[2024-05-15T10:25:38.388+0000] {taskinstance.py:3482} INFO - 0 downstream tasks scheduled from follow-on schedule check
[2024-05-15T10:25:38.395+0000] {local_task_job_runner.py:222} INFO - ::endgroup::
