[2024-05-15T10:15:42.094+0000] {local_task_job_runner.py:120} INFO - ::group::Pre task execution logs
[2024-05-15T10:15:42.129+0000] {taskinstance.py:2073} INFO - Dependencies all met for dep_context=non-requeueable deps ti=<TaskInstance: dag_hdfs.save scheduled__2024-05-01T00:00:00+00:00 [queued]>
[2024-05-15T10:15:42.138+0000] {taskinstance.py:2073} INFO - Dependencies all met for dep_context=requeueable deps ti=<TaskInstance: dag_hdfs.save scheduled__2024-05-01T00:00:00+00:00 [queued]>
[2024-05-15T10:15:42.138+0000] {taskinstance.py:2303} INFO - Starting attempt 1 of 6
[2024-05-15T10:15:42.194+0000] {taskinstance.py:2327} INFO - Executing <Task(PythonOperator): save> on 2024-05-01 00:00:00+00:00
[2024-05-15T10:15:42.200+0000] {standard_task_runner.py:90} INFO - Running: ['***', 'tasks', 'run', 'dag_hdfs', 'save', 'scheduled__2024-05-01T00:00:00+00:00', '--job-id', '140', '--raw', '--subdir', 'DAGS_FOLDER/hdfs_dag.py', '--cfg-path', '/tmp/tmpl32otoeo']
[2024-05-15T10:15:42.211+0000] {standard_task_runner.py:91} INFO - Job 140: Subtask save
[2024-05-15T10:15:42.205+0000] {logging_mixin.py:188} WARNING - /home/***/.local/lib/python3.12/site-packages/***/task/task_runner/standard_task_runner.py:61 DeprecationWarning: This process (pid=213) is multi-threaded, use of fork() may lead to deadlocks in the child.
[2024-05-15T10:15:42.221+0000] {standard_task_runner.py:63} INFO - Started process 225 to run task
[2024-05-15T10:15:42.279+0000] {task_command.py:426} INFO - Running <TaskInstance: dag_hdfs.save scheduled__2024-05-01T00:00:00+00:00 [running]> on host f85b7a0b58b5
[2024-05-15T10:15:42.364+0000] {taskinstance.py:2644} INFO - Exporting env vars: AIRFLOW_CTX_DAG_OWNER='bses' AIRFLOW_CTX_DAG_ID='dag_hdfs' AIRFLOW_CTX_TASK_ID='save' AIRFLOW_CTX_EXECUTION_DATE='2024-05-01T00:00:00+00:00' AIRFLOW_CTX_TRY_NUMBER='1' AIRFLOW_CTX_DAG_RUN_ID='scheduled__2024-05-01T00:00:00+00:00'
[2024-05-15T10:15:42.368+0000] {taskinstance.py:430} INFO - ::endgroup::
[2024-05-15T10:15:42.389+0000] {logging_mixin.py:188} INFO - Error  /bin/sh: 1: hdfs: Permission denied
[2024-05-15T10:15:42.390+0000] {python.py:237} INFO - Done. Returned value was: None
[2024-05-15T10:15:42.393+0000] {taskinstance.py:441} INFO - ::group::Post task execution logs
[2024-05-15T10:15:42.404+0000] {taskinstance.py:1205} INFO - Marking task as SUCCESS. dag_id=dag_hdfs, task_id=save, execution_date=20240501T000000, start_date=20240515T101542, end_date=20240515T101542
[2024-05-15T10:15:42.493+0000] {local_task_job_runner.py:240} INFO - Task exited with return code 0
[2024-05-15T10:15:42.541+0000] {taskinstance.py:3482} INFO - 1 downstream tasks scheduled from follow-on schedule check
[2024-05-15T10:15:42.548+0000] {local_task_job_runner.py:222} INFO - ::endgroup::
[2024-05-15T10:20:35.278+0000] {local_task_job_runner.py:120} INFO - ::group::Pre task execution logs
[2024-05-15T10:20:35.324+0000] {taskinstance.py:2073} INFO - Dependencies all met for dep_context=non-requeueable deps ti=<TaskInstance: dag_hdfs.save scheduled__2024-05-01T00:00:00+00:00 [queued]>
[2024-05-15T10:20:35.339+0000] {taskinstance.py:2073} INFO - Dependencies all met for dep_context=requeueable deps ti=<TaskInstance: dag_hdfs.save scheduled__2024-05-01T00:00:00+00:00 [queued]>
[2024-05-15T10:20:35.340+0000] {taskinstance.py:2303} INFO - Starting attempt 1 of 6
[2024-05-15T10:20:35.399+0000] {taskinstance.py:2327} INFO - Executing <Task(BashOperator): save> on 2024-05-01 00:00:00+00:00
[2024-05-15T10:20:35.417+0000] {logging_mixin.py:188} WARNING - /home/***/.local/lib/python3.12/site-packages/***/task/task_runner/standard_task_runner.py:61 DeprecationWarning: This process (pid=496) is multi-threaded, use of fork() may lead to deadlocks in the child.
[2024-05-15T10:20:35.422+0000] {standard_task_runner.py:63} INFO - Started process 516 to run task
[2024-05-15T10:20:35.422+0000] {standard_task_runner.py:90} INFO - Running: ['***', 'tasks', 'run', 'dag_hdfs', 'save', 'scheduled__2024-05-01T00:00:00+00:00', '--job-id', '170', '--raw', '--subdir', 'DAGS_FOLDER/hdfs_dag.py', '--cfg-path', '/tmp/tmp_2aiko_a']
[2024-05-15T10:20:35.440+0000] {standard_task_runner.py:91} INFO - Job 170: Subtask save
[2024-05-15T10:20:35.556+0000] {task_command.py:426} INFO - Running <TaskInstance: dag_hdfs.save scheduled__2024-05-01T00:00:00+00:00 [running]> on host f85b7a0b58b5
[2024-05-15T10:20:35.703+0000] {taskinstance.py:2644} INFO - Exporting env vars: AIRFLOW_CTX_DAG_OWNER='bses' AIRFLOW_CTX_DAG_ID='dag_hdfs' AIRFLOW_CTX_TASK_ID='save' AIRFLOW_CTX_EXECUTION_DATE='2024-05-01T00:00:00+00:00' AIRFLOW_CTX_TRY_NUMBER='1' AIRFLOW_CTX_DAG_RUN_ID='scheduled__2024-05-01T00:00:00+00:00'
[2024-05-15T10:20:35.711+0000] {taskinstance.py:430} INFO - ::endgroup::
[2024-05-15T10:20:35.744+0000] {subprocess.py:63} INFO - Tmp dir root location: /tmp
[2024-05-15T10:20:35.750+0000] {subprocess.py:75} INFO - Running command: ['/usr/bin/bash', '-c', 'hdfs dfs -mkdir /tmp']
[2024-05-15T10:20:35.772+0000] {subprocess.py:86} INFO - Output:
[2024-05-15T10:20:35.774+0000] {subprocess.py:93} INFO - /usr/bin/bash: line 1: hdfs: command not found
[2024-05-15T10:20:35.781+0000] {subprocess.py:97} INFO - Command exited with return code 127
[2024-05-15T10:20:35.794+0000] {taskinstance.py:441} INFO - ::group::Post task execution logs
[2024-05-15T10:20:35.815+0000] {taskinstance.py:2890} ERROR - Task failed with exception
Traceback (most recent call last):
  File "/home/airflow/.local/lib/python3.12/site-packages/airflow/models/taskinstance.py", line 465, in _execute_task
    result = _execute_callable(context=context, **execute_callable_kwargs)
             ^^^^^^^^^^^^^^^^^^^^^^^^^^^^^^^^^^^^^^^^^^^^^^^^^^^^^^^^^^^^^
  File "/home/airflow/.local/lib/python3.12/site-packages/airflow/models/taskinstance.py", line 432, in _execute_callable
    return execute_callable(context=context, **execute_callable_kwargs)
           ^^^^^^^^^^^^^^^^^^^^^^^^^^^^^^^^^^^^^^^^^^^^^^^^^^^^^^^^^^^^
  File "/home/airflow/.local/lib/python3.12/site-packages/airflow/models/baseoperator.py", line 400, in wrapper
    return func(self, *args, **kwargs)
           ^^^^^^^^^^^^^^^^^^^^^^^^^^^
  File "/home/airflow/.local/lib/python3.12/site-packages/airflow/operators/bash.py", line 243, in execute
    raise AirflowException(
airflow.exceptions.AirflowException: Bash command failed. The command returned a non-zero exit code 127.
[2024-05-15T10:20:35.823+0000] {taskinstance.py:1205} INFO - Marking task as UP_FOR_RETRY. dag_id=dag_hdfs, task_id=save, execution_date=20240501T000000, start_date=20240515T102035, end_date=20240515T102035
[2024-05-15T10:20:35.941+0000] {standard_task_runner.py:110} ERROR - Failed to execute job 170 for task save (Bash command failed. The command returned a non-zero exit code 127.; 516)
[2024-05-15T10:20:35.984+0000] {local_task_job_runner.py:240} INFO - Task exited with return code 1
[2024-05-15T10:20:36.081+0000] {taskinstance.py:3482} INFO - 0 downstream tasks scheduled from follow-on schedule check
[2024-05-15T10:20:36.085+0000] {local_task_job_runner.py:222} INFO - ::endgroup::
[2024-05-15T10:31:14.480+0000] {local_task_job_runner.py:120} INFO - ::group::Pre task execution logs
[2024-05-15T10:31:14.500+0000] {taskinstance.py:2073} INFO - Dependencies all met for dep_context=non-requeueable deps ti=<TaskInstance: dag_hdfs.save scheduled__2024-05-01T00:00:00+00:00 [queued]>
[2024-05-15T10:31:14.514+0000] {taskinstance.py:2073} INFO - Dependencies all met for dep_context=requeueable deps ti=<TaskInstance: dag_hdfs.save scheduled__2024-05-01T00:00:00+00:00 [queued]>
[2024-05-15T10:31:14.516+0000] {taskinstance.py:2303} INFO - Starting attempt 1 of 6
[2024-05-15T10:31:14.758+0000] {taskinstance.py:2327} INFO - Executing <Task(BashOperator): save> on 2024-05-01 00:00:00+00:00
[2024-05-15T10:31:14.776+0000] {logging_mixin.py:188} WARNING - /home/***/.local/lib/python3.12/site-packages/***/task/task_runner/standard_task_runner.py:61 DeprecationWarning: This process (pid=197) is multi-threaded, use of fork() may lead to deadlocks in the child.
[2024-05-15T10:31:14.781+0000] {standard_task_runner.py:63} INFO - Started process 218 to run task
[2024-05-15T10:31:14.786+0000] {standard_task_runner.py:90} INFO - Running: ['***', 'tasks', 'run', 'dag_hdfs', 'save', 'scheduled__2024-05-01T00:00:00+00:00', '--job-id', '200', '--raw', '--subdir', 'DAGS_FOLDER/hdfs_dag.py', '--cfg-path', '/tmp/tmpurc8i5uy']
[2024-05-15T10:31:14.809+0000] {standard_task_runner.py:91} INFO - Job 200: Subtask save
[2024-05-15T10:31:14.986+0000] {task_command.py:426} INFO - Running <TaskInstance: dag_hdfs.save scheduled__2024-05-01T00:00:00+00:00 [running]> on host 8fa157e7798a
[2024-05-15T10:31:15.289+0000] {taskinstance.py:2644} INFO - Exporting env vars: AIRFLOW_CTX_DAG_OWNER='bses' AIRFLOW_CTX_DAG_ID='dag_hdfs' AIRFLOW_CTX_TASK_ID='save' AIRFLOW_CTX_EXECUTION_DATE='2024-05-01T00:00:00+00:00' AIRFLOW_CTX_TRY_NUMBER='1' AIRFLOW_CTX_DAG_RUN_ID='scheduled__2024-05-01T00:00:00+00:00'
[2024-05-15T10:31:15.294+0000] {taskinstance.py:430} INFO - ::endgroup::
[2024-05-15T10:31:15.387+0000] {subprocess.py:63} INFO - Tmp dir root location: /tmp
[2024-05-15T10:31:15.389+0000] {subprocess.py:75} INFO - Running command: ['/usr/bin/bash', '-c', 'hdfs dfs -mkdir /tmp']
[2024-05-15T10:31:15.445+0000] {subprocess.py:86} INFO - Output:
[2024-05-15T10:31:15.451+0000] {subprocess.py:93} INFO - /usr/bin/bash: line 1: hdfs: command not found
[2024-05-15T10:31:15.451+0000] {subprocess.py:97} INFO - Command exited with return code 127
[2024-05-15T10:31:15.455+0000] {taskinstance.py:441} INFO - ::group::Post task execution logs
[2024-05-15T10:31:15.472+0000] {taskinstance.py:2890} ERROR - Task failed with exception
Traceback (most recent call last):
  File "/home/airflow/.local/lib/python3.12/site-packages/airflow/models/taskinstance.py", line 465, in _execute_task
    result = _execute_callable(context=context, **execute_callable_kwargs)
             ^^^^^^^^^^^^^^^^^^^^^^^^^^^^^^^^^^^^^^^^^^^^^^^^^^^^^^^^^^^^^
  File "/home/airflow/.local/lib/python3.12/site-packages/airflow/models/taskinstance.py", line 432, in _execute_callable
    return execute_callable(context=context, **execute_callable_kwargs)
           ^^^^^^^^^^^^^^^^^^^^^^^^^^^^^^^^^^^^^^^^^^^^^^^^^^^^^^^^^^^^
  File "/home/airflow/.local/lib/python3.12/site-packages/airflow/models/baseoperator.py", line 400, in wrapper
    return func(self, *args, **kwargs)
           ^^^^^^^^^^^^^^^^^^^^^^^^^^^
  File "/home/airflow/.local/lib/python3.12/site-packages/airflow/operators/bash.py", line 243, in execute
    raise AirflowException(
airflow.exceptions.AirflowException: Bash command failed. The command returned a non-zero exit code 127.
[2024-05-15T10:31:15.495+0000] {taskinstance.py:1205} INFO - Marking task as UP_FOR_RETRY. dag_id=dag_hdfs, task_id=save, execution_date=20240501T000000, start_date=20240515T103114, end_date=20240515T103115
[2024-05-15T10:31:15.551+0000] {standard_task_runner.py:110} ERROR - Failed to execute job 200 for task save (Bash command failed. The command returned a non-zero exit code 127.; 218)
[2024-05-15T10:31:15.603+0000] {local_task_job_runner.py:240} INFO - Task exited with return code 1
[2024-05-15T10:31:15.626+0000] {taskinstance.py:3482} INFO - 0 downstream tasks scheduled from follow-on schedule check
[2024-05-15T10:31:15.633+0000] {local_task_job_runner.py:222} INFO - ::endgroup::
