[2024-05-15T10:25:36.541+0000] {local_task_job_runner.py:120} INFO - ::group::Pre task execution logs
[2024-05-15T10:25:36.556+0000] {taskinstance.py:2073} INFO - Dependencies all met for dep_context=non-requeueable deps ti=<TaskInstance: dag_hdfs.save scheduled__2024-05-01T00:00:00+00:00 [queued]>
[2024-05-15T10:25:36.560+0000] {taskinstance.py:2073} INFO - Dependencies all met for dep_context=requeueable deps ti=<TaskInstance: dag_hdfs.save scheduled__2024-05-01T00:00:00+00:00 [queued]>
[2024-05-15T10:25:36.561+0000] {taskinstance.py:2303} INFO - Starting attempt 2 of 6
[2024-05-15T10:25:36.567+0000] {taskinstance.py:2327} INFO - Executing <Task(BashOperator): save> on 2024-05-01 00:00:00+00:00
[2024-05-15T10:25:36.573+0000] {logging_mixin.py:188} WARNING - /home/***/.local/lib/python3.12/site-packages/***/task/task_runner/standard_task_runner.py:61 DeprecationWarning: This process (pid=721) is multi-threaded, use of fork() may lead to deadlocks in the child.
[2024-05-15T10:25:36.575+0000] {standard_task_runner.py:90} INFO - Running: ['***', 'tasks', 'run', 'dag_hdfs', 'save', 'scheduled__2024-05-01T00:00:00+00:00', '--job-id', '186', '--raw', '--subdir', 'DAGS_FOLDER/hdfs_dag.py', '--cfg-path', '/tmp/tmpw5ka0mfw']
[2024-05-15T10:25:36.577+0000] {standard_task_runner.py:63} INFO - Started process 729 to run task
[2024-05-15T10:25:36.577+0000] {standard_task_runner.py:91} INFO - Job 186: Subtask save
[2024-05-15T10:25:36.636+0000] {task_command.py:426} INFO - Running <TaskInstance: dag_hdfs.save scheduled__2024-05-01T00:00:00+00:00 [running]> on host f85b7a0b58b5
[2024-05-15T10:25:36.690+0000] {taskinstance.py:2644} INFO - Exporting env vars: AIRFLOW_CTX_DAG_OWNER='bses' AIRFLOW_CTX_DAG_ID='dag_hdfs' AIRFLOW_CTX_TASK_ID='save' AIRFLOW_CTX_EXECUTION_DATE='2024-05-01T00:00:00+00:00' AIRFLOW_CTX_TRY_NUMBER='2' AIRFLOW_CTX_DAG_RUN_ID='scheduled__2024-05-01T00:00:00+00:00'
[2024-05-15T10:25:36.691+0000] {taskinstance.py:430} INFO - ::endgroup::
[2024-05-15T10:25:36.698+0000] {subprocess.py:63} INFO - Tmp dir root location: /tmp
[2024-05-15T10:25:36.699+0000] {subprocess.py:75} INFO - Running command: ['/usr/bin/bash', '-c', 'hdfs dfs -mkdir /tmp']
[2024-05-15T10:25:36.705+0000] {subprocess.py:86} INFO - Output:
[2024-05-15T10:25:36.706+0000] {subprocess.py:93} INFO - /usr/bin/bash: line 1: hdfs: command not found
[2024-05-15T10:25:36.706+0000] {subprocess.py:97} INFO - Command exited with return code 127
[2024-05-15T10:25:36.707+0000] {taskinstance.py:441} INFO - ::group::Post task execution logs
[2024-05-15T10:25:36.714+0000] {taskinstance.py:2890} ERROR - Task failed with exception
Traceback (most recent call last):
  File "/home/airflow/.local/lib/python3.12/site-packages/airflow/models/taskinstance.py", line 465, in _execute_task
    result = _execute_callable(context=context, **execute_callable_kwargs)
             ^^^^^^^^^^^^^^^^^^^^^^^^^^^^^^^^^^^^^^^^^^^^^^^^^^^^^^^^^^^^^
  File "/home/airflow/.local/lib/python3.12/site-packages/airflow/models/taskinstance.py", line 432, in _execute_callable
    return execute_callable(context=context, **execute_callable_kwargs)
           ^^^^^^^^^^^^^^^^^^^^^^^^^^^^^^^^^^^^^^^^^^^^^^^^^^^^^^^^^^^^
  File "/home/airflow/.local/lib/python3.12/site-packages/airflow/models/baseoperator.py", line 400, in wrapper
    return func(self, *args, **kwargs)
           ^^^^^^^^^^^^^^^^^^^^^^^^^^^
  File "/home/airflow/.local/lib/python3.12/site-packages/airflow/operators/bash.py", line 243, in execute
    raise AirflowException(
airflow.exceptions.AirflowException: Bash command failed. The command returned a non-zero exit code 127.
[2024-05-15T10:25:36.716+0000] {taskinstance.py:1205} INFO - Marking task as UP_FOR_RETRY. dag_id=dag_hdfs, task_id=save, execution_date=20240501T000000, start_date=20240515T102536, end_date=20240515T102536
[2024-05-15T10:25:36.724+0000] {standard_task_runner.py:110} ERROR - Failed to execute job 186 for task save (Bash command failed. The command returned a non-zero exit code 127.; 729)
[2024-05-15T10:25:36.759+0000] {local_task_job_runner.py:240} INFO - Task exited with return code 1
[2024-05-15T10:25:36.769+0000] {taskinstance.py:3482} INFO - 0 downstream tasks scheduled from follow-on schedule check
[2024-05-15T10:25:36.771+0000] {local_task_job_runner.py:222} INFO - ::endgroup::
