[2024-05-16T11:19:49.334+0000] {local_task_job_runner.py:120} INFO - ::group::Pre task execution logs
[2024-05-16T11:19:49.360+0000] {taskinstance.py:2073} INFO - Dependencies all met for dep_context=non-requeueable deps ti=<TaskInstance: dag_tables.import_table2 scheduled__2024-05-10T00:00:00+00:00 [queued]>
[2024-05-16T11:19:49.367+0000] {taskinstance.py:2073} INFO - Dependencies all met for dep_context=requeueable deps ti=<TaskInstance: dag_tables.import_table2 scheduled__2024-05-10T00:00:00+00:00 [queued]>
[2024-05-16T11:19:49.370+0000] {taskinstance.py:2303} INFO - Starting attempt 1 of 6
[2024-05-16T11:19:49.409+0000] {taskinstance.py:2327} INFO - Executing <Task(BashOperator): import_table2> on 2024-05-10 00:00:00+00:00
[2024-05-16T11:19:49.416+0000] {standard_task_runner.py:90} INFO - Running: ['***', 'tasks', 'run', 'dag_tables', 'import_table2', 'scheduled__2024-05-10T00:00:00+00:00', '--job-id', '403', '--raw', '--subdir', 'DAGS_FOLDER/dag_mysql.py', '--cfg-path', '/tmp/tmprc_7tljr']
[2024-05-16T11:19:49.418+0000] {standard_task_runner.py:91} INFO - Job 403: Subtask import_table2
[2024-05-16T11:19:49.434+0000] {logging_mixin.py:188} WARNING - /home/***/.local/lib/python3.12/site-packages/***/task/task_runner/standard_task_runner.py:61 DeprecationWarning: This process (pid=256) is multi-threaded, use of fork() may lead to deadlocks in the child.
[2024-05-16T11:19:49.440+0000] {standard_task_runner.py:63} INFO - Started process 272 to run task
[2024-05-16T11:19:49.500+0000] {task_command.py:426} INFO - Running <TaskInstance: dag_tables.import_table2 scheduled__2024-05-10T00:00:00+00:00 [running]> on host 7084a6d88d3b
[2024-05-16T11:19:49.581+0000] {taskinstance.py:2644} INFO - Exporting env vars: AIRFLOW_CTX_DAG_OWNER='bses' AIRFLOW_CTX_DAG_ID='dag_tables' AIRFLOW_CTX_TASK_ID='import_table2' AIRFLOW_CTX_EXECUTION_DATE='2024-05-10T00:00:00+00:00' AIRFLOW_CTX_TRY_NUMBER='1' AIRFLOW_CTX_DAG_RUN_ID='scheduled__2024-05-10T00:00:00+00:00'
[2024-05-16T11:19:49.582+0000] {taskinstance.py:430} INFO - ::endgroup::
[2024-05-16T11:19:49.604+0000] {subprocess.py:63} INFO - Tmp dir root location: /tmp
[2024-05-16T11:19:49.607+0000] {subprocess.py:75} INFO - Running command: ['/usr/bin/bash', '-c', '\n                mysql -h host.docker.internal -u root --password=12345678 test < /opt/***/dags/product_category.sql;\n                ']
[2024-05-16T11:19:49.618+0000] {subprocess.py:86} INFO - Output:
[2024-05-16T11:19:49.681+0000] {subprocess.py:97} INFO - Command exited with return code 0
[2024-05-16T11:19:49.683+0000] {taskinstance.py:441} INFO - ::group::Post task execution logs
[2024-05-16T11:19:49.699+0000] {taskinstance.py:1205} INFO - Marking task as SUCCESS. dag_id=dag_tables, task_id=import_table2, execution_date=20240510T000000, start_date=20240516T111949, end_date=20240516T111949
[2024-05-16T11:19:49.757+0000] {local_task_job_runner.py:240} INFO - Task exited with return code 0
[2024-05-16T11:19:49.796+0000] {taskinstance.py:3482} INFO - 0 downstream tasks scheduled from follow-on schedule check
[2024-05-16T11:19:49.833+0000] {local_task_job_runner.py:222} INFO - ::endgroup::
[2024-05-16T11:22:31.857+0000] {local_task_job_runner.py:120} INFO - ::group::Pre task execution logs
[2024-05-16T11:22:31.894+0000] {taskinstance.py:2073} INFO - Dependencies all met for dep_context=non-requeueable deps ti=<TaskInstance: dag_tables.import_table2 scheduled__2024-05-10T00:00:00+00:00 [queued]>
[2024-05-16T11:22:31.900+0000] {taskinstance.py:2073} INFO - Dependencies all met for dep_context=requeueable deps ti=<TaskInstance: dag_tables.import_table2 scheduled__2024-05-10T00:00:00+00:00 [queued]>
[2024-05-16T11:22:31.901+0000] {taskinstance.py:2303} INFO - Starting attempt 1 of 6
[2024-05-16T11:22:31.957+0000] {taskinstance.py:2327} INFO - Executing <Task(BashOperator): import_table2> on 2024-05-10 00:00:00+00:00
[2024-05-16T11:22:31.967+0000] {standard_task_runner.py:90} INFO - Running: ['***', 'tasks', 'run', 'dag_tables', 'import_table2', 'scheduled__2024-05-10T00:00:00+00:00', '--job-id', '454', '--raw', '--subdir', 'DAGS_FOLDER/dag_mysql.py', '--cfg-path', '/tmp/tmpqg5e8bb9']
[2024-05-16T11:22:31.966+0000] {logging_mixin.py:188} WARNING - /home/***/.local/lib/python3.12/site-packages/***/task/task_runner/standard_task_runner.py:61 DeprecationWarning: This process (pid=534) is multi-threaded, use of fork() may lead to deadlocks in the child.
[2024-05-16T11:22:31.972+0000] {standard_task_runner.py:63} INFO - Started process 549 to run task
[2024-05-16T11:22:31.969+0000] {standard_task_runner.py:91} INFO - Job 454: Subtask import_table2
[2024-05-16T11:22:32.046+0000] {task_command.py:426} INFO - Running <TaskInstance: dag_tables.import_table2 scheduled__2024-05-10T00:00:00+00:00 [running]> on host 7084a6d88d3b
[2024-05-16T11:22:32.145+0000] {taskinstance.py:2644} INFO - Exporting env vars: AIRFLOW_CTX_DAG_OWNER='bses' AIRFLOW_CTX_DAG_ID='dag_tables' AIRFLOW_CTX_TASK_ID='import_table2' AIRFLOW_CTX_EXECUTION_DATE='2024-05-10T00:00:00+00:00' AIRFLOW_CTX_TRY_NUMBER='1' AIRFLOW_CTX_DAG_RUN_ID='scheduled__2024-05-10T00:00:00+00:00'
[2024-05-16T11:22:32.147+0000] {taskinstance.py:430} INFO - ::endgroup::
[2024-05-16T11:22:32.155+0000] {subprocess.py:63} INFO - Tmp dir root location: /tmp
[2024-05-16T11:22:32.157+0000] {subprocess.py:75} INFO - Running command: ['/usr/bin/bash', '-c', '\n                mysql -h host.docker.internal -u root --password=12345678 test < /opt/***/dags/product_category.sql\n                ']
[2024-05-16T11:22:32.170+0000] {subprocess.py:86} INFO - Output:
[2024-05-16T11:22:32.277+0000] {subprocess.py:97} INFO - Command exited with return code 0
[2024-05-16T11:22:32.279+0000] {taskinstance.py:441} INFO - ::group::Post task execution logs
[2024-05-16T11:22:32.306+0000] {taskinstance.py:1205} INFO - Marking task as SUCCESS. dag_id=dag_tables, task_id=import_table2, execution_date=20240510T000000, start_date=20240516T112231, end_date=20240516T112232
[2024-05-16T11:22:32.340+0000] {local_task_job_runner.py:240} INFO - Task exited with return code 0
[2024-05-16T11:22:32.358+0000] {taskinstance.py:3482} INFO - 1 downstream tasks scheduled from follow-on schedule check
[2024-05-16T11:22:32.359+0000] {local_task_job_runner.py:222} INFO - ::endgroup::
[2024-05-16T11:24:49.679+0000] {local_task_job_runner.py:120} INFO - ::group::Pre task execution logs
[2024-05-16T11:24:49.699+0000] {taskinstance.py:2073} INFO - Dependencies all met for dep_context=non-requeueable deps ti=<TaskInstance: dag_tables.import_table2 scheduled__2024-05-10T00:00:00+00:00 [queued]>
[2024-05-16T11:24:49.703+0000] {taskinstance.py:2073} INFO - Dependencies all met for dep_context=requeueable deps ti=<TaskInstance: dag_tables.import_table2 scheduled__2024-05-10T00:00:00+00:00 [queued]>
[2024-05-16T11:24:49.704+0000] {taskinstance.py:2303} INFO - Starting attempt 1 of 6
[2024-05-16T11:24:49.714+0000] {taskinstance.py:2327} INFO - Executing <Task(BashOperator): import_table2> on 2024-05-10 00:00:00+00:00
[2024-05-16T11:24:49.722+0000] {logging_mixin.py:188} WARNING - /home/***/.local/lib/python3.12/site-packages/***/task/task_runner/standard_task_runner.py:61 DeprecationWarning: This process (pid=768) is multi-threaded, use of fork() may lead to deadlocks in the child.
[2024-05-16T11:24:49.724+0000] {standard_task_runner.py:63} INFO - Started process 774 to run task
[2024-05-16T11:24:49.723+0000] {standard_task_runner.py:90} INFO - Running: ['***', 'tasks', 'run', 'dag_tables', 'import_table2', 'scheduled__2024-05-10T00:00:00+00:00', '--job-id', '497', '--raw', '--subdir', 'DAGS_FOLDER/dag_mysql.py', '--cfg-path', '/tmp/tmpatgce8w2']
[2024-05-16T11:24:49.728+0000] {standard_task_runner.py:91} INFO - Job 497: Subtask import_table2
[2024-05-16T11:24:49.767+0000] {task_command.py:426} INFO - Running <TaskInstance: dag_tables.import_table2 scheduled__2024-05-10T00:00:00+00:00 [running]> on host 7084a6d88d3b
[2024-05-16T11:24:49.832+0000] {taskinstance.py:2644} INFO - Exporting env vars: AIRFLOW_CTX_DAG_OWNER='bses' AIRFLOW_CTX_DAG_ID='dag_tables' AIRFLOW_CTX_TASK_ID='import_table2' AIRFLOW_CTX_EXECUTION_DATE='2024-05-10T00:00:00+00:00' AIRFLOW_CTX_TRY_NUMBER='1' AIRFLOW_CTX_DAG_RUN_ID='scheduled__2024-05-10T00:00:00+00:00'
[2024-05-16T11:24:49.836+0000] {taskinstance.py:430} INFO - ::endgroup::
[2024-05-16T11:24:49.848+0000] {subprocess.py:63} INFO - Tmp dir root location: /tmp
[2024-05-16T11:24:49.851+0000] {subprocess.py:75} INFO - Running command: ['/usr/bin/bash', '-c', '\n                mysql -h host.docker.internal -u root --password=12345678 test < /opt/***/dags/product_category.sql\n                ']
[2024-05-16T11:24:49.863+0000] {subprocess.py:86} INFO - Output:
[2024-05-16T11:24:49.993+0000] {subprocess.py:97} INFO - Command exited with return code 0
[2024-05-16T11:24:49.994+0000] {taskinstance.py:441} INFO - ::group::Post task execution logs
[2024-05-16T11:24:50.015+0000] {taskinstance.py:1205} INFO - Marking task as SUCCESS. dag_id=dag_tables, task_id=import_table2, execution_date=20240510T000000, start_date=20240516T112449, end_date=20240516T112450
[2024-05-16T11:24:50.078+0000] {local_task_job_runner.py:240} INFO - Task exited with return code 0
[2024-05-16T11:24:50.092+0000] {taskinstance.py:3482} INFO - 0 downstream tasks scheduled from follow-on schedule check
[2024-05-16T11:24:50.094+0000] {local_task_job_runner.py:222} INFO - ::endgroup::
