[2024-05-16T11:19:50.659+0000] {local_task_job_runner.py:120} INFO - ::group::Pre task execution logs
[2024-05-16T11:19:50.681+0000] {taskinstance.py:2073} INFO - Dependencies all met for dep_context=non-requeueable deps ti=<TaskInstance: dag_tables.import_table4 scheduled__2024-05-04T00:00:00+00:00 [queued]>
[2024-05-16T11:19:50.687+0000] {taskinstance.py:2073} INFO - Dependencies all met for dep_context=requeueable deps ti=<TaskInstance: dag_tables.import_table4 scheduled__2024-05-04T00:00:00+00:00 [queued]>
[2024-05-16T11:19:50.689+0000] {taskinstance.py:2303} INFO - Starting attempt 1 of 6
[2024-05-16T11:19:50.700+0000] {taskinstance.py:2327} INFO - Executing <Task(BashOperator): import_table4> on 2024-05-04 00:00:00+00:00
[2024-05-16T11:19:50.707+0000] {logging_mixin.py:188} WARNING - /home/***/.local/lib/python3.12/site-packages/***/task/task_runner/standard_task_runner.py:61 DeprecationWarning: This process (pid=332) is multi-threaded, use of fork() may lead to deadlocks in the child.
[2024-05-16T11:19:50.708+0000] {standard_task_runner.py:63} INFO - Started process 342 to run task
[2024-05-16T11:19:50.710+0000] {standard_task_runner.py:90} INFO - Running: ['***', 'tasks', 'run', 'dag_tables', 'import_table4', 'scheduled__2024-05-04T00:00:00+00:00', '--job-id', '422', '--raw', '--subdir', 'DAGS_FOLDER/dag_mysql.py', '--cfg-path', '/tmp/tmp02ixwjto']
[2024-05-16T11:19:50.715+0000] {standard_task_runner.py:91} INFO - Job 422: Subtask import_table4
[2024-05-16T11:19:50.766+0000] {task_command.py:426} INFO - Running <TaskInstance: dag_tables.import_table4 scheduled__2024-05-04T00:00:00+00:00 [running]> on host 7084a6d88d3b
[2024-05-16T11:19:50.865+0000] {taskinstance.py:2644} INFO - Exporting env vars: AIRFLOW_CTX_DAG_OWNER='bses' AIRFLOW_CTX_DAG_ID='dag_tables' AIRFLOW_CTX_TASK_ID='import_table4' AIRFLOW_CTX_EXECUTION_DATE='2024-05-04T00:00:00+00:00' AIRFLOW_CTX_TRY_NUMBER='1' AIRFLOW_CTX_DAG_RUN_ID='scheduled__2024-05-04T00:00:00+00:00'
[2024-05-16T11:19:50.869+0000] {taskinstance.py:430} INFO - ::endgroup::
[2024-05-16T11:19:50.878+0000] {subprocess.py:63} INFO - Tmp dir root location: /tmp
[2024-05-16T11:19:50.879+0000] {subprocess.py:75} INFO - Running command: ['/usr/bin/bash', '-c', '\n                mysql -h host.docker.internal -u root --password=12345678 test < /opt/***/dags/report_table.sql;\n                ']
[2024-05-16T11:19:50.889+0000] {subprocess.py:86} INFO - Output:
[2024-05-16T11:19:50.949+0000] {subprocess.py:93} INFO - ERROR 1050 (42S01) at line 8: Table 'customer_profile' already exists
[2024-05-16T11:19:50.951+0000] {subprocess.py:97} INFO - Command exited with return code 1
[2024-05-16T11:19:50.951+0000] {taskinstance.py:441} INFO - ::group::Post task execution logs
[2024-05-16T11:19:50.967+0000] {taskinstance.py:2890} ERROR - Task failed with exception
Traceback (most recent call last):
  File "/home/airflow/.local/lib/python3.12/site-packages/airflow/models/taskinstance.py", line 465, in _execute_task
    result = _execute_callable(context=context, **execute_callable_kwargs)
             ^^^^^^^^^^^^^^^^^^^^^^^^^^^^^^^^^^^^^^^^^^^^^^^^^^^^^^^^^^^^^
  File "/home/airflow/.local/lib/python3.12/site-packages/airflow/models/taskinstance.py", line 432, in _execute_callable
    return execute_callable(context=context, **execute_callable_kwargs)
           ^^^^^^^^^^^^^^^^^^^^^^^^^^^^^^^^^^^^^^^^^^^^^^^^^^^^^^^^^^^^
  File "/home/airflow/.local/lib/python3.12/site-packages/airflow/models/baseoperator.py", line 400, in wrapper
    return func(self, *args, **kwargs)
           ^^^^^^^^^^^^^^^^^^^^^^^^^^^
  File "/home/airflow/.local/lib/python3.12/site-packages/airflow/operators/bash.py", line 243, in execute
    raise AirflowException(
airflow.exceptions.AirflowException: Bash command failed. The command returned a non-zero exit code 1.
[2024-05-16T11:19:50.976+0000] {taskinstance.py:1205} INFO - Marking task as UP_FOR_RETRY. dag_id=dag_tables, task_id=import_table4, execution_date=20240504T000000, start_date=20240516T111950, end_date=20240516T111950
[2024-05-16T11:19:50.991+0000] {standard_task_runner.py:110} ERROR - Failed to execute job 422 for task import_table4 (Bash command failed. The command returned a non-zero exit code 1.; 342)
[2024-05-16T11:19:51.018+0000] {local_task_job_runner.py:240} INFO - Task exited with return code 1
[2024-05-16T11:19:51.045+0000] {taskinstance.py:3482} INFO - 0 downstream tasks scheduled from follow-on schedule check
[2024-05-16T11:19:51.049+0000] {local_task_job_runner.py:222} INFO - ::endgroup::
[2024-05-16T11:22:33.217+0000] {local_task_job_runner.py:120} INFO - ::group::Pre task execution logs
[2024-05-16T11:22:33.244+0000] {taskinstance.py:2073} INFO - Dependencies all met for dep_context=non-requeueable deps ti=<TaskInstance: dag_tables.import_table4 scheduled__2024-05-04T00:00:00+00:00 [queued]>
[2024-05-16T11:22:33.255+0000] {taskinstance.py:2073} INFO - Dependencies all met for dep_context=requeueable deps ti=<TaskInstance: dag_tables.import_table4 scheduled__2024-05-04T00:00:00+00:00 [queued]>
[2024-05-16T11:22:33.258+0000] {taskinstance.py:2303} INFO - Starting attempt 1 of 6
[2024-05-16T11:22:33.280+0000] {taskinstance.py:2327} INFO - Executing <Task(BashOperator): import_table4> on 2024-05-04 00:00:00+00:00
[2024-05-16T11:22:33.285+0000] {logging_mixin.py:188} WARNING - /home/***/.local/lib/python3.12/site-packages/***/task/task_runner/standard_task_runner.py:61 DeprecationWarning: This process (pid=579) is multi-threaded, use of fork() may lead to deadlocks in the child.
[2024-05-16T11:22:33.287+0000] {standard_task_runner.py:63} INFO - Started process 586 to run task
[2024-05-16T11:22:33.286+0000] {standard_task_runner.py:90} INFO - Running: ['***', 'tasks', 'run', 'dag_tables', 'import_table4', 'scheduled__2024-05-04T00:00:00+00:00', '--job-id', '463', '--raw', '--subdir', 'DAGS_FOLDER/dag_mysql.py', '--cfg-path', '/tmp/tmpwgcdnixx']
[2024-05-16T11:22:33.295+0000] {standard_task_runner.py:91} INFO - Job 463: Subtask import_table4
[2024-05-16T11:22:33.344+0000] {task_command.py:426} INFO - Running <TaskInstance: dag_tables.import_table4 scheduled__2024-05-04T00:00:00+00:00 [running]> on host 7084a6d88d3b
[2024-05-16T11:22:33.412+0000] {taskinstance.py:2644} INFO - Exporting env vars: AIRFLOW_CTX_DAG_OWNER='bses' AIRFLOW_CTX_DAG_ID='dag_tables' AIRFLOW_CTX_TASK_ID='import_table4' AIRFLOW_CTX_EXECUTION_DATE='2024-05-04T00:00:00+00:00' AIRFLOW_CTX_TRY_NUMBER='1' AIRFLOW_CTX_DAG_RUN_ID='scheduled__2024-05-04T00:00:00+00:00'
[2024-05-16T11:22:33.415+0000] {taskinstance.py:430} INFO - ::endgroup::
[2024-05-16T11:22:33.422+0000] {subprocess.py:63} INFO - Tmp dir root location: /tmp
[2024-05-16T11:22:33.423+0000] {subprocess.py:75} INFO - Running command: ['/usr/bin/bash', '-c', '\n                mysql -h host.docker.internal -u root --password=12345678 test < /opt/***/dags/report_table.sql\n                ']
[2024-05-16T11:22:33.432+0000] {subprocess.py:86} INFO - Output:
[2024-05-16T11:22:33.498+0000] {subprocess.py:97} INFO - Command exited with return code 0
[2024-05-16T11:22:33.498+0000] {taskinstance.py:441} INFO - ::group::Post task execution logs
[2024-05-16T11:22:33.519+0000] {taskinstance.py:1205} INFO - Marking task as SUCCESS. dag_id=dag_tables, task_id=import_table4, execution_date=20240504T000000, start_date=20240516T112233, end_date=20240516T112233
[2024-05-16T11:22:33.560+0000] {local_task_job_runner.py:240} INFO - Task exited with return code 0
[2024-05-16T11:22:33.572+0000] {taskinstance.py:3482} INFO - 1 downstream tasks scheduled from follow-on schedule check
[2024-05-16T11:22:33.574+0000] {local_task_job_runner.py:222} INFO - ::endgroup::
