[2024-05-16T11:19:48.467+0000] {local_task_job_runner.py:120} INFO - ::group::Pre task execution logs
[2024-05-16T11:19:48.501+0000] {taskinstance.py:2073} INFO - Dependencies all met for dep_context=non-requeueable deps ti=<TaskInstance: dag_tables.import_table1 scheduled__2024-05-09T00:00:00+00:00 [queued]>
[2024-05-16T11:19:48.511+0000] {taskinstance.py:2073} INFO - Dependencies all met for dep_context=requeueable deps ti=<TaskInstance: dag_tables.import_table1 scheduled__2024-05-09T00:00:00+00:00 [queued]>
[2024-05-16T11:19:48.512+0000] {taskinstance.py:2303} INFO - Starting attempt 1 of 6
[2024-05-16T11:19:48.530+0000] {taskinstance.py:2327} INFO - Executing <Task(BashOperator): import_table1> on 2024-05-09 00:00:00+00:00
[2024-05-16T11:19:48.541+0000] {logging_mixin.py:188} WARNING - /home/***/.local/lib/python3.12/site-packages/***/task/task_runner/standard_task_runner.py:61 DeprecationWarning: This process (pid=211) is multi-threaded, use of fork() may lead to deadlocks in the child.
[2024-05-16T11:19:48.543+0000] {standard_task_runner.py:63} INFO - Started process 223 to run task
[2024-05-16T11:19:48.543+0000] {standard_task_runner.py:90} INFO - Running: ['***', 'tasks', 'run', 'dag_tables', 'import_table1', 'scheduled__2024-05-09T00:00:00+00:00', '--job-id', '389', '--raw', '--subdir', 'DAGS_FOLDER/dag_mysql.py', '--cfg-path', '/tmp/tmpjy4xajfh']
[2024-05-16T11:19:48.545+0000] {standard_task_runner.py:91} INFO - Job 389: Subtask import_table1
[2024-05-16T11:19:48.586+0000] {task_command.py:426} INFO - Running <TaskInstance: dag_tables.import_table1 scheduled__2024-05-09T00:00:00+00:00 [running]> on host 7084a6d88d3b
[2024-05-16T11:19:48.652+0000] {taskinstance.py:2644} INFO - Exporting env vars: AIRFLOW_CTX_DAG_OWNER='bses' AIRFLOW_CTX_DAG_ID='dag_tables' AIRFLOW_CTX_TASK_ID='import_table1' AIRFLOW_CTX_EXECUTION_DATE='2024-05-09T00:00:00+00:00' AIRFLOW_CTX_TRY_NUMBER='1' AIRFLOW_CTX_DAG_RUN_ID='scheduled__2024-05-09T00:00:00+00:00'
[2024-05-16T11:19:48.654+0000] {taskinstance.py:430} INFO - ::endgroup::
[2024-05-16T11:19:48.671+0000] {subprocess.py:63} INFO - Tmp dir root location: /tmp
[2024-05-16T11:19:48.675+0000] {subprocess.py:75} INFO - Running command: ['/usr/bin/bash', '-c', '\n            mysql -h host.docker.internal -u root --password=12345678 test < /opt/***/dags/products.sql;\n           ']
[2024-05-16T11:19:48.691+0000] {subprocess.py:86} INFO - Output:
[2024-05-16T11:19:48.808+0000] {subprocess.py:97} INFO - Command exited with return code 0
[2024-05-16T11:19:48.809+0000] {taskinstance.py:441} INFO - ::group::Post task execution logs
[2024-05-16T11:19:48.836+0000] {taskinstance.py:1205} INFO - Marking task as SUCCESS. dag_id=dag_tables, task_id=import_table1, execution_date=20240509T000000, start_date=20240516T111948, end_date=20240516T111948
[2024-05-16T11:19:48.893+0000] {local_task_job_runner.py:240} INFO - Task exited with return code 0
[2024-05-16T11:19:48.920+0000] {taskinstance.py:3482} INFO - 1 downstream tasks scheduled from follow-on schedule check
[2024-05-16T11:19:48.929+0000] {local_task_job_runner.py:222} INFO - ::endgroup::
[2024-05-16T11:22:30.803+0000] {local_task_job_runner.py:120} INFO - ::group::Pre task execution logs
[2024-05-16T11:22:30.829+0000] {taskinstance.py:2073} INFO - Dependencies all met for dep_context=non-requeueable deps ti=<TaskInstance: dag_tables.import_table1 scheduled__2024-05-09T00:00:00+00:00 [queued]>
[2024-05-16T11:22:30.836+0000] {taskinstance.py:2073} INFO - Dependencies all met for dep_context=requeueable deps ti=<TaskInstance: dag_tables.import_table1 scheduled__2024-05-09T00:00:00+00:00 [queued]>
[2024-05-16T11:22:30.836+0000] {taskinstance.py:2303} INFO - Starting attempt 1 of 6
[2024-05-16T11:22:30.890+0000] {taskinstance.py:2327} INFO - Executing <Task(BashOperator): import_table1> on 2024-05-09 00:00:00+00:00
[2024-05-16T11:22:30.896+0000] {logging_mixin.py:188} WARNING - /home/***/.local/lib/python3.12/site-packages/***/task/task_runner/standard_task_runner.py:61 DeprecationWarning: This process (pid=468) is multi-threaded, use of fork() may lead to deadlocks in the child.
[2024-05-16T11:22:30.897+0000] {standard_task_runner.py:63} INFO - Started process 482 to run task
[2024-05-16T11:22:30.898+0000] {standard_task_runner.py:90} INFO - Running: ['***', 'tasks', 'run', 'dag_tables', 'import_table1', 'scheduled__2024-05-09T00:00:00+00:00', '--job-id', '437', '--raw', '--subdir', 'DAGS_FOLDER/dag_mysql.py', '--cfg-path', '/tmp/tmpkelgs6yj']
[2024-05-16T11:22:30.908+0000] {standard_task_runner.py:91} INFO - Job 437: Subtask import_table1
[2024-05-16T11:22:30.976+0000] {task_command.py:426} INFO - Running <TaskInstance: dag_tables.import_table1 scheduled__2024-05-09T00:00:00+00:00 [running]> on host 7084a6d88d3b
[2024-05-16T11:22:31.064+0000] {taskinstance.py:2644} INFO - Exporting env vars: AIRFLOW_CTX_DAG_OWNER='bses' AIRFLOW_CTX_DAG_ID='dag_tables' AIRFLOW_CTX_TASK_ID='import_table1' AIRFLOW_CTX_EXECUTION_DATE='2024-05-09T00:00:00+00:00' AIRFLOW_CTX_TRY_NUMBER='1' AIRFLOW_CTX_DAG_RUN_ID='scheduled__2024-05-09T00:00:00+00:00'
[2024-05-16T11:22:31.066+0000] {taskinstance.py:430} INFO - ::endgroup::
[2024-05-16T11:22:31.083+0000] {subprocess.py:63} INFO - Tmp dir root location: /tmp
[2024-05-16T11:22:31.085+0000] {subprocess.py:75} INFO - Running command: ['/usr/bin/bash', '-c', '\n            mysql -h host.docker.internal -u root --password=12345678 test < /opt/***/dags/products.sql\n           ']
[2024-05-16T11:22:31.095+0000] {subprocess.py:86} INFO - Output:
[2024-05-16T11:22:31.263+0000] {subprocess.py:97} INFO - Command exited with return code 0
[2024-05-16T11:22:31.264+0000] {taskinstance.py:441} INFO - ::group::Post task execution logs
[2024-05-16T11:22:31.303+0000] {taskinstance.py:1205} INFO - Marking task as SUCCESS. dag_id=dag_tables, task_id=import_table1, execution_date=20240509T000000, start_date=20240516T112230, end_date=20240516T112231
[2024-05-16T11:22:31.333+0000] {local_task_job_runner.py:240} INFO - Task exited with return code 0
[2024-05-16T11:22:31.376+0000] {taskinstance.py:3482} INFO - 1 downstream tasks scheduled from follow-on schedule check
[2024-05-16T11:22:31.383+0000] {local_task_job_runner.py:222} INFO - ::endgroup::
[2024-05-16T11:24:46.753+0000] {local_task_job_runner.py:120} INFO - ::group::Pre task execution logs
[2024-05-16T11:24:46.773+0000] {taskinstance.py:2073} INFO - Dependencies all met for dep_context=non-requeueable deps ti=<TaskInstance: dag_tables.import_table1 scheduled__2024-05-09T00:00:00+00:00 [queued]>
[2024-05-16T11:24:46.779+0000] {taskinstance.py:2073} INFO - Dependencies all met for dep_context=requeueable deps ti=<TaskInstance: dag_tables.import_table1 scheduled__2024-05-09T00:00:00+00:00 [queued]>
[2024-05-16T11:24:46.780+0000] {taskinstance.py:2303} INFO - Starting attempt 1 of 6
[2024-05-16T11:24:46.790+0000] {taskinstance.py:2327} INFO - Executing <Task(BashOperator): import_table1> on 2024-05-09 00:00:00+00:00
[2024-05-16T11:24:46.796+0000] {logging_mixin.py:188} WARNING - /home/***/.local/lib/python3.12/site-packages/***/task/task_runner/standard_task_runner.py:61 DeprecationWarning: This process (pid=743) is multi-threaded, use of fork() may lead to deadlocks in the child.
[2024-05-16T11:24:46.797+0000] {standard_task_runner.py:90} INFO - Running: ['***', 'tasks', 'run', 'dag_tables', 'import_table1', 'scheduled__2024-05-09T00:00:00+00:00', '--job-id', '492', '--raw', '--subdir', 'DAGS_FOLDER/dag_mysql.py', '--cfg-path', '/tmp/tmpu20aajoz']
[2024-05-16T11:24:46.800+0000] {standard_task_runner.py:63} INFO - Started process 756 to run task
[2024-05-16T11:24:46.801+0000] {standard_task_runner.py:91} INFO - Job 492: Subtask import_table1
[2024-05-16T11:24:46.849+0000] {task_command.py:426} INFO - Running <TaskInstance: dag_tables.import_table1 scheduled__2024-05-09T00:00:00+00:00 [running]> on host 7084a6d88d3b
[2024-05-16T11:24:46.908+0000] {taskinstance.py:2644} INFO - Exporting env vars: AIRFLOW_CTX_DAG_OWNER='bses' AIRFLOW_CTX_DAG_ID='dag_tables' AIRFLOW_CTX_TASK_ID='import_table1' AIRFLOW_CTX_EXECUTION_DATE='2024-05-09T00:00:00+00:00' AIRFLOW_CTX_TRY_NUMBER='1' AIRFLOW_CTX_DAG_RUN_ID='scheduled__2024-05-09T00:00:00+00:00'
[2024-05-16T11:24:46.910+0000] {taskinstance.py:430} INFO - ::endgroup::
[2024-05-16T11:24:46.917+0000] {subprocess.py:63} INFO - Tmp dir root location: /tmp
[2024-05-16T11:24:46.919+0000] {subprocess.py:75} INFO - Running command: ['/usr/bin/bash', '-c', '\n            mysql -h host.docker.internal -u root --password=12345678 test < /opt/***/dags/products.sql\n           ']
[2024-05-16T11:24:46.924+0000] {subprocess.py:86} INFO - Output:
[2024-05-16T11:24:46.970+0000] {subprocess.py:97} INFO - Command exited with return code 0
[2024-05-16T11:24:46.971+0000] {taskinstance.py:441} INFO - ::group::Post task execution logs
[2024-05-16T11:24:46.986+0000] {taskinstance.py:1205} INFO - Marking task as SUCCESS. dag_id=dag_tables, task_id=import_table1, execution_date=20240509T000000, start_date=20240516T112446, end_date=20240516T112446
[2024-05-16T11:24:47.023+0000] {local_task_job_runner.py:240} INFO - Task exited with return code 0
[2024-05-16T11:24:47.034+0000] {taskinstance.py:3482} INFO - 0 downstream tasks scheduled from follow-on schedule check
[2024-05-16T11:24:47.035+0000] {local_task_job_runner.py:222} INFO - ::endgroup::
[2024-05-16T11:27:48.153+0000] {local_task_job_runner.py:120} INFO - ::group::Pre task execution logs
[2024-05-16T11:27:48.174+0000] {taskinstance.py:2073} INFO - Dependencies all met for dep_context=non-requeueable deps ti=<TaskInstance: dag_tables.import_table1 scheduled__2024-05-09T00:00:00+00:00 [queued]>
[2024-05-16T11:27:48.182+0000] {taskinstance.py:2073} INFO - Dependencies all met for dep_context=requeueable deps ti=<TaskInstance: dag_tables.import_table1 scheduled__2024-05-09T00:00:00+00:00 [queued]>
[2024-05-16T11:27:48.183+0000] {taskinstance.py:2303} INFO - Starting attempt 1 of 6
[2024-05-16T11:27:48.198+0000] {taskinstance.py:2327} INFO - Executing <Task(BashOperator): import_table1> on 2024-05-09 00:00:00+00:00
[2024-05-16T11:27:48.205+0000] {standard_task_runner.py:90} INFO - Running: ['***', 'tasks', 'run', 'dag_tables', 'import_table1', 'scheduled__2024-05-09T00:00:00+00:00', '--job-id', '517', '--raw', '--subdir', 'DAGS_FOLDER/dag_mysql.py', '--cfg-path', '/tmp/tmp5lhhu3r9']
[2024-05-16T11:27:48.207+0000] {logging_mixin.py:188} WARNING - /home/***/.local/lib/python3.12/site-packages/***/task/task_runner/standard_task_runner.py:61 DeprecationWarning: This process (pid=905) is multi-threaded, use of fork() may lead to deadlocks in the child.
[2024-05-16T11:27:48.207+0000] {standard_task_runner.py:63} INFO - Started process 916 to run task
[2024-05-16T11:27:48.208+0000] {standard_task_runner.py:91} INFO - Job 517: Subtask import_table1
[2024-05-16T11:27:48.254+0000] {task_command.py:426} INFO - Running <TaskInstance: dag_tables.import_table1 scheduled__2024-05-09T00:00:00+00:00 [running]> on host 7084a6d88d3b
[2024-05-16T11:27:48.313+0000] {taskinstance.py:2644} INFO - Exporting env vars: AIRFLOW_CTX_DAG_OWNER='bses' AIRFLOW_CTX_DAG_ID='dag_tables' AIRFLOW_CTX_TASK_ID='import_table1' AIRFLOW_CTX_EXECUTION_DATE='2024-05-09T00:00:00+00:00' AIRFLOW_CTX_TRY_NUMBER='1' AIRFLOW_CTX_DAG_RUN_ID='scheduled__2024-05-09T00:00:00+00:00'
[2024-05-16T11:27:48.315+0000] {taskinstance.py:430} INFO - ::endgroup::
[2024-05-16T11:27:48.322+0000] {subprocess.py:63} INFO - Tmp dir root location: /tmp
[2024-05-16T11:27:48.323+0000] {subprocess.py:75} INFO - Running command: ['/usr/bin/bash', '-c', '\n            mysql -h host.docker.internal -u root --password=12345678 test < /opt/***/dags/products.sql\n           ']
[2024-05-16T11:27:48.329+0000] {subprocess.py:86} INFO - Output:
[2024-05-16T11:27:48.383+0000] {subprocess.py:97} INFO - Command exited with return code 0
[2024-05-16T11:27:48.384+0000] {taskinstance.py:441} INFO - ::group::Post task execution logs
[2024-05-16T11:27:48.396+0000] {taskinstance.py:1205} INFO - Marking task as SUCCESS. dag_id=dag_tables, task_id=import_table1, execution_date=20240509T000000, start_date=20240516T112748, end_date=20240516T112748
[2024-05-16T11:27:48.432+0000] {local_task_job_runner.py:240} INFO - Task exited with return code 0
[2024-05-16T11:27:48.440+0000] {taskinstance.py:3482} INFO - 0 downstream tasks scheduled from follow-on schedule check
[2024-05-16T11:27:48.443+0000] {local_task_job_runner.py:222} INFO - ::endgroup::
