[2024-05-16T11:19:48.596+0000] {local_task_job_runner.py:120} INFO - ::group::Pre task execution logs
[2024-05-16T11:19:48.615+0000] {taskinstance.py:2073} INFO - Dependencies all met for dep_context=non-requeueable deps ti=<TaskInstance: dag_tables.import_table1 scheduled__2024-05-10T00:00:00+00:00 [queued]>
[2024-05-16T11:19:48.622+0000] {taskinstance.py:2073} INFO - Dependencies all met for dep_context=requeueable deps ti=<TaskInstance: dag_tables.import_table1 scheduled__2024-05-10T00:00:00+00:00 [queued]>
[2024-05-16T11:19:48.623+0000] {taskinstance.py:2303} INFO - Starting attempt 1 of 6
[2024-05-16T11:19:48.661+0000] {taskinstance.py:2327} INFO - Executing <Task(BashOperator): import_table1> on 2024-05-10 00:00:00+00:00
[2024-05-16T11:19:48.669+0000] {standard_task_runner.py:90} INFO - Running: ['***', 'tasks', 'run', 'dag_tables', 'import_table1', 'scheduled__2024-05-10T00:00:00+00:00', '--job-id', '391', '--raw', '--subdir', 'DAGS_FOLDER/dag_mysql.py', '--cfg-path', '/tmp/tmpjz7u06q6']
[2024-05-16T11:19:48.674+0000] {standard_task_runner.py:91} INFO - Job 391: Subtask import_table1
[2024-05-16T11:19:48.671+0000] {logging_mixin.py:188} WARNING - /home/***/.local/lib/python3.12/site-packages/***/task/task_runner/standard_task_runner.py:61 DeprecationWarning: This process (pid=215) is multi-threaded, use of fork() may lead to deadlocks in the child.
[2024-05-16T11:19:48.680+0000] {standard_task_runner.py:63} INFO - Started process 227 to run task
[2024-05-16T11:19:48.734+0000] {task_command.py:426} INFO - Running <TaskInstance: dag_tables.import_table1 scheduled__2024-05-10T00:00:00+00:00 [running]> on host 7084a6d88d3b
[2024-05-16T11:19:48.792+0000] {taskinstance.py:2644} INFO - Exporting env vars: AIRFLOW_CTX_DAG_OWNER='bses' AIRFLOW_CTX_DAG_ID='dag_tables' AIRFLOW_CTX_TASK_ID='import_table1' AIRFLOW_CTX_EXECUTION_DATE='2024-05-10T00:00:00+00:00' AIRFLOW_CTX_TRY_NUMBER='1' AIRFLOW_CTX_DAG_RUN_ID='scheduled__2024-05-10T00:00:00+00:00'
[2024-05-16T11:19:48.804+0000] {taskinstance.py:430} INFO - ::endgroup::
[2024-05-16T11:19:48.818+0000] {subprocess.py:63} INFO - Tmp dir root location: /tmp
[2024-05-16T11:19:48.818+0000] {subprocess.py:75} INFO - Running command: ['/usr/bin/bash', '-c', '\n            mysql -h host.docker.internal -u root --password=12345678 test < /opt/***/dags/products.sql;\n           ']
[2024-05-16T11:19:48.830+0000] {subprocess.py:86} INFO - Output:
[2024-05-16T11:19:48.932+0000] {subprocess.py:97} INFO - Command exited with return code 0
[2024-05-16T11:19:48.933+0000] {taskinstance.py:441} INFO - ::group::Post task execution logs
[2024-05-16T11:19:48.963+0000] {taskinstance.py:1205} INFO - Marking task as SUCCESS. dag_id=dag_tables, task_id=import_table1, execution_date=20240510T000000, start_date=20240516T111948, end_date=20240516T111948
[2024-05-16T11:19:49.032+0000] {local_task_job_runner.py:240} INFO - Task exited with return code 0
[2024-05-16T11:19:49.130+0000] {taskinstance.py:3482} INFO - 0 downstream tasks scheduled from follow-on schedule check
[2024-05-16T11:19:49.137+0000] {local_task_job_runner.py:222} INFO - ::endgroup::
[2024-05-16T11:22:30.933+0000] {local_task_job_runner.py:120} INFO - ::group::Pre task execution logs
[2024-05-16T11:22:30.953+0000] {taskinstance.py:2073} INFO - Dependencies all met for dep_context=non-requeueable deps ti=<TaskInstance: dag_tables.import_table1 scheduled__2024-05-10T00:00:00+00:00 [queued]>
[2024-05-16T11:22:30.965+0000] {taskinstance.py:2073} INFO - Dependencies all met for dep_context=requeueable deps ti=<TaskInstance: dag_tables.import_table1 scheduled__2024-05-10T00:00:00+00:00 [queued]>
[2024-05-16T11:22:30.968+0000] {taskinstance.py:2303} INFO - Starting attempt 1 of 6
[2024-05-16T11:22:31.005+0000] {taskinstance.py:2327} INFO - Executing <Task(BashOperator): import_table1> on 2024-05-10 00:00:00+00:00
[2024-05-16T11:22:31.019+0000] {standard_task_runner.py:90} INFO - Running: ['***', 'tasks', 'run', 'dag_tables', 'import_table1', 'scheduled__2024-05-10T00:00:00+00:00', '--job-id', '440', '--raw', '--subdir', 'DAGS_FOLDER/dag_mysql.py', '--cfg-path', '/tmp/tmput52j25g']
[2024-05-16T11:22:31.024+0000] {standard_task_runner.py:91} INFO - Job 440: Subtask import_table1
[2024-05-16T11:22:31.022+0000] {logging_mixin.py:188} WARNING - /home/***/.local/lib/python3.12/site-packages/***/task/task_runner/standard_task_runner.py:61 DeprecationWarning: This process (pid=476) is multi-threaded, use of fork() may lead to deadlocks in the child.
[2024-05-16T11:22:31.034+0000] {standard_task_runner.py:63} INFO - Started process 490 to run task
[2024-05-16T11:22:31.114+0000] {task_command.py:426} INFO - Running <TaskInstance: dag_tables.import_table1 scheduled__2024-05-10T00:00:00+00:00 [running]> on host 7084a6d88d3b
[2024-05-16T11:22:31.217+0000] {taskinstance.py:2644} INFO - Exporting env vars: AIRFLOW_CTX_DAG_OWNER='bses' AIRFLOW_CTX_DAG_ID='dag_tables' AIRFLOW_CTX_TASK_ID='import_table1' AIRFLOW_CTX_EXECUTION_DATE='2024-05-10T00:00:00+00:00' AIRFLOW_CTX_TRY_NUMBER='1' AIRFLOW_CTX_DAG_RUN_ID='scheduled__2024-05-10T00:00:00+00:00'
[2024-05-16T11:22:31.218+0000] {taskinstance.py:430} INFO - ::endgroup::
[2024-05-16T11:22:31.235+0000] {subprocess.py:63} INFO - Tmp dir root location: /tmp
[2024-05-16T11:22:31.236+0000] {subprocess.py:75} INFO - Running command: ['/usr/bin/bash', '-c', '\n            mysql -h host.docker.internal -u root --password=12345678 test < /opt/***/dags/products.sql\n           ']
[2024-05-16T11:22:31.252+0000] {subprocess.py:86} INFO - Output:
[2024-05-16T11:22:31.385+0000] {subprocess.py:97} INFO - Command exited with return code 0
[2024-05-16T11:22:31.388+0000] {taskinstance.py:441} INFO - ::group::Post task execution logs
[2024-05-16T11:22:31.421+0000] {taskinstance.py:1205} INFO - Marking task as SUCCESS. dag_id=dag_tables, task_id=import_table1, execution_date=20240510T000000, start_date=20240516T112230, end_date=20240516T112231
[2024-05-16T11:22:31.522+0000] {local_task_job_runner.py:240} INFO - Task exited with return code 0
[2024-05-16T11:22:31.551+0000] {taskinstance.py:3482} INFO - 1 downstream tasks scheduled from follow-on schedule check
[2024-05-16T11:22:31.559+0000] {local_task_job_runner.py:222} INFO - ::endgroup::
[2024-05-16T11:24:49.680+0000] {local_task_job_runner.py:120} INFO - ::group::Pre task execution logs
[2024-05-16T11:24:49.698+0000] {taskinstance.py:2073} INFO - Dependencies all met for dep_context=non-requeueable deps ti=<TaskInstance: dag_tables.import_table1 scheduled__2024-05-10T00:00:00+00:00 [queued]>
[2024-05-16T11:24:49.703+0000] {taskinstance.py:2073} INFO - Dependencies all met for dep_context=requeueable deps ti=<TaskInstance: dag_tables.import_table1 scheduled__2024-05-10T00:00:00+00:00 [queued]>
[2024-05-16T11:24:49.704+0000] {taskinstance.py:2303} INFO - Starting attempt 1 of 6
[2024-05-16T11:24:49.719+0000] {taskinstance.py:2327} INFO - Executing <Task(BashOperator): import_table1> on 2024-05-10 00:00:00+00:00
[2024-05-16T11:24:49.728+0000] {logging_mixin.py:188} WARNING - /home/***/.local/lib/python3.12/site-packages/***/task/task_runner/standard_task_runner.py:61 DeprecationWarning: This process (pid=769) is multi-threaded, use of fork() may lead to deadlocks in the child.
[2024-05-16T11:24:49.730+0000] {standard_task_runner.py:63} INFO - Started process 775 to run task
[2024-05-16T11:24:49.726+0000] {standard_task_runner.py:90} INFO - Running: ['***', 'tasks', 'run', 'dag_tables', 'import_table1', 'scheduled__2024-05-10T00:00:00+00:00', '--job-id', '496', '--raw', '--subdir', 'DAGS_FOLDER/dag_mysql.py', '--cfg-path', '/tmp/tmpty4wdkga']
[2024-05-16T11:24:49.732+0000] {standard_task_runner.py:91} INFO - Job 496: Subtask import_table1
[2024-05-16T11:24:49.771+0000] {task_command.py:426} INFO - Running <TaskInstance: dag_tables.import_table1 scheduled__2024-05-10T00:00:00+00:00 [running]> on host 7084a6d88d3b
[2024-05-16T11:24:49.869+0000] {taskinstance.py:2644} INFO - Exporting env vars: AIRFLOW_CTX_DAG_OWNER='bses' AIRFLOW_CTX_DAG_ID='dag_tables' AIRFLOW_CTX_TASK_ID='import_table1' AIRFLOW_CTX_EXECUTION_DATE='2024-05-10T00:00:00+00:00' AIRFLOW_CTX_TRY_NUMBER='1' AIRFLOW_CTX_DAG_RUN_ID='scheduled__2024-05-10T00:00:00+00:00'
[2024-05-16T11:24:49.884+0000] {taskinstance.py:430} INFO - ::endgroup::
[2024-05-16T11:24:49.901+0000] {subprocess.py:63} INFO - Tmp dir root location: /tmp
[2024-05-16T11:24:49.905+0000] {subprocess.py:75} INFO - Running command: ['/usr/bin/bash', '-c', '\n            mysql -h host.docker.internal -u root --password=12345678 test < /opt/***/dags/products.sql\n           ']
[2024-05-16T11:24:49.926+0000] {subprocess.py:86} INFO - Output:
[2024-05-16T11:24:50.033+0000] {subprocess.py:97} INFO - Command exited with return code 0
[2024-05-16T11:24:50.036+0000] {taskinstance.py:441} INFO - ::group::Post task execution logs
[2024-05-16T11:24:50.072+0000] {taskinstance.py:1205} INFO - Marking task as SUCCESS. dag_id=dag_tables, task_id=import_table1, execution_date=20240510T000000, start_date=20240516T112449, end_date=20240516T112450
[2024-05-16T11:24:50.126+0000] {local_task_job_runner.py:240} INFO - Task exited with return code 0
[2024-05-16T11:24:50.151+0000] {taskinstance.py:3482} INFO - 0 downstream tasks scheduled from follow-on schedule check
[2024-05-16T11:24:50.155+0000] {local_task_job_runner.py:222} INFO - ::endgroup::
[2024-05-16T11:27:48.241+0000] {local_task_job_runner.py:120} INFO - ::group::Pre task execution logs
[2024-05-16T11:27:48.259+0000] {taskinstance.py:2073} INFO - Dependencies all met for dep_context=non-requeueable deps ti=<TaskInstance: dag_tables.import_table1 scheduled__2024-05-10T00:00:00+00:00 [queued]>
[2024-05-16T11:27:48.264+0000] {taskinstance.py:2073} INFO - Dependencies all met for dep_context=requeueable deps ti=<TaskInstance: dag_tables.import_table1 scheduled__2024-05-10T00:00:00+00:00 [queued]>
[2024-05-16T11:27:48.264+0000] {taskinstance.py:2303} INFO - Starting attempt 1 of 6
[2024-05-16T11:27:48.279+0000] {taskinstance.py:2327} INFO - Executing <Task(BashOperator): import_table1> on 2024-05-10 00:00:00+00:00
[2024-05-16T11:27:48.284+0000] {logging_mixin.py:188} WARNING - /home/***/.local/lib/python3.12/site-packages/***/task/task_runner/standard_task_runner.py:61 DeprecationWarning: This process (pid=910) is multi-threaded, use of fork() may lead to deadlocks in the child.
[2024-05-16T11:27:48.285+0000] {standard_task_runner.py:63} INFO - Started process 920 to run task
[2024-05-16T11:27:48.284+0000] {standard_task_runner.py:90} INFO - Running: ['***', 'tasks', 'run', 'dag_tables', 'import_table1', 'scheduled__2024-05-10T00:00:00+00:00', '--job-id', '518', '--raw', '--subdir', 'DAGS_FOLDER/dag_mysql.py', '--cfg-path', '/tmp/tmp06rbjt7s']
[2024-05-16T11:27:48.289+0000] {standard_task_runner.py:91} INFO - Job 518: Subtask import_table1
[2024-05-16T11:27:48.328+0000] {task_command.py:426} INFO - Running <TaskInstance: dag_tables.import_table1 scheduled__2024-05-10T00:00:00+00:00 [running]> on host 7084a6d88d3b
[2024-05-16T11:27:48.383+0000] {taskinstance.py:2644} INFO - Exporting env vars: AIRFLOW_CTX_DAG_OWNER='bses' AIRFLOW_CTX_DAG_ID='dag_tables' AIRFLOW_CTX_TASK_ID='import_table1' AIRFLOW_CTX_EXECUTION_DATE='2024-05-10T00:00:00+00:00' AIRFLOW_CTX_TRY_NUMBER='1' AIRFLOW_CTX_DAG_RUN_ID='scheduled__2024-05-10T00:00:00+00:00'
[2024-05-16T11:27:48.383+0000] {taskinstance.py:430} INFO - ::endgroup::
[2024-05-16T11:27:48.390+0000] {subprocess.py:63} INFO - Tmp dir root location: /tmp
[2024-05-16T11:27:48.391+0000] {subprocess.py:75} INFO - Running command: ['/usr/bin/bash', '-c', '\n            mysql -h host.docker.internal -u root --password=12345678 test < /opt/***/dags/products.sql\n           ']
[2024-05-16T11:27:48.395+0000] {subprocess.py:86} INFO - Output:
[2024-05-16T11:27:48.443+0000] {subprocess.py:97} INFO - Command exited with return code 0
[2024-05-16T11:27:48.443+0000] {taskinstance.py:441} INFO - ::group::Post task execution logs
[2024-05-16T11:27:48.456+0000] {taskinstance.py:1205} INFO - Marking task as SUCCESS. dag_id=dag_tables, task_id=import_table1, execution_date=20240510T000000, start_date=20240516T112748, end_date=20240516T112748
[2024-05-16T11:27:48.467+0000] {local_task_job_runner.py:240} INFO - Task exited with return code 0
[2024-05-16T11:27:48.475+0000] {taskinstance.py:3482} INFO - 0 downstream tasks scheduled from follow-on schedule check
[2024-05-16T11:27:48.476+0000] {local_task_job_runner.py:222} INFO - ::endgroup::
