[2024-05-15T10:15:43.618+0000] {local_task_job_runner.py:120} INFO - ::group::Pre task execution logs
[2024-05-15T10:15:43.655+0000] {taskinstance.py:2073} INFO - Dependencies all met for dep_context=non-requeueable deps ti=<TaskInstance: dag_hdfs.save scheduled__2024-05-11T00:00:00+00:00 [queued]>
[2024-05-15T10:15:43.668+0000] {taskinstance.py:2073} INFO - Dependencies all met for dep_context=requeueable deps ti=<TaskInstance: dag_hdfs.save scheduled__2024-05-11T00:00:00+00:00 [queued]>
[2024-05-15T10:15:43.673+0000] {taskinstance.py:2303} INFO - Starting attempt 1 of 6
[2024-05-15T10:15:43.713+0000] {taskinstance.py:2327} INFO - Executing <Task(PythonOperator): save> on 2024-05-11 00:00:00+00:00
[2024-05-15T10:15:43.732+0000] {standard_task_runner.py:90} INFO - Running: ['***', 'tasks', 'run', 'dag_hdfs', 'save', 'scheduled__2024-05-11T00:00:00+00:00', '--job-id', '152', '--raw', '--subdir', 'DAGS_FOLDER/hdfs_dag.py', '--cfg-path', '/tmp/tmpgm_cheee']
[2024-05-15T10:15:43.741+0000] {standard_task_runner.py:91} INFO - Job 152: Subtask save
[2024-05-15T10:15:43.740+0000] {logging_mixin.py:188} WARNING - /home/***/.local/lib/python3.12/site-packages/***/task/task_runner/standard_task_runner.py:61 DeprecationWarning: This process (pid=243) is multi-threaded, use of fork() may lead to deadlocks in the child.
[2024-05-15T10:15:43.755+0000] {standard_task_runner.py:63} INFO - Started process 276 to run task
[2024-05-15T10:15:43.906+0000] {task_command.py:426} INFO - Running <TaskInstance: dag_hdfs.save scheduled__2024-05-11T00:00:00+00:00 [running]> on host f85b7a0b58b5
[2024-05-15T10:15:44.001+0000] {taskinstance.py:2644} INFO - Exporting env vars: AIRFLOW_CTX_DAG_OWNER='bses' AIRFLOW_CTX_DAG_ID='dag_hdfs' AIRFLOW_CTX_TASK_ID='save' AIRFLOW_CTX_EXECUTION_DATE='2024-05-11T00:00:00+00:00' AIRFLOW_CTX_TRY_NUMBER='1' AIRFLOW_CTX_DAG_RUN_ID='scheduled__2024-05-11T00:00:00+00:00'
[2024-05-15T10:15:44.005+0000] {taskinstance.py:430} INFO - ::endgroup::
[2024-05-15T10:15:44.064+0000] {logging_mixin.py:188} INFO - Error  /bin/sh: 1: hdfs: Permission denied
[2024-05-15T10:15:44.069+0000] {python.py:237} INFO - Done. Returned value was: None
[2024-05-15T10:15:44.072+0000] {taskinstance.py:441} INFO - ::group::Post task execution logs
[2024-05-15T10:15:44.082+0000] {taskinstance.py:1205} INFO - Marking task as SUCCESS. dag_id=dag_hdfs, task_id=save, execution_date=20240511T000000, start_date=20240515T101543, end_date=20240515T101544
[2024-05-15T10:15:44.125+0000] {local_task_job_runner.py:240} INFO - Task exited with return code 0
[2024-05-15T10:15:44.154+0000] {taskinstance.py:3482} INFO - 1 downstream tasks scheduled from follow-on schedule check
[2024-05-15T10:15:44.158+0000] {local_task_job_runner.py:222} INFO - ::endgroup::
[2024-05-15T10:20:36.343+0000] {local_task_job_runner.py:120} INFO - ::group::Pre task execution logs
[2024-05-15T10:20:36.381+0000] {taskinstance.py:2073} INFO - Dependencies all met for dep_context=non-requeueable deps ti=<TaskInstance: dag_hdfs.save scheduled__2024-05-11T00:00:00+00:00 [queued]>
[2024-05-15T10:20:36.390+0000] {taskinstance.py:2073} INFO - Dependencies all met for dep_context=requeueable deps ti=<TaskInstance: dag_hdfs.save scheduled__2024-05-11T00:00:00+00:00 [queued]>
[2024-05-15T10:20:36.391+0000] {taskinstance.py:2303} INFO - Starting attempt 1 of 6
[2024-05-15T10:20:36.398+0000] {taskinstance.py:2327} INFO - Executing <Task(BashOperator): save> on 2024-05-11 00:00:00+00:00
[2024-05-15T10:20:36.406+0000] {logging_mixin.py:188} WARNING - /home/***/.local/lib/python3.12/site-packages/***/task/task_runner/standard_task_runner.py:61 DeprecationWarning: This process (pid=517) is multi-threaded, use of fork() may lead to deadlocks in the child.
[2024-05-15T10:20:36.410+0000] {standard_task_runner.py:63} INFO - Started process 543 to run task
[2024-05-15T10:20:36.407+0000] {standard_task_runner.py:90} INFO - Running: ['***', 'tasks', 'run', 'dag_hdfs', 'save', 'scheduled__2024-05-11T00:00:00+00:00', '--job-id', '180', '--raw', '--subdir', 'DAGS_FOLDER/hdfs_dag.py', '--cfg-path', '/tmp/tmp3n_1xp23']
[2024-05-15T10:20:36.411+0000] {standard_task_runner.py:91} INFO - Job 180: Subtask save
[2024-05-15T10:20:36.443+0000] {task_command.py:426} INFO - Running <TaskInstance: dag_hdfs.save scheduled__2024-05-11T00:00:00+00:00 [running]> on host f85b7a0b58b5
[2024-05-15T10:20:36.495+0000] {taskinstance.py:2644} INFO - Exporting env vars: AIRFLOW_CTX_DAG_OWNER='bses' AIRFLOW_CTX_DAG_ID='dag_hdfs' AIRFLOW_CTX_TASK_ID='save' AIRFLOW_CTX_EXECUTION_DATE='2024-05-11T00:00:00+00:00' AIRFLOW_CTX_TRY_NUMBER='1' AIRFLOW_CTX_DAG_RUN_ID='scheduled__2024-05-11T00:00:00+00:00'
[2024-05-15T10:20:36.497+0000] {taskinstance.py:430} INFO - ::endgroup::
[2024-05-15T10:20:36.504+0000] {subprocess.py:63} INFO - Tmp dir root location: /tmp
[2024-05-15T10:20:36.506+0000] {subprocess.py:75} INFO - Running command: ['/usr/bin/bash', '-c', 'hdfs dfs -mkdir /tmp']
[2024-05-15T10:20:36.511+0000] {subprocess.py:86} INFO - Output:
[2024-05-15T10:20:36.512+0000] {subprocess.py:93} INFO - /usr/bin/bash: line 1: hdfs: command not found
[2024-05-15T10:20:36.512+0000] {subprocess.py:97} INFO - Command exited with return code 127
[2024-05-15T10:20:36.513+0000] {taskinstance.py:441} INFO - ::group::Post task execution logs
[2024-05-15T10:20:36.519+0000] {taskinstance.py:2890} ERROR - Task failed with exception
Traceback (most recent call last):
  File "/home/airflow/.local/lib/python3.12/site-packages/airflow/models/taskinstance.py", line 465, in _execute_task
    result = _execute_callable(context=context, **execute_callable_kwargs)
             ^^^^^^^^^^^^^^^^^^^^^^^^^^^^^^^^^^^^^^^^^^^^^^^^^^^^^^^^^^^^^
  File "/home/airflow/.local/lib/python3.12/site-packages/airflow/models/taskinstance.py", line 432, in _execute_callable
    return execute_callable(context=context, **execute_callable_kwargs)
           ^^^^^^^^^^^^^^^^^^^^^^^^^^^^^^^^^^^^^^^^^^^^^^^^^^^^^^^^^^^^
  File "/home/airflow/.local/lib/python3.12/site-packages/airflow/models/baseoperator.py", line 400, in wrapper
    return func(self, *args, **kwargs)
           ^^^^^^^^^^^^^^^^^^^^^^^^^^^
  File "/home/airflow/.local/lib/python3.12/site-packages/airflow/operators/bash.py", line 243, in execute
    raise AirflowException(
airflow.exceptions.AirflowException: Bash command failed. The command returned a non-zero exit code 127.
[2024-05-15T10:20:36.521+0000] {taskinstance.py:1205} INFO - Marking task as UP_FOR_RETRY. dag_id=dag_hdfs, task_id=save, execution_date=20240511T000000, start_date=20240515T102036, end_date=20240515T102036
[2024-05-15T10:20:36.531+0000] {standard_task_runner.py:110} ERROR - Failed to execute job 180 for task save (Bash command failed. The command returned a non-zero exit code 127.; 543)
[2024-05-15T10:20:36.550+0000] {local_task_job_runner.py:240} INFO - Task exited with return code 1
[2024-05-15T10:20:36.558+0000] {taskinstance.py:3482} INFO - 0 downstream tasks scheduled from follow-on schedule check
[2024-05-15T10:20:36.559+0000] {local_task_job_runner.py:222} INFO - ::endgroup::
[2024-05-15T10:31:15.554+0000] {local_task_job_runner.py:120} INFO - ::group::Pre task execution logs
[2024-05-15T10:31:15.596+0000] {taskinstance.py:2073} INFO - Dependencies all met for dep_context=non-requeueable deps ti=<TaskInstance: dag_hdfs.save scheduled__2024-05-11T00:00:00+00:00 [queued]>
[2024-05-15T10:31:15.606+0000] {taskinstance.py:2073} INFO - Dependencies all met for dep_context=requeueable deps ti=<TaskInstance: dag_hdfs.save scheduled__2024-05-11T00:00:00+00:00 [queued]>
[2024-05-15T10:31:15.608+0000] {taskinstance.py:2303} INFO - Starting attempt 1 of 6
[2024-05-15T10:31:15.752+0000] {taskinstance.py:2327} INFO - Executing <Task(BashOperator): save> on 2024-05-11 00:00:00+00:00
[2024-05-15T10:31:15.762+0000] {logging_mixin.py:188} WARNING - /home/***/.local/lib/python3.12/site-packages/***/task/task_runner/standard_task_runner.py:61 DeprecationWarning: This process (pid=216) is multi-threaded, use of fork() may lead to deadlocks in the child.
[2024-05-15T10:31:15.763+0000] {standard_task_runner.py:63} INFO - Started process 241 to run task
[2024-05-15T10:31:15.763+0000] {standard_task_runner.py:90} INFO - Running: ['***', 'tasks', 'run', 'dag_hdfs', 'save', 'scheduled__2024-05-11T00:00:00+00:00', '--job-id', '209', '--raw', '--subdir', 'DAGS_FOLDER/hdfs_dag.py', '--cfg-path', '/tmp/tmpy31v7y5s']
[2024-05-15T10:31:15.767+0000] {standard_task_runner.py:91} INFO - Job 209: Subtask save
[2024-05-15T10:31:15.814+0000] {task_command.py:426} INFO - Running <TaskInstance: dag_hdfs.save scheduled__2024-05-11T00:00:00+00:00 [running]> on host 8fa157e7798a
[2024-05-15T10:31:15.870+0000] {taskinstance.py:2644} INFO - Exporting env vars: AIRFLOW_CTX_DAG_OWNER='bses' AIRFLOW_CTX_DAG_ID='dag_hdfs' AIRFLOW_CTX_TASK_ID='save' AIRFLOW_CTX_EXECUTION_DATE='2024-05-11T00:00:00+00:00' AIRFLOW_CTX_TRY_NUMBER='1' AIRFLOW_CTX_DAG_RUN_ID='scheduled__2024-05-11T00:00:00+00:00'
[2024-05-15T10:31:15.875+0000] {taskinstance.py:430} INFO - ::endgroup::
[2024-05-15T10:31:15.885+0000] {subprocess.py:63} INFO - Tmp dir root location: /tmp
[2024-05-15T10:31:15.886+0000] {subprocess.py:75} INFO - Running command: ['/usr/bin/bash', '-c', 'hdfs dfs -mkdir /tmp']
[2024-05-15T10:31:15.892+0000] {subprocess.py:86} INFO - Output:
[2024-05-15T10:31:15.893+0000] {subprocess.py:93} INFO - /usr/bin/bash: line 1: hdfs: command not found
[2024-05-15T10:31:15.894+0000] {subprocess.py:97} INFO - Command exited with return code 127
[2024-05-15T10:31:15.895+0000] {taskinstance.py:441} INFO - ::group::Post task execution logs
[2024-05-15T10:31:15.904+0000] {taskinstance.py:2890} ERROR - Task failed with exception
Traceback (most recent call last):
  File "/home/airflow/.local/lib/python3.12/site-packages/airflow/models/taskinstance.py", line 465, in _execute_task
    result = _execute_callable(context=context, **execute_callable_kwargs)
             ^^^^^^^^^^^^^^^^^^^^^^^^^^^^^^^^^^^^^^^^^^^^^^^^^^^^^^^^^^^^^
  File "/home/airflow/.local/lib/python3.12/site-packages/airflow/models/taskinstance.py", line 432, in _execute_callable
    return execute_callable(context=context, **execute_callable_kwargs)
           ^^^^^^^^^^^^^^^^^^^^^^^^^^^^^^^^^^^^^^^^^^^^^^^^^^^^^^^^^^^^
  File "/home/airflow/.local/lib/python3.12/site-packages/airflow/models/baseoperator.py", line 400, in wrapper
    return func(self, *args, **kwargs)
           ^^^^^^^^^^^^^^^^^^^^^^^^^^^
  File "/home/airflow/.local/lib/python3.12/site-packages/airflow/operators/bash.py", line 243, in execute
    raise AirflowException(
airflow.exceptions.AirflowException: Bash command failed. The command returned a non-zero exit code 127.
[2024-05-15T10:31:15.907+0000] {taskinstance.py:1205} INFO - Marking task as UP_FOR_RETRY. dag_id=dag_hdfs, task_id=save, execution_date=20240511T000000, start_date=20240515T103115, end_date=20240515T103115
[2024-05-15T10:31:15.915+0000] {standard_task_runner.py:110} ERROR - Failed to execute job 209 for task save (Bash command failed. The command returned a non-zero exit code 127.; 241)
[2024-05-15T10:31:15.946+0000] {local_task_job_runner.py:240} INFO - Task exited with return code 1
[2024-05-15T10:31:15.955+0000] {taskinstance.py:3482} INFO - 0 downstream tasks scheduled from follow-on schedule check
[2024-05-15T10:31:15.956+0000] {local_task_job_runner.py:222} INFO - ::endgroup::
