[2024-05-16T11:19:48.830+0000] {local_task_job_runner.py:120} INFO - ::group::Pre task execution logs
[2024-05-16T11:19:48.858+0000] {taskinstance.py:2073} INFO - Dependencies all met for dep_context=non-requeueable deps ti=<TaskInstance: dag_tables.import_table1 scheduled__2024-05-12T00:00:00+00:00 [queued]>
[2024-05-16T11:19:48.863+0000] {taskinstance.py:2073} INFO - Dependencies all met for dep_context=requeueable deps ti=<TaskInstance: dag_tables.import_table1 scheduled__2024-05-12T00:00:00+00:00 [queued]>
[2024-05-16T11:19:48.864+0000] {taskinstance.py:2303} INFO - Starting attempt 1 of 6
[2024-05-16T11:19:48.883+0000] {taskinstance.py:2327} INFO - Executing <Task(BashOperator): import_table1> on 2024-05-12 00:00:00+00:00
[2024-05-16T11:19:48.890+0000] {logging_mixin.py:188} WARNING - /home/***/.local/lib/python3.12/site-packages/***/task/task_runner/standard_task_runner.py:61 DeprecationWarning: This process (pid=230) is multi-threaded, use of fork() may lead to deadlocks in the child.
[2024-05-16T11:19:48.894+0000] {standard_task_runner.py:63} INFO - Started process 240 to run task
[2024-05-16T11:19:48.889+0000] {standard_task_runner.py:90} INFO - Running: ['***', 'tasks', 'run', 'dag_tables', 'import_table1', 'scheduled__2024-05-12T00:00:00+00:00', '--job-id', '393', '--raw', '--subdir', 'DAGS_FOLDER/dag_mysql.py', '--cfg-path', '/tmp/tmp3r98t_vg']
[2024-05-16T11:19:48.897+0000] {standard_task_runner.py:91} INFO - Job 393: Subtask import_table1
[2024-05-16T11:19:48.955+0000] {task_command.py:426} INFO - Running <TaskInstance: dag_tables.import_table1 scheduled__2024-05-12T00:00:00+00:00 [running]> on host 7084a6d88d3b
[2024-05-16T11:19:49.031+0000] {taskinstance.py:2644} INFO - Exporting env vars: AIRFLOW_CTX_DAG_OWNER='bses' AIRFLOW_CTX_DAG_ID='dag_tables' AIRFLOW_CTX_TASK_ID='import_table1' AIRFLOW_CTX_EXECUTION_DATE='2024-05-12T00:00:00+00:00' AIRFLOW_CTX_TRY_NUMBER='1' AIRFLOW_CTX_DAG_RUN_ID='scheduled__2024-05-12T00:00:00+00:00'
[2024-05-16T11:19:49.032+0000] {taskinstance.py:430} INFO - ::endgroup::
[2024-05-16T11:19:49.045+0000] {subprocess.py:63} INFO - Tmp dir root location: /tmp
[2024-05-16T11:19:49.048+0000] {subprocess.py:75} INFO - Running command: ['/usr/bin/bash', '-c', '\n            mysql -h host.docker.internal -u root --password=12345678 test < /opt/***/dags/products.sql;\n           ']
[2024-05-16T11:19:49.062+0000] {subprocess.py:86} INFO - Output:
[2024-05-16T11:19:49.215+0000] {subprocess.py:97} INFO - Command exited with return code 0
[2024-05-16T11:19:49.217+0000] {taskinstance.py:441} INFO - ::group::Post task execution logs
[2024-05-16T11:19:49.283+0000] {taskinstance.py:1205} INFO - Marking task as SUCCESS. dag_id=dag_tables, task_id=import_table1, execution_date=20240512T000000, start_date=20240516T111948, end_date=20240516T111949
[2024-05-16T11:19:49.330+0000] {local_task_job_runner.py:240} INFO - Task exited with return code 0
[2024-05-16T11:19:49.425+0000] {taskinstance.py:3482} INFO - 0 downstream tasks scheduled from follow-on schedule check
[2024-05-16T11:19:49.437+0000] {local_task_job_runner.py:222} INFO - ::endgroup::
[2024-05-16T11:22:31.256+0000] {local_task_job_runner.py:120} INFO - ::group::Pre task execution logs
[2024-05-16T11:22:31.278+0000] {taskinstance.py:2073} INFO - Dependencies all met for dep_context=non-requeueable deps ti=<TaskInstance: dag_tables.import_table1 scheduled__2024-05-12T00:00:00+00:00 [queued]>
[2024-05-16T11:22:31.289+0000] {taskinstance.py:2073} INFO - Dependencies all met for dep_context=requeueable deps ti=<TaskInstance: dag_tables.import_table1 scheduled__2024-05-12T00:00:00+00:00 [queued]>
[2024-05-16T11:22:31.293+0000] {taskinstance.py:2303} INFO - Starting attempt 1 of 6
[2024-05-16T11:22:31.310+0000] {taskinstance.py:2327} INFO - Executing <Task(BashOperator): import_table1> on 2024-05-12 00:00:00+00:00
[2024-05-16T11:22:31.328+0000] {logging_mixin.py:188} WARNING - /home/***/.local/lib/python3.12/site-packages/***/task/task_runner/standard_task_runner.py:61 DeprecationWarning: This process (pid=491) is multi-threaded, use of fork() may lead to deadlocks in the child.
[2024-05-16T11:22:31.329+0000] {standard_task_runner.py:63} INFO - Started process 512 to run task
[2024-05-16T11:22:31.328+0000] {standard_task_runner.py:90} INFO - Running: ['***', 'tasks', 'run', 'dag_tables', 'import_table1', 'scheduled__2024-05-12T00:00:00+00:00', '--job-id', '447', '--raw', '--subdir', 'DAGS_FOLDER/dag_mysql.py', '--cfg-path', '/tmp/tmpf_031vx2']
[2024-05-16T11:22:31.331+0000] {standard_task_runner.py:91} INFO - Job 447: Subtask import_table1
[2024-05-16T11:22:31.406+0000] {task_command.py:426} INFO - Running <TaskInstance: dag_tables.import_table1 scheduled__2024-05-12T00:00:00+00:00 [running]> on host 7084a6d88d3b
[2024-05-16T11:22:31.467+0000] {taskinstance.py:2644} INFO - Exporting env vars: AIRFLOW_CTX_DAG_OWNER='bses' AIRFLOW_CTX_DAG_ID='dag_tables' AIRFLOW_CTX_TASK_ID='import_table1' AIRFLOW_CTX_EXECUTION_DATE='2024-05-12T00:00:00+00:00' AIRFLOW_CTX_TRY_NUMBER='1' AIRFLOW_CTX_DAG_RUN_ID='scheduled__2024-05-12T00:00:00+00:00'
[2024-05-16T11:22:31.472+0000] {taskinstance.py:430} INFO - ::endgroup::
[2024-05-16T11:22:31.481+0000] {subprocess.py:63} INFO - Tmp dir root location: /tmp
[2024-05-16T11:22:31.484+0000] {subprocess.py:75} INFO - Running command: ['/usr/bin/bash', '-c', '\n            mysql -h host.docker.internal -u root --password=12345678 test < /opt/***/dags/products.sql\n           ']
[2024-05-16T11:22:31.490+0000] {subprocess.py:86} INFO - Output:
[2024-05-16T11:22:31.609+0000] {subprocess.py:97} INFO - Command exited with return code 0
[2024-05-16T11:22:31.610+0000] {taskinstance.py:441} INFO - ::group::Post task execution logs
[2024-05-16T11:22:31.649+0000] {taskinstance.py:1205} INFO - Marking task as SUCCESS. dag_id=dag_tables, task_id=import_table1, execution_date=20240512T000000, start_date=20240516T112231, end_date=20240516T112231
[2024-05-16T11:22:31.676+0000] {local_task_job_runner.py:240} INFO - Task exited with return code 0
[2024-05-16T11:22:31.712+0000] {taskinstance.py:3482} INFO - 1 downstream tasks scheduled from follow-on schedule check
[2024-05-16T11:22:31.724+0000] {local_task_job_runner.py:222} INFO - ::endgroup::
[2024-05-16T11:24:49.785+0000] {local_task_job_runner.py:120} INFO - ::group::Pre task execution logs
[2024-05-16T11:24:49.807+0000] {taskinstance.py:2073} INFO - Dependencies all met for dep_context=non-requeueable deps ti=<TaskInstance: dag_tables.import_table1 scheduled__2024-05-12T00:00:00+00:00 [queued]>
[2024-05-16T11:24:49.811+0000] {taskinstance.py:2073} INFO - Dependencies all met for dep_context=requeueable deps ti=<TaskInstance: dag_tables.import_table1 scheduled__2024-05-12T00:00:00+00:00 [queued]>
[2024-05-16T11:24:49.812+0000] {taskinstance.py:2303} INFO - Starting attempt 1 of 6
[2024-05-16T11:24:49.852+0000] {taskinstance.py:2327} INFO - Executing <Task(BashOperator): import_table1> on 2024-05-12 00:00:00+00:00
[2024-05-16T11:24:49.861+0000] {standard_task_runner.py:90} INFO - Running: ['***', 'tasks', 'run', 'dag_tables', 'import_table1', 'scheduled__2024-05-12T00:00:00+00:00', '--job-id', '500', '--raw', '--subdir', 'DAGS_FOLDER/dag_mysql.py', '--cfg-path', '/tmp/tmpl_g8sddo']
[2024-05-16T11:24:49.866+0000] {standard_task_runner.py:91} INFO - Job 500: Subtask import_table1
[2024-05-16T11:24:49.862+0000] {logging_mixin.py:188} WARNING - /home/***/.local/lib/python3.12/site-packages/***/task/task_runner/standard_task_runner.py:61 DeprecationWarning: This process (pid=773) is multi-threaded, use of fork() may lead to deadlocks in the child.
[2024-05-16T11:24:49.867+0000] {standard_task_runner.py:63} INFO - Started process 784 to run task
[2024-05-16T11:24:49.920+0000] {task_command.py:426} INFO - Running <TaskInstance: dag_tables.import_table1 scheduled__2024-05-12T00:00:00+00:00 [running]> on host 7084a6d88d3b
[2024-05-16T11:24:49.998+0000] {taskinstance.py:2644} INFO - Exporting env vars: AIRFLOW_CTX_DAG_OWNER='bses' AIRFLOW_CTX_DAG_ID='dag_tables' AIRFLOW_CTX_TASK_ID='import_table1' AIRFLOW_CTX_EXECUTION_DATE='2024-05-12T00:00:00+00:00' AIRFLOW_CTX_TRY_NUMBER='1' AIRFLOW_CTX_DAG_RUN_ID='scheduled__2024-05-12T00:00:00+00:00'
[2024-05-16T11:24:50.001+0000] {taskinstance.py:430} INFO - ::endgroup::
[2024-05-16T11:24:50.020+0000] {subprocess.py:63} INFO - Tmp dir root location: /tmp
[2024-05-16T11:24:50.022+0000] {subprocess.py:75} INFO - Running command: ['/usr/bin/bash', '-c', '\n            mysql -h host.docker.internal -u root --password=12345678 test < /opt/***/dags/products.sql\n           ']
[2024-05-16T11:24:50.037+0000] {subprocess.py:86} INFO - Output:
[2024-05-16T11:24:50.137+0000] {subprocess.py:97} INFO - Command exited with return code 0
[2024-05-16T11:24:50.138+0000] {taskinstance.py:441} INFO - ::group::Post task execution logs
[2024-05-16T11:24:50.159+0000] {taskinstance.py:1205} INFO - Marking task as SUCCESS. dag_id=dag_tables, task_id=import_table1, execution_date=20240512T000000, start_date=20240516T112449, end_date=20240516T112450
[2024-05-16T11:24:50.175+0000] {local_task_job_runner.py:240} INFO - Task exited with return code 0
[2024-05-16T11:24:50.186+0000] {taskinstance.py:3482} INFO - 0 downstream tasks scheduled from follow-on schedule check
[2024-05-16T11:24:50.190+0000] {local_task_job_runner.py:222} INFO - ::endgroup::
[2024-05-16T11:27:51.671+0000] {local_task_job_runner.py:120} INFO - ::group::Pre task execution logs
[2024-05-16T11:27:51.691+0000] {taskinstance.py:2073} INFO - Dependencies all met for dep_context=non-requeueable deps ti=<TaskInstance: dag_tables.import_table1 scheduled__2024-05-12T00:00:00+00:00 [queued]>
[2024-05-16T11:27:51.697+0000] {taskinstance.py:2073} INFO - Dependencies all met for dep_context=requeueable deps ti=<TaskInstance: dag_tables.import_table1 scheduled__2024-05-12T00:00:00+00:00 [queued]>
[2024-05-16T11:27:51.697+0000] {taskinstance.py:2303} INFO - Starting attempt 1 of 6
[2024-05-16T11:27:51.714+0000] {taskinstance.py:2327} INFO - Executing <Task(BashOperator): import_table1> on 2024-05-12 00:00:00+00:00
[2024-05-16T11:27:51.720+0000] {logging_mixin.py:188} WARNING - /home/***/.local/lib/python3.12/site-packages/***/task/task_runner/standard_task_runner.py:61 DeprecationWarning: This process (pid=930) is multi-threaded, use of fork() may lead to deadlocks in the child.
[2024-05-16T11:27:51.721+0000] {standard_task_runner.py:63} INFO - Started process 933 to run task
[2024-05-16T11:27:51.721+0000] {standard_task_runner.py:90} INFO - Running: ['***', 'tasks', 'run', 'dag_tables', 'import_table1', 'scheduled__2024-05-12T00:00:00+00:00', '--job-id', '520', '--raw', '--subdir', 'DAGS_FOLDER/dag_mysql.py', '--cfg-path', '/tmp/tmp1sxuihns']
[2024-05-16T11:27:51.723+0000] {standard_task_runner.py:91} INFO - Job 520: Subtask import_table1
[2024-05-16T11:27:51.753+0000] {task_command.py:426} INFO - Running <TaskInstance: dag_tables.import_table1 scheduled__2024-05-12T00:00:00+00:00 [running]> on host 7084a6d88d3b
[2024-05-16T11:27:51.807+0000] {taskinstance.py:2644} INFO - Exporting env vars: AIRFLOW_CTX_DAG_OWNER='bses' AIRFLOW_CTX_DAG_ID='dag_tables' AIRFLOW_CTX_TASK_ID='import_table1' AIRFLOW_CTX_EXECUTION_DATE='2024-05-12T00:00:00+00:00' AIRFLOW_CTX_TRY_NUMBER='1' AIRFLOW_CTX_DAG_RUN_ID='scheduled__2024-05-12T00:00:00+00:00'
[2024-05-16T11:27:51.808+0000] {taskinstance.py:430} INFO - ::endgroup::
[2024-05-16T11:27:51.815+0000] {subprocess.py:63} INFO - Tmp dir root location: /tmp
[2024-05-16T11:27:51.815+0000] {subprocess.py:75} INFO - Running command: ['/usr/bin/bash', '-c', '\n            mysql -h host.docker.internal -u root --password=12345678 test < /opt/***/dags/products.sql\n           ']
[2024-05-16T11:27:51.821+0000] {subprocess.py:86} INFO - Output:
[2024-05-16T11:27:51.900+0000] {subprocess.py:97} INFO - Command exited with return code 0
[2024-05-16T11:27:51.901+0000] {taskinstance.py:441} INFO - ::group::Post task execution logs
[2024-05-16T11:27:51.916+0000] {taskinstance.py:1205} INFO - Marking task as SUCCESS. dag_id=dag_tables, task_id=import_table1, execution_date=20240512T000000, start_date=20240516T112751, end_date=20240516T112751
[2024-05-16T11:27:51.943+0000] {local_task_job_runner.py:240} INFO - Task exited with return code 0
[2024-05-16T11:27:51.954+0000] {taskinstance.py:3482} INFO - 0 downstream tasks scheduled from follow-on schedule check
[2024-05-16T11:27:51.955+0000] {local_task_job_runner.py:222} INFO - ::endgroup::
