[2024-05-15T10:15:42.736+0000] {local_task_job_runner.py:120} INFO - ::group::Pre task execution logs
[2024-05-15T10:15:42.761+0000] {taskinstance.py:2073} INFO - Dependencies all met for dep_context=non-requeueable deps ti=<TaskInstance: dag_hdfs.save scheduled__2024-05-06T00:00:00+00:00 [queued]>
[2024-05-15T10:15:42.768+0000] {taskinstance.py:2073} INFO - Dependencies all met for dep_context=requeueable deps ti=<TaskInstance: dag_hdfs.save scheduled__2024-05-06T00:00:00+00:00 [queued]>
[2024-05-15T10:15:42.772+0000] {taskinstance.py:2303} INFO - Starting attempt 1 of 6
[2024-05-15T10:15:42.807+0000] {taskinstance.py:2327} INFO - Executing <Task(PythonOperator): save> on 2024-05-06 00:00:00+00:00
[2024-05-15T10:15:42.827+0000] {logging_mixin.py:188} WARNING - /home/***/.local/lib/python3.12/site-packages/***/task/task_runner/standard_task_runner.py:61 DeprecationWarning: This process (pid=223) is multi-threaded, use of fork() may lead to deadlocks in the child.
[2024-05-15T10:15:42.824+0000] {standard_task_runner.py:90} INFO - Running: ['***', 'tasks', 'run', 'dag_hdfs', 'save', 'scheduled__2024-05-06T00:00:00+00:00', '--job-id', '145', '--raw', '--subdir', 'DAGS_FOLDER/hdfs_dag.py', '--cfg-path', '/tmp/tmpb7qmzqre']
[2024-05-15T10:15:42.840+0000] {standard_task_runner.py:91} INFO - Job 145: Subtask save
[2024-05-15T10:15:42.831+0000] {standard_task_runner.py:63} INFO - Started process 245 to run task
[2024-05-15T10:15:42.951+0000] {task_command.py:426} INFO - Running <TaskInstance: dag_hdfs.save scheduled__2024-05-06T00:00:00+00:00 [running]> on host f85b7a0b58b5
[2024-05-15T10:15:43.023+0000] {taskinstance.py:2644} INFO - Exporting env vars: AIRFLOW_CTX_DAG_OWNER='bses' AIRFLOW_CTX_DAG_ID='dag_hdfs' AIRFLOW_CTX_TASK_ID='save' AIRFLOW_CTX_EXECUTION_DATE='2024-05-06T00:00:00+00:00' AIRFLOW_CTX_TRY_NUMBER='1' AIRFLOW_CTX_DAG_RUN_ID='scheduled__2024-05-06T00:00:00+00:00'
[2024-05-15T10:15:43.027+0000] {taskinstance.py:430} INFO - ::endgroup::
[2024-05-15T10:15:43.066+0000] {logging_mixin.py:188} INFO - Error  /bin/sh: 1: hdfs: Permission denied
[2024-05-15T10:15:43.076+0000] {python.py:237} INFO - Done. Returned value was: None
[2024-05-15T10:15:43.084+0000] {taskinstance.py:441} INFO - ::group::Post task execution logs
[2024-05-15T10:15:43.099+0000] {taskinstance.py:1205} INFO - Marking task as SUCCESS. dag_id=dag_hdfs, task_id=save, execution_date=20240506T000000, start_date=20240515T101542, end_date=20240515T101543
[2024-05-15T10:15:43.259+0000] {local_task_job_runner.py:240} INFO - Task exited with return code 0
[2024-05-15T10:15:43.282+0000] {taskinstance.py:3482} INFO - 1 downstream tasks scheduled from follow-on schedule check
[2024-05-15T10:15:43.290+0000] {local_task_job_runner.py:222} INFO - ::endgroup::
[2024-05-15T10:20:35.843+0000] {local_task_job_runner.py:120} INFO - ::group::Pre task execution logs
[2024-05-15T10:20:35.914+0000] {taskinstance.py:2073} INFO - Dependencies all met for dep_context=non-requeueable deps ti=<TaskInstance: dag_hdfs.save scheduled__2024-05-06T00:00:00+00:00 [queued]>
[2024-05-15T10:20:35.954+0000] {taskinstance.py:2073} INFO - Dependencies all met for dep_context=requeueable deps ti=<TaskInstance: dag_hdfs.save scheduled__2024-05-06T00:00:00+00:00 [queued]>
[2024-05-15T10:20:35.957+0000] {taskinstance.py:2303} INFO - Starting attempt 1 of 6
[2024-05-15T10:20:35.989+0000] {taskinstance.py:2327} INFO - Executing <Task(BashOperator): save> on 2024-05-06 00:00:00+00:00
[2024-05-15T10:20:36.012+0000] {logging_mixin.py:188} WARNING - /home/***/.local/lib/python3.12/site-packages/***/task/task_runner/standard_task_runner.py:61 DeprecationWarning: This process (pid=505) is multi-threaded, use of fork() may lead to deadlocks in the child.
[2024-05-15T10:20:36.015+0000] {standard_task_runner.py:90} INFO - Running: ['***', 'tasks', 'run', 'dag_hdfs', 'save', 'scheduled__2024-05-06T00:00:00+00:00', '--job-id', '175', '--raw', '--subdir', 'DAGS_FOLDER/hdfs_dag.py', '--cfg-path', '/tmp/tmplho9t675']
[2024-05-15T10:20:36.027+0000] {standard_task_runner.py:91} INFO - Job 175: Subtask save
[2024-05-15T10:20:36.021+0000] {standard_task_runner.py:63} INFO - Started process 531 to run task
[2024-05-15T10:20:36.129+0000] {task_command.py:426} INFO - Running <TaskInstance: dag_hdfs.save scheduled__2024-05-06T00:00:00+00:00 [running]> on host f85b7a0b58b5
[2024-05-15T10:20:36.232+0000] {taskinstance.py:2644} INFO - Exporting env vars: AIRFLOW_CTX_DAG_OWNER='bses' AIRFLOW_CTX_DAG_ID='dag_hdfs' AIRFLOW_CTX_TASK_ID='save' AIRFLOW_CTX_EXECUTION_DATE='2024-05-06T00:00:00+00:00' AIRFLOW_CTX_TRY_NUMBER='1' AIRFLOW_CTX_DAG_RUN_ID='scheduled__2024-05-06T00:00:00+00:00'
[2024-05-15T10:20:36.238+0000] {taskinstance.py:430} INFO - ::endgroup::
[2024-05-15T10:20:36.249+0000] {subprocess.py:63} INFO - Tmp dir root location: /tmp
[2024-05-15T10:20:36.253+0000] {subprocess.py:75} INFO - Running command: ['/usr/bin/bash', '-c', 'hdfs dfs -mkdir /tmp']
[2024-05-15T10:20:36.276+0000] {subprocess.py:86} INFO - Output:
[2024-05-15T10:20:36.278+0000] {subprocess.py:93} INFO - /usr/bin/bash: line 1: hdfs: command not found
[2024-05-15T10:20:36.279+0000] {subprocess.py:97} INFO - Command exited with return code 127
[2024-05-15T10:20:36.280+0000] {taskinstance.py:441} INFO - ::group::Post task execution logs
[2024-05-15T10:20:36.304+0000] {taskinstance.py:2890} ERROR - Task failed with exception
Traceback (most recent call last):
  File "/home/airflow/.local/lib/python3.12/site-packages/airflow/models/taskinstance.py", line 465, in _execute_task
    result = _execute_callable(context=context, **execute_callable_kwargs)
             ^^^^^^^^^^^^^^^^^^^^^^^^^^^^^^^^^^^^^^^^^^^^^^^^^^^^^^^^^^^^^
  File "/home/airflow/.local/lib/python3.12/site-packages/airflow/models/taskinstance.py", line 432, in _execute_callable
    return execute_callable(context=context, **execute_callable_kwargs)
           ^^^^^^^^^^^^^^^^^^^^^^^^^^^^^^^^^^^^^^^^^^^^^^^^^^^^^^^^^^^^
  File "/home/airflow/.local/lib/python3.12/site-packages/airflow/models/baseoperator.py", line 400, in wrapper
    return func(self, *args, **kwargs)
           ^^^^^^^^^^^^^^^^^^^^^^^^^^^
  File "/home/airflow/.local/lib/python3.12/site-packages/airflow/operators/bash.py", line 243, in execute
    raise AirflowException(
airflow.exceptions.AirflowException: Bash command failed. The command returned a non-zero exit code 127.
[2024-05-15T10:20:36.313+0000] {taskinstance.py:1205} INFO - Marking task as UP_FOR_RETRY. dag_id=dag_hdfs, task_id=save, execution_date=20240506T000000, start_date=20240515T102035, end_date=20240515T102036
[2024-05-15T10:20:36.327+0000] {standard_task_runner.py:110} ERROR - Failed to execute job 175 for task save (Bash command failed. The command returned a non-zero exit code 127.; 531)
[2024-05-15T10:20:36.344+0000] {local_task_job_runner.py:240} INFO - Task exited with return code 1
[2024-05-15T10:20:36.357+0000] {taskinstance.py:3482} INFO - 0 downstream tasks scheduled from follow-on schedule check
[2024-05-15T10:20:36.361+0000] {local_task_job_runner.py:222} INFO - ::endgroup::
[2024-05-15T10:31:14.948+0000] {local_task_job_runner.py:120} INFO - ::group::Pre task execution logs
[2024-05-15T10:31:15.011+0000] {taskinstance.py:2073} INFO - Dependencies all met for dep_context=non-requeueable deps ti=<TaskInstance: dag_hdfs.save scheduled__2024-05-06T00:00:00+00:00 [queued]>
[2024-05-15T10:31:15.038+0000] {taskinstance.py:2073} INFO - Dependencies all met for dep_context=requeueable deps ti=<TaskInstance: dag_hdfs.save scheduled__2024-05-06T00:00:00+00:00 [queued]>
[2024-05-15T10:31:15.045+0000] {taskinstance.py:2303} INFO - Starting attempt 1 of 6
[2024-05-15T10:31:15.476+0000] {taskinstance.py:2327} INFO - Executing <Task(BashOperator): save> on 2024-05-06 00:00:00+00:00
[2024-05-15T10:31:15.496+0000] {standard_task_runner.py:90} INFO - Running: ['***', 'tasks', 'run', 'dag_hdfs', 'save', 'scheduled__2024-05-06T00:00:00+00:00', '--job-id', '205', '--raw', '--subdir', 'DAGS_FOLDER/hdfs_dag.py', '--cfg-path', '/tmp/tmp0pwoyeoa']
[2024-05-15T10:31:15.516+0000] {standard_task_runner.py:91} INFO - Job 205: Subtask save
[2024-05-15T10:31:15.503+0000] {logging_mixin.py:188} WARNING - /home/***/.local/lib/python3.12/site-packages/***/task/task_runner/standard_task_runner.py:61 DeprecationWarning: This process (pid=206) is multi-threaded, use of fork() may lead to deadlocks in the child.
[2024-05-15T10:31:15.524+0000] {standard_task_runner.py:63} INFO - Started process 233 to run task
[2024-05-15T10:31:15.596+0000] {task_command.py:426} INFO - Running <TaskInstance: dag_hdfs.save scheduled__2024-05-06T00:00:00+00:00 [running]> on host 8fa157e7798a
[2024-05-15T10:31:15.685+0000] {taskinstance.py:2644} INFO - Exporting env vars: AIRFLOW_CTX_DAG_OWNER='bses' AIRFLOW_CTX_DAG_ID='dag_hdfs' AIRFLOW_CTX_TASK_ID='save' AIRFLOW_CTX_EXECUTION_DATE='2024-05-06T00:00:00+00:00' AIRFLOW_CTX_TRY_NUMBER='1' AIRFLOW_CTX_DAG_RUN_ID='scheduled__2024-05-06T00:00:00+00:00'
[2024-05-15T10:31:15.695+0000] {taskinstance.py:430} INFO - ::endgroup::
[2024-05-15T10:31:15.705+0000] {subprocess.py:63} INFO - Tmp dir root location: /tmp
[2024-05-15T10:31:15.706+0000] {subprocess.py:75} INFO - Running command: ['/usr/bin/bash', '-c', 'hdfs dfs -mkdir /tmp']
[2024-05-15T10:31:15.719+0000] {subprocess.py:86} INFO - Output:
[2024-05-15T10:31:15.723+0000] {subprocess.py:93} INFO - /usr/bin/bash: line 1: hdfs: command not found
[2024-05-15T10:31:15.728+0000] {subprocess.py:97} INFO - Command exited with return code 127
[2024-05-15T10:31:15.730+0000] {taskinstance.py:441} INFO - ::group::Post task execution logs
[2024-05-15T10:31:15.749+0000] {taskinstance.py:2890} ERROR - Task failed with exception
Traceback (most recent call last):
  File "/home/airflow/.local/lib/python3.12/site-packages/airflow/models/taskinstance.py", line 465, in _execute_task
    result = _execute_callable(context=context, **execute_callable_kwargs)
             ^^^^^^^^^^^^^^^^^^^^^^^^^^^^^^^^^^^^^^^^^^^^^^^^^^^^^^^^^^^^^
  File "/home/airflow/.local/lib/python3.12/site-packages/airflow/models/taskinstance.py", line 432, in _execute_callable
    return execute_callable(context=context, **execute_callable_kwargs)
           ^^^^^^^^^^^^^^^^^^^^^^^^^^^^^^^^^^^^^^^^^^^^^^^^^^^^^^^^^^^^
  File "/home/airflow/.local/lib/python3.12/site-packages/airflow/models/baseoperator.py", line 400, in wrapper
    return func(self, *args, **kwargs)
           ^^^^^^^^^^^^^^^^^^^^^^^^^^^
  File "/home/airflow/.local/lib/python3.12/site-packages/airflow/operators/bash.py", line 243, in execute
    raise AirflowException(
airflow.exceptions.AirflowException: Bash command failed. The command returned a non-zero exit code 127.
[2024-05-15T10:31:15.757+0000] {taskinstance.py:1205} INFO - Marking task as UP_FOR_RETRY. dag_id=dag_hdfs, task_id=save, execution_date=20240506T000000, start_date=20240515T103115, end_date=20240515T103115
[2024-05-15T10:31:15.767+0000] {standard_task_runner.py:110} ERROR - Failed to execute job 205 for task save (Bash command failed. The command returned a non-zero exit code 127.; 233)
[2024-05-15T10:31:15.798+0000] {local_task_job_runner.py:240} INFO - Task exited with return code 1
[2024-05-15T10:31:15.810+0000] {taskinstance.py:3482} INFO - 0 downstream tasks scheduled from follow-on schedule check
[2024-05-15T10:31:15.812+0000] {local_task_job_runner.py:222} INFO - ::endgroup::
