[2024-05-16T11:19:48.370+0000] {local_task_job_runner.py:120} INFO - ::group::Pre task execution logs
[2024-05-16T11:19:48.400+0000] {taskinstance.py:2073} INFO - Dependencies all met for dep_context=non-requeueable deps ti=<TaskInstance: dag_tables.import_table1 scheduled__2024-05-08T00:00:00+00:00 [queued]>
[2024-05-16T11:19:48.413+0000] {taskinstance.py:2073} INFO - Dependencies all met for dep_context=requeueable deps ti=<TaskInstance: dag_tables.import_table1 scheduled__2024-05-08T00:00:00+00:00 [queued]>
[2024-05-16T11:19:48.420+0000] {taskinstance.py:2303} INFO - Starting attempt 1 of 6
[2024-05-16T11:19:48.445+0000] {taskinstance.py:2327} INFO - Executing <Task(BashOperator): import_table1> on 2024-05-08 00:00:00+00:00
[2024-05-16T11:19:48.456+0000] {logging_mixin.py:188} WARNING - /home/***/.local/lib/python3.12/site-packages/***/task/task_runner/standard_task_runner.py:61 DeprecationWarning: This process (pid=205) is multi-threaded, use of fork() may lead to deadlocks in the child.
[2024-05-16T11:19:48.459+0000] {standard_task_runner.py:63} INFO - Started process 217 to run task
[2024-05-16T11:19:48.457+0000] {standard_task_runner.py:90} INFO - Running: ['***', 'tasks', 'run', 'dag_tables', 'import_table1', 'scheduled__2024-05-08T00:00:00+00:00', '--job-id', '388', '--raw', '--subdir', 'DAGS_FOLDER/dag_mysql.py', '--cfg-path', '/tmp/tmp76u46paj']
[2024-05-16T11:19:48.466+0000] {standard_task_runner.py:91} INFO - Job 388: Subtask import_table1
[2024-05-16T11:19:48.510+0000] {task_command.py:426} INFO - Running <TaskInstance: dag_tables.import_table1 scheduled__2024-05-08T00:00:00+00:00 [running]> on host 7084a6d88d3b
[2024-05-16T11:19:48.572+0000] {taskinstance.py:2644} INFO - Exporting env vars: AIRFLOW_CTX_DAG_OWNER='bses' AIRFLOW_CTX_DAG_ID='dag_tables' AIRFLOW_CTX_TASK_ID='import_table1' AIRFLOW_CTX_EXECUTION_DATE='2024-05-08T00:00:00+00:00' AIRFLOW_CTX_TRY_NUMBER='1' AIRFLOW_CTX_DAG_RUN_ID='scheduled__2024-05-08T00:00:00+00:00'
[2024-05-16T11:19:48.578+0000] {taskinstance.py:430} INFO - ::endgroup::
[2024-05-16T11:19:48.587+0000] {subprocess.py:63} INFO - Tmp dir root location: /tmp
[2024-05-16T11:19:48.588+0000] {subprocess.py:75} INFO - Running command: ['/usr/bin/bash', '-c', '\n            mysql -h host.docker.internal -u root --password=12345678 test < /opt/***/dags/products.sql;\n           ']
[2024-05-16T11:19:48.594+0000] {subprocess.py:86} INFO - Output:
[2024-05-16T11:19:48.725+0000] {subprocess.py:97} INFO - Command exited with return code 0
[2024-05-16T11:19:48.730+0000] {taskinstance.py:441} INFO - ::group::Post task execution logs
[2024-05-16T11:19:48.752+0000] {taskinstance.py:1205} INFO - Marking task as SUCCESS. dag_id=dag_tables, task_id=import_table1, execution_date=20240508T000000, start_date=20240516T111948, end_date=20240516T111948
[2024-05-16T11:19:48.816+0000] {local_task_job_runner.py:240} INFO - Task exited with return code 0
[2024-05-16T11:19:48.888+0000] {taskinstance.py:3482} INFO - 0 downstream tasks scheduled from follow-on schedule check
[2024-05-16T11:19:48.896+0000] {local_task_job_runner.py:222} INFO - ::endgroup::
[2024-05-16T11:22:30.719+0000] {local_task_job_runner.py:120} INFO - ::group::Pre task execution logs
[2024-05-16T11:22:30.740+0000] {taskinstance.py:2073} INFO - Dependencies all met for dep_context=non-requeueable deps ti=<TaskInstance: dag_tables.import_table1 scheduled__2024-05-08T00:00:00+00:00 [queued]>
[2024-05-16T11:22:30.749+0000] {taskinstance.py:2073} INFO - Dependencies all met for dep_context=requeueable deps ti=<TaskInstance: dag_tables.import_table1 scheduled__2024-05-08T00:00:00+00:00 [queued]>
[2024-05-16T11:22:30.750+0000] {taskinstance.py:2303} INFO - Starting attempt 1 of 6
[2024-05-16T11:22:30.783+0000] {taskinstance.py:2327} INFO - Executing <Task(BashOperator): import_table1> on 2024-05-08 00:00:00+00:00
[2024-05-16T11:22:30.787+0000] {logging_mixin.py:188} WARNING - /home/***/.local/lib/python3.12/site-packages/***/task/task_runner/standard_task_runner.py:61 DeprecationWarning: This process (pid=464) is multi-threaded, use of fork() may lead to deadlocks in the child.
[2024-05-16T11:22:30.788+0000] {standard_task_runner.py:90} INFO - Running: ['***', 'tasks', 'run', 'dag_tables', 'import_table1', 'scheduled__2024-05-08T00:00:00+00:00', '--job-id', '436', '--raw', '--subdir', 'DAGS_FOLDER/dag_mysql.py', '--cfg-path', '/tmp/tmpcp5w0ldl']
[2024-05-16T11:22:30.789+0000] {standard_task_runner.py:63} INFO - Started process 475 to run task
[2024-05-16T11:22:30.790+0000] {standard_task_runner.py:91} INFO - Job 436: Subtask import_table1
[2024-05-16T11:22:30.832+0000] {task_command.py:426} INFO - Running <TaskInstance: dag_tables.import_table1 scheduled__2024-05-08T00:00:00+00:00 [running]> on host 7084a6d88d3b
[2024-05-16T11:22:30.900+0000] {taskinstance.py:2644} INFO - Exporting env vars: AIRFLOW_CTX_DAG_OWNER='bses' AIRFLOW_CTX_DAG_ID='dag_tables' AIRFLOW_CTX_TASK_ID='import_table1' AIRFLOW_CTX_EXECUTION_DATE='2024-05-08T00:00:00+00:00' AIRFLOW_CTX_TRY_NUMBER='1' AIRFLOW_CTX_DAG_RUN_ID='scheduled__2024-05-08T00:00:00+00:00'
[2024-05-16T11:22:30.900+0000] {taskinstance.py:430} INFO - ::endgroup::
[2024-05-16T11:22:30.912+0000] {subprocess.py:63} INFO - Tmp dir root location: /tmp
[2024-05-16T11:22:30.917+0000] {subprocess.py:75} INFO - Running command: ['/usr/bin/bash', '-c', '\n            mysql -h host.docker.internal -u root --password=12345678 test < /opt/***/dags/products.sql\n           ']
[2024-05-16T11:22:30.937+0000] {subprocess.py:86} INFO - Output:
[2024-05-16T11:22:31.136+0000] {subprocess.py:97} INFO - Command exited with return code 0
[2024-05-16T11:22:31.139+0000] {taskinstance.py:441} INFO - ::group::Post task execution logs
[2024-05-16T11:22:31.193+0000] {taskinstance.py:1205} INFO - Marking task as SUCCESS. dag_id=dag_tables, task_id=import_table1, execution_date=20240508T000000, start_date=20240516T112230, end_date=20240516T112231
[2024-05-16T11:22:31.227+0000] {local_task_job_runner.py:240} INFO - Task exited with return code 0
[2024-05-16T11:22:31.302+0000] {taskinstance.py:3482} INFO - 0 downstream tasks scheduled from follow-on schedule check
[2024-05-16T11:22:31.307+0000] {local_task_job_runner.py:222} INFO - ::endgroup::
[2024-05-16T11:24:46.797+0000] {local_task_job_runner.py:120} INFO - ::group::Pre task execution logs
[2024-05-16T11:24:46.826+0000] {taskinstance.py:2073} INFO - Dependencies all met for dep_context=non-requeueable deps ti=<TaskInstance: dag_tables.import_table1 scheduled__2024-05-08T00:00:00+00:00 [queued]>
[2024-05-16T11:24:46.835+0000] {taskinstance.py:2073} INFO - Dependencies all met for dep_context=requeueable deps ti=<TaskInstance: dag_tables.import_table1 scheduled__2024-05-08T00:00:00+00:00 [queued]>
[2024-05-16T11:24:46.840+0000] {taskinstance.py:2303} INFO - Starting attempt 1 of 6
[2024-05-16T11:24:46.850+0000] {taskinstance.py:2327} INFO - Executing <Task(BashOperator): import_table1> on 2024-05-08 00:00:00+00:00
[2024-05-16T11:24:46.856+0000] {logging_mixin.py:188} WARNING - /home/***/.local/lib/python3.12/site-packages/***/task/task_runner/standard_task_runner.py:61 DeprecationWarning: This process (pid=744) is multi-threaded, use of fork() may lead to deadlocks in the child.
[2024-05-16T11:24:46.859+0000] {standard_task_runner.py:63} INFO - Started process 759 to run task
[2024-05-16T11:24:46.856+0000] {standard_task_runner.py:90} INFO - Running: ['***', 'tasks', 'run', 'dag_tables', 'import_table1', 'scheduled__2024-05-08T00:00:00+00:00', '--job-id', '495', '--raw', '--subdir', 'DAGS_FOLDER/dag_mysql.py', '--cfg-path', '/tmp/tmpuq6ko_0i']
[2024-05-16T11:24:46.864+0000] {standard_task_runner.py:91} INFO - Job 495: Subtask import_table1
[2024-05-16T11:24:46.910+0000] {task_command.py:426} INFO - Running <TaskInstance: dag_tables.import_table1 scheduled__2024-05-08T00:00:00+00:00 [running]> on host 7084a6d88d3b
[2024-05-16T11:24:46.962+0000] {taskinstance.py:2644} INFO - Exporting env vars: AIRFLOW_CTX_DAG_OWNER='bses' AIRFLOW_CTX_DAG_ID='dag_tables' AIRFLOW_CTX_TASK_ID='import_table1' AIRFLOW_CTX_EXECUTION_DATE='2024-05-08T00:00:00+00:00' AIRFLOW_CTX_TRY_NUMBER='1' AIRFLOW_CTX_DAG_RUN_ID='scheduled__2024-05-08T00:00:00+00:00'
[2024-05-16T11:24:46.963+0000] {taskinstance.py:430} INFO - ::endgroup::
[2024-05-16T11:24:46.970+0000] {subprocess.py:63} INFO - Tmp dir root location: /tmp
[2024-05-16T11:24:46.970+0000] {subprocess.py:75} INFO - Running command: ['/usr/bin/bash', '-c', '\n            mysql -h host.docker.internal -u root --password=12345678 test < /opt/***/dags/products.sql\n           ']
[2024-05-16T11:24:46.975+0000] {subprocess.py:86} INFO - Output:
[2024-05-16T11:24:47.029+0000] {subprocess.py:97} INFO - Command exited with return code 0
[2024-05-16T11:24:47.030+0000] {taskinstance.py:441} INFO - ::group::Post task execution logs
[2024-05-16T11:24:47.043+0000] {taskinstance.py:1205} INFO - Marking task as SUCCESS. dag_id=dag_tables, task_id=import_table1, execution_date=20240508T000000, start_date=20240516T112446, end_date=20240516T112447
[2024-05-16T11:24:47.082+0000] {local_task_job_runner.py:240} INFO - Task exited with return code 0
[2024-05-16T11:24:47.090+0000] {taskinstance.py:3482} INFO - 0 downstream tasks scheduled from follow-on schedule check
[2024-05-16T11:24:47.091+0000] {local_task_job_runner.py:222} INFO - ::endgroup::
[2024-05-16T11:27:48.086+0000] {local_task_job_runner.py:120} INFO - ::group::Pre task execution logs
[2024-05-16T11:27:48.112+0000] {taskinstance.py:2073} INFO - Dependencies all met for dep_context=non-requeueable deps ti=<TaskInstance: dag_tables.import_table1 scheduled__2024-05-08T00:00:00+00:00 [queued]>
[2024-05-16T11:27:48.120+0000] {taskinstance.py:2073} INFO - Dependencies all met for dep_context=requeueable deps ti=<TaskInstance: dag_tables.import_table1 scheduled__2024-05-08T00:00:00+00:00 [queued]>
[2024-05-16T11:27:48.121+0000] {taskinstance.py:2303} INFO - Starting attempt 1 of 6
[2024-05-16T11:27:48.162+0000] {taskinstance.py:2327} INFO - Executing <Task(BashOperator): import_table1> on 2024-05-08 00:00:00+00:00
[2024-05-16T11:27:48.168+0000] {logging_mixin.py:188} WARNING - /home/***/.local/lib/python3.12/site-packages/***/task/task_runner/standard_task_runner.py:61 DeprecationWarning: This process (pid=900) is multi-threaded, use of fork() may lead to deadlocks in the child.
[2024-05-16T11:27:48.171+0000] {standard_task_runner.py:63} INFO - Started process 911 to run task
[2024-05-16T11:27:48.169+0000] {standard_task_runner.py:90} INFO - Running: ['***', 'tasks', 'run', 'dag_tables', 'import_table1', 'scheduled__2024-05-08T00:00:00+00:00', '--job-id', '516', '--raw', '--subdir', 'DAGS_FOLDER/dag_mysql.py', '--cfg-path', '/tmp/tmp7z92bfru']
[2024-05-16T11:27:48.175+0000] {standard_task_runner.py:91} INFO - Job 516: Subtask import_table1
[2024-05-16T11:27:48.230+0000] {task_command.py:426} INFO - Running <TaskInstance: dag_tables.import_table1 scheduled__2024-05-08T00:00:00+00:00 [running]> on host 7084a6d88d3b
[2024-05-16T11:27:48.296+0000] {taskinstance.py:2644} INFO - Exporting env vars: AIRFLOW_CTX_DAG_OWNER='bses' AIRFLOW_CTX_DAG_ID='dag_tables' AIRFLOW_CTX_TASK_ID='import_table1' AIRFLOW_CTX_EXECUTION_DATE='2024-05-08T00:00:00+00:00' AIRFLOW_CTX_TRY_NUMBER='1' AIRFLOW_CTX_DAG_RUN_ID='scheduled__2024-05-08T00:00:00+00:00'
[2024-05-16T11:27:48.298+0000] {taskinstance.py:430} INFO - ::endgroup::
[2024-05-16T11:27:48.305+0000] {subprocess.py:63} INFO - Tmp dir root location: /tmp
[2024-05-16T11:27:48.307+0000] {subprocess.py:75} INFO - Running command: ['/usr/bin/bash', '-c', '\n            mysql -h host.docker.internal -u root --password=12345678 test < /opt/***/dags/products.sql\n           ']
[2024-05-16T11:27:48.313+0000] {subprocess.py:86} INFO - Output:
[2024-05-16T11:27:48.365+0000] {subprocess.py:93} INFO - ERROR 1146 (42S02) at line 38: Table 'test.products' doesn't exist
[2024-05-16T11:27:48.368+0000] {subprocess.py:97} INFO - Command exited with return code 1
[2024-05-16T11:27:48.368+0000] {taskinstance.py:441} INFO - ::group::Post task execution logs
[2024-05-16T11:27:48.375+0000] {taskinstance.py:2890} ERROR - Task failed with exception
Traceback (most recent call last):
  File "/home/airflow/.local/lib/python3.12/site-packages/airflow/models/taskinstance.py", line 465, in _execute_task
    result = _execute_callable(context=context, **execute_callable_kwargs)
             ^^^^^^^^^^^^^^^^^^^^^^^^^^^^^^^^^^^^^^^^^^^^^^^^^^^^^^^^^^^^^
  File "/home/airflow/.local/lib/python3.12/site-packages/airflow/models/taskinstance.py", line 432, in _execute_callable
    return execute_callable(context=context, **execute_callable_kwargs)
           ^^^^^^^^^^^^^^^^^^^^^^^^^^^^^^^^^^^^^^^^^^^^^^^^^^^^^^^^^^^^
  File "/home/airflow/.local/lib/python3.12/site-packages/airflow/models/baseoperator.py", line 400, in wrapper
    return func(self, *args, **kwargs)
           ^^^^^^^^^^^^^^^^^^^^^^^^^^^
  File "/home/airflow/.local/lib/python3.12/site-packages/airflow/operators/bash.py", line 243, in execute
    raise AirflowException(
airflow.exceptions.AirflowException: Bash command failed. The command returned a non-zero exit code 1.
[2024-05-16T11:27:48.378+0000] {taskinstance.py:1205} INFO - Marking task as UP_FOR_RETRY. dag_id=dag_tables, task_id=import_table1, execution_date=20240508T000000, start_date=20240516T112748, end_date=20240516T112748
[2024-05-16T11:27:48.387+0000] {standard_task_runner.py:110} ERROR - Failed to execute job 516 for task import_table1 (Bash command failed. The command returned a non-zero exit code 1.; 911)
[2024-05-16T11:27:48.395+0000] {local_task_job_runner.py:240} INFO - Task exited with return code 1
[2024-05-16T11:27:48.404+0000] {taskinstance.py:3482} INFO - 0 downstream tasks scheduled from follow-on schedule check
[2024-05-16T11:27:48.405+0000] {local_task_job_runner.py:222} INFO - ::endgroup::
