[2024-05-16T11:32:49.332+0000] {local_task_job_runner.py:120} INFO - ::group::Pre task execution logs
[2024-05-16T11:32:49.348+0000] {taskinstance.py:2073} INFO - Dependencies all met for dep_context=non-requeueable deps ti=<TaskInstance: dag_tables.import_table1 scheduled__2024-05-08T00:00:00+00:00 [queued]>
[2024-05-16T11:32:49.353+0000] {taskinstance.py:2073} INFO - Dependencies all met for dep_context=requeueable deps ti=<TaskInstance: dag_tables.import_table1 scheduled__2024-05-08T00:00:00+00:00 [queued]>
[2024-05-16T11:32:49.353+0000] {taskinstance.py:2303} INFO - Starting attempt 2 of 6
[2024-05-16T11:32:49.359+0000] {taskinstance.py:2327} INFO - Executing <Task(BashOperator): import_table1> on 2024-05-08 00:00:00+00:00
[2024-05-16T11:32:49.366+0000] {logging_mixin.py:188} WARNING - /home/***/.local/lib/python3.12/site-packages/***/task/task_runner/standard_task_runner.py:61 DeprecationWarning: This process (pid=1134) is multi-threaded, use of fork() may lead to deadlocks in the child.
[2024-05-16T11:32:49.367+0000] {standard_task_runner.py:63} INFO - Started process 1137 to run task
[2024-05-16T11:32:49.366+0000] {standard_task_runner.py:90} INFO - Running: ['***', 'tasks', 'run', 'dag_tables', 'import_table1', 'scheduled__2024-05-08T00:00:00+00:00', '--job-id', '541', '--raw', '--subdir', 'DAGS_FOLDER/dag_mysql.py', '--cfg-path', '/tmp/tmpzumam3fv']
[2024-05-16T11:32:49.368+0000] {standard_task_runner.py:91} INFO - Job 541: Subtask import_table1
[2024-05-16T11:32:49.395+0000] {task_command.py:426} INFO - Running <TaskInstance: dag_tables.import_table1 scheduled__2024-05-08T00:00:00+00:00 [running]> on host 7084a6d88d3b
[2024-05-16T11:32:49.440+0000] {taskinstance.py:2644} INFO - Exporting env vars: AIRFLOW_CTX_DAG_OWNER='bses' AIRFLOW_CTX_DAG_ID='dag_tables' AIRFLOW_CTX_TASK_ID='import_table1' AIRFLOW_CTX_EXECUTION_DATE='2024-05-08T00:00:00+00:00' AIRFLOW_CTX_TRY_NUMBER='2' AIRFLOW_CTX_DAG_RUN_ID='scheduled__2024-05-08T00:00:00+00:00'
[2024-05-16T11:32:49.440+0000] {taskinstance.py:430} INFO - ::endgroup::
[2024-05-16T11:32:49.446+0000] {subprocess.py:63} INFO - Tmp dir root location: /tmp
[2024-05-16T11:32:49.447+0000] {subprocess.py:75} INFO - Running command: ['/usr/bin/bash', '-c', '\n            mysql -h host.docker.internal -u root --password=12345678 test < /opt/***/dags/products.sql\n           ']
[2024-05-16T11:32:49.452+0000] {subprocess.py:86} INFO - Output:
[2024-05-16T11:32:49.512+0000] {subprocess.py:97} INFO - Command exited with return code 0
[2024-05-16T11:32:49.512+0000] {taskinstance.py:441} INFO - ::group::Post task execution logs
[2024-05-16T11:32:49.525+0000] {taskinstance.py:1205} INFO - Marking task as SUCCESS. dag_id=dag_tables, task_id=import_table1, execution_date=20240508T000000, start_date=20240516T113249, end_date=20240516T113249
[2024-05-16T11:32:49.550+0000] {local_task_job_runner.py:240} INFO - Task exited with return code 0
[2024-05-16T11:32:49.564+0000] {taskinstance.py:3482} INFO - 1 downstream tasks scheduled from follow-on schedule check
[2024-05-16T11:32:49.565+0000] {local_task_job_runner.py:222} INFO - ::endgroup::
