[2024-05-15T10:15:42.483+0000] {local_task_job_runner.py:120} INFO - ::group::Pre task execution logs
[2024-05-15T10:15:42.519+0000] {taskinstance.py:2073} INFO - Dependencies all met for dep_context=non-requeueable deps ti=<TaskInstance: dag_hdfs.save scheduled__2024-05-04T00:00:00+00:00 [queued]>
[2024-05-15T10:15:42.532+0000] {taskinstance.py:2073} INFO - Dependencies all met for dep_context=requeueable deps ti=<TaskInstance: dag_hdfs.save scheduled__2024-05-04T00:00:00+00:00 [queued]>
[2024-05-15T10:15:42.535+0000] {taskinstance.py:2303} INFO - Starting attempt 1 of 6
[2024-05-15T10:15:42.642+0000] {taskinstance.py:2327} INFO - Executing <Task(PythonOperator): save> on 2024-05-04 00:00:00+00:00
[2024-05-15T10:15:42.656+0000] {logging_mixin.py:188} WARNING - /home/***/.local/lib/python3.12/site-packages/***/task/task_runner/standard_task_runner.py:61 DeprecationWarning: This process (pid=219) is multi-threaded, use of fork() may lead to deadlocks in the child.
[2024-05-15T10:15:42.658+0000] {standard_task_runner.py:63} INFO - Started process 236 to run task
[2024-05-15T10:15:42.656+0000] {standard_task_runner.py:90} INFO - Running: ['***', 'tasks', 'run', 'dag_hdfs', 'save', 'scheduled__2024-05-04T00:00:00+00:00', '--job-id', '143', '--raw', '--subdir', 'DAGS_FOLDER/hdfs_dag.py', '--cfg-path', '/tmp/tmpr_045r6s']
[2024-05-15T10:15:42.665+0000] {standard_task_runner.py:91} INFO - Job 143: Subtask save
[2024-05-15T10:15:42.738+0000] {task_command.py:426} INFO - Running <TaskInstance: dag_hdfs.save scheduled__2024-05-04T00:00:00+00:00 [running]> on host f85b7a0b58b5
[2024-05-15T10:15:42.824+0000] {taskinstance.py:2644} INFO - Exporting env vars: AIRFLOW_CTX_DAG_OWNER='bses' AIRFLOW_CTX_DAG_ID='dag_hdfs' AIRFLOW_CTX_TASK_ID='save' AIRFLOW_CTX_EXECUTION_DATE='2024-05-04T00:00:00+00:00' AIRFLOW_CTX_TRY_NUMBER='1' AIRFLOW_CTX_DAG_RUN_ID='scheduled__2024-05-04T00:00:00+00:00'
[2024-05-15T10:15:42.837+0000] {taskinstance.py:430} INFO - ::endgroup::
[2024-05-15T10:15:42.873+0000] {logging_mixin.py:188} INFO - Error  /bin/sh: 1: hdfs: Permission denied
[2024-05-15T10:15:42.882+0000] {python.py:237} INFO - Done. Returned value was: None
[2024-05-15T10:15:42.904+0000] {taskinstance.py:441} INFO - ::group::Post task execution logs
[2024-05-15T10:15:42.915+0000] {taskinstance.py:1205} INFO - Marking task as SUCCESS. dag_id=dag_hdfs, task_id=save, execution_date=20240504T000000, start_date=20240515T101542, end_date=20240515T101542
[2024-05-15T10:15:43.016+0000] {local_task_job_runner.py:240} INFO - Task exited with return code 0
[2024-05-15T10:15:43.076+0000] {taskinstance.py:3482} INFO - 1 downstream tasks scheduled from follow-on schedule check
[2024-05-15T10:15:43.083+0000] {local_task_job_runner.py:222} INFO - ::endgroup::
[2024-05-15T10:20:35.659+0000] {local_task_job_runner.py:120} INFO - ::group::Pre task execution logs
[2024-05-15T10:20:35.690+0000] {taskinstance.py:2073} INFO - Dependencies all met for dep_context=non-requeueable deps ti=<TaskInstance: dag_hdfs.save scheduled__2024-05-04T00:00:00+00:00 [queued]>
[2024-05-15T10:20:35.700+0000] {taskinstance.py:2073} INFO - Dependencies all met for dep_context=requeueable deps ti=<TaskInstance: dag_hdfs.save scheduled__2024-05-04T00:00:00+00:00 [queued]>
[2024-05-15T10:20:35.701+0000] {taskinstance.py:2303} INFO - Starting attempt 1 of 6
[2024-05-15T10:20:35.729+0000] {taskinstance.py:2327} INFO - Executing <Task(BashOperator): save> on 2024-05-04 00:00:00+00:00
[2024-05-15T10:20:35.750+0000] {logging_mixin.py:188} WARNING - /home/***/.local/lib/python3.12/site-packages/***/task/task_runner/standard_task_runner.py:61 DeprecationWarning: This process (pid=501) is multi-threaded, use of fork() may lead to deadlocks in the child.
[2024-05-15T10:20:35.757+0000] {standard_task_runner.py:63} INFO - Started process 524 to run task
[2024-05-15T10:20:35.754+0000] {standard_task_runner.py:90} INFO - Running: ['***', 'tasks', 'run', 'dag_hdfs', 'save', 'scheduled__2024-05-04T00:00:00+00:00', '--job-id', '174', '--raw', '--subdir', 'DAGS_FOLDER/hdfs_dag.py', '--cfg-path', '/tmp/tmpfd0g_zty']
[2024-05-15T10:20:35.760+0000] {standard_task_runner.py:91} INFO - Job 174: Subtask save
[2024-05-15T10:20:35.896+0000] {task_command.py:426} INFO - Running <TaskInstance: dag_hdfs.save scheduled__2024-05-04T00:00:00+00:00 [running]> on host f85b7a0b58b5
[2024-05-15T10:20:36.036+0000] {taskinstance.py:2644} INFO - Exporting env vars: AIRFLOW_CTX_DAG_OWNER='bses' AIRFLOW_CTX_DAG_ID='dag_hdfs' AIRFLOW_CTX_TASK_ID='save' AIRFLOW_CTX_EXECUTION_DATE='2024-05-04T00:00:00+00:00' AIRFLOW_CTX_TRY_NUMBER='1' AIRFLOW_CTX_DAG_RUN_ID='scheduled__2024-05-04T00:00:00+00:00'
[2024-05-15T10:20:36.041+0000] {taskinstance.py:430} INFO - ::endgroup::
[2024-05-15T10:20:36.110+0000] {subprocess.py:63} INFO - Tmp dir root location: /tmp
[2024-05-15T10:20:36.116+0000] {subprocess.py:75} INFO - Running command: ['/usr/bin/bash', '-c', 'hdfs dfs -mkdir /tmp']
[2024-05-15T10:20:36.136+0000] {subprocess.py:86} INFO - Output:
[2024-05-15T10:20:36.140+0000] {subprocess.py:93} INFO - /usr/bin/bash: line 1: hdfs: command not found
[2024-05-15T10:20:36.141+0000] {subprocess.py:97} INFO - Command exited with return code 127
[2024-05-15T10:20:36.144+0000] {taskinstance.py:441} INFO - ::group::Post task execution logs
[2024-05-15T10:20:36.154+0000] {taskinstance.py:2890} ERROR - Task failed with exception
Traceback (most recent call last):
  File "/home/airflow/.local/lib/python3.12/site-packages/airflow/models/taskinstance.py", line 465, in _execute_task
    result = _execute_callable(context=context, **execute_callable_kwargs)
             ^^^^^^^^^^^^^^^^^^^^^^^^^^^^^^^^^^^^^^^^^^^^^^^^^^^^^^^^^^^^^
  File "/home/airflow/.local/lib/python3.12/site-packages/airflow/models/taskinstance.py", line 432, in _execute_callable
    return execute_callable(context=context, **execute_callable_kwargs)
           ^^^^^^^^^^^^^^^^^^^^^^^^^^^^^^^^^^^^^^^^^^^^^^^^^^^^^^^^^^^^
  File "/home/airflow/.local/lib/python3.12/site-packages/airflow/models/baseoperator.py", line 400, in wrapper
    return func(self, *args, **kwargs)
           ^^^^^^^^^^^^^^^^^^^^^^^^^^^
  File "/home/airflow/.local/lib/python3.12/site-packages/airflow/operators/bash.py", line 243, in execute
    raise AirflowException(
airflow.exceptions.AirflowException: Bash command failed. The command returned a non-zero exit code 127.
[2024-05-15T10:20:36.160+0000] {taskinstance.py:1205} INFO - Marking task as UP_FOR_RETRY. dag_id=dag_hdfs, task_id=save, execution_date=20240504T000000, start_date=20240515T102035, end_date=20240515T102036
[2024-05-15T10:20:36.186+0000] {standard_task_runner.py:110} ERROR - Failed to execute job 174 for task save (Bash command failed. The command returned a non-zero exit code 127.; 524)
[2024-05-15T10:20:36.242+0000] {local_task_job_runner.py:240} INFO - Task exited with return code 1
[2024-05-15T10:20:36.263+0000] {taskinstance.py:3482} INFO - 0 downstream tasks scheduled from follow-on schedule check
[2024-05-15T10:20:36.275+0000] {local_task_job_runner.py:222} INFO - ::endgroup::
[2024-05-15T10:31:14.682+0000] {local_task_job_runner.py:120} INFO - ::group::Pre task execution logs
[2024-05-15T10:31:14.720+0000] {taskinstance.py:2073} INFO - Dependencies all met for dep_context=non-requeueable deps ti=<TaskInstance: dag_hdfs.save scheduled__2024-05-04T00:00:00+00:00 [queued]>
[2024-05-15T10:31:14.739+0000] {taskinstance.py:2073} INFO - Dependencies all met for dep_context=requeueable deps ti=<TaskInstance: dag_hdfs.save scheduled__2024-05-04T00:00:00+00:00 [queued]>
[2024-05-15T10:31:14.743+0000] {taskinstance.py:2303} INFO - Starting attempt 1 of 6
[2024-05-15T10:31:15.155+0000] {taskinstance.py:2327} INFO - Executing <Task(BashOperator): save> on 2024-05-04 00:00:00+00:00
[2024-05-15T10:31:15.206+0000] {logging_mixin.py:188} WARNING - /home/***/.local/lib/python3.12/site-packages/***/task/task_runner/standard_task_runner.py:61 DeprecationWarning: This process (pid=202) is multi-threaded, use of fork() may lead to deadlocks in the child.
[2024-05-15T10:31:15.210+0000] {standard_task_runner.py:63} INFO - Started process 226 to run task
[2024-05-15T10:31:15.204+0000] {standard_task_runner.py:90} INFO - Running: ['***', 'tasks', 'run', 'dag_hdfs', 'save', 'scheduled__2024-05-04T00:00:00+00:00', '--job-id', '203', '--raw', '--subdir', 'DAGS_FOLDER/hdfs_dag.py', '--cfg-path', '/tmp/tmpd7r2qbh0']
[2024-05-15T10:31:15.218+0000] {standard_task_runner.py:91} INFO - Job 203: Subtask save
[2024-05-15T10:31:15.315+0000] {task_command.py:426} INFO - Running <TaskInstance: dag_hdfs.save scheduled__2024-05-04T00:00:00+00:00 [running]> on host 8fa157e7798a
[2024-05-15T10:31:15.469+0000] {taskinstance.py:2644} INFO - Exporting env vars: AIRFLOW_CTX_DAG_OWNER='bses' AIRFLOW_CTX_DAG_ID='dag_hdfs' AIRFLOW_CTX_TASK_ID='save' AIRFLOW_CTX_EXECUTION_DATE='2024-05-04T00:00:00+00:00' AIRFLOW_CTX_TRY_NUMBER='1' AIRFLOW_CTX_DAG_RUN_ID='scheduled__2024-05-04T00:00:00+00:00'
[2024-05-15T10:31:15.487+0000] {taskinstance.py:430} INFO - ::endgroup::
[2024-05-15T10:31:15.519+0000] {subprocess.py:63} INFO - Tmp dir root location: /tmp
[2024-05-15T10:31:15.523+0000] {subprocess.py:75} INFO - Running command: ['/usr/bin/bash', '-c', 'hdfs dfs -mkdir /tmp']
[2024-05-15T10:31:15.553+0000] {subprocess.py:86} INFO - Output:
[2024-05-15T10:31:15.559+0000] {subprocess.py:93} INFO - /usr/bin/bash: line 1: hdfs: command not found
[2024-05-15T10:31:15.567+0000] {subprocess.py:97} INFO - Command exited with return code 127
[2024-05-15T10:31:15.569+0000] {taskinstance.py:441} INFO - ::group::Post task execution logs
[2024-05-15T10:31:15.581+0000] {taskinstance.py:2890} ERROR - Task failed with exception
Traceback (most recent call last):
  File "/home/airflow/.local/lib/python3.12/site-packages/airflow/models/taskinstance.py", line 465, in _execute_task
    result = _execute_callable(context=context, **execute_callable_kwargs)
             ^^^^^^^^^^^^^^^^^^^^^^^^^^^^^^^^^^^^^^^^^^^^^^^^^^^^^^^^^^^^^
  File "/home/airflow/.local/lib/python3.12/site-packages/airflow/models/taskinstance.py", line 432, in _execute_callable
    return execute_callable(context=context, **execute_callable_kwargs)
           ^^^^^^^^^^^^^^^^^^^^^^^^^^^^^^^^^^^^^^^^^^^^^^^^^^^^^^^^^^^^
  File "/home/airflow/.local/lib/python3.12/site-packages/airflow/models/baseoperator.py", line 400, in wrapper
    return func(self, *args, **kwargs)
           ^^^^^^^^^^^^^^^^^^^^^^^^^^^
  File "/home/airflow/.local/lib/python3.12/site-packages/airflow/operators/bash.py", line 243, in execute
    raise AirflowException(
airflow.exceptions.AirflowException: Bash command failed. The command returned a non-zero exit code 127.
[2024-05-15T10:31:15.589+0000] {taskinstance.py:1205} INFO - Marking task as UP_FOR_RETRY. dag_id=dag_hdfs, task_id=save, execution_date=20240504T000000, start_date=20240515T103114, end_date=20240515T103115
[2024-05-15T10:31:15.610+0000] {standard_task_runner.py:110} ERROR - Failed to execute job 203 for task save (Bash command failed. The command returned a non-zero exit code 127.; 226)
[2024-05-15T10:31:15.651+0000] {local_task_job_runner.py:240} INFO - Task exited with return code 1
[2024-05-15T10:31:15.685+0000] {taskinstance.py:3482} INFO - 0 downstream tasks scheduled from follow-on schedule check
[2024-05-15T10:31:15.707+0000] {local_task_job_runner.py:222} INFO - ::endgroup::
