[2024-05-04T10:56:09.054+0000] {local_task_job_runner.py:120} INFO - ::group::Pre task execution logs
[2024-05-04T10:56:09.072+0000] {taskinstance.py:2073} INFO - Dependencies all met for dep_context=non-requeueable deps ti=<TaskInstance: dag_mysql.dump_fc_account_master scheduled__2024-05-01T00:00:00+00:00 [queued]>
[2024-05-04T10:56:09.076+0000] {taskinstance.py:2073} INFO - Dependencies all met for dep_context=requeueable deps ti=<TaskInstance: dag_mysql.dump_fc_account_master scheduled__2024-05-01T00:00:00+00:00 [queued]>
[2024-05-04T10:56:09.076+0000] {taskinstance.py:2303} INFO - Starting attempt 1 of 6
[2024-05-04T10:56:09.083+0000] {taskinstance.py:2327} INFO - Executing <Task(BashOperator): dump_fc_account_master> on 2024-05-01 00:00:00+00:00
[2024-05-04T10:56:09.088+0000] {logging_mixin.py:188} WARNING - /home/***/.local/lib/python3.12/site-packages/***/task/task_runner/standard_task_runner.py:61 DeprecationWarning: This process (pid=1630) is multi-threaded, use of fork() may lead to deadlocks in the child.
[2024-05-04T10:56:09.087+0000] {standard_task_runner.py:90} INFO - Running: ['***', 'tasks', 'run', 'dag_mysql', 'dump_fc_account_master', 'scheduled__2024-05-01T00:00:00+00:00', '--job-id', '55', '--raw', '--subdir', 'DAGS_FOLDER/dag_mysql.py', '--cfg-path', '/tmp/tmp6t18q3ve']
[2024-05-04T10:56:09.089+0000] {standard_task_runner.py:63} INFO - Started process 1633 to run task
[2024-05-04T10:56:09.089+0000] {standard_task_runner.py:91} INFO - Job 55: Subtask dump_fc_account_master
[2024-05-04T10:56:09.113+0000] {task_command.py:426} INFO - Running <TaskInstance: dag_mysql.dump_fc_account_master scheduled__2024-05-01T00:00:00+00:00 [running]> on host f85b7a0b58b5
[2024-05-04T10:56:09.152+0000] {taskinstance.py:2644} INFO - Exporting env vars: AIRFLOW_CTX_DAG_OWNER='bses' AIRFLOW_CTX_DAG_ID='dag_mysql' AIRFLOW_CTX_TASK_ID='dump_fc_account_master' AIRFLOW_CTX_EXECUTION_DATE='2024-05-01T00:00:00+00:00' AIRFLOW_CTX_TRY_NUMBER='1' AIRFLOW_CTX_DAG_RUN_ID='scheduled__2024-05-01T00:00:00+00:00'
[2024-05-04T10:56:09.153+0000] {taskinstance.py:430} INFO - ::endgroup::
[2024-05-04T10:56:09.161+0000] {subprocess.py:63} INFO - Tmp dir root location: /tmp
[2024-05-04T10:56:09.162+0000] {subprocess.py:75} INFO - Running command: ['/usr/bin/bash', '-c', '\n        mysqldump -h host.docker.internal -u root --password=12345678 client_rw fc_account_master > /opt/***/dags/first.sql\n        ']
[2024-05-04T10:56:09.166+0000] {subprocess.py:86} INFO - Output:
[2024-05-04T10:56:09.240+0000] {subprocess.py:97} INFO - Command exited with return code 0
[2024-05-04T10:56:09.241+0000] {taskinstance.py:441} INFO - ::group::Post task execution logs
[2024-05-04T10:56:09.254+0000] {taskinstance.py:1205} INFO - Marking task as SUCCESS. dag_id=dag_mysql, task_id=dump_fc_account_master, execution_date=20240501T000000, start_date=20240504T105609, end_date=20240504T105609
[2024-05-04T10:56:09.268+0000] {local_task_job_runner.py:240} INFO - Task exited with return code 0
[2024-05-04T10:56:09.276+0000] {taskinstance.py:3482} INFO - 0 downstream tasks scheduled from follow-on schedule check
[2024-05-04T10:56:09.277+0000] {local_task_job_runner.py:222} INFO - ::endgroup::
