[2024-05-16T11:19:49.696+0000] {local_task_job_runner.py:120} INFO - ::group::Pre task execution logs
[2024-05-16T11:19:49.729+0000] {taskinstance.py:2073} INFO - Dependencies all met for dep_context=non-requeueable deps ti=<TaskInstance: dag_tables.import_table2 scheduled__2024-05-13T00:00:00+00:00 [queued]>
[2024-05-16T11:19:49.736+0000] {taskinstance.py:2073} INFO - Dependencies all met for dep_context=requeueable deps ti=<TaskInstance: dag_tables.import_table2 scheduled__2024-05-13T00:00:00+00:00 [queued]>
[2024-05-16T11:19:49.741+0000] {taskinstance.py:2303} INFO - Starting attempt 1 of 6
[2024-05-16T11:19:49.795+0000] {taskinstance.py:2327} INFO - Executing <Task(BashOperator): import_table2> on 2024-05-13 00:00:00+00:00
[2024-05-16T11:19:49.829+0000] {logging_mixin.py:188} WARNING - /home/***/.local/lib/python3.12/site-packages/***/task/task_runner/standard_task_runner.py:61 DeprecationWarning: This process (pid=279) is multi-threaded, use of fork() may lead to deadlocks in the child.
[2024-05-16T11:19:49.838+0000] {standard_task_runner.py:63} INFO - Started process 298 to run task
[2024-05-16T11:19:49.840+0000] {standard_task_runner.py:90} INFO - Running: ['***', 'tasks', 'run', 'dag_tables', 'import_table2', 'scheduled__2024-05-13T00:00:00+00:00', '--job-id', '407', '--raw', '--subdir', 'DAGS_FOLDER/dag_mysql.py', '--cfg-path', '/tmp/tmpgz0z0jhw']
[2024-05-16T11:19:49.850+0000] {standard_task_runner.py:91} INFO - Job 407: Subtask import_table2
[2024-05-16T11:19:49.929+0000] {task_command.py:426} INFO - Running <TaskInstance: dag_tables.import_table2 scheduled__2024-05-13T00:00:00+00:00 [running]> on host 7084a6d88d3b
[2024-05-16T11:19:50.020+0000] {taskinstance.py:2644} INFO - Exporting env vars: AIRFLOW_CTX_DAG_OWNER='bses' AIRFLOW_CTX_DAG_ID='dag_tables' AIRFLOW_CTX_TASK_ID='import_table2' AIRFLOW_CTX_EXECUTION_DATE='2024-05-13T00:00:00+00:00' AIRFLOW_CTX_TRY_NUMBER='1' AIRFLOW_CTX_DAG_RUN_ID='scheduled__2024-05-13T00:00:00+00:00'
[2024-05-16T11:19:50.022+0000] {taskinstance.py:430} INFO - ::endgroup::
[2024-05-16T11:19:50.033+0000] {subprocess.py:63} INFO - Tmp dir root location: /tmp
[2024-05-16T11:19:50.038+0000] {subprocess.py:75} INFO - Running command: ['/usr/bin/bash', '-c', '\n                mysql -h host.docker.internal -u root --password=12345678 test < /opt/***/dags/product_category.sql;\n                ']
[2024-05-16T11:19:50.045+0000] {subprocess.py:86} INFO - Output:
[2024-05-16T11:19:50.175+0000] {subprocess.py:97} INFO - Command exited with return code 0
[2024-05-16T11:19:50.179+0000] {taskinstance.py:441} INFO - ::group::Post task execution logs
[2024-05-16T11:19:50.209+0000] {taskinstance.py:1205} INFO - Marking task as SUCCESS. dag_id=dag_tables, task_id=import_table2, execution_date=20240513T000000, start_date=20240516T111949, end_date=20240516T111950
[2024-05-16T11:19:50.245+0000] {local_task_job_runner.py:240} INFO - Task exited with return code 0
[2024-05-16T11:19:50.266+0000] {taskinstance.py:3482} INFO - 1 downstream tasks scheduled from follow-on schedule check
[2024-05-16T11:19:50.267+0000] {local_task_job_runner.py:222} INFO - ::endgroup::
[2024-05-16T11:22:33.266+0000] {local_task_job_runner.py:120} INFO - ::group::Pre task execution logs
[2024-05-16T11:22:33.294+0000] {taskinstance.py:2073} INFO - Dependencies all met for dep_context=non-requeueable deps ti=<TaskInstance: dag_tables.import_table2 scheduled__2024-05-13T00:00:00+00:00 [queued]>
[2024-05-16T11:22:33.307+0000] {taskinstance.py:2073} INFO - Dependencies all met for dep_context=requeueable deps ti=<TaskInstance: dag_tables.import_table2 scheduled__2024-05-13T00:00:00+00:00 [queued]>
[2024-05-16T11:22:33.308+0000] {taskinstance.py:2303} INFO - Starting attempt 1 of 6
[2024-05-16T11:22:33.332+0000] {taskinstance.py:2327} INFO - Executing <Task(BashOperator): import_table2> on 2024-05-13 00:00:00+00:00
[2024-05-16T11:22:33.339+0000] {logging_mixin.py:188} WARNING - /home/***/.local/lib/python3.12/site-packages/***/task/task_runner/standard_task_runner.py:61 DeprecationWarning: This process (pid=576) is multi-threaded, use of fork() may lead to deadlocks in the child.
[2024-05-16T11:22:33.340+0000] {standard_task_runner.py:63} INFO - Started process 590 to run task
[2024-05-16T11:22:33.342+0000] {standard_task_runner.py:90} INFO - Running: ['***', 'tasks', 'run', 'dag_tables', 'import_table2', 'scheduled__2024-05-13T00:00:00+00:00', '--job-id', '468', '--raw', '--subdir', 'DAGS_FOLDER/dag_mysql.py', '--cfg-path', '/tmp/tmpkxm0kc25']
[2024-05-16T11:22:33.343+0000] {standard_task_runner.py:91} INFO - Job 468: Subtask import_table2
[2024-05-16T11:22:33.393+0000] {task_command.py:426} INFO - Running <TaskInstance: dag_tables.import_table2 scheduled__2024-05-13T00:00:00+00:00 [running]> on host 7084a6d88d3b
[2024-05-16T11:22:33.467+0000] {taskinstance.py:2644} INFO - Exporting env vars: AIRFLOW_CTX_DAG_OWNER='bses' AIRFLOW_CTX_DAG_ID='dag_tables' AIRFLOW_CTX_TASK_ID='import_table2' AIRFLOW_CTX_EXECUTION_DATE='2024-05-13T00:00:00+00:00' AIRFLOW_CTX_TRY_NUMBER='1' AIRFLOW_CTX_DAG_RUN_ID='scheduled__2024-05-13T00:00:00+00:00'
[2024-05-16T11:22:33.468+0000] {taskinstance.py:430} INFO - ::endgroup::
[2024-05-16T11:22:33.475+0000] {subprocess.py:63} INFO - Tmp dir root location: /tmp
[2024-05-16T11:22:33.476+0000] {subprocess.py:75} INFO - Running command: ['/usr/bin/bash', '-c', '\n                mysql -h host.docker.internal -u root --password=12345678 test < /opt/***/dags/product_category.sql\n                ']
[2024-05-16T11:22:33.481+0000] {subprocess.py:86} INFO - Output:
[2024-05-16T11:22:33.541+0000] {subprocess.py:97} INFO - Command exited with return code 0
[2024-05-16T11:22:33.542+0000] {taskinstance.py:441} INFO - ::group::Post task execution logs
[2024-05-16T11:22:33.556+0000] {taskinstance.py:1205} INFO - Marking task as SUCCESS. dag_id=dag_tables, task_id=import_table2, execution_date=20240513T000000, start_date=20240516T112233, end_date=20240516T112233
[2024-05-16T11:22:33.570+0000] {local_task_job_runner.py:240} INFO - Task exited with return code 0
[2024-05-16T11:22:33.586+0000] {taskinstance.py:3482} INFO - 1 downstream tasks scheduled from follow-on schedule check
[2024-05-16T11:22:33.588+0000] {local_task_job_runner.py:222} INFO - ::endgroup::
[2024-05-16T11:24:49.851+0000] {local_task_job_runner.py:120} INFO - ::group::Pre task execution logs
[2024-05-16T11:24:49.874+0000] {taskinstance.py:2073} INFO - Dependencies all met for dep_context=non-requeueable deps ti=<TaskInstance: dag_tables.import_table2 scheduled__2024-05-13T00:00:00+00:00 [queued]>
[2024-05-16T11:24:49.885+0000] {taskinstance.py:2073} INFO - Dependencies all met for dep_context=requeueable deps ti=<TaskInstance: dag_tables.import_table2 scheduled__2024-05-13T00:00:00+00:00 [queued]>
[2024-05-16T11:24:49.886+0000] {taskinstance.py:2303} INFO - Starting attempt 1 of 6
[2024-05-16T11:24:49.923+0000] {taskinstance.py:2327} INFO - Executing <Task(BashOperator): import_table2> on 2024-05-13 00:00:00+00:00
[2024-05-16T11:24:49.928+0000] {logging_mixin.py:188} WARNING - /home/***/.local/lib/python3.12/site-packages/***/task/task_runner/standard_task_runner.py:61 DeprecationWarning: This process (pid=777) is multi-threaded, use of fork() may lead to deadlocks in the child.
[2024-05-16T11:24:49.930+0000] {standard_task_runner.py:63} INFO - Started process 789 to run task
[2024-05-16T11:24:49.928+0000] {standard_task_runner.py:90} INFO - Running: ['***', 'tasks', 'run', 'dag_tables', 'import_table2', 'scheduled__2024-05-13T00:00:00+00:00', '--job-id', '502', '--raw', '--subdir', 'DAGS_FOLDER/dag_mysql.py', '--cfg-path', '/tmp/tmp9wg1r26w']
[2024-05-16T11:24:49.933+0000] {standard_task_runner.py:91} INFO - Job 502: Subtask import_table2
[2024-05-16T11:24:49.996+0000] {task_command.py:426} INFO - Running <TaskInstance: dag_tables.import_table2 scheduled__2024-05-13T00:00:00+00:00 [running]> on host 7084a6d88d3b
[2024-05-16T11:24:50.071+0000] {taskinstance.py:2644} INFO - Exporting env vars: AIRFLOW_CTX_DAG_OWNER='bses' AIRFLOW_CTX_DAG_ID='dag_tables' AIRFLOW_CTX_TASK_ID='import_table2' AIRFLOW_CTX_EXECUTION_DATE='2024-05-13T00:00:00+00:00' AIRFLOW_CTX_TRY_NUMBER='1' AIRFLOW_CTX_DAG_RUN_ID='scheduled__2024-05-13T00:00:00+00:00'
[2024-05-16T11:24:50.072+0000] {taskinstance.py:430} INFO - ::endgroup::
[2024-05-16T11:24:50.086+0000] {subprocess.py:63} INFO - Tmp dir root location: /tmp
[2024-05-16T11:24:50.087+0000] {subprocess.py:75} INFO - Running command: ['/usr/bin/bash', '-c', '\n                mysql -h host.docker.internal -u root --password=12345678 test < /opt/***/dags/product_category.sql\n                ']
[2024-05-16T11:24:50.099+0000] {subprocess.py:86} INFO - Output:
[2024-05-16T11:24:50.185+0000] {subprocess.py:97} INFO - Command exited with return code 0
[2024-05-16T11:24:50.186+0000] {taskinstance.py:441} INFO - ::group::Post task execution logs
[2024-05-16T11:24:50.211+0000] {taskinstance.py:1205} INFO - Marking task as SUCCESS. dag_id=dag_tables, task_id=import_table2, execution_date=20240513T000000, start_date=20240516T112449, end_date=20240516T112450
[2024-05-16T11:24:50.238+0000] {local_task_job_runner.py:240} INFO - Task exited with return code 0
[2024-05-16T11:24:50.249+0000] {taskinstance.py:3482} INFO - 0 downstream tasks scheduled from follow-on schedule check
[2024-05-16T11:24:50.250+0000] {local_task_job_runner.py:222} INFO - ::endgroup::
