[2024-05-16T11:14:23.060+0000] {local_task_job_runner.py:120} INFO - ::group::Pre task execution logs
[2024-05-16T11:14:23.144+0000] {taskinstance.py:2073} INFO - Dependencies all met for dep_context=non-requeueable deps ti=<TaskInstance: dag_tables.import_tables scheduled__2024-05-11T00:00:00+00:00 [queued]>
[2024-05-16T11:14:23.160+0000] {taskinstance.py:2073} INFO - Dependencies all met for dep_context=requeueable deps ti=<TaskInstance: dag_tables.import_tables scheduled__2024-05-11T00:00:00+00:00 [queued]>
[2024-05-16T11:14:23.161+0000] {taskinstance.py:2303} INFO - Starting attempt 1 of 6
[2024-05-16T11:14:23.190+0000] {taskinstance.py:2327} INFO - Executing <Task(BashOperator): import_tables> on 2024-05-11 00:00:00+00:00
[2024-05-16T11:14:23.201+0000] {logging_mixin.py:188} WARNING - /home/***/.local/lib/python3.12/site-packages/***/task/task_runner/standard_task_runner.py:61 DeprecationWarning: This process (pid=6448) is multi-threaded, use of fork() may lead to deadlocks in the child.
[2024-05-16T11:14:23.206+0000] {standard_task_runner.py:63} INFO - Started process 6478 to run task
[2024-05-16T11:14:23.198+0000] {standard_task_runner.py:90} INFO - Running: ['***', 'tasks', 'run', 'dag_tables', 'import_tables', 'scheduled__2024-05-11T00:00:00+00:00', '--job-id', '357', '--raw', '--subdir', 'DAGS_FOLDER/dag_mysql.py', '--cfg-path', '/tmp/tmplhw8pii6']
[2024-05-16T11:14:23.212+0000] {standard_task_runner.py:91} INFO - Job 357: Subtask import_tables
[2024-05-16T11:14:23.388+0000] {task_command.py:426} INFO - Running <TaskInstance: dag_tables.import_tables scheduled__2024-05-11T00:00:00+00:00 [running]> on host 8b94fd4f2665
[2024-05-16T11:14:23.498+0000] {taskinstance.py:2644} INFO - Exporting env vars: AIRFLOW_CTX_DAG_OWNER='bses' AIRFLOW_CTX_DAG_ID='dag_tables' AIRFLOW_CTX_TASK_ID='import_tables' AIRFLOW_CTX_EXECUTION_DATE='2024-05-11T00:00:00+00:00' AIRFLOW_CTX_TRY_NUMBER='1' AIRFLOW_CTX_DAG_RUN_ID='scheduled__2024-05-11T00:00:00+00:00'
[2024-05-16T11:14:23.506+0000] {taskinstance.py:430} INFO - ::endgroup::
[2024-05-16T11:14:23.517+0000] {subprocess.py:63} INFO - Tmp dir root location: /tmp
[2024-05-16T11:14:23.519+0000] {subprocess.py:75} INFO - Running command: ['/usr/bin/bash', '-c', '\n            mysql -h host.docker.internal -u root --password=12345678 test < /opt/***/dags/products.sql;\n            mysql -h host.docker.internal -u root --password=12345678 test < /opt/***/dags/product_category.sql;\n            mysql -h host.docker.internal -u root --password=12345678 test < /opt/***/dags/product_category_map.sql;\n            mysql -h host.docker.internal -u root --password=12345678 test < /opt/***/dags/report_table.sql;\n            mysql -h host.docker.internal -u root --password=12345678 test < /opt/***/dags/rw_transaction_data.sql;\n            ']
[2024-05-16T11:14:23.537+0000] {subprocess.py:86} INFO - Output:
[2024-05-16T11:14:23.686+0000] {subprocess.py:93} INFO - ERROR 1146 (42S02) at line 38: Table 'test.products' doesn't exist
[2024-05-16T11:14:23.770+0000] {subprocess.py:93} INFO - ERROR 1146 (42S02) at line 41: Table 'test.product_category' doesn't exist
[2024-05-16T11:14:23.972+0000] {subprocess.py:93} INFO - ERROR 1050 (42S01) at line 8: Table 'customer_profile' already exists
[2024-05-16T11:14:24.094+0000] {subprocess.py:93} INFO - ERROR 1050 (42S01) at line 25: Table 'rw_transaction_data' already exists
[2024-05-16T11:14:24.096+0000] {subprocess.py:97} INFO - Command exited with return code 1
[2024-05-16T11:14:24.097+0000] {taskinstance.py:441} INFO - ::group::Post task execution logs
[2024-05-16T11:14:24.106+0000] {taskinstance.py:2890} ERROR - Task failed with exception
Traceback (most recent call last):
  File "/home/airflow/.local/lib/python3.12/site-packages/airflow/models/taskinstance.py", line 465, in _execute_task
    result = _execute_callable(context=context, **execute_callable_kwargs)
             ^^^^^^^^^^^^^^^^^^^^^^^^^^^^^^^^^^^^^^^^^^^^^^^^^^^^^^^^^^^^^
  File "/home/airflow/.local/lib/python3.12/site-packages/airflow/models/taskinstance.py", line 432, in _execute_callable
    return execute_callable(context=context, **execute_callable_kwargs)
           ^^^^^^^^^^^^^^^^^^^^^^^^^^^^^^^^^^^^^^^^^^^^^^^^^^^^^^^^^^^^
  File "/home/airflow/.local/lib/python3.12/site-packages/airflow/models/baseoperator.py", line 400, in wrapper
    return func(self, *args, **kwargs)
           ^^^^^^^^^^^^^^^^^^^^^^^^^^^
  File "/home/airflow/.local/lib/python3.12/site-packages/airflow/operators/bash.py", line 243, in execute
    raise AirflowException(
airflow.exceptions.AirflowException: Bash command failed. The command returned a non-zero exit code 1.
[2024-05-16T11:14:24.109+0000] {taskinstance.py:1205} INFO - Marking task as UP_FOR_RETRY. dag_id=dag_tables, task_id=import_tables, execution_date=20240511T000000, start_date=20240516T111423, end_date=20240516T111424
[2024-05-16T11:14:24.121+0000] {standard_task_runner.py:110} ERROR - Failed to execute job 357 for task import_tables (Bash command failed. The command returned a non-zero exit code 1.; 6478)
[2024-05-16T11:14:24.128+0000] {local_task_job_runner.py:240} INFO - Task exited with return code 1
[2024-05-16T11:14:24.143+0000] {taskinstance.py:3482} INFO - 0 downstream tasks scheduled from follow-on schedule check
[2024-05-16T11:14:24.145+0000] {local_task_job_runner.py:222} INFO - ::endgroup::
[2024-05-16T11:15:44.427+0000] {local_task_job_runner.py:120} INFO - ::group::Pre task execution logs
[2024-05-16T11:15:44.457+0000] {taskinstance.py:2073} INFO - Dependencies all met for dep_context=non-requeueable deps ti=<TaskInstance: dag_tables.import_tables scheduled__2024-05-11T00:00:00+00:00 [queued]>
[2024-05-16T11:15:44.481+0000] {taskinstance.py:2073} INFO - Dependencies all met for dep_context=requeueable deps ti=<TaskInstance: dag_tables.import_tables scheduled__2024-05-11T00:00:00+00:00 [queued]>
[2024-05-16T11:15:44.485+0000] {taskinstance.py:2303} INFO - Starting attempt 1 of 6
[2024-05-16T11:15:44.597+0000] {taskinstance.py:2327} INFO - Executing <Task(BashOperator): import_tables> on 2024-05-11 00:00:00+00:00
[2024-05-16T11:15:44.606+0000] {logging_mixin.py:188} WARNING - /home/***/.local/lib/python3.12/site-packages/***/task/task_runner/standard_task_runner.py:61 DeprecationWarning: This process (pid=6596) is multi-threaded, use of fork() may lead to deadlocks in the child.
[2024-05-16T11:15:44.612+0000] {standard_task_runner.py:63} INFO - Started process 6628 to run task
[2024-05-16T11:15:44.608+0000] {standard_task_runner.py:90} INFO - Running: ['***', 'tasks', 'run', 'dag_tables', 'import_tables', 'scheduled__2024-05-11T00:00:00+00:00', '--job-id', '373', '--raw', '--subdir', 'DAGS_FOLDER/dag_mysql.py', '--cfg-path', '/tmp/tmp14ou7wu0']
[2024-05-16T11:15:44.617+0000] {standard_task_runner.py:91} INFO - Job 373: Subtask import_tables
[2024-05-16T11:15:44.687+0000] {task_command.py:426} INFO - Running <TaskInstance: dag_tables.import_tables scheduled__2024-05-11T00:00:00+00:00 [running]> on host 8b94fd4f2665
[2024-05-16T11:15:44.808+0000] {taskinstance.py:2644} INFO - Exporting env vars: AIRFLOW_CTX_DAG_OWNER='bses' AIRFLOW_CTX_DAG_ID='dag_tables' AIRFLOW_CTX_TASK_ID='import_tables' AIRFLOW_CTX_EXECUTION_DATE='2024-05-11T00:00:00+00:00' AIRFLOW_CTX_TRY_NUMBER='1' AIRFLOW_CTX_DAG_RUN_ID='scheduled__2024-05-11T00:00:00+00:00'
[2024-05-16T11:15:44.812+0000] {taskinstance.py:430} INFO - ::endgroup::
[2024-05-16T11:15:44.823+0000] {subprocess.py:63} INFO - Tmp dir root location: /tmp
[2024-05-16T11:15:44.826+0000] {subprocess.py:75} INFO - Running command: ['/usr/bin/bash', '-c', '\n            mysql -h host.docker.internal -u root --password=12345678 test < /opt/***/dags/products.sql;\n            mysql -h host.docker.internal -u root --password=12345678 test < /opt/***/dags/product_category.sql;\n            mysql -h host.docker.internal -u root --password=12345678 test < /opt/***/dags/product_category_map.sql;\n            mysql -h host.docker.internal -u root --password=12345678 test < /opt/***/dags/report_table.sql;\n            mysql -h host.docker.internal -u root --password=12345678 test < /opt/***/dags/rw_transaction_data.sql;\n            ']
[2024-05-16T11:15:44.836+0000] {subprocess.py:86} INFO - Output:
[2024-05-16T11:15:45.117+0000] {subprocess.py:93} INFO - ERROR 1146 (42S02) at line 41: Table 'test.product_category' doesn't exist
[2024-05-16T11:15:45.235+0000] {subprocess.py:93} INFO - ERROR 1050 (42S01) at line 8: Table 'customer_profile' already exists
[2024-05-16T11:15:45.762+0000] {subprocess.py:93} INFO - ERROR 1100 (HY000) at line 59: Table 'rw_transaction_500_demo' was not locked with LOCK TABLES
[2024-05-16T11:15:45.764+0000] {subprocess.py:97} INFO - Command exited with return code 1
[2024-05-16T11:15:45.764+0000] {taskinstance.py:441} INFO - ::group::Post task execution logs
[2024-05-16T11:15:45.770+0000] {taskinstance.py:2890} ERROR - Task failed with exception
Traceback (most recent call last):
  File "/home/airflow/.local/lib/python3.12/site-packages/airflow/models/taskinstance.py", line 465, in _execute_task
    result = _execute_callable(context=context, **execute_callable_kwargs)
             ^^^^^^^^^^^^^^^^^^^^^^^^^^^^^^^^^^^^^^^^^^^^^^^^^^^^^^^^^^^^^
  File "/home/airflow/.local/lib/python3.12/site-packages/airflow/models/taskinstance.py", line 432, in _execute_callable
    return execute_callable(context=context, **execute_callable_kwargs)
           ^^^^^^^^^^^^^^^^^^^^^^^^^^^^^^^^^^^^^^^^^^^^^^^^^^^^^^^^^^^^
  File "/home/airflow/.local/lib/python3.12/site-packages/airflow/models/baseoperator.py", line 400, in wrapper
    return func(self, *args, **kwargs)
           ^^^^^^^^^^^^^^^^^^^^^^^^^^^
  File "/home/airflow/.local/lib/python3.12/site-packages/airflow/operators/bash.py", line 243, in execute
    raise AirflowException(
airflow.exceptions.AirflowException: Bash command failed. The command returned a non-zero exit code 1.
[2024-05-16T11:15:45.772+0000] {taskinstance.py:1205} INFO - Marking task as UP_FOR_RETRY. dag_id=dag_tables, task_id=import_tables, execution_date=20240511T000000, start_date=20240516T111544, end_date=20240516T111545
[2024-05-16T11:15:45.779+0000] {standard_task_runner.py:110} ERROR - Failed to execute job 373 for task import_tables (Bash command failed. The command returned a non-zero exit code 1.; 6628)
[2024-05-16T11:15:45.795+0000] {local_task_job_runner.py:240} INFO - Task exited with return code 1
[2024-05-16T11:15:45.804+0000] {taskinstance.py:3482} INFO - 0 downstream tasks scheduled from follow-on schedule check
[2024-05-16T11:15:45.805+0000] {local_task_job_runner.py:222} INFO - ::endgroup::
