[2024-05-16T04:39:50.577+0000] {local_task_job_runner.py:120} INFO - ::group::Pre task execution logs
[2024-05-16T04:39:50.591+0000] {taskinstance.py:2073} INFO - Dependencies all met for dep_context=non-requeueable deps ti=<TaskInstance: dag_hdfs.upload manual__2024-05-16T03:47:35.184483+00:00 [queued]>
[2024-05-16T04:39:50.595+0000] {taskinstance.py:2073} INFO - Dependencies all met for dep_context=requeueable deps ti=<TaskInstance: dag_hdfs.upload manual__2024-05-16T03:47:35.184483+00:00 [queued]>
[2024-05-16T04:39:50.595+0000] {taskinstance.py:2303} INFO - Starting attempt 1 of 2
[2024-05-16T04:39:50.600+0000] {taskinstance.py:2327} INFO - Executing <Task(BashOperator): upload> on 2024-05-16 03:47:35.184483+00:00
[2024-05-16T04:39:50.604+0000] {standard_task_runner.py:90} INFO - Running: ['***', 'tasks', 'run', 'dag_hdfs', 'upload', 'manual__2024-05-16T03:47:35.184483+00:00', '--job-id', '341', '--raw', '--subdir', 'DAGS_FOLDER/dag_hdfs.py', '--cfg-path', '/tmp/tmppd02r66y']
[2024-05-16T04:39:50.605+0000] {logging_mixin.py:188} WARNING - /home/***/.local/lib/python3.12/site-packages/***/task/task_runner/standard_task_runner.py:61 DeprecationWarning: This process (pid=365) is multi-threaded, use of fork() may lead to deadlocks in the child.
[2024-05-16T04:39:50.606+0000] {standard_task_runner.py:91} INFO - Job 341: Subtask upload
[2024-05-16T04:39:50.606+0000] {standard_task_runner.py:63} INFO - Started process 366 to run task
[2024-05-16T04:39:50.626+0000] {task_command.py:426} INFO - Running <TaskInstance: dag_hdfs.upload manual__2024-05-16T03:47:35.184483+00:00 [running]> on host dc1fa3bbdae3
[2024-05-16T04:39:50.661+0000] {taskinstance.py:2644} INFO - Exporting env vars: AIRFLOW_CTX_DAG_OWNER='***' AIRFLOW_CTX_DAG_ID='dag_hdfs' AIRFLOW_CTX_TASK_ID='upload' AIRFLOW_CTX_EXECUTION_DATE='2024-05-16T03:47:35.184483+00:00' AIRFLOW_CTX_TRY_NUMBER='1' AIRFLOW_CTX_DAG_RUN_ID='manual__2024-05-16T03:47:35.184483+00:00'
[2024-05-16T04:39:50.662+0000] {taskinstance.py:430} INFO - ::endgroup::
[2024-05-16T04:39:50.668+0000] {subprocess.py:63} INFO - Tmp dir root location: /tmp
[2024-05-16T04:39:50.669+0000] {subprocess.py:75} INFO - Running command: ['/usr/bin/bash', '-c', '\n        hdfs dfs -put /opt/***/dags/fc_account_master.csv /bses\n        ']
[2024-05-16T04:39:50.672+0000] {subprocess.py:86} INFO - Output:
[2024-05-16T04:39:50.673+0000] {subprocess.py:93} INFO - /usr/bin/bash: line 2: hdfs: command not found
[2024-05-16T04:39:50.674+0000] {subprocess.py:97} INFO - Command exited with return code 127
[2024-05-16T04:39:50.674+0000] {taskinstance.py:441} INFO - ::group::Post task execution logs
[2024-05-16T04:39:50.679+0000] {taskinstance.py:2890} ERROR - Task failed with exception
Traceback (most recent call last):
  File "/home/airflow/.local/lib/python3.12/site-packages/airflow/models/taskinstance.py", line 465, in _execute_task
    result = _execute_callable(context=context, **execute_callable_kwargs)
             ^^^^^^^^^^^^^^^^^^^^^^^^^^^^^^^^^^^^^^^^^^^^^^^^^^^^^^^^^^^^^
  File "/home/airflow/.local/lib/python3.12/site-packages/airflow/models/taskinstance.py", line 432, in _execute_callable
    return execute_callable(context=context, **execute_callable_kwargs)
           ^^^^^^^^^^^^^^^^^^^^^^^^^^^^^^^^^^^^^^^^^^^^^^^^^^^^^^^^^^^^
  File "/home/airflow/.local/lib/python3.12/site-packages/airflow/models/baseoperator.py", line 400, in wrapper
    return func(self, *args, **kwargs)
           ^^^^^^^^^^^^^^^^^^^^^^^^^^^
  File "/home/airflow/.local/lib/python3.12/site-packages/airflow/operators/bash.py", line 243, in execute
    raise AirflowException(
airflow.exceptions.AirflowException: Bash command failed. The command returned a non-zero exit code 127.
[2024-05-16T04:39:50.681+0000] {taskinstance.py:1205} INFO - Marking task as UP_FOR_RETRY. dag_id=dag_hdfs, task_id=upload, execution_date=20240516T034735, start_date=20240516T043950, end_date=20240516T043950
[2024-05-16T04:39:50.687+0000] {standard_task_runner.py:110} ERROR - Failed to execute job 341 for task upload (Bash command failed. The command returned a non-zero exit code 127.; 366)
[2024-05-16T04:39:50.706+0000] {local_task_job_runner.py:240} INFO - Task exited with return code 1
[2024-05-16T04:39:50.714+0000] {taskinstance.py:3482} INFO - 0 downstream tasks scheduled from follow-on schedule check
[2024-05-16T04:39:50.715+0000] {local_task_job_runner.py:222} INFO - ::endgroup::
