[2024-05-03T18:25:08.104+0000] {local_task_job_runner.py:120} INFO - ::group::Pre task execution logs
[2024-05-03T18:25:08.117+0000] {taskinstance.py:2073} INFO - Dependencies all met for dep_context=non-requeueable deps ti=<TaskInstance: dag_backup_catchfillv2.task1 backfill__2024-05-03T00:00:00+00:00 [queued]>
[2024-05-03T18:25:08.121+0000] {taskinstance.py:2073} INFO - Dependencies all met for dep_context=requeueable deps ti=<TaskInstance: dag_backup_catchfillv2.task1 backfill__2024-05-03T00:00:00+00:00 [queued]>
[2024-05-03T18:25:08.121+0000] {taskinstance.py:2303} INFO - Starting attempt 1 of 6
[2024-05-03T18:25:08.129+0000] {taskinstance.py:2327} INFO - Executing <Task(BashOperator): task1> on 2024-05-03 00:00:00+00:00
[2024-05-03T18:25:08.135+0000] {logging_mixin.py:188} WARNING - /home/***/.local/lib/python3.12/site-packages/***/task/task_runner/standard_task_runner.py:61 DeprecationWarning: This process (pid=2207) is multi-threaded, use of fork() may lead to deadlocks in the child.
[2024-05-03T18:25:08.136+0000] {standard_task_runner.py:63} INFO - Started process 2209 to run task
[2024-05-03T18:25:08.136+0000] {standard_task_runner.py:90} INFO - Running: ['***', 'tasks', 'run', 'dag_backup_catchfillv2', 'task1', 'backfill__2024-05-03T00:00:00+00:00', '--job-id', '48', '--pool', 'default_pool', '--raw', '--subdir', 'DAGS_FOLDER/dag_backup_catchfill.py', '--cfg-path', '/tmp/tmp81250vfu']
[2024-05-03T18:25:08.137+0000] {standard_task_runner.py:91} INFO - Job 48: Subtask task1
[2024-05-03T18:25:08.158+0000] {task_command.py:426} INFO - Running <TaskInstance: dag_backup_catchfillv2.task1 backfill__2024-05-03T00:00:00+00:00 [running]> on host 697ad57716e5
[2024-05-03T18:25:08.198+0000] {taskinstance.py:2644} INFO - Exporting env vars: AIRFLOW_CTX_DAG_OWNER='bses' AIRFLOW_CTX_DAG_ID='dag_backup_catchfillv2' AIRFLOW_CTX_TASK_ID='task1' AIRFLOW_CTX_EXECUTION_DATE='2024-05-03T00:00:00+00:00' AIRFLOW_CTX_TRY_NUMBER='1' AIRFLOW_CTX_DAG_RUN_ID='backfill__2024-05-03T00:00:00+00:00'
[2024-05-03T18:25:08.198+0000] {taskinstance.py:430} INFO - ::endgroup::
[2024-05-03T18:25:08.199+0000] {subprocess.py:63} INFO - Tmp dir root location: /tmp
[2024-05-03T18:25:08.199+0000] {subprocess.py:75} INFO - Running command: ['/usr/bin/bash', '-c', 'echo This is a simple bash command.']
[2024-05-03T18:25:08.204+0000] {subprocess.py:86} INFO - Output:
[2024-05-03T18:25:08.204+0000] {subprocess.py:93} INFO - This is a simple bash command.
[2024-05-03T18:25:08.204+0000] {subprocess.py:97} INFO - Command exited with return code 0
[2024-05-03T18:25:08.205+0000] {taskinstance.py:441} INFO - ::group::Post task execution logs
[2024-05-03T18:25:08.217+0000] {taskinstance.py:1205} INFO - Marking task as SUCCESS. dag_id=dag_backup_catchfillv2, task_id=task1, execution_date=20240503T000000, start_date=20240503T182508, end_date=20240503T182508
[2024-05-03T18:25:08.234+0000] {local_task_job_runner.py:240} INFO - Task exited with return code 0
[2024-05-03T18:25:08.243+0000] {taskinstance.py:3482} INFO - 0 downstream tasks scheduled from follow-on schedule check
[2024-05-03T18:25:08.243+0000] {local_task_job_runner.py:222} INFO - ::endgroup::
