[2024-05-03T17:59:24.893+0000] {local_task_job_runner.py:120} INFO - ::group::Pre task execution logs
[2024-05-03T17:59:24.915+0000] {taskinstance.py:2073} INFO - Dependencies all met for dep_context=non-requeueable deps ti=<TaskInstance: create_dag_pythonv5.get_name scheduled__2024-05-02T00:00:00+00:00 [queued]>
[2024-05-03T17:59:24.923+0000] {taskinstance.py:2073} INFO - Dependencies all met for dep_context=requeueable deps ti=<TaskInstance: create_dag_pythonv5.get_name scheduled__2024-05-02T00:00:00+00:00 [queued]>
[2024-05-03T17:59:24.926+0000] {taskinstance.py:2303} INFO - Starting attempt 1 of 6
[2024-05-03T17:59:24.935+0000] {taskinstance.py:2327} INFO - Executing <Task(PythonOperator): get_name> on 2024-05-02 00:00:00+00:00
[2024-05-03T17:59:24.944+0000] {logging_mixin.py:188} WARNING - /home/***/.local/lib/python3.12/site-packages/***/task/task_runner/standard_task_runner.py:61 DeprecationWarning: This process (pid=973) is multi-threaded, use of fork() may lead to deadlocks in the child.
[2024-05-03T17:59:24.942+0000] {standard_task_runner.py:90} INFO - Running: ['***', 'tasks', 'run', 'create_dag_pythonv5', 'get_name', 'scheduled__2024-05-02T00:00:00+00:00', '--job-id', '27', '--raw', '--subdir', 'DAGS_FOLDER/create_dag_python.py', '--cfg-path', '/tmp/tmphz0pzpzw']
[2024-05-03T17:59:24.945+0000] {standard_task_runner.py:63} INFO - Started process 978 to run task
[2024-05-03T17:59:24.946+0000] {standard_task_runner.py:91} INFO - Job 27: Subtask get_name
[2024-05-03T17:59:24.984+0000] {task_command.py:426} INFO - Running <TaskInstance: create_dag_pythonv5.get_name scheduled__2024-05-02T00:00:00+00:00 [running]> on host 697ad57716e5
[2024-05-03T17:59:25.033+0000] {taskinstance.py:2644} INFO - Exporting env vars: AIRFLOW_CTX_DAG_OWNER='bses' AIRFLOW_CTX_DAG_ID='create_dag_pythonv5' AIRFLOW_CTX_TASK_ID='get_name' AIRFLOW_CTX_EXECUTION_DATE='2024-05-02T00:00:00+00:00' AIRFLOW_CTX_TRY_NUMBER='1' AIRFLOW_CTX_DAG_RUN_ID='scheduled__2024-05-02T00:00:00+00:00'
[2024-05-03T17:59:25.034+0000] {taskinstance.py:430} INFO - ::endgroup::
[2024-05-03T17:59:25.054+0000] {python.py:237} INFO - Done. Returned value was: None
[2024-05-03T17:59:25.054+0000] {taskinstance.py:441} INFO - ::group::Post task execution logs
[2024-05-03T17:59:25.059+0000] {taskinstance.py:1205} INFO - Marking task as SUCCESS. dag_id=create_dag_pythonv5, task_id=get_name, execution_date=20240502T000000, start_date=20240503T175924, end_date=20240503T175925
[2024-05-03T17:59:25.085+0000] {local_task_job_runner.py:240} INFO - Task exited with return code 0
[2024-05-03T17:59:25.100+0000] {taskinstance.py:3482} INFO - 0 downstream tasks scheduled from follow-on schedule check
[2024-05-03T17:59:25.101+0000] {local_task_job_runner.py:222} INFO - ::endgroup::
[2024-05-04T05:51:20.571+0000] {local_task_job_runner.py:120} INFO - ::group::Pre task execution logs
[2024-05-04T05:51:20.589+0000] {taskinstance.py:2073} INFO - Dependencies all met for dep_context=non-requeueable deps ti=<TaskInstance: create_dag_pythonv5.get_name scheduled__2024-05-02T00:00:00+00:00 [queued]>
[2024-05-04T05:51:20.593+0000] {taskinstance.py:2073} INFO - Dependencies all met for dep_context=requeueable deps ti=<TaskInstance: create_dag_pythonv5.get_name scheduled__2024-05-02T00:00:00+00:00 [queued]>
[2024-05-04T05:51:20.594+0000] {taskinstance.py:2303} INFO - Starting attempt 1 of 6
[2024-05-04T05:51:20.612+0000] {taskinstance.py:2327} INFO - Executing <Task(PythonOperator): get_name> on 2024-05-02 00:00:00+00:00
[2024-05-04T05:51:20.619+0000] {logging_mixin.py:188} WARNING - /home/***/.local/lib/python3.12/site-packages/***/task/task_runner/standard_task_runner.py:61 DeprecationWarning: This process (pid=240) is multi-threaded, use of fork() may lead to deadlocks in the child.
[2024-05-04T05:51:20.619+0000] {standard_task_runner.py:90} INFO - Running: ['***', 'tasks', 'run', 'create_dag_pythonv5', 'get_name', 'scheduled__2024-05-02T00:00:00+00:00', '--job-id', '5', '--raw', '--subdir', 'DAGS_FOLDER/create_dag_python.py', '--cfg-path', '/tmp/tmpegle5gn4']
[2024-05-04T05:51:20.621+0000] {standard_task_runner.py:91} INFO - Job 5: Subtask get_name
[2024-05-04T05:51:20.621+0000] {standard_task_runner.py:63} INFO - Started process 246 to run task
[2024-05-04T05:51:20.664+0000] {task_command.py:426} INFO - Running <TaskInstance: create_dag_pythonv5.get_name scheduled__2024-05-02T00:00:00+00:00 [running]> on host 97b2d875d020
[2024-05-04T05:51:20.716+0000] {taskinstance.py:2644} INFO - Exporting env vars: AIRFLOW_CTX_DAG_OWNER='bses' AIRFLOW_CTX_DAG_ID='create_dag_pythonv5' AIRFLOW_CTX_TASK_ID='get_name' AIRFLOW_CTX_EXECUTION_DATE='2024-05-02T00:00:00+00:00' AIRFLOW_CTX_TRY_NUMBER='1' AIRFLOW_CTX_DAG_RUN_ID='scheduled__2024-05-02T00:00:00+00:00'
[2024-05-04T05:51:20.719+0000] {taskinstance.py:430} INFO - ::endgroup::
[2024-05-04T05:51:20.743+0000] {python.py:237} INFO - Done. Returned value was: None
[2024-05-04T05:51:20.744+0000] {taskinstance.py:441} INFO - ::group::Post task execution logs
[2024-05-04T05:51:20.751+0000] {taskinstance.py:1205} INFO - Marking task as SUCCESS. dag_id=create_dag_pythonv5, task_id=get_name, execution_date=20240502T000000, start_date=20240504T055120, end_date=20240504T055120
[2024-05-04T05:51:20.768+0000] {local_task_job_runner.py:240} INFO - Task exited with return code 0
[2024-05-04T05:51:20.780+0000] {taskinstance.py:3482} INFO - 0 downstream tasks scheduled from follow-on schedule check
[2024-05-04T05:51:20.783+0000] {local_task_job_runner.py:222} INFO - ::endgroup::
