[2024-05-19T03:18:46.260+0000] {local_task_job_runner.py:120} INFO - ::group::Pre task execution logs
[2024-05-19T03:18:46.276+0000] {taskinstance.py:2073} INFO - Dependencies all met for dep_context=non-requeueable deps ti=<TaskInstance: dag_analysis.analysis scheduled__2024-05-13T00:00:00+00:00 [queued]>
[2024-05-19T03:18:46.283+0000] {taskinstance.py:2073} INFO - Dependencies all met for dep_context=requeueable deps ti=<TaskInstance: dag_analysis.analysis scheduled__2024-05-13T00:00:00+00:00 [queued]>
[2024-05-19T03:18:46.284+0000] {taskinstance.py:2303} INFO - Starting attempt 1 of 6
[2024-05-19T03:18:46.296+0000] {taskinstance.py:2327} INFO - Executing <Task(PythonOperator): analysis> on 2024-05-13 00:00:00+00:00
[2024-05-19T03:18:46.304+0000] {standard_task_runner.py:90} INFO - Running: ['***', 'tasks', 'run', 'dag_analysis', 'analysis', 'scheduled__2024-05-13T00:00:00+00:00', '--job-id', '572', '--raw', '--subdir', 'DAGS_FOLDER/dag1.py', '--cfg-path', '/tmp/tmppcphd3yi']
[2024-05-19T03:18:46.306+0000] {standard_task_runner.py:91} INFO - Job 572: Subtask analysis
[2024-05-19T03:18:46.307+0000] {logging_mixin.py:188} WARNING - /home/***/.local/lib/python3.12/site-packages/***/task/task_runner/standard_task_runner.py:61 DeprecationWarning: This process (pid=207) is multi-threaded, use of fork() may lead to deadlocks in the child.
[2024-05-19T03:18:46.312+0000] {standard_task_runner.py:63} INFO - Started process 222 to run task
[2024-05-19T03:18:46.344+0000] {task_command.py:426} INFO - Running <TaskInstance: dag_analysis.analysis scheduled__2024-05-13T00:00:00+00:00 [running]> on host cf8d95dc7aa1
[2024-05-19T03:18:46.382+0000] {taskinstance.py:2644} INFO - Exporting env vars: AIRFLOW_CTX_DAG_OWNER='bses' AIRFLOW_CTX_DAG_ID='dag_analysis' AIRFLOW_CTX_TASK_ID='analysis' AIRFLOW_CTX_EXECUTION_DATE='2024-05-13T00:00:00+00:00' AIRFLOW_CTX_TRY_NUMBER='1' AIRFLOW_CTX_DAG_RUN_ID='scheduled__2024-05-13T00:00:00+00:00'
[2024-05-19T03:18:46.383+0000] {taskinstance.py:430} INFO - ::endgroup::
[2024-05-19T03:18:46.394+0000] {taskinstance.py:441} INFO - ::group::Post task execution logs
[2024-05-19T03:18:46.394+0000] {taskinstance.py:2890} ERROR - Task failed with exception
Traceback (most recent call last):
  File "/home/airflow/.local/lib/python3.12/site-packages/mysql/connector/connection_cext.py", line 323, in _open_connection
    self._cmysql.connect(**cnx_kwargs)
_mysql_connector.MySQLInterfaceError: Can't connect to MySQL server on 'Bisheshs-MacBook-Pro.local:3306' (22)

The above exception was the direct cause of the following exception:

Traceback (most recent call last):
  File "/home/airflow/.local/lib/python3.12/site-packages/airflow/models/taskinstance.py", line 465, in _execute_task
    result = _execute_callable(context=context, **execute_callable_kwargs)
             ^^^^^^^^^^^^^^^^^^^^^^^^^^^^^^^^^^^^^^^^^^^^^^^^^^^^^^^^^^^^^
  File "/home/airflow/.local/lib/python3.12/site-packages/airflow/models/taskinstance.py", line 432, in _execute_callable
    return execute_callable(context=context, **execute_callable_kwargs)
           ^^^^^^^^^^^^^^^^^^^^^^^^^^^^^^^^^^^^^^^^^^^^^^^^^^^^^^^^^^^^
  File "/home/airflow/.local/lib/python3.12/site-packages/airflow/models/baseoperator.py", line 400, in wrapper
    return func(self, *args, **kwargs)
           ^^^^^^^^^^^^^^^^^^^^^^^^^^^
  File "/home/airflow/.local/lib/python3.12/site-packages/airflow/operators/python.py", line 235, in execute
    return_value = self.execute_callable()
                   ^^^^^^^^^^^^^^^^^^^^^^^
  File "/home/airflow/.local/lib/python3.12/site-packages/airflow/operators/python.py", line 252, in execute_callable
    return self.python_callable(*self.op_args, **self.op_kwargs)
           ^^^^^^^^^^^^^^^^^^^^^^^^^^^^^^^^^^^^^^^^^^^^^^^^^^^^^
  File "/opt/airflow/dags/dag1.py", line 8, in run
    conn = connection.connect(
           ^^^^^^^^^^^^^^^^^^^
  File "/home/airflow/.local/lib/python3.12/site-packages/mysql/connector/pooling.py", line 322, in connect
    return CMySQLConnection(*args, **kwargs)
           ^^^^^^^^^^^^^^^^^^^^^^^^^^^^^^^^^
  File "/home/airflow/.local/lib/python3.12/site-packages/mysql/connector/connection_cext.py", line 140, in __init__
    self.connect(**kwargs)
  File "/home/airflow/.local/lib/python3.12/site-packages/mysql/connector/abstracts.py", line 1363, in connect
    self._open_connection()
  File "/home/airflow/.local/lib/python3.12/site-packages/mysql/connector/connection_cext.py", line 328, in _open_connection
    raise get_mysql_exception(
mysql.connector.errors.DatabaseError: 2003 (HY000): Can't connect to MySQL server on 'Bisheshs-MacBook-Pro.local:3306' (22)
[2024-05-19T03:18:46.400+0000] {taskinstance.py:1205} INFO - Marking task as UP_FOR_RETRY. dag_id=dag_analysis, task_id=analysis, execution_date=20240513T000000, start_date=20240519T031846, end_date=20240519T031846
[2024-05-19T03:18:46.406+0000] {standard_task_runner.py:110} ERROR - Failed to execute job 572 for task analysis (2003 (HY000): Can't connect to MySQL server on 'Bisheshs-MacBook-Pro.local:3306' (22); 222)
[2024-05-19T03:18:46.417+0000] {local_task_job_runner.py:240} INFO - Task exited with return code 1
[2024-05-19T03:18:46.425+0000] {taskinstance.py:3482} INFO - 0 downstream tasks scheduled from follow-on schedule check
[2024-05-19T03:18:46.427+0000] {local_task_job_runner.py:222} INFO - ::endgroup::
[2024-05-19T03:19:44.968+0000] {local_task_job_runner.py:120} INFO - ::group::Pre task execution logs
[2024-05-19T03:19:45.003+0000] {taskinstance.py:2073} INFO - Dependencies all met for dep_context=non-requeueable deps ti=<TaskInstance: dag_analysis.analysis scheduled__2024-05-13T00:00:00+00:00 [queued]>
[2024-05-19T03:19:45.013+0000] {taskinstance.py:2073} INFO - Dependencies all met for dep_context=requeueable deps ti=<TaskInstance: dag_analysis.analysis scheduled__2024-05-13T00:00:00+00:00 [queued]>
[2024-05-19T03:19:45.014+0000] {taskinstance.py:2303} INFO - Starting attempt 1 of 6
[2024-05-19T03:19:45.030+0000] {taskinstance.py:2327} INFO - Executing <Task(PythonOperator): analysis> on 2024-05-13 00:00:00+00:00
[2024-05-19T03:19:45.047+0000] {standard_task_runner.py:90} INFO - Running: ['***', 'tasks', 'run', 'dag_analysis', 'analysis', 'scheduled__2024-05-13T00:00:00+00:00', '--job-id', '586', '--raw', '--subdir', 'DAGS_FOLDER/dag1.py', '--cfg-path', '/tmp/tmpgj82g_od']
[2024-05-19T03:19:45.050+0000] {logging_mixin.py:188} WARNING - /home/***/.local/lib/python3.12/site-packages/***/task/task_runner/standard_task_runner.py:61 DeprecationWarning: This process (pid=287) is multi-threaded, use of fork() may lead to deadlocks in the child.
[2024-05-19T03:19:45.051+0000] {standard_task_runner.py:63} INFO - Started process 301 to run task
[2024-05-19T03:19:45.051+0000] {standard_task_runner.py:91} INFO - Job 586: Subtask analysis
[2024-05-19T03:19:45.104+0000] {task_command.py:426} INFO - Running <TaskInstance: dag_analysis.analysis scheduled__2024-05-13T00:00:00+00:00 [running]> on host cf8d95dc7aa1
[2024-05-19T03:19:45.160+0000] {taskinstance.py:2644} INFO - Exporting env vars: AIRFLOW_CTX_DAG_OWNER='bses' AIRFLOW_CTX_DAG_ID='dag_analysis' AIRFLOW_CTX_TASK_ID='analysis' AIRFLOW_CTX_EXECUTION_DATE='2024-05-13T00:00:00+00:00' AIRFLOW_CTX_TRY_NUMBER='1' AIRFLOW_CTX_DAG_RUN_ID='scheduled__2024-05-13T00:00:00+00:00'
[2024-05-19T03:19:45.161+0000] {taskinstance.py:430} INFO - ::endgroup::
[2024-05-19T03:19:45.246+0000] {logging_mixin.py:188} WARNING - /opt/***/dags/dag1.py:15 UserWarning: pandas only supports SQLAlchemy connectable (engine/connection) or database string URI or sqlite3 DBAPI2 connection. Other DBAPI2 objects are not tested. Please consider using SQLAlchemy.
[2024-05-19T03:19:45.366+0000] {logging_mixin.py:188} WARNING - /opt/***/dags/dag1.py:17 UserWarning: pandas only supports SQLAlchemy connectable (engine/connection) or database string URI or sqlite3 DBAPI2 connection. Other DBAPI2 objects are not tested. Please consider using SQLAlchemy.
[2024-05-19T03:19:45.371+0000] {logging_mixin.py:188} WARNING - /opt/***/dags/dag1.py:19 UserWarning: pandas only supports SQLAlchemy connectable (engine/connection) or database string URI or sqlite3 DBAPI2 connection. Other DBAPI2 objects are not tested. Please consider using SQLAlchemy.
[2024-05-19T03:19:45.377+0000] {logging_mixin.py:188} WARNING - /opt/***/dags/dag1.py:21 UserWarning: pandas only supports SQLAlchemy connectable (engine/connection) or database string URI or sqlite3 DBAPI2 connection. Other DBAPI2 objects are not tested. Please consider using SQLAlchemy.
[2024-05-19T03:19:45.382+0000] {logging_mixin.py:188} WARNING - /opt/***/dags/dag1.py:23 UserWarning: pandas only supports SQLAlchemy connectable (engine/connection) or database string URI or sqlite3 DBAPI2 connection. Other DBAPI2 objects are not tested. Please consider using SQLAlchemy.
[2024-05-19T03:19:45.456+0000] {python.py:237} INFO - Done. Returned value was: None
[2024-05-19T03:19:45.457+0000] {taskinstance.py:441} INFO - ::group::Post task execution logs
[2024-05-19T03:19:45.463+0000] {taskinstance.py:1205} INFO - Marking task as SUCCESS. dag_id=dag_analysis, task_id=analysis, execution_date=20240513T000000, start_date=20240519T031945, end_date=20240519T031945
[2024-05-19T03:19:45.487+0000] {local_task_job_runner.py:240} INFO - Task exited with return code 0
[2024-05-19T03:19:45.497+0000] {taskinstance.py:3482} INFO - 0 downstream tasks scheduled from follow-on schedule check
[2024-05-19T03:19:45.498+0000] {local_task_job_runner.py:222} INFO - ::endgroup::
[2024-05-19T03:20:57.526+0000] {local_task_job_runner.py:120} INFO - ::group::Pre task execution logs
[2024-05-19T03:20:57.546+0000] {taskinstance.py:2073} INFO - Dependencies all met for dep_context=non-requeueable deps ti=<TaskInstance: dag_analysis.analysis scheduled__2024-05-13T00:00:00+00:00 [queued]>
[2024-05-19T03:20:57.552+0000] {taskinstance.py:2073} INFO - Dependencies all met for dep_context=requeueable deps ti=<TaskInstance: dag_analysis.analysis scheduled__2024-05-13T00:00:00+00:00 [queued]>
[2024-05-19T03:20:57.556+0000] {taskinstance.py:2303} INFO - Starting attempt 1 of 6
[2024-05-19T03:20:57.574+0000] {taskinstance.py:2327} INFO - Executing <Task(PythonOperator): analysis> on 2024-05-13 00:00:00+00:00
[2024-05-19T03:20:57.582+0000] {logging_mixin.py:188} WARNING - /home/***/.local/lib/python3.12/site-packages/***/task/task_runner/standard_task_runner.py:61 DeprecationWarning: This process (pid=390) is multi-threaded, use of fork() may lead to deadlocks in the child.
[2024-05-19T03:20:57.586+0000] {standard_task_runner.py:63} INFO - Started process 408 to run task
[2024-05-19T03:20:57.586+0000] {standard_task_runner.py:90} INFO - Running: ['***', 'tasks', 'run', 'dag_analysis', 'analysis', 'scheduled__2024-05-13T00:00:00+00:00', '--job-id', '606', '--raw', '--subdir', 'DAGS_FOLDER/dag1.py', '--cfg-path', '/tmp/tmp17iait5i']
[2024-05-19T03:20:57.589+0000] {standard_task_runner.py:91} INFO - Job 606: Subtask analysis
[2024-05-19T03:20:57.651+0000] {task_command.py:426} INFO - Running <TaskInstance: dag_analysis.analysis scheduled__2024-05-13T00:00:00+00:00 [running]> on host cf8d95dc7aa1
[2024-05-19T03:20:57.743+0000] {taskinstance.py:2644} INFO - Exporting env vars: AIRFLOW_CTX_DAG_OWNER='bses' AIRFLOW_CTX_DAG_ID='dag_analysis' AIRFLOW_CTX_TASK_ID='analysis' AIRFLOW_CTX_EXECUTION_DATE='2024-05-13T00:00:00+00:00' AIRFLOW_CTX_TRY_NUMBER='1' AIRFLOW_CTX_DAG_RUN_ID='scheduled__2024-05-13T00:00:00+00:00'
[2024-05-19T03:20:57.745+0000] {taskinstance.py:430} INFO - ::endgroup::
[2024-05-19T03:20:57.804+0000] {logging_mixin.py:188} WARNING - /opt/***/dags/dag1.py:15 UserWarning: pandas only supports SQLAlchemy connectable (engine/connection) or database string URI or sqlite3 DBAPI2 connection. Other DBAPI2 objects are not tested. Please consider using SQLAlchemy.
[2024-05-19T03:20:57.868+0000] {logging_mixin.py:188} WARNING - /opt/***/dags/dag1.py:17 UserWarning: pandas only supports SQLAlchemy connectable (engine/connection) or database string URI or sqlite3 DBAPI2 connection. Other DBAPI2 objects are not tested. Please consider using SQLAlchemy.
[2024-05-19T03:20:57.874+0000] {logging_mixin.py:188} WARNING - /opt/***/dags/dag1.py:19 UserWarning: pandas only supports SQLAlchemy connectable (engine/connection) or database string URI or sqlite3 DBAPI2 connection. Other DBAPI2 objects are not tested. Please consider using SQLAlchemy.
[2024-05-19T03:20:57.877+0000] {logging_mixin.py:188} WARNING - /opt/***/dags/dag1.py:21 UserWarning: pandas only supports SQLAlchemy connectable (engine/connection) or database string URI or sqlite3 DBAPI2 connection. Other DBAPI2 objects are not tested. Please consider using SQLAlchemy.
[2024-05-19T03:20:57.879+0000] {logging_mixin.py:188} WARNING - /opt/***/dags/dag1.py:23 UserWarning: pandas only supports SQLAlchemy connectable (engine/connection) or database string URI or sqlite3 DBAPI2 connection. Other DBAPI2 objects are not tested. Please consider using SQLAlchemy.
[2024-05-19T03:20:57.936+0000] {python.py:237} INFO - Done. Returned value was: None
[2024-05-19T03:20:57.936+0000] {taskinstance.py:441} INFO - ::group::Post task execution logs
[2024-05-19T03:20:57.941+0000] {taskinstance.py:1205} INFO - Marking task as SUCCESS. dag_id=dag_analysis, task_id=analysis, execution_date=20240513T000000, start_date=20240519T032057, end_date=20240519T032057
[2024-05-19T03:20:57.986+0000] {local_task_job_runner.py:240} INFO - Task exited with return code 0
[2024-05-19T03:20:57.995+0000] {taskinstance.py:3482} INFO - 0 downstream tasks scheduled from follow-on schedule check
[2024-05-19T03:20:57.996+0000] {local_task_job_runner.py:222} INFO - ::endgroup::
