[2024-05-16T11:19:48.685+0000] {local_task_job_runner.py:120} INFO - ::group::Pre task execution logs
[2024-05-16T11:19:48.722+0000] {taskinstance.py:2073} INFO - Dependencies all met for dep_context=non-requeueable deps ti=<TaskInstance: dag_tables.import_table1 scheduled__2024-05-11T00:00:00+00:00 [queued]>
[2024-05-16T11:19:48.736+0000] {taskinstance.py:2073} INFO - Dependencies all met for dep_context=requeueable deps ti=<TaskInstance: dag_tables.import_table1 scheduled__2024-05-11T00:00:00+00:00 [queued]>
[2024-05-16T11:19:48.739+0000] {taskinstance.py:2303} INFO - Starting attempt 1 of 6
[2024-05-16T11:19:48.774+0000] {taskinstance.py:2327} INFO - Executing <Task(BashOperator): import_table1> on 2024-05-11 00:00:00+00:00
[2024-05-16T11:19:48.780+0000] {standard_task_runner.py:90} INFO - Running: ['***', 'tasks', 'run', 'dag_tables', 'import_table1', 'scheduled__2024-05-11T00:00:00+00:00', '--job-id', '392', '--raw', '--subdir', 'DAGS_FOLDER/dag_mysql.py', '--cfg-path', '/tmp/tmpu3yp5l7d']
[2024-05-16T11:19:48.785+0000] {standard_task_runner.py:91} INFO - Job 392: Subtask import_table1
[2024-05-16T11:19:48.782+0000] {logging_mixin.py:188} WARNING - /home/***/.local/lib/python3.12/site-packages/***/task/task_runner/standard_task_runner.py:61 DeprecationWarning: This process (pid=222) is multi-threaded, use of fork() may lead to deadlocks in the child.
[2024-05-16T11:19:48.799+0000] {standard_task_runner.py:63} INFO - Started process 232 to run task
[2024-05-16T11:19:48.863+0000] {task_command.py:426} INFO - Running <TaskInstance: dag_tables.import_table1 scheduled__2024-05-11T00:00:00+00:00 [running]> on host 7084a6d88d3b
[2024-05-16T11:19:48.940+0000] {taskinstance.py:2644} INFO - Exporting env vars: AIRFLOW_CTX_DAG_OWNER='bses' AIRFLOW_CTX_DAG_ID='dag_tables' AIRFLOW_CTX_TASK_ID='import_table1' AIRFLOW_CTX_EXECUTION_DATE='2024-05-11T00:00:00+00:00' AIRFLOW_CTX_TRY_NUMBER='1' AIRFLOW_CTX_DAG_RUN_ID='scheduled__2024-05-11T00:00:00+00:00'
[2024-05-16T11:19:48.942+0000] {taskinstance.py:430} INFO - ::endgroup::
[2024-05-16T11:19:48.955+0000] {subprocess.py:63} INFO - Tmp dir root location: /tmp
[2024-05-16T11:19:48.960+0000] {subprocess.py:75} INFO - Running command: ['/usr/bin/bash', '-c', '\n            mysql -h host.docker.internal -u root --password=12345678 test < /opt/***/dags/products.sql;\n           ']
[2024-05-16T11:19:48.969+0000] {subprocess.py:86} INFO - Output:
[2024-05-16T11:19:49.122+0000] {subprocess.py:97} INFO - Command exited with return code 0
[2024-05-16T11:19:49.124+0000] {taskinstance.py:441} INFO - ::group::Post task execution logs
[2024-05-16T11:19:49.161+0000] {taskinstance.py:1205} INFO - Marking task as SUCCESS. dag_id=dag_tables, task_id=import_table1, execution_date=20240511T000000, start_date=20240516T111948, end_date=20240516T111949
[2024-05-16T11:19:49.196+0000] {local_task_job_runner.py:240} INFO - Task exited with return code 0
[2024-05-16T11:19:49.222+0000] {taskinstance.py:3482} INFO - 1 downstream tasks scheduled from follow-on schedule check
[2024-05-16T11:19:49.227+0000] {local_task_job_runner.py:222} INFO - ::endgroup::
[2024-05-16T11:22:31.077+0000] {local_task_job_runner.py:120} INFO - ::group::Pre task execution logs
[2024-05-16T11:22:31.103+0000] {taskinstance.py:2073} INFO - Dependencies all met for dep_context=non-requeueable deps ti=<TaskInstance: dag_tables.import_table1 scheduled__2024-05-11T00:00:00+00:00 [queued]>
[2024-05-16T11:22:31.116+0000] {taskinstance.py:2073} INFO - Dependencies all met for dep_context=requeueable deps ti=<TaskInstance: dag_tables.import_table1 scheduled__2024-05-11T00:00:00+00:00 [queued]>
[2024-05-16T11:22:31.120+0000] {taskinstance.py:2303} INFO - Starting attempt 1 of 6
[2024-05-16T11:22:31.156+0000] {taskinstance.py:2327} INFO - Executing <Task(BashOperator): import_table1> on 2024-05-11 00:00:00+00:00
[2024-05-16T11:22:31.170+0000] {standard_task_runner.py:90} INFO - Running: ['***', 'tasks', 'run', 'dag_tables', 'import_table1', 'scheduled__2024-05-11T00:00:00+00:00', '--job-id', '444', '--raw', '--subdir', 'DAGS_FOLDER/dag_mysql.py', '--cfg-path', '/tmp/tmplc_2hk4c']
[2024-05-16T11:22:31.173+0000] {standard_task_runner.py:91} INFO - Job 444: Subtask import_table1
[2024-05-16T11:22:31.168+0000] {logging_mixin.py:188} WARNING - /home/***/.local/lib/python3.12/site-packages/***/task/task_runner/standard_task_runner.py:61 DeprecationWarning: This process (pid=483) is multi-threaded, use of fork() may lead to deadlocks in the child.
[2024-05-16T11:22:31.180+0000] {standard_task_runner.py:63} INFO - Started process 498 to run task
[2024-05-16T11:22:31.263+0000] {task_command.py:426} INFO - Running <TaskInstance: dag_tables.import_table1 scheduled__2024-05-11T00:00:00+00:00 [running]> on host 7084a6d88d3b
[2024-05-16T11:22:31.402+0000] {taskinstance.py:2644} INFO - Exporting env vars: AIRFLOW_CTX_DAG_OWNER='bses' AIRFLOW_CTX_DAG_ID='dag_tables' AIRFLOW_CTX_TASK_ID='import_table1' AIRFLOW_CTX_EXECUTION_DATE='2024-05-11T00:00:00+00:00' AIRFLOW_CTX_TRY_NUMBER='1' AIRFLOW_CTX_DAG_RUN_ID='scheduled__2024-05-11T00:00:00+00:00'
[2024-05-16T11:22:31.404+0000] {taskinstance.py:430} INFO - ::endgroup::
[2024-05-16T11:22:31.427+0000] {subprocess.py:63} INFO - Tmp dir root location: /tmp
[2024-05-16T11:22:31.430+0000] {subprocess.py:75} INFO - Running command: ['/usr/bin/bash', '-c', '\n            mysql -h host.docker.internal -u root --password=12345678 test < /opt/***/dags/products.sql\n           ']
[2024-05-16T11:22:31.443+0000] {subprocess.py:86} INFO - Output:
[2024-05-16T11:22:31.550+0000] {subprocess.py:97} INFO - Command exited with return code 0
[2024-05-16T11:22:31.551+0000] {taskinstance.py:441} INFO - ::group::Post task execution logs
[2024-05-16T11:22:31.586+0000] {taskinstance.py:1205} INFO - Marking task as SUCCESS. dag_id=dag_tables, task_id=import_table1, execution_date=20240511T000000, start_date=20240516T112231, end_date=20240516T112231
[2024-05-16T11:22:31.701+0000] {local_task_job_runner.py:240} INFO - Task exited with return code 0
[2024-05-16T11:22:31.782+0000] {taskinstance.py:3482} INFO - 0 downstream tasks scheduled from follow-on schedule check
[2024-05-16T11:22:31.805+0000] {local_task_job_runner.py:222} INFO - ::endgroup::
[2024-05-16T11:24:49.730+0000] {local_task_job_runner.py:120} INFO - ::group::Pre task execution logs
[2024-05-16T11:24:49.748+0000] {taskinstance.py:2073} INFO - Dependencies all met for dep_context=non-requeueable deps ti=<TaskInstance: dag_tables.import_table1 scheduled__2024-05-11T00:00:00+00:00 [queued]>
[2024-05-16T11:24:49.754+0000] {taskinstance.py:2073} INFO - Dependencies all met for dep_context=requeueable deps ti=<TaskInstance: dag_tables.import_table1 scheduled__2024-05-11T00:00:00+00:00 [queued]>
[2024-05-16T11:24:49.756+0000] {taskinstance.py:2303} INFO - Starting attempt 1 of 6
[2024-05-16T11:24:49.783+0000] {taskinstance.py:2327} INFO - Executing <Task(BashOperator): import_table1> on 2024-05-11 00:00:00+00:00
[2024-05-16T11:24:49.790+0000] {logging_mixin.py:188} WARNING - /home/***/.local/lib/python3.12/site-packages/***/task/task_runner/standard_task_runner.py:61 DeprecationWarning: This process (pid=770) is multi-threaded, use of fork() may lead to deadlocks in the child.
[2024-05-16T11:24:49.792+0000] {standard_task_runner.py:63} INFO - Started process 778 to run task
[2024-05-16T11:24:49.794+0000] {standard_task_runner.py:90} INFO - Running: ['***', 'tasks', 'run', 'dag_tables', 'import_table1', 'scheduled__2024-05-11T00:00:00+00:00', '--job-id', '498', '--raw', '--subdir', 'DAGS_FOLDER/dag_mysql.py', '--cfg-path', '/tmp/tmprxn_l_1v']
[2024-05-16T11:24:49.804+0000] {standard_task_runner.py:91} INFO - Job 498: Subtask import_table1
[2024-05-16T11:24:49.860+0000] {task_command.py:426} INFO - Running <TaskInstance: dag_tables.import_table1 scheduled__2024-05-11T00:00:00+00:00 [running]> on host 7084a6d88d3b
[2024-05-16T11:24:49.941+0000] {taskinstance.py:2644} INFO - Exporting env vars: AIRFLOW_CTX_DAG_OWNER='bses' AIRFLOW_CTX_DAG_ID='dag_tables' AIRFLOW_CTX_TASK_ID='import_table1' AIRFLOW_CTX_EXECUTION_DATE='2024-05-11T00:00:00+00:00' AIRFLOW_CTX_TRY_NUMBER='1' AIRFLOW_CTX_DAG_RUN_ID='scheduled__2024-05-11T00:00:00+00:00'
[2024-05-16T11:24:49.943+0000] {taskinstance.py:430} INFO - ::endgroup::
[2024-05-16T11:24:49.961+0000] {subprocess.py:63} INFO - Tmp dir root location: /tmp
[2024-05-16T11:24:49.964+0000] {subprocess.py:75} INFO - Running command: ['/usr/bin/bash', '-c', '\n            mysql -h host.docker.internal -u root --password=12345678 test < /opt/***/dags/products.sql\n           ']
[2024-05-16T11:24:49.975+0000] {subprocess.py:86} INFO - Output:
[2024-05-16T11:24:50.073+0000] {subprocess.py:97} INFO - Command exited with return code 0
[2024-05-16T11:24:50.074+0000] {taskinstance.py:441} INFO - ::group::Post task execution logs
[2024-05-16T11:24:50.104+0000] {taskinstance.py:1205} INFO - Marking task as SUCCESS. dag_id=dag_tables, task_id=import_table1, execution_date=20240511T000000, start_date=20240516T112449, end_date=20240516T112450
[2024-05-16T11:24:50.155+0000] {local_task_job_runner.py:240} INFO - Task exited with return code 0
[2024-05-16T11:24:50.168+0000] {taskinstance.py:3482} INFO - 0 downstream tasks scheduled from follow-on schedule check
[2024-05-16T11:24:50.175+0000] {local_task_job_runner.py:222} INFO - ::endgroup::
[2024-05-16T11:27:48.322+0000] {local_task_job_runner.py:120} INFO - ::group::Pre task execution logs
[2024-05-16T11:27:48.339+0000] {taskinstance.py:2073} INFO - Dependencies all met for dep_context=non-requeueable deps ti=<TaskInstance: dag_tables.import_table1 scheduled__2024-05-11T00:00:00+00:00 [queued]>
[2024-05-16T11:27:48.344+0000] {taskinstance.py:2073} INFO - Dependencies all met for dep_context=requeueable deps ti=<TaskInstance: dag_tables.import_table1 scheduled__2024-05-11T00:00:00+00:00 [queued]>
[2024-05-16T11:27:48.345+0000] {taskinstance.py:2303} INFO - Starting attempt 1 of 6
[2024-05-16T11:27:48.355+0000] {taskinstance.py:2327} INFO - Executing <Task(BashOperator): import_table1> on 2024-05-11 00:00:00+00:00
[2024-05-16T11:27:48.360+0000] {logging_mixin.py:188} WARNING - /home/***/.local/lib/python3.12/site-packages/***/task/task_runner/standard_task_runner.py:61 DeprecationWarning: This process (pid=913) is multi-threaded, use of fork() may lead to deadlocks in the child.
[2024-05-16T11:27:48.362+0000] {standard_task_runner.py:63} INFO - Started process 925 to run task
[2024-05-16T11:27:48.360+0000] {standard_task_runner.py:90} INFO - Running: ['***', 'tasks', 'run', 'dag_tables', 'import_table1', 'scheduled__2024-05-11T00:00:00+00:00', '--job-id', '519', '--raw', '--subdir', 'DAGS_FOLDER/dag_mysql.py', '--cfg-path', '/tmp/tmp0_i8o6x9']
[2024-05-16T11:27:48.363+0000] {standard_task_runner.py:91} INFO - Job 519: Subtask import_table1
[2024-05-16T11:27:48.393+0000] {task_command.py:426} INFO - Running <TaskInstance: dag_tables.import_table1 scheduled__2024-05-11T00:00:00+00:00 [running]> on host 7084a6d88d3b
[2024-05-16T11:27:48.438+0000] {taskinstance.py:2644} INFO - Exporting env vars: AIRFLOW_CTX_DAG_OWNER='bses' AIRFLOW_CTX_DAG_ID='dag_tables' AIRFLOW_CTX_TASK_ID='import_table1' AIRFLOW_CTX_EXECUTION_DATE='2024-05-11T00:00:00+00:00' AIRFLOW_CTX_TRY_NUMBER='1' AIRFLOW_CTX_DAG_RUN_ID='scheduled__2024-05-11T00:00:00+00:00'
[2024-05-16T11:27:48.438+0000] {taskinstance.py:430} INFO - ::endgroup::
[2024-05-16T11:27:48.445+0000] {subprocess.py:63} INFO - Tmp dir root location: /tmp
[2024-05-16T11:27:48.445+0000] {subprocess.py:75} INFO - Running command: ['/usr/bin/bash', '-c', '\n            mysql -h host.docker.internal -u root --password=12345678 test < /opt/***/dags/products.sql\n           ']
[2024-05-16T11:27:48.449+0000] {subprocess.py:86} INFO - Output:
[2024-05-16T11:27:48.491+0000] {subprocess.py:97} INFO - Command exited with return code 0
[2024-05-16T11:27:48.492+0000] {taskinstance.py:441} INFO - ::group::Post task execution logs
[2024-05-16T11:27:48.503+0000] {taskinstance.py:1205} INFO - Marking task as SUCCESS. dag_id=dag_tables, task_id=import_table1, execution_date=20240511T000000, start_date=20240516T112748, end_date=20240516T112748
[2024-05-16T11:27:48.543+0000] {local_task_job_runner.py:240} INFO - Task exited with return code 0
[2024-05-16T11:27:48.553+0000] {taskinstance.py:3482} INFO - 0 downstream tasks scheduled from follow-on schedule check
[2024-05-16T11:27:48.554+0000] {local_task_job_runner.py:222} INFO - ::endgroup::
