[2024-05-19T03:19:43.335+0000] {local_task_job_runner.py:120} INFO - ::group::Pre task execution logs
[2024-05-19T03:19:43.372+0000] {taskinstance.py:2073} INFO - Dependencies all met for dep_context=non-requeueable deps ti=<TaskInstance: dag_analysis.analysis manual__2024-05-19T03:19:42.519203+00:00 [queued]>
[2024-05-19T03:19:43.386+0000] {taskinstance.py:2073} INFO - Dependencies all met for dep_context=requeueable deps ti=<TaskInstance: dag_analysis.analysis manual__2024-05-19T03:19:42.519203+00:00 [queued]>
[2024-05-19T03:19:43.387+0000] {taskinstance.py:2303} INFO - Starting attempt 1 of 6
[2024-05-19T03:19:43.410+0000] {taskinstance.py:2327} INFO - Executing <Task(PythonOperator): analysis> on 2024-05-19 03:19:42.519203+00:00
[2024-05-19T03:19:43.425+0000] {logging_mixin.py:188} WARNING - /home/***/.local/lib/python3.12/site-packages/***/task/task_runner/standard_task_runner.py:61 DeprecationWarning: This process (pid=257) is multi-threaded, use of fork() may lead to deadlocks in the child.
[2024-05-19T03:19:43.423+0000] {standard_task_runner.py:90} INFO - Running: ['***', 'tasks', 'run', 'dag_analysis', 'analysis', 'manual__2024-05-19T03:19:42.519203+00:00', '--job-id', '574', '--raw', '--subdir', 'DAGS_FOLDER/dag1.py', '--cfg-path', '/tmp/tmpo_vfuusl']
[2024-05-19T03:19:43.434+0000] {standard_task_runner.py:91} INFO - Job 574: Subtask analysis
[2024-05-19T03:19:43.430+0000] {standard_task_runner.py:63} INFO - Started process 275 to run task
[2024-05-19T03:19:43.530+0000] {task_command.py:426} INFO - Running <TaskInstance: dag_analysis.analysis manual__2024-05-19T03:19:42.519203+00:00 [running]> on host cf8d95dc7aa1
[2024-05-19T03:19:43.639+0000] {taskinstance.py:2644} INFO - Exporting env vars: AIRFLOW_CTX_DAG_OWNER='bses' AIRFLOW_CTX_DAG_ID='dag_analysis' AIRFLOW_CTX_TASK_ID='analysis' AIRFLOW_CTX_EXECUTION_DATE='2024-05-19T03:19:42.519203+00:00' AIRFLOW_CTX_TRY_NUMBER='1' AIRFLOW_CTX_DAG_RUN_ID='manual__2024-05-19T03:19:42.519203+00:00'
[2024-05-19T03:19:43.644+0000] {taskinstance.py:430} INFO - ::endgroup::
[2024-05-19T03:19:43.878+0000] {logging_mixin.py:188} WARNING - /opt/***/dags/dag1.py:15 UserWarning: pandas only supports SQLAlchemy connectable (engine/connection) or database string URI or sqlite3 DBAPI2 connection. Other DBAPI2 objects are not tested. Please consider using SQLAlchemy.
[2024-05-19T03:19:44.129+0000] {logging_mixin.py:188} WARNING - /opt/***/dags/dag1.py:17 UserWarning: pandas only supports SQLAlchemy connectable (engine/connection) or database string URI or sqlite3 DBAPI2 connection. Other DBAPI2 objects are not tested. Please consider using SQLAlchemy.
[2024-05-19T03:19:44.143+0000] {logging_mixin.py:188} WARNING - /opt/***/dags/dag1.py:19 UserWarning: pandas only supports SQLAlchemy connectable (engine/connection) or database string URI or sqlite3 DBAPI2 connection. Other DBAPI2 objects are not tested. Please consider using SQLAlchemy.
[2024-05-19T03:19:44.163+0000] {logging_mixin.py:188} WARNING - /opt/***/dags/dag1.py:21 UserWarning: pandas only supports SQLAlchemy connectable (engine/connection) or database string URI or sqlite3 DBAPI2 connection. Other DBAPI2 objects are not tested. Please consider using SQLAlchemy.
[2024-05-19T03:19:44.199+0000] {logging_mixin.py:188} WARNING - /opt/***/dags/dag1.py:23 UserWarning: pandas only supports SQLAlchemy connectable (engine/connection) or database string URI or sqlite3 DBAPI2 connection. Other DBAPI2 objects are not tested. Please consider using SQLAlchemy.
[2024-05-19T03:19:44.445+0000] {python.py:237} INFO - Done. Returned value was: None
[2024-05-19T03:19:44.446+0000] {taskinstance.py:441} INFO - ::group::Post task execution logs
[2024-05-19T03:19:44.470+0000] {taskinstance.py:1205} INFO - Marking task as SUCCESS. dag_id=dag_analysis, task_id=analysis, execution_date=20240519T031942, start_date=20240519T031943, end_date=20240519T031944
[2024-05-19T03:19:44.522+0000] {local_task_job_runner.py:240} INFO - Task exited with return code 0
[2024-05-19T03:19:44.575+0000] {taskinstance.py:3482} INFO - 0 downstream tasks scheduled from follow-on schedule check
[2024-05-19T03:19:44.594+0000] {local_task_job_runner.py:222} INFO - ::endgroup::
