[2024-05-03T17:13:15.120+0000] {processor.py:161} INFO - Started process (PID=253) to work on /home/airflow/.local/lib/python3.12/site-packages/airflow/example_dags/example_datasets.py
[2024-05-03T17:13:15.121+0000] {processor.py:830} INFO - Processing file /home/airflow/.local/lib/python3.12/site-packages/airflow/example_dags/example_datasets.py for tasks to queue
[2024-05-03T17:13:15.122+0000] {logging_mixin.py:188} INFO - [2024-05-03T17:13:15.122+0000] {dagbag.py:540} INFO - Filling up the DagBag from /home/airflow/.local/lib/python3.12/site-packages/airflow/example_dags/example_datasets.py
[2024-05-03T17:13:15.130+0000] {processor.py:840} INFO - DAG(s) 'conditional_dataset_and_time_based_timetable', 'dataset_consumes_unknown_never_scheduled', 'dataset_consumes_1_never_scheduled', 'consume_1_and_2_with_dataset_expressions', 'dataset_produces_1', 'dataset_consumes_1', 'dataset_consumes_1_and_2', 'dataset_produces_2', 'consume_1_or_2_with_dataset_expressions', 'consume_1_or_both_2_and_3_with_dataset_expressions' retrieved from /home/airflow/.local/lib/python3.12/site-packages/airflow/example_dags/example_datasets.py
[2024-05-03T17:13:15.140+0000] {logging_mixin.py:188} INFO - [2024-05-03T17:13:15.139+0000] {dag.py:3096} INFO - Sync 10 DAGs
[2024-05-03T17:13:15.154+0000] {logging_mixin.py:188} INFO - [2024-05-03T17:13:15.154+0000] {dag.py:3954} INFO - Setting next_dagrun for conditional_dataset_and_time_based_timetable to 2024-05-01 01:00:00+00:00, run_after=2024-05-01 01:00:00+00:00
[2024-05-03T17:13:15.157+0000] {logging_mixin.py:188} INFO - [2024-05-03T17:13:15.156+0000] {dag.py:3954} INFO - Setting next_dagrun for consume_1_and_2_with_dataset_expressions to None, run_after=None
[2024-05-03T17:13:15.158+0000] {logging_mixin.py:188} INFO - [2024-05-03T17:13:15.157+0000] {dag.py:3954} INFO - Setting next_dagrun for consume_1_or_2_with_dataset_expressions to None, run_after=None
[2024-05-03T17:13:15.158+0000] {logging_mixin.py:188} INFO - [2024-05-03T17:13:15.158+0000] {dag.py:3954} INFO - Setting next_dagrun for consume_1_or_both_2_and_3_with_dataset_expressions to None, run_after=None
[2024-05-03T17:13:15.159+0000] {logging_mixin.py:188} INFO - [2024-05-03T17:13:15.159+0000] {dag.py:3954} INFO - Setting next_dagrun for dataset_consumes_1 to None, run_after=None
[2024-05-03T17:13:15.160+0000] {logging_mixin.py:188} INFO - [2024-05-03T17:13:15.159+0000] {dag.py:3954} INFO - Setting next_dagrun for dataset_consumes_1_and_2 to None, run_after=None
[2024-05-03T17:13:15.160+0000] {logging_mixin.py:188} INFO - [2024-05-03T17:13:15.160+0000] {dag.py:3954} INFO - Setting next_dagrun for dataset_consumes_1_never_scheduled to None, run_after=None
[2024-05-03T17:13:15.161+0000] {logging_mixin.py:188} INFO - [2024-05-03T17:13:15.161+0000] {dag.py:3954} INFO - Setting next_dagrun for dataset_consumes_unknown_never_scheduled to None, run_after=None
[2024-05-03T17:13:15.162+0000] {logging_mixin.py:188} INFO - [2024-05-03T17:13:15.162+0000] {dag.py:3954} INFO - Setting next_dagrun for dataset_produces_1 to 2024-05-02 00:00:00+00:00, run_after=2024-05-03 00:00:00+00:00
[2024-05-03T17:13:15.163+0000] {logging_mixin.py:188} INFO - [2024-05-03T17:13:15.163+0000] {dag.py:3954} INFO - Setting next_dagrun for dataset_produces_2 to None, run_after=None
[2024-05-03T17:13:15.180+0000] {processor.py:183} INFO - Processing /home/airflow/.local/lib/python3.12/site-packages/airflow/example_dags/example_datasets.py took 0.062 seconds
[2024-05-03T17:13:46.198+0000] {processor.py:161} INFO - Started process (PID=515) to work on /home/airflow/.local/lib/python3.12/site-packages/airflow/example_dags/example_datasets.py
[2024-05-03T17:13:46.198+0000] {processor.py:830} INFO - Processing file /home/airflow/.local/lib/python3.12/site-packages/airflow/example_dags/example_datasets.py for tasks to queue
[2024-05-03T17:13:46.199+0000] {logging_mixin.py:188} INFO - [2024-05-03T17:13:46.199+0000] {dagbag.py:540} INFO - Filling up the DagBag from /home/airflow/.local/lib/python3.12/site-packages/airflow/example_dags/example_datasets.py
[2024-05-03T17:13:46.206+0000] {processor.py:840} INFO - DAG(s) 'dataset_consumes_1_and_2', 'dataset_consumes_unknown_never_scheduled', 'consume_1_or_both_2_and_3_with_dataset_expressions', 'consume_1_and_2_with_dataset_expressions', 'consume_1_or_2_with_dataset_expressions', 'dataset_produces_1', 'conditional_dataset_and_time_based_timetable', 'dataset_produces_2', 'dataset_consumes_1_never_scheduled', 'dataset_consumes_1' retrieved from /home/airflow/.local/lib/python3.12/site-packages/airflow/example_dags/example_datasets.py
[2024-05-03T17:13:46.340+0000] {logging_mixin.py:188} INFO - [2024-05-03T17:13:46.340+0000] {dag.py:3096} INFO - Sync 10 DAGs
[2024-05-03T17:13:46.352+0000] {logging_mixin.py:188} INFO - [2024-05-03T17:13:46.352+0000] {dag.py:3954} INFO - Setting next_dagrun for conditional_dataset_and_time_based_timetable to 2024-05-01 01:00:00+00:00, run_after=2024-05-01 01:00:00+00:00
[2024-05-03T17:13:46.354+0000] {logging_mixin.py:188} INFO - [2024-05-03T17:13:46.354+0000] {dag.py:3954} INFO - Setting next_dagrun for consume_1_and_2_with_dataset_expressions to None, run_after=None
[2024-05-03T17:13:46.355+0000] {logging_mixin.py:188} INFO - [2024-05-03T17:13:46.355+0000] {dag.py:3954} INFO - Setting next_dagrun for consume_1_or_2_with_dataset_expressions to None, run_after=None
[2024-05-03T17:13:46.356+0000] {logging_mixin.py:188} INFO - [2024-05-03T17:13:46.356+0000] {dag.py:3954} INFO - Setting next_dagrun for consume_1_or_both_2_and_3_with_dataset_expressions to None, run_after=None
[2024-05-03T17:13:46.357+0000] {logging_mixin.py:188} INFO - [2024-05-03T17:13:46.357+0000] {dag.py:3954} INFO - Setting next_dagrun for dataset_consumes_1 to None, run_after=None
[2024-05-03T17:13:46.358+0000] {logging_mixin.py:188} INFO - [2024-05-03T17:13:46.358+0000] {dag.py:3954} INFO - Setting next_dagrun for dataset_consumes_1_and_2 to None, run_after=None
[2024-05-03T17:13:46.358+0000] {logging_mixin.py:188} INFO - [2024-05-03T17:13:46.358+0000] {dag.py:3954} INFO - Setting next_dagrun for dataset_consumes_1_never_scheduled to None, run_after=None
[2024-05-03T17:13:46.359+0000] {logging_mixin.py:188} INFO - [2024-05-03T17:13:46.359+0000] {dag.py:3954} INFO - Setting next_dagrun for dataset_consumes_unknown_never_scheduled to None, run_after=None
[2024-05-03T17:13:46.360+0000] {logging_mixin.py:188} INFO - [2024-05-03T17:13:46.360+0000] {dag.py:3954} INFO - Setting next_dagrun for dataset_produces_1 to 2024-05-02 00:00:00+00:00, run_after=2024-05-03 00:00:00+00:00
[2024-05-03T17:13:46.361+0000] {logging_mixin.py:188} INFO - [2024-05-03T17:13:46.361+0000] {dag.py:3954} INFO - Setting next_dagrun for dataset_produces_2 to None, run_after=None
[2024-05-03T17:13:46.377+0000] {processor.py:183} INFO - Processing /home/airflow/.local/lib/python3.12/site-packages/airflow/example_dags/example_datasets.py took 0.182 seconds
[2024-05-03T17:14:17.042+0000] {processor.py:161} INFO - Started process (PID=777) to work on /home/airflow/.local/lib/python3.12/site-packages/airflow/example_dags/example_datasets.py
[2024-05-03T17:14:17.043+0000] {processor.py:830} INFO - Processing file /home/airflow/.local/lib/python3.12/site-packages/airflow/example_dags/example_datasets.py for tasks to queue
[2024-05-03T17:14:17.044+0000] {logging_mixin.py:188} INFO - [2024-05-03T17:14:17.044+0000] {dagbag.py:540} INFO - Filling up the DagBag from /home/airflow/.local/lib/python3.12/site-packages/airflow/example_dags/example_datasets.py
[2024-05-03T17:14:17.050+0000] {processor.py:840} INFO - DAG(s) 'dataset_consumes_1_never_scheduled', 'consume_1_and_2_with_dataset_expressions', 'dataset_consumes_1', 'conditional_dataset_and_time_based_timetable', 'dataset_consumes_unknown_never_scheduled', 'dataset_produces_1', 'dataset_produces_2', 'consume_1_or_both_2_and_3_with_dataset_expressions', 'consume_1_or_2_with_dataset_expressions', 'dataset_consumes_1_and_2' retrieved from /home/airflow/.local/lib/python3.12/site-packages/airflow/example_dags/example_datasets.py
[2024-05-03T17:14:17.072+0000] {logging_mixin.py:188} INFO - [2024-05-03T17:14:17.072+0000] {dag.py:3096} INFO - Sync 10 DAGs
[2024-05-03T17:14:17.084+0000] {logging_mixin.py:188} INFO - [2024-05-03T17:14:17.084+0000] {dag.py:3954} INFO - Setting next_dagrun for conditional_dataset_and_time_based_timetable to 2024-05-01 01:00:00+00:00, run_after=2024-05-01 01:00:00+00:00
[2024-05-03T17:14:17.086+0000] {logging_mixin.py:188} INFO - [2024-05-03T17:14:17.086+0000] {dag.py:3954} INFO - Setting next_dagrun for consume_1_and_2_with_dataset_expressions to None, run_after=None
[2024-05-03T17:14:17.086+0000] {logging_mixin.py:188} INFO - [2024-05-03T17:14:17.086+0000] {dag.py:3954} INFO - Setting next_dagrun for consume_1_or_2_with_dataset_expressions to None, run_after=None
[2024-05-03T17:14:17.087+0000] {logging_mixin.py:188} INFO - [2024-05-03T17:14:17.087+0000] {dag.py:3954} INFO - Setting next_dagrun for consume_1_or_both_2_and_3_with_dataset_expressions to None, run_after=None
[2024-05-03T17:14:17.088+0000] {logging_mixin.py:188} INFO - [2024-05-03T17:14:17.088+0000] {dag.py:3954} INFO - Setting next_dagrun for dataset_consumes_1 to None, run_after=None
[2024-05-03T17:14:17.088+0000] {logging_mixin.py:188} INFO - [2024-05-03T17:14:17.088+0000] {dag.py:3954} INFO - Setting next_dagrun for dataset_consumes_1_and_2 to None, run_after=None
[2024-05-03T17:14:17.089+0000] {logging_mixin.py:188} INFO - [2024-05-03T17:14:17.089+0000] {dag.py:3954} INFO - Setting next_dagrun for dataset_consumes_1_never_scheduled to None, run_after=None
[2024-05-03T17:14:17.089+0000] {logging_mixin.py:188} INFO - [2024-05-03T17:14:17.089+0000] {dag.py:3954} INFO - Setting next_dagrun for dataset_consumes_unknown_never_scheduled to None, run_after=None
[2024-05-03T17:14:17.091+0000] {logging_mixin.py:188} INFO - [2024-05-03T17:14:17.090+0000] {dag.py:3954} INFO - Setting next_dagrun for dataset_produces_1 to 2024-05-02 00:00:00+00:00, run_after=2024-05-03 00:00:00+00:00
[2024-05-03T17:14:17.091+0000] {logging_mixin.py:188} INFO - [2024-05-03T17:14:17.091+0000] {dag.py:3954} INFO - Setting next_dagrun for dataset_produces_2 to None, run_after=None
[2024-05-03T17:14:17.105+0000] {processor.py:183} INFO - Processing /home/airflow/.local/lib/python3.12/site-packages/airflow/example_dags/example_datasets.py took 0.066 seconds
[2024-05-03T17:14:47.729+0000] {processor.py:161} INFO - Started process (PID=1039) to work on /home/airflow/.local/lib/python3.12/site-packages/airflow/example_dags/example_datasets.py
[2024-05-03T17:14:47.730+0000] {processor.py:830} INFO - Processing file /home/airflow/.local/lib/python3.12/site-packages/airflow/example_dags/example_datasets.py for tasks to queue
[2024-05-03T17:14:47.730+0000] {logging_mixin.py:188} INFO - [2024-05-03T17:14:47.730+0000] {dagbag.py:540} INFO - Filling up the DagBag from /home/airflow/.local/lib/python3.12/site-packages/airflow/example_dags/example_datasets.py
[2024-05-03T17:14:47.737+0000] {processor.py:840} INFO - DAG(s) 'consume_1_or_2_with_dataset_expressions', 'dataset_consumes_unknown_never_scheduled', 'consume_1_or_both_2_and_3_with_dataset_expressions', 'conditional_dataset_and_time_based_timetable', 'dataset_consumes_1', 'dataset_produces_2', 'dataset_consumes_1_never_scheduled', 'consume_1_and_2_with_dataset_expressions', 'dataset_produces_1', 'dataset_consumes_1_and_2' retrieved from /home/airflow/.local/lib/python3.12/site-packages/airflow/example_dags/example_datasets.py
[2024-05-03T17:14:47.758+0000] {logging_mixin.py:188} INFO - [2024-05-03T17:14:47.758+0000] {dag.py:3096} INFO - Sync 10 DAGs
[2024-05-03T17:14:47.770+0000] {logging_mixin.py:188} INFO - [2024-05-03T17:14:47.770+0000] {dag.py:3954} INFO - Setting next_dagrun for conditional_dataset_and_time_based_timetable to 2024-05-01 01:00:00+00:00, run_after=2024-05-01 01:00:00+00:00
[2024-05-03T17:14:47.772+0000] {logging_mixin.py:188} INFO - [2024-05-03T17:14:47.772+0000] {dag.py:3954} INFO - Setting next_dagrun for consume_1_and_2_with_dataset_expressions to None, run_after=None
[2024-05-03T17:14:47.773+0000] {logging_mixin.py:188} INFO - [2024-05-03T17:14:47.773+0000] {dag.py:3954} INFO - Setting next_dagrun for consume_1_or_2_with_dataset_expressions to None, run_after=None
[2024-05-03T17:14:47.774+0000] {logging_mixin.py:188} INFO - [2024-05-03T17:14:47.774+0000] {dag.py:3954} INFO - Setting next_dagrun for consume_1_or_both_2_and_3_with_dataset_expressions to None, run_after=None
[2024-05-03T17:14:47.774+0000] {logging_mixin.py:188} INFO - [2024-05-03T17:14:47.774+0000] {dag.py:3954} INFO - Setting next_dagrun for dataset_consumes_1 to None, run_after=None
[2024-05-03T17:14:47.775+0000] {logging_mixin.py:188} INFO - [2024-05-03T17:14:47.775+0000] {dag.py:3954} INFO - Setting next_dagrun for dataset_consumes_1_and_2 to None, run_after=None
[2024-05-03T17:14:47.776+0000] {logging_mixin.py:188} INFO - [2024-05-03T17:14:47.776+0000] {dag.py:3954} INFO - Setting next_dagrun for dataset_consumes_1_never_scheduled to None, run_after=None
[2024-05-03T17:14:47.776+0000] {logging_mixin.py:188} INFO - [2024-05-03T17:14:47.776+0000] {dag.py:3954} INFO - Setting next_dagrun for dataset_consumes_unknown_never_scheduled to None, run_after=None
[2024-05-03T17:14:47.777+0000] {logging_mixin.py:188} INFO - [2024-05-03T17:14:47.777+0000] {dag.py:3954} INFO - Setting next_dagrun for dataset_produces_1 to 2024-05-02 00:00:00+00:00, run_after=2024-05-03 00:00:00+00:00
[2024-05-03T17:14:47.778+0000] {logging_mixin.py:188} INFO - [2024-05-03T17:14:47.778+0000] {dag.py:3954} INFO - Setting next_dagrun for dataset_produces_2 to None, run_after=None
[2024-05-03T17:14:47.792+0000] {processor.py:183} INFO - Processing /home/airflow/.local/lib/python3.12/site-packages/airflow/example_dags/example_datasets.py took 0.066 seconds
[2024-05-03T17:15:18.654+0000] {processor.py:161} INFO - Started process (PID=1301) to work on /home/airflow/.local/lib/python3.12/site-packages/airflow/example_dags/example_datasets.py
[2024-05-03T17:15:18.654+0000] {processor.py:830} INFO - Processing file /home/airflow/.local/lib/python3.12/site-packages/airflow/example_dags/example_datasets.py for tasks to queue
[2024-05-03T17:15:18.655+0000] {logging_mixin.py:188} INFO - [2024-05-03T17:15:18.655+0000] {dagbag.py:540} INFO - Filling up the DagBag from /home/airflow/.local/lib/python3.12/site-packages/airflow/example_dags/example_datasets.py
[2024-05-03T17:15:18.662+0000] {processor.py:840} INFO - DAG(s) 'conditional_dataset_and_time_based_timetable', 'dataset_produces_1', 'dataset_consumes_1_never_scheduled', 'consume_1_or_2_with_dataset_expressions', 'dataset_consumes_1', 'dataset_consumes_unknown_never_scheduled', 'consume_1_and_2_with_dataset_expressions', 'consume_1_or_both_2_and_3_with_dataset_expressions', 'dataset_produces_2', 'dataset_consumes_1_and_2' retrieved from /home/airflow/.local/lib/python3.12/site-packages/airflow/example_dags/example_datasets.py
[2024-05-03T17:15:18.686+0000] {logging_mixin.py:188} INFO - [2024-05-03T17:15:18.686+0000] {dag.py:3096} INFO - Sync 10 DAGs
[2024-05-03T17:15:18.699+0000] {logging_mixin.py:188} INFO - [2024-05-03T17:15:18.698+0000] {dag.py:3954} INFO - Setting next_dagrun for conditional_dataset_and_time_based_timetable to 2024-05-01 01:00:00+00:00, run_after=2024-05-01 01:00:00+00:00
[2024-05-03T17:15:18.701+0000] {logging_mixin.py:188} INFO - [2024-05-03T17:15:18.701+0000] {dag.py:3954} INFO - Setting next_dagrun for consume_1_and_2_with_dataset_expressions to None, run_after=None
[2024-05-03T17:15:18.702+0000] {logging_mixin.py:188} INFO - [2024-05-03T17:15:18.702+0000] {dag.py:3954} INFO - Setting next_dagrun for consume_1_or_2_with_dataset_expressions to None, run_after=None
[2024-05-03T17:15:18.703+0000] {logging_mixin.py:188} INFO - [2024-05-03T17:15:18.703+0000] {dag.py:3954} INFO - Setting next_dagrun for consume_1_or_both_2_and_3_with_dataset_expressions to None, run_after=None
[2024-05-03T17:15:18.704+0000] {logging_mixin.py:188} INFO - [2024-05-03T17:15:18.704+0000] {dag.py:3954} INFO - Setting next_dagrun for dataset_consumes_1 to None, run_after=None
[2024-05-03T17:15:18.704+0000] {logging_mixin.py:188} INFO - [2024-05-03T17:15:18.704+0000] {dag.py:3954} INFO - Setting next_dagrun for dataset_consumes_1_and_2 to None, run_after=None
[2024-05-03T17:15:18.705+0000] {logging_mixin.py:188} INFO - [2024-05-03T17:15:18.705+0000] {dag.py:3954} INFO - Setting next_dagrun for dataset_consumes_1_never_scheduled to None, run_after=None
[2024-05-03T17:15:18.706+0000] {logging_mixin.py:188} INFO - [2024-05-03T17:15:18.706+0000] {dag.py:3954} INFO - Setting next_dagrun for dataset_consumes_unknown_never_scheduled to None, run_after=None
[2024-05-03T17:15:18.707+0000] {logging_mixin.py:188} INFO - [2024-05-03T17:15:18.707+0000] {dag.py:3954} INFO - Setting next_dagrun for dataset_produces_1 to 2024-05-02 00:00:00+00:00, run_after=2024-05-03 00:00:00+00:00
[2024-05-03T17:15:18.707+0000] {logging_mixin.py:188} INFO - [2024-05-03T17:15:18.707+0000] {dag.py:3954} INFO - Setting next_dagrun for dataset_produces_2 to None, run_after=None
[2024-05-03T17:15:18.724+0000] {processor.py:183} INFO - Processing /home/airflow/.local/lib/python3.12/site-packages/airflow/example_dags/example_datasets.py took 0.074 seconds
[2024-05-03T17:15:48.770+0000] {processor.py:161} INFO - Started process (PID=1563) to work on /home/airflow/.local/lib/python3.12/site-packages/airflow/example_dags/example_datasets.py
[2024-05-03T17:15:48.770+0000] {processor.py:830} INFO - Processing file /home/airflow/.local/lib/python3.12/site-packages/airflow/example_dags/example_datasets.py for tasks to queue
[2024-05-03T17:15:48.771+0000] {logging_mixin.py:188} INFO - [2024-05-03T17:15:48.771+0000] {dagbag.py:540} INFO - Filling up the DagBag from /home/airflow/.local/lib/python3.12/site-packages/airflow/example_dags/example_datasets.py
[2024-05-03T17:15:48.778+0000] {processor.py:840} INFO - DAG(s) 'dataset_consumes_1', 'conditional_dataset_and_time_based_timetable', 'consume_1_or_both_2_and_3_with_dataset_expressions', 'dataset_consumes_1_never_scheduled', 'dataset_produces_2', 'consume_1_or_2_with_dataset_expressions', 'dataset_consumes_1_and_2', 'consume_1_and_2_with_dataset_expressions', 'dataset_produces_1', 'dataset_consumes_unknown_never_scheduled' retrieved from /home/airflow/.local/lib/python3.12/site-packages/airflow/example_dags/example_datasets.py
[2024-05-03T17:15:48.798+0000] {logging_mixin.py:188} INFO - [2024-05-03T17:15:48.798+0000] {dag.py:3096} INFO - Sync 10 DAGs
[2024-05-03T17:15:48.810+0000] {logging_mixin.py:188} INFO - [2024-05-03T17:15:48.810+0000] {dag.py:3954} INFO - Setting next_dagrun for conditional_dataset_and_time_based_timetable to 2024-05-01 01:00:00+00:00, run_after=2024-05-01 01:00:00+00:00
[2024-05-03T17:15:48.813+0000] {logging_mixin.py:188} INFO - [2024-05-03T17:15:48.813+0000] {dag.py:3954} INFO - Setting next_dagrun for consume_1_and_2_with_dataset_expressions to None, run_after=None
[2024-05-03T17:15:48.813+0000] {logging_mixin.py:188} INFO - [2024-05-03T17:15:48.813+0000] {dag.py:3954} INFO - Setting next_dagrun for consume_1_or_2_with_dataset_expressions to None, run_after=None
[2024-05-03T17:15:48.814+0000] {logging_mixin.py:188} INFO - [2024-05-03T17:15:48.814+0000] {dag.py:3954} INFO - Setting next_dagrun for consume_1_or_both_2_and_3_with_dataset_expressions to None, run_after=None
[2024-05-03T17:15:48.815+0000] {logging_mixin.py:188} INFO - [2024-05-03T17:15:48.815+0000] {dag.py:3954} INFO - Setting next_dagrun for dataset_consumes_1 to None, run_after=None
[2024-05-03T17:15:48.815+0000] {logging_mixin.py:188} INFO - [2024-05-03T17:15:48.815+0000] {dag.py:3954} INFO - Setting next_dagrun for dataset_consumes_1_and_2 to None, run_after=None
[2024-05-03T17:15:48.816+0000] {logging_mixin.py:188} INFO - [2024-05-03T17:15:48.816+0000] {dag.py:3954} INFO - Setting next_dagrun for dataset_consumes_1_never_scheduled to None, run_after=None
[2024-05-03T17:15:48.816+0000] {logging_mixin.py:188} INFO - [2024-05-03T17:15:48.816+0000] {dag.py:3954} INFO - Setting next_dagrun for dataset_consumes_unknown_never_scheduled to None, run_after=None
[2024-05-03T17:15:48.817+0000] {logging_mixin.py:188} INFO - [2024-05-03T17:15:48.817+0000] {dag.py:3954} INFO - Setting next_dagrun for dataset_produces_1 to 2024-05-02 00:00:00+00:00, run_after=2024-05-03 00:00:00+00:00
[2024-05-03T17:15:48.818+0000] {logging_mixin.py:188} INFO - [2024-05-03T17:15:48.818+0000] {dag.py:3954} INFO - Setting next_dagrun for dataset_produces_2 to None, run_after=None
[2024-05-03T17:15:48.832+0000] {processor.py:183} INFO - Processing /home/airflow/.local/lib/python3.12/site-packages/airflow/example_dags/example_datasets.py took 0.065 seconds
[2024-05-03T17:16:19.573+0000] {processor.py:161} INFO - Started process (PID=1825) to work on /home/airflow/.local/lib/python3.12/site-packages/airflow/example_dags/example_datasets.py
[2024-05-03T17:16:19.574+0000] {processor.py:830} INFO - Processing file /home/airflow/.local/lib/python3.12/site-packages/airflow/example_dags/example_datasets.py for tasks to queue
[2024-05-03T17:16:19.575+0000] {logging_mixin.py:188} INFO - [2024-05-03T17:16:19.575+0000] {dagbag.py:540} INFO - Filling up the DagBag from /home/airflow/.local/lib/python3.12/site-packages/airflow/example_dags/example_datasets.py
[2024-05-03T17:16:19.582+0000] {processor.py:840} INFO - DAG(s) 'dataset_consumes_1_never_scheduled', 'dataset_produces_2', 'dataset_consumes_1', 'consume_1_and_2_with_dataset_expressions', 'conditional_dataset_and_time_based_timetable', 'consume_1_or_2_with_dataset_expressions', 'consume_1_or_both_2_and_3_with_dataset_expressions', 'dataset_consumes_unknown_never_scheduled', 'dataset_produces_1', 'dataset_consumes_1_and_2' retrieved from /home/airflow/.local/lib/python3.12/site-packages/airflow/example_dags/example_datasets.py
[2024-05-03T17:16:19.603+0000] {logging_mixin.py:188} INFO - [2024-05-03T17:16:19.603+0000] {dag.py:3096} INFO - Sync 10 DAGs
[2024-05-03T17:16:19.615+0000] {logging_mixin.py:188} INFO - [2024-05-03T17:16:19.615+0000] {dag.py:3954} INFO - Setting next_dagrun for conditional_dataset_and_time_based_timetable to 2024-05-01 01:00:00+00:00, run_after=2024-05-01 01:00:00+00:00
[2024-05-03T17:16:19.617+0000] {logging_mixin.py:188} INFO - [2024-05-03T17:16:19.617+0000] {dag.py:3954} INFO - Setting next_dagrun for consume_1_and_2_with_dataset_expressions to None, run_after=None
[2024-05-03T17:16:19.618+0000] {logging_mixin.py:188} INFO - [2024-05-03T17:16:19.618+0000] {dag.py:3954} INFO - Setting next_dagrun for consume_1_or_2_with_dataset_expressions to None, run_after=None
[2024-05-03T17:16:19.618+0000] {logging_mixin.py:188} INFO - [2024-05-03T17:16:19.618+0000] {dag.py:3954} INFO - Setting next_dagrun for consume_1_or_both_2_and_3_with_dataset_expressions to None, run_after=None
[2024-05-03T17:16:19.619+0000] {logging_mixin.py:188} INFO - [2024-05-03T17:16:19.619+0000] {dag.py:3954} INFO - Setting next_dagrun for dataset_consumes_1 to None, run_after=None
[2024-05-03T17:16:19.620+0000] {logging_mixin.py:188} INFO - [2024-05-03T17:16:19.619+0000] {dag.py:3954} INFO - Setting next_dagrun for dataset_consumes_1_and_2 to None, run_after=None
[2024-05-03T17:16:19.620+0000] {logging_mixin.py:188} INFO - [2024-05-03T17:16:19.620+0000] {dag.py:3954} INFO - Setting next_dagrun for dataset_consumes_1_never_scheduled to None, run_after=None
[2024-05-03T17:16:19.621+0000] {logging_mixin.py:188} INFO - [2024-05-03T17:16:19.621+0000] {dag.py:3954} INFO - Setting next_dagrun for dataset_consumes_unknown_never_scheduled to None, run_after=None
[2024-05-03T17:16:19.622+0000] {logging_mixin.py:188} INFO - [2024-05-03T17:16:19.622+0000] {dag.py:3954} INFO - Setting next_dagrun for dataset_produces_1 to 2024-05-02 00:00:00+00:00, run_after=2024-05-03 00:00:00+00:00
[2024-05-03T17:16:19.623+0000] {logging_mixin.py:188} INFO - [2024-05-03T17:16:19.623+0000] {dag.py:3954} INFO - Setting next_dagrun for dataset_produces_2 to None, run_after=None
[2024-05-03T17:16:19.640+0000] {processor.py:183} INFO - Processing /home/airflow/.local/lib/python3.12/site-packages/airflow/example_dags/example_datasets.py took 0.070 seconds
[2024-05-03T17:16:50.426+0000] {processor.py:161} INFO - Started process (PID=2087) to work on /home/airflow/.local/lib/python3.12/site-packages/airflow/example_dags/example_datasets.py
[2024-05-03T17:16:50.427+0000] {processor.py:830} INFO - Processing file /home/airflow/.local/lib/python3.12/site-packages/airflow/example_dags/example_datasets.py for tasks to queue
[2024-05-03T17:16:50.428+0000] {logging_mixin.py:188} INFO - [2024-05-03T17:16:50.428+0000] {dagbag.py:540} INFO - Filling up the DagBag from /home/airflow/.local/lib/python3.12/site-packages/airflow/example_dags/example_datasets.py
[2024-05-03T17:16:50.435+0000] {processor.py:840} INFO - DAG(s) 'dataset_produces_2', 'dataset_produces_1', 'consume_1_or_both_2_and_3_with_dataset_expressions', 'conditional_dataset_and_time_based_timetable', 'dataset_consumes_1_never_scheduled', 'consume_1_and_2_with_dataset_expressions', 'dataset_consumes_unknown_never_scheduled', 'dataset_consumes_1_and_2', 'consume_1_or_2_with_dataset_expressions', 'dataset_consumes_1' retrieved from /home/airflow/.local/lib/python3.12/site-packages/airflow/example_dags/example_datasets.py
[2024-05-03T17:16:50.458+0000] {logging_mixin.py:188} INFO - [2024-05-03T17:16:50.458+0000] {dag.py:3096} INFO - Sync 10 DAGs
[2024-05-03T17:16:50.471+0000] {logging_mixin.py:188} INFO - [2024-05-03T17:16:50.470+0000] {dag.py:3954} INFO - Setting next_dagrun for conditional_dataset_and_time_based_timetable to 2024-05-01 01:00:00+00:00, run_after=2024-05-01 01:00:00+00:00
[2024-05-03T17:16:50.473+0000] {logging_mixin.py:188} INFO - [2024-05-03T17:16:50.473+0000] {dag.py:3954} INFO - Setting next_dagrun for consume_1_and_2_with_dataset_expressions to None, run_after=None
[2024-05-03T17:16:50.473+0000] {logging_mixin.py:188} INFO - [2024-05-03T17:16:50.473+0000] {dag.py:3954} INFO - Setting next_dagrun for consume_1_or_2_with_dataset_expressions to None, run_after=None
[2024-05-03T17:16:50.474+0000] {logging_mixin.py:188} INFO - [2024-05-03T17:16:50.474+0000] {dag.py:3954} INFO - Setting next_dagrun for consume_1_or_both_2_and_3_with_dataset_expressions to None, run_after=None
[2024-05-03T17:16:50.475+0000] {logging_mixin.py:188} INFO - [2024-05-03T17:16:50.475+0000] {dag.py:3954} INFO - Setting next_dagrun for dataset_consumes_1 to None, run_after=None
[2024-05-03T17:16:50.475+0000] {logging_mixin.py:188} INFO - [2024-05-03T17:16:50.475+0000] {dag.py:3954} INFO - Setting next_dagrun for dataset_consumes_1_and_2 to None, run_after=None
[2024-05-03T17:16:50.476+0000] {logging_mixin.py:188} INFO - [2024-05-03T17:16:50.476+0000] {dag.py:3954} INFO - Setting next_dagrun for dataset_consumes_1_never_scheduled to None, run_after=None
[2024-05-03T17:16:50.476+0000] {logging_mixin.py:188} INFO - [2024-05-03T17:16:50.476+0000] {dag.py:3954} INFO - Setting next_dagrun for dataset_consumes_unknown_never_scheduled to None, run_after=None
[2024-05-03T17:16:50.477+0000] {logging_mixin.py:188} INFO - [2024-05-03T17:16:50.477+0000] {dag.py:3954} INFO - Setting next_dagrun for dataset_produces_1 to 2024-05-02 00:00:00+00:00, run_after=2024-05-03 00:00:00+00:00
[2024-05-03T17:16:50.478+0000] {logging_mixin.py:188} INFO - [2024-05-03T17:16:50.478+0000] {dag.py:3954} INFO - Setting next_dagrun for dataset_produces_2 to None, run_after=None
[2024-05-03T17:16:50.491+0000] {processor.py:183} INFO - Processing /home/airflow/.local/lib/python3.12/site-packages/airflow/example_dags/example_datasets.py took 0.068 seconds
[2024-05-03T17:17:20.566+0000] {processor.py:161} INFO - Started process (PID=2349) to work on /home/airflow/.local/lib/python3.12/site-packages/airflow/example_dags/example_datasets.py
[2024-05-03T17:17:20.567+0000] {processor.py:830} INFO - Processing file /home/airflow/.local/lib/python3.12/site-packages/airflow/example_dags/example_datasets.py for tasks to queue
[2024-05-03T17:17:20.568+0000] {logging_mixin.py:188} INFO - [2024-05-03T17:17:20.568+0000] {dagbag.py:540} INFO - Filling up the DagBag from /home/airflow/.local/lib/python3.12/site-packages/airflow/example_dags/example_datasets.py
[2024-05-03T17:17:20.575+0000] {processor.py:840} INFO - DAG(s) 'dataset_consumes_1_and_2', 'conditional_dataset_and_time_based_timetable', 'consume_1_and_2_with_dataset_expressions', 'dataset_produces_2', 'dataset_consumes_1', 'dataset_consumes_unknown_never_scheduled', 'consume_1_or_2_with_dataset_expressions', 'consume_1_or_both_2_and_3_with_dataset_expressions', 'dataset_consumes_1_never_scheduled', 'dataset_produces_1' retrieved from /home/airflow/.local/lib/python3.12/site-packages/airflow/example_dags/example_datasets.py
[2024-05-03T17:17:20.599+0000] {logging_mixin.py:188} INFO - [2024-05-03T17:17:20.599+0000] {dag.py:3096} INFO - Sync 10 DAGs
[2024-05-03T17:17:20.613+0000] {logging_mixin.py:188} INFO - [2024-05-03T17:17:20.613+0000] {dag.py:3954} INFO - Setting next_dagrun for conditional_dataset_and_time_based_timetable to 2024-05-01 01:00:00+00:00, run_after=2024-05-01 01:00:00+00:00
[2024-05-03T17:17:20.615+0000] {logging_mixin.py:188} INFO - [2024-05-03T17:17:20.615+0000] {dag.py:3954} INFO - Setting next_dagrun for consume_1_and_2_with_dataset_expressions to None, run_after=None
[2024-05-03T17:17:20.616+0000] {logging_mixin.py:188} INFO - [2024-05-03T17:17:20.616+0000] {dag.py:3954} INFO - Setting next_dagrun for consume_1_or_2_with_dataset_expressions to None, run_after=None
[2024-05-03T17:17:20.617+0000] {logging_mixin.py:188} INFO - [2024-05-03T17:17:20.617+0000] {dag.py:3954} INFO - Setting next_dagrun for consume_1_or_both_2_and_3_with_dataset_expressions to None, run_after=None
[2024-05-03T17:17:20.617+0000] {logging_mixin.py:188} INFO - [2024-05-03T17:17:20.617+0000] {dag.py:3954} INFO - Setting next_dagrun for dataset_consumes_1 to None, run_after=None
[2024-05-03T17:17:20.618+0000] {logging_mixin.py:188} INFO - [2024-05-03T17:17:20.618+0000] {dag.py:3954} INFO - Setting next_dagrun for dataset_consumes_1_and_2 to None, run_after=None
[2024-05-03T17:17:20.619+0000] {logging_mixin.py:188} INFO - [2024-05-03T17:17:20.619+0000] {dag.py:3954} INFO - Setting next_dagrun for dataset_consumes_1_never_scheduled to None, run_after=None
[2024-05-03T17:17:20.619+0000] {logging_mixin.py:188} INFO - [2024-05-03T17:17:20.619+0000] {dag.py:3954} INFO - Setting next_dagrun for dataset_consumes_unknown_never_scheduled to None, run_after=None
[2024-05-03T17:17:20.621+0000] {logging_mixin.py:188} INFO - [2024-05-03T17:17:20.620+0000] {dag.py:3954} INFO - Setting next_dagrun for dataset_produces_1 to 2024-05-02 00:00:00+00:00, run_after=2024-05-03 00:00:00+00:00
[2024-05-03T17:17:20.621+0000] {logging_mixin.py:188} INFO - [2024-05-03T17:17:20.621+0000] {dag.py:3954} INFO - Setting next_dagrun for dataset_produces_2 to None, run_after=None
[2024-05-03T17:17:20.637+0000] {processor.py:183} INFO - Processing /home/airflow/.local/lib/python3.12/site-packages/airflow/example_dags/example_datasets.py took 0.074 seconds
[2024-05-03T17:17:51.471+0000] {processor.py:161} INFO - Started process (PID=2611) to work on /home/airflow/.local/lib/python3.12/site-packages/airflow/example_dags/example_datasets.py
[2024-05-03T17:17:51.472+0000] {processor.py:830} INFO - Processing file /home/airflow/.local/lib/python3.12/site-packages/airflow/example_dags/example_datasets.py for tasks to queue
[2024-05-03T17:17:51.473+0000] {logging_mixin.py:188} INFO - [2024-05-03T17:17:51.472+0000] {dagbag.py:540} INFO - Filling up the DagBag from /home/airflow/.local/lib/python3.12/site-packages/airflow/example_dags/example_datasets.py
[2024-05-03T17:17:51.480+0000] {processor.py:840} INFO - DAG(s) 'consume_1_or_both_2_and_3_with_dataset_expressions', 'conditional_dataset_and_time_based_timetable', 'consume_1_and_2_with_dataset_expressions', 'dataset_consumes_1_and_2', 'dataset_produces_1', 'consume_1_or_2_with_dataset_expressions', 'dataset_consumes_unknown_never_scheduled', 'dataset_produces_2', 'dataset_consumes_1_never_scheduled', 'dataset_consumes_1' retrieved from /home/airflow/.local/lib/python3.12/site-packages/airflow/example_dags/example_datasets.py
[2024-05-03T17:17:51.505+0000] {logging_mixin.py:188} INFO - [2024-05-03T17:17:51.504+0000] {dag.py:3096} INFO - Sync 10 DAGs
[2024-05-03T17:17:51.519+0000] {logging_mixin.py:188} INFO - [2024-05-03T17:17:51.519+0000] {dag.py:3954} INFO - Setting next_dagrun for conditional_dataset_and_time_based_timetable to 2024-05-01 01:00:00+00:00, run_after=2024-05-01 01:00:00+00:00
[2024-05-03T17:17:51.521+0000] {logging_mixin.py:188} INFO - [2024-05-03T17:17:51.521+0000] {dag.py:3954} INFO - Setting next_dagrun for consume_1_and_2_with_dataset_expressions to None, run_after=None
[2024-05-03T17:17:51.522+0000] {logging_mixin.py:188} INFO - [2024-05-03T17:17:51.522+0000] {dag.py:3954} INFO - Setting next_dagrun for consume_1_or_2_with_dataset_expressions to None, run_after=None
[2024-05-03T17:17:51.523+0000] {logging_mixin.py:188} INFO - [2024-05-03T17:17:51.523+0000] {dag.py:3954} INFO - Setting next_dagrun for consume_1_or_both_2_and_3_with_dataset_expressions to None, run_after=None
[2024-05-03T17:17:51.524+0000] {logging_mixin.py:188} INFO - [2024-05-03T17:17:51.524+0000] {dag.py:3954} INFO - Setting next_dagrun for dataset_consumes_1 to None, run_after=None
[2024-05-03T17:17:51.524+0000] {logging_mixin.py:188} INFO - [2024-05-03T17:17:51.524+0000] {dag.py:3954} INFO - Setting next_dagrun for dataset_consumes_1_and_2 to None, run_after=None
[2024-05-03T17:17:51.525+0000] {logging_mixin.py:188} INFO - [2024-05-03T17:17:51.525+0000] {dag.py:3954} INFO - Setting next_dagrun for dataset_consumes_1_never_scheduled to None, run_after=None
[2024-05-03T17:17:51.527+0000] {logging_mixin.py:188} INFO - [2024-05-03T17:17:51.526+0000] {dag.py:3954} INFO - Setting next_dagrun for dataset_consumes_unknown_never_scheduled to None, run_after=None
[2024-05-03T17:17:51.528+0000] {logging_mixin.py:188} INFO - [2024-05-03T17:17:51.528+0000] {dag.py:3954} INFO - Setting next_dagrun for dataset_produces_1 to 2024-05-02 00:00:00+00:00, run_after=2024-05-03 00:00:00+00:00
[2024-05-03T17:17:51.528+0000] {logging_mixin.py:188} INFO - [2024-05-03T17:17:51.528+0000] {dag.py:3954} INFO - Setting next_dagrun for dataset_produces_2 to None, run_after=None
[2024-05-03T17:17:51.545+0000] {processor.py:183} INFO - Processing /home/airflow/.local/lib/python3.12/site-packages/airflow/example_dags/example_datasets.py took 0.077 seconds
[2024-05-03T17:18:21.759+0000] {processor.py:161} INFO - Started process (PID=2874) to work on /home/airflow/.local/lib/python3.12/site-packages/airflow/example_dags/example_datasets.py
[2024-05-03T17:18:21.759+0000] {processor.py:830} INFO - Processing file /home/airflow/.local/lib/python3.12/site-packages/airflow/example_dags/example_datasets.py for tasks to queue
[2024-05-03T17:18:21.761+0000] {logging_mixin.py:188} INFO - [2024-05-03T17:18:21.760+0000] {dagbag.py:540} INFO - Filling up the DagBag from /home/airflow/.local/lib/python3.12/site-packages/airflow/example_dags/example_datasets.py
[2024-05-03T17:18:21.767+0000] {processor.py:840} INFO - DAG(s) 'dataset_consumes_1_never_scheduled', 'dataset_produces_2', 'consume_1_and_2_with_dataset_expressions', 'dataset_consumes_1', 'dataset_consumes_unknown_never_scheduled', 'dataset_consumes_1_and_2', 'conditional_dataset_and_time_based_timetable', 'consume_1_or_both_2_and_3_with_dataset_expressions', 'dataset_produces_1', 'consume_1_or_2_with_dataset_expressions' retrieved from /home/airflow/.local/lib/python3.12/site-packages/airflow/example_dags/example_datasets.py
[2024-05-03T17:18:21.791+0000] {logging_mixin.py:188} INFO - [2024-05-03T17:18:21.791+0000] {dag.py:3096} INFO - Sync 10 DAGs
[2024-05-03T17:18:21.803+0000] {logging_mixin.py:188} INFO - [2024-05-03T17:18:21.803+0000] {dag.py:3954} INFO - Setting next_dagrun for conditional_dataset_and_time_based_timetable to 2024-05-01 01:00:00+00:00, run_after=2024-05-01 01:00:00+00:00
[2024-05-03T17:18:21.806+0000] {logging_mixin.py:188} INFO - [2024-05-03T17:18:21.806+0000] {dag.py:3954} INFO - Setting next_dagrun for consume_1_and_2_with_dataset_expressions to None, run_after=None
[2024-05-03T17:18:21.807+0000] {logging_mixin.py:188} INFO - [2024-05-03T17:18:21.807+0000] {dag.py:3954} INFO - Setting next_dagrun for consume_1_or_2_with_dataset_expressions to None, run_after=None
[2024-05-03T17:18:21.808+0000] {logging_mixin.py:188} INFO - [2024-05-03T17:18:21.808+0000] {dag.py:3954} INFO - Setting next_dagrun for consume_1_or_both_2_and_3_with_dataset_expressions to None, run_after=None
[2024-05-03T17:18:21.808+0000] {logging_mixin.py:188} INFO - [2024-05-03T17:18:21.808+0000] {dag.py:3954} INFO - Setting next_dagrun for dataset_consumes_1 to None, run_after=None
[2024-05-03T17:18:21.809+0000] {logging_mixin.py:188} INFO - [2024-05-03T17:18:21.809+0000] {dag.py:3954} INFO - Setting next_dagrun for dataset_consumes_1_and_2 to None, run_after=None
[2024-05-03T17:18:21.810+0000] {logging_mixin.py:188} INFO - [2024-05-03T17:18:21.810+0000] {dag.py:3954} INFO - Setting next_dagrun for dataset_consumes_1_never_scheduled to None, run_after=None
[2024-05-03T17:18:21.811+0000] {logging_mixin.py:188} INFO - [2024-05-03T17:18:21.811+0000] {dag.py:3954} INFO - Setting next_dagrun for dataset_consumes_unknown_never_scheduled to None, run_after=None
[2024-05-03T17:18:21.812+0000] {logging_mixin.py:188} INFO - [2024-05-03T17:18:21.812+0000] {dag.py:3954} INFO - Setting next_dagrun for dataset_produces_1 to 2024-05-02 00:00:00+00:00, run_after=2024-05-03 00:00:00+00:00
[2024-05-03T17:18:21.812+0000] {logging_mixin.py:188} INFO - [2024-05-03T17:18:21.812+0000] {dag.py:3954} INFO - Setting next_dagrun for dataset_produces_2 to None, run_after=None
[2024-05-03T17:18:21.829+0000] {processor.py:183} INFO - Processing /home/airflow/.local/lib/python3.12/site-packages/airflow/example_dags/example_datasets.py took 0.074 seconds
[2024-05-03T17:18:51.867+0000] {processor.py:161} INFO - Started process (PID=3141) to work on /home/airflow/.local/lib/python3.12/site-packages/airflow/example_dags/example_datasets.py
[2024-05-03T17:18:51.868+0000] {processor.py:830} INFO - Processing file /home/airflow/.local/lib/python3.12/site-packages/airflow/example_dags/example_datasets.py for tasks to queue
[2024-05-03T17:18:51.869+0000] {logging_mixin.py:188} INFO - [2024-05-03T17:18:51.869+0000] {dagbag.py:540} INFO - Filling up the DagBag from /home/airflow/.local/lib/python3.12/site-packages/airflow/example_dags/example_datasets.py
[2024-05-03T17:18:51.876+0000] {processor.py:840} INFO - DAG(s) 'consume_1_or_2_with_dataset_expressions', 'consume_1_or_both_2_and_3_with_dataset_expressions', 'conditional_dataset_and_time_based_timetable', 'dataset_consumes_1_and_2', 'dataset_consumes_1', 'consume_1_and_2_with_dataset_expressions', 'dataset_consumes_unknown_never_scheduled', 'dataset_produces_1', 'dataset_consumes_1_never_scheduled', 'dataset_produces_2' retrieved from /home/airflow/.local/lib/python3.12/site-packages/airflow/example_dags/example_datasets.py
[2024-05-03T17:18:51.886+0000] {logging_mixin.py:188} INFO - [2024-05-03T17:18:51.886+0000] {dag.py:3096} INFO - Sync 10 DAGs
[2024-05-03T17:18:51.898+0000] {logging_mixin.py:188} INFO - [2024-05-03T17:18:51.898+0000] {dag.py:3954} INFO - Setting next_dagrun for conditional_dataset_and_time_based_timetable to 2024-05-01 01:00:00+00:00, run_after=2024-05-01 01:00:00+00:00
[2024-05-03T17:18:51.901+0000] {logging_mixin.py:188} INFO - [2024-05-03T17:18:51.900+0000] {dag.py:3954} INFO - Setting next_dagrun for consume_1_and_2_with_dataset_expressions to None, run_after=None
[2024-05-03T17:18:51.902+0000] {logging_mixin.py:188} INFO - [2024-05-03T17:18:51.902+0000] {dag.py:3954} INFO - Setting next_dagrun for consume_1_or_2_with_dataset_expressions to None, run_after=None
[2024-05-03T17:18:51.903+0000] {logging_mixin.py:188} INFO - [2024-05-03T17:18:51.903+0000] {dag.py:3954} INFO - Setting next_dagrun for consume_1_or_both_2_and_3_with_dataset_expressions to None, run_after=None
[2024-05-03T17:18:51.903+0000] {logging_mixin.py:188} INFO - [2024-05-03T17:18:51.903+0000] {dag.py:3954} INFO - Setting next_dagrun for dataset_consumes_1 to None, run_after=None
[2024-05-03T17:18:51.904+0000] {logging_mixin.py:188} INFO - [2024-05-03T17:18:51.904+0000] {dag.py:3954} INFO - Setting next_dagrun for dataset_consumes_1_and_2 to None, run_after=None
[2024-05-03T17:18:51.905+0000] {logging_mixin.py:188} INFO - [2024-05-03T17:18:51.905+0000] {dag.py:3954} INFO - Setting next_dagrun for dataset_consumes_1_never_scheduled to None, run_after=None
[2024-05-03T17:18:51.905+0000] {logging_mixin.py:188} INFO - [2024-05-03T17:18:51.905+0000] {dag.py:3954} INFO - Setting next_dagrun for dataset_consumes_unknown_never_scheduled to None, run_after=None
[2024-05-03T17:18:51.906+0000] {logging_mixin.py:188} INFO - [2024-05-03T17:18:51.906+0000] {dag.py:3954} INFO - Setting next_dagrun for dataset_produces_1 to 2024-05-02 00:00:00+00:00, run_after=2024-05-03 00:00:00+00:00
[2024-05-03T17:18:51.907+0000] {logging_mixin.py:188} INFO - [2024-05-03T17:18:51.907+0000] {dag.py:3954} INFO - Setting next_dagrun for dataset_produces_2 to None, run_after=None
[2024-05-03T17:18:51.924+0000] {processor.py:183} INFO - Processing /home/airflow/.local/lib/python3.12/site-packages/airflow/example_dags/example_datasets.py took 0.061 seconds
[2024-05-03T17:19:22.606+0000] {processor.py:161} INFO - Started process (PID=3400) to work on /home/airflow/.local/lib/python3.12/site-packages/airflow/example_dags/example_datasets.py
[2024-05-03T17:19:22.607+0000] {processor.py:830} INFO - Processing file /home/airflow/.local/lib/python3.12/site-packages/airflow/example_dags/example_datasets.py for tasks to queue
[2024-05-03T17:19:22.608+0000] {logging_mixin.py:188} INFO - [2024-05-03T17:19:22.608+0000] {dagbag.py:540} INFO - Filling up the DagBag from /home/airflow/.local/lib/python3.12/site-packages/airflow/example_dags/example_datasets.py
[2024-05-03T17:19:22.615+0000] {processor.py:840} INFO - DAG(s) 'conditional_dataset_and_time_based_timetable', 'consume_1_and_2_with_dataset_expressions', 'dataset_consumes_1_and_2', 'consume_1_or_2_with_dataset_expressions', 'consume_1_or_both_2_and_3_with_dataset_expressions', 'dataset_consumes_unknown_never_scheduled', 'dataset_consumes_1', 'dataset_produces_1', 'dataset_consumes_1_never_scheduled', 'dataset_produces_2' retrieved from /home/airflow/.local/lib/python3.12/site-packages/airflow/example_dags/example_datasets.py
[2024-05-03T17:19:22.702+0000] {logging_mixin.py:188} INFO - [2024-05-03T17:19:22.702+0000] {dag.py:3096} INFO - Sync 10 DAGs
[2024-05-03T17:19:22.712+0000] {logging_mixin.py:188} INFO - [2024-05-03T17:19:22.712+0000] {dag.py:3954} INFO - Setting next_dagrun for conditional_dataset_and_time_based_timetable to 2024-05-01 01:00:00+00:00, run_after=2024-05-01 01:00:00+00:00
[2024-05-03T17:19:22.714+0000] {logging_mixin.py:188} INFO - [2024-05-03T17:19:22.714+0000] {dag.py:3954} INFO - Setting next_dagrun for consume_1_and_2_with_dataset_expressions to None, run_after=None
[2024-05-03T17:19:22.714+0000] {logging_mixin.py:188} INFO - [2024-05-03T17:19:22.714+0000] {dag.py:3954} INFO - Setting next_dagrun for consume_1_or_2_with_dataset_expressions to None, run_after=None
[2024-05-03T17:19:22.716+0000] {logging_mixin.py:188} INFO - [2024-05-03T17:19:22.716+0000] {dag.py:3954} INFO - Setting next_dagrun for consume_1_or_both_2_and_3_with_dataset_expressions to None, run_after=None
[2024-05-03T17:19:22.716+0000] {logging_mixin.py:188} INFO - [2024-05-03T17:19:22.716+0000] {dag.py:3954} INFO - Setting next_dagrun for dataset_consumes_1 to None, run_after=None
[2024-05-03T17:19:22.717+0000] {logging_mixin.py:188} INFO - [2024-05-03T17:19:22.717+0000] {dag.py:3954} INFO - Setting next_dagrun for dataset_consumes_1_and_2 to None, run_after=None
[2024-05-03T17:19:22.718+0000] {logging_mixin.py:188} INFO - [2024-05-03T17:19:22.717+0000] {dag.py:3954} INFO - Setting next_dagrun for dataset_consumes_1_never_scheduled to None, run_after=None
[2024-05-03T17:19:22.718+0000] {logging_mixin.py:188} INFO - [2024-05-03T17:19:22.718+0000] {dag.py:3954} INFO - Setting next_dagrun for dataset_consumes_unknown_never_scheduled to None, run_after=None
[2024-05-03T17:19:22.719+0000] {logging_mixin.py:188} INFO - [2024-05-03T17:19:22.719+0000] {dag.py:3954} INFO - Setting next_dagrun for dataset_produces_1 to 2024-05-02 00:00:00+00:00, run_after=2024-05-03 00:00:00+00:00
[2024-05-03T17:19:22.720+0000] {logging_mixin.py:188} INFO - [2024-05-03T17:19:22.720+0000] {dag.py:3954} INFO - Setting next_dagrun for dataset_produces_2 to None, run_after=None
[2024-05-03T17:19:22.825+0000] {processor.py:183} INFO - Processing /home/airflow/.local/lib/python3.12/site-packages/airflow/example_dags/example_datasets.py took 0.223 seconds
[2024-05-03T17:19:53.033+0000] {processor.py:161} INFO - Started process (PID=3659) to work on /home/airflow/.local/lib/python3.12/site-packages/airflow/example_dags/example_datasets.py
[2024-05-03T17:19:53.033+0000] {processor.py:830} INFO - Processing file /home/airflow/.local/lib/python3.12/site-packages/airflow/example_dags/example_datasets.py for tasks to queue
[2024-05-03T17:19:53.034+0000] {logging_mixin.py:188} INFO - [2024-05-03T17:19:53.034+0000] {dagbag.py:540} INFO - Filling up the DagBag from /home/airflow/.local/lib/python3.12/site-packages/airflow/example_dags/example_datasets.py
[2024-05-03T17:19:53.040+0000] {processor.py:840} INFO - DAG(s) 'dataset_produces_2', 'dataset_consumes_1_and_2', 'dataset_consumes_unknown_never_scheduled', 'consume_1_and_2_with_dataset_expressions', 'consume_1_or_2_with_dataset_expressions', 'dataset_produces_1', 'conditional_dataset_and_time_based_timetable', 'consume_1_or_both_2_and_3_with_dataset_expressions', 'dataset_consumes_1_never_scheduled', 'dataset_consumes_1' retrieved from /home/airflow/.local/lib/python3.12/site-packages/airflow/example_dags/example_datasets.py
[2024-05-03T17:19:53.061+0000] {logging_mixin.py:188} INFO - [2024-05-03T17:19:53.060+0000] {dag.py:3096} INFO - Sync 10 DAGs
[2024-05-03T17:19:53.072+0000] {logging_mixin.py:188} INFO - [2024-05-03T17:19:53.072+0000] {dag.py:3954} INFO - Setting next_dagrun for conditional_dataset_and_time_based_timetable to 2024-05-01 01:00:00+00:00, run_after=2024-05-01 01:00:00+00:00
[2024-05-03T17:19:53.074+0000] {logging_mixin.py:188} INFO - [2024-05-03T17:19:53.074+0000] {dag.py:3954} INFO - Setting next_dagrun for consume_1_and_2_with_dataset_expressions to None, run_after=None
[2024-05-03T17:19:53.075+0000] {logging_mixin.py:188} INFO - [2024-05-03T17:19:53.075+0000] {dag.py:3954} INFO - Setting next_dagrun for consume_1_or_2_with_dataset_expressions to None, run_after=None
[2024-05-03T17:19:53.075+0000] {logging_mixin.py:188} INFO - [2024-05-03T17:19:53.075+0000] {dag.py:3954} INFO - Setting next_dagrun for consume_1_or_both_2_and_3_with_dataset_expressions to None, run_after=None
[2024-05-03T17:19:53.076+0000] {logging_mixin.py:188} INFO - [2024-05-03T17:19:53.076+0000] {dag.py:3954} INFO - Setting next_dagrun for dataset_consumes_1 to None, run_after=None
[2024-05-03T17:19:53.076+0000] {logging_mixin.py:188} INFO - [2024-05-03T17:19:53.076+0000] {dag.py:3954} INFO - Setting next_dagrun for dataset_consumes_1_and_2 to None, run_after=None
[2024-05-03T17:19:53.077+0000] {logging_mixin.py:188} INFO - [2024-05-03T17:19:53.077+0000] {dag.py:3954} INFO - Setting next_dagrun for dataset_consumes_1_never_scheduled to None, run_after=None
[2024-05-03T17:19:53.078+0000] {logging_mixin.py:188} INFO - [2024-05-03T17:19:53.078+0000] {dag.py:3954} INFO - Setting next_dagrun for dataset_consumes_unknown_never_scheduled to None, run_after=None
[2024-05-03T17:19:53.079+0000] {logging_mixin.py:188} INFO - [2024-05-03T17:19:53.079+0000] {dag.py:3954} INFO - Setting next_dagrun for dataset_produces_1 to 2024-05-02 00:00:00+00:00, run_after=2024-05-03 00:00:00+00:00
[2024-05-03T17:19:53.079+0000] {logging_mixin.py:188} INFO - [2024-05-03T17:19:53.079+0000] {dag.py:3954} INFO - Setting next_dagrun for dataset_produces_2 to None, run_after=None
[2024-05-03T17:19:53.094+0000] {processor.py:183} INFO - Processing /home/airflow/.local/lib/python3.12/site-packages/airflow/example_dags/example_datasets.py took 0.065 seconds
[2024-05-03T17:20:23.136+0000] {processor.py:161} INFO - Started process (PID=3919) to work on /home/airflow/.local/lib/python3.12/site-packages/airflow/example_dags/example_datasets.py
[2024-05-03T17:20:23.137+0000] {processor.py:830} INFO - Processing file /home/airflow/.local/lib/python3.12/site-packages/airflow/example_dags/example_datasets.py for tasks to queue
[2024-05-03T17:20:23.139+0000] {logging_mixin.py:188} INFO - [2024-05-03T17:20:23.139+0000] {dagbag.py:540} INFO - Filling up the DagBag from /home/airflow/.local/lib/python3.12/site-packages/airflow/example_dags/example_datasets.py
[2024-05-03T17:20:23.145+0000] {processor.py:840} INFO - DAG(s) 'dataset_produces_2', 'consume_1_or_both_2_and_3_with_dataset_expressions', 'dataset_produces_1', 'dataset_consumes_unknown_never_scheduled', 'dataset_consumes_1_and_2', 'dataset_consumes_1_never_scheduled', 'dataset_consumes_1', 'conditional_dataset_and_time_based_timetable', 'consume_1_or_2_with_dataset_expressions', 'consume_1_and_2_with_dataset_expressions' retrieved from /home/airflow/.local/lib/python3.12/site-packages/airflow/example_dags/example_datasets.py
[2024-05-03T17:20:23.166+0000] {logging_mixin.py:188} INFO - [2024-05-03T17:20:23.166+0000] {dag.py:3096} INFO - Sync 10 DAGs
[2024-05-03T17:20:23.179+0000] {logging_mixin.py:188} INFO - [2024-05-03T17:20:23.179+0000] {dag.py:3954} INFO - Setting next_dagrun for conditional_dataset_and_time_based_timetable to 2024-05-01 01:00:00+00:00, run_after=2024-05-01 01:00:00+00:00
[2024-05-03T17:20:23.181+0000] {logging_mixin.py:188} INFO - [2024-05-03T17:20:23.181+0000] {dag.py:3954} INFO - Setting next_dagrun for consume_1_and_2_with_dataset_expressions to None, run_after=None
[2024-05-03T17:20:23.183+0000] {logging_mixin.py:188} INFO - [2024-05-03T17:20:23.182+0000] {dag.py:3954} INFO - Setting next_dagrun for consume_1_or_2_with_dataset_expressions to None, run_after=None
[2024-05-03T17:20:23.184+0000] {logging_mixin.py:188} INFO - [2024-05-03T17:20:23.184+0000] {dag.py:3954} INFO - Setting next_dagrun for consume_1_or_both_2_and_3_with_dataset_expressions to None, run_after=None
[2024-05-03T17:20:23.185+0000] {logging_mixin.py:188} INFO - [2024-05-03T17:20:23.184+0000] {dag.py:3954} INFO - Setting next_dagrun for dataset_consumes_1 to None, run_after=None
[2024-05-03T17:20:23.185+0000] {logging_mixin.py:188} INFO - [2024-05-03T17:20:23.185+0000] {dag.py:3954} INFO - Setting next_dagrun for dataset_consumes_1_and_2 to None, run_after=None
[2024-05-03T17:20:23.188+0000] {logging_mixin.py:188} INFO - [2024-05-03T17:20:23.188+0000] {dag.py:3954} INFO - Setting next_dagrun for dataset_consumes_1_never_scheduled to None, run_after=None
[2024-05-03T17:20:23.189+0000] {logging_mixin.py:188} INFO - [2024-05-03T17:20:23.189+0000] {dag.py:3954} INFO - Setting next_dagrun for dataset_consumes_unknown_never_scheduled to None, run_after=None
[2024-05-03T17:20:23.190+0000] {logging_mixin.py:188} INFO - [2024-05-03T17:20:23.190+0000] {dag.py:3954} INFO - Setting next_dagrun for dataset_produces_1 to 2024-05-02 00:00:00+00:00, run_after=2024-05-03 00:00:00+00:00
[2024-05-03T17:20:23.190+0000] {logging_mixin.py:188} INFO - [2024-05-03T17:20:23.190+0000] {dag.py:3954} INFO - Setting next_dagrun for dataset_produces_2 to None, run_after=None
[2024-05-03T17:20:23.205+0000] {processor.py:183} INFO - Processing /home/airflow/.local/lib/python3.12/site-packages/airflow/example_dags/example_datasets.py took 0.072 seconds
[2024-05-03T17:20:53.234+0000] {processor.py:161} INFO - Started process (PID=4181) to work on /home/airflow/.local/lib/python3.12/site-packages/airflow/example_dags/example_datasets.py
[2024-05-03T17:20:53.235+0000] {processor.py:830} INFO - Processing file /home/airflow/.local/lib/python3.12/site-packages/airflow/example_dags/example_datasets.py for tasks to queue
[2024-05-03T17:20:53.236+0000] {logging_mixin.py:188} INFO - [2024-05-03T17:20:53.236+0000] {dagbag.py:540} INFO - Filling up the DagBag from /home/airflow/.local/lib/python3.12/site-packages/airflow/example_dags/example_datasets.py
[2024-05-03T17:20:53.243+0000] {processor.py:840} INFO - DAG(s) 'consume_1_or_both_2_and_3_with_dataset_expressions', 'dataset_produces_2', 'dataset_consumes_1_and_2', 'dataset_consumes_1', 'dataset_consumes_unknown_never_scheduled', 'conditional_dataset_and_time_based_timetable', 'dataset_produces_1', 'consume_1_and_2_with_dataset_expressions', 'consume_1_or_2_with_dataset_expressions', 'dataset_consumes_1_never_scheduled' retrieved from /home/airflow/.local/lib/python3.12/site-packages/airflow/example_dags/example_datasets.py
[2024-05-03T17:20:53.262+0000] {logging_mixin.py:188} INFO - [2024-05-03T17:20:53.262+0000] {dag.py:3096} INFO - Sync 10 DAGs
[2024-05-03T17:20:53.274+0000] {logging_mixin.py:188} INFO - [2024-05-03T17:20:53.274+0000] {dag.py:3954} INFO - Setting next_dagrun for conditional_dataset_and_time_based_timetable to 2024-05-01 01:00:00+00:00, run_after=2024-05-01 01:00:00+00:00
[2024-05-03T17:20:53.276+0000] {logging_mixin.py:188} INFO - [2024-05-03T17:20:53.276+0000] {dag.py:3954} INFO - Setting next_dagrun for consume_1_and_2_with_dataset_expressions to None, run_after=None
[2024-05-03T17:20:53.276+0000] {logging_mixin.py:188} INFO - [2024-05-03T17:20:53.276+0000] {dag.py:3954} INFO - Setting next_dagrun for consume_1_or_2_with_dataset_expressions to None, run_after=None
[2024-05-03T17:20:53.277+0000] {logging_mixin.py:188} INFO - [2024-05-03T17:20:53.277+0000] {dag.py:3954} INFO - Setting next_dagrun for consume_1_or_both_2_and_3_with_dataset_expressions to None, run_after=None
[2024-05-03T17:20:53.278+0000] {logging_mixin.py:188} INFO - [2024-05-03T17:20:53.278+0000] {dag.py:3954} INFO - Setting next_dagrun for dataset_consumes_1 to None, run_after=None
[2024-05-03T17:20:53.278+0000] {logging_mixin.py:188} INFO - [2024-05-03T17:20:53.278+0000] {dag.py:3954} INFO - Setting next_dagrun for dataset_consumes_1_and_2 to None, run_after=None
[2024-05-03T17:20:53.279+0000] {logging_mixin.py:188} INFO - [2024-05-03T17:20:53.279+0000] {dag.py:3954} INFO - Setting next_dagrun for dataset_consumes_1_never_scheduled to None, run_after=None
[2024-05-03T17:20:53.280+0000] {logging_mixin.py:188} INFO - [2024-05-03T17:20:53.280+0000] {dag.py:3954} INFO - Setting next_dagrun for dataset_consumes_unknown_never_scheduled to None, run_after=None
[2024-05-03T17:20:53.281+0000] {logging_mixin.py:188} INFO - [2024-05-03T17:20:53.281+0000] {dag.py:3954} INFO - Setting next_dagrun for dataset_produces_1 to 2024-05-02 00:00:00+00:00, run_after=2024-05-03 00:00:00+00:00
[2024-05-03T17:20:53.281+0000] {logging_mixin.py:188} INFO - [2024-05-03T17:20:53.281+0000] {dag.py:3954} INFO - Setting next_dagrun for dataset_produces_2 to None, run_after=None
[2024-05-03T17:20:53.295+0000] {processor.py:183} INFO - Processing /home/airflow/.local/lib/python3.12/site-packages/airflow/example_dags/example_datasets.py took 0.064 seconds
[2024-05-03T17:21:24.196+0000] {processor.py:161} INFO - Started process (PID=4445) to work on /home/airflow/.local/lib/python3.12/site-packages/airflow/example_dags/example_datasets.py
[2024-05-03T17:21:24.197+0000] {processor.py:830} INFO - Processing file /home/airflow/.local/lib/python3.12/site-packages/airflow/example_dags/example_datasets.py for tasks to queue
[2024-05-03T17:21:24.198+0000] {logging_mixin.py:188} INFO - [2024-05-03T17:21:24.198+0000] {dagbag.py:540} INFO - Filling up the DagBag from /home/airflow/.local/lib/python3.12/site-packages/airflow/example_dags/example_datasets.py
[2024-05-03T17:21:24.205+0000] {processor.py:840} INFO - DAG(s) 'dataset_consumes_1_and_2', 'consume_1_and_2_with_dataset_expressions', 'conditional_dataset_and_time_based_timetable', 'dataset_produces_1', 'dataset_produces_2', 'dataset_consumes_1', 'consume_1_or_2_with_dataset_expressions', 'consume_1_or_both_2_and_3_with_dataset_expressions', 'dataset_consumes_unknown_never_scheduled', 'dataset_consumes_1_never_scheduled' retrieved from /home/airflow/.local/lib/python3.12/site-packages/airflow/example_dags/example_datasets.py
[2024-05-03T17:21:24.224+0000] {logging_mixin.py:188} INFO - [2024-05-03T17:21:24.224+0000] {dag.py:3096} INFO - Sync 10 DAGs
[2024-05-03T17:21:24.235+0000] {logging_mixin.py:188} INFO - [2024-05-03T17:21:24.235+0000] {dag.py:3954} INFO - Setting next_dagrun for conditional_dataset_and_time_based_timetable to 2024-05-01 01:00:00+00:00, run_after=2024-05-01 01:00:00+00:00
[2024-05-03T17:21:24.237+0000] {logging_mixin.py:188} INFO - [2024-05-03T17:21:24.237+0000] {dag.py:3954} INFO - Setting next_dagrun for consume_1_and_2_with_dataset_expressions to None, run_after=None
[2024-05-03T17:21:24.237+0000] {logging_mixin.py:188} INFO - [2024-05-03T17:21:24.237+0000] {dag.py:3954} INFO - Setting next_dagrun for consume_1_or_2_with_dataset_expressions to None, run_after=None
[2024-05-03T17:21:24.238+0000] {logging_mixin.py:188} INFO - [2024-05-03T17:21:24.238+0000] {dag.py:3954} INFO - Setting next_dagrun for consume_1_or_both_2_and_3_with_dataset_expressions to None, run_after=None
[2024-05-03T17:21:24.238+0000] {logging_mixin.py:188} INFO - [2024-05-03T17:21:24.238+0000] {dag.py:3954} INFO - Setting next_dagrun for dataset_consumes_1 to None, run_after=None
[2024-05-03T17:21:24.239+0000] {logging_mixin.py:188} INFO - [2024-05-03T17:21:24.239+0000] {dag.py:3954} INFO - Setting next_dagrun for dataset_consumes_1_and_2 to None, run_after=None
[2024-05-03T17:21:24.239+0000] {logging_mixin.py:188} INFO - [2024-05-03T17:21:24.239+0000] {dag.py:3954} INFO - Setting next_dagrun for dataset_consumes_1_never_scheduled to None, run_after=None
[2024-05-03T17:21:24.240+0000] {logging_mixin.py:188} INFO - [2024-05-03T17:21:24.240+0000] {dag.py:3954} INFO - Setting next_dagrun for dataset_consumes_unknown_never_scheduled to None, run_after=None
[2024-05-03T17:21:24.241+0000] {logging_mixin.py:188} INFO - [2024-05-03T17:21:24.241+0000] {dag.py:3954} INFO - Setting next_dagrun for dataset_produces_1 to 2024-05-02 00:00:00+00:00, run_after=2024-05-03 00:00:00+00:00
[2024-05-03T17:21:24.241+0000] {logging_mixin.py:188} INFO - [2024-05-03T17:21:24.241+0000] {dag.py:3954} INFO - Setting next_dagrun for dataset_produces_2 to None, run_after=None
[2024-05-03T17:21:24.255+0000] {processor.py:183} INFO - Processing /home/airflow/.local/lib/python3.12/site-packages/airflow/example_dags/example_datasets.py took 0.062 seconds
[2024-05-03T17:21:54.439+0000] {processor.py:161} INFO - Started process (PID=4707) to work on /home/airflow/.local/lib/python3.12/site-packages/airflow/example_dags/example_datasets.py
[2024-05-03T17:21:54.439+0000] {processor.py:830} INFO - Processing file /home/airflow/.local/lib/python3.12/site-packages/airflow/example_dags/example_datasets.py for tasks to queue
[2024-05-03T17:21:54.440+0000] {logging_mixin.py:188} INFO - [2024-05-03T17:21:54.440+0000] {dagbag.py:540} INFO - Filling up the DagBag from /home/airflow/.local/lib/python3.12/site-packages/airflow/example_dags/example_datasets.py
[2024-05-03T17:21:54.447+0000] {processor.py:840} INFO - DAG(s) 'consume_1_or_2_with_dataset_expressions', 'dataset_consumes_1', 'consume_1_and_2_with_dataset_expressions', 'conditional_dataset_and_time_based_timetable', 'dataset_consumes_1_never_scheduled', 'dataset_consumes_unknown_never_scheduled', 'dataset_produces_2', 'dataset_consumes_1_and_2', 'dataset_produces_1', 'consume_1_or_both_2_and_3_with_dataset_expressions' retrieved from /home/airflow/.local/lib/python3.12/site-packages/airflow/example_dags/example_datasets.py
[2024-05-03T17:21:54.466+0000] {logging_mixin.py:188} INFO - [2024-05-03T17:21:54.466+0000] {dag.py:3096} INFO - Sync 10 DAGs
[2024-05-03T17:21:54.477+0000] {logging_mixin.py:188} INFO - [2024-05-03T17:21:54.477+0000] {dag.py:3954} INFO - Setting next_dagrun for conditional_dataset_and_time_based_timetable to 2024-05-01 01:00:00+00:00, run_after=2024-05-01 01:00:00+00:00
[2024-05-03T17:21:54.479+0000] {logging_mixin.py:188} INFO - [2024-05-03T17:21:54.479+0000] {dag.py:3954} INFO - Setting next_dagrun for consume_1_and_2_with_dataset_expressions to None, run_after=None
[2024-05-03T17:21:54.479+0000] {logging_mixin.py:188} INFO - [2024-05-03T17:21:54.479+0000] {dag.py:3954} INFO - Setting next_dagrun for consume_1_or_2_with_dataset_expressions to None, run_after=None
[2024-05-03T17:21:54.480+0000] {logging_mixin.py:188} INFO - [2024-05-03T17:21:54.480+0000] {dag.py:3954} INFO - Setting next_dagrun for consume_1_or_both_2_and_3_with_dataset_expressions to None, run_after=None
[2024-05-03T17:21:54.480+0000] {logging_mixin.py:188} INFO - [2024-05-03T17:21:54.480+0000] {dag.py:3954} INFO - Setting next_dagrun for dataset_consumes_1 to None, run_after=None
[2024-05-03T17:21:54.481+0000] {logging_mixin.py:188} INFO - [2024-05-03T17:21:54.481+0000] {dag.py:3954} INFO - Setting next_dagrun for dataset_consumes_1_and_2 to None, run_after=None
[2024-05-03T17:21:54.481+0000] {logging_mixin.py:188} INFO - [2024-05-03T17:21:54.481+0000] {dag.py:3954} INFO - Setting next_dagrun for dataset_consumes_1_never_scheduled to None, run_after=None
[2024-05-03T17:21:54.482+0000] {logging_mixin.py:188} INFO - [2024-05-03T17:21:54.482+0000] {dag.py:3954} INFO - Setting next_dagrun for dataset_consumes_unknown_never_scheduled to None, run_after=None
[2024-05-03T17:21:54.483+0000] {logging_mixin.py:188} INFO - [2024-05-03T17:21:54.483+0000] {dag.py:3954} INFO - Setting next_dagrun for dataset_produces_1 to 2024-05-02 00:00:00+00:00, run_after=2024-05-03 00:00:00+00:00
[2024-05-03T17:21:54.483+0000] {logging_mixin.py:188} INFO - [2024-05-03T17:21:54.483+0000] {dag.py:3954} INFO - Setting next_dagrun for dataset_produces_2 to None, run_after=None
[2024-05-03T17:21:54.497+0000] {processor.py:183} INFO - Processing /home/airflow/.local/lib/python3.12/site-packages/airflow/example_dags/example_datasets.py took 0.061 seconds
[2024-05-03T17:22:24.667+0000] {processor.py:161} INFO - Started process (PID=4969) to work on /home/airflow/.local/lib/python3.12/site-packages/airflow/example_dags/example_datasets.py
[2024-05-03T17:22:24.667+0000] {processor.py:830} INFO - Processing file /home/airflow/.local/lib/python3.12/site-packages/airflow/example_dags/example_datasets.py for tasks to queue
[2024-05-03T17:22:24.668+0000] {logging_mixin.py:188} INFO - [2024-05-03T17:22:24.668+0000] {dagbag.py:540} INFO - Filling up the DagBag from /home/airflow/.local/lib/python3.12/site-packages/airflow/example_dags/example_datasets.py
[2024-05-03T17:22:24.674+0000] {processor.py:840} INFO - DAG(s) 'consume_1_or_both_2_and_3_with_dataset_expressions', 'dataset_produces_2', 'conditional_dataset_and_time_based_timetable', 'consume_1_or_2_with_dataset_expressions', 'dataset_consumes_1_and_2', 'consume_1_and_2_with_dataset_expressions', 'dataset_consumes_unknown_never_scheduled', 'dataset_consumes_1', 'dataset_produces_1', 'dataset_consumes_1_never_scheduled' retrieved from /home/airflow/.local/lib/python3.12/site-packages/airflow/example_dags/example_datasets.py
[2024-05-03T17:22:24.695+0000] {logging_mixin.py:188} INFO - [2024-05-03T17:22:24.694+0000] {dag.py:3096} INFO - Sync 10 DAGs
[2024-05-03T17:22:24.705+0000] {logging_mixin.py:188} INFO - [2024-05-03T17:22:24.705+0000] {dag.py:3954} INFO - Setting next_dagrun for conditional_dataset_and_time_based_timetable to 2024-05-01 01:00:00+00:00, run_after=2024-05-01 01:00:00+00:00
[2024-05-03T17:22:24.707+0000] {logging_mixin.py:188} INFO - [2024-05-03T17:22:24.707+0000] {dag.py:3954} INFO - Setting next_dagrun for consume_1_and_2_with_dataset_expressions to None, run_after=None
[2024-05-03T17:22:24.708+0000] {logging_mixin.py:188} INFO - [2024-05-03T17:22:24.708+0000] {dag.py:3954} INFO - Setting next_dagrun for consume_1_or_2_with_dataset_expressions to None, run_after=None
[2024-05-03T17:22:24.708+0000] {logging_mixin.py:188} INFO - [2024-05-03T17:22:24.708+0000] {dag.py:3954} INFO - Setting next_dagrun for consume_1_or_both_2_and_3_with_dataset_expressions to None, run_after=None
[2024-05-03T17:22:24.709+0000] {logging_mixin.py:188} INFO - [2024-05-03T17:22:24.709+0000] {dag.py:3954} INFO - Setting next_dagrun for dataset_consumes_1 to None, run_after=None
[2024-05-03T17:22:24.709+0000] {logging_mixin.py:188} INFO - [2024-05-03T17:22:24.709+0000] {dag.py:3954} INFO - Setting next_dagrun for dataset_consumes_1_and_2 to None, run_after=None
[2024-05-03T17:22:24.710+0000] {logging_mixin.py:188} INFO - [2024-05-03T17:22:24.710+0000] {dag.py:3954} INFO - Setting next_dagrun for dataset_consumes_1_never_scheduled to None, run_after=None
[2024-05-03T17:22:24.710+0000] {logging_mixin.py:188} INFO - [2024-05-03T17:22:24.710+0000] {dag.py:3954} INFO - Setting next_dagrun for dataset_consumes_unknown_never_scheduled to None, run_after=None
[2024-05-03T17:22:24.711+0000] {logging_mixin.py:188} INFO - [2024-05-03T17:22:24.711+0000] {dag.py:3954} INFO - Setting next_dagrun for dataset_produces_1 to 2024-05-02 00:00:00+00:00, run_after=2024-05-03 00:00:00+00:00
[2024-05-03T17:22:24.712+0000] {logging_mixin.py:188} INFO - [2024-05-03T17:22:24.712+0000] {dag.py:3954} INFO - Setting next_dagrun for dataset_produces_2 to None, run_after=None
[2024-05-03T17:22:24.726+0000] {processor.py:183} INFO - Processing /home/airflow/.local/lib/python3.12/site-packages/airflow/example_dags/example_datasets.py took 0.062 seconds
[2024-05-03T17:22:54.829+0000] {processor.py:161} INFO - Started process (PID=5229) to work on /home/airflow/.local/lib/python3.12/site-packages/airflow/example_dags/example_datasets.py
[2024-05-03T17:22:54.829+0000] {processor.py:830} INFO - Processing file /home/airflow/.local/lib/python3.12/site-packages/airflow/example_dags/example_datasets.py for tasks to queue
[2024-05-03T17:22:54.830+0000] {logging_mixin.py:188} INFO - [2024-05-03T17:22:54.830+0000] {dagbag.py:540} INFO - Filling up the DagBag from /home/airflow/.local/lib/python3.12/site-packages/airflow/example_dags/example_datasets.py
[2024-05-03T17:22:54.836+0000] {processor.py:840} INFO - DAG(s) 'dataset_consumes_1_and_2', 'dataset_consumes_1_never_scheduled', 'dataset_produces_1', 'dataset_consumes_unknown_never_scheduled', 'consume_1_or_2_with_dataset_expressions', 'consume_1_and_2_with_dataset_expressions', 'conditional_dataset_and_time_based_timetable', 'dataset_consumes_1', 'dataset_produces_2', 'consume_1_or_both_2_and_3_with_dataset_expressions' retrieved from /home/airflow/.local/lib/python3.12/site-packages/airflow/example_dags/example_datasets.py
[2024-05-03T17:22:54.857+0000] {logging_mixin.py:188} INFO - [2024-05-03T17:22:54.857+0000] {dag.py:3096} INFO - Sync 10 DAGs
[2024-05-03T17:22:54.869+0000] {logging_mixin.py:188} INFO - [2024-05-03T17:22:54.869+0000] {dag.py:3954} INFO - Setting next_dagrun for conditional_dataset_and_time_based_timetable to 2024-05-01 01:00:00+00:00, run_after=2024-05-01 01:00:00+00:00
[2024-05-03T17:22:54.871+0000] {logging_mixin.py:188} INFO - [2024-05-03T17:22:54.871+0000] {dag.py:3954} INFO - Setting next_dagrun for consume_1_and_2_with_dataset_expressions to None, run_after=None
[2024-05-03T17:22:54.872+0000] {logging_mixin.py:188} INFO - [2024-05-03T17:22:54.872+0000] {dag.py:3954} INFO - Setting next_dagrun for consume_1_or_2_with_dataset_expressions to None, run_after=None
[2024-05-03T17:22:54.872+0000] {logging_mixin.py:188} INFO - [2024-05-03T17:22:54.872+0000] {dag.py:3954} INFO - Setting next_dagrun for consume_1_or_both_2_and_3_with_dataset_expressions to None, run_after=None
[2024-05-03T17:22:54.873+0000] {logging_mixin.py:188} INFO - [2024-05-03T17:22:54.873+0000] {dag.py:3954} INFO - Setting next_dagrun for dataset_consumes_1 to None, run_after=None
[2024-05-03T17:22:54.874+0000] {logging_mixin.py:188} INFO - [2024-05-03T17:22:54.873+0000] {dag.py:3954} INFO - Setting next_dagrun for dataset_consumes_1_and_2 to None, run_after=None
[2024-05-03T17:22:54.874+0000] {logging_mixin.py:188} INFO - [2024-05-03T17:22:54.874+0000] {dag.py:3954} INFO - Setting next_dagrun for dataset_consumes_1_never_scheduled to None, run_after=None
[2024-05-03T17:22:54.875+0000] {logging_mixin.py:188} INFO - [2024-05-03T17:22:54.874+0000] {dag.py:3954} INFO - Setting next_dagrun for dataset_consumes_unknown_never_scheduled to None, run_after=None
[2024-05-03T17:22:54.875+0000] {logging_mixin.py:188} INFO - [2024-05-03T17:22:54.875+0000] {dag.py:3954} INFO - Setting next_dagrun for dataset_produces_1 to 2024-05-02 00:00:00+00:00, run_after=2024-05-03 00:00:00+00:00
[2024-05-03T17:22:54.876+0000] {logging_mixin.py:188} INFO - [2024-05-03T17:22:54.876+0000] {dag.py:3954} INFO - Setting next_dagrun for dataset_produces_2 to None, run_after=None
[2024-05-03T17:22:54.891+0000] {processor.py:183} INFO - Processing /home/airflow/.local/lib/python3.12/site-packages/airflow/example_dags/example_datasets.py took 0.065 seconds
[2024-05-03T17:23:24.968+0000] {processor.py:161} INFO - Started process (PID=5491) to work on /home/airflow/.local/lib/python3.12/site-packages/airflow/example_dags/example_datasets.py
[2024-05-03T17:23:24.969+0000] {processor.py:830} INFO - Processing file /home/airflow/.local/lib/python3.12/site-packages/airflow/example_dags/example_datasets.py for tasks to queue
[2024-05-03T17:23:24.970+0000] {logging_mixin.py:188} INFO - [2024-05-03T17:23:24.970+0000] {dagbag.py:540} INFO - Filling up the DagBag from /home/airflow/.local/lib/python3.12/site-packages/airflow/example_dags/example_datasets.py
[2024-05-03T17:23:24.976+0000] {processor.py:840} INFO - DAG(s) 'dataset_produces_2', 'dataset_consumes_1_never_scheduled', 'consume_1_and_2_with_dataset_expressions', 'consume_1_or_both_2_and_3_with_dataset_expressions', 'dataset_produces_1', 'dataset_consumes_1_and_2', 'consume_1_or_2_with_dataset_expressions', 'conditional_dataset_and_time_based_timetable', 'dataset_consumes_unknown_never_scheduled', 'dataset_consumes_1' retrieved from /home/airflow/.local/lib/python3.12/site-packages/airflow/example_dags/example_datasets.py
[2024-05-03T17:23:24.996+0000] {logging_mixin.py:188} INFO - [2024-05-03T17:23:24.996+0000] {dag.py:3096} INFO - Sync 10 DAGs
[2024-05-03T17:23:25.008+0000] {logging_mixin.py:188} INFO - [2024-05-03T17:23:25.008+0000] {dag.py:3954} INFO - Setting next_dagrun for conditional_dataset_and_time_based_timetable to 2024-05-01 01:00:00+00:00, run_after=2024-05-01 01:00:00+00:00
[2024-05-03T17:23:25.010+0000] {logging_mixin.py:188} INFO - [2024-05-03T17:23:25.010+0000] {dag.py:3954} INFO - Setting next_dagrun for consume_1_and_2_with_dataset_expressions to None, run_after=None
[2024-05-03T17:23:25.011+0000] {logging_mixin.py:188} INFO - [2024-05-03T17:23:25.011+0000] {dag.py:3954} INFO - Setting next_dagrun for consume_1_or_2_with_dataset_expressions to None, run_after=None
[2024-05-03T17:23:25.012+0000] {logging_mixin.py:188} INFO - [2024-05-03T17:23:25.012+0000] {dag.py:3954} INFO - Setting next_dagrun for consume_1_or_both_2_and_3_with_dataset_expressions to None, run_after=None
[2024-05-03T17:23:25.012+0000] {logging_mixin.py:188} INFO - [2024-05-03T17:23:25.012+0000] {dag.py:3954} INFO - Setting next_dagrun for dataset_consumes_1 to None, run_after=None
[2024-05-03T17:23:25.013+0000] {logging_mixin.py:188} INFO - [2024-05-03T17:23:25.013+0000] {dag.py:3954} INFO - Setting next_dagrun for dataset_consumes_1_and_2 to None, run_after=None
[2024-05-03T17:23:25.014+0000] {logging_mixin.py:188} INFO - [2024-05-03T17:23:25.014+0000] {dag.py:3954} INFO - Setting next_dagrun for dataset_consumes_1_never_scheduled to None, run_after=None
[2024-05-03T17:23:25.014+0000] {logging_mixin.py:188} INFO - [2024-05-03T17:23:25.014+0000] {dag.py:3954} INFO - Setting next_dagrun for dataset_consumes_unknown_never_scheduled to None, run_after=None
[2024-05-03T17:23:25.015+0000] {logging_mixin.py:188} INFO - [2024-05-03T17:23:25.015+0000] {dag.py:3954} INFO - Setting next_dagrun for dataset_produces_1 to 2024-05-02 00:00:00+00:00, run_after=2024-05-03 00:00:00+00:00
[2024-05-03T17:23:25.016+0000] {logging_mixin.py:188} INFO - [2024-05-03T17:23:25.015+0000] {dag.py:3954} INFO - Setting next_dagrun for dataset_produces_2 to None, run_after=None
[2024-05-03T17:23:25.029+0000] {processor.py:183} INFO - Processing /home/airflow/.local/lib/python3.12/site-packages/airflow/example_dags/example_datasets.py took 0.064 seconds
[2024-05-03T17:23:55.113+0000] {processor.py:161} INFO - Started process (PID=5753) to work on /home/airflow/.local/lib/python3.12/site-packages/airflow/example_dags/example_datasets.py
[2024-05-03T17:23:55.113+0000] {processor.py:830} INFO - Processing file /home/airflow/.local/lib/python3.12/site-packages/airflow/example_dags/example_datasets.py for tasks to queue
[2024-05-03T17:23:55.114+0000] {logging_mixin.py:188} INFO - [2024-05-03T17:23:55.114+0000] {dagbag.py:540} INFO - Filling up the DagBag from /home/airflow/.local/lib/python3.12/site-packages/airflow/example_dags/example_datasets.py
[2024-05-03T17:23:55.121+0000] {processor.py:840} INFO - DAG(s) 'dataset_consumes_1', 'conditional_dataset_and_time_based_timetable', 'dataset_consumes_1_never_scheduled', 'consume_1_or_both_2_and_3_with_dataset_expressions', 'dataset_consumes_1_and_2', 'dataset_produces_1', 'dataset_produces_2', 'consume_1_or_2_with_dataset_expressions', 'dataset_consumes_unknown_never_scheduled', 'consume_1_and_2_with_dataset_expressions' retrieved from /home/airflow/.local/lib/python3.12/site-packages/airflow/example_dags/example_datasets.py
[2024-05-03T17:23:55.142+0000] {logging_mixin.py:188} INFO - [2024-05-03T17:23:55.142+0000] {dag.py:3096} INFO - Sync 10 DAGs
[2024-05-03T17:23:55.155+0000] {logging_mixin.py:188} INFO - [2024-05-03T17:23:55.154+0000] {dag.py:3954} INFO - Setting next_dagrun for conditional_dataset_and_time_based_timetable to 2024-05-01 01:00:00+00:00, run_after=2024-05-01 01:00:00+00:00
[2024-05-03T17:23:55.244+0000] {logging_mixin.py:188} INFO - [2024-05-03T17:23:55.243+0000] {dag.py:3954} INFO - Setting next_dagrun for consume_1_and_2_with_dataset_expressions to None, run_after=None
[2024-05-03T17:23:55.244+0000] {logging_mixin.py:188} INFO - [2024-05-03T17:23:55.244+0000] {dag.py:3954} INFO - Setting next_dagrun for consume_1_or_2_with_dataset_expressions to None, run_after=None
[2024-05-03T17:23:55.245+0000] {logging_mixin.py:188} INFO - [2024-05-03T17:23:55.245+0000] {dag.py:3954} INFO - Setting next_dagrun for consume_1_or_both_2_and_3_with_dataset_expressions to None, run_after=None
[2024-05-03T17:23:55.246+0000] {logging_mixin.py:188} INFO - [2024-05-03T17:23:55.246+0000] {dag.py:3954} INFO - Setting next_dagrun for dataset_consumes_1 to None, run_after=None
[2024-05-03T17:23:55.246+0000] {logging_mixin.py:188} INFO - [2024-05-03T17:23:55.246+0000] {dag.py:3954} INFO - Setting next_dagrun for dataset_consumes_1_and_2 to None, run_after=None
[2024-05-03T17:23:55.247+0000] {logging_mixin.py:188} INFO - [2024-05-03T17:23:55.247+0000] {dag.py:3954} INFO - Setting next_dagrun for dataset_consumes_1_never_scheduled to None, run_after=None
[2024-05-03T17:23:55.247+0000] {logging_mixin.py:188} INFO - [2024-05-03T17:23:55.247+0000] {dag.py:3954} INFO - Setting next_dagrun for dataset_consumes_unknown_never_scheduled to None, run_after=None
[2024-05-03T17:23:55.248+0000] {logging_mixin.py:188} INFO - [2024-05-03T17:23:55.248+0000] {dag.py:3954} INFO - Setting next_dagrun for dataset_produces_1 to 2024-05-02 00:00:00+00:00, run_after=2024-05-03 00:00:00+00:00
[2024-05-03T17:23:55.249+0000] {logging_mixin.py:188} INFO - [2024-05-03T17:23:55.249+0000] {dag.py:3954} INFO - Setting next_dagrun for dataset_produces_2 to None, run_after=None
[2024-05-03T17:23:55.263+0000] {processor.py:183} INFO - Processing /home/airflow/.local/lib/python3.12/site-packages/airflow/example_dags/example_datasets.py took 0.154 seconds
[2024-05-03T17:24:25.387+0000] {processor.py:161} INFO - Started process (PID=6020) to work on /home/airflow/.local/lib/python3.12/site-packages/airflow/example_dags/example_datasets.py
[2024-05-03T17:24:25.387+0000] {processor.py:830} INFO - Processing file /home/airflow/.local/lib/python3.12/site-packages/airflow/example_dags/example_datasets.py for tasks to queue
[2024-05-03T17:24:25.388+0000] {logging_mixin.py:188} INFO - [2024-05-03T17:24:25.388+0000] {dagbag.py:540} INFO - Filling up the DagBag from /home/airflow/.local/lib/python3.12/site-packages/airflow/example_dags/example_datasets.py
[2024-05-03T17:24:25.395+0000] {processor.py:840} INFO - DAG(s) 'dataset_consumes_1_never_scheduled', 'consume_1_or_both_2_and_3_with_dataset_expressions', 'dataset_consumes_1', 'consume_1_and_2_with_dataset_expressions', 'dataset_consumes_unknown_never_scheduled', 'conditional_dataset_and_time_based_timetable', 'dataset_produces_2', 'consume_1_or_2_with_dataset_expressions', 'dataset_produces_1', 'dataset_consumes_1_and_2' retrieved from /home/airflow/.local/lib/python3.12/site-packages/airflow/example_dags/example_datasets.py
[2024-05-03T17:24:25.415+0000] {logging_mixin.py:188} INFO - [2024-05-03T17:24:25.415+0000] {dag.py:3096} INFO - Sync 10 DAGs
[2024-05-03T17:24:25.427+0000] {logging_mixin.py:188} INFO - [2024-05-03T17:24:25.426+0000] {dag.py:3954} INFO - Setting next_dagrun for conditional_dataset_and_time_based_timetable to 2024-05-01 01:00:00+00:00, run_after=2024-05-01 01:00:00+00:00
[2024-05-03T17:24:25.430+0000] {logging_mixin.py:188} INFO - [2024-05-03T17:24:25.429+0000] {dag.py:3954} INFO - Setting next_dagrun for consume_1_and_2_with_dataset_expressions to None, run_after=None
[2024-05-03T17:24:25.430+0000] {logging_mixin.py:188} INFO - [2024-05-03T17:24:25.430+0000] {dag.py:3954} INFO - Setting next_dagrun for consume_1_or_2_with_dataset_expressions to None, run_after=None
[2024-05-03T17:24:25.431+0000] {logging_mixin.py:188} INFO - [2024-05-03T17:24:25.431+0000] {dag.py:3954} INFO - Setting next_dagrun for consume_1_or_both_2_and_3_with_dataset_expressions to None, run_after=None
[2024-05-03T17:24:25.431+0000] {logging_mixin.py:188} INFO - [2024-05-03T17:24:25.431+0000] {dag.py:3954} INFO - Setting next_dagrun for dataset_consumes_1 to None, run_after=None
[2024-05-03T17:24:25.432+0000] {logging_mixin.py:188} INFO - [2024-05-03T17:24:25.432+0000] {dag.py:3954} INFO - Setting next_dagrun for dataset_consumes_1_and_2 to None, run_after=None
[2024-05-03T17:24:25.433+0000] {logging_mixin.py:188} INFO - [2024-05-03T17:24:25.433+0000] {dag.py:3954} INFO - Setting next_dagrun for dataset_consumes_1_never_scheduled to None, run_after=None
[2024-05-03T17:24:25.433+0000] {logging_mixin.py:188} INFO - [2024-05-03T17:24:25.433+0000] {dag.py:3954} INFO - Setting next_dagrun for dataset_consumes_unknown_never_scheduled to None, run_after=None
[2024-05-03T17:24:25.434+0000] {logging_mixin.py:188} INFO - [2024-05-03T17:24:25.434+0000] {dag.py:3954} INFO - Setting next_dagrun for dataset_produces_1 to 2024-05-02 00:00:00+00:00, run_after=2024-05-03 00:00:00+00:00
[2024-05-03T17:24:25.435+0000] {logging_mixin.py:188} INFO - [2024-05-03T17:24:25.435+0000] {dag.py:3954} INFO - Setting next_dagrun for dataset_produces_2 to None, run_after=None
[2024-05-03T17:24:25.535+0000] {processor.py:183} INFO - Processing /home/airflow/.local/lib/python3.12/site-packages/airflow/example_dags/example_datasets.py took 0.151 seconds
[2024-05-03T17:24:55.698+0000] {processor.py:161} INFO - Started process (PID=6277) to work on /home/airflow/.local/lib/python3.12/site-packages/airflow/example_dags/example_datasets.py
[2024-05-03T17:24:55.699+0000] {processor.py:830} INFO - Processing file /home/airflow/.local/lib/python3.12/site-packages/airflow/example_dags/example_datasets.py for tasks to queue
[2024-05-03T17:24:55.700+0000] {logging_mixin.py:188} INFO - [2024-05-03T17:24:55.700+0000] {dagbag.py:540} INFO - Filling up the DagBag from /home/airflow/.local/lib/python3.12/site-packages/airflow/example_dags/example_datasets.py
[2024-05-03T17:24:55.707+0000] {processor.py:840} INFO - DAG(s) 'consume_1_and_2_with_dataset_expressions', 'conditional_dataset_and_time_based_timetable', 'dataset_consumes_unknown_never_scheduled', 'dataset_consumes_1', 'dataset_produces_1', 'dataset_consumes_1_never_scheduled', 'dataset_consumes_1_and_2', 'dataset_produces_2', 'consume_1_or_both_2_and_3_with_dataset_expressions', 'consume_1_or_2_with_dataset_expressions' retrieved from /home/airflow/.local/lib/python3.12/site-packages/airflow/example_dags/example_datasets.py
[2024-05-03T17:24:55.730+0000] {logging_mixin.py:188} INFO - [2024-05-03T17:24:55.730+0000] {dag.py:3096} INFO - Sync 10 DAGs
[2024-05-03T17:24:55.743+0000] {logging_mixin.py:188} INFO - [2024-05-03T17:24:55.742+0000] {dag.py:3954} INFO - Setting next_dagrun for conditional_dataset_and_time_based_timetable to 2024-05-01 01:00:00+00:00, run_after=2024-05-01 01:00:00+00:00
[2024-05-03T17:24:55.745+0000] {logging_mixin.py:188} INFO - [2024-05-03T17:24:55.745+0000] {dag.py:3954} INFO - Setting next_dagrun for consume_1_and_2_with_dataset_expressions to None, run_after=None
[2024-05-03T17:24:55.746+0000] {logging_mixin.py:188} INFO - [2024-05-03T17:24:55.746+0000] {dag.py:3954} INFO - Setting next_dagrun for consume_1_or_2_with_dataset_expressions to None, run_after=None
[2024-05-03T17:24:55.747+0000] {logging_mixin.py:188} INFO - [2024-05-03T17:24:55.747+0000] {dag.py:3954} INFO - Setting next_dagrun for consume_1_or_both_2_and_3_with_dataset_expressions to None, run_after=None
[2024-05-03T17:24:55.748+0000] {logging_mixin.py:188} INFO - [2024-05-03T17:24:55.747+0000] {dag.py:3954} INFO - Setting next_dagrun for dataset_consumes_1 to None, run_after=None
[2024-05-03T17:24:55.749+0000] {logging_mixin.py:188} INFO - [2024-05-03T17:24:55.748+0000] {dag.py:3954} INFO - Setting next_dagrun for dataset_consumes_1_and_2 to None, run_after=None
[2024-05-03T17:24:55.749+0000] {logging_mixin.py:188} INFO - [2024-05-03T17:24:55.749+0000] {dag.py:3954} INFO - Setting next_dagrun for dataset_consumes_1_never_scheduled to None, run_after=None
[2024-05-03T17:24:55.750+0000] {logging_mixin.py:188} INFO - [2024-05-03T17:24:55.750+0000] {dag.py:3954} INFO - Setting next_dagrun for dataset_consumes_unknown_never_scheduled to None, run_after=None
[2024-05-03T17:24:55.751+0000] {logging_mixin.py:188} INFO - [2024-05-03T17:24:55.751+0000] {dag.py:3954} INFO - Setting next_dagrun for dataset_produces_1 to 2024-05-02 00:00:00+00:00, run_after=2024-05-03 00:00:00+00:00
[2024-05-03T17:24:55.752+0000] {logging_mixin.py:188} INFO - [2024-05-03T17:24:55.752+0000] {dag.py:3954} INFO - Setting next_dagrun for dataset_produces_2 to None, run_after=None
[2024-05-03T17:24:55.864+0000] {processor.py:183} INFO - Processing /home/airflow/.local/lib/python3.12/site-packages/airflow/example_dags/example_datasets.py took 0.169 seconds
[2024-05-03T17:25:25.973+0000] {processor.py:161} INFO - Started process (PID=6539) to work on /home/airflow/.local/lib/python3.12/site-packages/airflow/example_dags/example_datasets.py
[2024-05-03T17:25:25.974+0000] {processor.py:830} INFO - Processing file /home/airflow/.local/lib/python3.12/site-packages/airflow/example_dags/example_datasets.py for tasks to queue
[2024-05-03T17:25:25.975+0000] {logging_mixin.py:188} INFO - [2024-05-03T17:25:25.975+0000] {dagbag.py:540} INFO - Filling up the DagBag from /home/airflow/.local/lib/python3.12/site-packages/airflow/example_dags/example_datasets.py
[2024-05-03T17:25:25.982+0000] {processor.py:840} INFO - DAG(s) 'dataset_consumes_1_never_scheduled', 'consume_1_and_2_with_dataset_expressions', 'dataset_produces_1', 'dataset_consumes_1', 'consume_1_or_2_with_dataset_expressions', 'dataset_consumes_1_and_2', 'dataset_consumes_unknown_never_scheduled', 'conditional_dataset_and_time_based_timetable', 'consume_1_or_both_2_and_3_with_dataset_expressions', 'dataset_produces_2' retrieved from /home/airflow/.local/lib/python3.12/site-packages/airflow/example_dags/example_datasets.py
[2024-05-03T17:25:26.003+0000] {logging_mixin.py:188} INFO - [2024-05-03T17:25:26.003+0000] {dag.py:3096} INFO - Sync 10 DAGs
[2024-05-03T17:25:26.015+0000] {logging_mixin.py:188} INFO - [2024-05-03T17:25:26.015+0000] {dag.py:3954} INFO - Setting next_dagrun for conditional_dataset_and_time_based_timetable to 2024-05-01 01:00:00+00:00, run_after=2024-05-01 01:00:00+00:00
[2024-05-03T17:25:26.017+0000] {logging_mixin.py:188} INFO - [2024-05-03T17:25:26.017+0000] {dag.py:3954} INFO - Setting next_dagrun for consume_1_and_2_with_dataset_expressions to None, run_after=None
[2024-05-03T17:25:26.017+0000] {logging_mixin.py:188} INFO - [2024-05-03T17:25:26.017+0000] {dag.py:3954} INFO - Setting next_dagrun for consume_1_or_2_with_dataset_expressions to None, run_after=None
[2024-05-03T17:25:26.018+0000] {logging_mixin.py:188} INFO - [2024-05-03T17:25:26.018+0000] {dag.py:3954} INFO - Setting next_dagrun for consume_1_or_both_2_and_3_with_dataset_expressions to None, run_after=None
[2024-05-03T17:25:26.018+0000] {logging_mixin.py:188} INFO - [2024-05-03T17:25:26.018+0000] {dag.py:3954} INFO - Setting next_dagrun for dataset_consumes_1 to None, run_after=None
[2024-05-03T17:25:26.019+0000] {logging_mixin.py:188} INFO - [2024-05-03T17:25:26.019+0000] {dag.py:3954} INFO - Setting next_dagrun for dataset_consumes_1_and_2 to None, run_after=None
[2024-05-03T17:25:26.020+0000] {logging_mixin.py:188} INFO - [2024-05-03T17:25:26.019+0000] {dag.py:3954} INFO - Setting next_dagrun for dataset_consumes_1_never_scheduled to None, run_after=None
[2024-05-03T17:25:26.020+0000] {logging_mixin.py:188} INFO - [2024-05-03T17:25:26.020+0000] {dag.py:3954} INFO - Setting next_dagrun for dataset_consumes_unknown_never_scheduled to None, run_after=None
[2024-05-03T17:25:26.021+0000] {logging_mixin.py:188} INFO - [2024-05-03T17:25:26.021+0000] {dag.py:3954} INFO - Setting next_dagrun for dataset_produces_1 to 2024-05-02 00:00:00+00:00, run_after=2024-05-03 00:00:00+00:00
[2024-05-03T17:25:26.022+0000] {logging_mixin.py:188} INFO - [2024-05-03T17:25:26.022+0000] {dag.py:3954} INFO - Setting next_dagrun for dataset_produces_2 to None, run_after=None
[2024-05-03T17:25:26.040+0000] {processor.py:183} INFO - Processing /home/airflow/.local/lib/python3.12/site-packages/airflow/example_dags/example_datasets.py took 0.069 seconds
[2024-05-03T17:25:56.219+0000] {processor.py:161} INFO - Started process (PID=6801) to work on /home/airflow/.local/lib/python3.12/site-packages/airflow/example_dags/example_datasets.py
[2024-05-03T17:25:56.220+0000] {processor.py:830} INFO - Processing file /home/airflow/.local/lib/python3.12/site-packages/airflow/example_dags/example_datasets.py for tasks to queue
[2024-05-03T17:25:56.221+0000] {logging_mixin.py:188} INFO - [2024-05-03T17:25:56.220+0000] {dagbag.py:540} INFO - Filling up the DagBag from /home/airflow/.local/lib/python3.12/site-packages/airflow/example_dags/example_datasets.py
[2024-05-03T17:25:56.228+0000] {processor.py:840} INFO - DAG(s) 'dataset_produces_1', 'consume_1_or_both_2_and_3_with_dataset_expressions', 'dataset_consumes_1_never_scheduled', 'dataset_produces_2', 'consume_1_and_2_with_dataset_expressions', 'dataset_consumes_1_and_2', 'consume_1_or_2_with_dataset_expressions', 'conditional_dataset_and_time_based_timetable', 'dataset_consumes_1', 'dataset_consumes_unknown_never_scheduled' retrieved from /home/airflow/.local/lib/python3.12/site-packages/airflow/example_dags/example_datasets.py
[2024-05-03T17:25:56.251+0000] {logging_mixin.py:188} INFO - [2024-05-03T17:25:56.251+0000] {dag.py:3096} INFO - Sync 10 DAGs
[2024-05-03T17:25:56.264+0000] {logging_mixin.py:188} INFO - [2024-05-03T17:25:56.264+0000] {dag.py:3954} INFO - Setting next_dagrun for conditional_dataset_and_time_based_timetable to 2024-05-01 01:00:00+00:00, run_after=2024-05-01 01:00:00+00:00
[2024-05-03T17:25:56.266+0000] {logging_mixin.py:188} INFO - [2024-05-03T17:25:56.266+0000] {dag.py:3954} INFO - Setting next_dagrun for consume_1_and_2_with_dataset_expressions to None, run_after=None
[2024-05-03T17:25:56.267+0000] {logging_mixin.py:188} INFO - [2024-05-03T17:25:56.267+0000] {dag.py:3954} INFO - Setting next_dagrun for consume_1_or_2_with_dataset_expressions to None, run_after=None
[2024-05-03T17:25:56.268+0000] {logging_mixin.py:188} INFO - [2024-05-03T17:25:56.268+0000] {dag.py:3954} INFO - Setting next_dagrun for consume_1_or_both_2_and_3_with_dataset_expressions to None, run_after=None
[2024-05-03T17:25:56.268+0000] {logging_mixin.py:188} INFO - [2024-05-03T17:25:56.268+0000] {dag.py:3954} INFO - Setting next_dagrun for dataset_consumes_1 to None, run_after=None
[2024-05-03T17:25:56.269+0000] {logging_mixin.py:188} INFO - [2024-05-03T17:25:56.269+0000] {dag.py:3954} INFO - Setting next_dagrun for dataset_consumes_1_and_2 to None, run_after=None
[2024-05-03T17:25:56.270+0000] {logging_mixin.py:188} INFO - [2024-05-03T17:25:56.270+0000] {dag.py:3954} INFO - Setting next_dagrun for dataset_consumes_1_never_scheduled to None, run_after=None
[2024-05-03T17:25:56.270+0000] {logging_mixin.py:188} INFO - [2024-05-03T17:25:56.270+0000] {dag.py:3954} INFO - Setting next_dagrun for dataset_consumes_unknown_never_scheduled to None, run_after=None
[2024-05-03T17:25:56.272+0000] {logging_mixin.py:188} INFO - [2024-05-03T17:25:56.271+0000] {dag.py:3954} INFO - Setting next_dagrun for dataset_produces_1 to 2024-05-02 00:00:00+00:00, run_after=2024-05-03 00:00:00+00:00
[2024-05-03T17:25:56.272+0000] {logging_mixin.py:188} INFO - [2024-05-03T17:25:56.272+0000] {dag.py:3954} INFO - Setting next_dagrun for dataset_produces_2 to None, run_after=None
[2024-05-03T17:25:56.287+0000] {processor.py:183} INFO - Processing /home/airflow/.local/lib/python3.12/site-packages/airflow/example_dags/example_datasets.py took 0.071 seconds
[2024-05-03T17:26:26.923+0000] {processor.py:161} INFO - Started process (PID=7063) to work on /home/airflow/.local/lib/python3.12/site-packages/airflow/example_dags/example_datasets.py
[2024-05-03T17:26:26.924+0000] {processor.py:830} INFO - Processing file /home/airflow/.local/lib/python3.12/site-packages/airflow/example_dags/example_datasets.py for tasks to queue
[2024-05-03T17:26:26.925+0000] {logging_mixin.py:188} INFO - [2024-05-03T17:26:26.925+0000] {dagbag.py:540} INFO - Filling up the DagBag from /home/airflow/.local/lib/python3.12/site-packages/airflow/example_dags/example_datasets.py
[2024-05-03T17:26:26.932+0000] {processor.py:840} INFO - DAG(s) 'dataset_produces_1', 'dataset_consumes_1_and_2', 'conditional_dataset_and_time_based_timetable', 'consume_1_or_both_2_and_3_with_dataset_expressions', 'dataset_consumes_unknown_never_scheduled', 'consume_1_and_2_with_dataset_expressions', 'consume_1_or_2_with_dataset_expressions', 'dataset_consumes_1_never_scheduled', 'dataset_produces_2', 'dataset_consumes_1' retrieved from /home/airflow/.local/lib/python3.12/site-packages/airflow/example_dags/example_datasets.py
[2024-05-03T17:26:26.953+0000] {logging_mixin.py:188} INFO - [2024-05-03T17:26:26.953+0000] {dag.py:3096} INFO - Sync 10 DAGs
[2024-05-03T17:26:26.965+0000] {logging_mixin.py:188} INFO - [2024-05-03T17:26:26.965+0000] {dag.py:3954} INFO - Setting next_dagrun for conditional_dataset_and_time_based_timetable to 2024-05-01 01:00:00+00:00, run_after=2024-05-01 01:00:00+00:00
[2024-05-03T17:26:26.967+0000] {logging_mixin.py:188} INFO - [2024-05-03T17:26:26.967+0000] {dag.py:3954} INFO - Setting next_dagrun for consume_1_and_2_with_dataset_expressions to None, run_after=None
[2024-05-03T17:26:26.968+0000] {logging_mixin.py:188} INFO - [2024-05-03T17:26:26.968+0000] {dag.py:3954} INFO - Setting next_dagrun for consume_1_or_2_with_dataset_expressions to None, run_after=None
[2024-05-03T17:26:26.969+0000] {logging_mixin.py:188} INFO - [2024-05-03T17:26:26.969+0000] {dag.py:3954} INFO - Setting next_dagrun for consume_1_or_both_2_and_3_with_dataset_expressions to None, run_after=None
[2024-05-03T17:26:26.969+0000] {logging_mixin.py:188} INFO - [2024-05-03T17:26:26.969+0000] {dag.py:3954} INFO - Setting next_dagrun for dataset_consumes_1 to None, run_after=None
[2024-05-03T17:26:26.970+0000] {logging_mixin.py:188} INFO - [2024-05-03T17:26:26.970+0000] {dag.py:3954} INFO - Setting next_dagrun for dataset_consumes_1_and_2 to None, run_after=None
[2024-05-03T17:26:26.971+0000] {logging_mixin.py:188} INFO - [2024-05-03T17:26:26.971+0000] {dag.py:3954} INFO - Setting next_dagrun for dataset_consumes_1_never_scheduled to None, run_after=None
[2024-05-03T17:26:26.971+0000] {logging_mixin.py:188} INFO - [2024-05-03T17:26:26.971+0000] {dag.py:3954} INFO - Setting next_dagrun for dataset_consumes_unknown_never_scheduled to None, run_after=None
[2024-05-03T17:26:26.972+0000] {logging_mixin.py:188} INFO - [2024-05-03T17:26:26.972+0000] {dag.py:3954} INFO - Setting next_dagrun for dataset_produces_1 to 2024-05-02 00:00:00+00:00, run_after=2024-05-03 00:00:00+00:00
[2024-05-03T17:26:26.973+0000] {logging_mixin.py:188} INFO - [2024-05-03T17:26:26.973+0000] {dag.py:3954} INFO - Setting next_dagrun for dataset_produces_2 to None, run_after=None
[2024-05-03T17:26:26.988+0000] {processor.py:183} INFO - Processing /home/airflow/.local/lib/python3.12/site-packages/airflow/example_dags/example_datasets.py took 0.067 seconds
[2024-05-03T17:26:57.871+0000] {processor.py:161} INFO - Started process (PID=7325) to work on /home/airflow/.local/lib/python3.12/site-packages/airflow/example_dags/example_datasets.py
[2024-05-03T17:26:57.872+0000] {processor.py:830} INFO - Processing file /home/airflow/.local/lib/python3.12/site-packages/airflow/example_dags/example_datasets.py for tasks to queue
[2024-05-03T17:26:57.873+0000] {logging_mixin.py:188} INFO - [2024-05-03T17:26:57.872+0000] {dagbag.py:540} INFO - Filling up the DagBag from /home/airflow/.local/lib/python3.12/site-packages/airflow/example_dags/example_datasets.py
[2024-05-03T17:26:57.880+0000] {processor.py:840} INFO - DAG(s) 'dataset_consumes_1_and_2', 'consume_1_or_both_2_and_3_with_dataset_expressions', 'consume_1_and_2_with_dataset_expressions', 'dataset_produces_1', 'conditional_dataset_and_time_based_timetable', 'dataset_consumes_1', 'dataset_consumes_unknown_never_scheduled', 'dataset_consumes_1_never_scheduled', 'consume_1_or_2_with_dataset_expressions', 'dataset_produces_2' retrieved from /home/airflow/.local/lib/python3.12/site-packages/airflow/example_dags/example_datasets.py
[2024-05-03T17:26:57.992+0000] {logging_mixin.py:188} INFO - [2024-05-03T17:26:57.992+0000] {dag.py:3096} INFO - Sync 10 DAGs
[2024-05-03T17:26:58.002+0000] {logging_mixin.py:188} INFO - [2024-05-03T17:26:58.002+0000] {dag.py:3954} INFO - Setting next_dagrun for conditional_dataset_and_time_based_timetable to 2024-05-01 01:00:00+00:00, run_after=2024-05-01 01:00:00+00:00
[2024-05-03T17:26:58.004+0000] {logging_mixin.py:188} INFO - [2024-05-03T17:26:58.004+0000] {dag.py:3954} INFO - Setting next_dagrun for consume_1_and_2_with_dataset_expressions to None, run_after=None
[2024-05-03T17:26:58.004+0000] {logging_mixin.py:188} INFO - [2024-05-03T17:26:58.004+0000] {dag.py:3954} INFO - Setting next_dagrun for consume_1_or_2_with_dataset_expressions to None, run_after=None
[2024-05-03T17:26:58.005+0000] {logging_mixin.py:188} INFO - [2024-05-03T17:26:58.005+0000] {dag.py:3954} INFO - Setting next_dagrun for consume_1_or_both_2_and_3_with_dataset_expressions to None, run_after=None
[2024-05-03T17:26:58.006+0000] {logging_mixin.py:188} INFO - [2024-05-03T17:26:58.006+0000] {dag.py:3954} INFO - Setting next_dagrun for dataset_consumes_1 to None, run_after=None
[2024-05-03T17:26:58.007+0000] {logging_mixin.py:188} INFO - [2024-05-03T17:26:58.007+0000] {dag.py:3954} INFO - Setting next_dagrun for dataset_consumes_1_and_2 to None, run_after=None
[2024-05-03T17:26:58.007+0000] {logging_mixin.py:188} INFO - [2024-05-03T17:26:58.007+0000] {dag.py:3954} INFO - Setting next_dagrun for dataset_consumes_1_never_scheduled to None, run_after=None
[2024-05-03T17:26:58.008+0000] {logging_mixin.py:188} INFO - [2024-05-03T17:26:58.008+0000] {dag.py:3954} INFO - Setting next_dagrun for dataset_consumes_unknown_never_scheduled to None, run_after=None
[2024-05-03T17:26:58.009+0000] {logging_mixin.py:188} INFO - [2024-05-03T17:26:58.009+0000] {dag.py:3954} INFO - Setting next_dagrun for dataset_produces_1 to 2024-05-02 00:00:00+00:00, run_after=2024-05-03 00:00:00+00:00
[2024-05-03T17:26:58.009+0000] {logging_mixin.py:188} INFO - [2024-05-03T17:26:58.009+0000] {dag.py:3954} INFO - Setting next_dagrun for dataset_produces_2 to None, run_after=None
[2024-05-03T17:26:58.022+0000] {processor.py:183} INFO - Processing /home/airflow/.local/lib/python3.12/site-packages/airflow/example_dags/example_datasets.py took 0.154 seconds
