[2024-05-03T17:13:14.544+0000] {processor.py:161} INFO - Started process (PID=165) to work on /home/airflow/.local/lib/python3.12/site-packages/airflow/example_dags/example_display_name.py
[2024-05-03T17:13:14.545+0000] {processor.py:830} INFO - Processing file /home/airflow/.local/lib/python3.12/site-packages/airflow/example_dags/example_display_name.py for tasks to queue
[2024-05-03T17:13:14.547+0000] {logging_mixin.py:188} INFO - [2024-05-03T17:13:14.547+0000] {dagbag.py:540} INFO - Filling up the DagBag from /home/airflow/.local/lib/python3.12/site-packages/airflow/example_dags/example_display_name.py
[2024-05-03T17:13:14.558+0000] {processor.py:840} INFO - DAG(s) 'example_display_name' retrieved from /home/airflow/.local/lib/python3.12/site-packages/airflow/example_dags/example_display_name.py
[2024-05-03T17:13:14.575+0000] {logging_mixin.py:188} INFO - [2024-05-03T17:13:14.575+0000] {dag.py:3096} INFO - Sync 1 DAGs
[2024-05-03T17:13:14.583+0000] {logging_mixin.py:188} INFO - [2024-05-03T17:13:14.583+0000] {dag.py:3954} INFO - Setting next_dagrun for example_display_name to None, run_after=None
[2024-05-03T17:13:14.595+0000] {processor.py:183} INFO - Processing /home/airflow/.local/lib/python3.12/site-packages/airflow/example_dags/example_display_name.py took 0.058 seconds
[2024-05-03T17:13:45.253+0000] {processor.py:161} INFO - Started process (PID=427) to work on /home/airflow/.local/lib/python3.12/site-packages/airflow/example_dags/example_display_name.py
[2024-05-03T17:13:45.254+0000] {processor.py:830} INFO - Processing file /home/airflow/.local/lib/python3.12/site-packages/airflow/example_dags/example_display_name.py for tasks to queue
[2024-05-03T17:13:45.256+0000] {logging_mixin.py:188} INFO - [2024-05-03T17:13:45.255+0000] {dagbag.py:540} INFO - Filling up the DagBag from /home/airflow/.local/lib/python3.12/site-packages/airflow/example_dags/example_display_name.py
[2024-05-03T17:13:45.260+0000] {processor.py:840} INFO - DAG(s) 'example_display_name' retrieved from /home/airflow/.local/lib/python3.12/site-packages/airflow/example_dags/example_display_name.py
[2024-05-03T17:13:45.390+0000] {logging_mixin.py:188} INFO - [2024-05-03T17:13:45.390+0000] {dag.py:3096} INFO - Sync 1 DAGs
[2024-05-03T17:13:45.396+0000] {logging_mixin.py:188} INFO - [2024-05-03T17:13:45.396+0000] {dag.py:3954} INFO - Setting next_dagrun for example_display_name to None, run_after=None
[2024-05-03T17:13:45.408+0000] {processor.py:183} INFO - Processing /home/airflow/.local/lib/python3.12/site-packages/airflow/example_dags/example_display_name.py took 0.160 seconds
[2024-05-03T17:14:15.464+0000] {processor.py:161} INFO - Started process (PID=689) to work on /home/airflow/.local/lib/python3.12/site-packages/airflow/example_dags/example_display_name.py
[2024-05-03T17:14:15.466+0000] {processor.py:830} INFO - Processing file /home/airflow/.local/lib/python3.12/site-packages/airflow/example_dags/example_display_name.py for tasks to queue
[2024-05-03T17:14:15.468+0000] {logging_mixin.py:188} INFO - [2024-05-03T17:14:15.467+0000] {dagbag.py:540} INFO - Filling up the DagBag from /home/airflow/.local/lib/python3.12/site-packages/airflow/example_dags/example_display_name.py
[2024-05-03T17:14:15.474+0000] {processor.py:840} INFO - DAG(s) 'example_display_name' retrieved from /home/airflow/.local/lib/python3.12/site-packages/airflow/example_dags/example_display_name.py
[2024-05-03T17:14:15.496+0000] {logging_mixin.py:188} INFO - [2024-05-03T17:14:15.496+0000] {dag.py:3096} INFO - Sync 1 DAGs
[2024-05-03T17:14:15.506+0000] {logging_mixin.py:188} INFO - [2024-05-03T17:14:15.506+0000] {dag.py:3954} INFO - Setting next_dagrun for example_display_name to None, run_after=None
[2024-05-03T17:14:15.514+0000] {processor.py:183} INFO - Processing /home/airflow/.local/lib/python3.12/site-packages/airflow/example_dags/example_display_name.py took 0.057 seconds
[2024-05-03T17:14:46.209+0000] {processor.py:161} INFO - Started process (PID=951) to work on /home/airflow/.local/lib/python3.12/site-packages/airflow/example_dags/example_display_name.py
[2024-05-03T17:14:46.210+0000] {processor.py:830} INFO - Processing file /home/airflow/.local/lib/python3.12/site-packages/airflow/example_dags/example_display_name.py for tasks to queue
[2024-05-03T17:14:46.212+0000] {logging_mixin.py:188} INFO - [2024-05-03T17:14:46.211+0000] {dagbag.py:540} INFO - Filling up the DagBag from /home/airflow/.local/lib/python3.12/site-packages/airflow/example_dags/example_display_name.py
[2024-05-03T17:14:46.216+0000] {processor.py:840} INFO - DAG(s) 'example_display_name' retrieved from /home/airflow/.local/lib/python3.12/site-packages/airflow/example_dags/example_display_name.py
[2024-05-03T17:14:46.231+0000] {logging_mixin.py:188} INFO - [2024-05-03T17:14:46.231+0000] {dag.py:3096} INFO - Sync 1 DAGs
[2024-05-03T17:14:46.240+0000] {logging_mixin.py:188} INFO - [2024-05-03T17:14:46.239+0000] {dag.py:3954} INFO - Setting next_dagrun for example_display_name to None, run_after=None
[2024-05-03T17:14:46.251+0000] {processor.py:183} INFO - Processing /home/airflow/.local/lib/python3.12/site-packages/airflow/example_dags/example_display_name.py took 0.048 seconds
[2024-05-03T17:15:17.023+0000] {processor.py:161} INFO - Started process (PID=1213) to work on /home/airflow/.local/lib/python3.12/site-packages/airflow/example_dags/example_display_name.py
[2024-05-03T17:15:17.024+0000] {processor.py:830} INFO - Processing file /home/airflow/.local/lib/python3.12/site-packages/airflow/example_dags/example_display_name.py for tasks to queue
[2024-05-03T17:15:17.025+0000] {logging_mixin.py:188} INFO - [2024-05-03T17:15:17.025+0000] {dagbag.py:540} INFO - Filling up the DagBag from /home/airflow/.local/lib/python3.12/site-packages/airflow/example_dags/example_display_name.py
[2024-05-03T17:15:17.029+0000] {processor.py:840} INFO - DAG(s) 'example_display_name' retrieved from /home/airflow/.local/lib/python3.12/site-packages/airflow/example_dags/example_display_name.py
[2024-05-03T17:15:17.043+0000] {logging_mixin.py:188} INFO - [2024-05-03T17:15:17.043+0000] {dag.py:3096} INFO - Sync 1 DAGs
[2024-05-03T17:15:17.050+0000] {logging_mixin.py:188} INFO - [2024-05-03T17:15:17.050+0000] {dag.py:3954} INFO - Setting next_dagrun for example_display_name to None, run_after=None
[2024-05-03T17:15:17.062+0000] {processor.py:183} INFO - Processing /home/airflow/.local/lib/python3.12/site-packages/airflow/example_dags/example_display_name.py took 0.043 seconds
[2024-05-03T17:15:47.247+0000] {processor.py:161} INFO - Started process (PID=1475) to work on /home/airflow/.local/lib/python3.12/site-packages/airflow/example_dags/example_display_name.py
[2024-05-03T17:15:47.249+0000] {processor.py:830} INFO - Processing file /home/airflow/.local/lib/python3.12/site-packages/airflow/example_dags/example_display_name.py for tasks to queue
[2024-05-03T17:15:47.251+0000] {logging_mixin.py:188} INFO - [2024-05-03T17:15:47.251+0000] {dagbag.py:540} INFO - Filling up the DagBag from /home/airflow/.local/lib/python3.12/site-packages/airflow/example_dags/example_display_name.py
[2024-05-03T17:15:47.259+0000] {processor.py:840} INFO - DAG(s) 'example_display_name' retrieved from /home/airflow/.local/lib/python3.12/site-packages/airflow/example_dags/example_display_name.py
[2024-05-03T17:15:47.277+0000] {logging_mixin.py:188} INFO - [2024-05-03T17:15:47.276+0000] {dag.py:3096} INFO - Sync 1 DAGs
[2024-05-03T17:15:47.284+0000] {logging_mixin.py:188} INFO - [2024-05-03T17:15:47.283+0000] {dag.py:3954} INFO - Setting next_dagrun for example_display_name to None, run_after=None
[2024-05-03T17:15:47.294+0000] {processor.py:183} INFO - Processing /home/airflow/.local/lib/python3.12/site-packages/airflow/example_dags/example_display_name.py took 0.055 seconds
[2024-05-03T17:16:18.057+0000] {processor.py:161} INFO - Started process (PID=1737) to work on /home/airflow/.local/lib/python3.12/site-packages/airflow/example_dags/example_display_name.py
[2024-05-03T17:16:18.059+0000] {processor.py:830} INFO - Processing file /home/airflow/.local/lib/python3.12/site-packages/airflow/example_dags/example_display_name.py for tasks to queue
[2024-05-03T17:16:18.061+0000] {logging_mixin.py:188} INFO - [2024-05-03T17:16:18.061+0000] {dagbag.py:540} INFO - Filling up the DagBag from /home/airflow/.local/lib/python3.12/site-packages/airflow/example_dags/example_display_name.py
[2024-05-03T17:16:18.068+0000] {processor.py:840} INFO - DAG(s) 'example_display_name' retrieved from /home/airflow/.local/lib/python3.12/site-packages/airflow/example_dags/example_display_name.py
[2024-05-03T17:16:18.086+0000] {logging_mixin.py:188} INFO - [2024-05-03T17:16:18.086+0000] {dag.py:3096} INFO - Sync 1 DAGs
[2024-05-03T17:16:18.093+0000] {logging_mixin.py:188} INFO - [2024-05-03T17:16:18.093+0000] {dag.py:3954} INFO - Setting next_dagrun for example_display_name to None, run_after=None
[2024-05-03T17:16:18.104+0000] {processor.py:183} INFO - Processing /home/airflow/.local/lib/python3.12/site-packages/airflow/example_dags/example_display_name.py took 0.054 seconds
[2024-05-03T17:16:48.894+0000] {processor.py:161} INFO - Started process (PID=1999) to work on /home/airflow/.local/lib/python3.12/site-packages/airflow/example_dags/example_display_name.py
[2024-05-03T17:16:48.895+0000] {processor.py:830} INFO - Processing file /home/airflow/.local/lib/python3.12/site-packages/airflow/example_dags/example_display_name.py for tasks to queue
[2024-05-03T17:16:48.897+0000] {logging_mixin.py:188} INFO - [2024-05-03T17:16:48.897+0000] {dagbag.py:540} INFO - Filling up the DagBag from /home/airflow/.local/lib/python3.12/site-packages/airflow/example_dags/example_display_name.py
[2024-05-03T17:16:48.904+0000] {processor.py:840} INFO - DAG(s) 'example_display_name' retrieved from /home/airflow/.local/lib/python3.12/site-packages/airflow/example_dags/example_display_name.py
[2024-05-03T17:16:48.925+0000] {logging_mixin.py:188} INFO - [2024-05-03T17:16:48.924+0000] {dag.py:3096} INFO - Sync 1 DAGs
[2024-05-03T17:16:48.934+0000] {logging_mixin.py:188} INFO - [2024-05-03T17:16:48.934+0000] {dag.py:3954} INFO - Setting next_dagrun for example_display_name to None, run_after=None
[2024-05-03T17:16:48.944+0000] {processor.py:183} INFO - Processing /home/airflow/.local/lib/python3.12/site-packages/airflow/example_dags/example_display_name.py took 0.057 seconds
[2024-05-03T17:17:19.003+0000] {processor.py:161} INFO - Started process (PID=2261) to work on /home/airflow/.local/lib/python3.12/site-packages/airflow/example_dags/example_display_name.py
[2024-05-03T17:17:19.004+0000] {processor.py:830} INFO - Processing file /home/airflow/.local/lib/python3.12/site-packages/airflow/example_dags/example_display_name.py for tasks to queue
[2024-05-03T17:17:19.006+0000] {logging_mixin.py:188} INFO - [2024-05-03T17:17:19.005+0000] {dagbag.py:540} INFO - Filling up the DagBag from /home/airflow/.local/lib/python3.12/site-packages/airflow/example_dags/example_display_name.py
[2024-05-03T17:17:19.009+0000] {processor.py:840} INFO - DAG(s) 'example_display_name' retrieved from /home/airflow/.local/lib/python3.12/site-packages/airflow/example_dags/example_display_name.py
[2024-05-03T17:17:19.022+0000] {logging_mixin.py:188} INFO - [2024-05-03T17:17:19.021+0000] {dag.py:3096} INFO - Sync 1 DAGs
[2024-05-03T17:17:19.028+0000] {logging_mixin.py:188} INFO - [2024-05-03T17:17:19.028+0000] {dag.py:3954} INFO - Setting next_dagrun for example_display_name to None, run_after=None
[2024-05-03T17:17:19.038+0000] {processor.py:183} INFO - Processing /home/airflow/.local/lib/python3.12/site-packages/airflow/example_dags/example_display_name.py took 0.038 seconds
[2024-05-03T17:17:49.927+0000] {processor.py:161} INFO - Started process (PID=2523) to work on /home/airflow/.local/lib/python3.12/site-packages/airflow/example_dags/example_display_name.py
[2024-05-03T17:17:49.928+0000] {processor.py:830} INFO - Processing file /home/airflow/.local/lib/python3.12/site-packages/airflow/example_dags/example_display_name.py for tasks to queue
[2024-05-03T17:17:49.929+0000] {logging_mixin.py:188} INFO - [2024-05-03T17:17:49.929+0000] {dagbag.py:540} INFO - Filling up the DagBag from /home/airflow/.local/lib/python3.12/site-packages/airflow/example_dags/example_display_name.py
[2024-05-03T17:17:49.932+0000] {processor.py:840} INFO - DAG(s) 'example_display_name' retrieved from /home/airflow/.local/lib/python3.12/site-packages/airflow/example_dags/example_display_name.py
[2024-05-03T17:17:49.944+0000] {logging_mixin.py:188} INFO - [2024-05-03T17:17:49.944+0000] {dag.py:3096} INFO - Sync 1 DAGs
[2024-05-03T17:17:49.950+0000] {logging_mixin.py:188} INFO - [2024-05-03T17:17:49.950+0000] {dag.py:3954} INFO - Setting next_dagrun for example_display_name to None, run_after=None
[2024-05-03T17:17:49.961+0000] {processor.py:183} INFO - Processing /home/airflow/.local/lib/python3.12/site-packages/airflow/example_dags/example_display_name.py took 0.038 seconds
[2024-05-03T17:18:20.082+0000] {processor.py:161} INFO - Started process (PID=2784) to work on /home/airflow/.local/lib/python3.12/site-packages/airflow/example_dags/example_display_name.py
[2024-05-03T17:18:20.083+0000] {processor.py:830} INFO - Processing file /home/airflow/.local/lib/python3.12/site-packages/airflow/example_dags/example_display_name.py for tasks to queue
[2024-05-03T17:18:20.084+0000] {logging_mixin.py:188} INFO - [2024-05-03T17:18:20.084+0000] {dagbag.py:540} INFO - Filling up the DagBag from /home/airflow/.local/lib/python3.12/site-packages/airflow/example_dags/example_display_name.py
[2024-05-03T17:18:20.087+0000] {processor.py:840} INFO - DAG(s) 'example_display_name' retrieved from /home/airflow/.local/lib/python3.12/site-packages/airflow/example_dags/example_display_name.py
[2024-05-03T17:18:20.099+0000] {logging_mixin.py:188} INFO - [2024-05-03T17:18:20.099+0000] {dag.py:3096} INFO - Sync 1 DAGs
[2024-05-03T17:18:20.106+0000] {logging_mixin.py:188} INFO - [2024-05-03T17:18:20.106+0000] {dag.py:3954} INFO - Setting next_dagrun for example_display_name to None, run_after=None
[2024-05-03T17:18:20.116+0000] {processor.py:183} INFO - Processing /home/airflow/.local/lib/python3.12/site-packages/airflow/example_dags/example_display_name.py took 0.037 seconds
[2024-05-03T17:18:50.265+0000] {processor.py:161} INFO - Started process (PID=3046) to work on /home/airflow/.local/lib/python3.12/site-packages/airflow/example_dags/example_display_name.py
[2024-05-03T17:18:50.266+0000] {processor.py:830} INFO - Processing file /home/airflow/.local/lib/python3.12/site-packages/airflow/example_dags/example_display_name.py for tasks to queue
[2024-05-03T17:18:50.268+0000] {logging_mixin.py:188} INFO - [2024-05-03T17:18:50.268+0000] {dagbag.py:540} INFO - Filling up the DagBag from /home/airflow/.local/lib/python3.12/site-packages/airflow/example_dags/example_display_name.py
[2024-05-03T17:18:50.271+0000] {processor.py:840} INFO - DAG(s) 'example_display_name' retrieved from /home/airflow/.local/lib/python3.12/site-packages/airflow/example_dags/example_display_name.py
[2024-05-03T17:18:50.281+0000] {logging_mixin.py:188} INFO - [2024-05-03T17:18:50.281+0000] {dag.py:3096} INFO - Sync 1 DAGs
[2024-05-03T17:18:50.291+0000] {logging_mixin.py:188} INFO - [2024-05-03T17:18:50.291+0000] {dag.py:3954} INFO - Setting next_dagrun for example_display_name to None, run_after=None
[2024-05-03T17:18:50.308+0000] {processor.py:183} INFO - Processing /home/airflow/.local/lib/python3.12/site-packages/airflow/example_dags/example_display_name.py took 0.047 seconds
[2024-05-03T17:19:20.682+0000] {processor.py:161} INFO - Started process (PID=3307) to work on /home/airflow/.local/lib/python3.12/site-packages/airflow/example_dags/example_display_name.py
[2024-05-03T17:19:20.683+0000] {processor.py:830} INFO - Processing file /home/airflow/.local/lib/python3.12/site-packages/airflow/example_dags/example_display_name.py for tasks to queue
[2024-05-03T17:19:20.684+0000] {logging_mixin.py:188} INFO - [2024-05-03T17:19:20.683+0000] {dagbag.py:540} INFO - Filling up the DagBag from /home/airflow/.local/lib/python3.12/site-packages/airflow/example_dags/example_display_name.py
[2024-05-03T17:19:20.687+0000] {processor.py:840} INFO - DAG(s) 'example_display_name' retrieved from /home/airflow/.local/lib/python3.12/site-packages/airflow/example_dags/example_display_name.py
[2024-05-03T17:19:20.737+0000] {logging_mixin.py:188} INFO - [2024-05-03T17:19:20.737+0000] {dag.py:3096} INFO - Sync 1 DAGs
[2024-05-03T17:19:20.743+0000] {logging_mixin.py:188} INFO - [2024-05-03T17:19:20.742+0000] {dag.py:3954} INFO - Setting next_dagrun for example_display_name to None, run_after=None
[2024-05-03T17:19:20.751+0000] {processor.py:183} INFO - Processing /home/airflow/.local/lib/python3.12/site-packages/airflow/example_dags/example_display_name.py took 0.073 seconds
[2024-05-03T17:19:51.391+0000] {processor.py:161} INFO - Started process (PID=3569) to work on /home/airflow/.local/lib/python3.12/site-packages/airflow/example_dags/example_display_name.py
[2024-05-03T17:19:51.392+0000] {processor.py:830} INFO - Processing file /home/airflow/.local/lib/python3.12/site-packages/airflow/example_dags/example_display_name.py for tasks to queue
[2024-05-03T17:19:51.394+0000] {logging_mixin.py:188} INFO - [2024-05-03T17:19:51.394+0000] {dagbag.py:540} INFO - Filling up the DagBag from /home/airflow/.local/lib/python3.12/site-packages/airflow/example_dags/example_display_name.py
[2024-05-03T17:19:51.400+0000] {processor.py:840} INFO - DAG(s) 'example_display_name' retrieved from /home/airflow/.local/lib/python3.12/site-packages/airflow/example_dags/example_display_name.py
[2024-05-03T17:19:51.412+0000] {logging_mixin.py:188} INFO - [2024-05-03T17:19:51.412+0000] {dag.py:3096} INFO - Sync 1 DAGs
[2024-05-03T17:19:51.419+0000] {logging_mixin.py:188} INFO - [2024-05-03T17:19:51.419+0000] {dag.py:3954} INFO - Setting next_dagrun for example_display_name to None, run_after=None
[2024-05-03T17:19:51.428+0000] {processor.py:183} INFO - Processing /home/airflow/.local/lib/python3.12/site-packages/airflow/example_dags/example_display_name.py took 0.044 seconds
[2024-05-03T17:20:21.535+0000] {processor.py:161} INFO - Started process (PID=3831) to work on /home/airflow/.local/lib/python3.12/site-packages/airflow/example_dags/example_display_name.py
[2024-05-03T17:20:21.537+0000] {processor.py:830} INFO - Processing file /home/airflow/.local/lib/python3.12/site-packages/airflow/example_dags/example_display_name.py for tasks to queue
[2024-05-03T17:20:21.539+0000] {logging_mixin.py:188} INFO - [2024-05-03T17:20:21.539+0000] {dagbag.py:540} INFO - Filling up the DagBag from /home/airflow/.local/lib/python3.12/site-packages/airflow/example_dags/example_display_name.py
[2024-05-03T17:20:21.547+0000] {processor.py:840} INFO - DAG(s) 'example_display_name' retrieved from /home/airflow/.local/lib/python3.12/site-packages/airflow/example_dags/example_display_name.py
[2024-05-03T17:20:21.567+0000] {logging_mixin.py:188} INFO - [2024-05-03T17:20:21.567+0000] {dag.py:3096} INFO - Sync 1 DAGs
[2024-05-03T17:20:21.573+0000] {logging_mixin.py:188} INFO - [2024-05-03T17:20:21.573+0000] {dag.py:3954} INFO - Setting next_dagrun for example_display_name to None, run_after=None
[2024-05-03T17:20:21.583+0000] {processor.py:183} INFO - Processing /home/airflow/.local/lib/python3.12/site-packages/airflow/example_dags/example_display_name.py took 0.057 seconds
[2024-05-03T17:20:51.700+0000] {processor.py:161} INFO - Started process (PID=4093) to work on /home/airflow/.local/lib/python3.12/site-packages/airflow/example_dags/example_display_name.py
[2024-05-03T17:20:51.702+0000] {processor.py:830} INFO - Processing file /home/airflow/.local/lib/python3.12/site-packages/airflow/example_dags/example_display_name.py for tasks to queue
[2024-05-03T17:20:51.704+0000] {logging_mixin.py:188} INFO - [2024-05-03T17:20:51.704+0000] {dagbag.py:540} INFO - Filling up the DagBag from /home/airflow/.local/lib/python3.12/site-packages/airflow/example_dags/example_display_name.py
[2024-05-03T17:20:51.712+0000] {processor.py:840} INFO - DAG(s) 'example_display_name' retrieved from /home/airflow/.local/lib/python3.12/site-packages/airflow/example_dags/example_display_name.py
[2024-05-03T17:20:51.727+0000] {logging_mixin.py:188} INFO - [2024-05-03T17:20:51.726+0000] {dag.py:3096} INFO - Sync 1 DAGs
[2024-05-03T17:20:51.734+0000] {logging_mixin.py:188} INFO - [2024-05-03T17:20:51.734+0000] {dag.py:3954} INFO - Setting next_dagrun for example_display_name to None, run_after=None
[2024-05-03T17:20:51.744+0000] {processor.py:183} INFO - Processing /home/airflow/.local/lib/python3.12/site-packages/airflow/example_dags/example_display_name.py took 0.052 seconds
[2024-05-03T17:21:22.549+0000] {processor.py:161} INFO - Started process (PID=4355) to work on /home/airflow/.local/lib/python3.12/site-packages/airflow/example_dags/example_display_name.py
[2024-05-03T17:21:22.550+0000] {processor.py:830} INFO - Processing file /home/airflow/.local/lib/python3.12/site-packages/airflow/example_dags/example_display_name.py for tasks to queue
[2024-05-03T17:21:22.553+0000] {logging_mixin.py:188} INFO - [2024-05-03T17:21:22.552+0000] {dagbag.py:540} INFO - Filling up the DagBag from /home/airflow/.local/lib/python3.12/site-packages/airflow/example_dags/example_display_name.py
[2024-05-03T17:21:22.560+0000] {processor.py:840} INFO - DAG(s) 'example_display_name' retrieved from /home/airflow/.local/lib/python3.12/site-packages/airflow/example_dags/example_display_name.py
[2024-05-03T17:21:22.581+0000] {logging_mixin.py:188} INFO - [2024-05-03T17:21:22.580+0000] {dag.py:3096} INFO - Sync 1 DAGs
[2024-05-03T17:21:22.588+0000] {logging_mixin.py:188} INFO - [2024-05-03T17:21:22.588+0000] {dag.py:3954} INFO - Setting next_dagrun for example_display_name to None, run_after=None
[2024-05-03T17:21:22.599+0000] {processor.py:183} INFO - Processing /home/airflow/.local/lib/python3.12/site-packages/airflow/example_dags/example_display_name.py took 0.059 seconds
[2024-05-03T17:21:52.709+0000] {processor.py:161} INFO - Started process (PID=4617) to work on /home/airflow/.local/lib/python3.12/site-packages/airflow/example_dags/example_display_name.py
[2024-05-03T17:21:52.710+0000] {processor.py:830} INFO - Processing file /home/airflow/.local/lib/python3.12/site-packages/airflow/example_dags/example_display_name.py for tasks to queue
[2024-05-03T17:21:52.713+0000] {logging_mixin.py:188} INFO - [2024-05-03T17:21:52.712+0000] {dagbag.py:540} INFO - Filling up the DagBag from /home/airflow/.local/lib/python3.12/site-packages/airflow/example_dags/example_display_name.py
[2024-05-03T17:21:52.720+0000] {processor.py:840} INFO - DAG(s) 'example_display_name' retrieved from /home/airflow/.local/lib/python3.12/site-packages/airflow/example_dags/example_display_name.py
[2024-05-03T17:21:52.739+0000] {logging_mixin.py:188} INFO - [2024-05-03T17:21:52.739+0000] {dag.py:3096} INFO - Sync 1 DAGs
[2024-05-03T17:21:52.746+0000] {logging_mixin.py:188} INFO - [2024-05-03T17:21:52.746+0000] {dag.py:3954} INFO - Setting next_dagrun for example_display_name to None, run_after=None
[2024-05-03T17:21:52.756+0000] {processor.py:183} INFO - Processing /home/airflow/.local/lib/python3.12/site-packages/airflow/example_dags/example_display_name.py took 0.056 seconds
[2024-05-03T17:22:23.009+0000] {processor.py:161} INFO - Started process (PID=4879) to work on /home/airflow/.local/lib/python3.12/site-packages/airflow/example_dags/example_display_name.py
[2024-05-03T17:22:23.011+0000] {processor.py:830} INFO - Processing file /home/airflow/.local/lib/python3.12/site-packages/airflow/example_dags/example_display_name.py for tasks to queue
[2024-05-03T17:22:23.013+0000] {logging_mixin.py:188} INFO - [2024-05-03T17:22:23.013+0000] {dagbag.py:540} INFO - Filling up the DagBag from /home/airflow/.local/lib/python3.12/site-packages/airflow/example_dags/example_display_name.py
[2024-05-03T17:22:23.021+0000] {processor.py:840} INFO - DAG(s) 'example_display_name' retrieved from /home/airflow/.local/lib/python3.12/site-packages/airflow/example_dags/example_display_name.py
[2024-05-03T17:22:23.041+0000] {logging_mixin.py:188} INFO - [2024-05-03T17:22:23.041+0000] {dag.py:3096} INFO - Sync 1 DAGs
[2024-05-03T17:22:23.048+0000] {logging_mixin.py:188} INFO - [2024-05-03T17:22:23.048+0000] {dag.py:3954} INFO - Setting next_dagrun for example_display_name to None, run_after=None
[2024-05-03T17:22:23.058+0000] {processor.py:183} INFO - Processing /home/airflow/.local/lib/python3.12/site-packages/airflow/example_dags/example_display_name.py took 0.058 seconds
[2024-05-03T17:22:53.214+0000] {processor.py:161} INFO - Started process (PID=5141) to work on /home/airflow/.local/lib/python3.12/site-packages/airflow/example_dags/example_display_name.py
[2024-05-03T17:22:53.216+0000] {processor.py:830} INFO - Processing file /home/airflow/.local/lib/python3.12/site-packages/airflow/example_dags/example_display_name.py for tasks to queue
[2024-05-03T17:22:53.218+0000] {logging_mixin.py:188} INFO - [2024-05-03T17:22:53.218+0000] {dagbag.py:540} INFO - Filling up the DagBag from /home/airflow/.local/lib/python3.12/site-packages/airflow/example_dags/example_display_name.py
[2024-05-03T17:22:53.226+0000] {processor.py:840} INFO - DAG(s) 'example_display_name' retrieved from /home/airflow/.local/lib/python3.12/site-packages/airflow/example_dags/example_display_name.py
[2024-05-03T17:22:53.242+0000] {logging_mixin.py:188} INFO - [2024-05-03T17:22:53.242+0000] {dag.py:3096} INFO - Sync 1 DAGs
[2024-05-03T17:22:53.249+0000] {logging_mixin.py:188} INFO - [2024-05-03T17:22:53.249+0000] {dag.py:3954} INFO - Setting next_dagrun for example_display_name to None, run_after=None
[2024-05-03T17:22:53.259+0000] {processor.py:183} INFO - Processing /home/airflow/.local/lib/python3.12/site-packages/airflow/example_dags/example_display_name.py took 0.053 seconds
[2024-05-03T17:23:23.368+0000] {processor.py:161} INFO - Started process (PID=5403) to work on /home/airflow/.local/lib/python3.12/site-packages/airflow/example_dags/example_display_name.py
[2024-05-03T17:23:23.369+0000] {processor.py:830} INFO - Processing file /home/airflow/.local/lib/python3.12/site-packages/airflow/example_dags/example_display_name.py for tasks to queue
[2024-05-03T17:23:23.371+0000] {logging_mixin.py:188} INFO - [2024-05-03T17:23:23.371+0000] {dagbag.py:540} INFO - Filling up the DagBag from /home/airflow/.local/lib/python3.12/site-packages/airflow/example_dags/example_display_name.py
[2024-05-03T17:23:23.378+0000] {processor.py:840} INFO - DAG(s) 'example_display_name' retrieved from /home/airflow/.local/lib/python3.12/site-packages/airflow/example_dags/example_display_name.py
[2024-05-03T17:23:23.391+0000] {logging_mixin.py:188} INFO - [2024-05-03T17:23:23.391+0000] {dag.py:3096} INFO - Sync 1 DAGs
[2024-05-03T17:23:23.398+0000] {logging_mixin.py:188} INFO - [2024-05-03T17:23:23.398+0000] {dag.py:3954} INFO - Setting next_dagrun for example_display_name to None, run_after=None
[2024-05-03T17:23:23.410+0000] {processor.py:183} INFO - Processing /home/airflow/.local/lib/python3.12/site-packages/airflow/example_dags/example_display_name.py took 0.050 seconds
[2024-05-03T17:23:53.488+0000] {processor.py:161} INFO - Started process (PID=5665) to work on /home/airflow/.local/lib/python3.12/site-packages/airflow/example_dags/example_display_name.py
[2024-05-03T17:23:53.490+0000] {processor.py:830} INFO - Processing file /home/airflow/.local/lib/python3.12/site-packages/airflow/example_dags/example_display_name.py for tasks to queue
[2024-05-03T17:23:53.492+0000] {logging_mixin.py:188} INFO - [2024-05-03T17:23:53.492+0000] {dagbag.py:540} INFO - Filling up the DagBag from /home/airflow/.local/lib/python3.12/site-packages/airflow/example_dags/example_display_name.py
[2024-05-03T17:23:53.500+0000] {processor.py:840} INFO - DAG(s) 'example_display_name' retrieved from /home/airflow/.local/lib/python3.12/site-packages/airflow/example_dags/example_display_name.py
[2024-05-03T17:23:53.519+0000] {logging_mixin.py:188} INFO - [2024-05-03T17:23:53.519+0000] {dag.py:3096} INFO - Sync 1 DAGs
[2024-05-03T17:23:53.527+0000] {logging_mixin.py:188} INFO - [2024-05-03T17:23:53.527+0000] {dag.py:3954} INFO - Setting next_dagrun for example_display_name to None, run_after=None
[2024-05-03T17:23:53.537+0000] {processor.py:183} INFO - Processing /home/airflow/.local/lib/python3.12/site-packages/airflow/example_dags/example_display_name.py took 0.057 seconds
[2024-05-03T17:24:23.775+0000] {processor.py:161} INFO - Started process (PID=5927) to work on /home/airflow/.local/lib/python3.12/site-packages/airflow/example_dags/example_display_name.py
[2024-05-03T17:24:23.777+0000] {processor.py:830} INFO - Processing file /home/airflow/.local/lib/python3.12/site-packages/airflow/example_dags/example_display_name.py for tasks to queue
[2024-05-03T17:24:23.779+0000] {logging_mixin.py:188} INFO - [2024-05-03T17:24:23.779+0000] {dagbag.py:540} INFO - Filling up the DagBag from /home/airflow/.local/lib/python3.12/site-packages/airflow/example_dags/example_display_name.py
[2024-05-03T17:24:23.786+0000] {processor.py:840} INFO - DAG(s) 'example_display_name' retrieved from /home/airflow/.local/lib/python3.12/site-packages/airflow/example_dags/example_display_name.py
[2024-05-03T17:24:23.803+0000] {logging_mixin.py:188} INFO - [2024-05-03T17:24:23.803+0000] {dag.py:3096} INFO - Sync 1 DAGs
[2024-05-03T17:24:23.810+0000] {logging_mixin.py:188} INFO - [2024-05-03T17:24:23.810+0000] {dag.py:3954} INFO - Setting next_dagrun for example_display_name to None, run_after=None
[2024-05-03T17:24:23.819+0000] {processor.py:183} INFO - Processing /home/airflow/.local/lib/python3.12/site-packages/airflow/example_dags/example_display_name.py took 0.052 seconds
[2024-05-03T17:24:54.156+0000] {processor.py:161} INFO - Started process (PID=6189) to work on /home/airflow/.local/lib/python3.12/site-packages/airflow/example_dags/example_display_name.py
[2024-05-03T17:24:54.158+0000] {processor.py:830} INFO - Processing file /home/airflow/.local/lib/python3.12/site-packages/airflow/example_dags/example_display_name.py for tasks to queue
[2024-05-03T17:24:54.160+0000] {logging_mixin.py:188} INFO - [2024-05-03T17:24:54.160+0000] {dagbag.py:540} INFO - Filling up the DagBag from /home/airflow/.local/lib/python3.12/site-packages/airflow/example_dags/example_display_name.py
[2024-05-03T17:24:54.167+0000] {processor.py:840} INFO - DAG(s) 'example_display_name' retrieved from /home/airflow/.local/lib/python3.12/site-packages/airflow/example_dags/example_display_name.py
[2024-05-03T17:24:54.188+0000] {logging_mixin.py:188} INFO - [2024-05-03T17:24:54.188+0000] {dag.py:3096} INFO - Sync 1 DAGs
[2024-05-03T17:24:54.195+0000] {logging_mixin.py:188} INFO - [2024-05-03T17:24:54.195+0000] {dag.py:3954} INFO - Setting next_dagrun for example_display_name to None, run_after=None
[2024-05-03T17:24:54.204+0000] {processor.py:183} INFO - Processing /home/airflow/.local/lib/python3.12/site-packages/airflow/example_dags/example_display_name.py took 0.056 seconds
[2024-05-03T17:25:24.450+0000] {processor.py:161} INFO - Started process (PID=6451) to work on /home/airflow/.local/lib/python3.12/site-packages/airflow/example_dags/example_display_name.py
[2024-05-03T17:25:24.451+0000] {processor.py:830} INFO - Processing file /home/airflow/.local/lib/python3.12/site-packages/airflow/example_dags/example_display_name.py for tasks to queue
[2024-05-03T17:25:24.454+0000] {logging_mixin.py:188} INFO - [2024-05-03T17:25:24.454+0000] {dagbag.py:540} INFO - Filling up the DagBag from /home/airflow/.local/lib/python3.12/site-packages/airflow/example_dags/example_display_name.py
[2024-05-03T17:25:24.461+0000] {processor.py:840} INFO - DAG(s) 'example_display_name' retrieved from /home/airflow/.local/lib/python3.12/site-packages/airflow/example_dags/example_display_name.py
[2024-05-03T17:25:24.480+0000] {logging_mixin.py:188} INFO - [2024-05-03T17:25:24.480+0000] {dag.py:3096} INFO - Sync 1 DAGs
[2024-05-03T17:25:24.487+0000] {logging_mixin.py:188} INFO - [2024-05-03T17:25:24.487+0000] {dag.py:3954} INFO - Setting next_dagrun for example_display_name to None, run_after=None
[2024-05-03T17:25:24.498+0000] {processor.py:183} INFO - Processing /home/airflow/.local/lib/python3.12/site-packages/airflow/example_dags/example_display_name.py took 0.056 seconds
[2024-05-03T17:25:54.675+0000] {processor.py:161} INFO - Started process (PID=6713) to work on /home/airflow/.local/lib/python3.12/site-packages/airflow/example_dags/example_display_name.py
[2024-05-03T17:25:54.677+0000] {processor.py:830} INFO - Processing file /home/airflow/.local/lib/python3.12/site-packages/airflow/example_dags/example_display_name.py for tasks to queue
[2024-05-03T17:25:54.680+0000] {logging_mixin.py:188} INFO - [2024-05-03T17:25:54.679+0000] {dagbag.py:540} INFO - Filling up the DagBag from /home/airflow/.local/lib/python3.12/site-packages/airflow/example_dags/example_display_name.py
[2024-05-03T17:25:54.687+0000] {processor.py:840} INFO - DAG(s) 'example_display_name' retrieved from /home/airflow/.local/lib/python3.12/site-packages/airflow/example_dags/example_display_name.py
[2024-05-03T17:25:54.706+0000] {logging_mixin.py:188} INFO - [2024-05-03T17:25:54.706+0000] {dag.py:3096} INFO - Sync 1 DAGs
[2024-05-03T17:25:54.713+0000] {logging_mixin.py:188} INFO - [2024-05-03T17:25:54.713+0000] {dag.py:3954} INFO - Setting next_dagrun for example_display_name to None, run_after=None
[2024-05-03T17:25:54.724+0000] {processor.py:183} INFO - Processing /home/airflow/.local/lib/python3.12/site-packages/airflow/example_dags/example_display_name.py took 0.057 seconds
[2024-05-03T17:26:24.945+0000] {processor.py:161} INFO - Started process (PID=6975) to work on /home/airflow/.local/lib/python3.12/site-packages/airflow/example_dags/example_display_name.py
[2024-05-03T17:26:24.947+0000] {processor.py:830} INFO - Processing file /home/airflow/.local/lib/python3.12/site-packages/airflow/example_dags/example_display_name.py for tasks to queue
[2024-05-03T17:26:24.949+0000] {logging_mixin.py:188} INFO - [2024-05-03T17:26:24.949+0000] {dagbag.py:540} INFO - Filling up the DagBag from /home/airflow/.local/lib/python3.12/site-packages/airflow/example_dags/example_display_name.py
[2024-05-03T17:26:24.956+0000] {processor.py:840} INFO - DAG(s) 'example_display_name' retrieved from /home/airflow/.local/lib/python3.12/site-packages/airflow/example_dags/example_display_name.py
[2024-05-03T17:26:24.970+0000] {logging_mixin.py:188} INFO - [2024-05-03T17:26:24.970+0000] {dag.py:3096} INFO - Sync 1 DAGs
[2024-05-03T17:26:25.068+0000] {logging_mixin.py:188} INFO - [2024-05-03T17:26:25.068+0000] {dag.py:3954} INFO - Setting next_dagrun for example_display_name to None, run_after=None
[2024-05-03T17:26:25.076+0000] {processor.py:183} INFO - Processing /home/airflow/.local/lib/python3.12/site-packages/airflow/example_dags/example_display_name.py took 0.138 seconds
[2024-05-03T17:26:55.337+0000] {processor.py:161} INFO - Started process (PID=7237) to work on /home/airflow/.local/lib/python3.12/site-packages/airflow/example_dags/example_display_name.py
[2024-05-03T17:26:55.339+0000] {processor.py:830} INFO - Processing file /home/airflow/.local/lib/python3.12/site-packages/airflow/example_dags/example_display_name.py for tasks to queue
[2024-05-03T17:26:55.342+0000] {logging_mixin.py:188} INFO - [2024-05-03T17:26:55.341+0000] {dagbag.py:540} INFO - Filling up the DagBag from /home/airflow/.local/lib/python3.12/site-packages/airflow/example_dags/example_display_name.py
[2024-05-03T17:26:55.349+0000] {processor.py:840} INFO - DAG(s) 'example_display_name' retrieved from /home/airflow/.local/lib/python3.12/site-packages/airflow/example_dags/example_display_name.py
[2024-05-03T17:26:55.368+0000] {logging_mixin.py:188} INFO - [2024-05-03T17:26:55.368+0000] {dag.py:3096} INFO - Sync 1 DAGs
[2024-05-03T17:26:55.375+0000] {logging_mixin.py:188} INFO - [2024-05-03T17:26:55.375+0000] {dag.py:3954} INFO - Setting next_dagrun for example_display_name to None, run_after=None
[2024-05-03T17:26:55.473+0000] {processor.py:183} INFO - Processing /home/airflow/.local/lib/python3.12/site-packages/airflow/example_dags/example_display_name.py took 0.143 seconds
