[2024-05-03T17:13:15.195+0000] {processor.py:161} INFO - Started process (PID=263) to work on /home/airflow/.local/lib/python3.12/site-packages/airflow/example_dags/example_latest_only_with_trigger.py
[2024-05-03T17:13:15.196+0000] {processor.py:830} INFO - Processing file /home/airflow/.local/lib/python3.12/site-packages/airflow/example_dags/example_latest_only_with_trigger.py for tasks to queue
[2024-05-03T17:13:15.197+0000] {logging_mixin.py:188} INFO - [2024-05-03T17:13:15.196+0000] {dagbag.py:540} INFO - Filling up the DagBag from /home/airflow/.local/lib/python3.12/site-packages/airflow/example_dags/example_latest_only_with_trigger.py
[2024-05-03T17:13:15.200+0000] {processor.py:840} INFO - DAG(s) 'latest_only_with_trigger' retrieved from /home/airflow/.local/lib/python3.12/site-packages/airflow/example_dags/example_latest_only_with_trigger.py
[2024-05-03T17:13:15.206+0000] {logging_mixin.py:188} INFO - [2024-05-03T17:13:15.206+0000] {dag.py:3096} INFO - Sync 1 DAGs
[2024-05-03T17:13:15.218+0000] {logging_mixin.py:188} INFO - [2024-05-03T17:13:15.218+0000] {dag.py:3954} INFO - Setting next_dagrun for latest_only_with_trigger to 2024-05-03 12:00:00+00:00, run_after=2024-05-03 16:00:00+00:00
[2024-05-03T17:13:15.230+0000] {processor.py:183} INFO - Processing /home/airflow/.local/lib/python3.12/site-packages/airflow/example_dags/example_latest_only_with_trigger.py took 0.038 seconds
[2024-05-03T17:13:46.355+0000] {processor.py:161} INFO - Started process (PID=525) to work on /home/airflow/.local/lib/python3.12/site-packages/airflow/example_dags/example_latest_only_with_trigger.py
[2024-05-03T17:13:46.356+0000] {processor.py:830} INFO - Processing file /home/airflow/.local/lib/python3.12/site-packages/airflow/example_dags/example_latest_only_with_trigger.py for tasks to queue
[2024-05-03T17:13:46.357+0000] {logging_mixin.py:188} INFO - [2024-05-03T17:13:46.357+0000] {dagbag.py:540} INFO - Filling up the DagBag from /home/airflow/.local/lib/python3.12/site-packages/airflow/example_dags/example_latest_only_with_trigger.py
[2024-05-03T17:13:46.360+0000] {processor.py:840} INFO - DAG(s) 'latest_only_with_trigger' retrieved from /home/airflow/.local/lib/python3.12/site-packages/airflow/example_dags/example_latest_only_with_trigger.py
[2024-05-03T17:13:46.406+0000] {logging_mixin.py:188} INFO - [2024-05-03T17:13:46.406+0000] {dag.py:3096} INFO - Sync 1 DAGs
[2024-05-03T17:13:46.417+0000] {logging_mixin.py:188} INFO - [2024-05-03T17:13:46.417+0000] {dag.py:3954} INFO - Setting next_dagrun for latest_only_with_trigger to 2024-05-03 12:00:00+00:00, run_after=2024-05-03 16:00:00+00:00
[2024-05-03T17:13:46.426+0000] {processor.py:183} INFO - Processing /home/airflow/.local/lib/python3.12/site-packages/airflow/example_dags/example_latest_only_with_trigger.py took 0.074 seconds
[2024-05-03T17:14:17.119+0000] {processor.py:161} INFO - Started process (PID=789) to work on /home/airflow/.local/lib/python3.12/site-packages/airflow/example_dags/example_latest_only_with_trigger.py
[2024-05-03T17:14:17.119+0000] {processor.py:830} INFO - Processing file /home/airflow/.local/lib/python3.12/site-packages/airflow/example_dags/example_latest_only_with_trigger.py for tasks to queue
[2024-05-03T17:14:17.120+0000] {logging_mixin.py:188} INFO - [2024-05-03T17:14:17.120+0000] {dagbag.py:540} INFO - Filling up the DagBag from /home/airflow/.local/lib/python3.12/site-packages/airflow/example_dags/example_latest_only_with_trigger.py
[2024-05-03T17:14:17.123+0000] {processor.py:840} INFO - DAG(s) 'latest_only_with_trigger' retrieved from /home/airflow/.local/lib/python3.12/site-packages/airflow/example_dags/example_latest_only_with_trigger.py
[2024-05-03T17:14:17.134+0000] {logging_mixin.py:188} INFO - [2024-05-03T17:14:17.134+0000] {dag.py:3096} INFO - Sync 1 DAGs
[2024-05-03T17:14:17.145+0000] {logging_mixin.py:188} INFO - [2024-05-03T17:14:17.145+0000] {dag.py:3954} INFO - Setting next_dagrun for latest_only_with_trigger to 2024-05-03 12:00:00+00:00, run_after=2024-05-03 16:00:00+00:00
[2024-05-03T17:14:17.153+0000] {processor.py:183} INFO - Processing /home/airflow/.local/lib/python3.12/site-packages/airflow/example_dags/example_latest_only_with_trigger.py took 0.037 seconds
[2024-05-03T17:14:47.806+0000] {processor.py:161} INFO - Started process (PID=1051) to work on /home/airflow/.local/lib/python3.12/site-packages/airflow/example_dags/example_latest_only_with_trigger.py
[2024-05-03T17:14:47.806+0000] {processor.py:830} INFO - Processing file /home/airflow/.local/lib/python3.12/site-packages/airflow/example_dags/example_latest_only_with_trigger.py for tasks to queue
[2024-05-03T17:14:47.807+0000] {logging_mixin.py:188} INFO - [2024-05-03T17:14:47.807+0000] {dagbag.py:540} INFO - Filling up the DagBag from /home/airflow/.local/lib/python3.12/site-packages/airflow/example_dags/example_latest_only_with_trigger.py
[2024-05-03T17:14:47.810+0000] {processor.py:840} INFO - DAG(s) 'latest_only_with_trigger' retrieved from /home/airflow/.local/lib/python3.12/site-packages/airflow/example_dags/example_latest_only_with_trigger.py
[2024-05-03T17:14:47.820+0000] {logging_mixin.py:188} INFO - [2024-05-03T17:14:47.820+0000] {dag.py:3096} INFO - Sync 1 DAGs
[2024-05-03T17:14:47.829+0000] {logging_mixin.py:188} INFO - [2024-05-03T17:14:47.829+0000] {dag.py:3954} INFO - Setting next_dagrun for latest_only_with_trigger to 2024-05-03 12:00:00+00:00, run_after=2024-05-03 16:00:00+00:00
[2024-05-03T17:14:47.837+0000] {processor.py:183} INFO - Processing /home/airflow/.local/lib/python3.12/site-packages/airflow/example_dags/example_latest_only_with_trigger.py took 0.034 seconds
[2024-05-03T17:15:18.740+0000] {processor.py:161} INFO - Started process (PID=1311) to work on /home/airflow/.local/lib/python3.12/site-packages/airflow/example_dags/example_latest_only_with_trigger.py
[2024-05-03T17:15:18.740+0000] {processor.py:830} INFO - Processing file /home/airflow/.local/lib/python3.12/site-packages/airflow/example_dags/example_latest_only_with_trigger.py for tasks to queue
[2024-05-03T17:15:18.742+0000] {logging_mixin.py:188} INFO - [2024-05-03T17:15:18.742+0000] {dagbag.py:540} INFO - Filling up the DagBag from /home/airflow/.local/lib/python3.12/site-packages/airflow/example_dags/example_latest_only_with_trigger.py
[2024-05-03T17:15:18.745+0000] {processor.py:840} INFO - DAG(s) 'latest_only_with_trigger' retrieved from /home/airflow/.local/lib/python3.12/site-packages/airflow/example_dags/example_latest_only_with_trigger.py
[2024-05-03T17:15:18.758+0000] {logging_mixin.py:188} INFO - [2024-05-03T17:15:18.758+0000] {dag.py:3096} INFO - Sync 1 DAGs
[2024-05-03T17:15:18.771+0000] {logging_mixin.py:188} INFO - [2024-05-03T17:15:18.771+0000] {dag.py:3954} INFO - Setting next_dagrun for latest_only_with_trigger to 2024-05-03 12:00:00+00:00, run_after=2024-05-03 16:00:00+00:00
[2024-05-03T17:15:18.781+0000] {processor.py:183} INFO - Processing /home/airflow/.local/lib/python3.12/site-packages/airflow/example_dags/example_latest_only_with_trigger.py took 0.045 seconds
[2024-05-03T17:15:48.847+0000] {processor.py:161} INFO - Started process (PID=1575) to work on /home/airflow/.local/lib/python3.12/site-packages/airflow/example_dags/example_latest_only_with_trigger.py
[2024-05-03T17:15:48.848+0000] {processor.py:830} INFO - Processing file /home/airflow/.local/lib/python3.12/site-packages/airflow/example_dags/example_latest_only_with_trigger.py for tasks to queue
[2024-05-03T17:15:48.849+0000] {logging_mixin.py:188} INFO - [2024-05-03T17:15:48.848+0000] {dagbag.py:540} INFO - Filling up the DagBag from /home/airflow/.local/lib/python3.12/site-packages/airflow/example_dags/example_latest_only_with_trigger.py
[2024-05-03T17:15:48.851+0000] {processor.py:840} INFO - DAG(s) 'latest_only_with_trigger' retrieved from /home/airflow/.local/lib/python3.12/site-packages/airflow/example_dags/example_latest_only_with_trigger.py
[2024-05-03T17:15:48.862+0000] {logging_mixin.py:188} INFO - [2024-05-03T17:15:48.862+0000] {dag.py:3096} INFO - Sync 1 DAGs
[2024-05-03T17:15:48.872+0000] {logging_mixin.py:188} INFO - [2024-05-03T17:15:48.872+0000] {dag.py:3954} INFO - Setting next_dagrun for latest_only_with_trigger to 2024-05-03 12:00:00+00:00, run_after=2024-05-03 16:00:00+00:00
[2024-05-03T17:15:48.880+0000] {processor.py:183} INFO - Processing /home/airflow/.local/lib/python3.12/site-packages/airflow/example_dags/example_latest_only_with_trigger.py took 0.036 seconds
[2024-05-03T17:16:19.656+0000] {processor.py:161} INFO - Started process (PID=1837) to work on /home/airflow/.local/lib/python3.12/site-packages/airflow/example_dags/example_latest_only_with_trigger.py
[2024-05-03T17:16:19.657+0000] {processor.py:830} INFO - Processing file /home/airflow/.local/lib/python3.12/site-packages/airflow/example_dags/example_latest_only_with_trigger.py for tasks to queue
[2024-05-03T17:16:19.658+0000] {logging_mixin.py:188} INFO - [2024-05-03T17:16:19.658+0000] {dagbag.py:540} INFO - Filling up the DagBag from /home/airflow/.local/lib/python3.12/site-packages/airflow/example_dags/example_latest_only_with_trigger.py
[2024-05-03T17:16:19.661+0000] {processor.py:840} INFO - DAG(s) 'latest_only_with_trigger' retrieved from /home/airflow/.local/lib/python3.12/site-packages/airflow/example_dags/example_latest_only_with_trigger.py
[2024-05-03T17:16:19.672+0000] {logging_mixin.py:188} INFO - [2024-05-03T17:16:19.672+0000] {dag.py:3096} INFO - Sync 1 DAGs
[2024-05-03T17:16:19.682+0000] {logging_mixin.py:188} INFO - [2024-05-03T17:16:19.682+0000] {dag.py:3954} INFO - Setting next_dagrun for latest_only_with_trigger to 2024-05-03 12:00:00+00:00, run_after=2024-05-03 16:00:00+00:00
[2024-05-03T17:16:19.690+0000] {processor.py:183} INFO - Processing /home/airflow/.local/lib/python3.12/site-packages/airflow/example_dags/example_latest_only_with_trigger.py took 0.037 seconds
[2024-05-03T17:16:50.508+0000] {processor.py:161} INFO - Started process (PID=2099) to work on /home/airflow/.local/lib/python3.12/site-packages/airflow/example_dags/example_latest_only_with_trigger.py
[2024-05-03T17:16:50.509+0000] {processor.py:830} INFO - Processing file /home/airflow/.local/lib/python3.12/site-packages/airflow/example_dags/example_latest_only_with_trigger.py for tasks to queue
[2024-05-03T17:16:50.510+0000] {logging_mixin.py:188} INFO - [2024-05-03T17:16:50.510+0000] {dagbag.py:540} INFO - Filling up the DagBag from /home/airflow/.local/lib/python3.12/site-packages/airflow/example_dags/example_latest_only_with_trigger.py
[2024-05-03T17:16:50.513+0000] {processor.py:840} INFO - DAG(s) 'latest_only_with_trigger' retrieved from /home/airflow/.local/lib/python3.12/site-packages/airflow/example_dags/example_latest_only_with_trigger.py
[2024-05-03T17:16:50.525+0000] {logging_mixin.py:188} INFO - [2024-05-03T17:16:50.525+0000] {dag.py:3096} INFO - Sync 1 DAGs
[2024-05-03T17:16:50.535+0000] {logging_mixin.py:188} INFO - [2024-05-03T17:16:50.535+0000] {dag.py:3954} INFO - Setting next_dagrun for latest_only_with_trigger to 2024-05-03 12:00:00+00:00, run_after=2024-05-03 16:00:00+00:00
[2024-05-03T17:16:50.544+0000] {processor.py:183} INFO - Processing /home/airflow/.local/lib/python3.12/site-packages/airflow/example_dags/example_latest_only_with_trigger.py took 0.039 seconds
[2024-05-03T17:17:20.653+0000] {processor.py:161} INFO - Started process (PID=2359) to work on /home/airflow/.local/lib/python3.12/site-packages/airflow/example_dags/example_latest_only_with_trigger.py
[2024-05-03T17:17:20.654+0000] {processor.py:830} INFO - Processing file /home/airflow/.local/lib/python3.12/site-packages/airflow/example_dags/example_latest_only_with_trigger.py for tasks to queue
[2024-05-03T17:17:20.655+0000] {logging_mixin.py:188} INFO - [2024-05-03T17:17:20.655+0000] {dagbag.py:540} INFO - Filling up the DagBag from /home/airflow/.local/lib/python3.12/site-packages/airflow/example_dags/example_latest_only_with_trigger.py
[2024-05-03T17:17:20.658+0000] {processor.py:840} INFO - DAG(s) 'latest_only_with_trigger' retrieved from /home/airflow/.local/lib/python3.12/site-packages/airflow/example_dags/example_latest_only_with_trigger.py
[2024-05-03T17:17:20.671+0000] {logging_mixin.py:188} INFO - [2024-05-03T17:17:20.671+0000] {dag.py:3096} INFO - Sync 1 DAGs
[2024-05-03T17:17:20.683+0000] {logging_mixin.py:188} INFO - [2024-05-03T17:17:20.683+0000] {dag.py:3954} INFO - Setting next_dagrun for latest_only_with_trigger to 2024-05-03 12:00:00+00:00, run_after=2024-05-03 16:00:00+00:00
[2024-05-03T17:17:20.694+0000] {processor.py:183} INFO - Processing /home/airflow/.local/lib/python3.12/site-packages/airflow/example_dags/example_latest_only_with_trigger.py took 0.044 seconds
[2024-05-03T17:17:51.561+0000] {processor.py:161} INFO - Started process (PID=2621) to work on /home/airflow/.local/lib/python3.12/site-packages/airflow/example_dags/example_latest_only_with_trigger.py
[2024-05-03T17:17:51.562+0000] {processor.py:830} INFO - Processing file /home/airflow/.local/lib/python3.12/site-packages/airflow/example_dags/example_latest_only_with_trigger.py for tasks to queue
[2024-05-03T17:17:51.563+0000] {logging_mixin.py:188} INFO - [2024-05-03T17:17:51.563+0000] {dagbag.py:540} INFO - Filling up the DagBag from /home/airflow/.local/lib/python3.12/site-packages/airflow/example_dags/example_latest_only_with_trigger.py
[2024-05-03T17:17:51.566+0000] {processor.py:840} INFO - DAG(s) 'latest_only_with_trigger' retrieved from /home/airflow/.local/lib/python3.12/site-packages/airflow/example_dags/example_latest_only_with_trigger.py
[2024-05-03T17:17:51.578+0000] {logging_mixin.py:188} INFO - [2024-05-03T17:17:51.577+0000] {dag.py:3096} INFO - Sync 1 DAGs
[2024-05-03T17:17:51.588+0000] {logging_mixin.py:188} INFO - [2024-05-03T17:17:51.588+0000] {dag.py:3954} INFO - Setting next_dagrun for latest_only_with_trigger to 2024-05-03 12:00:00+00:00, run_after=2024-05-03 16:00:00+00:00
[2024-05-03T17:17:51.598+0000] {processor.py:183} INFO - Processing /home/airflow/.local/lib/python3.12/site-packages/airflow/example_dags/example_latest_only_with_trigger.py took 0.041 seconds
[2024-05-03T17:18:21.815+0000] {processor.py:161} INFO - Started process (PID=2882) to work on /home/airflow/.local/lib/python3.12/site-packages/airflow/example_dags/example_latest_only_with_trigger.py
[2024-05-03T17:18:21.816+0000] {processor.py:830} INFO - Processing file /home/airflow/.local/lib/python3.12/site-packages/airflow/example_dags/example_latest_only_with_trigger.py for tasks to queue
[2024-05-03T17:18:21.817+0000] {logging_mixin.py:188} INFO - [2024-05-03T17:18:21.817+0000] {dagbag.py:540} INFO - Filling up the DagBag from /home/airflow/.local/lib/python3.12/site-packages/airflow/example_dags/example_latest_only_with_trigger.py
[2024-05-03T17:18:21.820+0000] {processor.py:840} INFO - DAG(s) 'latest_only_with_trigger' retrieved from /home/airflow/.local/lib/python3.12/site-packages/airflow/example_dags/example_latest_only_with_trigger.py
[2024-05-03T17:18:21.832+0000] {logging_mixin.py:188} INFO - [2024-05-03T17:18:21.831+0000] {dag.py:3096} INFO - Sync 1 DAGs
[2024-05-03T17:18:21.843+0000] {logging_mixin.py:188} INFO - [2024-05-03T17:18:21.842+0000] {dag.py:3954} INFO - Setting next_dagrun for latest_only_with_trigger to 2024-05-03 12:00:00+00:00, run_after=2024-05-03 16:00:00+00:00
[2024-05-03T17:18:21.852+0000] {processor.py:183} INFO - Processing /home/airflow/.local/lib/python3.12/site-packages/airflow/example_dags/example_latest_only_with_trigger.py took 0.040 seconds
[2024-05-03T17:18:51.940+0000] {processor.py:161} INFO - Started process (PID=3146) to work on /home/airflow/.local/lib/python3.12/site-packages/airflow/example_dags/example_latest_only_with_trigger.py
[2024-05-03T17:18:51.940+0000] {processor.py:830} INFO - Processing file /home/airflow/.local/lib/python3.12/site-packages/airflow/example_dags/example_latest_only_with_trigger.py for tasks to queue
[2024-05-03T17:18:51.941+0000] {logging_mixin.py:188} INFO - [2024-05-03T17:18:51.941+0000] {dagbag.py:540} INFO - Filling up the DagBag from /home/airflow/.local/lib/python3.12/site-packages/airflow/example_dags/example_latest_only_with_trigger.py
[2024-05-03T17:18:51.945+0000] {processor.py:840} INFO - DAG(s) 'latest_only_with_trigger' retrieved from /home/airflow/.local/lib/python3.12/site-packages/airflow/example_dags/example_latest_only_with_trigger.py
[2024-05-03T17:18:51.952+0000] {logging_mixin.py:188} INFO - [2024-05-03T17:18:51.952+0000] {dag.py:3096} INFO - Sync 1 DAGs
[2024-05-03T17:18:51.964+0000] {logging_mixin.py:188} INFO - [2024-05-03T17:18:51.964+0000] {dag.py:3954} INFO - Setting next_dagrun for latest_only_with_trigger to 2024-05-03 12:00:00+00:00, run_after=2024-05-03 16:00:00+00:00
[2024-05-03T17:18:51.974+0000] {processor.py:183} INFO - Processing /home/airflow/.local/lib/python3.12/site-packages/airflow/example_dags/example_latest_only_with_trigger.py took 0.037 seconds
[2024-05-03T17:19:22.628+0000] {processor.py:161} INFO - Started process (PID=3405) to work on /home/airflow/.local/lib/python3.12/site-packages/airflow/example_dags/example_latest_only_with_trigger.py
[2024-05-03T17:19:22.629+0000] {processor.py:830} INFO - Processing file /home/airflow/.local/lib/python3.12/site-packages/airflow/example_dags/example_latest_only_with_trigger.py for tasks to queue
[2024-05-03T17:19:22.630+0000] {logging_mixin.py:188} INFO - [2024-05-03T17:19:22.630+0000] {dagbag.py:540} INFO - Filling up the DagBag from /home/airflow/.local/lib/python3.12/site-packages/airflow/example_dags/example_latest_only_with_trigger.py
[2024-05-03T17:19:22.633+0000] {processor.py:840} INFO - DAG(s) 'latest_only_with_trigger' retrieved from /home/airflow/.local/lib/python3.12/site-packages/airflow/example_dags/example_latest_only_with_trigger.py
[2024-05-03T17:19:22.678+0000] {logging_mixin.py:188} INFO - [2024-05-03T17:19:22.678+0000] {dag.py:3096} INFO - Sync 1 DAGs
[2024-05-03T17:19:22.686+0000] {logging_mixin.py:188} INFO - [2024-05-03T17:19:22.686+0000] {dag.py:3954} INFO - Setting next_dagrun for latest_only_with_trigger to 2024-05-03 12:00:00+00:00, run_after=2024-05-03 16:00:00+00:00
[2024-05-03T17:19:22.695+0000] {processor.py:183} INFO - Processing /home/airflow/.local/lib/python3.12/site-packages/airflow/example_dags/example_latest_only_with_trigger.py took 0.070 seconds
[2024-05-03T17:19:53.082+0000] {processor.py:161} INFO - Started process (PID=3667) to work on /home/airflow/.local/lib/python3.12/site-packages/airflow/example_dags/example_latest_only_with_trigger.py
[2024-05-03T17:19:53.082+0000] {processor.py:830} INFO - Processing file /home/airflow/.local/lib/python3.12/site-packages/airflow/example_dags/example_latest_only_with_trigger.py for tasks to queue
[2024-05-03T17:19:53.083+0000] {logging_mixin.py:188} INFO - [2024-05-03T17:19:53.083+0000] {dagbag.py:540} INFO - Filling up the DagBag from /home/airflow/.local/lib/python3.12/site-packages/airflow/example_dags/example_latest_only_with_trigger.py
[2024-05-03T17:19:53.086+0000] {processor.py:840} INFO - DAG(s) 'latest_only_with_trigger' retrieved from /home/airflow/.local/lib/python3.12/site-packages/airflow/example_dags/example_latest_only_with_trigger.py
[2024-05-03T17:19:53.097+0000] {logging_mixin.py:188} INFO - [2024-05-03T17:19:53.097+0000] {dag.py:3096} INFO - Sync 1 DAGs
[2024-05-03T17:19:53.107+0000] {logging_mixin.py:188} INFO - [2024-05-03T17:19:53.107+0000] {dag.py:3954} INFO - Setting next_dagrun for latest_only_with_trigger to 2024-05-03 12:00:00+00:00, run_after=2024-05-03 16:00:00+00:00
[2024-05-03T17:19:53.116+0000] {processor.py:183} INFO - Processing /home/airflow/.local/lib/python3.12/site-packages/airflow/example_dags/example_latest_only_with_trigger.py took 0.037 seconds
[2024-05-03T17:20:23.197+0000] {processor.py:161} INFO - Started process (PID=3929) to work on /home/airflow/.local/lib/python3.12/site-packages/airflow/example_dags/example_latest_only_with_trigger.py
[2024-05-03T17:20:23.198+0000] {processor.py:830} INFO - Processing file /home/airflow/.local/lib/python3.12/site-packages/airflow/example_dags/example_latest_only_with_trigger.py for tasks to queue
[2024-05-03T17:20:23.199+0000] {logging_mixin.py:188} INFO - [2024-05-03T17:20:23.199+0000] {dagbag.py:540} INFO - Filling up the DagBag from /home/airflow/.local/lib/python3.12/site-packages/airflow/example_dags/example_latest_only_with_trigger.py
[2024-05-03T17:20:23.202+0000] {processor.py:840} INFO - DAG(s) 'latest_only_with_trigger' retrieved from /home/airflow/.local/lib/python3.12/site-packages/airflow/example_dags/example_latest_only_with_trigger.py
[2024-05-03T17:20:23.213+0000] {logging_mixin.py:188} INFO - [2024-05-03T17:20:23.213+0000] {dag.py:3096} INFO - Sync 1 DAGs
[2024-05-03T17:20:23.224+0000] {logging_mixin.py:188} INFO - [2024-05-03T17:20:23.223+0000] {dag.py:3954} INFO - Setting next_dagrun for latest_only_with_trigger to 2024-05-03 12:00:00+00:00, run_after=2024-05-03 16:00:00+00:00
[2024-05-03T17:20:23.232+0000] {processor.py:183} INFO - Processing /home/airflow/.local/lib/python3.12/site-packages/airflow/example_dags/example_latest_only_with_trigger.py took 0.038 seconds
[2024-05-03T17:20:53.303+0000] {processor.py:161} INFO - Started process (PID=4193) to work on /home/airflow/.local/lib/python3.12/site-packages/airflow/example_dags/example_latest_only_with_trigger.py
[2024-05-03T17:20:53.304+0000] {processor.py:830} INFO - Processing file /home/airflow/.local/lib/python3.12/site-packages/airflow/example_dags/example_latest_only_with_trigger.py for tasks to queue
[2024-05-03T17:20:53.305+0000] {logging_mixin.py:188} INFO - [2024-05-03T17:20:53.305+0000] {dagbag.py:540} INFO - Filling up the DagBag from /home/airflow/.local/lib/python3.12/site-packages/airflow/example_dags/example_latest_only_with_trigger.py
[2024-05-03T17:20:53.308+0000] {processor.py:840} INFO - DAG(s) 'latest_only_with_trigger' retrieved from /home/airflow/.local/lib/python3.12/site-packages/airflow/example_dags/example_latest_only_with_trigger.py
[2024-05-03T17:20:53.318+0000] {logging_mixin.py:188} INFO - [2024-05-03T17:20:53.318+0000] {dag.py:3096} INFO - Sync 1 DAGs
[2024-05-03T17:20:53.328+0000] {logging_mixin.py:188} INFO - [2024-05-03T17:20:53.328+0000] {dag.py:3954} INFO - Setting next_dagrun for latest_only_with_trigger to 2024-05-03 12:00:00+00:00, run_after=2024-05-03 16:00:00+00:00
[2024-05-03T17:20:53.336+0000] {processor.py:183} INFO - Processing /home/airflow/.local/lib/python3.12/site-packages/airflow/example_dags/example_latest_only_with_trigger.py took 0.036 seconds
[2024-05-03T17:21:24.271+0000] {processor.py:161} INFO - Started process (PID=4453) to work on /home/airflow/.local/lib/python3.12/site-packages/airflow/example_dags/example_latest_only_with_trigger.py
[2024-05-03T17:21:24.272+0000] {processor.py:830} INFO - Processing file /home/airflow/.local/lib/python3.12/site-packages/airflow/example_dags/example_latest_only_with_trigger.py for tasks to queue
[2024-05-03T17:21:24.273+0000] {logging_mixin.py:188} INFO - [2024-05-03T17:21:24.273+0000] {dagbag.py:540} INFO - Filling up the DagBag from /home/airflow/.local/lib/python3.12/site-packages/airflow/example_dags/example_latest_only_with_trigger.py
[2024-05-03T17:21:24.275+0000] {processor.py:840} INFO - DAG(s) 'latest_only_with_trigger' retrieved from /home/airflow/.local/lib/python3.12/site-packages/airflow/example_dags/example_latest_only_with_trigger.py
[2024-05-03T17:21:24.287+0000] {logging_mixin.py:188} INFO - [2024-05-03T17:21:24.286+0000] {dag.py:3096} INFO - Sync 1 DAGs
[2024-05-03T17:21:24.296+0000] {logging_mixin.py:188} INFO - [2024-05-03T17:21:24.296+0000] {dag.py:3954} INFO - Setting next_dagrun for latest_only_with_trigger to 2024-05-03 12:00:00+00:00, run_after=2024-05-03 16:00:00+00:00
[2024-05-03T17:21:24.304+0000] {processor.py:183} INFO - Processing /home/airflow/.local/lib/python3.12/site-packages/airflow/example_dags/example_latest_only_with_trigger.py took 0.036 seconds
[2024-05-03T17:21:54.513+0000] {processor.py:161} INFO - Started process (PID=4715) to work on /home/airflow/.local/lib/python3.12/site-packages/airflow/example_dags/example_latest_only_with_trigger.py
[2024-05-03T17:21:54.513+0000] {processor.py:830} INFO - Processing file /home/airflow/.local/lib/python3.12/site-packages/airflow/example_dags/example_latest_only_with_trigger.py for tasks to queue
[2024-05-03T17:21:54.514+0000] {logging_mixin.py:188} INFO - [2024-05-03T17:21:54.514+0000] {dagbag.py:540} INFO - Filling up the DagBag from /home/airflow/.local/lib/python3.12/site-packages/airflow/example_dags/example_latest_only_with_trigger.py
[2024-05-03T17:21:54.517+0000] {processor.py:840} INFO - DAG(s) 'latest_only_with_trigger' retrieved from /home/airflow/.local/lib/python3.12/site-packages/airflow/example_dags/example_latest_only_with_trigger.py
[2024-05-03T17:21:54.528+0000] {logging_mixin.py:188} INFO - [2024-05-03T17:21:54.528+0000] {dag.py:3096} INFO - Sync 1 DAGs
[2024-05-03T17:21:54.537+0000] {logging_mixin.py:188} INFO - [2024-05-03T17:21:54.537+0000] {dag.py:3954} INFO - Setting next_dagrun for latest_only_with_trigger to 2024-05-03 12:00:00+00:00, run_after=2024-05-03 16:00:00+00:00
[2024-05-03T17:21:54.545+0000] {processor.py:183} INFO - Processing /home/airflow/.local/lib/python3.12/site-packages/airflow/example_dags/example_latest_only_with_trigger.py took 0.036 seconds
[2024-05-03T17:22:24.741+0000] {processor.py:161} INFO - Started process (PID=4977) to work on /home/airflow/.local/lib/python3.12/site-packages/airflow/example_dags/example_latest_only_with_trigger.py
[2024-05-03T17:22:24.742+0000] {processor.py:830} INFO - Processing file /home/airflow/.local/lib/python3.12/site-packages/airflow/example_dags/example_latest_only_with_trigger.py for tasks to queue
[2024-05-03T17:22:24.743+0000] {logging_mixin.py:188} INFO - [2024-05-03T17:22:24.742+0000] {dagbag.py:540} INFO - Filling up the DagBag from /home/airflow/.local/lib/python3.12/site-packages/airflow/example_dags/example_latest_only_with_trigger.py
[2024-05-03T17:22:24.745+0000] {processor.py:840} INFO - DAG(s) 'latest_only_with_trigger' retrieved from /home/airflow/.local/lib/python3.12/site-packages/airflow/example_dags/example_latest_only_with_trigger.py
[2024-05-03T17:22:24.756+0000] {logging_mixin.py:188} INFO - [2024-05-03T17:22:24.756+0000] {dag.py:3096} INFO - Sync 1 DAGs
[2024-05-03T17:22:24.766+0000] {logging_mixin.py:188} INFO - [2024-05-03T17:22:24.766+0000] {dag.py:3954} INFO - Setting next_dagrun for latest_only_with_trigger to 2024-05-03 12:00:00+00:00, run_after=2024-05-03 16:00:00+00:00
[2024-05-03T17:22:24.774+0000] {processor.py:183} INFO - Processing /home/airflow/.local/lib/python3.12/site-packages/airflow/example_dags/example_latest_only_with_trigger.py took 0.036 seconds
[2024-05-03T17:22:54.905+0000] {processor.py:161} INFO - Started process (PID=5239) to work on /home/airflow/.local/lib/python3.12/site-packages/airflow/example_dags/example_latest_only_with_trigger.py
[2024-05-03T17:22:54.906+0000] {processor.py:830} INFO - Processing file /home/airflow/.local/lib/python3.12/site-packages/airflow/example_dags/example_latest_only_with_trigger.py for tasks to queue
[2024-05-03T17:22:54.907+0000] {logging_mixin.py:188} INFO - [2024-05-03T17:22:54.907+0000] {dagbag.py:540} INFO - Filling up the DagBag from /home/airflow/.local/lib/python3.12/site-packages/airflow/example_dags/example_latest_only_with_trigger.py
[2024-05-03T17:22:54.910+0000] {processor.py:840} INFO - DAG(s) 'latest_only_with_trigger' retrieved from /home/airflow/.local/lib/python3.12/site-packages/airflow/example_dags/example_latest_only_with_trigger.py
[2024-05-03T17:22:54.921+0000] {logging_mixin.py:188} INFO - [2024-05-03T17:22:54.921+0000] {dag.py:3096} INFO - Sync 1 DAGs
[2024-05-03T17:22:54.932+0000] {logging_mixin.py:188} INFO - [2024-05-03T17:22:54.932+0000] {dag.py:3954} INFO - Setting next_dagrun for latest_only_with_trigger to 2024-05-03 12:00:00+00:00, run_after=2024-05-03 16:00:00+00:00
[2024-05-03T17:22:54.941+0000] {processor.py:183} INFO - Processing /home/airflow/.local/lib/python3.12/site-packages/airflow/example_dags/example_latest_only_with_trigger.py took 0.039 seconds
[2024-05-03T17:23:25.044+0000] {processor.py:161} INFO - Started process (PID=5503) to work on /home/airflow/.local/lib/python3.12/site-packages/airflow/example_dags/example_latest_only_with_trigger.py
[2024-05-03T17:23:25.045+0000] {processor.py:830} INFO - Processing file /home/airflow/.local/lib/python3.12/site-packages/airflow/example_dags/example_latest_only_with_trigger.py for tasks to queue
[2024-05-03T17:23:25.046+0000] {logging_mixin.py:188} INFO - [2024-05-03T17:23:25.046+0000] {dagbag.py:540} INFO - Filling up the DagBag from /home/airflow/.local/lib/python3.12/site-packages/airflow/example_dags/example_latest_only_with_trigger.py
[2024-05-03T17:23:25.049+0000] {processor.py:840} INFO - DAG(s) 'latest_only_with_trigger' retrieved from /home/airflow/.local/lib/python3.12/site-packages/airflow/example_dags/example_latest_only_with_trigger.py
[2024-05-03T17:23:25.059+0000] {logging_mixin.py:188} INFO - [2024-05-03T17:23:25.059+0000] {dag.py:3096} INFO - Sync 1 DAGs
[2024-05-03T17:23:25.069+0000] {logging_mixin.py:188} INFO - [2024-05-03T17:23:25.069+0000] {dag.py:3954} INFO - Setting next_dagrun for latest_only_with_trigger to 2024-05-03 12:00:00+00:00, run_after=2024-05-03 16:00:00+00:00
[2024-05-03T17:23:25.077+0000] {processor.py:183} INFO - Processing /home/airflow/.local/lib/python3.12/site-packages/airflow/example_dags/example_latest_only_with_trigger.py took 0.036 seconds
[2024-05-03T17:23:55.209+0000] {processor.py:161} INFO - Started process (PID=5763) to work on /home/airflow/.local/lib/python3.12/site-packages/airflow/example_dags/example_latest_only_with_trigger.py
[2024-05-03T17:23:55.210+0000] {processor.py:830} INFO - Processing file /home/airflow/.local/lib/python3.12/site-packages/airflow/example_dags/example_latest_only_with_trigger.py for tasks to queue
[2024-05-03T17:23:55.211+0000] {logging_mixin.py:188} INFO - [2024-05-03T17:23:55.211+0000] {dagbag.py:540} INFO - Filling up the DagBag from /home/airflow/.local/lib/python3.12/site-packages/airflow/example_dags/example_latest_only_with_trigger.py
[2024-05-03T17:23:55.214+0000] {processor.py:840} INFO - DAG(s) 'latest_only_with_trigger' retrieved from /home/airflow/.local/lib/python3.12/site-packages/airflow/example_dags/example_latest_only_with_trigger.py
[2024-05-03T17:23:55.227+0000] {logging_mixin.py:188} INFO - [2024-05-03T17:23:55.227+0000] {dag.py:3096} INFO - Sync 1 DAGs
[2024-05-03T17:23:55.240+0000] {logging_mixin.py:188} INFO - [2024-05-03T17:23:55.240+0000] {dag.py:3954} INFO - Setting next_dagrun for latest_only_with_trigger to 2024-05-03 12:00:00+00:00, run_after=2024-05-03 16:00:00+00:00
[2024-05-03T17:23:55.249+0000] {processor.py:183} INFO - Processing /home/airflow/.local/lib/python3.12/site-packages/airflow/example_dags/example_latest_only_with_trigger.py took 0.043 seconds
[2024-05-03T17:24:25.433+0000] {processor.py:161} INFO - Started process (PID=6025) to work on /home/airflow/.local/lib/python3.12/site-packages/airflow/example_dags/example_latest_only_with_trigger.py
[2024-05-03T17:24:25.433+0000] {processor.py:830} INFO - Processing file /home/airflow/.local/lib/python3.12/site-packages/airflow/example_dags/example_latest_only_with_trigger.py for tasks to queue
[2024-05-03T17:24:25.434+0000] {logging_mixin.py:188} INFO - [2024-05-03T17:24:25.434+0000] {dagbag.py:540} INFO - Filling up the DagBag from /home/airflow/.local/lib/python3.12/site-packages/airflow/example_dags/example_latest_only_with_trigger.py
[2024-05-03T17:24:25.437+0000] {processor.py:840} INFO - DAG(s) 'latest_only_with_trigger' retrieved from /home/airflow/.local/lib/python3.12/site-packages/airflow/example_dags/example_latest_only_with_trigger.py
[2024-05-03T17:24:25.449+0000] {logging_mixin.py:188} INFO - [2024-05-03T17:24:25.449+0000] {dag.py:3096} INFO - Sync 1 DAGs
[2024-05-03T17:24:25.460+0000] {logging_mixin.py:188} INFO - [2024-05-03T17:24:25.460+0000] {dag.py:3954} INFO - Setting next_dagrun for latest_only_with_trigger to 2024-05-03 12:00:00+00:00, run_after=2024-05-03 16:00:00+00:00
[2024-05-03T17:24:25.469+0000] {processor.py:183} INFO - Processing /home/airflow/.local/lib/python3.12/site-packages/airflow/example_dags/example_latest_only_with_trigger.py took 0.039 seconds
[2024-05-03T17:24:55.880+0000] {processor.py:161} INFO - Started process (PID=6287) to work on /home/airflow/.local/lib/python3.12/site-packages/airflow/example_dags/example_latest_only_with_trigger.py
[2024-05-03T17:24:55.880+0000] {processor.py:830} INFO - Processing file /home/airflow/.local/lib/python3.12/site-packages/airflow/example_dags/example_latest_only_with_trigger.py for tasks to queue
[2024-05-03T17:24:55.881+0000] {logging_mixin.py:188} INFO - [2024-05-03T17:24:55.881+0000] {dagbag.py:540} INFO - Filling up the DagBag from /home/airflow/.local/lib/python3.12/site-packages/airflow/example_dags/example_latest_only_with_trigger.py
[2024-05-03T17:24:55.884+0000] {processor.py:840} INFO - DAG(s) 'latest_only_with_trigger' retrieved from /home/airflow/.local/lib/python3.12/site-packages/airflow/example_dags/example_latest_only_with_trigger.py
[2024-05-03T17:24:55.895+0000] {logging_mixin.py:188} INFO - [2024-05-03T17:24:55.895+0000] {dag.py:3096} INFO - Sync 1 DAGs
[2024-05-03T17:24:55.905+0000] {logging_mixin.py:188} INFO - [2024-05-03T17:24:55.905+0000] {dag.py:3954} INFO - Setting next_dagrun for latest_only_with_trigger to 2024-05-03 12:00:00+00:00, run_after=2024-05-03 16:00:00+00:00
[2024-05-03T17:24:55.915+0000] {processor.py:183} INFO - Processing /home/airflow/.local/lib/python3.12/site-packages/airflow/example_dags/example_latest_only_with_trigger.py took 0.038 seconds
[2024-05-03T17:25:26.112+0000] {processor.py:161} INFO - Started process (PID=6551) to work on /home/airflow/.local/lib/python3.12/site-packages/airflow/example_dags/example_latest_only_with_trigger.py
[2024-05-03T17:25:26.112+0000] {processor.py:830} INFO - Processing file /home/airflow/.local/lib/python3.12/site-packages/airflow/example_dags/example_latest_only_with_trigger.py for tasks to queue
[2024-05-03T17:25:26.113+0000] {logging_mixin.py:188} INFO - [2024-05-03T17:25:26.113+0000] {dagbag.py:540} INFO - Filling up the DagBag from /home/airflow/.local/lib/python3.12/site-packages/airflow/example_dags/example_latest_only_with_trigger.py
[2024-05-03T17:25:26.116+0000] {processor.py:840} INFO - DAG(s) 'latest_only_with_trigger' retrieved from /home/airflow/.local/lib/python3.12/site-packages/airflow/example_dags/example_latest_only_with_trigger.py
[2024-05-03T17:25:26.127+0000] {logging_mixin.py:188} INFO - [2024-05-03T17:25:26.126+0000] {dag.py:3096} INFO - Sync 1 DAGs
[2024-05-03T17:25:26.136+0000] {logging_mixin.py:188} INFO - [2024-05-03T17:25:26.136+0000] {dag.py:3954} INFO - Setting next_dagrun for latest_only_with_trigger to 2024-05-03 12:00:00+00:00, run_after=2024-05-03 16:00:00+00:00
[2024-05-03T17:25:26.144+0000] {processor.py:183} INFO - Processing /home/airflow/.local/lib/python3.12/site-packages/airflow/example_dags/example_latest_only_with_trigger.py took 0.035 seconds
[2024-05-03T17:25:56.359+0000] {processor.py:161} INFO - Started process (PID=6811) to work on /home/airflow/.local/lib/python3.12/site-packages/airflow/example_dags/example_latest_only_with_trigger.py
[2024-05-03T17:25:56.359+0000] {processor.py:830} INFO - Processing file /home/airflow/.local/lib/python3.12/site-packages/airflow/example_dags/example_latest_only_with_trigger.py for tasks to queue
[2024-05-03T17:25:56.360+0000] {logging_mixin.py:188} INFO - [2024-05-03T17:25:56.360+0000] {dagbag.py:540} INFO - Filling up the DagBag from /home/airflow/.local/lib/python3.12/site-packages/airflow/example_dags/example_latest_only_with_trigger.py
[2024-05-03T17:25:56.363+0000] {processor.py:840} INFO - DAG(s) 'latest_only_with_trigger' retrieved from /home/airflow/.local/lib/python3.12/site-packages/airflow/example_dags/example_latest_only_with_trigger.py
[2024-05-03T17:25:56.374+0000] {logging_mixin.py:188} INFO - [2024-05-03T17:25:56.374+0000] {dag.py:3096} INFO - Sync 1 DAGs
[2024-05-03T17:25:56.384+0000] {logging_mixin.py:188} INFO - [2024-05-03T17:25:56.384+0000] {dag.py:3954} INFO - Setting next_dagrun for latest_only_with_trigger to 2024-05-03 12:00:00+00:00, run_after=2024-05-03 16:00:00+00:00
[2024-05-03T17:25:56.393+0000] {processor.py:183} INFO - Processing /home/airflow/.local/lib/python3.12/site-packages/airflow/example_dags/example_latest_only_with_trigger.py took 0.037 seconds
[2024-05-03T17:26:27.062+0000] {processor.py:161} INFO - Started process (PID=7073) to work on /home/airflow/.local/lib/python3.12/site-packages/airflow/example_dags/example_latest_only_with_trigger.py
[2024-05-03T17:26:27.063+0000] {processor.py:830} INFO - Processing file /home/airflow/.local/lib/python3.12/site-packages/airflow/example_dags/example_latest_only_with_trigger.py for tasks to queue
[2024-05-03T17:26:27.065+0000] {logging_mixin.py:188} INFO - [2024-05-03T17:26:27.065+0000] {dagbag.py:540} INFO - Filling up the DagBag from /home/airflow/.local/lib/python3.12/site-packages/airflow/example_dags/example_latest_only_with_trigger.py
[2024-05-03T17:26:27.068+0000] {processor.py:840} INFO - DAG(s) 'latest_only_with_trigger' retrieved from /home/airflow/.local/lib/python3.12/site-packages/airflow/example_dags/example_latest_only_with_trigger.py
[2024-05-03T17:26:27.078+0000] {logging_mixin.py:188} INFO - [2024-05-03T17:26:27.078+0000] {dag.py:3096} INFO - Sync 1 DAGs
[2024-05-03T17:26:27.088+0000] {logging_mixin.py:188} INFO - [2024-05-03T17:26:27.088+0000] {dag.py:3954} INFO - Setting next_dagrun for latest_only_with_trigger to 2024-05-03 12:00:00+00:00, run_after=2024-05-03 16:00:00+00:00
[2024-05-03T17:26:27.097+0000] {processor.py:183} INFO - Processing /home/airflow/.local/lib/python3.12/site-packages/airflow/example_dags/example_latest_only_with_trigger.py took 0.041 seconds
[2024-05-03T17:26:58.076+0000] {processor.py:161} INFO - Started process (PID=7335) to work on /home/airflow/.local/lib/python3.12/site-packages/airflow/example_dags/example_latest_only_with_trigger.py
[2024-05-03T17:26:58.077+0000] {processor.py:830} INFO - Processing file /home/airflow/.local/lib/python3.12/site-packages/airflow/example_dags/example_latest_only_with_trigger.py for tasks to queue
[2024-05-03T17:26:58.078+0000] {logging_mixin.py:188} INFO - [2024-05-03T17:26:58.078+0000] {dagbag.py:540} INFO - Filling up the DagBag from /home/airflow/.local/lib/python3.12/site-packages/airflow/example_dags/example_latest_only_with_trigger.py
[2024-05-03T17:26:58.081+0000] {processor.py:840} INFO - DAG(s) 'latest_only_with_trigger' retrieved from /home/airflow/.local/lib/python3.12/site-packages/airflow/example_dags/example_latest_only_with_trigger.py
[2024-05-03T17:26:58.184+0000] {logging_mixin.py:188} INFO - [2024-05-03T17:26:58.184+0000] {dag.py:3096} INFO - Sync 1 DAGs
[2024-05-03T17:26:58.193+0000] {logging_mixin.py:188} INFO - [2024-05-03T17:26:58.193+0000] {dag.py:3954} INFO - Setting next_dagrun for latest_only_with_trigger to 2024-05-03 12:00:00+00:00, run_after=2024-05-03 16:00:00+00:00
[2024-05-03T17:26:58.201+0000] {processor.py:183} INFO - Processing /home/airflow/.local/lib/python3.12/site-packages/airflow/example_dags/example_latest_only_with_trigger.py took 0.128 seconds
