[2024-05-03T17:13:14.548+0000] {processor.py:161} INFO - Started process (PID=168) to work on /home/airflow/.local/lib/python3.12/site-packages/airflow/example_dags/example_subdag_operator.py
[2024-05-03T17:13:14.549+0000] {processor.py:830} INFO - Processing file /home/airflow/.local/lib/python3.12/site-packages/airflow/example_dags/example_subdag_operator.py for tasks to queue
[2024-05-03T17:13:14.551+0000] {logging_mixin.py:188} INFO - [2024-05-03T17:13:14.550+0000] {dagbag.py:540} INFO - Filling up the DagBag from /home/airflow/.local/lib/python3.12/site-packages/airflow/example_dags/example_subdag_operator.py
[2024-05-03T17:13:14.571+0000] {processor.py:840} INFO - DAG(s) 'example_subdag_operator.section-1', 'example_subdag_operator.section-2', 'example_subdag_operator' retrieved from /home/airflow/.local/lib/python3.12/site-packages/airflow/example_dags/example_subdag_operator.py
[2024-05-03T17:13:14.581+0000] {logging_mixin.py:188} INFO - [2024-05-03T17:13:14.581+0000] {dag.py:3096} INFO - Sync 3 DAGs
[2024-05-03T17:13:14.598+0000] {logging_mixin.py:188} INFO - [2024-05-03T17:13:14.598+0000] {dag.py:3954} INFO - Setting next_dagrun for example_subdag_operator to 2022-01-01 00:00:00+00:00, run_after=2022-01-01 00:00:00+00:00
[2024-05-03T17:13:14.601+0000] {logging_mixin.py:188} INFO - [2024-05-03T17:13:14.601+0000] {dag.py:3954} INFO - Setting next_dagrun for example_subdag_operator.section-1 to None, run_after=None
[2024-05-03T17:13:14.602+0000] {logging_mixin.py:188} INFO - [2024-05-03T17:13:14.602+0000] {dag.py:3954} INFO - Setting next_dagrun for example_subdag_operator.section-2 to None, run_after=None
[2024-05-03T17:13:14.606+0000] {logging_mixin.py:188} INFO - [2024-05-03T17:13:14.606+0000] {dag.py:3096} INFO - Sync 2 DAGs
[2024-05-03T17:13:14.609+0000] {logging_mixin.py:188} INFO - [2024-05-03T17:13:14.609+0000] {dag.py:3954} INFO - Setting next_dagrun for example_subdag_operator.section-1 to None, run_after=None
[2024-05-03T17:13:14.610+0000] {logging_mixin.py:188} INFO - [2024-05-03T17:13:14.610+0000] {dag.py:3954} INFO - Setting next_dagrun for example_subdag_operator.section-2 to None, run_after=None
[2024-05-03T17:13:14.617+0000] {processor.py:183} INFO - Processing /home/airflow/.local/lib/python3.12/site-packages/airflow/example_dags/example_subdag_operator.py took 0.073 seconds
[2024-05-03T17:13:45.254+0000] {processor.py:161} INFO - Started process (PID=430) to work on /home/airflow/.local/lib/python3.12/site-packages/airflow/example_dags/example_subdag_operator.py
[2024-05-03T17:13:45.255+0000] {processor.py:830} INFO - Processing file /home/airflow/.local/lib/python3.12/site-packages/airflow/example_dags/example_subdag_operator.py for tasks to queue
[2024-05-03T17:13:45.256+0000] {logging_mixin.py:188} INFO - [2024-05-03T17:13:45.256+0000] {dagbag.py:540} INFO - Filling up the DagBag from /home/airflow/.local/lib/python3.12/site-packages/airflow/example_dags/example_subdag_operator.py
[2024-05-03T17:13:45.276+0000] {processor.py:840} INFO - DAG(s) 'example_subdag_operator.section-1', 'example_subdag_operator.section-2', 'example_subdag_operator' retrieved from /home/airflow/.local/lib/python3.12/site-packages/airflow/example_dags/example_subdag_operator.py
[2024-05-03T17:13:45.390+0000] {logging_mixin.py:188} INFO - [2024-05-03T17:13:45.390+0000] {dag.py:3096} INFO - Sync 3 DAGs
[2024-05-03T17:13:45.402+0000] {logging_mixin.py:188} INFO - [2024-05-03T17:13:45.401+0000] {dag.py:3954} INFO - Setting next_dagrun for example_subdag_operator to 2022-01-01 00:00:00+00:00, run_after=2022-01-01 00:00:00+00:00
[2024-05-03T17:13:45.403+0000] {logging_mixin.py:188} INFO - [2024-05-03T17:13:45.403+0000] {dag.py:3954} INFO - Setting next_dagrun for example_subdag_operator.section-1 to None, run_after=None
[2024-05-03T17:13:45.404+0000] {logging_mixin.py:188} INFO - [2024-05-03T17:13:45.404+0000] {dag.py:3954} INFO - Setting next_dagrun for example_subdag_operator.section-2 to None, run_after=None
[2024-05-03T17:13:45.409+0000] {logging_mixin.py:188} INFO - [2024-05-03T17:13:45.409+0000] {dag.py:3096} INFO - Sync 2 DAGs
[2024-05-03T17:13:45.413+0000] {logging_mixin.py:188} INFO - [2024-05-03T17:13:45.413+0000] {dag.py:3954} INFO - Setting next_dagrun for example_subdag_operator.section-1 to None, run_after=None
[2024-05-03T17:13:45.414+0000] {logging_mixin.py:188} INFO - [2024-05-03T17:13:45.414+0000] {dag.py:3954} INFO - Setting next_dagrun for example_subdag_operator.section-2 to None, run_after=None
[2024-05-03T17:13:45.439+0000] {processor.py:183} INFO - Processing /home/airflow/.local/lib/python3.12/site-packages/airflow/example_dags/example_subdag_operator.py took 0.189 seconds
[2024-05-03T17:14:15.527+0000] {processor.py:161} INFO - Started process (PID=694) to work on /home/airflow/.local/lib/python3.12/site-packages/airflow/example_dags/example_subdag_operator.py
[2024-05-03T17:14:15.528+0000] {processor.py:830} INFO - Processing file /home/airflow/.local/lib/python3.12/site-packages/airflow/example_dags/example_subdag_operator.py for tasks to queue
[2024-05-03T17:14:15.529+0000] {logging_mixin.py:188} INFO - [2024-05-03T17:14:15.528+0000] {dagbag.py:540} INFO - Filling up the DagBag from /home/airflow/.local/lib/python3.12/site-packages/airflow/example_dags/example_subdag_operator.py
[2024-05-03T17:14:15.540+0000] {processor.py:840} INFO - DAG(s) 'example_subdag_operator.section-1', 'example_subdag_operator.section-2', 'example_subdag_operator' retrieved from /home/airflow/.local/lib/python3.12/site-packages/airflow/example_dags/example_subdag_operator.py
[2024-05-03T17:14:15.547+0000] {logging_mixin.py:188} INFO - [2024-05-03T17:14:15.546+0000] {dag.py:3096} INFO - Sync 3 DAGs
[2024-05-03T17:14:15.555+0000] {logging_mixin.py:188} INFO - [2024-05-03T17:14:15.555+0000] {dag.py:3954} INFO - Setting next_dagrun for example_subdag_operator to 2022-01-01 00:00:00+00:00, run_after=2022-01-01 00:00:00+00:00
[2024-05-03T17:14:15.557+0000] {logging_mixin.py:188} INFO - [2024-05-03T17:14:15.557+0000] {dag.py:3954} INFO - Setting next_dagrun for example_subdag_operator.section-1 to None, run_after=None
[2024-05-03T17:14:15.558+0000] {logging_mixin.py:188} INFO - [2024-05-03T17:14:15.558+0000] {dag.py:3954} INFO - Setting next_dagrun for example_subdag_operator.section-2 to None, run_after=None
[2024-05-03T17:14:15.561+0000] {logging_mixin.py:188} INFO - [2024-05-03T17:14:15.560+0000] {dag.py:3096} INFO - Sync 2 DAGs
[2024-05-03T17:14:15.563+0000] {logging_mixin.py:188} INFO - [2024-05-03T17:14:15.563+0000] {dag.py:3954} INFO - Setting next_dagrun for example_subdag_operator.section-1 to None, run_after=None
[2024-05-03T17:14:15.563+0000] {logging_mixin.py:188} INFO - [2024-05-03T17:14:15.563+0000] {dag.py:3954} INFO - Setting next_dagrun for example_subdag_operator.section-2 to None, run_after=None
[2024-05-03T17:14:15.567+0000] {processor.py:183} INFO - Processing /home/airflow/.local/lib/python3.12/site-packages/airflow/example_dags/example_subdag_operator.py took 0.043 seconds
[2024-05-03T17:14:46.209+0000] {processor.py:161} INFO - Started process (PID=954) to work on /home/airflow/.local/lib/python3.12/site-packages/airflow/example_dags/example_subdag_operator.py
[2024-05-03T17:14:46.210+0000] {processor.py:830} INFO - Processing file /home/airflow/.local/lib/python3.12/site-packages/airflow/example_dags/example_subdag_operator.py for tasks to queue
[2024-05-03T17:14:46.211+0000] {logging_mixin.py:188} INFO - [2024-05-03T17:14:46.211+0000] {dagbag.py:540} INFO - Filling up the DagBag from /home/airflow/.local/lib/python3.12/site-packages/airflow/example_dags/example_subdag_operator.py
[2024-05-03T17:14:46.230+0000] {processor.py:840} INFO - DAG(s) 'example_subdag_operator.section-1', 'example_subdag_operator.section-2', 'example_subdag_operator' retrieved from /home/airflow/.local/lib/python3.12/site-packages/airflow/example_dags/example_subdag_operator.py
[2024-05-03T17:14:46.240+0000] {logging_mixin.py:188} INFO - [2024-05-03T17:14:46.240+0000] {dag.py:3096} INFO - Sync 3 DAGs
[2024-05-03T17:14:46.252+0000] {logging_mixin.py:188} INFO - [2024-05-03T17:14:46.252+0000] {dag.py:3954} INFO - Setting next_dagrun for example_subdag_operator to 2022-01-01 00:00:00+00:00, run_after=2022-01-01 00:00:00+00:00
[2024-05-03T17:14:46.255+0000] {logging_mixin.py:188} INFO - [2024-05-03T17:14:46.255+0000] {dag.py:3954} INFO - Setting next_dagrun for example_subdag_operator.section-1 to None, run_after=None
[2024-05-03T17:14:46.256+0000] {logging_mixin.py:188} INFO - [2024-05-03T17:14:46.256+0000] {dag.py:3954} INFO - Setting next_dagrun for example_subdag_operator.section-2 to None, run_after=None
[2024-05-03T17:14:46.260+0000] {logging_mixin.py:188} INFO - [2024-05-03T17:14:46.260+0000] {dag.py:3096} INFO - Sync 2 DAGs
[2024-05-03T17:14:46.263+0000] {logging_mixin.py:188} INFO - [2024-05-03T17:14:46.263+0000] {dag.py:3954} INFO - Setting next_dagrun for example_subdag_operator.section-1 to None, run_after=None
[2024-05-03T17:14:46.263+0000] {logging_mixin.py:188} INFO - [2024-05-03T17:14:46.263+0000] {dag.py:3954} INFO - Setting next_dagrun for example_subdag_operator.section-2 to None, run_after=None
[2024-05-03T17:14:46.268+0000] {processor.py:183} INFO - Processing /home/airflow/.local/lib/python3.12/site-packages/airflow/example_dags/example_subdag_operator.py took 0.064 seconds
[2024-05-03T17:15:17.027+0000] {processor.py:161} INFO - Started process (PID=1216) to work on /home/airflow/.local/lib/python3.12/site-packages/airflow/example_dags/example_subdag_operator.py
[2024-05-03T17:15:17.027+0000] {processor.py:830} INFO - Processing file /home/airflow/.local/lib/python3.12/site-packages/airflow/example_dags/example_subdag_operator.py for tasks to queue
[2024-05-03T17:15:17.029+0000] {logging_mixin.py:188} INFO - [2024-05-03T17:15:17.028+0000] {dagbag.py:540} INFO - Filling up the DagBag from /home/airflow/.local/lib/python3.12/site-packages/airflow/example_dags/example_subdag_operator.py
[2024-05-03T17:15:17.043+0000] {processor.py:840} INFO - DAG(s) 'example_subdag_operator.section-1', 'example_subdag_operator.section-2', 'example_subdag_operator' retrieved from /home/airflow/.local/lib/python3.12/site-packages/airflow/example_dags/example_subdag_operator.py
[2024-05-03T17:15:17.052+0000] {logging_mixin.py:188} INFO - [2024-05-03T17:15:17.052+0000] {dag.py:3096} INFO - Sync 3 DAGs
[2024-05-03T17:15:17.065+0000] {logging_mixin.py:188} INFO - [2024-05-03T17:15:17.064+0000] {dag.py:3954} INFO - Setting next_dagrun for example_subdag_operator to 2022-01-01 00:00:00+00:00, run_after=2022-01-01 00:00:00+00:00
[2024-05-03T17:15:17.068+0000] {logging_mixin.py:188} INFO - [2024-05-03T17:15:17.068+0000] {dag.py:3954} INFO - Setting next_dagrun for example_subdag_operator.section-1 to None, run_after=None
[2024-05-03T17:15:17.069+0000] {logging_mixin.py:188} INFO - [2024-05-03T17:15:17.068+0000] {dag.py:3954} INFO - Setting next_dagrun for example_subdag_operator.section-2 to None, run_after=None
[2024-05-03T17:15:17.073+0000] {logging_mixin.py:188} INFO - [2024-05-03T17:15:17.072+0000] {dag.py:3096} INFO - Sync 2 DAGs
[2024-05-03T17:15:17.076+0000] {logging_mixin.py:188} INFO - [2024-05-03T17:15:17.076+0000] {dag.py:3954} INFO - Setting next_dagrun for example_subdag_operator.section-1 to None, run_after=None
[2024-05-03T17:15:17.076+0000] {logging_mixin.py:188} INFO - [2024-05-03T17:15:17.076+0000] {dag.py:3954} INFO - Setting next_dagrun for example_subdag_operator.section-2 to None, run_after=None
[2024-05-03T17:15:17.082+0000] {processor.py:183} INFO - Processing /home/airflow/.local/lib/python3.12/site-packages/airflow/example_dags/example_subdag_operator.py took 0.059 seconds
[2024-05-03T17:15:47.253+0000] {processor.py:161} INFO - Started process (PID=1478) to work on /home/airflow/.local/lib/python3.12/site-packages/airflow/example_dags/example_subdag_operator.py
[2024-05-03T17:15:47.254+0000] {processor.py:830} INFO - Processing file /home/airflow/.local/lib/python3.12/site-packages/airflow/example_dags/example_subdag_operator.py for tasks to queue
[2024-05-03T17:15:47.256+0000] {logging_mixin.py:188} INFO - [2024-05-03T17:15:47.255+0000] {dagbag.py:540} INFO - Filling up the DagBag from /home/airflow/.local/lib/python3.12/site-packages/airflow/example_dags/example_subdag_operator.py
[2024-05-03T17:15:47.275+0000] {processor.py:840} INFO - DAG(s) 'example_subdag_operator.section-1', 'example_subdag_operator.section-2', 'example_subdag_operator' retrieved from /home/airflow/.local/lib/python3.12/site-packages/airflow/example_dags/example_subdag_operator.py
[2024-05-03T17:15:47.284+0000] {logging_mixin.py:188} INFO - [2024-05-03T17:15:47.283+0000] {dag.py:3096} INFO - Sync 3 DAGs
[2024-05-03T17:15:47.294+0000] {logging_mixin.py:188} INFO - [2024-05-03T17:15:47.294+0000] {dag.py:3954} INFO - Setting next_dagrun for example_subdag_operator to 2022-01-01 00:00:00+00:00, run_after=2022-01-01 00:00:00+00:00
[2024-05-03T17:15:47.297+0000] {logging_mixin.py:188} INFO - [2024-05-03T17:15:47.297+0000] {dag.py:3954} INFO - Setting next_dagrun for example_subdag_operator.section-1 to None, run_after=None
[2024-05-03T17:15:47.298+0000] {logging_mixin.py:188} INFO - [2024-05-03T17:15:47.298+0000] {dag.py:3954} INFO - Setting next_dagrun for example_subdag_operator.section-2 to None, run_after=None
[2024-05-03T17:15:47.302+0000] {logging_mixin.py:188} INFO - [2024-05-03T17:15:47.301+0000] {dag.py:3096} INFO - Sync 2 DAGs
[2024-05-03T17:15:47.304+0000] {logging_mixin.py:188} INFO - [2024-05-03T17:15:47.304+0000] {dag.py:3954} INFO - Setting next_dagrun for example_subdag_operator.section-1 to None, run_after=None
[2024-05-03T17:15:47.305+0000] {logging_mixin.py:188} INFO - [2024-05-03T17:15:47.305+0000] {dag.py:3954} INFO - Setting next_dagrun for example_subdag_operator.section-2 to None, run_after=None
[2024-05-03T17:15:47.310+0000] {processor.py:183} INFO - Processing /home/airflow/.local/lib/python3.12/site-packages/airflow/example_dags/example_subdag_operator.py took 0.064 seconds
[2024-05-03T17:16:18.060+0000] {processor.py:161} INFO - Started process (PID=1740) to work on /home/airflow/.local/lib/python3.12/site-packages/airflow/example_dags/example_subdag_operator.py
[2024-05-03T17:16:18.061+0000] {processor.py:830} INFO - Processing file /home/airflow/.local/lib/python3.12/site-packages/airflow/example_dags/example_subdag_operator.py for tasks to queue
[2024-05-03T17:16:18.063+0000] {logging_mixin.py:188} INFO - [2024-05-03T17:16:18.062+0000] {dagbag.py:540} INFO - Filling up the DagBag from /home/airflow/.local/lib/python3.12/site-packages/airflow/example_dags/example_subdag_operator.py
[2024-05-03T17:16:18.085+0000] {processor.py:840} INFO - DAG(s) 'example_subdag_operator.section-1', 'example_subdag_operator.section-2', 'example_subdag_operator' retrieved from /home/airflow/.local/lib/python3.12/site-packages/airflow/example_dags/example_subdag_operator.py
[2024-05-03T17:16:18.094+0000] {logging_mixin.py:188} INFO - [2024-05-03T17:16:18.094+0000] {dag.py:3096} INFO - Sync 3 DAGs
[2024-05-03T17:16:18.104+0000] {logging_mixin.py:188} INFO - [2024-05-03T17:16:18.104+0000] {dag.py:3954} INFO - Setting next_dagrun for example_subdag_operator to 2022-01-01 00:00:00+00:00, run_after=2022-01-01 00:00:00+00:00
[2024-05-03T17:16:18.107+0000] {logging_mixin.py:188} INFO - [2024-05-03T17:16:18.107+0000] {dag.py:3954} INFO - Setting next_dagrun for example_subdag_operator.section-1 to None, run_after=None
[2024-05-03T17:16:18.107+0000] {logging_mixin.py:188} INFO - [2024-05-03T17:16:18.107+0000] {dag.py:3954} INFO - Setting next_dagrun for example_subdag_operator.section-2 to None, run_after=None
[2024-05-03T17:16:18.111+0000] {logging_mixin.py:188} INFO - [2024-05-03T17:16:18.111+0000] {dag.py:3096} INFO - Sync 2 DAGs
[2024-05-03T17:16:18.115+0000] {logging_mixin.py:188} INFO - [2024-05-03T17:16:18.115+0000] {dag.py:3954} INFO - Setting next_dagrun for example_subdag_operator.section-1 to None, run_after=None
[2024-05-03T17:16:18.115+0000] {logging_mixin.py:188} INFO - [2024-05-03T17:16:18.115+0000] {dag.py:3954} INFO - Setting next_dagrun for example_subdag_operator.section-2 to None, run_after=None
[2024-05-03T17:16:18.119+0000] {processor.py:183} INFO - Processing /home/airflow/.local/lib/python3.12/site-packages/airflow/example_dags/example_subdag_operator.py took 0.065 seconds
[2024-05-03T17:16:48.901+0000] {processor.py:161} INFO - Started process (PID=2002) to work on /home/airflow/.local/lib/python3.12/site-packages/airflow/example_dags/example_subdag_operator.py
[2024-05-03T17:16:48.902+0000] {processor.py:830} INFO - Processing file /home/airflow/.local/lib/python3.12/site-packages/airflow/example_dags/example_subdag_operator.py for tasks to queue
[2024-05-03T17:16:48.904+0000] {logging_mixin.py:188} INFO - [2024-05-03T17:16:48.904+0000] {dagbag.py:540} INFO - Filling up the DagBag from /home/airflow/.local/lib/python3.12/site-packages/airflow/example_dags/example_subdag_operator.py
[2024-05-03T17:16:48.926+0000] {processor.py:840} INFO - DAG(s) 'example_subdag_operator.section-1', 'example_subdag_operator.section-2', 'example_subdag_operator' retrieved from /home/airflow/.local/lib/python3.12/site-packages/airflow/example_dags/example_subdag_operator.py
[2024-05-03T17:16:48.936+0000] {logging_mixin.py:188} INFO - [2024-05-03T17:16:48.936+0000] {dag.py:3096} INFO - Sync 3 DAGs
[2024-05-03T17:16:48.946+0000] {logging_mixin.py:188} INFO - [2024-05-03T17:16:48.946+0000] {dag.py:3954} INFO - Setting next_dagrun for example_subdag_operator to 2022-01-01 00:00:00+00:00, run_after=2022-01-01 00:00:00+00:00
[2024-05-03T17:16:48.949+0000] {logging_mixin.py:188} INFO - [2024-05-03T17:16:48.949+0000] {dag.py:3954} INFO - Setting next_dagrun for example_subdag_operator.section-1 to None, run_after=None
[2024-05-03T17:16:48.949+0000] {logging_mixin.py:188} INFO - [2024-05-03T17:16:48.949+0000] {dag.py:3954} INFO - Setting next_dagrun for example_subdag_operator.section-2 to None, run_after=None
[2024-05-03T17:16:48.953+0000] {logging_mixin.py:188} INFO - [2024-05-03T17:16:48.953+0000] {dag.py:3096} INFO - Sync 2 DAGs
[2024-05-03T17:16:48.956+0000] {logging_mixin.py:188} INFO - [2024-05-03T17:16:48.956+0000] {dag.py:3954} INFO - Setting next_dagrun for example_subdag_operator.section-1 to None, run_after=None
[2024-05-03T17:16:48.956+0000] {logging_mixin.py:188} INFO - [2024-05-03T17:16:48.956+0000] {dag.py:3954} INFO - Setting next_dagrun for example_subdag_operator.section-2 to None, run_after=None
[2024-05-03T17:16:48.961+0000] {processor.py:183} INFO - Processing /home/airflow/.local/lib/python3.12/site-packages/airflow/example_dags/example_subdag_operator.py took 0.066 seconds
[2024-05-03T17:17:19.005+0000] {processor.py:161} INFO - Started process (PID=2264) to work on /home/airflow/.local/lib/python3.12/site-packages/airflow/example_dags/example_subdag_operator.py
[2024-05-03T17:17:19.006+0000] {processor.py:830} INFO - Processing file /home/airflow/.local/lib/python3.12/site-packages/airflow/example_dags/example_subdag_operator.py for tasks to queue
[2024-05-03T17:17:19.007+0000] {logging_mixin.py:188} INFO - [2024-05-03T17:17:19.007+0000] {dagbag.py:540} INFO - Filling up the DagBag from /home/airflow/.local/lib/python3.12/site-packages/airflow/example_dags/example_subdag_operator.py
[2024-05-03T17:17:19.021+0000] {processor.py:840} INFO - DAG(s) 'example_subdag_operator.section-1', 'example_subdag_operator.section-2', 'example_subdag_operator' retrieved from /home/airflow/.local/lib/python3.12/site-packages/airflow/example_dags/example_subdag_operator.py
[2024-05-03T17:17:19.028+0000] {logging_mixin.py:188} INFO - [2024-05-03T17:17:19.028+0000] {dag.py:3096} INFO - Sync 3 DAGs
[2024-05-03T17:17:19.039+0000] {logging_mixin.py:188} INFO - [2024-05-03T17:17:19.039+0000] {dag.py:3954} INFO - Setting next_dagrun for example_subdag_operator to 2022-01-01 00:00:00+00:00, run_after=2022-01-01 00:00:00+00:00
[2024-05-03T17:17:19.041+0000] {logging_mixin.py:188} INFO - [2024-05-03T17:17:19.041+0000] {dag.py:3954} INFO - Setting next_dagrun for example_subdag_operator.section-1 to None, run_after=None
[2024-05-03T17:17:19.042+0000] {logging_mixin.py:188} INFO - [2024-05-03T17:17:19.042+0000] {dag.py:3954} INFO - Setting next_dagrun for example_subdag_operator.section-2 to None, run_after=None
[2024-05-03T17:17:19.046+0000] {logging_mixin.py:188} INFO - [2024-05-03T17:17:19.046+0000] {dag.py:3096} INFO - Sync 2 DAGs
[2024-05-03T17:17:19.050+0000] {logging_mixin.py:188} INFO - [2024-05-03T17:17:19.050+0000] {dag.py:3954} INFO - Setting next_dagrun for example_subdag_operator.section-1 to None, run_after=None
[2024-05-03T17:17:19.053+0000] {logging_mixin.py:188} INFO - [2024-05-03T17:17:19.053+0000] {dag.py:3954} INFO - Setting next_dagrun for example_subdag_operator.section-2 to None, run_after=None
[2024-05-03T17:17:19.059+0000] {processor.py:183} INFO - Processing /home/airflow/.local/lib/python3.12/site-packages/airflow/example_dags/example_subdag_operator.py took 0.057 seconds
[2024-05-03T17:17:49.931+0000] {processor.py:161} INFO - Started process (PID=2526) to work on /home/airflow/.local/lib/python3.12/site-packages/airflow/example_dags/example_subdag_operator.py
[2024-05-03T17:17:49.932+0000] {processor.py:830} INFO - Processing file /home/airflow/.local/lib/python3.12/site-packages/airflow/example_dags/example_subdag_operator.py for tasks to queue
[2024-05-03T17:17:49.934+0000] {logging_mixin.py:188} INFO - [2024-05-03T17:17:49.934+0000] {dagbag.py:540} INFO - Filling up the DagBag from /home/airflow/.local/lib/python3.12/site-packages/airflow/example_dags/example_subdag_operator.py
[2024-05-03T17:17:49.948+0000] {processor.py:840} INFO - DAG(s) 'example_subdag_operator.section-1', 'example_subdag_operator.section-2', 'example_subdag_operator' retrieved from /home/airflow/.local/lib/python3.12/site-packages/airflow/example_dags/example_subdag_operator.py
[2024-05-03T17:17:49.956+0000] {logging_mixin.py:188} INFO - [2024-05-03T17:17:49.956+0000] {dag.py:3096} INFO - Sync 3 DAGs
[2024-05-03T17:17:49.968+0000] {logging_mixin.py:188} INFO - [2024-05-03T17:17:49.968+0000] {dag.py:3954} INFO - Setting next_dagrun for example_subdag_operator to 2022-01-01 00:00:00+00:00, run_after=2022-01-01 00:00:00+00:00
[2024-05-03T17:17:49.970+0000] {logging_mixin.py:188} INFO - [2024-05-03T17:17:49.970+0000] {dag.py:3954} INFO - Setting next_dagrun for example_subdag_operator.section-1 to None, run_after=None
[2024-05-03T17:17:49.972+0000] {logging_mixin.py:188} INFO - [2024-05-03T17:17:49.972+0000] {dag.py:3954} INFO - Setting next_dagrun for example_subdag_operator.section-2 to None, run_after=None
[2024-05-03T17:17:49.976+0000] {logging_mixin.py:188} INFO - [2024-05-03T17:17:49.976+0000] {dag.py:3096} INFO - Sync 2 DAGs
[2024-05-03T17:17:49.979+0000] {logging_mixin.py:188} INFO - [2024-05-03T17:17:49.979+0000] {dag.py:3954} INFO - Setting next_dagrun for example_subdag_operator.section-1 to None, run_after=None
[2024-05-03T17:17:49.982+0000] {logging_mixin.py:188} INFO - [2024-05-03T17:17:49.982+0000] {dag.py:3954} INFO - Setting next_dagrun for example_subdag_operator.section-2 to None, run_after=None
[2024-05-03T17:17:49.988+0000] {processor.py:183} INFO - Processing /home/airflow/.local/lib/python3.12/site-packages/airflow/example_dags/example_subdag_operator.py took 0.060 seconds
[2024-05-03T17:18:20.084+0000] {processor.py:161} INFO - Started process (PID=2787) to work on /home/airflow/.local/lib/python3.12/site-packages/airflow/example_dags/example_subdag_operator.py
[2024-05-03T17:18:20.084+0000] {processor.py:830} INFO - Processing file /home/airflow/.local/lib/python3.12/site-packages/airflow/example_dags/example_subdag_operator.py for tasks to queue
[2024-05-03T17:18:20.085+0000] {logging_mixin.py:188} INFO - [2024-05-03T17:18:20.085+0000] {dagbag.py:540} INFO - Filling up the DagBag from /home/airflow/.local/lib/python3.12/site-packages/airflow/example_dags/example_subdag_operator.py
[2024-05-03T17:18:20.098+0000] {processor.py:840} INFO - DAG(s) 'example_subdag_operator.section-1', 'example_subdag_operator.section-2', 'example_subdag_operator' retrieved from /home/airflow/.local/lib/python3.12/site-packages/airflow/example_dags/example_subdag_operator.py
[2024-05-03T17:18:20.106+0000] {logging_mixin.py:188} INFO - [2024-05-03T17:18:20.106+0000] {dag.py:3096} INFO - Sync 3 DAGs
[2024-05-03T17:18:20.117+0000] {logging_mixin.py:188} INFO - [2024-05-03T17:18:20.117+0000] {dag.py:3954} INFO - Setting next_dagrun for example_subdag_operator to 2022-01-01 00:00:00+00:00, run_after=2022-01-01 00:00:00+00:00
[2024-05-03T17:18:20.120+0000] {logging_mixin.py:188} INFO - [2024-05-03T17:18:20.120+0000] {dag.py:3954} INFO - Setting next_dagrun for example_subdag_operator.section-1 to None, run_after=None
[2024-05-03T17:18:20.121+0000] {logging_mixin.py:188} INFO - [2024-05-03T17:18:20.121+0000] {dag.py:3954} INFO - Setting next_dagrun for example_subdag_operator.section-2 to None, run_after=None
[2024-05-03T17:18:20.125+0000] {logging_mixin.py:188} INFO - [2024-05-03T17:18:20.125+0000] {dag.py:3096} INFO - Sync 2 DAGs
[2024-05-03T17:18:20.128+0000] {logging_mixin.py:188} INFO - [2024-05-03T17:18:20.128+0000] {dag.py:3954} INFO - Setting next_dagrun for example_subdag_operator.section-1 to None, run_after=None
[2024-05-03T17:18:20.128+0000] {logging_mixin.py:188} INFO - [2024-05-03T17:18:20.128+0000] {dag.py:3954} INFO - Setting next_dagrun for example_subdag_operator.section-2 to None, run_after=None
[2024-05-03T17:18:20.134+0000] {processor.py:183} INFO - Processing /home/airflow/.local/lib/python3.12/site-packages/airflow/example_dags/example_subdag_operator.py took 0.053 seconds
[2024-05-03T17:18:50.265+0000] {processor.py:161} INFO - Started process (PID=3049) to work on /home/airflow/.local/lib/python3.12/site-packages/airflow/example_dags/example_subdag_operator.py
[2024-05-03T17:18:50.266+0000] {processor.py:830} INFO - Processing file /home/airflow/.local/lib/python3.12/site-packages/airflow/example_dags/example_subdag_operator.py for tasks to queue
[2024-05-03T17:18:50.268+0000] {logging_mixin.py:188} INFO - [2024-05-03T17:18:50.268+0000] {dagbag.py:540} INFO - Filling up the DagBag from /home/airflow/.local/lib/python3.12/site-packages/airflow/example_dags/example_subdag_operator.py
[2024-05-03T17:18:50.283+0000] {processor.py:840} INFO - DAG(s) 'example_subdag_operator.section-1', 'example_subdag_operator.section-2', 'example_subdag_operator' retrieved from /home/airflow/.local/lib/python3.12/site-packages/airflow/example_dags/example_subdag_operator.py
[2024-05-03T17:18:50.285+0000] {logging_mixin.py:188} INFO - [2024-05-03T17:18:50.285+0000] {dag.py:3096} INFO - Sync 3 DAGs
[2024-05-03T17:18:50.298+0000] {logging_mixin.py:188} INFO - [2024-05-03T17:18:50.298+0000] {dag.py:3954} INFO - Setting next_dagrun for example_subdag_operator to 2022-01-01 00:00:00+00:00, run_after=2022-01-01 00:00:00+00:00
[2024-05-03T17:18:50.301+0000] {logging_mixin.py:188} INFO - [2024-05-03T17:18:50.301+0000] {dag.py:3954} INFO - Setting next_dagrun for example_subdag_operator.section-1 to None, run_after=None
[2024-05-03T17:18:50.302+0000] {logging_mixin.py:188} INFO - [2024-05-03T17:18:50.302+0000] {dag.py:3954} INFO - Setting next_dagrun for example_subdag_operator.section-2 to None, run_after=None
[2024-05-03T17:18:50.306+0000] {logging_mixin.py:188} INFO - [2024-05-03T17:18:50.306+0000] {dag.py:3096} INFO - Sync 2 DAGs
[2024-05-03T17:18:50.310+0000] {logging_mixin.py:188} INFO - [2024-05-03T17:18:50.310+0000] {dag.py:3954} INFO - Setting next_dagrun for example_subdag_operator.section-1 to None, run_after=None
[2024-05-03T17:18:50.310+0000] {logging_mixin.py:188} INFO - [2024-05-03T17:18:50.310+0000] {dag.py:3954} INFO - Setting next_dagrun for example_subdag_operator.section-2 to None, run_after=None
[2024-05-03T17:18:50.317+0000] {processor.py:183} INFO - Processing /home/airflow/.local/lib/python3.12/site-packages/airflow/example_dags/example_subdag_operator.py took 0.055 seconds
[2024-05-03T17:19:20.683+0000] {processor.py:161} INFO - Started process (PID=3310) to work on /home/airflow/.local/lib/python3.12/site-packages/airflow/example_dags/example_subdag_operator.py
[2024-05-03T17:19:20.684+0000] {processor.py:830} INFO - Processing file /home/airflow/.local/lib/python3.12/site-packages/airflow/example_dags/example_subdag_operator.py for tasks to queue
[2024-05-03T17:19:20.685+0000] {logging_mixin.py:188} INFO - [2024-05-03T17:19:20.685+0000] {dagbag.py:540} INFO - Filling up the DagBag from /home/airflow/.local/lib/python3.12/site-packages/airflow/example_dags/example_subdag_operator.py
[2024-05-03T17:19:20.696+0000] {processor.py:840} INFO - DAG(s) 'example_subdag_operator.section-1', 'example_subdag_operator.section-2', 'example_subdag_operator' retrieved from /home/airflow/.local/lib/python3.12/site-packages/airflow/example_dags/example_subdag_operator.py
[2024-05-03T17:19:20.741+0000] {logging_mixin.py:188} INFO - [2024-05-03T17:19:20.741+0000] {dag.py:3096} INFO - Sync 3 DAGs
[2024-05-03T17:19:20.751+0000] {logging_mixin.py:188} INFO - [2024-05-03T17:19:20.750+0000] {dag.py:3954} INFO - Setting next_dagrun for example_subdag_operator to 2022-01-01 00:00:00+00:00, run_after=2022-01-01 00:00:00+00:00
[2024-05-03T17:19:20.752+0000] {logging_mixin.py:188} INFO - [2024-05-03T17:19:20.752+0000] {dag.py:3954} INFO - Setting next_dagrun for example_subdag_operator.section-1 to None, run_after=None
[2024-05-03T17:19:20.753+0000] {logging_mixin.py:188} INFO - [2024-05-03T17:19:20.753+0000] {dag.py:3954} INFO - Setting next_dagrun for example_subdag_operator.section-2 to None, run_after=None
[2024-05-03T17:19:20.758+0000] {logging_mixin.py:188} INFO - [2024-05-03T17:19:20.758+0000] {dag.py:3096} INFO - Sync 2 DAGs
[2024-05-03T17:19:20.761+0000] {logging_mixin.py:188} INFO - [2024-05-03T17:19:20.760+0000] {dag.py:3954} INFO - Setting next_dagrun for example_subdag_operator.section-1 to None, run_after=None
[2024-05-03T17:19:20.761+0000] {logging_mixin.py:188} INFO - [2024-05-03T17:19:20.761+0000] {dag.py:3954} INFO - Setting next_dagrun for example_subdag_operator.section-2 to None, run_after=None
[2024-05-03T17:19:20.765+0000] {processor.py:183} INFO - Processing /home/airflow/.local/lib/python3.12/site-packages/airflow/example_dags/example_subdag_operator.py took 0.084 seconds
[2024-05-03T17:19:51.393+0000] {processor.py:161} INFO - Started process (PID=3572) to work on /home/airflow/.local/lib/python3.12/site-packages/airflow/example_dags/example_subdag_operator.py
[2024-05-03T17:19:51.393+0000] {processor.py:830} INFO - Processing file /home/airflow/.local/lib/python3.12/site-packages/airflow/example_dags/example_subdag_operator.py for tasks to queue
[2024-05-03T17:19:51.395+0000] {logging_mixin.py:188} INFO - [2024-05-03T17:19:51.395+0000] {dagbag.py:540} INFO - Filling up the DagBag from /home/airflow/.local/lib/python3.12/site-packages/airflow/example_dags/example_subdag_operator.py
[2024-05-03T17:19:51.411+0000] {processor.py:840} INFO - DAG(s) 'example_subdag_operator.section-1', 'example_subdag_operator.section-2', 'example_subdag_operator' retrieved from /home/airflow/.local/lib/python3.12/site-packages/airflow/example_dags/example_subdag_operator.py
[2024-05-03T17:19:51.419+0000] {logging_mixin.py:188} INFO - [2024-05-03T17:19:51.419+0000] {dag.py:3096} INFO - Sync 3 DAGs
[2024-05-03T17:19:51.429+0000] {logging_mixin.py:188} INFO - [2024-05-03T17:19:51.429+0000] {dag.py:3954} INFO - Setting next_dagrun for example_subdag_operator to 2022-01-01 00:00:00+00:00, run_after=2022-01-01 00:00:00+00:00
[2024-05-03T17:19:51.431+0000] {logging_mixin.py:188} INFO - [2024-05-03T17:19:51.431+0000] {dag.py:3954} INFO - Setting next_dagrun for example_subdag_operator.section-1 to None, run_after=None
[2024-05-03T17:19:51.432+0000] {logging_mixin.py:188} INFO - [2024-05-03T17:19:51.432+0000] {dag.py:3954} INFO - Setting next_dagrun for example_subdag_operator.section-2 to None, run_after=None
[2024-05-03T17:19:51.436+0000] {logging_mixin.py:188} INFO - [2024-05-03T17:19:51.436+0000] {dag.py:3096} INFO - Sync 2 DAGs
[2024-05-03T17:19:51.438+0000] {logging_mixin.py:188} INFO - [2024-05-03T17:19:51.438+0000] {dag.py:3954} INFO - Setting next_dagrun for example_subdag_operator.section-1 to None, run_after=None
[2024-05-03T17:19:51.439+0000] {logging_mixin.py:188} INFO - [2024-05-03T17:19:51.439+0000] {dag.py:3954} INFO - Setting next_dagrun for example_subdag_operator.section-2 to None, run_after=None
[2024-05-03T17:19:51.444+0000] {processor.py:183} INFO - Processing /home/airflow/.local/lib/python3.12/site-packages/airflow/example_dags/example_subdag_operator.py took 0.057 seconds
[2024-05-03T17:20:21.538+0000] {processor.py:161} INFO - Started process (PID=3834) to work on /home/airflow/.local/lib/python3.12/site-packages/airflow/example_dags/example_subdag_operator.py
[2024-05-03T17:20:21.539+0000] {processor.py:830} INFO - Processing file /home/airflow/.local/lib/python3.12/site-packages/airflow/example_dags/example_subdag_operator.py for tasks to queue
[2024-05-03T17:20:21.541+0000] {logging_mixin.py:188} INFO - [2024-05-03T17:20:21.541+0000] {dagbag.py:540} INFO - Filling up the DagBag from /home/airflow/.local/lib/python3.12/site-packages/airflow/example_dags/example_subdag_operator.py
[2024-05-03T17:20:21.565+0000] {processor.py:840} INFO - DAG(s) 'example_subdag_operator.section-1', 'example_subdag_operator.section-2', 'example_subdag_operator' retrieved from /home/airflow/.local/lib/python3.12/site-packages/airflow/example_dags/example_subdag_operator.py
[2024-05-03T17:20:21.573+0000] {logging_mixin.py:188} INFO - [2024-05-03T17:20:21.573+0000] {dag.py:3096} INFO - Sync 3 DAGs
[2024-05-03T17:20:21.584+0000] {logging_mixin.py:188} INFO - [2024-05-03T17:20:21.584+0000] {dag.py:3954} INFO - Setting next_dagrun for example_subdag_operator to 2022-01-01 00:00:00+00:00, run_after=2022-01-01 00:00:00+00:00
[2024-05-03T17:20:21.586+0000] {logging_mixin.py:188} INFO - [2024-05-03T17:20:21.586+0000] {dag.py:3954} INFO - Setting next_dagrun for example_subdag_operator.section-1 to None, run_after=None
[2024-05-03T17:20:21.587+0000] {logging_mixin.py:188} INFO - [2024-05-03T17:20:21.587+0000] {dag.py:3954} INFO - Setting next_dagrun for example_subdag_operator.section-2 to None, run_after=None
[2024-05-03T17:20:21.590+0000] {logging_mixin.py:188} INFO - [2024-05-03T17:20:21.590+0000] {dag.py:3096} INFO - Sync 2 DAGs
[2024-05-03T17:20:21.593+0000] {logging_mixin.py:188} INFO - [2024-05-03T17:20:21.593+0000] {dag.py:3954} INFO - Setting next_dagrun for example_subdag_operator.section-1 to None, run_after=None
[2024-05-03T17:20:21.593+0000] {logging_mixin.py:188} INFO - [2024-05-03T17:20:21.593+0000] {dag.py:3954} INFO - Setting next_dagrun for example_subdag_operator.section-2 to None, run_after=None
[2024-05-03T17:20:21.598+0000] {processor.py:183} INFO - Processing /home/airflow/.local/lib/python3.12/site-packages/airflow/example_dags/example_subdag_operator.py took 0.066 seconds
[2024-05-03T17:20:51.704+0000] {processor.py:161} INFO - Started process (PID=4096) to work on /home/airflow/.local/lib/python3.12/site-packages/airflow/example_dags/example_subdag_operator.py
[2024-05-03T17:20:51.705+0000] {processor.py:830} INFO - Processing file /home/airflow/.local/lib/python3.12/site-packages/airflow/example_dags/example_subdag_operator.py for tasks to queue
[2024-05-03T17:20:51.707+0000] {logging_mixin.py:188} INFO - [2024-05-03T17:20:51.706+0000] {dagbag.py:540} INFO - Filling up the DagBag from /home/airflow/.local/lib/python3.12/site-packages/airflow/example_dags/example_subdag_operator.py
[2024-05-03T17:20:51.725+0000] {processor.py:840} INFO - DAG(s) 'example_subdag_operator.section-1', 'example_subdag_operator.section-2', 'example_subdag_operator' retrieved from /home/airflow/.local/lib/python3.12/site-packages/airflow/example_dags/example_subdag_operator.py
[2024-05-03T17:20:51.734+0000] {logging_mixin.py:188} INFO - [2024-05-03T17:20:51.733+0000] {dag.py:3096} INFO - Sync 3 DAGs
[2024-05-03T17:20:51.745+0000] {logging_mixin.py:188} INFO - [2024-05-03T17:20:51.745+0000] {dag.py:3954} INFO - Setting next_dagrun for example_subdag_operator to 2022-01-01 00:00:00+00:00, run_after=2022-01-01 00:00:00+00:00
[2024-05-03T17:20:51.747+0000] {logging_mixin.py:188} INFO - [2024-05-03T17:20:51.747+0000] {dag.py:3954} INFO - Setting next_dagrun for example_subdag_operator.section-1 to None, run_after=None
[2024-05-03T17:20:51.748+0000] {logging_mixin.py:188} INFO - [2024-05-03T17:20:51.748+0000] {dag.py:3954} INFO - Setting next_dagrun for example_subdag_operator.section-2 to None, run_after=None
[2024-05-03T17:20:51.751+0000] {logging_mixin.py:188} INFO - [2024-05-03T17:20:51.751+0000] {dag.py:3096} INFO - Sync 2 DAGs
[2024-05-03T17:20:51.754+0000] {logging_mixin.py:188} INFO - [2024-05-03T17:20:51.753+0000] {dag.py:3954} INFO - Setting next_dagrun for example_subdag_operator.section-1 to None, run_after=None
[2024-05-03T17:20:51.754+0000] {logging_mixin.py:188} INFO - [2024-05-03T17:20:51.754+0000] {dag.py:3954} INFO - Setting next_dagrun for example_subdag_operator.section-2 to None, run_after=None
[2024-05-03T17:20:51.759+0000] {processor.py:183} INFO - Processing /home/airflow/.local/lib/python3.12/site-packages/airflow/example_dags/example_subdag_operator.py took 0.062 seconds
[2024-05-03T17:21:22.550+0000] {processor.py:161} INFO - Started process (PID=4358) to work on /home/airflow/.local/lib/python3.12/site-packages/airflow/example_dags/example_subdag_operator.py
[2024-05-03T17:21:22.551+0000] {processor.py:830} INFO - Processing file /home/airflow/.local/lib/python3.12/site-packages/airflow/example_dags/example_subdag_operator.py for tasks to queue
[2024-05-03T17:21:22.553+0000] {logging_mixin.py:188} INFO - [2024-05-03T17:21:22.553+0000] {dagbag.py:540} INFO - Filling up the DagBag from /home/airflow/.local/lib/python3.12/site-packages/airflow/example_dags/example_subdag_operator.py
[2024-05-03T17:21:22.579+0000] {processor.py:840} INFO - DAG(s) 'example_subdag_operator.section-1', 'example_subdag_operator.section-2', 'example_subdag_operator' retrieved from /home/airflow/.local/lib/python3.12/site-packages/airflow/example_dags/example_subdag_operator.py
[2024-05-03T17:21:22.588+0000] {logging_mixin.py:188} INFO - [2024-05-03T17:21:22.587+0000] {dag.py:3096} INFO - Sync 3 DAGs
[2024-05-03T17:21:22.599+0000] {logging_mixin.py:188} INFO - [2024-05-03T17:21:22.599+0000] {dag.py:3954} INFO - Setting next_dagrun for example_subdag_operator to 2022-01-01 00:00:00+00:00, run_after=2022-01-01 00:00:00+00:00
[2024-05-03T17:21:22.601+0000] {logging_mixin.py:188} INFO - [2024-05-03T17:21:22.600+0000] {dag.py:3954} INFO - Setting next_dagrun for example_subdag_operator.section-1 to None, run_after=None
[2024-05-03T17:21:22.601+0000] {logging_mixin.py:188} INFO - [2024-05-03T17:21:22.601+0000] {dag.py:3954} INFO - Setting next_dagrun for example_subdag_operator.section-2 to None, run_after=None
[2024-05-03T17:21:22.605+0000] {logging_mixin.py:188} INFO - [2024-05-03T17:21:22.605+0000] {dag.py:3096} INFO - Sync 2 DAGs
[2024-05-03T17:21:22.607+0000] {logging_mixin.py:188} INFO - [2024-05-03T17:21:22.607+0000] {dag.py:3954} INFO - Setting next_dagrun for example_subdag_operator.section-1 to None, run_after=None
[2024-05-03T17:21:22.607+0000] {logging_mixin.py:188} INFO - [2024-05-03T17:21:22.607+0000] {dag.py:3954} INFO - Setting next_dagrun for example_subdag_operator.section-2 to None, run_after=None
[2024-05-03T17:21:22.612+0000] {processor.py:183} INFO - Processing /home/airflow/.local/lib/python3.12/site-packages/airflow/example_dags/example_subdag_operator.py took 0.070 seconds
[2024-05-03T17:21:52.711+0000] {processor.py:161} INFO - Started process (PID=4620) to work on /home/airflow/.local/lib/python3.12/site-packages/airflow/example_dags/example_subdag_operator.py
[2024-05-03T17:21:52.712+0000] {processor.py:830} INFO - Processing file /home/airflow/.local/lib/python3.12/site-packages/airflow/example_dags/example_subdag_operator.py for tasks to queue
[2024-05-03T17:21:52.714+0000] {logging_mixin.py:188} INFO - [2024-05-03T17:21:52.714+0000] {dagbag.py:540} INFO - Filling up the DagBag from /home/airflow/.local/lib/python3.12/site-packages/airflow/example_dags/example_subdag_operator.py
[2024-05-03T17:21:52.737+0000] {processor.py:840} INFO - DAG(s) 'example_subdag_operator.section-1', 'example_subdag_operator.section-2', 'example_subdag_operator' retrieved from /home/airflow/.local/lib/python3.12/site-packages/airflow/example_dags/example_subdag_operator.py
[2024-05-03T17:21:52.745+0000] {logging_mixin.py:188} INFO - [2024-05-03T17:21:52.745+0000] {dag.py:3096} INFO - Sync 3 DAGs
[2024-05-03T17:21:52.756+0000] {logging_mixin.py:188} INFO - [2024-05-03T17:21:52.756+0000] {dag.py:3954} INFO - Setting next_dagrun for example_subdag_operator to 2022-01-01 00:00:00+00:00, run_after=2022-01-01 00:00:00+00:00
[2024-05-03T17:21:52.758+0000] {logging_mixin.py:188} INFO - [2024-05-03T17:21:52.758+0000] {dag.py:3954} INFO - Setting next_dagrun for example_subdag_operator.section-1 to None, run_after=None
[2024-05-03T17:21:52.759+0000] {logging_mixin.py:188} INFO - [2024-05-03T17:21:52.759+0000] {dag.py:3954} INFO - Setting next_dagrun for example_subdag_operator.section-2 to None, run_after=None
[2024-05-03T17:21:52.762+0000] {logging_mixin.py:188} INFO - [2024-05-03T17:21:52.762+0000] {dag.py:3096} INFO - Sync 2 DAGs
[2024-05-03T17:21:52.765+0000] {logging_mixin.py:188} INFO - [2024-05-03T17:21:52.765+0000] {dag.py:3954} INFO - Setting next_dagrun for example_subdag_operator.section-1 to None, run_after=None
[2024-05-03T17:21:52.765+0000] {logging_mixin.py:188} INFO - [2024-05-03T17:21:52.765+0000] {dag.py:3954} INFO - Setting next_dagrun for example_subdag_operator.section-2 to None, run_after=None
[2024-05-03T17:21:52.770+0000] {processor.py:183} INFO - Processing /home/airflow/.local/lib/python3.12/site-packages/airflow/example_dags/example_subdag_operator.py took 0.066 seconds
[2024-05-03T17:22:23.012+0000] {processor.py:161} INFO - Started process (PID=4882) to work on /home/airflow/.local/lib/python3.12/site-packages/airflow/example_dags/example_subdag_operator.py
[2024-05-03T17:22:23.013+0000] {processor.py:830} INFO - Processing file /home/airflow/.local/lib/python3.12/site-packages/airflow/example_dags/example_subdag_operator.py for tasks to queue
[2024-05-03T17:22:23.015+0000] {logging_mixin.py:188} INFO - [2024-05-03T17:22:23.015+0000] {dagbag.py:540} INFO - Filling up the DagBag from /home/airflow/.local/lib/python3.12/site-packages/airflow/example_dags/example_subdag_operator.py
[2024-05-03T17:22:23.039+0000] {processor.py:840} INFO - DAG(s) 'example_subdag_operator.section-1', 'example_subdag_operator.section-2', 'example_subdag_operator' retrieved from /home/airflow/.local/lib/python3.12/site-packages/airflow/example_dags/example_subdag_operator.py
[2024-05-03T17:22:23.048+0000] {logging_mixin.py:188} INFO - [2024-05-03T17:22:23.048+0000] {dag.py:3096} INFO - Sync 3 DAGs
[2024-05-03T17:22:23.060+0000] {logging_mixin.py:188} INFO - [2024-05-03T17:22:23.060+0000] {dag.py:3954} INFO - Setting next_dagrun for example_subdag_operator to 2022-01-01 00:00:00+00:00, run_after=2022-01-01 00:00:00+00:00
[2024-05-03T17:22:23.064+0000] {logging_mixin.py:188} INFO - [2024-05-03T17:22:23.064+0000] {dag.py:3954} INFO - Setting next_dagrun for example_subdag_operator.section-1 to None, run_after=None
[2024-05-03T17:22:23.065+0000] {logging_mixin.py:188} INFO - [2024-05-03T17:22:23.065+0000] {dag.py:3954} INFO - Setting next_dagrun for example_subdag_operator.section-2 to None, run_after=None
[2024-05-03T17:22:23.069+0000] {logging_mixin.py:188} INFO - [2024-05-03T17:22:23.069+0000] {dag.py:3096} INFO - Sync 2 DAGs
[2024-05-03T17:22:23.071+0000] {logging_mixin.py:188} INFO - [2024-05-03T17:22:23.071+0000] {dag.py:3954} INFO - Setting next_dagrun for example_subdag_operator.section-1 to None, run_after=None
[2024-05-03T17:22:23.072+0000] {logging_mixin.py:188} INFO - [2024-05-03T17:22:23.072+0000] {dag.py:3954} INFO - Setting next_dagrun for example_subdag_operator.section-2 to None, run_after=None
[2024-05-03T17:22:23.077+0000] {processor.py:183} INFO - Processing /home/airflow/.local/lib/python3.12/site-packages/airflow/example_dags/example_subdag_operator.py took 0.072 seconds
[2024-05-03T17:22:53.218+0000] {processor.py:161} INFO - Started process (PID=5144) to work on /home/airflow/.local/lib/python3.12/site-packages/airflow/example_dags/example_subdag_operator.py
[2024-05-03T17:22:53.219+0000] {processor.py:830} INFO - Processing file /home/airflow/.local/lib/python3.12/site-packages/airflow/example_dags/example_subdag_operator.py for tasks to queue
[2024-05-03T17:22:53.223+0000] {logging_mixin.py:188} INFO - [2024-05-03T17:22:53.223+0000] {dagbag.py:540} INFO - Filling up the DagBag from /home/airflow/.local/lib/python3.12/site-packages/airflow/example_dags/example_subdag_operator.py
[2024-05-03T17:22:53.241+0000] {processor.py:840} INFO - DAG(s) 'example_subdag_operator.section-1', 'example_subdag_operator.section-2', 'example_subdag_operator' retrieved from /home/airflow/.local/lib/python3.12/site-packages/airflow/example_dags/example_subdag_operator.py
[2024-05-03T17:22:53.249+0000] {logging_mixin.py:188} INFO - [2024-05-03T17:22:53.249+0000] {dag.py:3096} INFO - Sync 3 DAGs
[2024-05-03T17:22:53.260+0000] {logging_mixin.py:188} INFO - [2024-05-03T17:22:53.260+0000] {dag.py:3954} INFO - Setting next_dagrun for example_subdag_operator to 2022-01-01 00:00:00+00:00, run_after=2022-01-01 00:00:00+00:00
[2024-05-03T17:22:53.262+0000] {logging_mixin.py:188} INFO - [2024-05-03T17:22:53.261+0000] {dag.py:3954} INFO - Setting next_dagrun for example_subdag_operator.section-1 to None, run_after=None
[2024-05-03T17:22:53.262+0000] {logging_mixin.py:188} INFO - [2024-05-03T17:22:53.262+0000] {dag.py:3954} INFO - Setting next_dagrun for example_subdag_operator.section-2 to None, run_after=None
[2024-05-03T17:22:53.266+0000] {logging_mixin.py:188} INFO - [2024-05-03T17:22:53.266+0000] {dag.py:3096} INFO - Sync 2 DAGs
[2024-05-03T17:22:53.268+0000] {logging_mixin.py:188} INFO - [2024-05-03T17:22:53.268+0000] {dag.py:3954} INFO - Setting next_dagrun for example_subdag_operator.section-1 to None, run_after=None
[2024-05-03T17:22:53.269+0000] {logging_mixin.py:188} INFO - [2024-05-03T17:22:53.269+0000] {dag.py:3954} INFO - Setting next_dagrun for example_subdag_operator.section-2 to None, run_after=None
[2024-05-03T17:22:53.273+0000] {processor.py:183} INFO - Processing /home/airflow/.local/lib/python3.12/site-packages/airflow/example_dags/example_subdag_operator.py took 0.063 seconds
[2024-05-03T17:23:23.368+0000] {processor.py:161} INFO - Started process (PID=5406) to work on /home/airflow/.local/lib/python3.12/site-packages/airflow/example_dags/example_subdag_operator.py
[2024-05-03T17:23:23.369+0000] {processor.py:830} INFO - Processing file /home/airflow/.local/lib/python3.12/site-packages/airflow/example_dags/example_subdag_operator.py for tasks to queue
[2024-05-03T17:23:23.371+0000] {logging_mixin.py:188} INFO - [2024-05-03T17:23:23.371+0000] {dagbag.py:540} INFO - Filling up the DagBag from /home/airflow/.local/lib/python3.12/site-packages/airflow/example_dags/example_subdag_operator.py
[2024-05-03T17:23:23.389+0000] {processor.py:840} INFO - DAG(s) 'example_subdag_operator.section-1', 'example_subdag_operator.section-2', 'example_subdag_operator' retrieved from /home/airflow/.local/lib/python3.12/site-packages/airflow/example_dags/example_subdag_operator.py
[2024-05-03T17:23:23.397+0000] {logging_mixin.py:188} INFO - [2024-05-03T17:23:23.397+0000] {dag.py:3096} INFO - Sync 3 DAGs
[2024-05-03T17:23:23.408+0000] {logging_mixin.py:188} INFO - [2024-05-03T17:23:23.407+0000] {dag.py:3954} INFO - Setting next_dagrun for example_subdag_operator to 2022-01-01 00:00:00+00:00, run_after=2022-01-01 00:00:00+00:00
[2024-05-03T17:23:23.409+0000] {logging_mixin.py:188} INFO - [2024-05-03T17:23:23.409+0000] {dag.py:3954} INFO - Setting next_dagrun for example_subdag_operator.section-1 to None, run_after=None
[2024-05-03T17:23:23.410+0000] {logging_mixin.py:188} INFO - [2024-05-03T17:23:23.410+0000] {dag.py:3954} INFO - Setting next_dagrun for example_subdag_operator.section-2 to None, run_after=None
[2024-05-03T17:23:23.414+0000] {logging_mixin.py:188} INFO - [2024-05-03T17:23:23.413+0000] {dag.py:3096} INFO - Sync 2 DAGs
[2024-05-03T17:23:23.416+0000] {logging_mixin.py:188} INFO - [2024-05-03T17:23:23.416+0000] {dag.py:3954} INFO - Setting next_dagrun for example_subdag_operator.section-1 to None, run_after=None
[2024-05-03T17:23:23.417+0000] {logging_mixin.py:188} INFO - [2024-05-03T17:23:23.417+0000] {dag.py:3954} INFO - Setting next_dagrun for example_subdag_operator.section-2 to None, run_after=None
[2024-05-03T17:23:23.424+0000] {processor.py:183} INFO - Processing /home/airflow/.local/lib/python3.12/site-packages/airflow/example_dags/example_subdag_operator.py took 0.062 seconds
[2024-05-03T17:23:53.492+0000] {processor.py:161} INFO - Started process (PID=5668) to work on /home/airflow/.local/lib/python3.12/site-packages/airflow/example_dags/example_subdag_operator.py
[2024-05-03T17:23:53.493+0000] {processor.py:830} INFO - Processing file /home/airflow/.local/lib/python3.12/site-packages/airflow/example_dags/example_subdag_operator.py for tasks to queue
[2024-05-03T17:23:53.495+0000] {logging_mixin.py:188} INFO - [2024-05-03T17:23:53.495+0000] {dagbag.py:540} INFO - Filling up the DagBag from /home/airflow/.local/lib/python3.12/site-packages/airflow/example_dags/example_subdag_operator.py
[2024-05-03T17:23:53.518+0000] {processor.py:840} INFO - DAG(s) 'example_subdag_operator.section-1', 'example_subdag_operator.section-2', 'example_subdag_operator' retrieved from /home/airflow/.local/lib/python3.12/site-packages/airflow/example_dags/example_subdag_operator.py
[2024-05-03T17:23:53.528+0000] {logging_mixin.py:188} INFO - [2024-05-03T17:23:53.527+0000] {dag.py:3096} INFO - Sync 3 DAGs
[2024-05-03T17:23:53.539+0000] {logging_mixin.py:188} INFO - [2024-05-03T17:23:53.538+0000] {dag.py:3954} INFO - Setting next_dagrun for example_subdag_operator to 2022-01-01 00:00:00+00:00, run_after=2022-01-01 00:00:00+00:00
[2024-05-03T17:23:53.541+0000] {logging_mixin.py:188} INFO - [2024-05-03T17:23:53.541+0000] {dag.py:3954} INFO - Setting next_dagrun for example_subdag_operator.section-1 to None, run_after=None
[2024-05-03T17:23:53.543+0000] {logging_mixin.py:188} INFO - [2024-05-03T17:23:53.543+0000] {dag.py:3954} INFO - Setting next_dagrun for example_subdag_operator.section-2 to None, run_after=None
[2024-05-03T17:23:53.546+0000] {logging_mixin.py:188} INFO - [2024-05-03T17:23:53.546+0000] {dag.py:3096} INFO - Sync 2 DAGs
[2024-05-03T17:23:53.549+0000] {logging_mixin.py:188} INFO - [2024-05-03T17:23:53.549+0000] {dag.py:3954} INFO - Setting next_dagrun for example_subdag_operator.section-1 to None, run_after=None
[2024-05-03T17:23:53.549+0000] {logging_mixin.py:188} INFO - [2024-05-03T17:23:53.549+0000] {dag.py:3954} INFO - Setting next_dagrun for example_subdag_operator.section-2 to None, run_after=None
[2024-05-03T17:23:53.554+0000] {processor.py:183} INFO - Processing /home/airflow/.local/lib/python3.12/site-packages/airflow/example_dags/example_subdag_operator.py took 0.069 seconds
[2024-05-03T17:24:23.778+0000] {processor.py:161} INFO - Started process (PID=5930) to work on /home/airflow/.local/lib/python3.12/site-packages/airflow/example_dags/example_subdag_operator.py
[2024-05-03T17:24:23.779+0000] {processor.py:830} INFO - Processing file /home/airflow/.local/lib/python3.12/site-packages/airflow/example_dags/example_subdag_operator.py for tasks to queue
[2024-05-03T17:24:23.780+0000] {logging_mixin.py:188} INFO - [2024-05-03T17:24:23.780+0000] {dagbag.py:540} INFO - Filling up the DagBag from /home/airflow/.local/lib/python3.12/site-packages/airflow/example_dags/example_subdag_operator.py
[2024-05-03T17:24:23.801+0000] {processor.py:840} INFO - DAG(s) 'example_subdag_operator.section-1', 'example_subdag_operator.section-2', 'example_subdag_operator' retrieved from /home/airflow/.local/lib/python3.12/site-packages/airflow/example_dags/example_subdag_operator.py
[2024-05-03T17:24:23.810+0000] {logging_mixin.py:188} INFO - [2024-05-03T17:24:23.809+0000] {dag.py:3096} INFO - Sync 3 DAGs
[2024-05-03T17:24:23.820+0000] {logging_mixin.py:188} INFO - [2024-05-03T17:24:23.820+0000] {dag.py:3954} INFO - Setting next_dagrun for example_subdag_operator to 2022-01-01 00:00:00+00:00, run_after=2022-01-01 00:00:00+00:00
[2024-05-03T17:24:23.822+0000] {logging_mixin.py:188} INFO - [2024-05-03T17:24:23.822+0000] {dag.py:3954} INFO - Setting next_dagrun for example_subdag_operator.section-1 to None, run_after=None
[2024-05-03T17:24:23.823+0000] {logging_mixin.py:188} INFO - [2024-05-03T17:24:23.823+0000] {dag.py:3954} INFO - Setting next_dagrun for example_subdag_operator.section-2 to None, run_after=None
[2024-05-03T17:24:23.827+0000] {logging_mixin.py:188} INFO - [2024-05-03T17:24:23.827+0000] {dag.py:3096} INFO - Sync 2 DAGs
[2024-05-03T17:24:23.830+0000] {logging_mixin.py:188} INFO - [2024-05-03T17:24:23.830+0000] {dag.py:3954} INFO - Setting next_dagrun for example_subdag_operator.section-1 to None, run_after=None
[2024-05-03T17:24:23.830+0000] {logging_mixin.py:188} INFO - [2024-05-03T17:24:23.830+0000] {dag.py:3954} INFO - Setting next_dagrun for example_subdag_operator.section-2 to None, run_after=None
[2024-05-03T17:24:23.835+0000] {processor.py:183} INFO - Processing /home/airflow/.local/lib/python3.12/site-packages/airflow/example_dags/example_subdag_operator.py took 0.063 seconds
[2024-05-03T17:24:54.159+0000] {processor.py:161} INFO - Started process (PID=6192) to work on /home/airflow/.local/lib/python3.12/site-packages/airflow/example_dags/example_subdag_operator.py
[2024-05-03T17:24:54.160+0000] {processor.py:830} INFO - Processing file /home/airflow/.local/lib/python3.12/site-packages/airflow/example_dags/example_subdag_operator.py for tasks to queue
[2024-05-03T17:24:54.162+0000] {logging_mixin.py:188} INFO - [2024-05-03T17:24:54.162+0000] {dagbag.py:540} INFO - Filling up the DagBag from /home/airflow/.local/lib/python3.12/site-packages/airflow/example_dags/example_subdag_operator.py
[2024-05-03T17:24:54.186+0000] {processor.py:840} INFO - DAG(s) 'example_subdag_operator.section-1', 'example_subdag_operator.section-2', 'example_subdag_operator' retrieved from /home/airflow/.local/lib/python3.12/site-packages/airflow/example_dags/example_subdag_operator.py
[2024-05-03T17:24:54.194+0000] {logging_mixin.py:188} INFO - [2024-05-03T17:24:54.194+0000] {dag.py:3096} INFO - Sync 3 DAGs
[2024-05-03T17:24:54.204+0000] {logging_mixin.py:188} INFO - [2024-05-03T17:24:54.204+0000] {dag.py:3954} INFO - Setting next_dagrun for example_subdag_operator to 2022-01-01 00:00:00+00:00, run_after=2022-01-01 00:00:00+00:00
[2024-05-03T17:24:54.206+0000] {logging_mixin.py:188} INFO - [2024-05-03T17:24:54.206+0000] {dag.py:3954} INFO - Setting next_dagrun for example_subdag_operator.section-1 to None, run_after=None
[2024-05-03T17:24:54.207+0000] {logging_mixin.py:188} INFO - [2024-05-03T17:24:54.207+0000] {dag.py:3954} INFO - Setting next_dagrun for example_subdag_operator.section-2 to None, run_after=None
[2024-05-03T17:24:54.210+0000] {logging_mixin.py:188} INFO - [2024-05-03T17:24:54.210+0000] {dag.py:3096} INFO - Sync 2 DAGs
[2024-05-03T17:24:54.213+0000] {logging_mixin.py:188} INFO - [2024-05-03T17:24:54.213+0000] {dag.py:3954} INFO - Setting next_dagrun for example_subdag_operator.section-1 to None, run_after=None
[2024-05-03T17:24:54.213+0000] {logging_mixin.py:188} INFO - [2024-05-03T17:24:54.213+0000] {dag.py:3954} INFO - Setting next_dagrun for example_subdag_operator.section-2 to None, run_after=None
[2024-05-03T17:24:54.218+0000] {processor.py:183} INFO - Processing /home/airflow/.local/lib/python3.12/site-packages/airflow/example_dags/example_subdag_operator.py took 0.065 seconds
[2024-05-03T17:25:24.454+0000] {processor.py:161} INFO - Started process (PID=6454) to work on /home/airflow/.local/lib/python3.12/site-packages/airflow/example_dags/example_subdag_operator.py
[2024-05-03T17:25:24.455+0000] {processor.py:830} INFO - Processing file /home/airflow/.local/lib/python3.12/site-packages/airflow/example_dags/example_subdag_operator.py for tasks to queue
[2024-05-03T17:25:24.457+0000] {logging_mixin.py:188} INFO - [2024-05-03T17:25:24.457+0000] {dagbag.py:540} INFO - Filling up the DagBag from /home/airflow/.local/lib/python3.12/site-packages/airflow/example_dags/example_subdag_operator.py
[2024-05-03T17:25:24.479+0000] {processor.py:840} INFO - DAG(s) 'example_subdag_operator.section-1', 'example_subdag_operator.section-2', 'example_subdag_operator' retrieved from /home/airflow/.local/lib/python3.12/site-packages/airflow/example_dags/example_subdag_operator.py
[2024-05-03T17:25:24.488+0000] {logging_mixin.py:188} INFO - [2024-05-03T17:25:24.488+0000] {dag.py:3096} INFO - Sync 3 DAGs
[2024-05-03T17:25:24.499+0000] {logging_mixin.py:188} INFO - [2024-05-03T17:25:24.499+0000] {dag.py:3954} INFO - Setting next_dagrun for example_subdag_operator to 2022-01-01 00:00:00+00:00, run_after=2022-01-01 00:00:00+00:00
[2024-05-03T17:25:24.501+0000] {logging_mixin.py:188} INFO - [2024-05-03T17:25:24.501+0000] {dag.py:3954} INFO - Setting next_dagrun for example_subdag_operator.section-1 to None, run_after=None
[2024-05-03T17:25:24.502+0000] {logging_mixin.py:188} INFO - [2024-05-03T17:25:24.502+0000] {dag.py:3954} INFO - Setting next_dagrun for example_subdag_operator.section-2 to None, run_after=None
[2024-05-03T17:25:24.506+0000] {logging_mixin.py:188} INFO - [2024-05-03T17:25:24.506+0000] {dag.py:3096} INFO - Sync 2 DAGs
[2024-05-03T17:25:24.509+0000] {logging_mixin.py:188} INFO - [2024-05-03T17:25:24.509+0000] {dag.py:3954} INFO - Setting next_dagrun for example_subdag_operator.section-1 to None, run_after=None
[2024-05-03T17:25:24.509+0000] {logging_mixin.py:188} INFO - [2024-05-03T17:25:24.509+0000] {dag.py:3954} INFO - Setting next_dagrun for example_subdag_operator.section-2 to None, run_after=None
[2024-05-03T17:25:24.514+0000] {processor.py:183} INFO - Processing /home/airflow/.local/lib/python3.12/site-packages/airflow/example_dags/example_subdag_operator.py took 0.066 seconds
[2024-05-03T17:25:54.679+0000] {processor.py:161} INFO - Started process (PID=6716) to work on /home/airflow/.local/lib/python3.12/site-packages/airflow/example_dags/example_subdag_operator.py
[2024-05-03T17:25:54.680+0000] {processor.py:830} INFO - Processing file /home/airflow/.local/lib/python3.12/site-packages/airflow/example_dags/example_subdag_operator.py for tasks to queue
[2024-05-03T17:25:54.683+0000] {logging_mixin.py:188} INFO - [2024-05-03T17:25:54.682+0000] {dagbag.py:540} INFO - Filling up the DagBag from /home/airflow/.local/lib/python3.12/site-packages/airflow/example_dags/example_subdag_operator.py
[2024-05-03T17:25:54.705+0000] {processor.py:840} INFO - DAG(s) 'example_subdag_operator.section-1', 'example_subdag_operator.section-2', 'example_subdag_operator' retrieved from /home/airflow/.local/lib/python3.12/site-packages/airflow/example_dags/example_subdag_operator.py
[2024-05-03T17:25:54.714+0000] {logging_mixin.py:188} INFO - [2024-05-03T17:25:54.714+0000] {dag.py:3096} INFO - Sync 3 DAGs
[2024-05-03T17:25:54.724+0000] {logging_mixin.py:188} INFO - [2024-05-03T17:25:54.724+0000] {dag.py:3954} INFO - Setting next_dagrun for example_subdag_operator to 2022-01-01 00:00:00+00:00, run_after=2022-01-01 00:00:00+00:00
[2024-05-03T17:25:54.726+0000] {logging_mixin.py:188} INFO - [2024-05-03T17:25:54.726+0000] {dag.py:3954} INFO - Setting next_dagrun for example_subdag_operator.section-1 to None, run_after=None
[2024-05-03T17:25:54.727+0000] {logging_mixin.py:188} INFO - [2024-05-03T17:25:54.727+0000] {dag.py:3954} INFO - Setting next_dagrun for example_subdag_operator.section-2 to None, run_after=None
[2024-05-03T17:25:54.730+0000] {logging_mixin.py:188} INFO - [2024-05-03T17:25:54.730+0000] {dag.py:3096} INFO - Sync 2 DAGs
[2024-05-03T17:25:54.733+0000] {logging_mixin.py:188} INFO - [2024-05-03T17:25:54.733+0000] {dag.py:3954} INFO - Setting next_dagrun for example_subdag_operator.section-1 to None, run_after=None
[2024-05-03T17:25:54.734+0000] {logging_mixin.py:188} INFO - [2024-05-03T17:25:54.734+0000] {dag.py:3954} INFO - Setting next_dagrun for example_subdag_operator.section-2 to None, run_after=None
[2024-05-03T17:25:54.739+0000] {processor.py:183} INFO - Processing /home/airflow/.local/lib/python3.12/site-packages/airflow/example_dags/example_subdag_operator.py took 0.067 seconds
[2024-05-03T17:26:24.947+0000] {processor.py:161} INFO - Started process (PID=6978) to work on /home/airflow/.local/lib/python3.12/site-packages/airflow/example_dags/example_subdag_operator.py
[2024-05-03T17:26:24.948+0000] {processor.py:830} INFO - Processing file /home/airflow/.local/lib/python3.12/site-packages/airflow/example_dags/example_subdag_operator.py for tasks to queue
[2024-05-03T17:26:24.950+0000] {logging_mixin.py:188} INFO - [2024-05-03T17:26:24.950+0000] {dagbag.py:540} INFO - Filling up the DagBag from /home/airflow/.local/lib/python3.12/site-packages/airflow/example_dags/example_subdag_operator.py
[2024-05-03T17:26:24.969+0000] {processor.py:840} INFO - DAG(s) 'example_subdag_operator.section-1', 'example_subdag_operator.section-2', 'example_subdag_operator' retrieved from /home/airflow/.local/lib/python3.12/site-packages/airflow/example_dags/example_subdag_operator.py
[2024-05-03T17:26:24.978+0000] {logging_mixin.py:188} INFO - [2024-05-03T17:26:24.977+0000] {dag.py:3096} INFO - Sync 3 DAGs
[2024-05-03T17:26:25.074+0000] {logging_mixin.py:188} INFO - [2024-05-03T17:26:25.074+0000] {dag.py:3954} INFO - Setting next_dagrun for example_subdag_operator to 2022-01-01 00:00:00+00:00, run_after=2022-01-01 00:00:00+00:00
[2024-05-03T17:26:25.076+0000] {logging_mixin.py:188} INFO - [2024-05-03T17:26:25.076+0000] {dag.py:3954} INFO - Setting next_dagrun for example_subdag_operator.section-1 to None, run_after=None
[2024-05-03T17:26:25.076+0000] {logging_mixin.py:188} INFO - [2024-05-03T17:26:25.076+0000] {dag.py:3954} INFO - Setting next_dagrun for example_subdag_operator.section-2 to None, run_after=None
[2024-05-03T17:26:25.080+0000] {logging_mixin.py:188} INFO - [2024-05-03T17:26:25.080+0000] {dag.py:3096} INFO - Sync 2 DAGs
[2024-05-03T17:26:25.082+0000] {logging_mixin.py:188} INFO - [2024-05-03T17:26:25.082+0000] {dag.py:3954} INFO - Setting next_dagrun for example_subdag_operator.section-1 to None, run_after=None
[2024-05-03T17:26:25.082+0000] {logging_mixin.py:188} INFO - [2024-05-03T17:26:25.082+0000] {dag.py:3954} INFO - Setting next_dagrun for example_subdag_operator.section-2 to None, run_after=None
[2024-05-03T17:26:25.087+0000] {processor.py:183} INFO - Processing /home/airflow/.local/lib/python3.12/site-packages/airflow/example_dags/example_subdag_operator.py took 0.146 seconds
[2024-05-03T17:26:55.341+0000] {processor.py:161} INFO - Started process (PID=7240) to work on /home/airflow/.local/lib/python3.12/site-packages/airflow/example_dags/example_subdag_operator.py
[2024-05-03T17:26:55.342+0000] {processor.py:830} INFO - Processing file /home/airflow/.local/lib/python3.12/site-packages/airflow/example_dags/example_subdag_operator.py for tasks to queue
[2024-05-03T17:26:55.344+0000] {logging_mixin.py:188} INFO - [2024-05-03T17:26:55.343+0000] {dagbag.py:540} INFO - Filling up the DagBag from /home/airflow/.local/lib/python3.12/site-packages/airflow/example_dags/example_subdag_operator.py
[2024-05-03T17:26:55.367+0000] {processor.py:840} INFO - DAG(s) 'example_subdag_operator.section-1', 'example_subdag_operator.section-2', 'example_subdag_operator' retrieved from /home/airflow/.local/lib/python3.12/site-packages/airflow/example_dags/example_subdag_operator.py
[2024-05-03T17:26:55.375+0000] {logging_mixin.py:188} INFO - [2024-05-03T17:26:55.375+0000] {dag.py:3096} INFO - Sync 3 DAGs
[2024-05-03T17:26:55.470+0000] {logging_mixin.py:188} INFO - [2024-05-03T17:26:55.470+0000] {dag.py:3954} INFO - Setting next_dagrun for example_subdag_operator to 2022-01-01 00:00:00+00:00, run_after=2022-01-01 00:00:00+00:00
[2024-05-03T17:26:55.472+0000] {logging_mixin.py:188} INFO - [2024-05-03T17:26:55.472+0000] {dag.py:3954} INFO - Setting next_dagrun for example_subdag_operator.section-1 to None, run_after=None
[2024-05-03T17:26:55.473+0000] {logging_mixin.py:188} INFO - [2024-05-03T17:26:55.472+0000] {dag.py:3954} INFO - Setting next_dagrun for example_subdag_operator.section-2 to None, run_after=None
[2024-05-03T17:26:55.476+0000] {logging_mixin.py:188} INFO - [2024-05-03T17:26:55.476+0000] {dag.py:3096} INFO - Sync 2 DAGs
[2024-05-03T17:26:55.478+0000] {logging_mixin.py:188} INFO - [2024-05-03T17:26:55.478+0000] {dag.py:3954} INFO - Setting next_dagrun for example_subdag_operator.section-1 to None, run_after=None
[2024-05-03T17:26:55.478+0000] {logging_mixin.py:188} INFO - [2024-05-03T17:26:55.478+0000] {dag.py:3954} INFO - Setting next_dagrun for example_subdag_operator.section-2 to None, run_after=None
[2024-05-03T17:26:55.483+0000] {processor.py:183} INFO - Processing /home/airflow/.local/lib/python3.12/site-packages/airflow/example_dags/example_subdag_operator.py took 0.150 seconds
