[2024-05-03T17:13:15.383+0000] {processor.py:161} INFO - Started process (PID=298) to work on /home/airflow/.local/lib/python3.12/site-packages/airflow/example_dags/example_branch_python_dop_operator_3.py
[2024-05-03T17:13:15.384+0000] {processor.py:830} INFO - Processing file /home/airflow/.local/lib/python3.12/site-packages/airflow/example_dags/example_branch_python_dop_operator_3.py for tasks to queue
[2024-05-03T17:13:15.385+0000] {logging_mixin.py:188} INFO - [2024-05-03T17:13:15.385+0000] {dagbag.py:540} INFO - Filling up the DagBag from /home/airflow/.local/lib/python3.12/site-packages/airflow/example_dags/example_branch_python_dop_operator_3.py
[2024-05-03T17:13:15.390+0000] {processor.py:840} INFO - DAG(s) 'example_branch_dop_operator_v3' retrieved from /home/airflow/.local/lib/python3.12/site-packages/airflow/example_dags/example_branch_python_dop_operator_3.py
[2024-05-03T17:13:15.396+0000] {logging_mixin.py:188} INFO - [2024-05-03T17:13:15.396+0000] {dag.py:3096} INFO - Sync 1 DAGs
[2024-05-03T17:13:15.411+0000] {logging_mixin.py:188} INFO - [2024-05-03T17:13:15.411+0000] {dag.py:3954} INFO - Setting next_dagrun for example_branch_dop_operator_v3 to 2024-05-03 17:12:00+00:00, run_after=2024-05-03 17:13:00+00:00
[2024-05-03T17:13:15.420+0000] {processor.py:183} INFO - Processing /home/airflow/.local/lib/python3.12/site-packages/airflow/example_dags/example_branch_python_dop_operator_3.py took 0.041 seconds
[2024-05-03T17:13:46.676+0000] {processor.py:161} INFO - Started process (PID=560) to work on /home/airflow/.local/lib/python3.12/site-packages/airflow/example_dags/example_branch_python_dop_operator_3.py
[2024-05-03T17:13:46.677+0000] {processor.py:830} INFO - Processing file /home/airflow/.local/lib/python3.12/site-packages/airflow/example_dags/example_branch_python_dop_operator_3.py for tasks to queue
[2024-05-03T17:13:46.678+0000] {logging_mixin.py:188} INFO - [2024-05-03T17:13:46.678+0000] {dagbag.py:540} INFO - Filling up the DagBag from /home/airflow/.local/lib/python3.12/site-packages/airflow/example_dags/example_branch_python_dop_operator_3.py
[2024-05-03T17:13:46.683+0000] {processor.py:840} INFO - DAG(s) 'example_branch_dop_operator_v3' retrieved from /home/airflow/.local/lib/python3.12/site-packages/airflow/example_dags/example_branch_python_dop_operator_3.py
[2024-05-03T17:13:46.739+0000] {logging_mixin.py:188} INFO - [2024-05-03T17:13:46.739+0000] {dag.py:3096} INFO - Sync 1 DAGs
[2024-05-03T17:13:46.750+0000] {logging_mixin.py:188} INFO - [2024-05-03T17:13:46.750+0000] {dag.py:3954} INFO - Setting next_dagrun for example_branch_dop_operator_v3 to 2024-05-03 17:12:00+00:00, run_after=2024-05-03 17:13:00+00:00
[2024-05-03T17:13:46.760+0000] {processor.py:183} INFO - Processing /home/airflow/.local/lib/python3.12/site-packages/airflow/example_dags/example_branch_python_dop_operator_3.py took 0.087 seconds
[2024-05-03T17:14:17.289+0000] {processor.py:161} INFO - Started process (PID=822) to work on /home/airflow/.local/lib/python3.12/site-packages/airflow/example_dags/example_branch_python_dop_operator_3.py
[2024-05-03T17:14:17.291+0000] {processor.py:830} INFO - Processing file /home/airflow/.local/lib/python3.12/site-packages/airflow/example_dags/example_branch_python_dop_operator_3.py for tasks to queue
[2024-05-03T17:14:17.292+0000] {logging_mixin.py:188} INFO - [2024-05-03T17:14:17.291+0000] {dagbag.py:540} INFO - Filling up the DagBag from /home/airflow/.local/lib/python3.12/site-packages/airflow/example_dags/example_branch_python_dop_operator_3.py
[2024-05-03T17:14:17.296+0000] {processor.py:840} INFO - DAG(s) 'example_branch_dop_operator_v3' retrieved from /home/airflow/.local/lib/python3.12/site-packages/airflow/example_dags/example_branch_python_dop_operator_3.py
[2024-05-03T17:14:17.307+0000] {logging_mixin.py:188} INFO - [2024-05-03T17:14:17.307+0000] {dag.py:3096} INFO - Sync 1 DAGs
[2024-05-03T17:14:17.319+0000] {logging_mixin.py:188} INFO - [2024-05-03T17:14:17.319+0000] {dag.py:3954} INFO - Setting next_dagrun for example_branch_dop_operator_v3 to 2024-05-03 17:13:00+00:00, run_after=2024-05-03 17:14:00+00:00
[2024-05-03T17:14:17.328+0000] {processor.py:183} INFO - Processing /home/airflow/.local/lib/python3.12/site-packages/airflow/example_dags/example_branch_python_dop_operator_3.py took 0.042 seconds
[2024-05-03T17:14:47.970+0000] {processor.py:161} INFO - Started process (PID=1084) to work on /home/airflow/.local/lib/python3.12/site-packages/airflow/example_dags/example_branch_python_dop_operator_3.py
[2024-05-03T17:14:47.970+0000] {processor.py:830} INFO - Processing file /home/airflow/.local/lib/python3.12/site-packages/airflow/example_dags/example_branch_python_dop_operator_3.py for tasks to queue
[2024-05-03T17:14:47.971+0000] {logging_mixin.py:188} INFO - [2024-05-03T17:14:47.971+0000] {dagbag.py:540} INFO - Filling up the DagBag from /home/airflow/.local/lib/python3.12/site-packages/airflow/example_dags/example_branch_python_dop_operator_3.py
[2024-05-03T17:14:47.976+0000] {processor.py:840} INFO - DAG(s) 'example_branch_dop_operator_v3' retrieved from /home/airflow/.local/lib/python3.12/site-packages/airflow/example_dags/example_branch_python_dop_operator_3.py
[2024-05-03T17:14:47.986+0000] {logging_mixin.py:188} INFO - [2024-05-03T17:14:47.986+0000] {dag.py:3096} INFO - Sync 1 DAGs
[2024-05-03T17:14:47.997+0000] {logging_mixin.py:188} INFO - [2024-05-03T17:14:47.997+0000] {dag.py:3954} INFO - Setting next_dagrun for example_branch_dop_operator_v3 to 2024-05-03 17:13:00+00:00, run_after=2024-05-03 17:14:00+00:00
[2024-05-03T17:14:48.006+0000] {processor.py:183} INFO - Processing /home/airflow/.local/lib/python3.12/site-packages/airflow/example_dags/example_branch_python_dop_operator_3.py took 0.039 seconds
[2024-05-03T17:15:18.970+0000] {processor.py:161} INFO - Started process (PID=1346) to work on /home/airflow/.local/lib/python3.12/site-packages/airflow/example_dags/example_branch_python_dop_operator_3.py
[2024-05-03T17:15:18.971+0000] {processor.py:830} INFO - Processing file /home/airflow/.local/lib/python3.12/site-packages/airflow/example_dags/example_branch_python_dop_operator_3.py for tasks to queue
[2024-05-03T17:15:18.973+0000] {logging_mixin.py:188} INFO - [2024-05-03T17:15:18.973+0000] {dagbag.py:540} INFO - Filling up the DagBag from /home/airflow/.local/lib/python3.12/site-packages/airflow/example_dags/example_branch_python_dop_operator_3.py
[2024-05-03T17:15:18.979+0000] {processor.py:840} INFO - DAG(s) 'example_branch_dop_operator_v3' retrieved from /home/airflow/.local/lib/python3.12/site-packages/airflow/example_dags/example_branch_python_dop_operator_3.py
[2024-05-03T17:15:18.999+0000] {logging_mixin.py:188} INFO - [2024-05-03T17:15:18.998+0000] {dag.py:3096} INFO - Sync 1 DAGs
[2024-05-03T17:15:19.014+0000] {logging_mixin.py:188} INFO - [2024-05-03T17:15:19.014+0000] {dag.py:3954} INFO - Setting next_dagrun for example_branch_dop_operator_v3 to 2024-05-03 17:14:00+00:00, run_after=2024-05-03 17:15:00+00:00
[2024-05-03T17:15:19.028+0000] {processor.py:183} INFO - Processing /home/airflow/.local/lib/python3.12/site-packages/airflow/example_dags/example_branch_python_dop_operator_3.py took 0.061 seconds
[2024-05-03T17:15:49.097+0000] {processor.py:161} INFO - Started process (PID=1610) to work on /home/airflow/.local/lib/python3.12/site-packages/airflow/example_dags/example_branch_python_dop_operator_3.py
[2024-05-03T17:15:49.097+0000] {processor.py:830} INFO - Processing file /home/airflow/.local/lib/python3.12/site-packages/airflow/example_dags/example_branch_python_dop_operator_3.py for tasks to queue
[2024-05-03T17:15:49.098+0000] {logging_mixin.py:188} INFO - [2024-05-03T17:15:49.098+0000] {dagbag.py:540} INFO - Filling up the DagBag from /home/airflow/.local/lib/python3.12/site-packages/airflow/example_dags/example_branch_python_dop_operator_3.py
[2024-05-03T17:15:49.102+0000] {processor.py:840} INFO - DAG(s) 'example_branch_dop_operator_v3' retrieved from /home/airflow/.local/lib/python3.12/site-packages/airflow/example_dags/example_branch_python_dop_operator_3.py
[2024-05-03T17:15:49.113+0000] {logging_mixin.py:188} INFO - [2024-05-03T17:15:49.113+0000] {dag.py:3096} INFO - Sync 1 DAGs
[2024-05-03T17:15:49.125+0000] {logging_mixin.py:188} INFO - [2024-05-03T17:15:49.125+0000] {dag.py:3954} INFO - Setting next_dagrun for example_branch_dop_operator_v3 to 2024-05-03 17:14:00+00:00, run_after=2024-05-03 17:15:00+00:00
[2024-05-03T17:15:49.134+0000] {processor.py:183} INFO - Processing /home/airflow/.local/lib/python3.12/site-packages/airflow/example_dags/example_branch_python_dop_operator_3.py took 0.040 seconds
[2024-05-03T17:16:19.862+0000] {processor.py:161} INFO - Started process (PID=1870) to work on /home/airflow/.local/lib/python3.12/site-packages/airflow/example_dags/example_branch_python_dop_operator_3.py
[2024-05-03T17:16:19.862+0000] {processor.py:830} INFO - Processing file /home/airflow/.local/lib/python3.12/site-packages/airflow/example_dags/example_branch_python_dop_operator_3.py for tasks to queue
[2024-05-03T17:16:19.863+0000] {logging_mixin.py:188} INFO - [2024-05-03T17:16:19.863+0000] {dagbag.py:540} INFO - Filling up the DagBag from /home/airflow/.local/lib/python3.12/site-packages/airflow/example_dags/example_branch_python_dop_operator_3.py
[2024-05-03T17:16:19.867+0000] {processor.py:840} INFO - DAG(s) 'example_branch_dop_operator_v3' retrieved from /home/airflow/.local/lib/python3.12/site-packages/airflow/example_dags/example_branch_python_dop_operator_3.py
[2024-05-03T17:16:19.877+0000] {logging_mixin.py:188} INFO - [2024-05-03T17:16:19.877+0000] {dag.py:3096} INFO - Sync 1 DAGs
[2024-05-03T17:16:19.889+0000] {logging_mixin.py:188} INFO - [2024-05-03T17:16:19.889+0000] {dag.py:3954} INFO - Setting next_dagrun for example_branch_dop_operator_v3 to 2024-05-03 17:15:00+00:00, run_after=2024-05-03 17:16:00+00:00
[2024-05-03T17:16:19.897+0000] {processor.py:183} INFO - Processing /home/airflow/.local/lib/python3.12/site-packages/airflow/example_dags/example_branch_python_dop_operator_3.py took 0.038 seconds
[2024-05-03T17:16:50.732+0000] {processor.py:161} INFO - Started process (PID=2132) to work on /home/airflow/.local/lib/python3.12/site-packages/airflow/example_dags/example_branch_python_dop_operator_3.py
[2024-05-03T17:16:50.733+0000] {processor.py:830} INFO - Processing file /home/airflow/.local/lib/python3.12/site-packages/airflow/example_dags/example_branch_python_dop_operator_3.py for tasks to queue
[2024-05-03T17:16:50.734+0000] {logging_mixin.py:188} INFO - [2024-05-03T17:16:50.733+0000] {dagbag.py:540} INFO - Filling up the DagBag from /home/airflow/.local/lib/python3.12/site-packages/airflow/example_dags/example_branch_python_dop_operator_3.py
[2024-05-03T17:16:50.738+0000] {processor.py:840} INFO - DAG(s) 'example_branch_dop_operator_v3' retrieved from /home/airflow/.local/lib/python3.12/site-packages/airflow/example_dags/example_branch_python_dop_operator_3.py
[2024-05-03T17:16:50.752+0000] {logging_mixin.py:188} INFO - [2024-05-03T17:16:50.752+0000] {dag.py:3096} INFO - Sync 1 DAGs
[2024-05-03T17:16:50.765+0000] {logging_mixin.py:188} INFO - [2024-05-03T17:16:50.765+0000] {dag.py:3954} INFO - Setting next_dagrun for example_branch_dop_operator_v3 to 2024-05-03 17:15:00+00:00, run_after=2024-05-03 17:16:00+00:00
[2024-05-03T17:16:50.773+0000] {processor.py:183} INFO - Processing /home/airflow/.local/lib/python3.12/site-packages/airflow/example_dags/example_branch_python_dop_operator_3.py took 0.045 seconds
[2024-05-03T17:17:20.838+0000] {processor.py:161} INFO - Started process (PID=2394) to work on /home/airflow/.local/lib/python3.12/site-packages/airflow/example_dags/example_branch_python_dop_operator_3.py
[2024-05-03T17:17:20.839+0000] {processor.py:830} INFO - Processing file /home/airflow/.local/lib/python3.12/site-packages/airflow/example_dags/example_branch_python_dop_operator_3.py for tasks to queue
[2024-05-03T17:17:20.840+0000] {logging_mixin.py:188} INFO - [2024-05-03T17:17:20.839+0000] {dagbag.py:540} INFO - Filling up the DagBag from /home/airflow/.local/lib/python3.12/site-packages/airflow/example_dags/example_branch_python_dop_operator_3.py
[2024-05-03T17:17:20.845+0000] {processor.py:840} INFO - DAG(s) 'example_branch_dop_operator_v3' retrieved from /home/airflow/.local/lib/python3.12/site-packages/airflow/example_dags/example_branch_python_dop_operator_3.py
[2024-05-03T17:17:20.855+0000] {logging_mixin.py:188} INFO - [2024-05-03T17:17:20.855+0000] {dag.py:3096} INFO - Sync 1 DAGs
[2024-05-03T17:17:20.867+0000] {logging_mixin.py:188} INFO - [2024-05-03T17:17:20.867+0000] {dag.py:3954} INFO - Setting next_dagrun for example_branch_dop_operator_v3 to 2024-05-03 17:16:00+00:00, run_after=2024-05-03 17:17:00+00:00
[2024-05-03T17:17:20.877+0000] {processor.py:183} INFO - Processing /home/airflow/.local/lib/python3.12/site-packages/airflow/example_dags/example_branch_python_dop_operator_3.py took 0.043 seconds
[2024-05-03T17:17:51.753+0000] {processor.py:161} INFO - Started process (PID=2656) to work on /home/airflow/.local/lib/python3.12/site-packages/airflow/example_dags/example_branch_python_dop_operator_3.py
[2024-05-03T17:17:51.757+0000] {processor.py:830} INFO - Processing file /home/airflow/.local/lib/python3.12/site-packages/airflow/example_dags/example_branch_python_dop_operator_3.py for tasks to queue
[2024-05-03T17:17:51.759+0000] {logging_mixin.py:188} INFO - [2024-05-03T17:17:51.758+0000] {dagbag.py:540} INFO - Filling up the DagBag from /home/airflow/.local/lib/python3.12/site-packages/airflow/example_dags/example_branch_python_dop_operator_3.py
[2024-05-03T17:17:51.766+0000] {processor.py:840} INFO - DAG(s) 'example_branch_dop_operator_v3' retrieved from /home/airflow/.local/lib/python3.12/site-packages/airflow/example_dags/example_branch_python_dop_operator_3.py
[2024-05-03T17:17:51.781+0000] {logging_mixin.py:188} INFO - [2024-05-03T17:17:51.781+0000] {dag.py:3096} INFO - Sync 1 DAGs
[2024-05-03T17:17:51.795+0000] {logging_mixin.py:188} INFO - [2024-05-03T17:17:51.795+0000] {dag.py:3954} INFO - Setting next_dagrun for example_branch_dop_operator_v3 to 2024-05-03 17:16:00+00:00, run_after=2024-05-03 17:17:00+00:00
[2024-05-03T17:17:51.804+0000] {processor.py:183} INFO - Processing /home/airflow/.local/lib/python3.12/site-packages/airflow/example_dags/example_branch_python_dop_operator_3.py took 0.057 seconds
[2024-05-03T17:18:22.036+0000] {processor.py:161} INFO - Started process (PID=2917) to work on /home/airflow/.local/lib/python3.12/site-packages/airflow/example_dags/example_branch_python_dop_operator_3.py
[2024-05-03T17:18:22.036+0000] {processor.py:830} INFO - Processing file /home/airflow/.local/lib/python3.12/site-packages/airflow/example_dags/example_branch_python_dop_operator_3.py for tasks to queue
[2024-05-03T17:18:22.038+0000] {logging_mixin.py:188} INFO - [2024-05-03T17:18:22.037+0000] {dagbag.py:540} INFO - Filling up the DagBag from /home/airflow/.local/lib/python3.12/site-packages/airflow/example_dags/example_branch_python_dop_operator_3.py
[2024-05-03T17:18:22.042+0000] {processor.py:840} INFO - DAG(s) 'example_branch_dop_operator_v3' retrieved from /home/airflow/.local/lib/python3.12/site-packages/airflow/example_dags/example_branch_python_dop_operator_3.py
[2024-05-03T17:18:22.053+0000] {logging_mixin.py:188} INFO - [2024-05-03T17:18:22.052+0000] {dag.py:3096} INFO - Sync 1 DAGs
[2024-05-03T17:18:22.064+0000] {logging_mixin.py:188} INFO - [2024-05-03T17:18:22.064+0000] {dag.py:3954} INFO - Setting next_dagrun for example_branch_dop_operator_v3 to 2024-05-03 17:17:00+00:00, run_after=2024-05-03 17:18:00+00:00
[2024-05-03T17:18:22.074+0000] {processor.py:183} INFO - Processing /home/airflow/.local/lib/python3.12/site-packages/airflow/example_dags/example_branch_python_dop_operator_3.py took 0.041 seconds
[2024-05-03T17:18:52.133+0000] {processor.py:161} INFO - Started process (PID=3179) to work on /home/airflow/.local/lib/python3.12/site-packages/airflow/example_dags/example_branch_python_dop_operator_3.py
[2024-05-03T17:18:52.134+0000] {processor.py:830} INFO - Processing file /home/airflow/.local/lib/python3.12/site-packages/airflow/example_dags/example_branch_python_dop_operator_3.py for tasks to queue
[2024-05-03T17:18:52.135+0000] {logging_mixin.py:188} INFO - [2024-05-03T17:18:52.135+0000] {dagbag.py:540} INFO - Filling up the DagBag from /home/airflow/.local/lib/python3.12/site-packages/airflow/example_dags/example_branch_python_dop_operator_3.py
[2024-05-03T17:18:52.140+0000] {processor.py:840} INFO - DAG(s) 'example_branch_dop_operator_v3' retrieved from /home/airflow/.local/lib/python3.12/site-packages/airflow/example_dags/example_branch_python_dop_operator_3.py
[2024-05-03T17:18:52.146+0000] {logging_mixin.py:188} INFO - [2024-05-03T17:18:52.146+0000] {dag.py:3096} INFO - Sync 1 DAGs
[2024-05-03T17:18:52.159+0000] {logging_mixin.py:188} INFO - [2024-05-03T17:18:52.159+0000] {dag.py:3954} INFO - Setting next_dagrun for example_branch_dop_operator_v3 to 2024-05-03 17:17:00+00:00, run_after=2024-05-03 17:18:00+00:00
[2024-05-03T17:18:52.168+0000] {processor.py:183} INFO - Processing /home/airflow/.local/lib/python3.12/site-packages/airflow/example_dags/example_branch_python_dop_operator_3.py took 0.038 seconds
[2024-05-03T17:19:23.019+0000] {processor.py:161} INFO - Started process (PID=3440) to work on /home/airflow/.local/lib/python3.12/site-packages/airflow/example_dags/example_branch_python_dop_operator_3.py
[2024-05-03T17:19:23.020+0000] {processor.py:830} INFO - Processing file /home/airflow/.local/lib/python3.12/site-packages/airflow/example_dags/example_branch_python_dop_operator_3.py for tasks to queue
[2024-05-03T17:19:23.021+0000] {logging_mixin.py:188} INFO - [2024-05-03T17:19:23.021+0000] {dagbag.py:540} INFO - Filling up the DagBag from /home/airflow/.local/lib/python3.12/site-packages/airflow/example_dags/example_branch_python_dop_operator_3.py
[2024-05-03T17:19:23.025+0000] {processor.py:840} INFO - DAG(s) 'example_branch_dop_operator_v3' retrieved from /home/airflow/.local/lib/python3.12/site-packages/airflow/example_dags/example_branch_python_dop_operator_3.py
[2024-05-03T17:19:23.070+0000] {logging_mixin.py:188} INFO - [2024-05-03T17:19:23.070+0000] {dag.py:3096} INFO - Sync 1 DAGs
[2024-05-03T17:19:23.080+0000] {logging_mixin.py:188} INFO - [2024-05-03T17:19:23.079+0000] {dag.py:3954} INFO - Setting next_dagrun for example_branch_dop_operator_v3 to 2024-05-03 17:18:00+00:00, run_after=2024-05-03 17:19:00+00:00
[2024-05-03T17:19:23.088+0000] {processor.py:183} INFO - Processing /home/airflow/.local/lib/python3.12/site-packages/airflow/example_dags/example_branch_python_dop_operator_3.py took 0.072 seconds
[2024-05-03T17:19:53.269+0000] {processor.py:161} INFO - Started process (PID=3702) to work on /home/airflow/.local/lib/python3.12/site-packages/airflow/example_dags/example_branch_python_dop_operator_3.py
[2024-05-03T17:19:53.269+0000] {processor.py:830} INFO - Processing file /home/airflow/.local/lib/python3.12/site-packages/airflow/example_dags/example_branch_python_dop_operator_3.py for tasks to queue
[2024-05-03T17:19:53.270+0000] {logging_mixin.py:188} INFO - [2024-05-03T17:19:53.270+0000] {dagbag.py:540} INFO - Filling up the DagBag from /home/airflow/.local/lib/python3.12/site-packages/airflow/example_dags/example_branch_python_dop_operator_3.py
[2024-05-03T17:19:53.275+0000] {processor.py:840} INFO - DAG(s) 'example_branch_dop_operator_v3' retrieved from /home/airflow/.local/lib/python3.12/site-packages/airflow/example_dags/example_branch_python_dop_operator_3.py
[2024-05-03T17:19:53.285+0000] {logging_mixin.py:188} INFO - [2024-05-03T17:19:53.285+0000] {dag.py:3096} INFO - Sync 1 DAGs
[2024-05-03T17:19:53.296+0000] {logging_mixin.py:188} INFO - [2024-05-03T17:19:53.296+0000] {dag.py:3954} INFO - Setting next_dagrun for example_branch_dop_operator_v3 to 2024-05-03 17:18:00+00:00, run_after=2024-05-03 17:19:00+00:00
[2024-05-03T17:19:53.305+0000] {processor.py:183} INFO - Processing /home/airflow/.local/lib/python3.12/site-packages/airflow/example_dags/example_branch_python_dop_operator_3.py took 0.039 seconds
[2024-05-03T17:20:23.379+0000] {processor.py:161} INFO - Started process (PID=3964) to work on /home/airflow/.local/lib/python3.12/site-packages/airflow/example_dags/example_branch_python_dop_operator_3.py
[2024-05-03T17:20:23.379+0000] {processor.py:830} INFO - Processing file /home/airflow/.local/lib/python3.12/site-packages/airflow/example_dags/example_branch_python_dop_operator_3.py for tasks to queue
[2024-05-03T17:20:23.381+0000] {logging_mixin.py:188} INFO - [2024-05-03T17:20:23.380+0000] {dagbag.py:540} INFO - Filling up the DagBag from /home/airflow/.local/lib/python3.12/site-packages/airflow/example_dags/example_branch_python_dop_operator_3.py
[2024-05-03T17:20:23.385+0000] {processor.py:840} INFO - DAG(s) 'example_branch_dop_operator_v3' retrieved from /home/airflow/.local/lib/python3.12/site-packages/airflow/example_dags/example_branch_python_dop_operator_3.py
[2024-05-03T17:20:23.395+0000] {logging_mixin.py:188} INFO - [2024-05-03T17:20:23.394+0000] {dag.py:3096} INFO - Sync 1 DAGs
[2024-05-03T17:20:23.406+0000] {logging_mixin.py:188} INFO - [2024-05-03T17:20:23.406+0000] {dag.py:3954} INFO - Setting next_dagrun for example_branch_dop_operator_v3 to 2024-05-03 17:19:00+00:00, run_after=2024-05-03 17:20:00+00:00
[2024-05-03T17:20:23.415+0000] {processor.py:183} INFO - Processing /home/airflow/.local/lib/python3.12/site-packages/airflow/example_dags/example_branch_python_dop_operator_3.py took 0.039 seconds
[2024-05-03T17:20:53.472+0000] {processor.py:161} INFO - Started process (PID=4226) to work on /home/airflow/.local/lib/python3.12/site-packages/airflow/example_dags/example_branch_python_dop_operator_3.py
[2024-05-03T17:20:53.473+0000] {processor.py:830} INFO - Processing file /home/airflow/.local/lib/python3.12/site-packages/airflow/example_dags/example_branch_python_dop_operator_3.py for tasks to queue
[2024-05-03T17:20:53.474+0000] {logging_mixin.py:188} INFO - [2024-05-03T17:20:53.473+0000] {dagbag.py:540} INFO - Filling up the DagBag from /home/airflow/.local/lib/python3.12/site-packages/airflow/example_dags/example_branch_python_dop_operator_3.py
[2024-05-03T17:20:53.478+0000] {processor.py:840} INFO - DAG(s) 'example_branch_dop_operator_v3' retrieved from /home/airflow/.local/lib/python3.12/site-packages/airflow/example_dags/example_branch_python_dop_operator_3.py
[2024-05-03T17:20:53.489+0000] {logging_mixin.py:188} INFO - [2024-05-03T17:20:53.488+0000] {dag.py:3096} INFO - Sync 1 DAGs
[2024-05-03T17:20:53.500+0000] {logging_mixin.py:188} INFO - [2024-05-03T17:20:53.500+0000] {dag.py:3954} INFO - Setting next_dagrun for example_branch_dop_operator_v3 to 2024-05-03 17:19:00+00:00, run_after=2024-05-03 17:20:00+00:00
[2024-05-03T17:20:53.508+0000] {processor.py:183} INFO - Processing /home/airflow/.local/lib/python3.12/site-packages/airflow/example_dags/example_branch_python_dop_operator_3.py took 0.039 seconds
[2024-05-03T17:21:24.474+0000] {processor.py:161} INFO - Started process (PID=4488) to work on /home/airflow/.local/lib/python3.12/site-packages/airflow/example_dags/example_branch_python_dop_operator_3.py
[2024-05-03T17:21:24.475+0000] {processor.py:830} INFO - Processing file /home/airflow/.local/lib/python3.12/site-packages/airflow/example_dags/example_branch_python_dop_operator_3.py for tasks to queue
[2024-05-03T17:21:24.476+0000] {logging_mixin.py:188} INFO - [2024-05-03T17:21:24.475+0000] {dagbag.py:540} INFO - Filling up the DagBag from /home/airflow/.local/lib/python3.12/site-packages/airflow/example_dags/example_branch_python_dop_operator_3.py
[2024-05-03T17:21:24.480+0000] {processor.py:840} INFO - DAG(s) 'example_branch_dop_operator_v3' retrieved from /home/airflow/.local/lib/python3.12/site-packages/airflow/example_dags/example_branch_python_dop_operator_3.py
[2024-05-03T17:21:24.490+0000] {logging_mixin.py:188} INFO - [2024-05-03T17:21:24.490+0000] {dag.py:3096} INFO - Sync 1 DAGs
[2024-05-03T17:21:24.501+0000] {logging_mixin.py:188} INFO - [2024-05-03T17:21:24.501+0000] {dag.py:3954} INFO - Setting next_dagrun for example_branch_dop_operator_v3 to 2024-05-03 17:20:00+00:00, run_after=2024-05-03 17:21:00+00:00
[2024-05-03T17:21:24.510+0000] {processor.py:183} INFO - Processing /home/airflow/.local/lib/python3.12/site-packages/airflow/example_dags/example_branch_python_dop_operator_3.py took 0.039 seconds
[2024-05-03T17:21:54.725+0000] {processor.py:161} INFO - Started process (PID=4750) to work on /home/airflow/.local/lib/python3.12/site-packages/airflow/example_dags/example_branch_python_dop_operator_3.py
[2024-05-03T17:21:54.726+0000] {processor.py:830} INFO - Processing file /home/airflow/.local/lib/python3.12/site-packages/airflow/example_dags/example_branch_python_dop_operator_3.py for tasks to queue
[2024-05-03T17:21:54.727+0000] {logging_mixin.py:188} INFO - [2024-05-03T17:21:54.726+0000] {dagbag.py:540} INFO - Filling up the DagBag from /home/airflow/.local/lib/python3.12/site-packages/airflow/example_dags/example_branch_python_dop_operator_3.py
[2024-05-03T17:21:54.731+0000] {processor.py:840} INFO - DAG(s) 'example_branch_dop_operator_v3' retrieved from /home/airflow/.local/lib/python3.12/site-packages/airflow/example_dags/example_branch_python_dop_operator_3.py
[2024-05-03T17:21:54.741+0000] {logging_mixin.py:188} INFO - [2024-05-03T17:21:54.741+0000] {dag.py:3096} INFO - Sync 1 DAGs
[2024-05-03T17:21:54.752+0000] {logging_mixin.py:188} INFO - [2024-05-03T17:21:54.752+0000] {dag.py:3954} INFO - Setting next_dagrun for example_branch_dop_operator_v3 to 2024-05-03 17:20:00+00:00, run_after=2024-05-03 17:21:00+00:00
[2024-05-03T17:21:54.761+0000] {processor.py:183} INFO - Processing /home/airflow/.local/lib/python3.12/site-packages/airflow/example_dags/example_branch_python_dop_operator_3.py took 0.039 seconds
[2024-05-03T17:22:24.938+0000] {processor.py:161} INFO - Started process (PID=5012) to work on /home/airflow/.local/lib/python3.12/site-packages/airflow/example_dags/example_branch_python_dop_operator_3.py
[2024-05-03T17:22:24.939+0000] {processor.py:830} INFO - Processing file /home/airflow/.local/lib/python3.12/site-packages/airflow/example_dags/example_branch_python_dop_operator_3.py for tasks to queue
[2024-05-03T17:22:24.940+0000] {logging_mixin.py:188} INFO - [2024-05-03T17:22:24.939+0000] {dagbag.py:540} INFO - Filling up the DagBag from /home/airflow/.local/lib/python3.12/site-packages/airflow/example_dags/example_branch_python_dop_operator_3.py
[2024-05-03T17:22:24.944+0000] {processor.py:840} INFO - DAG(s) 'example_branch_dop_operator_v3' retrieved from /home/airflow/.local/lib/python3.12/site-packages/airflow/example_dags/example_branch_python_dop_operator_3.py
[2024-05-03T17:22:24.954+0000] {logging_mixin.py:188} INFO - [2024-05-03T17:22:24.954+0000] {dag.py:3096} INFO - Sync 1 DAGs
[2024-05-03T17:22:24.965+0000] {logging_mixin.py:188} INFO - [2024-05-03T17:22:24.965+0000] {dag.py:3954} INFO - Setting next_dagrun for example_branch_dop_operator_v3 to 2024-05-03 17:21:00+00:00, run_after=2024-05-03 17:22:00+00:00
[2024-05-03T17:22:24.974+0000] {processor.py:183} INFO - Processing /home/airflow/.local/lib/python3.12/site-packages/airflow/example_dags/example_branch_python_dop_operator_3.py took 0.039 seconds
[2024-05-03T17:22:55.083+0000] {processor.py:161} INFO - Started process (PID=5274) to work on /home/airflow/.local/lib/python3.12/site-packages/airflow/example_dags/example_branch_python_dop_operator_3.py
[2024-05-03T17:22:55.084+0000] {processor.py:830} INFO - Processing file /home/airflow/.local/lib/python3.12/site-packages/airflow/example_dags/example_branch_python_dop_operator_3.py for tasks to queue
[2024-05-03T17:22:55.085+0000] {logging_mixin.py:188} INFO - [2024-05-03T17:22:55.085+0000] {dagbag.py:540} INFO - Filling up the DagBag from /home/airflow/.local/lib/python3.12/site-packages/airflow/example_dags/example_branch_python_dop_operator_3.py
[2024-05-03T17:22:55.089+0000] {processor.py:840} INFO - DAG(s) 'example_branch_dop_operator_v3' retrieved from /home/airflow/.local/lib/python3.12/site-packages/airflow/example_dags/example_branch_python_dop_operator_3.py
[2024-05-03T17:22:55.100+0000] {logging_mixin.py:188} INFO - [2024-05-03T17:22:55.100+0000] {dag.py:3096} INFO - Sync 1 DAGs
[2024-05-03T17:22:55.112+0000] {logging_mixin.py:188} INFO - [2024-05-03T17:22:55.112+0000] {dag.py:3954} INFO - Setting next_dagrun for example_branch_dop_operator_v3 to 2024-05-03 17:21:00+00:00, run_after=2024-05-03 17:22:00+00:00
[2024-05-03T17:22:55.121+0000] {processor.py:183} INFO - Processing /home/airflow/.local/lib/python3.12/site-packages/airflow/example_dags/example_branch_python_dop_operator_3.py took 0.040 seconds
[2024-05-03T17:23:25.257+0000] {processor.py:161} INFO - Started process (PID=5536) to work on /home/airflow/.local/lib/python3.12/site-packages/airflow/example_dags/example_branch_python_dop_operator_3.py
[2024-05-03T17:23:25.257+0000] {processor.py:830} INFO - Processing file /home/airflow/.local/lib/python3.12/site-packages/airflow/example_dags/example_branch_python_dop_operator_3.py for tasks to queue
[2024-05-03T17:23:25.258+0000] {logging_mixin.py:188} INFO - [2024-05-03T17:23:25.258+0000] {dagbag.py:540} INFO - Filling up the DagBag from /home/airflow/.local/lib/python3.12/site-packages/airflow/example_dags/example_branch_python_dop_operator_3.py
[2024-05-03T17:23:25.262+0000] {processor.py:840} INFO - DAG(s) 'example_branch_dop_operator_v3' retrieved from /home/airflow/.local/lib/python3.12/site-packages/airflow/example_dags/example_branch_python_dop_operator_3.py
[2024-05-03T17:23:25.272+0000] {logging_mixin.py:188} INFO - [2024-05-03T17:23:25.272+0000] {dag.py:3096} INFO - Sync 1 DAGs
[2024-05-03T17:23:25.283+0000] {logging_mixin.py:188} INFO - [2024-05-03T17:23:25.283+0000] {dag.py:3954} INFO - Setting next_dagrun for example_branch_dop_operator_v3 to 2024-05-03 17:22:00+00:00, run_after=2024-05-03 17:23:00+00:00
[2024-05-03T17:23:25.292+0000] {processor.py:183} INFO - Processing /home/airflow/.local/lib/python3.12/site-packages/airflow/example_dags/example_branch_python_dop_operator_3.py took 0.038 seconds
[2024-05-03T17:23:55.526+0000] {processor.py:161} INFO - Started process (PID=5799) to work on /home/airflow/.local/lib/python3.12/site-packages/airflow/example_dags/example_branch_python_dop_operator_3.py
[2024-05-03T17:23:55.527+0000] {processor.py:830} INFO - Processing file /home/airflow/.local/lib/python3.12/site-packages/airflow/example_dags/example_branch_python_dop_operator_3.py for tasks to queue
[2024-05-03T17:23:55.528+0000] {logging_mixin.py:188} INFO - [2024-05-03T17:23:55.528+0000] {dagbag.py:540} INFO - Filling up the DagBag from /home/airflow/.local/lib/python3.12/site-packages/airflow/example_dags/example_branch_python_dop_operator_3.py
[2024-05-03T17:23:55.533+0000] {processor.py:840} INFO - DAG(s) 'example_branch_dop_operator_v3' retrieved from /home/airflow/.local/lib/python3.12/site-packages/airflow/example_dags/example_branch_python_dop_operator_3.py
[2024-05-03T17:23:55.543+0000] {logging_mixin.py:188} INFO - [2024-05-03T17:23:55.543+0000] {dag.py:3096} INFO - Sync 1 DAGs
[2024-05-03T17:23:55.555+0000] {logging_mixin.py:188} INFO - [2024-05-03T17:23:55.555+0000] {dag.py:3954} INFO - Setting next_dagrun for example_branch_dop_operator_v3 to 2024-05-03 17:22:00+00:00, run_after=2024-05-03 17:23:00+00:00
[2024-05-03T17:23:55.564+0000] {processor.py:183} INFO - Processing /home/airflow/.local/lib/python3.12/site-packages/airflow/example_dags/example_branch_python_dop_operator_3.py took 0.041 seconds
[2024-05-03T17:24:25.662+0000] {processor.py:161} INFO - Started process (PID=6060) to work on /home/airflow/.local/lib/python3.12/site-packages/airflow/example_dags/example_branch_python_dop_operator_3.py
[2024-05-03T17:24:25.663+0000] {processor.py:830} INFO - Processing file /home/airflow/.local/lib/python3.12/site-packages/airflow/example_dags/example_branch_python_dop_operator_3.py for tasks to queue
[2024-05-03T17:24:25.664+0000] {logging_mixin.py:188} INFO - [2024-05-03T17:24:25.663+0000] {dagbag.py:540} INFO - Filling up the DagBag from /home/airflow/.local/lib/python3.12/site-packages/airflow/example_dags/example_branch_python_dop_operator_3.py
[2024-05-03T17:24:25.668+0000] {processor.py:840} INFO - DAG(s) 'example_branch_dop_operator_v3' retrieved from /home/airflow/.local/lib/python3.12/site-packages/airflow/example_dags/example_branch_python_dop_operator_3.py
[2024-05-03T17:24:25.678+0000] {logging_mixin.py:188} INFO - [2024-05-03T17:24:25.678+0000] {dag.py:3096} INFO - Sync 1 DAGs
[2024-05-03T17:24:25.689+0000] {logging_mixin.py:188} INFO - [2024-05-03T17:24:25.689+0000] {dag.py:3954} INFO - Setting next_dagrun for example_branch_dop_operator_v3 to 2024-05-03 17:23:00+00:00, run_after=2024-05-03 17:24:00+00:00
[2024-05-03T17:24:25.697+0000] {processor.py:183} INFO - Processing /home/airflow/.local/lib/python3.12/site-packages/airflow/example_dags/example_branch_python_dop_operator_3.py took 0.039 seconds
[2024-05-03T17:24:56.072+0000] {processor.py:161} INFO - Started process (PID=6322) to work on /home/airflow/.local/lib/python3.12/site-packages/airflow/example_dags/example_branch_python_dop_operator_3.py
[2024-05-03T17:24:56.072+0000] {processor.py:830} INFO - Processing file /home/airflow/.local/lib/python3.12/site-packages/airflow/example_dags/example_branch_python_dop_operator_3.py for tasks to queue
[2024-05-03T17:24:56.074+0000] {logging_mixin.py:188} INFO - [2024-05-03T17:24:56.073+0000] {dagbag.py:540} INFO - Filling up the DagBag from /home/airflow/.local/lib/python3.12/site-packages/airflow/example_dags/example_branch_python_dop_operator_3.py
[2024-05-03T17:24:56.077+0000] {processor.py:840} INFO - DAG(s) 'example_branch_dop_operator_v3' retrieved from /home/airflow/.local/lib/python3.12/site-packages/airflow/example_dags/example_branch_python_dop_operator_3.py
[2024-05-03T17:24:56.088+0000] {logging_mixin.py:188} INFO - [2024-05-03T17:24:56.088+0000] {dag.py:3096} INFO - Sync 1 DAGs
[2024-05-03T17:24:56.099+0000] {logging_mixin.py:188} INFO - [2024-05-03T17:24:56.099+0000] {dag.py:3954} INFO - Setting next_dagrun for example_branch_dop_operator_v3 to 2024-05-03 17:23:00+00:00, run_after=2024-05-03 17:24:00+00:00
[2024-05-03T17:24:56.107+0000] {processor.py:183} INFO - Processing /home/airflow/.local/lib/python3.12/site-packages/airflow/example_dags/example_branch_python_dop_operator_3.py took 0.038 seconds
[2024-05-03T17:25:26.313+0000] {processor.py:161} INFO - Started process (PID=6584) to work on /home/airflow/.local/lib/python3.12/site-packages/airflow/example_dags/example_branch_python_dop_operator_3.py
[2024-05-03T17:25:26.314+0000] {processor.py:830} INFO - Processing file /home/airflow/.local/lib/python3.12/site-packages/airflow/example_dags/example_branch_python_dop_operator_3.py for tasks to queue
[2024-05-03T17:25:26.315+0000] {logging_mixin.py:188} INFO - [2024-05-03T17:25:26.315+0000] {dagbag.py:540} INFO - Filling up the DagBag from /home/airflow/.local/lib/python3.12/site-packages/airflow/example_dags/example_branch_python_dop_operator_3.py
[2024-05-03T17:25:26.319+0000] {processor.py:840} INFO - DAG(s) 'example_branch_dop_operator_v3' retrieved from /home/airflow/.local/lib/python3.12/site-packages/airflow/example_dags/example_branch_python_dop_operator_3.py
[2024-05-03T17:25:26.329+0000] {logging_mixin.py:188} INFO - [2024-05-03T17:25:26.329+0000] {dag.py:3096} INFO - Sync 1 DAGs
[2024-05-03T17:25:26.340+0000] {logging_mixin.py:188} INFO - [2024-05-03T17:25:26.339+0000] {dag.py:3954} INFO - Setting next_dagrun for example_branch_dop_operator_v3 to 2024-05-03 17:24:00+00:00, run_after=2024-05-03 17:25:00+00:00
[2024-05-03T17:25:26.348+0000] {processor.py:183} INFO - Processing /home/airflow/.local/lib/python3.12/site-packages/airflow/example_dags/example_branch_python_dop_operator_3.py took 0.038 seconds
[2024-05-03T17:25:56.547+0000] {processor.py:161} INFO - Started process (PID=6846) to work on /home/airflow/.local/lib/python3.12/site-packages/airflow/example_dags/example_branch_python_dop_operator_3.py
[2024-05-03T17:25:56.547+0000] {processor.py:830} INFO - Processing file /home/airflow/.local/lib/python3.12/site-packages/airflow/example_dags/example_branch_python_dop_operator_3.py for tasks to queue
[2024-05-03T17:25:56.548+0000] {logging_mixin.py:188} INFO - [2024-05-03T17:25:56.548+0000] {dagbag.py:540} INFO - Filling up the DagBag from /home/airflow/.local/lib/python3.12/site-packages/airflow/example_dags/example_branch_python_dop_operator_3.py
[2024-05-03T17:25:56.553+0000] {processor.py:840} INFO - DAG(s) 'example_branch_dop_operator_v3' retrieved from /home/airflow/.local/lib/python3.12/site-packages/airflow/example_dags/example_branch_python_dop_operator_3.py
[2024-05-03T17:25:56.563+0000] {logging_mixin.py:188} INFO - [2024-05-03T17:25:56.563+0000] {dag.py:3096} INFO - Sync 1 DAGs
[2024-05-03T17:25:56.574+0000] {logging_mixin.py:188} INFO - [2024-05-03T17:25:56.574+0000] {dag.py:3954} INFO - Setting next_dagrun for example_branch_dop_operator_v3 to 2024-05-03 17:24:00+00:00, run_after=2024-05-03 17:25:00+00:00
[2024-05-03T17:25:56.583+0000] {processor.py:183} INFO - Processing /home/airflow/.local/lib/python3.12/site-packages/airflow/example_dags/example_branch_python_dop_operator_3.py took 0.039 seconds
[2024-05-03T17:26:27.278+0000] {processor.py:161} INFO - Started process (PID=7108) to work on /home/airflow/.local/lib/python3.12/site-packages/airflow/example_dags/example_branch_python_dop_operator_3.py
[2024-05-03T17:26:27.279+0000] {processor.py:830} INFO - Processing file /home/airflow/.local/lib/python3.12/site-packages/airflow/example_dags/example_branch_python_dop_operator_3.py for tasks to queue
[2024-05-03T17:26:27.280+0000] {logging_mixin.py:188} INFO - [2024-05-03T17:26:27.280+0000] {dagbag.py:540} INFO - Filling up the DagBag from /home/airflow/.local/lib/python3.12/site-packages/airflow/example_dags/example_branch_python_dop_operator_3.py
[2024-05-03T17:26:27.284+0000] {processor.py:840} INFO - DAG(s) 'example_branch_dop_operator_v3' retrieved from /home/airflow/.local/lib/python3.12/site-packages/airflow/example_dags/example_branch_python_dop_operator_3.py
[2024-05-03T17:26:27.294+0000] {logging_mixin.py:188} INFO - [2024-05-03T17:26:27.294+0000] {dag.py:3096} INFO - Sync 1 DAGs
[2024-05-03T17:26:27.306+0000] {logging_mixin.py:188} INFO - [2024-05-03T17:26:27.306+0000] {dag.py:3954} INFO - Setting next_dagrun for example_branch_dop_operator_v3 to 2024-05-03 17:25:00+00:00, run_after=2024-05-03 17:26:00+00:00
[2024-05-03T17:26:27.315+0000] {processor.py:183} INFO - Processing /home/airflow/.local/lib/python3.12/site-packages/airflow/example_dags/example_branch_python_dop_operator_3.py took 0.040 seconds
[2024-05-03T17:26:58.638+0000] {processor.py:161} INFO - Started process (PID=7370) to work on /home/airflow/.local/lib/python3.12/site-packages/airflow/example_dags/example_branch_python_dop_operator_3.py
[2024-05-03T17:26:58.639+0000] {processor.py:830} INFO - Processing file /home/airflow/.local/lib/python3.12/site-packages/airflow/example_dags/example_branch_python_dop_operator_3.py for tasks to queue
[2024-05-03T17:26:58.640+0000] {logging_mixin.py:188} INFO - [2024-05-03T17:26:58.640+0000] {dagbag.py:540} INFO - Filling up the DagBag from /home/airflow/.local/lib/python3.12/site-packages/airflow/example_dags/example_branch_python_dop_operator_3.py
[2024-05-03T17:26:58.736+0000] {processor.py:840} INFO - DAG(s) 'example_branch_dop_operator_v3' retrieved from /home/airflow/.local/lib/python3.12/site-packages/airflow/example_dags/example_branch_python_dop_operator_3.py
[2024-05-03T17:26:58.746+0000] {logging_mixin.py:188} INFO - [2024-05-03T17:26:58.746+0000] {dag.py:3096} INFO - Sync 1 DAGs
[2024-05-03T17:26:58.756+0000] {logging_mixin.py:188} INFO - [2024-05-03T17:26:58.756+0000] {dag.py:3954} INFO - Setting next_dagrun for example_branch_dop_operator_v3 to 2024-05-03 17:25:00+00:00, run_after=2024-05-03 17:26:00+00:00
[2024-05-03T17:26:58.763+0000] {processor.py:183} INFO - Processing /home/airflow/.local/lib/python3.12/site-packages/airflow/example_dags/example_branch_python_dop_operator_3.py took 0.128 seconds
