[2024-05-03T17:13:15.026+0000] {processor.py:161} INFO - Started process (PID=235) to work on /home/airflow/.local/lib/python3.12/site-packages/airflow/example_dags/example_external_task_marker_dag.py
[2024-05-03T17:13:15.026+0000] {processor.py:830} INFO - Processing file /home/airflow/.local/lib/python3.12/site-packages/airflow/example_dags/example_external_task_marker_dag.py for tasks to queue
[2024-05-03T17:13:15.027+0000] {logging_mixin.py:188} INFO - [2024-05-03T17:13:15.027+0000] {dagbag.py:540} INFO - Filling up the DagBag from /home/airflow/.local/lib/python3.12/site-packages/airflow/example_dags/example_external_task_marker_dag.py
[2024-05-03T17:13:15.031+0000] {processor.py:840} INFO - DAG(s) 'example_external_task_marker_parent', 'example_external_task_marker_child' retrieved from /home/airflow/.local/lib/python3.12/site-packages/airflow/example_dags/example_external_task_marker_dag.py
[2024-05-03T17:13:15.039+0000] {logging_mixin.py:188} INFO - [2024-05-03T17:13:15.039+0000] {dag.py:3096} INFO - Sync 2 DAGs
[2024-05-03T17:13:15.046+0000] {logging_mixin.py:188} INFO - [2024-05-03T17:13:15.046+0000] {dag.py:3954} INFO - Setting next_dagrun for example_external_task_marker_child to None, run_after=None
[2024-05-03T17:13:15.048+0000] {logging_mixin.py:188} INFO - [2024-05-03T17:13:15.048+0000] {dag.py:3954} INFO - Setting next_dagrun for example_external_task_marker_parent to None, run_after=None
[2024-05-03T17:13:15.058+0000] {processor.py:183} INFO - Processing /home/airflow/.local/lib/python3.12/site-packages/airflow/example_dags/example_external_task_marker_dag.py took 0.035 seconds
[2024-05-03T17:13:46.015+0000] {processor.py:161} INFO - Started process (PID=495) to work on /home/airflow/.local/lib/python3.12/site-packages/airflow/example_dags/example_external_task_marker_dag.py
[2024-05-03T17:13:46.016+0000] {processor.py:830} INFO - Processing file /home/airflow/.local/lib/python3.12/site-packages/airflow/example_dags/example_external_task_marker_dag.py for tasks to queue
[2024-05-03T17:13:46.017+0000] {logging_mixin.py:188} INFO - [2024-05-03T17:13:46.017+0000] {dagbag.py:540} INFO - Filling up the DagBag from /home/airflow/.local/lib/python3.12/site-packages/airflow/example_dags/example_external_task_marker_dag.py
[2024-05-03T17:13:46.021+0000] {processor.py:840} INFO - DAG(s) 'example_external_task_marker_parent', 'example_external_task_marker_child' retrieved from /home/airflow/.local/lib/python3.12/site-packages/airflow/example_dags/example_external_task_marker_dag.py
[2024-05-03T17:13:46.078+0000] {logging_mixin.py:188} INFO - [2024-05-03T17:13:46.078+0000] {dag.py:3096} INFO - Sync 2 DAGs
[2024-05-03T17:13:46.084+0000] {logging_mixin.py:188} INFO - [2024-05-03T17:13:46.084+0000] {dag.py:3954} INFO - Setting next_dagrun for example_external_task_marker_child to None, run_after=None
[2024-05-03T17:13:46.086+0000] {logging_mixin.py:188} INFO - [2024-05-03T17:13:46.086+0000] {dag.py:3954} INFO - Setting next_dagrun for example_external_task_marker_parent to None, run_after=None
[2024-05-03T17:13:46.095+0000] {processor.py:183} INFO - Processing /home/airflow/.local/lib/python3.12/site-packages/airflow/example_dags/example_external_task_marker_dag.py took 0.083 seconds
[2024-05-03T17:14:16.948+0000] {processor.py:161} INFO - Started process (PID=757) to work on /home/airflow/.local/lib/python3.12/site-packages/airflow/example_dags/example_external_task_marker_dag.py
[2024-05-03T17:14:16.948+0000] {processor.py:830} INFO - Processing file /home/airflow/.local/lib/python3.12/site-packages/airflow/example_dags/example_external_task_marker_dag.py for tasks to queue
[2024-05-03T17:14:16.950+0000] {logging_mixin.py:188} INFO - [2024-05-03T17:14:16.949+0000] {dagbag.py:540} INFO - Filling up the DagBag from /home/airflow/.local/lib/python3.12/site-packages/airflow/example_dags/example_external_task_marker_dag.py
[2024-05-03T17:14:16.953+0000] {processor.py:840} INFO - DAG(s) 'example_external_task_marker_parent', 'example_external_task_marker_child' retrieved from /home/airflow/.local/lib/python3.12/site-packages/airflow/example_dags/example_external_task_marker_dag.py
[2024-05-03T17:14:16.965+0000] {logging_mixin.py:188} INFO - [2024-05-03T17:14:16.965+0000] {dag.py:3096} INFO - Sync 2 DAGs
[2024-05-03T17:14:16.971+0000] {logging_mixin.py:188} INFO - [2024-05-03T17:14:16.971+0000] {dag.py:3954} INFO - Setting next_dagrun for example_external_task_marker_child to None, run_after=None
[2024-05-03T17:14:16.974+0000] {logging_mixin.py:188} INFO - [2024-05-03T17:14:16.973+0000] {dag.py:3954} INFO - Setting next_dagrun for example_external_task_marker_parent to None, run_after=None
[2024-05-03T17:14:16.981+0000] {processor.py:183} INFO - Processing /home/airflow/.local/lib/python3.12/site-packages/airflow/example_dags/example_external_task_marker_dag.py took 0.037 seconds
[2024-05-03T17:14:47.638+0000] {processor.py:161} INFO - Started process (PID=1019) to work on /home/airflow/.local/lib/python3.12/site-packages/airflow/example_dags/example_external_task_marker_dag.py
[2024-05-03T17:14:47.638+0000] {processor.py:830} INFO - Processing file /home/airflow/.local/lib/python3.12/site-packages/airflow/example_dags/example_external_task_marker_dag.py for tasks to queue
[2024-05-03T17:14:47.639+0000] {logging_mixin.py:188} INFO - [2024-05-03T17:14:47.639+0000] {dagbag.py:540} INFO - Filling up the DagBag from /home/airflow/.local/lib/python3.12/site-packages/airflow/example_dags/example_external_task_marker_dag.py
[2024-05-03T17:14:47.643+0000] {processor.py:840} INFO - DAG(s) 'example_external_task_marker_child', 'example_external_task_marker_parent' retrieved from /home/airflow/.local/lib/python3.12/site-packages/airflow/example_dags/example_external_task_marker_dag.py
[2024-05-03T17:14:47.654+0000] {logging_mixin.py:188} INFO - [2024-05-03T17:14:47.654+0000] {dag.py:3096} INFO - Sync 2 DAGs
[2024-05-03T17:14:47.661+0000] {logging_mixin.py:188} INFO - [2024-05-03T17:14:47.660+0000] {dag.py:3954} INFO - Setting next_dagrun for example_external_task_marker_child to None, run_after=None
[2024-05-03T17:14:47.663+0000] {logging_mixin.py:188} INFO - [2024-05-03T17:14:47.663+0000] {dag.py:3954} INFO - Setting next_dagrun for example_external_task_marker_parent to None, run_after=None
[2024-05-03T17:14:47.670+0000] {processor.py:183} INFO - Processing /home/airflow/.local/lib/python3.12/site-packages/airflow/example_dags/example_external_task_marker_dag.py took 0.036 seconds
[2024-05-03T17:15:18.536+0000] {processor.py:161} INFO - Started process (PID=1281) to work on /home/airflow/.local/lib/python3.12/site-packages/airflow/example_dags/example_external_task_marker_dag.py
[2024-05-03T17:15:18.537+0000] {processor.py:830} INFO - Processing file /home/airflow/.local/lib/python3.12/site-packages/airflow/example_dags/example_external_task_marker_dag.py for tasks to queue
[2024-05-03T17:15:18.539+0000] {logging_mixin.py:188} INFO - [2024-05-03T17:15:18.539+0000] {dagbag.py:540} INFO - Filling up the DagBag from /home/airflow/.local/lib/python3.12/site-packages/airflow/example_dags/example_external_task_marker_dag.py
[2024-05-03T17:15:18.556+0000] {processor.py:840} INFO - DAG(s) 'example_external_task_marker_parent', 'example_external_task_marker_child' retrieved from /home/airflow/.local/lib/python3.12/site-packages/airflow/example_dags/example_external_task_marker_dag.py
[2024-05-03T17:15:18.569+0000] {logging_mixin.py:188} INFO - [2024-05-03T17:15:18.569+0000] {dag.py:3096} INFO - Sync 2 DAGs
[2024-05-03T17:15:18.576+0000] {logging_mixin.py:188} INFO - [2024-05-03T17:15:18.576+0000] {dag.py:3954} INFO - Setting next_dagrun for example_external_task_marker_child to None, run_after=None
[2024-05-03T17:15:18.578+0000] {logging_mixin.py:188} INFO - [2024-05-03T17:15:18.578+0000] {dag.py:3954} INFO - Setting next_dagrun for example_external_task_marker_parent to None, run_after=None
[2024-05-03T17:15:18.587+0000] {processor.py:183} INFO - Processing /home/airflow/.local/lib/python3.12/site-packages/airflow/example_dags/example_external_task_marker_dag.py took 0.054 seconds
[2024-05-03T17:15:48.677+0000] {processor.py:161} INFO - Started process (PID=1543) to work on /home/airflow/.local/lib/python3.12/site-packages/airflow/example_dags/example_external_task_marker_dag.py
[2024-05-03T17:15:48.678+0000] {processor.py:830} INFO - Processing file /home/airflow/.local/lib/python3.12/site-packages/airflow/example_dags/example_external_task_marker_dag.py for tasks to queue
[2024-05-03T17:15:48.679+0000] {logging_mixin.py:188} INFO - [2024-05-03T17:15:48.679+0000] {dagbag.py:540} INFO - Filling up the DagBag from /home/airflow/.local/lib/python3.12/site-packages/airflow/example_dags/example_external_task_marker_dag.py
[2024-05-03T17:15:48.682+0000] {processor.py:840} INFO - DAG(s) 'example_external_task_marker_parent', 'example_external_task_marker_child' retrieved from /home/airflow/.local/lib/python3.12/site-packages/airflow/example_dags/example_external_task_marker_dag.py
[2024-05-03T17:15:48.694+0000] {logging_mixin.py:188} INFO - [2024-05-03T17:15:48.694+0000] {dag.py:3096} INFO - Sync 2 DAGs
[2024-05-03T17:15:48.701+0000] {logging_mixin.py:188} INFO - [2024-05-03T17:15:48.700+0000] {dag.py:3954} INFO - Setting next_dagrun for example_external_task_marker_child to None, run_after=None
[2024-05-03T17:15:48.703+0000] {logging_mixin.py:188} INFO - [2024-05-03T17:15:48.703+0000] {dag.py:3954} INFO - Setting next_dagrun for example_external_task_marker_parent to None, run_after=None
[2024-05-03T17:15:48.710+0000] {processor.py:183} INFO - Processing /home/airflow/.local/lib/python3.12/site-packages/airflow/example_dags/example_external_task_marker_dag.py took 0.036 seconds
[2024-05-03T17:16:19.481+0000] {processor.py:161} INFO - Started process (PID=1805) to work on /home/airflow/.local/lib/python3.12/site-packages/airflow/example_dags/example_external_task_marker_dag.py
[2024-05-03T17:16:19.482+0000] {processor.py:830} INFO - Processing file /home/airflow/.local/lib/python3.12/site-packages/airflow/example_dags/example_external_task_marker_dag.py for tasks to queue
[2024-05-03T17:16:19.483+0000] {logging_mixin.py:188} INFO - [2024-05-03T17:16:19.483+0000] {dagbag.py:540} INFO - Filling up the DagBag from /home/airflow/.local/lib/python3.12/site-packages/airflow/example_dags/example_external_task_marker_dag.py
[2024-05-03T17:16:19.486+0000] {processor.py:840} INFO - DAG(s) 'example_external_task_marker_parent', 'example_external_task_marker_child' retrieved from /home/airflow/.local/lib/python3.12/site-packages/airflow/example_dags/example_external_task_marker_dag.py
[2024-05-03T17:16:19.498+0000] {logging_mixin.py:188} INFO - [2024-05-03T17:16:19.498+0000] {dag.py:3096} INFO - Sync 2 DAGs
[2024-05-03T17:16:19.505+0000] {logging_mixin.py:188} INFO - [2024-05-03T17:16:19.505+0000] {dag.py:3954} INFO - Setting next_dagrun for example_external_task_marker_child to None, run_after=None
[2024-05-03T17:16:19.507+0000] {logging_mixin.py:188} INFO - [2024-05-03T17:16:19.507+0000] {dag.py:3954} INFO - Setting next_dagrun for example_external_task_marker_parent to None, run_after=None
[2024-05-03T17:16:19.515+0000] {processor.py:183} INFO - Processing /home/airflow/.local/lib/python3.12/site-packages/airflow/example_dags/example_external_task_marker_dag.py took 0.036 seconds
[2024-05-03T17:16:50.320+0000] {processor.py:161} INFO - Started process (PID=2067) to work on /home/airflow/.local/lib/python3.12/site-packages/airflow/example_dags/example_external_task_marker_dag.py
[2024-05-03T17:16:50.321+0000] {processor.py:830} INFO - Processing file /home/airflow/.local/lib/python3.12/site-packages/airflow/example_dags/example_external_task_marker_dag.py for tasks to queue
[2024-05-03T17:16:50.322+0000] {logging_mixin.py:188} INFO - [2024-05-03T17:16:50.322+0000] {dagbag.py:540} INFO - Filling up the DagBag from /home/airflow/.local/lib/python3.12/site-packages/airflow/example_dags/example_external_task_marker_dag.py
[2024-05-03T17:16:50.326+0000] {processor.py:840} INFO - DAG(s) 'example_external_task_marker_parent', 'example_external_task_marker_child' retrieved from /home/airflow/.local/lib/python3.12/site-packages/airflow/example_dags/example_external_task_marker_dag.py
[2024-05-03T17:16:50.339+0000] {logging_mixin.py:188} INFO - [2024-05-03T17:16:50.339+0000] {dag.py:3096} INFO - Sync 2 DAGs
[2024-05-03T17:16:50.346+0000] {logging_mixin.py:188} INFO - [2024-05-03T17:16:50.346+0000] {dag.py:3954} INFO - Setting next_dagrun for example_external_task_marker_child to None, run_after=None
[2024-05-03T17:16:50.349+0000] {logging_mixin.py:188} INFO - [2024-05-03T17:16:50.348+0000] {dag.py:3954} INFO - Setting next_dagrun for example_external_task_marker_parent to None, run_after=None
[2024-05-03T17:16:50.357+0000] {processor.py:183} INFO - Processing /home/airflow/.local/lib/python3.12/site-packages/airflow/example_dags/example_external_task_marker_dag.py took 0.040 seconds
[2024-05-03T17:17:20.465+0000] {processor.py:161} INFO - Started process (PID=2329) to work on /home/airflow/.local/lib/python3.12/site-packages/airflow/example_dags/example_external_task_marker_dag.py
[2024-05-03T17:17:20.466+0000] {processor.py:830} INFO - Processing file /home/airflow/.local/lib/python3.12/site-packages/airflow/example_dags/example_external_task_marker_dag.py for tasks to queue
[2024-05-03T17:17:20.467+0000] {logging_mixin.py:188} INFO - [2024-05-03T17:17:20.466+0000] {dagbag.py:540} INFO - Filling up the DagBag from /home/airflow/.local/lib/python3.12/site-packages/airflow/example_dags/example_external_task_marker_dag.py
[2024-05-03T17:17:20.470+0000] {processor.py:840} INFO - DAG(s) 'example_external_task_marker_parent', 'example_external_task_marker_child' retrieved from /home/airflow/.local/lib/python3.12/site-packages/airflow/example_dags/example_external_task_marker_dag.py
[2024-05-03T17:17:20.483+0000] {logging_mixin.py:188} INFO - [2024-05-03T17:17:20.483+0000] {dag.py:3096} INFO - Sync 2 DAGs
[2024-05-03T17:17:20.490+0000] {logging_mixin.py:188} INFO - [2024-05-03T17:17:20.490+0000] {dag.py:3954} INFO - Setting next_dagrun for example_external_task_marker_child to None, run_after=None
[2024-05-03T17:17:20.492+0000] {logging_mixin.py:188} INFO - [2024-05-03T17:17:20.492+0000] {dag.py:3954} INFO - Setting next_dagrun for example_external_task_marker_parent to None, run_after=None
[2024-05-03T17:17:20.501+0000] {processor.py:183} INFO - Processing /home/airflow/.local/lib/python3.12/site-packages/airflow/example_dags/example_external_task_marker_dag.py took 0.039 seconds
[2024-05-03T17:17:51.372+0000] {processor.py:161} INFO - Started process (PID=2591) to work on /home/airflow/.local/lib/python3.12/site-packages/airflow/example_dags/example_external_task_marker_dag.py
[2024-05-03T17:17:51.372+0000] {processor.py:830} INFO - Processing file /home/airflow/.local/lib/python3.12/site-packages/airflow/example_dags/example_external_task_marker_dag.py for tasks to queue
[2024-05-03T17:17:51.373+0000] {logging_mixin.py:188} INFO - [2024-05-03T17:17:51.373+0000] {dagbag.py:540} INFO - Filling up the DagBag from /home/airflow/.local/lib/python3.12/site-packages/airflow/example_dags/example_external_task_marker_dag.py
[2024-05-03T17:17:51.377+0000] {processor.py:840} INFO - DAG(s) 'example_external_task_marker_parent', 'example_external_task_marker_child' retrieved from /home/airflow/.local/lib/python3.12/site-packages/airflow/example_dags/example_external_task_marker_dag.py
[2024-05-03T17:17:51.389+0000] {logging_mixin.py:188} INFO - [2024-05-03T17:17:51.389+0000] {dag.py:3096} INFO - Sync 2 DAGs
[2024-05-03T17:17:51.396+0000] {logging_mixin.py:188} INFO - [2024-05-03T17:17:51.396+0000] {dag.py:3954} INFO - Setting next_dagrun for example_external_task_marker_child to None, run_after=None
[2024-05-03T17:17:51.398+0000] {logging_mixin.py:188} INFO - [2024-05-03T17:17:51.398+0000] {dag.py:3954} INFO - Setting next_dagrun for example_external_task_marker_parent to None, run_after=None
[2024-05-03T17:17:51.406+0000] {processor.py:183} INFO - Processing /home/airflow/.local/lib/python3.12/site-packages/airflow/example_dags/example_external_task_marker_dag.py took 0.038 seconds
[2024-05-03T17:18:21.605+0000] {processor.py:161} INFO - Started process (PID=2852) to work on /home/airflow/.local/lib/python3.12/site-packages/airflow/example_dags/example_external_task_marker_dag.py
[2024-05-03T17:18:21.606+0000] {processor.py:830} INFO - Processing file /home/airflow/.local/lib/python3.12/site-packages/airflow/example_dags/example_external_task_marker_dag.py for tasks to queue
[2024-05-03T17:18:21.607+0000] {logging_mixin.py:188} INFO - [2024-05-03T17:18:21.607+0000] {dagbag.py:540} INFO - Filling up the DagBag from /home/airflow/.local/lib/python3.12/site-packages/airflow/example_dags/example_external_task_marker_dag.py
[2024-05-03T17:18:21.610+0000] {processor.py:840} INFO - DAG(s) 'example_external_task_marker_child', 'example_external_task_marker_parent' retrieved from /home/airflow/.local/lib/python3.12/site-packages/airflow/example_dags/example_external_task_marker_dag.py
[2024-05-03T17:18:21.622+0000] {logging_mixin.py:188} INFO - [2024-05-03T17:18:21.622+0000] {dag.py:3096} INFO - Sync 2 DAGs
[2024-05-03T17:18:21.628+0000] {logging_mixin.py:188} INFO - [2024-05-03T17:18:21.628+0000] {dag.py:3954} INFO - Setting next_dagrun for example_external_task_marker_child to None, run_after=None
[2024-05-03T17:18:21.630+0000] {logging_mixin.py:188} INFO - [2024-05-03T17:18:21.630+0000] {dag.py:3954} INFO - Setting next_dagrun for example_external_task_marker_parent to None, run_after=None
[2024-05-03T17:18:21.639+0000] {processor.py:183} INFO - Processing /home/airflow/.local/lib/python3.12/site-packages/airflow/example_dags/example_external_task_marker_dag.py took 0.037 seconds
[2024-05-03T17:18:51.677+0000] {processor.py:161} INFO - Started process (PID=3114) to work on /home/airflow/.local/lib/python3.12/site-packages/airflow/example_dags/example_external_task_marker_dag.py
[2024-05-03T17:18:51.678+0000] {processor.py:830} INFO - Processing file /home/airflow/.local/lib/python3.12/site-packages/airflow/example_dags/example_external_task_marker_dag.py for tasks to queue
[2024-05-03T17:18:51.679+0000] {logging_mixin.py:188} INFO - [2024-05-03T17:18:51.679+0000] {dagbag.py:540} INFO - Filling up the DagBag from /home/airflow/.local/lib/python3.12/site-packages/airflow/example_dags/example_external_task_marker_dag.py
[2024-05-03T17:18:51.683+0000] {processor.py:840} INFO - DAG(s) 'example_external_task_marker_parent', 'example_external_task_marker_child' retrieved from /home/airflow/.local/lib/python3.12/site-packages/airflow/example_dags/example_external_task_marker_dag.py
[2024-05-03T17:18:51.691+0000] {logging_mixin.py:188} INFO - [2024-05-03T17:18:51.691+0000] {dag.py:3096} INFO - Sync 2 DAGs
[2024-05-03T17:18:51.698+0000] {logging_mixin.py:188} INFO - [2024-05-03T17:18:51.698+0000] {dag.py:3954} INFO - Setting next_dagrun for example_external_task_marker_child to None, run_after=None
[2024-05-03T17:18:51.700+0000] {logging_mixin.py:188} INFO - [2024-05-03T17:18:51.700+0000] {dag.py:3954} INFO - Setting next_dagrun for example_external_task_marker_parent to None, run_after=None
[2024-05-03T17:18:51.710+0000] {processor.py:183} INFO - Processing /home/airflow/.local/lib/python3.12/site-packages/airflow/example_dags/example_external_task_marker_dag.py took 0.036 seconds
[2024-05-03T17:19:22.376+0000] {processor.py:161} INFO - Started process (PID=3375) to work on /home/airflow/.local/lib/python3.12/site-packages/airflow/example_dags/example_external_task_marker_dag.py
[2024-05-03T17:19:22.376+0000] {processor.py:830} INFO - Processing file /home/airflow/.local/lib/python3.12/site-packages/airflow/example_dags/example_external_task_marker_dag.py for tasks to queue
[2024-05-03T17:19:22.377+0000] {logging_mixin.py:188} INFO - [2024-05-03T17:19:22.377+0000] {dagbag.py:540} INFO - Filling up the DagBag from /home/airflow/.local/lib/python3.12/site-packages/airflow/example_dags/example_external_task_marker_dag.py
[2024-05-03T17:19:22.381+0000] {processor.py:840} INFO - DAG(s) 'example_external_task_marker_child', 'example_external_task_marker_parent' retrieved from /home/airflow/.local/lib/python3.12/site-packages/airflow/example_dags/example_external_task_marker_dag.py
[2024-05-03T17:19:22.431+0000] {logging_mixin.py:188} INFO - [2024-05-03T17:19:22.431+0000] {dag.py:3096} INFO - Sync 2 DAGs
[2024-05-03T17:19:22.437+0000] {logging_mixin.py:188} INFO - [2024-05-03T17:19:22.437+0000] {dag.py:3954} INFO - Setting next_dagrun for example_external_task_marker_child to None, run_after=None
[2024-05-03T17:19:22.439+0000] {logging_mixin.py:188} INFO - [2024-05-03T17:19:22.439+0000] {dag.py:3954} INFO - Setting next_dagrun for example_external_task_marker_parent to None, run_after=None
[2024-05-03T17:19:22.447+0000] {processor.py:183} INFO - Processing /home/airflow/.local/lib/python3.12/site-packages/airflow/example_dags/example_external_task_marker_dag.py took 0.075 seconds
[2024-05-03T17:19:52.895+0000] {processor.py:161} INFO - Started process (PID=3639) to work on /home/airflow/.local/lib/python3.12/site-packages/airflow/example_dags/example_external_task_marker_dag.py
[2024-05-03T17:19:52.896+0000] {processor.py:830} INFO - Processing file /home/airflow/.local/lib/python3.12/site-packages/airflow/example_dags/example_external_task_marker_dag.py for tasks to queue
[2024-05-03T17:19:52.897+0000] {logging_mixin.py:188} INFO - [2024-05-03T17:19:52.896+0000] {dagbag.py:540} INFO - Filling up the DagBag from /home/airflow/.local/lib/python3.12/site-packages/airflow/example_dags/example_external_task_marker_dag.py
[2024-05-03T17:19:52.900+0000] {processor.py:840} INFO - DAG(s) 'example_external_task_marker_child', 'example_external_task_marker_parent' retrieved from /home/airflow/.local/lib/python3.12/site-packages/airflow/example_dags/example_external_task_marker_dag.py
[2024-05-03T17:19:52.912+0000] {logging_mixin.py:188} INFO - [2024-05-03T17:19:52.912+0000] {dag.py:3096} INFO - Sync 2 DAGs
[2024-05-03T17:19:52.918+0000] {logging_mixin.py:188} INFO - [2024-05-03T17:19:52.918+0000] {dag.py:3954} INFO - Setting next_dagrun for example_external_task_marker_child to None, run_after=None
[2024-05-03T17:19:52.919+0000] {logging_mixin.py:188} INFO - [2024-05-03T17:19:52.919+0000] {dag.py:3954} INFO - Setting next_dagrun for example_external_task_marker_parent to None, run_after=None
[2024-05-03T17:19:52.926+0000] {processor.py:183} INFO - Processing /home/airflow/.local/lib/python3.12/site-packages/airflow/example_dags/example_external_task_marker_dag.py took 0.034 seconds
[2024-05-03T17:20:23.045+0000] {processor.py:161} INFO - Started process (PID=3901) to work on /home/airflow/.local/lib/python3.12/site-packages/airflow/example_dags/example_external_task_marker_dag.py
[2024-05-03T17:20:23.045+0000] {processor.py:830} INFO - Processing file /home/airflow/.local/lib/python3.12/site-packages/airflow/example_dags/example_external_task_marker_dag.py for tasks to queue
[2024-05-03T17:20:23.047+0000] {logging_mixin.py:188} INFO - [2024-05-03T17:20:23.046+0000] {dagbag.py:540} INFO - Filling up the DagBag from /home/airflow/.local/lib/python3.12/site-packages/airflow/example_dags/example_external_task_marker_dag.py
[2024-05-03T17:20:23.050+0000] {processor.py:840} INFO - DAG(s) 'example_external_task_marker_parent', 'example_external_task_marker_child' retrieved from /home/airflow/.local/lib/python3.12/site-packages/airflow/example_dags/example_external_task_marker_dag.py
[2024-05-03T17:20:23.062+0000] {logging_mixin.py:188} INFO - [2024-05-03T17:20:23.062+0000] {dag.py:3096} INFO - Sync 2 DAGs
[2024-05-03T17:20:23.068+0000] {logging_mixin.py:188} INFO - [2024-05-03T17:20:23.068+0000] {dag.py:3954} INFO - Setting next_dagrun for example_external_task_marker_child to None, run_after=None
[2024-05-03T17:20:23.070+0000] {logging_mixin.py:188} INFO - [2024-05-03T17:20:23.070+0000] {dag.py:3954} INFO - Setting next_dagrun for example_external_task_marker_parent to None, run_after=None
[2024-05-03T17:20:23.078+0000] {processor.py:183} INFO - Processing /home/airflow/.local/lib/python3.12/site-packages/airflow/example_dags/example_external_task_marker_dag.py took 0.036 seconds
[2024-05-03T17:20:53.142+0000] {processor.py:161} INFO - Started process (PID=4161) to work on /home/airflow/.local/lib/python3.12/site-packages/airflow/example_dags/example_external_task_marker_dag.py
[2024-05-03T17:20:53.143+0000] {processor.py:830} INFO - Processing file /home/airflow/.local/lib/python3.12/site-packages/airflow/example_dags/example_external_task_marker_dag.py for tasks to queue
[2024-05-03T17:20:53.144+0000] {logging_mixin.py:188} INFO - [2024-05-03T17:20:53.144+0000] {dagbag.py:540} INFO - Filling up the DagBag from /home/airflow/.local/lib/python3.12/site-packages/airflow/example_dags/example_external_task_marker_dag.py
[2024-05-03T17:20:53.147+0000] {processor.py:840} INFO - DAG(s) 'example_external_task_marker_parent', 'example_external_task_marker_child' retrieved from /home/airflow/.local/lib/python3.12/site-packages/airflow/example_dags/example_external_task_marker_dag.py
[2024-05-03T17:20:53.159+0000] {logging_mixin.py:188} INFO - [2024-05-03T17:20:53.159+0000] {dag.py:3096} INFO - Sync 2 DAGs
[2024-05-03T17:20:53.165+0000] {logging_mixin.py:188} INFO - [2024-05-03T17:20:53.165+0000] {dag.py:3954} INFO - Setting next_dagrun for example_external_task_marker_child to None, run_after=None
[2024-05-03T17:20:53.167+0000] {logging_mixin.py:188} INFO - [2024-05-03T17:20:53.167+0000] {dag.py:3954} INFO - Setting next_dagrun for example_external_task_marker_parent to None, run_after=None
[2024-05-03T17:20:53.175+0000] {processor.py:183} INFO - Processing /home/airflow/.local/lib/python3.12/site-packages/airflow/example_dags/example_external_task_marker_dag.py took 0.036 seconds
[2024-05-03T17:21:24.066+0000] {processor.py:161} INFO - Started process (PID=4423) to work on /home/airflow/.local/lib/python3.12/site-packages/airflow/example_dags/example_external_task_marker_dag.py
[2024-05-03T17:21:24.067+0000] {processor.py:830} INFO - Processing file /home/airflow/.local/lib/python3.12/site-packages/airflow/example_dags/example_external_task_marker_dag.py for tasks to queue
[2024-05-03T17:21:24.068+0000] {logging_mixin.py:188} INFO - [2024-05-03T17:21:24.068+0000] {dagbag.py:540} INFO - Filling up the DagBag from /home/airflow/.local/lib/python3.12/site-packages/airflow/example_dags/example_external_task_marker_dag.py
[2024-05-03T17:21:24.071+0000] {processor.py:840} INFO - DAG(s) 'example_external_task_marker_child', 'example_external_task_marker_parent' retrieved from /home/airflow/.local/lib/python3.12/site-packages/airflow/example_dags/example_external_task_marker_dag.py
[2024-05-03T17:21:24.082+0000] {logging_mixin.py:188} INFO - [2024-05-03T17:21:24.082+0000] {dag.py:3096} INFO - Sync 2 DAGs
[2024-05-03T17:21:24.088+0000] {logging_mixin.py:188} INFO - [2024-05-03T17:21:24.088+0000] {dag.py:3954} INFO - Setting next_dagrun for example_external_task_marker_child to None, run_after=None
[2024-05-03T17:21:24.089+0000] {logging_mixin.py:188} INFO - [2024-05-03T17:21:24.089+0000] {dag.py:3954} INFO - Setting next_dagrun for example_external_task_marker_parent to None, run_after=None
[2024-05-03T17:21:24.097+0000] {processor.py:183} INFO - Processing /home/airflow/.local/lib/python3.12/site-packages/airflow/example_dags/example_external_task_marker_dag.py took 0.033 seconds
[2024-05-03T17:21:54.305+0000] {processor.py:161} INFO - Started process (PID=4685) to work on /home/airflow/.local/lib/python3.12/site-packages/airflow/example_dags/example_external_task_marker_dag.py
[2024-05-03T17:21:54.305+0000] {processor.py:830} INFO - Processing file /home/airflow/.local/lib/python3.12/site-packages/airflow/example_dags/example_external_task_marker_dag.py for tasks to queue
[2024-05-03T17:21:54.306+0000] {logging_mixin.py:188} INFO - [2024-05-03T17:21:54.306+0000] {dagbag.py:540} INFO - Filling up the DagBag from /home/airflow/.local/lib/python3.12/site-packages/airflow/example_dags/example_external_task_marker_dag.py
[2024-05-03T17:21:54.309+0000] {processor.py:840} INFO - DAG(s) 'example_external_task_marker_child', 'example_external_task_marker_parent' retrieved from /home/airflow/.local/lib/python3.12/site-packages/airflow/example_dags/example_external_task_marker_dag.py
[2024-05-03T17:21:54.320+0000] {logging_mixin.py:188} INFO - [2024-05-03T17:21:54.320+0000] {dag.py:3096} INFO - Sync 2 DAGs
[2024-05-03T17:21:54.326+0000] {logging_mixin.py:188} INFO - [2024-05-03T17:21:54.326+0000] {dag.py:3954} INFO - Setting next_dagrun for example_external_task_marker_child to None, run_after=None
[2024-05-03T17:21:54.328+0000] {logging_mixin.py:188} INFO - [2024-05-03T17:21:54.328+0000] {dag.py:3954} INFO - Setting next_dagrun for example_external_task_marker_parent to None, run_after=None
[2024-05-03T17:21:54.335+0000] {processor.py:183} INFO - Processing /home/airflow/.local/lib/python3.12/site-packages/airflow/example_dags/example_external_task_marker_dag.py took 0.033 seconds
[2024-05-03T17:22:24.533+0000] {processor.py:161} INFO - Started process (PID=4947) to work on /home/airflow/.local/lib/python3.12/site-packages/airflow/example_dags/example_external_task_marker_dag.py
[2024-05-03T17:22:24.533+0000] {processor.py:830} INFO - Processing file /home/airflow/.local/lib/python3.12/site-packages/airflow/example_dags/example_external_task_marker_dag.py for tasks to queue
[2024-05-03T17:22:24.534+0000] {logging_mixin.py:188} INFO - [2024-05-03T17:22:24.534+0000] {dagbag.py:540} INFO - Filling up the DagBag from /home/airflow/.local/lib/python3.12/site-packages/airflow/example_dags/example_external_task_marker_dag.py
[2024-05-03T17:22:24.537+0000] {processor.py:840} INFO - DAG(s) 'example_external_task_marker_parent', 'example_external_task_marker_child' retrieved from /home/airflow/.local/lib/python3.12/site-packages/airflow/example_dags/example_external_task_marker_dag.py
[2024-05-03T17:22:24.548+0000] {logging_mixin.py:188} INFO - [2024-05-03T17:22:24.548+0000] {dag.py:3096} INFO - Sync 2 DAGs
[2024-05-03T17:22:24.554+0000] {logging_mixin.py:188} INFO - [2024-05-03T17:22:24.554+0000] {dag.py:3954} INFO - Setting next_dagrun for example_external_task_marker_child to None, run_after=None
[2024-05-03T17:22:24.556+0000] {logging_mixin.py:188} INFO - [2024-05-03T17:22:24.556+0000] {dag.py:3954} INFO - Setting next_dagrun for example_external_task_marker_parent to None, run_after=None
[2024-05-03T17:22:24.563+0000] {processor.py:183} INFO - Processing /home/airflow/.local/lib/python3.12/site-packages/airflow/example_dags/example_external_task_marker_dag.py took 0.033 seconds
[2024-05-03T17:22:54.735+0000] {processor.py:161} INFO - Started process (PID=5209) to work on /home/airflow/.local/lib/python3.12/site-packages/airflow/example_dags/example_external_task_marker_dag.py
[2024-05-03T17:22:54.735+0000] {processor.py:830} INFO - Processing file /home/airflow/.local/lib/python3.12/site-packages/airflow/example_dags/example_external_task_marker_dag.py for tasks to queue
[2024-05-03T17:22:54.736+0000] {logging_mixin.py:188} INFO - [2024-05-03T17:22:54.736+0000] {dagbag.py:540} INFO - Filling up the DagBag from /home/airflow/.local/lib/python3.12/site-packages/airflow/example_dags/example_external_task_marker_dag.py
[2024-05-03T17:22:54.739+0000] {processor.py:840} INFO - DAG(s) 'example_external_task_marker_child', 'example_external_task_marker_parent' retrieved from /home/airflow/.local/lib/python3.12/site-packages/airflow/example_dags/example_external_task_marker_dag.py
[2024-05-03T17:22:54.749+0000] {logging_mixin.py:188} INFO - [2024-05-03T17:22:54.749+0000] {dag.py:3096} INFO - Sync 2 DAGs
[2024-05-03T17:22:54.755+0000] {logging_mixin.py:188} INFO - [2024-05-03T17:22:54.755+0000] {dag.py:3954} INFO - Setting next_dagrun for example_external_task_marker_child to None, run_after=None
[2024-05-03T17:22:54.757+0000] {logging_mixin.py:188} INFO - [2024-05-03T17:22:54.757+0000] {dag.py:3954} INFO - Setting next_dagrun for example_external_task_marker_parent to None, run_after=None
[2024-05-03T17:22:54.764+0000] {processor.py:183} INFO - Processing /home/airflow/.local/lib/python3.12/site-packages/airflow/example_dags/example_external_task_marker_dag.py took 0.032 seconds
[2024-05-03T17:23:24.875+0000] {processor.py:161} INFO - Started process (PID=5471) to work on /home/airflow/.local/lib/python3.12/site-packages/airflow/example_dags/example_external_task_marker_dag.py
[2024-05-03T17:23:24.875+0000] {processor.py:830} INFO - Processing file /home/airflow/.local/lib/python3.12/site-packages/airflow/example_dags/example_external_task_marker_dag.py for tasks to queue
[2024-05-03T17:23:24.877+0000] {logging_mixin.py:188} INFO - [2024-05-03T17:23:24.876+0000] {dagbag.py:540} INFO - Filling up the DagBag from /home/airflow/.local/lib/python3.12/site-packages/airflow/example_dags/example_external_task_marker_dag.py
[2024-05-03T17:23:24.880+0000] {processor.py:840} INFO - DAG(s) 'example_external_task_marker_parent', 'example_external_task_marker_child' retrieved from /home/airflow/.local/lib/python3.12/site-packages/airflow/example_dags/example_external_task_marker_dag.py
[2024-05-03T17:23:24.892+0000] {logging_mixin.py:188} INFO - [2024-05-03T17:23:24.892+0000] {dag.py:3096} INFO - Sync 2 DAGs
[2024-05-03T17:23:24.898+0000] {logging_mixin.py:188} INFO - [2024-05-03T17:23:24.898+0000] {dag.py:3954} INFO - Setting next_dagrun for example_external_task_marker_child to None, run_after=None
[2024-05-03T17:23:24.900+0000] {logging_mixin.py:188} INFO - [2024-05-03T17:23:24.899+0000] {dag.py:3954} INFO - Setting next_dagrun for example_external_task_marker_parent to None, run_after=None
[2024-05-03T17:23:24.907+0000] {processor.py:183} INFO - Processing /home/airflow/.local/lib/python3.12/site-packages/airflow/example_dags/example_external_task_marker_dag.py took 0.035 seconds
[2024-05-03T17:23:54.961+0000] {processor.py:161} INFO - Started process (PID=5733) to work on /home/airflow/.local/lib/python3.12/site-packages/airflow/example_dags/example_external_task_marker_dag.py
[2024-05-03T17:23:54.962+0000] {processor.py:830} INFO - Processing file /home/airflow/.local/lib/python3.12/site-packages/airflow/example_dags/example_external_task_marker_dag.py for tasks to queue
[2024-05-03T17:23:54.963+0000] {logging_mixin.py:188} INFO - [2024-05-03T17:23:54.963+0000] {dagbag.py:540} INFO - Filling up the DagBag from /home/airflow/.local/lib/python3.12/site-packages/airflow/example_dags/example_external_task_marker_dag.py
[2024-05-03T17:23:54.966+0000] {processor.py:840} INFO - DAG(s) 'example_external_task_marker_parent', 'example_external_task_marker_child' retrieved from /home/airflow/.local/lib/python3.12/site-packages/airflow/example_dags/example_external_task_marker_dag.py
[2024-05-03T17:23:54.980+0000] {logging_mixin.py:188} INFO - [2024-05-03T17:23:54.980+0000] {dag.py:3096} INFO - Sync 2 DAGs
[2024-05-03T17:23:54.987+0000] {logging_mixin.py:188} INFO - [2024-05-03T17:23:54.987+0000] {dag.py:3954} INFO - Setting next_dagrun for example_external_task_marker_child to None, run_after=None
[2024-05-03T17:23:54.989+0000] {logging_mixin.py:188} INFO - [2024-05-03T17:23:54.989+0000] {dag.py:3954} INFO - Setting next_dagrun for example_external_task_marker_parent to None, run_after=None
[2024-05-03T17:23:54.998+0000] {processor.py:183} INFO - Processing /home/airflow/.local/lib/python3.12/site-packages/airflow/example_dags/example_external_task_marker_dag.py took 0.040 seconds
[2024-05-03T17:24:25.140+0000] {processor.py:161} INFO - Started process (PID=5990) to work on /home/airflow/.local/lib/python3.12/site-packages/airflow/example_dags/example_external_task_marker_dag.py
[2024-05-03T17:24:25.141+0000] {processor.py:830} INFO - Processing file /home/airflow/.local/lib/python3.12/site-packages/airflow/example_dags/example_external_task_marker_dag.py for tasks to queue
[2024-05-03T17:24:25.142+0000] {logging_mixin.py:188} INFO - [2024-05-03T17:24:25.142+0000] {dagbag.py:540} INFO - Filling up the DagBag from /home/airflow/.local/lib/python3.12/site-packages/airflow/example_dags/example_external_task_marker_dag.py
[2024-05-03T17:24:25.145+0000] {processor.py:840} INFO - DAG(s) 'example_external_task_marker_child', 'example_external_task_marker_parent' retrieved from /home/airflow/.local/lib/python3.12/site-packages/airflow/example_dags/example_external_task_marker_dag.py
[2024-05-03T17:24:25.155+0000] {logging_mixin.py:188} INFO - [2024-05-03T17:24:25.155+0000] {dag.py:3096} INFO - Sync 2 DAGs
[2024-05-03T17:24:25.161+0000] {logging_mixin.py:188} INFO - [2024-05-03T17:24:25.161+0000] {dag.py:3954} INFO - Setting next_dagrun for example_external_task_marker_child to None, run_after=None
[2024-05-03T17:24:25.163+0000] {logging_mixin.py:188} INFO - [2024-05-03T17:24:25.163+0000] {dag.py:3954} INFO - Setting next_dagrun for example_external_task_marker_parent to None, run_after=None
[2024-05-03T17:24:25.170+0000] {processor.py:183} INFO - Processing /home/airflow/.local/lib/python3.12/site-packages/airflow/example_dags/example_external_task_marker_dag.py took 0.033 seconds
[2024-05-03T17:24:55.563+0000] {processor.py:161} INFO - Started process (PID=6252) to work on /home/airflow/.local/lib/python3.12/site-packages/airflow/example_dags/example_external_task_marker_dag.py
[2024-05-03T17:24:55.564+0000] {processor.py:830} INFO - Processing file /home/airflow/.local/lib/python3.12/site-packages/airflow/example_dags/example_external_task_marker_dag.py for tasks to queue
[2024-05-03T17:24:55.565+0000] {logging_mixin.py:188} INFO - [2024-05-03T17:24:55.565+0000] {dagbag.py:540} INFO - Filling up the DagBag from /home/airflow/.local/lib/python3.12/site-packages/airflow/example_dags/example_external_task_marker_dag.py
[2024-05-03T17:24:55.568+0000] {processor.py:840} INFO - DAG(s) 'example_external_task_marker_child', 'example_external_task_marker_parent' retrieved from /home/airflow/.local/lib/python3.12/site-packages/airflow/example_dags/example_external_task_marker_dag.py
[2024-05-03T17:24:55.579+0000] {logging_mixin.py:188} INFO - [2024-05-03T17:24:55.579+0000] {dag.py:3096} INFO - Sync 2 DAGs
[2024-05-03T17:24:55.585+0000] {logging_mixin.py:188} INFO - [2024-05-03T17:24:55.585+0000] {dag.py:3954} INFO - Setting next_dagrun for example_external_task_marker_child to None, run_after=None
[2024-05-03T17:24:55.587+0000] {logging_mixin.py:188} INFO - [2024-05-03T17:24:55.586+0000] {dag.py:3954} INFO - Setting next_dagrun for example_external_task_marker_parent to None, run_after=None
[2024-05-03T17:24:55.594+0000] {processor.py:183} INFO - Processing /home/airflow/.local/lib/python3.12/site-packages/airflow/example_dags/example_external_task_marker_dag.py took 0.033 seconds
[2024-05-03T17:25:25.840+0000] {processor.py:161} INFO - Started process (PID=6514) to work on /home/airflow/.local/lib/python3.12/site-packages/airflow/example_dags/example_external_task_marker_dag.py
[2024-05-03T17:25:25.841+0000] {processor.py:830} INFO - Processing file /home/airflow/.local/lib/python3.12/site-packages/airflow/example_dags/example_external_task_marker_dag.py for tasks to queue
[2024-05-03T17:25:25.842+0000] {logging_mixin.py:188} INFO - [2024-05-03T17:25:25.841+0000] {dagbag.py:540} INFO - Filling up the DagBag from /home/airflow/.local/lib/python3.12/site-packages/airflow/example_dags/example_external_task_marker_dag.py
[2024-05-03T17:25:25.845+0000] {processor.py:840} INFO - DAG(s) 'example_external_task_marker_child', 'example_external_task_marker_parent' retrieved from /home/airflow/.local/lib/python3.12/site-packages/airflow/example_dags/example_external_task_marker_dag.py
[2024-05-03T17:25:25.856+0000] {logging_mixin.py:188} INFO - [2024-05-03T17:25:25.856+0000] {dag.py:3096} INFO - Sync 2 DAGs
[2024-05-03T17:25:25.862+0000] {logging_mixin.py:188} INFO - [2024-05-03T17:25:25.862+0000] {dag.py:3954} INFO - Setting next_dagrun for example_external_task_marker_child to None, run_after=None
[2024-05-03T17:25:25.864+0000] {logging_mixin.py:188} INFO - [2024-05-03T17:25:25.863+0000] {dag.py:3954} INFO - Setting next_dagrun for example_external_task_marker_parent to None, run_after=None
[2024-05-03T17:25:25.871+0000] {processor.py:183} INFO - Processing /home/airflow/.local/lib/python3.12/site-packages/airflow/example_dags/example_external_task_marker_dag.py took 0.035 seconds
[2024-05-03T17:25:56.079+0000] {processor.py:161} INFO - Started process (PID=6778) to work on /home/airflow/.local/lib/python3.12/site-packages/airflow/example_dags/example_external_task_marker_dag.py
[2024-05-03T17:25:56.079+0000] {processor.py:830} INFO - Processing file /home/airflow/.local/lib/python3.12/site-packages/airflow/example_dags/example_external_task_marker_dag.py for tasks to queue
[2024-05-03T17:25:56.080+0000] {logging_mixin.py:188} INFO - [2024-05-03T17:25:56.080+0000] {dagbag.py:540} INFO - Filling up the DagBag from /home/airflow/.local/lib/python3.12/site-packages/airflow/example_dags/example_external_task_marker_dag.py
[2024-05-03T17:25:56.083+0000] {processor.py:840} INFO - DAG(s) 'example_external_task_marker_parent', 'example_external_task_marker_child' retrieved from /home/airflow/.local/lib/python3.12/site-packages/airflow/example_dags/example_external_task_marker_dag.py
[2024-05-03T17:25:56.095+0000] {logging_mixin.py:188} INFO - [2024-05-03T17:25:56.095+0000] {dag.py:3096} INFO - Sync 2 DAGs
[2024-05-03T17:25:56.102+0000] {logging_mixin.py:188} INFO - [2024-05-03T17:25:56.102+0000] {dag.py:3954} INFO - Setting next_dagrun for example_external_task_marker_child to None, run_after=None
[2024-05-03T17:25:56.104+0000] {logging_mixin.py:188} INFO - [2024-05-03T17:25:56.104+0000] {dag.py:3954} INFO - Setting next_dagrun for example_external_task_marker_parent to None, run_after=None
[2024-05-03T17:25:56.111+0000] {processor.py:183} INFO - Processing /home/airflow/.local/lib/python3.12/site-packages/airflow/example_dags/example_external_task_marker_dag.py took 0.035 seconds
[2024-05-03T17:26:26.783+0000] {processor.py:161} INFO - Started process (PID=7038) to work on /home/airflow/.local/lib/python3.12/site-packages/airflow/example_dags/example_external_task_marker_dag.py
[2024-05-03T17:26:26.783+0000] {processor.py:830} INFO - Processing file /home/airflow/.local/lib/python3.12/site-packages/airflow/example_dags/example_external_task_marker_dag.py for tasks to queue
[2024-05-03T17:26:26.784+0000] {logging_mixin.py:188} INFO - [2024-05-03T17:26:26.784+0000] {dagbag.py:540} INFO - Filling up the DagBag from /home/airflow/.local/lib/python3.12/site-packages/airflow/example_dags/example_external_task_marker_dag.py
[2024-05-03T17:26:26.787+0000] {processor.py:840} INFO - DAG(s) 'example_external_task_marker_child', 'example_external_task_marker_parent' retrieved from /home/airflow/.local/lib/python3.12/site-packages/airflow/example_dags/example_external_task_marker_dag.py
[2024-05-03T17:26:26.799+0000] {logging_mixin.py:188} INFO - [2024-05-03T17:26:26.799+0000] {dag.py:3096} INFO - Sync 2 DAGs
[2024-05-03T17:26:26.805+0000] {logging_mixin.py:188} INFO - [2024-05-03T17:26:26.804+0000] {dag.py:3954} INFO - Setting next_dagrun for example_external_task_marker_child to None, run_after=None
[2024-05-03T17:26:26.806+0000] {logging_mixin.py:188} INFO - [2024-05-03T17:26:26.806+0000] {dag.py:3954} INFO - Setting next_dagrun for example_external_task_marker_parent to None, run_after=None
[2024-05-03T17:26:26.814+0000] {processor.py:183} INFO - Processing /home/airflow/.local/lib/python3.12/site-packages/airflow/example_dags/example_external_task_marker_dag.py took 0.034 seconds
[2024-05-03T17:26:57.479+0000] {processor.py:161} INFO - Started process (PID=7302) to work on /home/airflow/.local/lib/python3.12/site-packages/airflow/example_dags/example_external_task_marker_dag.py
[2024-05-03T17:26:57.479+0000] {processor.py:830} INFO - Processing file /home/airflow/.local/lib/python3.12/site-packages/airflow/example_dags/example_external_task_marker_dag.py for tasks to queue
[2024-05-03T17:26:57.480+0000] {logging_mixin.py:188} INFO - [2024-05-03T17:26:57.480+0000] {dagbag.py:540} INFO - Filling up the DagBag from /home/airflow/.local/lib/python3.12/site-packages/airflow/example_dags/example_external_task_marker_dag.py
[2024-05-03T17:26:57.484+0000] {processor.py:840} INFO - DAG(s) 'example_external_task_marker_parent', 'example_external_task_marker_child' retrieved from /home/airflow/.local/lib/python3.12/site-packages/airflow/example_dags/example_external_task_marker_dag.py
[2024-05-03T17:26:57.582+0000] {logging_mixin.py:188} INFO - [2024-05-03T17:26:57.582+0000] {dag.py:3096} INFO - Sync 2 DAGs
[2024-05-03T17:26:57.586+0000] {logging_mixin.py:188} INFO - [2024-05-03T17:26:57.586+0000] {dag.py:3954} INFO - Setting next_dagrun for example_external_task_marker_child to None, run_after=None
[2024-05-03T17:26:57.588+0000] {logging_mixin.py:188} INFO - [2024-05-03T17:26:57.588+0000] {dag.py:3954} INFO - Setting next_dagrun for example_external_task_marker_parent to None, run_after=None
[2024-05-03T17:26:57.595+0000] {processor.py:183} INFO - Processing /home/airflow/.local/lib/python3.12/site-packages/airflow/example_dags/example_external_task_marker_dag.py took 0.120 seconds
