[2024-05-03T17:13:15.465+0000] {processor.py:161} INFO - Started process (PID=313) to work on /home/airflow/.local/lib/python3.12/site-packages/airflow/example_dags/example_short_circuit_operator.py
[2024-05-03T17:13:15.466+0000] {processor.py:830} INFO - Processing file /home/airflow/.local/lib/python3.12/site-packages/airflow/example_dags/example_short_circuit_operator.py for tasks to queue
[2024-05-03T17:13:15.467+0000] {logging_mixin.py:188} INFO - [2024-05-03T17:13:15.467+0000] {dagbag.py:540} INFO - Filling up the DagBag from /home/airflow/.local/lib/python3.12/site-packages/airflow/example_dags/example_short_circuit_operator.py
[2024-05-03T17:13:15.471+0000] {processor.py:840} INFO - DAG(s) 'example_short_circuit_operator' retrieved from /home/airflow/.local/lib/python3.12/site-packages/airflow/example_dags/example_short_circuit_operator.py
[2024-05-03T17:13:15.478+0000] {logging_mixin.py:188} INFO - [2024-05-03T17:13:15.478+0000] {dag.py:3096} INFO - Sync 1 DAGs
[2024-05-03T17:13:15.491+0000] {logging_mixin.py:188} INFO - [2024-05-03T17:13:15.491+0000] {dag.py:3954} INFO - Setting next_dagrun for example_short_circuit_operator to 2024-05-02 00:00:00+00:00, run_after=2024-05-03 00:00:00+00:00
[2024-05-03T17:13:15.502+0000] {processor.py:183} INFO - Processing /home/airflow/.local/lib/python3.12/site-packages/airflow/example_dags/example_short_circuit_operator.py took 0.040 seconds
[2024-05-03T17:13:46.817+0000] {processor.py:161} INFO - Started process (PID=575) to work on /home/airflow/.local/lib/python3.12/site-packages/airflow/example_dags/example_short_circuit_operator.py
[2024-05-03T17:13:46.817+0000] {processor.py:830} INFO - Processing file /home/airflow/.local/lib/python3.12/site-packages/airflow/example_dags/example_short_circuit_operator.py for tasks to queue
[2024-05-03T17:13:46.818+0000] {logging_mixin.py:188} INFO - [2024-05-03T17:13:46.818+0000] {dagbag.py:540} INFO - Filling up the DagBag from /home/airflow/.local/lib/python3.12/site-packages/airflow/example_dags/example_short_circuit_operator.py
[2024-05-03T17:13:46.822+0000] {processor.py:840} INFO - DAG(s) 'example_short_circuit_operator' retrieved from /home/airflow/.local/lib/python3.12/site-packages/airflow/example_dags/example_short_circuit_operator.py
[2024-05-03T17:13:46.880+0000] {logging_mixin.py:188} INFO - [2024-05-03T17:13:46.880+0000] {dag.py:3096} INFO - Sync 1 DAGs
[2024-05-03T17:13:46.890+0000] {logging_mixin.py:188} INFO - [2024-05-03T17:13:46.890+0000] {dag.py:3954} INFO - Setting next_dagrun for example_short_circuit_operator to 2024-05-02 00:00:00+00:00, run_after=2024-05-03 00:00:00+00:00
[2024-05-03T17:13:46.900+0000] {processor.py:183} INFO - Processing /home/airflow/.local/lib/python3.12/site-packages/airflow/example_dags/example_short_circuit_operator.py took 0.086 seconds
[2024-05-03T17:14:17.376+0000] {processor.py:161} INFO - Started process (PID=837) to work on /home/airflow/.local/lib/python3.12/site-packages/airflow/example_dags/example_short_circuit_operator.py
[2024-05-03T17:14:17.376+0000] {processor.py:830} INFO - Processing file /home/airflow/.local/lib/python3.12/site-packages/airflow/example_dags/example_short_circuit_operator.py for tasks to queue
[2024-05-03T17:14:17.378+0000] {logging_mixin.py:188} INFO - [2024-05-03T17:14:17.377+0000] {dagbag.py:540} INFO - Filling up the DagBag from /home/airflow/.local/lib/python3.12/site-packages/airflow/example_dags/example_short_circuit_operator.py
[2024-05-03T17:14:17.381+0000] {processor.py:840} INFO - DAG(s) 'example_short_circuit_operator' retrieved from /home/airflow/.local/lib/python3.12/site-packages/airflow/example_dags/example_short_circuit_operator.py
[2024-05-03T17:14:17.393+0000] {logging_mixin.py:188} INFO - [2024-05-03T17:14:17.392+0000] {dag.py:3096} INFO - Sync 1 DAGs
[2024-05-03T17:14:17.402+0000] {logging_mixin.py:188} INFO - [2024-05-03T17:14:17.402+0000] {dag.py:3954} INFO - Setting next_dagrun for example_short_circuit_operator to 2024-05-02 00:00:00+00:00, run_after=2024-05-03 00:00:00+00:00
[2024-05-03T17:14:17.411+0000] {processor.py:183} INFO - Processing /home/airflow/.local/lib/python3.12/site-packages/airflow/example_dags/example_short_circuit_operator.py took 0.039 seconds
[2024-05-03T17:14:48.057+0000] {processor.py:161} INFO - Started process (PID=1101) to work on /home/airflow/.local/lib/python3.12/site-packages/airflow/example_dags/example_short_circuit_operator.py
[2024-05-03T17:14:48.058+0000] {processor.py:830} INFO - Processing file /home/airflow/.local/lib/python3.12/site-packages/airflow/example_dags/example_short_circuit_operator.py for tasks to queue
[2024-05-03T17:14:48.059+0000] {logging_mixin.py:188} INFO - [2024-05-03T17:14:48.058+0000] {dagbag.py:540} INFO - Filling up the DagBag from /home/airflow/.local/lib/python3.12/site-packages/airflow/example_dags/example_short_circuit_operator.py
[2024-05-03T17:14:48.063+0000] {processor.py:840} INFO - DAG(s) 'example_short_circuit_operator' retrieved from /home/airflow/.local/lib/python3.12/site-packages/airflow/example_dags/example_short_circuit_operator.py
[2024-05-03T17:14:48.074+0000] {logging_mixin.py:188} INFO - [2024-05-03T17:14:48.074+0000] {dag.py:3096} INFO - Sync 1 DAGs
[2024-05-03T17:14:48.085+0000] {logging_mixin.py:188} INFO - [2024-05-03T17:14:48.085+0000] {dag.py:3954} INFO - Setting next_dagrun for example_short_circuit_operator to 2024-05-02 00:00:00+00:00, run_after=2024-05-03 00:00:00+00:00
[2024-05-03T17:14:48.097+0000] {processor.py:183} INFO - Processing /home/airflow/.local/lib/python3.12/site-packages/airflow/example_dags/example_short_circuit_operator.py took 0.043 seconds
[2024-05-03T17:15:19.070+0000] {processor.py:161} INFO - Started process (PID=1361) to work on /home/airflow/.local/lib/python3.12/site-packages/airflow/example_dags/example_short_circuit_operator.py
[2024-05-03T17:15:19.070+0000] {processor.py:830} INFO - Processing file /home/airflow/.local/lib/python3.12/site-packages/airflow/example_dags/example_short_circuit_operator.py for tasks to queue
[2024-05-03T17:15:19.071+0000] {logging_mixin.py:188} INFO - [2024-05-03T17:15:19.071+0000] {dagbag.py:540} INFO - Filling up the DagBag from /home/airflow/.local/lib/python3.12/site-packages/airflow/example_dags/example_short_circuit_operator.py
[2024-05-03T17:15:19.075+0000] {processor.py:840} INFO - DAG(s) 'example_short_circuit_operator' retrieved from /home/airflow/.local/lib/python3.12/site-packages/airflow/example_dags/example_short_circuit_operator.py
[2024-05-03T17:15:19.087+0000] {logging_mixin.py:188} INFO - [2024-05-03T17:15:19.087+0000] {dag.py:3096} INFO - Sync 1 DAGs
[2024-05-03T17:15:19.099+0000] {logging_mixin.py:188} INFO - [2024-05-03T17:15:19.099+0000] {dag.py:3954} INFO - Setting next_dagrun for example_short_circuit_operator to 2024-05-02 00:00:00+00:00, run_after=2024-05-03 00:00:00+00:00
[2024-05-03T17:15:19.108+0000] {processor.py:183} INFO - Processing /home/airflow/.local/lib/python3.12/site-packages/airflow/example_dags/example_short_circuit_operator.py took 0.042 seconds
[2024-05-03T17:15:49.157+0000] {processor.py:161} INFO - Started process (PID=1623) to work on /home/airflow/.local/lib/python3.12/site-packages/airflow/example_dags/example_short_circuit_operator.py
[2024-05-03T17:15:49.158+0000] {processor.py:830} INFO - Processing file /home/airflow/.local/lib/python3.12/site-packages/airflow/example_dags/example_short_circuit_operator.py for tasks to queue
[2024-05-03T17:15:49.159+0000] {logging_mixin.py:188} INFO - [2024-05-03T17:15:49.158+0000] {dagbag.py:540} INFO - Filling up the DagBag from /home/airflow/.local/lib/python3.12/site-packages/airflow/example_dags/example_short_circuit_operator.py
[2024-05-03T17:15:49.162+0000] {processor.py:840} INFO - DAG(s) 'example_short_circuit_operator' retrieved from /home/airflow/.local/lib/python3.12/site-packages/airflow/example_dags/example_short_circuit_operator.py
[2024-05-03T17:15:49.174+0000] {logging_mixin.py:188} INFO - [2024-05-03T17:15:49.174+0000] {dag.py:3096} INFO - Sync 1 DAGs
[2024-05-03T17:15:49.184+0000] {logging_mixin.py:188} INFO - [2024-05-03T17:15:49.184+0000] {dag.py:3954} INFO - Setting next_dagrun for example_short_circuit_operator to 2024-05-02 00:00:00+00:00, run_after=2024-05-03 00:00:00+00:00
[2024-05-03T17:15:49.193+0000] {processor.py:183} INFO - Processing /home/airflow/.local/lib/python3.12/site-packages/airflow/example_dags/example_short_circuit_operator.py took 0.039 seconds
[2024-05-03T17:16:19.968+0000] {processor.py:161} INFO - Started process (PID=1885) to work on /home/airflow/.local/lib/python3.12/site-packages/airflow/example_dags/example_short_circuit_operator.py
[2024-05-03T17:16:19.968+0000] {processor.py:830} INFO - Processing file /home/airflow/.local/lib/python3.12/site-packages/airflow/example_dags/example_short_circuit_operator.py for tasks to queue
[2024-05-03T17:16:19.969+0000] {logging_mixin.py:188} INFO - [2024-05-03T17:16:19.969+0000] {dagbag.py:540} INFO - Filling up the DagBag from /home/airflow/.local/lib/python3.12/site-packages/airflow/example_dags/example_short_circuit_operator.py
[2024-05-03T17:16:19.973+0000] {processor.py:840} INFO - DAG(s) 'example_short_circuit_operator' retrieved from /home/airflow/.local/lib/python3.12/site-packages/airflow/example_dags/example_short_circuit_operator.py
[2024-05-03T17:16:19.984+0000] {logging_mixin.py:188} INFO - [2024-05-03T17:16:19.984+0000] {dag.py:3096} INFO - Sync 1 DAGs
[2024-05-03T17:16:19.994+0000] {logging_mixin.py:188} INFO - [2024-05-03T17:16:19.993+0000] {dag.py:3954} INFO - Setting next_dagrun for example_short_circuit_operator to 2024-05-02 00:00:00+00:00, run_after=2024-05-03 00:00:00+00:00
[2024-05-03T17:16:20.003+0000] {processor.py:183} INFO - Processing /home/airflow/.local/lib/python3.12/site-packages/airflow/example_dags/example_short_circuit_operator.py took 0.038 seconds
[2024-05-03T17:16:50.892+0000] {processor.py:161} INFO - Started process (PID=2149) to work on /home/airflow/.local/lib/python3.12/site-packages/airflow/example_dags/example_short_circuit_operator.py
[2024-05-03T17:16:50.892+0000] {processor.py:830} INFO - Processing file /home/airflow/.local/lib/python3.12/site-packages/airflow/example_dags/example_short_circuit_operator.py for tasks to queue
[2024-05-03T17:16:50.893+0000] {logging_mixin.py:188} INFO - [2024-05-03T17:16:50.893+0000] {dagbag.py:540} INFO - Filling up the DagBag from /home/airflow/.local/lib/python3.12/site-packages/airflow/example_dags/example_short_circuit_operator.py
[2024-05-03T17:16:50.897+0000] {processor.py:840} INFO - DAG(s) 'example_short_circuit_operator' retrieved from /home/airflow/.local/lib/python3.12/site-packages/airflow/example_dags/example_short_circuit_operator.py
[2024-05-03T17:16:50.910+0000] {logging_mixin.py:188} INFO - [2024-05-03T17:16:50.909+0000] {dag.py:3096} INFO - Sync 1 DAGs
[2024-05-03T17:16:50.920+0000] {logging_mixin.py:188} INFO - [2024-05-03T17:16:50.919+0000] {dag.py:3954} INFO - Setting next_dagrun for example_short_circuit_operator to 2024-05-02 00:00:00+00:00, run_after=2024-05-03 00:00:00+00:00
[2024-05-03T17:16:50.929+0000] {processor.py:183} INFO - Processing /home/airflow/.local/lib/python3.12/site-packages/airflow/example_dags/example_short_circuit_operator.py took 0.040 seconds
[2024-05-03T17:17:21.924+0000] {processor.py:161} INFO - Started process (PID=2411) to work on /home/airflow/.local/lib/python3.12/site-packages/airflow/example_dags/example_short_circuit_operator.py
[2024-05-03T17:17:21.925+0000] {processor.py:830} INFO - Processing file /home/airflow/.local/lib/python3.12/site-packages/airflow/example_dags/example_short_circuit_operator.py for tasks to queue
[2024-05-03T17:17:21.927+0000] {logging_mixin.py:188} INFO - [2024-05-03T17:17:21.926+0000] {dagbag.py:540} INFO - Filling up the DagBag from /home/airflow/.local/lib/python3.12/site-packages/airflow/example_dags/example_short_circuit_operator.py
[2024-05-03T17:17:21.932+0000] {processor.py:840} INFO - DAG(s) 'example_short_circuit_operator' retrieved from /home/airflow/.local/lib/python3.12/site-packages/airflow/example_dags/example_short_circuit_operator.py
[2024-05-03T17:17:21.948+0000] {logging_mixin.py:188} INFO - [2024-05-03T17:17:21.947+0000] {dag.py:3096} INFO - Sync 1 DAGs
[2024-05-03T17:17:21.961+0000] {logging_mixin.py:188} INFO - [2024-05-03T17:17:21.961+0000] {dag.py:3954} INFO - Setting next_dagrun for example_short_circuit_operator to 2024-05-02 00:00:00+00:00, run_after=2024-05-03 00:00:00+00:00
[2024-05-03T17:17:21.973+0000] {processor.py:183} INFO - Processing /home/airflow/.local/lib/python3.12/site-packages/airflow/example_dags/example_short_circuit_operator.py took 0.054 seconds
[2024-05-03T17:17:52.888+0000] {processor.py:161} INFO - Started process (PID=2673) to work on /home/airflow/.local/lib/python3.12/site-packages/airflow/example_dags/example_short_circuit_operator.py
[2024-05-03T17:17:52.889+0000] {processor.py:830} INFO - Processing file /home/airflow/.local/lib/python3.12/site-packages/airflow/example_dags/example_short_circuit_operator.py for tasks to queue
[2024-05-03T17:17:52.891+0000] {logging_mixin.py:188} INFO - [2024-05-03T17:17:52.891+0000] {dagbag.py:540} INFO - Filling up the DagBag from /home/airflow/.local/lib/python3.12/site-packages/airflow/example_dags/example_short_circuit_operator.py
[2024-05-03T17:17:52.895+0000] {processor.py:840} INFO - DAG(s) 'example_short_circuit_operator' retrieved from /home/airflow/.local/lib/python3.12/site-packages/airflow/example_dags/example_short_circuit_operator.py
[2024-05-03T17:17:52.910+0000] {logging_mixin.py:188} INFO - [2024-05-03T17:17:52.910+0000] {dag.py:3096} INFO - Sync 1 DAGs
[2024-05-03T17:17:52.924+0000] {logging_mixin.py:188} INFO - [2024-05-03T17:17:52.924+0000] {dag.py:3954} INFO - Setting next_dagrun for example_short_circuit_operator to 2024-05-02 00:00:00+00:00, run_after=2024-05-03 00:00:00+00:00
[2024-05-03T17:17:52.937+0000] {processor.py:183} INFO - Processing /home/airflow/.local/lib/python3.12/site-packages/airflow/example_dags/example_short_circuit_operator.py took 0.053 seconds
[2024-05-03T17:18:23.115+0000] {processor.py:161} INFO - Started process (PID=2934) to work on /home/airflow/.local/lib/python3.12/site-packages/airflow/example_dags/example_short_circuit_operator.py
[2024-05-03T17:18:23.115+0000] {processor.py:830} INFO - Processing file /home/airflow/.local/lib/python3.12/site-packages/airflow/example_dags/example_short_circuit_operator.py for tasks to queue
[2024-05-03T17:18:23.116+0000] {logging_mixin.py:188} INFO - [2024-05-03T17:18:23.116+0000] {dagbag.py:540} INFO - Filling up the DagBag from /home/airflow/.local/lib/python3.12/site-packages/airflow/example_dags/example_short_circuit_operator.py
[2024-05-03T17:18:23.120+0000] {processor.py:840} INFO - DAG(s) 'example_short_circuit_operator' retrieved from /home/airflow/.local/lib/python3.12/site-packages/airflow/example_dags/example_short_circuit_operator.py
[2024-05-03T17:18:23.134+0000] {logging_mixin.py:188} INFO - [2024-05-03T17:18:23.133+0000] {dag.py:3096} INFO - Sync 1 DAGs
[2024-05-03T17:18:23.144+0000] {logging_mixin.py:188} INFO - [2024-05-03T17:18:23.144+0000] {dag.py:3954} INFO - Setting next_dagrun for example_short_circuit_operator to 2024-05-02 00:00:00+00:00, run_after=2024-05-03 00:00:00+00:00
[2024-05-03T17:18:23.155+0000] {processor.py:183} INFO - Processing /home/airflow/.local/lib/python3.12/site-packages/airflow/example_dags/example_short_circuit_operator.py took 0.044 seconds
[2024-05-03T17:18:53.239+0000] {processor.py:161} INFO - Started process (PID=3196) to work on /home/airflow/.local/lib/python3.12/site-packages/airflow/example_dags/example_short_circuit_operator.py
[2024-05-03T17:18:53.239+0000] {processor.py:830} INFO - Processing file /home/airflow/.local/lib/python3.12/site-packages/airflow/example_dags/example_short_circuit_operator.py for tasks to queue
[2024-05-03T17:18:53.241+0000] {logging_mixin.py:188} INFO - [2024-05-03T17:18:53.241+0000] {dagbag.py:540} INFO - Filling up the DagBag from /home/airflow/.local/lib/python3.12/site-packages/airflow/example_dags/example_short_circuit_operator.py
[2024-05-03T17:18:53.247+0000] {processor.py:840} INFO - DAG(s) 'example_short_circuit_operator' retrieved from /home/airflow/.local/lib/python3.12/site-packages/airflow/example_dags/example_short_circuit_operator.py
[2024-05-03T17:18:53.263+0000] {logging_mixin.py:188} INFO - [2024-05-03T17:18:53.263+0000] {dag.py:3096} INFO - Sync 1 DAGs
[2024-05-03T17:18:53.279+0000] {logging_mixin.py:188} INFO - [2024-05-03T17:18:53.279+0000] {dag.py:3954} INFO - Setting next_dagrun for example_short_circuit_operator to 2024-05-02 00:00:00+00:00, run_after=2024-05-03 00:00:00+00:00
[2024-05-03T17:18:53.290+0000] {processor.py:183} INFO - Processing /home/airflow/.local/lib/python3.12/site-packages/airflow/example_dags/example_short_circuit_operator.py took 0.055 seconds
[2024-05-03T17:19:24.157+0000] {processor.py:161} INFO - Started process (PID=3457) to work on /home/airflow/.local/lib/python3.12/site-packages/airflow/example_dags/example_short_circuit_operator.py
[2024-05-03T17:19:24.158+0000] {processor.py:830} INFO - Processing file /home/airflow/.local/lib/python3.12/site-packages/airflow/example_dags/example_short_circuit_operator.py for tasks to queue
[2024-05-03T17:19:24.159+0000] {logging_mixin.py:188} INFO - [2024-05-03T17:19:24.159+0000] {dagbag.py:540} INFO - Filling up the DagBag from /home/airflow/.local/lib/python3.12/site-packages/airflow/example_dags/example_short_circuit_operator.py
[2024-05-03T17:19:24.163+0000] {processor.py:840} INFO - DAG(s) 'example_short_circuit_operator' retrieved from /home/airflow/.local/lib/python3.12/site-packages/airflow/example_dags/example_short_circuit_operator.py
[2024-05-03T17:19:24.211+0000] {logging_mixin.py:188} INFO - [2024-05-03T17:19:24.211+0000] {dag.py:3096} INFO - Sync 1 DAGs
[2024-05-03T17:19:24.219+0000] {logging_mixin.py:188} INFO - [2024-05-03T17:19:24.219+0000] {dag.py:3954} INFO - Setting next_dagrun for example_short_circuit_operator to 2024-05-02 00:00:00+00:00, run_after=2024-05-03 00:00:00+00:00
[2024-05-03T17:19:24.228+0000] {processor.py:183} INFO - Processing /home/airflow/.local/lib/python3.12/site-packages/airflow/example_dags/example_short_circuit_operator.py took 0.074 seconds
[2024-05-03T17:19:54.361+0000] {processor.py:161} INFO - Started process (PID=3719) to work on /home/airflow/.local/lib/python3.12/site-packages/airflow/example_dags/example_short_circuit_operator.py
[2024-05-03T17:19:54.362+0000] {processor.py:830} INFO - Processing file /home/airflow/.local/lib/python3.12/site-packages/airflow/example_dags/example_short_circuit_operator.py for tasks to queue
[2024-05-03T17:19:54.364+0000] {logging_mixin.py:188} INFO - [2024-05-03T17:19:54.364+0000] {dagbag.py:540} INFO - Filling up the DagBag from /home/airflow/.local/lib/python3.12/site-packages/airflow/example_dags/example_short_circuit_operator.py
[2024-05-03T17:19:54.371+0000] {processor.py:840} INFO - DAG(s) 'example_short_circuit_operator' retrieved from /home/airflow/.local/lib/python3.12/site-packages/airflow/example_dags/example_short_circuit_operator.py
[2024-05-03T17:19:54.387+0000] {logging_mixin.py:188} INFO - [2024-05-03T17:19:54.387+0000] {dag.py:3096} INFO - Sync 1 DAGs
[2024-05-03T17:19:54.399+0000] {logging_mixin.py:188} INFO - [2024-05-03T17:19:54.398+0000] {dag.py:3954} INFO - Setting next_dagrun for example_short_circuit_operator to 2024-05-02 00:00:00+00:00, run_after=2024-05-03 00:00:00+00:00
[2024-05-03T17:19:54.408+0000] {processor.py:183} INFO - Processing /home/airflow/.local/lib/python3.12/site-packages/airflow/example_dags/example_short_circuit_operator.py took 0.055 seconds
[2024-05-03T17:20:24.495+0000] {processor.py:161} INFO - Started process (PID=3981) to work on /home/airflow/.local/lib/python3.12/site-packages/airflow/example_dags/example_short_circuit_operator.py
[2024-05-03T17:20:24.496+0000] {processor.py:830} INFO - Processing file /home/airflow/.local/lib/python3.12/site-packages/airflow/example_dags/example_short_circuit_operator.py for tasks to queue
[2024-05-03T17:20:24.499+0000] {logging_mixin.py:188} INFO - [2024-05-03T17:20:24.499+0000] {dagbag.py:540} INFO - Filling up the DagBag from /home/airflow/.local/lib/python3.12/site-packages/airflow/example_dags/example_short_circuit_operator.py
[2024-05-03T17:20:24.508+0000] {processor.py:840} INFO - DAG(s) 'example_short_circuit_operator' retrieved from /home/airflow/.local/lib/python3.12/site-packages/airflow/example_dags/example_short_circuit_operator.py
[2024-05-03T17:20:24.525+0000] {logging_mixin.py:188} INFO - [2024-05-03T17:20:24.524+0000] {dag.py:3096} INFO - Sync 1 DAGs
[2024-05-03T17:20:24.537+0000] {logging_mixin.py:188} INFO - [2024-05-03T17:20:24.536+0000] {dag.py:3954} INFO - Setting next_dagrun for example_short_circuit_operator to 2024-05-02 00:00:00+00:00, run_after=2024-05-03 00:00:00+00:00
[2024-05-03T17:20:24.546+0000] {processor.py:183} INFO - Processing /home/airflow/.local/lib/python3.12/site-packages/airflow/example_dags/example_short_circuit_operator.py took 0.059 seconds
[2024-05-03T17:20:54.597+0000] {processor.py:161} INFO - Started process (PID=4243) to work on /home/airflow/.local/lib/python3.12/site-packages/airflow/example_dags/example_short_circuit_operator.py
[2024-05-03T17:20:54.597+0000] {processor.py:830} INFO - Processing file /home/airflow/.local/lib/python3.12/site-packages/airflow/example_dags/example_short_circuit_operator.py for tasks to queue
[2024-05-03T17:20:54.599+0000] {logging_mixin.py:188} INFO - [2024-05-03T17:20:54.599+0000] {dagbag.py:540} INFO - Filling up the DagBag from /home/airflow/.local/lib/python3.12/site-packages/airflow/example_dags/example_short_circuit_operator.py
[2024-05-03T17:20:54.604+0000] {processor.py:840} INFO - DAG(s) 'example_short_circuit_operator' retrieved from /home/airflow/.local/lib/python3.12/site-packages/airflow/example_dags/example_short_circuit_operator.py
[2024-05-03T17:20:54.621+0000] {logging_mixin.py:188} INFO - [2024-05-03T17:20:54.621+0000] {dag.py:3096} INFO - Sync 1 DAGs
[2024-05-03T17:20:54.635+0000] {logging_mixin.py:188} INFO - [2024-05-03T17:20:54.635+0000] {dag.py:3954} INFO - Setting next_dagrun for example_short_circuit_operator to 2024-05-02 00:00:00+00:00, run_after=2024-05-03 00:00:00+00:00
[2024-05-03T17:20:54.645+0000] {processor.py:183} INFO - Processing /home/airflow/.local/lib/python3.12/site-packages/airflow/example_dags/example_short_circuit_operator.py took 0.053 seconds
[2024-05-03T17:21:25.544+0000] {processor.py:161} INFO - Started process (PID=4505) to work on /home/airflow/.local/lib/python3.12/site-packages/airflow/example_dags/example_short_circuit_operator.py
[2024-05-03T17:21:25.547+0000] {processor.py:830} INFO - Processing file /home/airflow/.local/lib/python3.12/site-packages/airflow/example_dags/example_short_circuit_operator.py for tasks to queue
[2024-05-03T17:21:25.548+0000] {logging_mixin.py:188} INFO - [2024-05-03T17:21:25.548+0000] {dagbag.py:540} INFO - Filling up the DagBag from /home/airflow/.local/lib/python3.12/site-packages/airflow/example_dags/example_short_circuit_operator.py
[2024-05-03T17:21:25.553+0000] {processor.py:840} INFO - DAG(s) 'example_short_circuit_operator' retrieved from /home/airflow/.local/lib/python3.12/site-packages/airflow/example_dags/example_short_circuit_operator.py
[2024-05-03T17:21:25.570+0000] {logging_mixin.py:188} INFO - [2024-05-03T17:21:25.570+0000] {dag.py:3096} INFO - Sync 1 DAGs
[2024-05-03T17:21:25.586+0000] {logging_mixin.py:188} INFO - [2024-05-03T17:21:25.586+0000] {dag.py:3954} INFO - Setting next_dagrun for example_short_circuit_operator to 2024-05-02 00:00:00+00:00, run_after=2024-05-03 00:00:00+00:00
[2024-05-03T17:21:25.597+0000] {processor.py:183} INFO - Processing /home/airflow/.local/lib/python3.12/site-packages/airflow/example_dags/example_short_circuit_operator.py took 0.057 seconds
[2024-05-03T17:21:55.850+0000] {processor.py:161} INFO - Started process (PID=4767) to work on /home/airflow/.local/lib/python3.12/site-packages/airflow/example_dags/example_short_circuit_operator.py
[2024-05-03T17:21:55.852+0000] {processor.py:830} INFO - Processing file /home/airflow/.local/lib/python3.12/site-packages/airflow/example_dags/example_short_circuit_operator.py for tasks to queue
[2024-05-03T17:21:55.854+0000] {logging_mixin.py:188} INFO - [2024-05-03T17:21:55.854+0000] {dagbag.py:540} INFO - Filling up the DagBag from /home/airflow/.local/lib/python3.12/site-packages/airflow/example_dags/example_short_circuit_operator.py
[2024-05-03T17:21:55.863+0000] {processor.py:840} INFO - DAG(s) 'example_short_circuit_operator' retrieved from /home/airflow/.local/lib/python3.12/site-packages/airflow/example_dags/example_short_circuit_operator.py
[2024-05-03T17:21:55.884+0000] {logging_mixin.py:188} INFO - [2024-05-03T17:21:55.884+0000] {dag.py:3096} INFO - Sync 1 DAGs
[2024-05-03T17:21:55.895+0000] {logging_mixin.py:188} INFO - [2024-05-03T17:21:55.895+0000] {dag.py:3954} INFO - Setting next_dagrun for example_short_circuit_operator to 2024-05-02 00:00:00+00:00, run_after=2024-05-03 00:00:00+00:00
[2024-05-03T17:21:55.904+0000] {processor.py:183} INFO - Processing /home/airflow/.local/lib/python3.12/site-packages/airflow/example_dags/example_short_circuit_operator.py took 0.062 seconds
[2024-05-03T17:22:26.041+0000] {processor.py:161} INFO - Started process (PID=5029) to work on /home/airflow/.local/lib/python3.12/site-packages/airflow/example_dags/example_short_circuit_operator.py
[2024-05-03T17:22:26.042+0000] {processor.py:830} INFO - Processing file /home/airflow/.local/lib/python3.12/site-packages/airflow/example_dags/example_short_circuit_operator.py for tasks to queue
[2024-05-03T17:22:26.045+0000] {logging_mixin.py:188} INFO - [2024-05-03T17:22:26.044+0000] {dagbag.py:540} INFO - Filling up the DagBag from /home/airflow/.local/lib/python3.12/site-packages/airflow/example_dags/example_short_circuit_operator.py
[2024-05-03T17:22:26.054+0000] {processor.py:840} INFO - DAG(s) 'example_short_circuit_operator' retrieved from /home/airflow/.local/lib/python3.12/site-packages/airflow/example_dags/example_short_circuit_operator.py
[2024-05-03T17:22:26.073+0000] {logging_mixin.py:188} INFO - [2024-05-03T17:22:26.073+0000] {dag.py:3096} INFO - Sync 1 DAGs
[2024-05-03T17:22:26.085+0000] {logging_mixin.py:188} INFO - [2024-05-03T17:22:26.085+0000] {dag.py:3954} INFO - Setting next_dagrun for example_short_circuit_operator to 2024-05-02 00:00:00+00:00, run_after=2024-05-03 00:00:00+00:00
[2024-05-03T17:22:26.094+0000] {processor.py:183} INFO - Processing /home/airflow/.local/lib/python3.12/site-packages/airflow/example_dags/example_short_circuit_operator.py took 0.062 seconds
[2024-05-03T17:22:56.208+0000] {processor.py:161} INFO - Started process (PID=5291) to work on /home/airflow/.local/lib/python3.12/site-packages/airflow/example_dags/example_short_circuit_operator.py
[2024-05-03T17:22:56.209+0000] {processor.py:830} INFO - Processing file /home/airflow/.local/lib/python3.12/site-packages/airflow/example_dags/example_short_circuit_operator.py for tasks to queue
[2024-05-03T17:22:56.212+0000] {logging_mixin.py:188} INFO - [2024-05-03T17:22:56.212+0000] {dagbag.py:540} INFO - Filling up the DagBag from /home/airflow/.local/lib/python3.12/site-packages/airflow/example_dags/example_short_circuit_operator.py
[2024-05-03T17:22:56.220+0000] {processor.py:840} INFO - DAG(s) 'example_short_circuit_operator' retrieved from /home/airflow/.local/lib/python3.12/site-packages/airflow/example_dags/example_short_circuit_operator.py
[2024-05-03T17:22:56.236+0000] {logging_mixin.py:188} INFO - [2024-05-03T17:22:56.236+0000] {dag.py:3096} INFO - Sync 1 DAGs
[2024-05-03T17:22:56.248+0000] {logging_mixin.py:188} INFO - [2024-05-03T17:22:56.247+0000] {dag.py:3954} INFO - Setting next_dagrun for example_short_circuit_operator to 2024-05-02 00:00:00+00:00, run_after=2024-05-03 00:00:00+00:00
[2024-05-03T17:22:56.256+0000] {processor.py:183} INFO - Processing /home/airflow/.local/lib/python3.12/site-packages/airflow/example_dags/example_short_circuit_operator.py took 0.055 seconds
[2024-05-03T17:23:26.393+0000] {processor.py:161} INFO - Started process (PID=5553) to work on /home/airflow/.local/lib/python3.12/site-packages/airflow/example_dags/example_short_circuit_operator.py
[2024-05-03T17:23:26.395+0000] {processor.py:830} INFO - Processing file /home/airflow/.local/lib/python3.12/site-packages/airflow/example_dags/example_short_circuit_operator.py for tasks to queue
[2024-05-03T17:23:26.397+0000] {logging_mixin.py:188} INFO - [2024-05-03T17:23:26.397+0000] {dagbag.py:540} INFO - Filling up the DagBag from /home/airflow/.local/lib/python3.12/site-packages/airflow/example_dags/example_short_circuit_operator.py
[2024-05-03T17:23:26.406+0000] {processor.py:840} INFO - DAG(s) 'example_short_circuit_operator' retrieved from /home/airflow/.local/lib/python3.12/site-packages/airflow/example_dags/example_short_circuit_operator.py
[2024-05-03T17:23:26.425+0000] {logging_mixin.py:188} INFO - [2024-05-03T17:23:26.425+0000] {dag.py:3096} INFO - Sync 1 DAGs
[2024-05-03T17:23:26.437+0000] {logging_mixin.py:188} INFO - [2024-05-03T17:23:26.437+0000] {dag.py:3954} INFO - Setting next_dagrun for example_short_circuit_operator to 2024-05-02 00:00:00+00:00, run_after=2024-05-03 00:00:00+00:00
[2024-05-03T17:23:26.446+0000] {processor.py:183} INFO - Processing /home/airflow/.local/lib/python3.12/site-packages/airflow/example_dags/example_short_circuit_operator.py took 0.061 seconds
[2024-05-03T17:23:56.633+0000] {processor.py:161} INFO - Started process (PID=5815) to work on /home/airflow/.local/lib/python3.12/site-packages/airflow/example_dags/example_short_circuit_operator.py
[2024-05-03T17:23:56.634+0000] {processor.py:830} INFO - Processing file /home/airflow/.local/lib/python3.12/site-packages/airflow/example_dags/example_short_circuit_operator.py for tasks to queue
[2024-05-03T17:23:56.637+0000] {logging_mixin.py:188} INFO - [2024-05-03T17:23:56.637+0000] {dagbag.py:540} INFO - Filling up the DagBag from /home/airflow/.local/lib/python3.12/site-packages/airflow/example_dags/example_short_circuit_operator.py
[2024-05-03T17:23:56.646+0000] {processor.py:840} INFO - DAG(s) 'example_short_circuit_operator' retrieved from /home/airflow/.local/lib/python3.12/site-packages/airflow/example_dags/example_short_circuit_operator.py
[2024-05-03T17:23:56.664+0000] {logging_mixin.py:188} INFO - [2024-05-03T17:23:56.663+0000] {dag.py:3096} INFO - Sync 1 DAGs
[2024-05-03T17:23:56.676+0000] {logging_mixin.py:188} INFO - [2024-05-03T17:23:56.676+0000] {dag.py:3954} INFO - Setting next_dagrun for example_short_circuit_operator to 2024-05-02 00:00:00+00:00, run_after=2024-05-03 00:00:00+00:00
[2024-05-03T17:23:56.685+0000] {processor.py:183} INFO - Processing /home/airflow/.local/lib/python3.12/site-packages/airflow/example_dags/example_short_circuit_operator.py took 0.060 seconds
[2024-05-03T17:24:26.802+0000] {processor.py:161} INFO - Started process (PID=6077) to work on /home/airflow/.local/lib/python3.12/site-packages/airflow/example_dags/example_short_circuit_operator.py
[2024-05-03T17:24:26.803+0000] {processor.py:830} INFO - Processing file /home/airflow/.local/lib/python3.12/site-packages/airflow/example_dags/example_short_circuit_operator.py for tasks to queue
[2024-05-03T17:24:26.805+0000] {logging_mixin.py:188} INFO - [2024-05-03T17:24:26.805+0000] {dagbag.py:540} INFO - Filling up the DagBag from /home/airflow/.local/lib/python3.12/site-packages/airflow/example_dags/example_short_circuit_operator.py
[2024-05-03T17:24:26.811+0000] {processor.py:840} INFO - DAG(s) 'example_short_circuit_operator' retrieved from /home/airflow/.local/lib/python3.12/site-packages/airflow/example_dags/example_short_circuit_operator.py
[2024-05-03T17:24:26.828+0000] {logging_mixin.py:188} INFO - [2024-05-03T17:24:26.828+0000] {dag.py:3096} INFO - Sync 1 DAGs
[2024-05-03T17:24:26.840+0000] {logging_mixin.py:188} INFO - [2024-05-03T17:24:26.840+0000] {dag.py:3954} INFO - Setting next_dagrun for example_short_circuit_operator to 2024-05-02 00:00:00+00:00, run_after=2024-05-03 00:00:00+00:00
[2024-05-03T17:24:26.950+0000] {processor.py:183} INFO - Processing /home/airflow/.local/lib/python3.12/site-packages/airflow/example_dags/example_short_circuit_operator.py took 0.153 seconds
[2024-05-03T17:24:57.281+0000] {processor.py:161} INFO - Started process (PID=6339) to work on /home/airflow/.local/lib/python3.12/site-packages/airflow/example_dags/example_short_circuit_operator.py
[2024-05-03T17:24:57.283+0000] {processor.py:830} INFO - Processing file /home/airflow/.local/lib/python3.12/site-packages/airflow/example_dags/example_short_circuit_operator.py for tasks to queue
[2024-05-03T17:24:57.285+0000] {logging_mixin.py:188} INFO - [2024-05-03T17:24:57.285+0000] {dagbag.py:540} INFO - Filling up the DagBag from /home/airflow/.local/lib/python3.12/site-packages/airflow/example_dags/example_short_circuit_operator.py
[2024-05-03T17:24:57.293+0000] {processor.py:840} INFO - DAG(s) 'example_short_circuit_operator' retrieved from /home/airflow/.local/lib/python3.12/site-packages/airflow/example_dags/example_short_circuit_operator.py
[2024-05-03T17:24:57.310+0000] {logging_mixin.py:188} INFO - [2024-05-03T17:24:57.310+0000] {dag.py:3096} INFO - Sync 1 DAGs
[2024-05-03T17:24:57.325+0000] {logging_mixin.py:188} INFO - [2024-05-03T17:24:57.325+0000] {dag.py:3954} INFO - Setting next_dagrun for example_short_circuit_operator to 2024-05-02 00:00:00+00:00, run_after=2024-05-03 00:00:00+00:00
[2024-05-03T17:24:57.334+0000] {processor.py:183} INFO - Processing /home/airflow/.local/lib/python3.12/site-packages/airflow/example_dags/example_short_circuit_operator.py took 0.060 seconds
[2024-05-03T17:25:27.442+0000] {processor.py:161} INFO - Started process (PID=6601) to work on /home/airflow/.local/lib/python3.12/site-packages/airflow/example_dags/example_short_circuit_operator.py
[2024-05-03T17:25:27.443+0000] {processor.py:830} INFO - Processing file /home/airflow/.local/lib/python3.12/site-packages/airflow/example_dags/example_short_circuit_operator.py for tasks to queue
[2024-05-03T17:25:27.445+0000] {logging_mixin.py:188} INFO - [2024-05-03T17:25:27.445+0000] {dagbag.py:540} INFO - Filling up the DagBag from /home/airflow/.local/lib/python3.12/site-packages/airflow/example_dags/example_short_circuit_operator.py
[2024-05-03T17:25:27.451+0000] {processor.py:840} INFO - DAG(s) 'example_short_circuit_operator' retrieved from /home/airflow/.local/lib/python3.12/site-packages/airflow/example_dags/example_short_circuit_operator.py
[2024-05-03T17:25:27.466+0000] {logging_mixin.py:188} INFO - [2024-05-03T17:25:27.466+0000] {dag.py:3096} INFO - Sync 1 DAGs
[2024-05-03T17:25:27.478+0000] {logging_mixin.py:188} INFO - [2024-05-03T17:25:27.478+0000] {dag.py:3954} INFO - Setting next_dagrun for example_short_circuit_operator to 2024-05-02 00:00:00+00:00, run_after=2024-05-03 00:00:00+00:00
[2024-05-03T17:25:27.486+0000] {processor.py:183} INFO - Processing /home/airflow/.local/lib/python3.12/site-packages/airflow/example_dags/example_short_circuit_operator.py took 0.051 seconds
[2024-05-03T17:25:57.651+0000] {processor.py:161} INFO - Started process (PID=6863) to work on /home/airflow/.local/lib/python3.12/site-packages/airflow/example_dags/example_short_circuit_operator.py
[2024-05-03T17:25:57.652+0000] {processor.py:830} INFO - Processing file /home/airflow/.local/lib/python3.12/site-packages/airflow/example_dags/example_short_circuit_operator.py for tasks to queue
[2024-05-03T17:25:57.655+0000] {logging_mixin.py:188} INFO - [2024-05-03T17:25:57.655+0000] {dagbag.py:540} INFO - Filling up the DagBag from /home/airflow/.local/lib/python3.12/site-packages/airflow/example_dags/example_short_circuit_operator.py
[2024-05-03T17:25:57.664+0000] {processor.py:840} INFO - DAG(s) 'example_short_circuit_operator' retrieved from /home/airflow/.local/lib/python3.12/site-packages/airflow/example_dags/example_short_circuit_operator.py
[2024-05-03T17:25:57.684+0000] {logging_mixin.py:188} INFO - [2024-05-03T17:25:57.684+0000] {dag.py:3096} INFO - Sync 1 DAGs
[2024-05-03T17:25:57.696+0000] {logging_mixin.py:188} INFO - [2024-05-03T17:25:57.696+0000] {dag.py:3954} INFO - Setting next_dagrun for example_short_circuit_operator to 2024-05-02 00:00:00+00:00, run_after=2024-05-03 00:00:00+00:00
[2024-05-03T17:25:57.706+0000] {processor.py:183} INFO - Processing /home/airflow/.local/lib/python3.12/site-packages/airflow/example_dags/example_short_circuit_operator.py took 0.063 seconds
[2024-05-03T17:26:28.374+0000] {processor.py:161} INFO - Started process (PID=7125) to work on /home/airflow/.local/lib/python3.12/site-packages/airflow/example_dags/example_short_circuit_operator.py
[2024-05-03T17:26:28.376+0000] {processor.py:830} INFO - Processing file /home/airflow/.local/lib/python3.12/site-packages/airflow/example_dags/example_short_circuit_operator.py for tasks to queue
[2024-05-03T17:26:28.378+0000] {logging_mixin.py:188} INFO - [2024-05-03T17:26:28.377+0000] {dagbag.py:540} INFO - Filling up the DagBag from /home/airflow/.local/lib/python3.12/site-packages/airflow/example_dags/example_short_circuit_operator.py
[2024-05-03T17:26:28.385+0000] {processor.py:840} INFO - DAG(s) 'example_short_circuit_operator' retrieved from /home/airflow/.local/lib/python3.12/site-packages/airflow/example_dags/example_short_circuit_operator.py
[2024-05-03T17:26:28.404+0000] {logging_mixin.py:188} INFO - [2024-05-03T17:26:28.404+0000] {dag.py:3096} INFO - Sync 1 DAGs
[2024-05-03T17:26:28.417+0000] {logging_mixin.py:188} INFO - [2024-05-03T17:26:28.417+0000] {dag.py:3954} INFO - Setting next_dagrun for example_short_circuit_operator to 2024-05-02 00:00:00+00:00, run_after=2024-05-03 00:00:00+00:00
[2024-05-03T17:26:28.428+0000] {processor.py:183} INFO - Processing /home/airflow/.local/lib/python3.12/site-packages/airflow/example_dags/example_short_circuit_operator.py took 0.061 seconds
[2024-05-03T17:26:58.811+0000] {processor.py:161} INFO - Started process (PID=7385) to work on /home/airflow/.local/lib/python3.12/site-packages/airflow/example_dags/example_short_circuit_operator.py
[2024-05-03T17:26:58.814+0000] {processor.py:830} INFO - Processing file /home/airflow/.local/lib/python3.12/site-packages/airflow/example_dags/example_short_circuit_operator.py for tasks to queue
[2024-05-03T17:26:58.815+0000] {logging_mixin.py:188} INFO - [2024-05-03T17:26:58.815+0000] {dagbag.py:540} INFO - Filling up the DagBag from /home/airflow/.local/lib/python3.12/site-packages/airflow/example_dags/example_short_circuit_operator.py
[2024-05-03T17:26:58.819+0000] {processor.py:840} INFO - DAG(s) 'example_short_circuit_operator' retrieved from /home/airflow/.local/lib/python3.12/site-packages/airflow/example_dags/example_short_circuit_operator.py
[2024-05-03T17:26:58.831+0000] {logging_mixin.py:188} INFO - [2024-05-03T17:26:58.831+0000] {dag.py:3096} INFO - Sync 1 DAGs
[2024-05-03T17:26:58.841+0000] {logging_mixin.py:188} INFO - [2024-05-03T17:26:58.841+0000] {dag.py:3954} INFO - Setting next_dagrun for example_short_circuit_operator to 2024-05-02 00:00:00+00:00, run_after=2024-05-03 00:00:00+00:00
[2024-05-03T17:26:58.850+0000] {processor.py:183} INFO - Processing /home/airflow/.local/lib/python3.12/site-packages/airflow/example_dags/example_short_circuit_operator.py took 0.043 seconds
