[2024-05-03T17:13:15.117+0000] {processor.py:161} INFO - Started process (PID=250) to work on /home/airflow/.local/lib/python3.12/site-packages/airflow/example_dags/tutorial.py
[2024-05-03T17:13:15.118+0000] {processor.py:830} INFO - Processing file /home/airflow/.local/lib/python3.12/site-packages/airflow/example_dags/tutorial.py for tasks to queue
[2024-05-03T17:13:15.119+0000] {logging_mixin.py:188} INFO - [2024-05-03T17:13:15.119+0000] {dagbag.py:540} INFO - Filling up the DagBag from /home/airflow/.local/lib/python3.12/site-packages/airflow/example_dags/tutorial.py
[2024-05-03T17:13:15.122+0000] {processor.py:840} INFO - DAG(s) 'tutorial' retrieved from /home/airflow/.local/lib/python3.12/site-packages/airflow/example_dags/tutorial.py
[2024-05-03T17:13:15.129+0000] {logging_mixin.py:188} INFO - [2024-05-03T17:13:15.129+0000] {dag.py:3096} INFO - Sync 1 DAGs
[2024-05-03T17:13:15.141+0000] {logging_mixin.py:188} INFO - [2024-05-03T17:13:15.140+0000] {dag.py:3954} INFO - Setting next_dagrun for tutorial to 2024-05-02 00:00:00+00:00, run_after=2024-05-03 00:00:00+00:00
[2024-05-03T17:13:15.151+0000] {processor.py:183} INFO - Processing /home/airflow/.local/lib/python3.12/site-packages/airflow/example_dags/tutorial.py took 0.037 seconds
[2024-05-03T17:13:46.150+0000] {processor.py:161} INFO - Started process (PID=510) to work on /home/airflow/.local/lib/python3.12/site-packages/airflow/example_dags/tutorial.py
[2024-05-03T17:13:46.150+0000] {processor.py:830} INFO - Processing file /home/airflow/.local/lib/python3.12/site-packages/airflow/example_dags/tutorial.py for tasks to queue
[2024-05-03T17:13:46.151+0000] {logging_mixin.py:188} INFO - [2024-05-03T17:13:46.151+0000] {dagbag.py:540} INFO - Filling up the DagBag from /home/airflow/.local/lib/python3.12/site-packages/airflow/example_dags/tutorial.py
[2024-05-03T17:13:46.155+0000] {processor.py:840} INFO - DAG(s) 'tutorial' retrieved from /home/airflow/.local/lib/python3.12/site-packages/airflow/example_dags/tutorial.py
[2024-05-03T17:13:46.205+0000] {logging_mixin.py:188} INFO - [2024-05-03T17:13:46.205+0000] {dag.py:3096} INFO - Sync 1 DAGs
[2024-05-03T17:13:46.215+0000] {logging_mixin.py:188} INFO - [2024-05-03T17:13:46.214+0000] {dag.py:3954} INFO - Setting next_dagrun for tutorial to 2024-05-02 00:00:00+00:00, run_after=2024-05-03 00:00:00+00:00
[2024-05-03T17:13:46.225+0000] {processor.py:183} INFO - Processing /home/airflow/.local/lib/python3.12/site-packages/airflow/example_dags/tutorial.py took 0.078 seconds
[2024-05-03T17:14:17.026+0000] {processor.py:161} INFO - Started process (PID=772) to work on /home/airflow/.local/lib/python3.12/site-packages/airflow/example_dags/tutorial.py
[2024-05-03T17:14:17.027+0000] {processor.py:830} INFO - Processing file /home/airflow/.local/lib/python3.12/site-packages/airflow/example_dags/tutorial.py for tasks to queue
[2024-05-03T17:14:17.028+0000] {logging_mixin.py:188} INFO - [2024-05-03T17:14:17.028+0000] {dagbag.py:540} INFO - Filling up the DagBag from /home/airflow/.local/lib/python3.12/site-packages/airflow/example_dags/tutorial.py
[2024-05-03T17:14:17.032+0000] {processor.py:840} INFO - DAG(s) 'tutorial' retrieved from /home/airflow/.local/lib/python3.12/site-packages/airflow/example_dags/tutorial.py
[2024-05-03T17:14:17.043+0000] {logging_mixin.py:188} INFO - [2024-05-03T17:14:17.043+0000] {dag.py:3096} INFO - Sync 1 DAGs
[2024-05-03T17:14:17.053+0000] {logging_mixin.py:188} INFO - [2024-05-03T17:14:17.053+0000] {dag.py:3954} INFO - Setting next_dagrun for tutorial to 2024-05-02 00:00:00+00:00, run_after=2024-05-03 00:00:00+00:00
[2024-05-03T17:14:17.061+0000] {processor.py:183} INFO - Processing /home/airflow/.local/lib/python3.12/site-packages/airflow/example_dags/tutorial.py took 0.038 seconds
[2024-05-03T17:14:47.714+0000] {processor.py:161} INFO - Started process (PID=1034) to work on /home/airflow/.local/lib/python3.12/site-packages/airflow/example_dags/tutorial.py
[2024-05-03T17:14:47.715+0000] {processor.py:830} INFO - Processing file /home/airflow/.local/lib/python3.12/site-packages/airflow/example_dags/tutorial.py for tasks to queue
[2024-05-03T17:14:47.716+0000] {logging_mixin.py:188} INFO - [2024-05-03T17:14:47.716+0000] {dagbag.py:540} INFO - Filling up the DagBag from /home/airflow/.local/lib/python3.12/site-packages/airflow/example_dags/tutorial.py
[2024-05-03T17:14:47.719+0000] {processor.py:840} INFO - DAG(s) 'tutorial' retrieved from /home/airflow/.local/lib/python3.12/site-packages/airflow/example_dags/tutorial.py
[2024-05-03T17:14:47.730+0000] {logging_mixin.py:188} INFO - [2024-05-03T17:14:47.730+0000] {dag.py:3096} INFO - Sync 1 DAGs
[2024-05-03T17:14:47.740+0000] {logging_mixin.py:188} INFO - [2024-05-03T17:14:47.740+0000] {dag.py:3954} INFO - Setting next_dagrun for tutorial to 2024-05-02 00:00:00+00:00, run_after=2024-05-03 00:00:00+00:00
[2024-05-03T17:14:47.747+0000] {processor.py:183} INFO - Processing /home/airflow/.local/lib/python3.12/site-packages/airflow/example_dags/tutorial.py took 0.036 seconds
[2024-05-03T17:15:18.643+0000] {processor.py:161} INFO - Started process (PID=1296) to work on /home/airflow/.local/lib/python3.12/site-packages/airflow/example_dags/tutorial.py
[2024-05-03T17:15:18.647+0000] {processor.py:830} INFO - Processing file /home/airflow/.local/lib/python3.12/site-packages/airflow/example_dags/tutorial.py for tasks to queue
[2024-05-03T17:15:18.648+0000] {logging_mixin.py:188} INFO - [2024-05-03T17:15:18.648+0000] {dagbag.py:540} INFO - Filling up the DagBag from /home/airflow/.local/lib/python3.12/site-packages/airflow/example_dags/tutorial.py
[2024-05-03T17:15:18.652+0000] {processor.py:840} INFO - DAG(s) 'tutorial' retrieved from /home/airflow/.local/lib/python3.12/site-packages/airflow/example_dags/tutorial.py
[2024-05-03T17:15:18.665+0000] {logging_mixin.py:188} INFO - [2024-05-03T17:15:18.665+0000] {dag.py:3096} INFO - Sync 1 DAGs
[2024-05-03T17:15:18.675+0000] {logging_mixin.py:188} INFO - [2024-05-03T17:15:18.675+0000] {dag.py:3954} INFO - Setting next_dagrun for tutorial to 2024-05-02 00:00:00+00:00, run_after=2024-05-03 00:00:00+00:00
[2024-05-03T17:15:18.685+0000] {processor.py:183} INFO - Processing /home/airflow/.local/lib/python3.12/site-packages/airflow/example_dags/tutorial.py took 0.045 seconds
[2024-05-03T17:15:48.754+0000] {processor.py:161} INFO - Started process (PID=1558) to work on /home/airflow/.local/lib/python3.12/site-packages/airflow/example_dags/tutorial.py
[2024-05-03T17:15:48.755+0000] {processor.py:830} INFO - Processing file /home/airflow/.local/lib/python3.12/site-packages/airflow/example_dags/tutorial.py for tasks to queue
[2024-05-03T17:15:48.756+0000] {logging_mixin.py:188} INFO - [2024-05-03T17:15:48.756+0000] {dagbag.py:540} INFO - Filling up the DagBag from /home/airflow/.local/lib/python3.12/site-packages/airflow/example_dags/tutorial.py
[2024-05-03T17:15:48.759+0000] {processor.py:840} INFO - DAG(s) 'tutorial' retrieved from /home/airflow/.local/lib/python3.12/site-packages/airflow/example_dags/tutorial.py
[2024-05-03T17:15:48.770+0000] {logging_mixin.py:188} INFO - [2024-05-03T17:15:48.770+0000] {dag.py:3096} INFO - Sync 1 DAGs
[2024-05-03T17:15:48.781+0000] {logging_mixin.py:188} INFO - [2024-05-03T17:15:48.780+0000] {dag.py:3954} INFO - Setting next_dagrun for tutorial to 2024-05-02 00:00:00+00:00, run_after=2024-05-03 00:00:00+00:00
[2024-05-03T17:15:48.788+0000] {processor.py:183} INFO - Processing /home/airflow/.local/lib/python3.12/site-packages/airflow/example_dags/tutorial.py took 0.037 seconds
[2024-05-03T17:16:19.558+0000] {processor.py:161} INFO - Started process (PID=1820) to work on /home/airflow/.local/lib/python3.12/site-packages/airflow/example_dags/tutorial.py
[2024-05-03T17:16:19.559+0000] {processor.py:830} INFO - Processing file /home/airflow/.local/lib/python3.12/site-packages/airflow/example_dags/tutorial.py for tasks to queue
[2024-05-03T17:16:19.560+0000] {logging_mixin.py:188} INFO - [2024-05-03T17:16:19.560+0000] {dagbag.py:540} INFO - Filling up the DagBag from /home/airflow/.local/lib/python3.12/site-packages/airflow/example_dags/tutorial.py
[2024-05-03T17:16:19.563+0000] {processor.py:840} INFO - DAG(s) 'tutorial' retrieved from /home/airflow/.local/lib/python3.12/site-packages/airflow/example_dags/tutorial.py
[2024-05-03T17:16:19.574+0000] {logging_mixin.py:188} INFO - [2024-05-03T17:16:19.574+0000] {dag.py:3096} INFO - Sync 1 DAGs
[2024-05-03T17:16:19.584+0000] {logging_mixin.py:188} INFO - [2024-05-03T17:16:19.584+0000] {dag.py:3954} INFO - Setting next_dagrun for tutorial to 2024-05-02 00:00:00+00:00, run_after=2024-05-03 00:00:00+00:00
[2024-05-03T17:16:19.592+0000] {processor.py:183} INFO - Processing /home/airflow/.local/lib/python3.12/site-packages/airflow/example_dags/tutorial.py took 0.037 seconds
[2024-05-03T17:16:50.404+0000] {processor.py:161} INFO - Started process (PID=2082) to work on /home/airflow/.local/lib/python3.12/site-packages/airflow/example_dags/tutorial.py
[2024-05-03T17:16:50.404+0000] {processor.py:830} INFO - Processing file /home/airflow/.local/lib/python3.12/site-packages/airflow/example_dags/tutorial.py for tasks to queue
[2024-05-03T17:16:50.405+0000] {logging_mixin.py:188} INFO - [2024-05-03T17:16:50.405+0000] {dagbag.py:540} INFO - Filling up the DagBag from /home/airflow/.local/lib/python3.12/site-packages/airflow/example_dags/tutorial.py
[2024-05-03T17:16:50.408+0000] {processor.py:840} INFO - DAG(s) 'tutorial' retrieved from /home/airflow/.local/lib/python3.12/site-packages/airflow/example_dags/tutorial.py
[2024-05-03T17:16:50.420+0000] {logging_mixin.py:188} INFO - [2024-05-03T17:16:50.420+0000] {dag.py:3096} INFO - Sync 1 DAGs
[2024-05-03T17:16:50.431+0000] {logging_mixin.py:188} INFO - [2024-05-03T17:16:50.431+0000] {dag.py:3954} INFO - Setting next_dagrun for tutorial to 2024-05-02 00:00:00+00:00, run_after=2024-05-03 00:00:00+00:00
[2024-05-03T17:16:50.441+0000] {processor.py:183} INFO - Processing /home/airflow/.local/lib/python3.12/site-packages/airflow/example_dags/tutorial.py took 0.041 seconds
[2024-05-03T17:17:20.553+0000] {processor.py:161} INFO - Started process (PID=2344) to work on /home/airflow/.local/lib/python3.12/site-packages/airflow/example_dags/tutorial.py
[2024-05-03T17:17:20.554+0000] {processor.py:830} INFO - Processing file /home/airflow/.local/lib/python3.12/site-packages/airflow/example_dags/tutorial.py for tasks to queue
[2024-05-03T17:17:20.555+0000] {logging_mixin.py:188} INFO - [2024-05-03T17:17:20.555+0000] {dagbag.py:540} INFO - Filling up the DagBag from /home/airflow/.local/lib/python3.12/site-packages/airflow/example_dags/tutorial.py
[2024-05-03T17:17:20.559+0000] {processor.py:840} INFO - DAG(s) 'tutorial' retrieved from /home/airflow/.local/lib/python3.12/site-packages/airflow/example_dags/tutorial.py
[2024-05-03T17:17:20.570+0000] {logging_mixin.py:188} INFO - [2024-05-03T17:17:20.569+0000] {dag.py:3096} INFO - Sync 1 DAGs
[2024-05-03T17:17:20.581+0000] {logging_mixin.py:188} INFO - [2024-05-03T17:17:20.581+0000] {dag.py:3954} INFO - Setting next_dagrun for tutorial to 2024-05-02 00:00:00+00:00, run_after=2024-05-03 00:00:00+00:00
[2024-05-03T17:17:20.591+0000] {processor.py:183} INFO - Processing /home/airflow/.local/lib/python3.12/site-packages/airflow/example_dags/tutorial.py took 0.041 seconds
[2024-05-03T17:17:51.461+0000] {processor.py:161} INFO - Started process (PID=2606) to work on /home/airflow/.local/lib/python3.12/site-packages/airflow/example_dags/tutorial.py
[2024-05-03T17:17:51.462+0000] {processor.py:830} INFO - Processing file /home/airflow/.local/lib/python3.12/site-packages/airflow/example_dags/tutorial.py for tasks to queue
[2024-05-03T17:17:51.463+0000] {logging_mixin.py:188} INFO - [2024-05-03T17:17:51.463+0000] {dagbag.py:540} INFO - Filling up the DagBag from /home/airflow/.local/lib/python3.12/site-packages/airflow/example_dags/tutorial.py
[2024-05-03T17:17:51.466+0000] {processor.py:840} INFO - DAG(s) 'tutorial' retrieved from /home/airflow/.local/lib/python3.12/site-packages/airflow/example_dags/tutorial.py
[2024-05-03T17:17:51.478+0000] {logging_mixin.py:188} INFO - [2024-05-03T17:17:51.477+0000] {dag.py:3096} INFO - Sync 1 DAGs
[2024-05-03T17:17:51.488+0000] {logging_mixin.py:188} INFO - [2024-05-03T17:17:51.488+0000] {dag.py:3954} INFO - Setting next_dagrun for tutorial to 2024-05-02 00:00:00+00:00, run_after=2024-05-03 00:00:00+00:00
[2024-05-03T17:17:51.499+0000] {processor.py:183} INFO - Processing /home/airflow/.local/lib/python3.12/site-packages/airflow/example_dags/tutorial.py took 0.042 seconds
[2024-05-03T17:18:21.703+0000] {processor.py:161} INFO - Started process (PID=2869) to work on /home/airflow/.local/lib/python3.12/site-packages/airflow/example_dags/tutorial.py
[2024-05-03T17:18:21.704+0000] {processor.py:830} INFO - Processing file /home/airflow/.local/lib/python3.12/site-packages/airflow/example_dags/tutorial.py for tasks to queue
[2024-05-03T17:18:21.705+0000] {logging_mixin.py:188} INFO - [2024-05-03T17:18:21.705+0000] {dagbag.py:540} INFO - Filling up the DagBag from /home/airflow/.local/lib/python3.12/site-packages/airflow/example_dags/tutorial.py
[2024-05-03T17:18:21.709+0000] {processor.py:840} INFO - DAG(s) 'tutorial' retrieved from /home/airflow/.local/lib/python3.12/site-packages/airflow/example_dags/tutorial.py
[2024-05-03T17:18:21.721+0000] {logging_mixin.py:188} INFO - [2024-05-03T17:18:21.720+0000] {dag.py:3096} INFO - Sync 1 DAGs
[2024-05-03T17:18:21.731+0000] {logging_mixin.py:188} INFO - [2024-05-03T17:18:21.731+0000] {dag.py:3954} INFO - Setting next_dagrun for tutorial to 2024-05-02 00:00:00+00:00, run_after=2024-05-03 00:00:00+00:00
[2024-05-03T17:18:21.741+0000] {processor.py:183} INFO - Processing /home/airflow/.local/lib/python3.12/site-packages/airflow/example_dags/tutorial.py took 0.041 seconds
[2024-05-03T17:18:51.767+0000] {processor.py:161} INFO - Started process (PID=3131) to work on /home/airflow/.local/lib/python3.12/site-packages/airflow/example_dags/tutorial.py
[2024-05-03T17:18:51.768+0000] {processor.py:830} INFO - Processing file /home/airflow/.local/lib/python3.12/site-packages/airflow/example_dags/tutorial.py for tasks to queue
[2024-05-03T17:18:51.769+0000] {logging_mixin.py:188} INFO - [2024-05-03T17:18:51.769+0000] {dagbag.py:540} INFO - Filling up the DagBag from /home/airflow/.local/lib/python3.12/site-packages/airflow/example_dags/tutorial.py
[2024-05-03T17:18:51.772+0000] {processor.py:840} INFO - DAG(s) 'tutorial' retrieved from /home/airflow/.local/lib/python3.12/site-packages/airflow/example_dags/tutorial.py
[2024-05-03T17:18:51.779+0000] {logging_mixin.py:188} INFO - [2024-05-03T17:18:51.779+0000] {dag.py:3096} INFO - Sync 1 DAGs
[2024-05-03T17:18:51.790+0000] {logging_mixin.py:188} INFO - [2024-05-03T17:18:51.790+0000] {dag.py:3954} INFO - Setting next_dagrun for tutorial to 2024-05-02 00:00:00+00:00, run_after=2024-05-03 00:00:00+00:00
[2024-05-03T17:18:51.800+0000] {processor.py:183} INFO - Processing /home/airflow/.local/lib/python3.12/site-packages/airflow/example_dags/tutorial.py took 0.036 seconds
[2024-05-03T17:19:22.521+0000] {processor.py:161} INFO - Started process (PID=3390) to work on /home/airflow/.local/lib/python3.12/site-packages/airflow/example_dags/tutorial.py
[2024-05-03T17:19:22.522+0000] {processor.py:830} INFO - Processing file /home/airflow/.local/lib/python3.12/site-packages/airflow/example_dags/tutorial.py for tasks to queue
[2024-05-03T17:19:22.523+0000] {logging_mixin.py:188} INFO - [2024-05-03T17:19:22.523+0000] {dagbag.py:540} INFO - Filling up the DagBag from /home/airflow/.local/lib/python3.12/site-packages/airflow/example_dags/tutorial.py
[2024-05-03T17:19:22.526+0000] {processor.py:840} INFO - DAG(s) 'tutorial' retrieved from /home/airflow/.local/lib/python3.12/site-packages/airflow/example_dags/tutorial.py
[2024-05-03T17:19:22.573+0000] {logging_mixin.py:188} INFO - [2024-05-03T17:19:22.573+0000] {dag.py:3096} INFO - Sync 1 DAGs
[2024-05-03T17:19:22.582+0000] {logging_mixin.py:188} INFO - [2024-05-03T17:19:22.582+0000] {dag.py:3954} INFO - Setting next_dagrun for tutorial to 2024-05-02 00:00:00+00:00, run_after=2024-05-03 00:00:00+00:00
[2024-05-03T17:19:22.591+0000] {processor.py:183} INFO - Processing /home/airflow/.local/lib/python3.12/site-packages/airflow/example_dags/tutorial.py took 0.073 seconds
[2024-05-03T17:19:52.986+0000] {processor.py:161} INFO - Started process (PID=3654) to work on /home/airflow/.local/lib/python3.12/site-packages/airflow/example_dags/tutorial.py
[2024-05-03T17:19:52.987+0000] {processor.py:830} INFO - Processing file /home/airflow/.local/lib/python3.12/site-packages/airflow/example_dags/tutorial.py for tasks to queue
[2024-05-03T17:19:52.988+0000] {logging_mixin.py:188} INFO - [2024-05-03T17:19:52.987+0000] {dagbag.py:540} INFO - Filling up the DagBag from /home/airflow/.local/lib/python3.12/site-packages/airflow/example_dags/tutorial.py
[2024-05-03T17:19:52.991+0000] {processor.py:840} INFO - DAG(s) 'tutorial' retrieved from /home/airflow/.local/lib/python3.12/site-packages/airflow/example_dags/tutorial.py
[2024-05-03T17:19:53.001+0000] {logging_mixin.py:188} INFO - [2024-05-03T17:19:53.001+0000] {dag.py:3096} INFO - Sync 1 DAGs
[2024-05-03T17:19:53.011+0000] {logging_mixin.py:188} INFO - [2024-05-03T17:19:53.011+0000] {dag.py:3954} INFO - Setting next_dagrun for tutorial to 2024-05-02 00:00:00+00:00, run_after=2024-05-03 00:00:00+00:00
[2024-05-03T17:19:53.018+0000] {processor.py:183} INFO - Processing /home/airflow/.local/lib/python3.12/site-packages/airflow/example_dags/tutorial.py took 0.035 seconds
[2024-05-03T17:20:23.100+0000] {processor.py:161} INFO - Started process (PID=3914) to work on /home/airflow/.local/lib/python3.12/site-packages/airflow/example_dags/tutorial.py
[2024-05-03T17:20:23.100+0000] {processor.py:830} INFO - Processing file /home/airflow/.local/lib/python3.12/site-packages/airflow/example_dags/tutorial.py for tasks to queue
[2024-05-03T17:20:23.101+0000] {logging_mixin.py:188} INFO - [2024-05-03T17:20:23.101+0000] {dagbag.py:540} INFO - Filling up the DagBag from /home/airflow/.local/lib/python3.12/site-packages/airflow/example_dags/tutorial.py
[2024-05-03T17:20:23.104+0000] {processor.py:840} INFO - DAG(s) 'tutorial' retrieved from /home/airflow/.local/lib/python3.12/site-packages/airflow/example_dags/tutorial.py
[2024-05-03T17:20:23.114+0000] {logging_mixin.py:188} INFO - [2024-05-03T17:20:23.114+0000] {dag.py:3096} INFO - Sync 1 DAGs
[2024-05-03T17:20:23.124+0000] {logging_mixin.py:188} INFO - [2024-05-03T17:20:23.124+0000] {dag.py:3954} INFO - Setting next_dagrun for tutorial to 2024-05-02 00:00:00+00:00, run_after=2024-05-03 00:00:00+00:00
[2024-05-03T17:20:23.133+0000] {processor.py:183} INFO - Processing /home/airflow/.local/lib/python3.12/site-packages/airflow/example_dags/tutorial.py took 0.037 seconds
[2024-05-03T17:20:53.207+0000] {processor.py:161} INFO - Started process (PID=4176) to work on /home/airflow/.local/lib/python3.12/site-packages/airflow/example_dags/tutorial.py
[2024-05-03T17:20:53.207+0000] {processor.py:830} INFO - Processing file /home/airflow/.local/lib/python3.12/site-packages/airflow/example_dags/tutorial.py for tasks to queue
[2024-05-03T17:20:53.208+0000] {logging_mixin.py:188} INFO - [2024-05-03T17:20:53.208+0000] {dagbag.py:540} INFO - Filling up the DagBag from /home/airflow/.local/lib/python3.12/site-packages/airflow/example_dags/tutorial.py
[2024-05-03T17:20:53.211+0000] {processor.py:840} INFO - DAG(s) 'tutorial' retrieved from /home/airflow/.local/lib/python3.12/site-packages/airflow/example_dags/tutorial.py
[2024-05-03T17:20:53.222+0000] {logging_mixin.py:188} INFO - [2024-05-03T17:20:53.221+0000] {dag.py:3096} INFO - Sync 1 DAGs
[2024-05-03T17:20:53.232+0000] {logging_mixin.py:188} INFO - [2024-05-03T17:20:53.232+0000] {dag.py:3954} INFO - Setting next_dagrun for tutorial to 2024-05-02 00:00:00+00:00, run_after=2024-05-03 00:00:00+00:00
[2024-05-03T17:20:53.241+0000] {processor.py:183} INFO - Processing /home/airflow/.local/lib/python3.12/site-packages/airflow/example_dags/tutorial.py took 0.037 seconds
[2024-05-03T17:21:24.154+0000] {processor.py:161} INFO - Started process (PID=4438) to work on /home/airflow/.local/lib/python3.12/site-packages/airflow/example_dags/tutorial.py
[2024-05-03T17:21:24.155+0000] {processor.py:830} INFO - Processing file /home/airflow/.local/lib/python3.12/site-packages/airflow/example_dags/tutorial.py for tasks to queue
[2024-05-03T17:21:24.156+0000] {logging_mixin.py:188} INFO - [2024-05-03T17:21:24.156+0000] {dagbag.py:540} INFO - Filling up the DagBag from /home/airflow/.local/lib/python3.12/site-packages/airflow/example_dags/tutorial.py
[2024-05-03T17:21:24.159+0000] {processor.py:840} INFO - DAG(s) 'tutorial' retrieved from /home/airflow/.local/lib/python3.12/site-packages/airflow/example_dags/tutorial.py
[2024-05-03T17:21:24.168+0000] {logging_mixin.py:188} INFO - [2024-05-03T17:21:24.168+0000] {dag.py:3096} INFO - Sync 1 DAGs
[2024-05-03T17:21:24.178+0000] {logging_mixin.py:188} INFO - [2024-05-03T17:21:24.178+0000] {dag.py:3954} INFO - Setting next_dagrun for tutorial to 2024-05-02 00:00:00+00:00, run_after=2024-05-03 00:00:00+00:00
[2024-05-03T17:21:24.186+0000] {processor.py:183} INFO - Processing /home/airflow/.local/lib/python3.12/site-packages/airflow/example_dags/tutorial.py took 0.035 seconds
[2024-05-03T17:21:54.396+0000] {processor.py:161} INFO - Started process (PID=4700) to work on /home/airflow/.local/lib/python3.12/site-packages/airflow/example_dags/tutorial.py
[2024-05-03T17:21:54.396+0000] {processor.py:830} INFO - Processing file /home/airflow/.local/lib/python3.12/site-packages/airflow/example_dags/tutorial.py for tasks to queue
[2024-05-03T17:21:54.397+0000] {logging_mixin.py:188} INFO - [2024-05-03T17:21:54.397+0000] {dagbag.py:540} INFO - Filling up the DagBag from /home/airflow/.local/lib/python3.12/site-packages/airflow/example_dags/tutorial.py
[2024-05-03T17:21:54.400+0000] {processor.py:840} INFO - DAG(s) 'tutorial' retrieved from /home/airflow/.local/lib/python3.12/site-packages/airflow/example_dags/tutorial.py
[2024-05-03T17:21:54.410+0000] {logging_mixin.py:188} INFO - [2024-05-03T17:21:54.410+0000] {dag.py:3096} INFO - Sync 1 DAGs
[2024-05-03T17:21:54.420+0000] {logging_mixin.py:188} INFO - [2024-05-03T17:21:54.420+0000] {dag.py:3954} INFO - Setting next_dagrun for tutorial to 2024-05-02 00:00:00+00:00, run_after=2024-05-03 00:00:00+00:00
[2024-05-03T17:21:54.429+0000] {processor.py:183} INFO - Processing /home/airflow/.local/lib/python3.12/site-packages/airflow/example_dags/tutorial.py took 0.036 seconds
[2024-05-03T17:22:24.621+0000] {processor.py:161} INFO - Started process (PID=4962) to work on /home/airflow/.local/lib/python3.12/site-packages/airflow/example_dags/tutorial.py
[2024-05-03T17:22:24.622+0000] {processor.py:830} INFO - Processing file /home/airflow/.local/lib/python3.12/site-packages/airflow/example_dags/tutorial.py for tasks to queue
[2024-05-03T17:22:24.623+0000] {logging_mixin.py:188} INFO - [2024-05-03T17:22:24.623+0000] {dagbag.py:540} INFO - Filling up the DagBag from /home/airflow/.local/lib/python3.12/site-packages/airflow/example_dags/tutorial.py
[2024-05-03T17:22:24.626+0000] {processor.py:840} INFO - DAG(s) 'tutorial' retrieved from /home/airflow/.local/lib/python3.12/site-packages/airflow/example_dags/tutorial.py
[2024-05-03T17:22:24.635+0000] {logging_mixin.py:188} INFO - [2024-05-03T17:22:24.635+0000] {dag.py:3096} INFO - Sync 1 DAGs
[2024-05-03T17:22:24.646+0000] {logging_mixin.py:188} INFO - [2024-05-03T17:22:24.646+0000] {dag.py:3954} INFO - Setting next_dagrun for tutorial to 2024-05-02 00:00:00+00:00, run_after=2024-05-03 00:00:00+00:00
[2024-05-03T17:22:24.654+0000] {processor.py:183} INFO - Processing /home/airflow/.local/lib/python3.12/site-packages/airflow/example_dags/tutorial.py took 0.036 seconds
[2024-05-03T17:22:54.823+0000] {processor.py:161} INFO - Started process (PID=5226) to work on /home/airflow/.local/lib/python3.12/site-packages/airflow/example_dags/tutorial.py
[2024-05-03T17:22:54.823+0000] {processor.py:830} INFO - Processing file /home/airflow/.local/lib/python3.12/site-packages/airflow/example_dags/tutorial.py for tasks to queue
[2024-05-03T17:22:54.824+0000] {logging_mixin.py:188} INFO - [2024-05-03T17:22:54.824+0000] {dagbag.py:540} INFO - Filling up the DagBag from /home/airflow/.local/lib/python3.12/site-packages/airflow/example_dags/tutorial.py
[2024-05-03T17:22:54.828+0000] {processor.py:840} INFO - DAG(s) 'tutorial' retrieved from /home/airflow/.local/lib/python3.12/site-packages/airflow/example_dags/tutorial.py
[2024-05-03T17:22:54.838+0000] {logging_mixin.py:188} INFO - [2024-05-03T17:22:54.838+0000] {dag.py:3096} INFO - Sync 1 DAGs
[2024-05-03T17:22:54.848+0000] {logging_mixin.py:188} INFO - [2024-05-03T17:22:54.848+0000] {dag.py:3954} INFO - Setting next_dagrun for tutorial to 2024-05-02 00:00:00+00:00, run_after=2024-05-03 00:00:00+00:00
[2024-05-03T17:22:54.857+0000] {processor.py:183} INFO - Processing /home/airflow/.local/lib/python3.12/site-packages/airflow/example_dags/tutorial.py took 0.037 seconds
[2024-05-03T17:23:24.944+0000] {processor.py:161} INFO - Started process (PID=5486) to work on /home/airflow/.local/lib/python3.12/site-packages/airflow/example_dags/tutorial.py
[2024-05-03T17:23:24.945+0000] {processor.py:830} INFO - Processing file /home/airflow/.local/lib/python3.12/site-packages/airflow/example_dags/tutorial.py for tasks to queue
[2024-05-03T17:23:24.945+0000] {logging_mixin.py:188} INFO - [2024-05-03T17:23:24.945+0000] {dagbag.py:540} INFO - Filling up the DagBag from /home/airflow/.local/lib/python3.12/site-packages/airflow/example_dags/tutorial.py
[2024-05-03T17:23:24.949+0000] {processor.py:840} INFO - DAG(s) 'tutorial' retrieved from /home/airflow/.local/lib/python3.12/site-packages/airflow/example_dags/tutorial.py
[2024-05-03T17:23:24.959+0000] {logging_mixin.py:188} INFO - [2024-05-03T17:23:24.959+0000] {dag.py:3096} INFO - Sync 1 DAGs
[2024-05-03T17:23:24.972+0000] {logging_mixin.py:188} INFO - [2024-05-03T17:23:24.972+0000] {dag.py:3954} INFO - Setting next_dagrun for tutorial to 2024-05-02 00:00:00+00:00, run_after=2024-05-03 00:00:00+00:00
[2024-05-03T17:23:24.981+0000] {processor.py:183} INFO - Processing /home/airflow/.local/lib/python3.12/site-packages/airflow/example_dags/tutorial.py took 0.041 seconds
[2024-05-03T17:23:55.104+0000] {processor.py:161} INFO - Started process (PID=5748) to work on /home/airflow/.local/lib/python3.12/site-packages/airflow/example_dags/tutorial.py
[2024-05-03T17:23:55.107+0000] {processor.py:830} INFO - Processing file /home/airflow/.local/lib/python3.12/site-packages/airflow/example_dags/tutorial.py for tasks to queue
[2024-05-03T17:23:55.108+0000] {logging_mixin.py:188} INFO - [2024-05-03T17:23:55.108+0000] {dagbag.py:540} INFO - Filling up the DagBag from /home/airflow/.local/lib/python3.12/site-packages/airflow/example_dags/tutorial.py
[2024-05-03T17:23:55.111+0000] {processor.py:840} INFO - DAG(s) 'tutorial' retrieved from /home/airflow/.local/lib/python3.12/site-packages/airflow/example_dags/tutorial.py
[2024-05-03T17:23:55.122+0000] {logging_mixin.py:188} INFO - [2024-05-03T17:23:55.122+0000] {dag.py:3096} INFO - Sync 1 DAGs
[2024-05-03T17:23:55.132+0000] {logging_mixin.py:188} INFO - [2024-05-03T17:23:55.131+0000] {dag.py:3954} INFO - Setting next_dagrun for tutorial to 2024-05-02 00:00:00+00:00, run_after=2024-05-03 00:00:00+00:00
[2024-05-03T17:23:55.139+0000] {processor.py:183} INFO - Processing /home/airflow/.local/lib/python3.12/site-packages/airflow/example_dags/tutorial.py took 0.039 seconds
[2024-05-03T17:24:25.280+0000] {processor.py:161} INFO - Started process (PID=6010) to work on /home/airflow/.local/lib/python3.12/site-packages/airflow/example_dags/tutorial.py
[2024-05-03T17:24:25.280+0000] {processor.py:830} INFO - Processing file /home/airflow/.local/lib/python3.12/site-packages/airflow/example_dags/tutorial.py for tasks to queue
[2024-05-03T17:24:25.281+0000] {logging_mixin.py:188} INFO - [2024-05-03T17:24:25.281+0000] {dagbag.py:540} INFO - Filling up the DagBag from /home/airflow/.local/lib/python3.12/site-packages/airflow/example_dags/tutorial.py
[2024-05-03T17:24:25.285+0000] {processor.py:840} INFO - DAG(s) 'tutorial' retrieved from /home/airflow/.local/lib/python3.12/site-packages/airflow/example_dags/tutorial.py
[2024-05-03T17:24:25.296+0000] {logging_mixin.py:188} INFO - [2024-05-03T17:24:25.296+0000] {dag.py:3096} INFO - Sync 1 DAGs
[2024-05-03T17:24:25.306+0000] {logging_mixin.py:188} INFO - [2024-05-03T17:24:25.306+0000] {dag.py:3954} INFO - Setting next_dagrun for tutorial to 2024-05-02 00:00:00+00:00, run_after=2024-05-03 00:00:00+00:00
[2024-05-03T17:24:25.315+0000] {processor.py:183} INFO - Processing /home/airflow/.local/lib/python3.12/site-packages/airflow/example_dags/tutorial.py took 0.039 seconds
[2024-05-03T17:24:55.650+0000] {processor.py:161} INFO - Started process (PID=6272) to work on /home/airflow/.local/lib/python3.12/site-packages/airflow/example_dags/tutorial.py
[2024-05-03T17:24:55.651+0000] {processor.py:830} INFO - Processing file /home/airflow/.local/lib/python3.12/site-packages/airflow/example_dags/tutorial.py for tasks to queue
[2024-05-03T17:24:55.652+0000] {logging_mixin.py:188} INFO - [2024-05-03T17:24:55.652+0000] {dagbag.py:540} INFO - Filling up the DagBag from /home/airflow/.local/lib/python3.12/site-packages/airflow/example_dags/tutorial.py
[2024-05-03T17:24:55.655+0000] {processor.py:840} INFO - DAG(s) 'tutorial' retrieved from /home/airflow/.local/lib/python3.12/site-packages/airflow/example_dags/tutorial.py
[2024-05-03T17:24:55.665+0000] {logging_mixin.py:188} INFO - [2024-05-03T17:24:55.665+0000] {dag.py:3096} INFO - Sync 1 DAGs
[2024-05-03T17:24:55.675+0000] {logging_mixin.py:188} INFO - [2024-05-03T17:24:55.674+0000] {dag.py:3954} INFO - Setting next_dagrun for tutorial to 2024-05-02 00:00:00+00:00, run_after=2024-05-03 00:00:00+00:00
[2024-05-03T17:24:55.683+0000] {processor.py:183} INFO - Processing /home/airflow/.local/lib/python3.12/site-packages/airflow/example_dags/tutorial.py took 0.036 seconds
[2024-05-03T17:25:25.924+0000] {processor.py:161} INFO - Started process (PID=6529) to work on /home/airflow/.local/lib/python3.12/site-packages/airflow/example_dags/tutorial.py
[2024-05-03T17:25:25.924+0000] {processor.py:830} INFO - Processing file /home/airflow/.local/lib/python3.12/site-packages/airflow/example_dags/tutorial.py for tasks to queue
[2024-05-03T17:25:25.925+0000] {logging_mixin.py:188} INFO - [2024-05-03T17:25:25.925+0000] {dagbag.py:540} INFO - Filling up the DagBag from /home/airflow/.local/lib/python3.12/site-packages/airflow/example_dags/tutorial.py
[2024-05-03T17:25:25.928+0000] {processor.py:840} INFO - DAG(s) 'tutorial' retrieved from /home/airflow/.local/lib/python3.12/site-packages/airflow/example_dags/tutorial.py
[2024-05-03T17:25:25.939+0000] {logging_mixin.py:188} INFO - [2024-05-03T17:25:25.939+0000] {dag.py:3096} INFO - Sync 1 DAGs
[2024-05-03T17:25:25.949+0000] {logging_mixin.py:188} INFO - [2024-05-03T17:25:25.949+0000] {dag.py:3954} INFO - Setting next_dagrun for tutorial to 2024-05-02 00:00:00+00:00, run_after=2024-05-03 00:00:00+00:00
[2024-05-03T17:25:25.958+0000] {processor.py:183} INFO - Processing /home/airflow/.local/lib/python3.12/site-packages/airflow/example_dags/tutorial.py took 0.037 seconds
[2024-05-03T17:25:56.168+0000] {processor.py:161} INFO - Started process (PID=6793) to work on /home/airflow/.local/lib/python3.12/site-packages/airflow/example_dags/tutorial.py
[2024-05-03T17:25:56.169+0000] {processor.py:830} INFO - Processing file /home/airflow/.local/lib/python3.12/site-packages/airflow/example_dags/tutorial.py for tasks to queue
[2024-05-03T17:25:56.170+0000] {logging_mixin.py:188} INFO - [2024-05-03T17:25:56.170+0000] {dagbag.py:540} INFO - Filling up the DagBag from /home/airflow/.local/lib/python3.12/site-packages/airflow/example_dags/tutorial.py
[2024-05-03T17:25:56.173+0000] {processor.py:840} INFO - DAG(s) 'tutorial' retrieved from /home/airflow/.local/lib/python3.12/site-packages/airflow/example_dags/tutorial.py
[2024-05-03T17:25:56.183+0000] {logging_mixin.py:188} INFO - [2024-05-03T17:25:56.183+0000] {dag.py:3096} INFO - Sync 1 DAGs
[2024-05-03T17:25:56.193+0000] {logging_mixin.py:188} INFO - [2024-05-03T17:25:56.193+0000] {dag.py:3954} INFO - Setting next_dagrun for tutorial to 2024-05-02 00:00:00+00:00, run_after=2024-05-03 00:00:00+00:00
[2024-05-03T17:25:56.202+0000] {processor.py:183} INFO - Processing /home/airflow/.local/lib/python3.12/site-packages/airflow/example_dags/tutorial.py took 0.037 seconds
[2024-05-03T17:26:26.873+0000] {processor.py:161} INFO - Started process (PID=7055) to work on /home/airflow/.local/lib/python3.12/site-packages/airflow/example_dags/tutorial.py
[2024-05-03T17:26:26.873+0000] {processor.py:830} INFO - Processing file /home/airflow/.local/lib/python3.12/site-packages/airflow/example_dags/tutorial.py for tasks to queue
[2024-05-03T17:26:26.874+0000] {logging_mixin.py:188} INFO - [2024-05-03T17:26:26.874+0000] {dagbag.py:540} INFO - Filling up the DagBag from /home/airflow/.local/lib/python3.12/site-packages/airflow/example_dags/tutorial.py
[2024-05-03T17:26:26.877+0000] {processor.py:840} INFO - DAG(s) 'tutorial' retrieved from /home/airflow/.local/lib/python3.12/site-packages/airflow/example_dags/tutorial.py
[2024-05-03T17:26:26.888+0000] {logging_mixin.py:188} INFO - [2024-05-03T17:26:26.888+0000] {dag.py:3096} INFO - Sync 1 DAGs
[2024-05-03T17:26:26.898+0000] {logging_mixin.py:188} INFO - [2024-05-03T17:26:26.898+0000] {dag.py:3954} INFO - Setting next_dagrun for tutorial to 2024-05-02 00:00:00+00:00, run_after=2024-05-03 00:00:00+00:00
[2024-05-03T17:26:26.906+0000] {processor.py:183} INFO - Processing /home/airflow/.local/lib/python3.12/site-packages/airflow/example_dags/tutorial.py took 0.036 seconds
[2024-05-03T17:26:57.735+0000] {processor.py:161} INFO - Started process (PID=7317) to work on /home/airflow/.local/lib/python3.12/site-packages/airflow/example_dags/tutorial.py
[2024-05-03T17:26:57.735+0000] {processor.py:830} INFO - Processing file /home/airflow/.local/lib/python3.12/site-packages/airflow/example_dags/tutorial.py for tasks to queue
[2024-05-03T17:26:57.736+0000] {logging_mixin.py:188} INFO - [2024-05-03T17:26:57.736+0000] {dagbag.py:540} INFO - Filling up the DagBag from /home/airflow/.local/lib/python3.12/site-packages/airflow/example_dags/tutorial.py
[2024-05-03T17:26:57.740+0000] {processor.py:840} INFO - DAG(s) 'tutorial' retrieved from /home/airflow/.local/lib/python3.12/site-packages/airflow/example_dags/tutorial.py
[2024-05-03T17:26:57.835+0000] {logging_mixin.py:188} INFO - [2024-05-03T17:26:57.835+0000] {dag.py:3096} INFO - Sync 1 DAGs
[2024-05-03T17:26:57.844+0000] {logging_mixin.py:188} INFO - [2024-05-03T17:26:57.844+0000] {dag.py:3954} INFO - Setting next_dagrun for tutorial to 2024-05-02 00:00:00+00:00, run_after=2024-05-03 00:00:00+00:00
[2024-05-03T17:26:57.852+0000] {processor.py:183} INFO - Processing /home/airflow/.local/lib/python3.12/site-packages/airflow/example_dags/tutorial.py took 0.121 seconds
