[2024-05-03T17:13:15.572+0000] {processor.py:161} INFO - Started process (PID=333) to work on /home/airflow/.local/lib/python3.12/site-packages/airflow/example_dags/tutorial_dag.py
[2024-05-03T17:13:15.574+0000] {processor.py:830} INFO - Processing file /home/airflow/.local/lib/python3.12/site-packages/airflow/example_dags/tutorial_dag.py for tasks to queue
[2024-05-03T17:13:15.575+0000] {logging_mixin.py:188} INFO - [2024-05-03T17:13:15.575+0000] {dagbag.py:540} INFO - Filling up the DagBag from /home/airflow/.local/lib/python3.12/site-packages/airflow/example_dags/tutorial_dag.py
[2024-05-03T17:13:15.578+0000] {processor.py:840} INFO - DAG(s) 'tutorial_dag' retrieved from /home/airflow/.local/lib/python3.12/site-packages/airflow/example_dags/tutorial_dag.py
[2024-05-03T17:13:15.585+0000] {logging_mixin.py:188} INFO - [2024-05-03T17:13:15.585+0000] {dag.py:3096} INFO - Sync 1 DAGs
[2024-05-03T17:13:15.594+0000] {logging_mixin.py:188} INFO - [2024-05-03T17:13:15.594+0000] {dag.py:3954} INFO - Setting next_dagrun for tutorial_dag to None, run_after=None
[2024-05-03T17:13:15.604+0000] {processor.py:183} INFO - Processing /home/airflow/.local/lib/python3.12/site-packages/airflow/example_dags/tutorial_dag.py took 0.035 seconds
[2024-05-03T17:13:47.128+0000] {processor.py:161} INFO - Started process (PID=595) to work on /home/airflow/.local/lib/python3.12/site-packages/airflow/example_dags/tutorial_dag.py
[2024-05-03T17:13:47.129+0000] {processor.py:830} INFO - Processing file /home/airflow/.local/lib/python3.12/site-packages/airflow/example_dags/tutorial_dag.py for tasks to queue
[2024-05-03T17:13:47.130+0000] {logging_mixin.py:188} INFO - [2024-05-03T17:13:47.130+0000] {dagbag.py:540} INFO - Filling up the DagBag from /home/airflow/.local/lib/python3.12/site-packages/airflow/example_dags/tutorial_dag.py
[2024-05-03T17:13:47.133+0000] {processor.py:840} INFO - DAG(s) 'tutorial_dag' retrieved from /home/airflow/.local/lib/python3.12/site-packages/airflow/example_dags/tutorial_dag.py
[2024-05-03T17:13:47.185+0000] {logging_mixin.py:188} INFO - [2024-05-03T17:13:47.185+0000] {dag.py:3096} INFO - Sync 1 DAGs
[2024-05-03T17:13:47.190+0000] {logging_mixin.py:188} INFO - [2024-05-03T17:13:47.190+0000] {dag.py:3954} INFO - Setting next_dagrun for tutorial_dag to None, run_after=None
[2024-05-03T17:13:47.200+0000] {processor.py:183} INFO - Processing /home/airflow/.local/lib/python3.12/site-packages/airflow/example_dags/tutorial_dag.py took 0.075 seconds
[2024-05-03T17:14:17.477+0000] {processor.py:161} INFO - Started process (PID=857) to work on /home/airflow/.local/lib/python3.12/site-packages/airflow/example_dags/tutorial_dag.py
[2024-05-03T17:14:17.477+0000] {processor.py:830} INFO - Processing file /home/airflow/.local/lib/python3.12/site-packages/airflow/example_dags/tutorial_dag.py for tasks to queue
[2024-05-03T17:14:17.478+0000] {logging_mixin.py:188} INFO - [2024-05-03T17:14:17.478+0000] {dagbag.py:540} INFO - Filling up the DagBag from /home/airflow/.local/lib/python3.12/site-packages/airflow/example_dags/tutorial_dag.py
[2024-05-03T17:14:17.482+0000] {processor.py:840} INFO - DAG(s) 'tutorial_dag' retrieved from /home/airflow/.local/lib/python3.12/site-packages/airflow/example_dags/tutorial_dag.py
[2024-05-03T17:14:17.492+0000] {logging_mixin.py:188} INFO - [2024-05-03T17:14:17.492+0000] {dag.py:3096} INFO - Sync 1 DAGs
[2024-05-03T17:14:17.498+0000] {logging_mixin.py:188} INFO - [2024-05-03T17:14:17.498+0000] {dag.py:3954} INFO - Setting next_dagrun for tutorial_dag to None, run_after=None
[2024-05-03T17:14:17.507+0000] {processor.py:183} INFO - Processing /home/airflow/.local/lib/python3.12/site-packages/airflow/example_dags/tutorial_dag.py took 0.033 seconds
[2024-05-03T17:14:48.163+0000] {processor.py:161} INFO - Started process (PID=1119) to work on /home/airflow/.local/lib/python3.12/site-packages/airflow/example_dags/tutorial_dag.py
[2024-05-03T17:14:48.163+0000] {processor.py:830} INFO - Processing file /home/airflow/.local/lib/python3.12/site-packages/airflow/example_dags/tutorial_dag.py for tasks to queue
[2024-05-03T17:14:48.164+0000] {logging_mixin.py:188} INFO - [2024-05-03T17:14:48.164+0000] {dagbag.py:540} INFO - Filling up the DagBag from /home/airflow/.local/lib/python3.12/site-packages/airflow/example_dags/tutorial_dag.py
[2024-05-03T17:14:48.167+0000] {processor.py:840} INFO - DAG(s) 'tutorial_dag' retrieved from /home/airflow/.local/lib/python3.12/site-packages/airflow/example_dags/tutorial_dag.py
[2024-05-03T17:14:48.177+0000] {logging_mixin.py:188} INFO - [2024-05-03T17:14:48.177+0000] {dag.py:3096} INFO - Sync 1 DAGs
[2024-05-03T17:14:48.183+0000] {logging_mixin.py:188} INFO - [2024-05-03T17:14:48.183+0000] {dag.py:3954} INFO - Setting next_dagrun for tutorial_dag to None, run_after=None
[2024-05-03T17:14:48.192+0000] {processor.py:183} INFO - Processing /home/airflow/.local/lib/python3.12/site-packages/airflow/example_dags/tutorial_dag.py took 0.032 seconds
[2024-05-03T17:15:19.179+0000] {processor.py:161} INFO - Started process (PID=1381) to work on /home/airflow/.local/lib/python3.12/site-packages/airflow/example_dags/tutorial_dag.py
[2024-05-03T17:15:19.180+0000] {processor.py:830} INFO - Processing file /home/airflow/.local/lib/python3.12/site-packages/airflow/example_dags/tutorial_dag.py for tasks to queue
[2024-05-03T17:15:19.181+0000] {logging_mixin.py:188} INFO - [2024-05-03T17:15:19.180+0000] {dagbag.py:540} INFO - Filling up the DagBag from /home/airflow/.local/lib/python3.12/site-packages/airflow/example_dags/tutorial_dag.py
[2024-05-03T17:15:19.184+0000] {processor.py:840} INFO - DAG(s) 'tutorial_dag' retrieved from /home/airflow/.local/lib/python3.12/site-packages/airflow/example_dags/tutorial_dag.py
[2024-05-03T17:15:19.197+0000] {logging_mixin.py:188} INFO - [2024-05-03T17:15:19.197+0000] {dag.py:3096} INFO - Sync 1 DAGs
[2024-05-03T17:15:19.204+0000] {logging_mixin.py:188} INFO - [2024-05-03T17:15:19.204+0000] {dag.py:3954} INFO - Setting next_dagrun for tutorial_dag to None, run_after=None
[2024-05-03T17:15:19.218+0000] {processor.py:183} INFO - Processing /home/airflow/.local/lib/python3.12/site-packages/airflow/example_dags/tutorial_dag.py took 0.042 seconds
[2024-05-03T17:15:49.259+0000] {processor.py:161} INFO - Started process (PID=1643) to work on /home/airflow/.local/lib/python3.12/site-packages/airflow/example_dags/tutorial_dag.py
[2024-05-03T17:15:49.260+0000] {processor.py:830} INFO - Processing file /home/airflow/.local/lib/python3.12/site-packages/airflow/example_dags/tutorial_dag.py for tasks to queue
[2024-05-03T17:15:49.261+0000] {logging_mixin.py:188} INFO - [2024-05-03T17:15:49.261+0000] {dagbag.py:540} INFO - Filling up the DagBag from /home/airflow/.local/lib/python3.12/site-packages/airflow/example_dags/tutorial_dag.py
[2024-05-03T17:15:49.264+0000] {processor.py:840} INFO - DAG(s) 'tutorial_dag' retrieved from /home/airflow/.local/lib/python3.12/site-packages/airflow/example_dags/tutorial_dag.py
[2024-05-03T17:15:49.274+0000] {logging_mixin.py:188} INFO - [2024-05-03T17:15:49.274+0000] {dag.py:3096} INFO - Sync 1 DAGs
[2024-05-03T17:15:49.280+0000] {logging_mixin.py:188} INFO - [2024-05-03T17:15:49.280+0000] {dag.py:3954} INFO - Setting next_dagrun for tutorial_dag to None, run_after=None
[2024-05-03T17:15:49.289+0000] {processor.py:183} INFO - Processing /home/airflow/.local/lib/python3.12/site-packages/airflow/example_dags/tutorial_dag.py took 0.033 seconds
[2024-05-03T17:16:20.067+0000] {processor.py:161} INFO - Started process (PID=1905) to work on /home/airflow/.local/lib/python3.12/site-packages/airflow/example_dags/tutorial_dag.py
[2024-05-03T17:16:20.068+0000] {processor.py:830} INFO - Processing file /home/airflow/.local/lib/python3.12/site-packages/airflow/example_dags/tutorial_dag.py for tasks to queue
[2024-05-03T17:16:20.069+0000] {logging_mixin.py:188} INFO - [2024-05-03T17:16:20.069+0000] {dagbag.py:540} INFO - Filling up the DagBag from /home/airflow/.local/lib/python3.12/site-packages/airflow/example_dags/tutorial_dag.py
[2024-05-03T17:16:20.072+0000] {processor.py:840} INFO - DAG(s) 'tutorial_dag' retrieved from /home/airflow/.local/lib/python3.12/site-packages/airflow/example_dags/tutorial_dag.py
[2024-05-03T17:16:20.082+0000] {logging_mixin.py:188} INFO - [2024-05-03T17:16:20.082+0000] {dag.py:3096} INFO - Sync 1 DAGs
[2024-05-03T17:16:20.088+0000] {logging_mixin.py:188} INFO - [2024-05-03T17:16:20.087+0000] {dag.py:3954} INFO - Setting next_dagrun for tutorial_dag to None, run_after=None
[2024-05-03T17:16:20.095+0000] {processor.py:183} INFO - Processing /home/airflow/.local/lib/python3.12/site-packages/airflow/example_dags/tutorial_dag.py took 0.031 seconds
[2024-05-03T17:16:50.996+0000] {processor.py:161} INFO - Started process (PID=2167) to work on /home/airflow/.local/lib/python3.12/site-packages/airflow/example_dags/tutorial_dag.py
[2024-05-03T17:16:50.997+0000] {processor.py:830} INFO - Processing file /home/airflow/.local/lib/python3.12/site-packages/airflow/example_dags/tutorial_dag.py for tasks to queue
[2024-05-03T17:16:50.998+0000] {logging_mixin.py:188} INFO - [2024-05-03T17:16:50.998+0000] {dagbag.py:540} INFO - Filling up the DagBag from /home/airflow/.local/lib/python3.12/site-packages/airflow/example_dags/tutorial_dag.py
[2024-05-03T17:16:51.000+0000] {processor.py:840} INFO - DAG(s) 'tutorial_dag' retrieved from /home/airflow/.local/lib/python3.12/site-packages/airflow/example_dags/tutorial_dag.py
[2024-05-03T17:16:51.011+0000] {logging_mixin.py:188} INFO - [2024-05-03T17:16:51.011+0000] {dag.py:3096} INFO - Sync 1 DAGs
[2024-05-03T17:16:51.018+0000] {logging_mixin.py:188} INFO - [2024-05-03T17:16:51.017+0000] {dag.py:3954} INFO - Setting next_dagrun for tutorial_dag to None, run_after=None
[2024-05-03T17:16:51.027+0000] {processor.py:183} INFO - Processing /home/airflow/.local/lib/python3.12/site-packages/airflow/example_dags/tutorial_dag.py took 0.034 seconds
[2024-05-03T17:17:22.042+0000] {processor.py:161} INFO - Started process (PID=2431) to work on /home/airflow/.local/lib/python3.12/site-packages/airflow/example_dags/tutorial_dag.py
[2024-05-03T17:17:22.043+0000] {processor.py:830} INFO - Processing file /home/airflow/.local/lib/python3.12/site-packages/airflow/example_dags/tutorial_dag.py for tasks to queue
[2024-05-03T17:17:22.044+0000] {logging_mixin.py:188} INFO - [2024-05-03T17:17:22.044+0000] {dagbag.py:540} INFO - Filling up the DagBag from /home/airflow/.local/lib/python3.12/site-packages/airflow/example_dags/tutorial_dag.py
[2024-05-03T17:17:22.047+0000] {processor.py:840} INFO - DAG(s) 'tutorial_dag' retrieved from /home/airflow/.local/lib/python3.12/site-packages/airflow/example_dags/tutorial_dag.py
[2024-05-03T17:17:22.057+0000] {logging_mixin.py:188} INFO - [2024-05-03T17:17:22.057+0000] {dag.py:3096} INFO - Sync 1 DAGs
[2024-05-03T17:17:22.064+0000] {logging_mixin.py:188} INFO - [2024-05-03T17:17:22.064+0000] {dag.py:3954} INFO - Setting next_dagrun for tutorial_dag to None, run_after=None
[2024-05-03T17:17:22.074+0000] {processor.py:183} INFO - Processing /home/airflow/.local/lib/python3.12/site-packages/airflow/example_dags/tutorial_dag.py took 0.035 seconds
[2024-05-03T17:17:53.019+0000] {processor.py:161} INFO - Started process (PID=2693) to work on /home/airflow/.local/lib/python3.12/site-packages/airflow/example_dags/tutorial_dag.py
[2024-05-03T17:17:53.020+0000] {processor.py:830} INFO - Processing file /home/airflow/.local/lib/python3.12/site-packages/airflow/example_dags/tutorial_dag.py for tasks to queue
[2024-05-03T17:17:53.021+0000] {logging_mixin.py:188} INFO - [2024-05-03T17:17:53.021+0000] {dagbag.py:540} INFO - Filling up the DagBag from /home/airflow/.local/lib/python3.12/site-packages/airflow/example_dags/tutorial_dag.py
[2024-05-03T17:17:53.024+0000] {processor.py:840} INFO - DAG(s) 'tutorial_dag' retrieved from /home/airflow/.local/lib/python3.12/site-packages/airflow/example_dags/tutorial_dag.py
[2024-05-03T17:17:53.035+0000] {logging_mixin.py:188} INFO - [2024-05-03T17:17:53.035+0000] {dag.py:3096} INFO - Sync 1 DAGs
[2024-05-03T17:17:53.042+0000] {logging_mixin.py:188} INFO - [2024-05-03T17:17:53.042+0000] {dag.py:3954} INFO - Setting next_dagrun for tutorial_dag to None, run_after=None
[2024-05-03T17:17:53.053+0000] {processor.py:183} INFO - Processing /home/airflow/.local/lib/python3.12/site-packages/airflow/example_dags/tutorial_dag.py took 0.037 seconds
[2024-05-03T17:18:23.228+0000] {processor.py:161} INFO - Started process (PID=2952) to work on /home/airflow/.local/lib/python3.12/site-packages/airflow/example_dags/tutorial_dag.py
[2024-05-03T17:18:23.229+0000] {processor.py:830} INFO - Processing file /home/airflow/.local/lib/python3.12/site-packages/airflow/example_dags/tutorial_dag.py for tasks to queue
[2024-05-03T17:18:23.229+0000] {logging_mixin.py:188} INFO - [2024-05-03T17:18:23.229+0000] {dagbag.py:540} INFO - Filling up the DagBag from /home/airflow/.local/lib/python3.12/site-packages/airflow/example_dags/tutorial_dag.py
[2024-05-03T17:18:23.232+0000] {processor.py:840} INFO - DAG(s) 'tutorial_dag' retrieved from /home/airflow/.local/lib/python3.12/site-packages/airflow/example_dags/tutorial_dag.py
[2024-05-03T17:18:23.243+0000] {logging_mixin.py:188} INFO - [2024-05-03T17:18:23.243+0000] {dag.py:3096} INFO - Sync 1 DAGs
[2024-05-03T17:18:23.250+0000] {logging_mixin.py:188} INFO - [2024-05-03T17:18:23.250+0000] {dag.py:3954} INFO - Setting next_dagrun for tutorial_dag to None, run_after=None
[2024-05-03T17:18:23.258+0000] {processor.py:183} INFO - Processing /home/airflow/.local/lib/python3.12/site-packages/airflow/example_dags/tutorial_dag.py took 0.034 seconds
[2024-05-03T17:18:53.375+0000] {processor.py:161} INFO - Started process (PID=3214) to work on /home/airflow/.local/lib/python3.12/site-packages/airflow/example_dags/tutorial_dag.py
[2024-05-03T17:18:53.375+0000] {processor.py:830} INFO - Processing file /home/airflow/.local/lib/python3.12/site-packages/airflow/example_dags/tutorial_dag.py for tasks to queue
[2024-05-03T17:18:53.376+0000] {logging_mixin.py:188} INFO - [2024-05-03T17:18:53.376+0000] {dagbag.py:540} INFO - Filling up the DagBag from /home/airflow/.local/lib/python3.12/site-packages/airflow/example_dags/tutorial_dag.py
[2024-05-03T17:18:53.379+0000] {processor.py:840} INFO - DAG(s) 'tutorial_dag' retrieved from /home/airflow/.local/lib/python3.12/site-packages/airflow/example_dags/tutorial_dag.py
[2024-05-03T17:18:53.387+0000] {logging_mixin.py:188} INFO - [2024-05-03T17:18:53.387+0000] {dag.py:3096} INFO - Sync 1 DAGs
[2024-05-03T17:18:53.394+0000] {logging_mixin.py:188} INFO - [2024-05-03T17:18:53.394+0000] {dag.py:3954} INFO - Setting next_dagrun for tutorial_dag to None, run_after=None
[2024-05-03T17:18:53.405+0000] {processor.py:183} INFO - Processing /home/airflow/.local/lib/python3.12/site-packages/airflow/example_dags/tutorial_dag.py took 0.033 seconds
[2024-05-03T17:19:24.333+0000] {processor.py:161} INFO - Started process (PID=3475) to work on /home/airflow/.local/lib/python3.12/site-packages/airflow/example_dags/tutorial_dag.py
[2024-05-03T17:19:24.334+0000] {processor.py:830} INFO - Processing file /home/airflow/.local/lib/python3.12/site-packages/airflow/example_dags/tutorial_dag.py for tasks to queue
[2024-05-03T17:19:24.335+0000] {logging_mixin.py:188} INFO - [2024-05-03T17:19:24.334+0000] {dagbag.py:540} INFO - Filling up the DagBag from /home/airflow/.local/lib/python3.12/site-packages/airflow/example_dags/tutorial_dag.py
[2024-05-03T17:19:24.337+0000] {processor.py:840} INFO - DAG(s) 'tutorial_dag' retrieved from /home/airflow/.local/lib/python3.12/site-packages/airflow/example_dags/tutorial_dag.py
[2024-05-03T17:19:24.382+0000] {logging_mixin.py:188} INFO - [2024-05-03T17:19:24.382+0000] {dag.py:3096} INFO - Sync 1 DAGs
[2024-05-03T17:19:24.387+0000] {logging_mixin.py:188} INFO - [2024-05-03T17:19:24.387+0000] {dag.py:3954} INFO - Setting next_dagrun for tutorial_dag to None, run_after=None
[2024-05-03T17:19:24.396+0000] {processor.py:183} INFO - Processing /home/airflow/.local/lib/python3.12/site-packages/airflow/example_dags/tutorial_dag.py took 0.066 seconds
[2024-05-03T17:19:54.475+0000] {processor.py:161} INFO - Started process (PID=3737) to work on /home/airflow/.local/lib/python3.12/site-packages/airflow/example_dags/tutorial_dag.py
[2024-05-03T17:19:54.475+0000] {processor.py:830} INFO - Processing file /home/airflow/.local/lib/python3.12/site-packages/airflow/example_dags/tutorial_dag.py for tasks to queue
[2024-05-03T17:19:54.476+0000] {logging_mixin.py:188} INFO - [2024-05-03T17:19:54.476+0000] {dagbag.py:540} INFO - Filling up the DagBag from /home/airflow/.local/lib/python3.12/site-packages/airflow/example_dags/tutorial_dag.py
[2024-05-03T17:19:54.479+0000] {processor.py:840} INFO - DAG(s) 'tutorial_dag' retrieved from /home/airflow/.local/lib/python3.12/site-packages/airflow/example_dags/tutorial_dag.py
[2024-05-03T17:19:54.491+0000] {logging_mixin.py:188} INFO - [2024-05-03T17:19:54.491+0000] {dag.py:3096} INFO - Sync 1 DAGs
[2024-05-03T17:19:54.497+0000] {logging_mixin.py:188} INFO - [2024-05-03T17:19:54.497+0000] {dag.py:3954} INFO - Setting next_dagrun for tutorial_dag to None, run_after=None
[2024-05-03T17:19:54.506+0000] {processor.py:183} INFO - Processing /home/airflow/.local/lib/python3.12/site-packages/airflow/example_dags/tutorial_dag.py took 0.034 seconds
[2024-05-03T17:20:24.609+0000] {processor.py:161} INFO - Started process (PID=3999) to work on /home/airflow/.local/lib/python3.12/site-packages/airflow/example_dags/tutorial_dag.py
[2024-05-03T17:20:24.610+0000] {processor.py:830} INFO - Processing file /home/airflow/.local/lib/python3.12/site-packages/airflow/example_dags/tutorial_dag.py for tasks to queue
[2024-05-03T17:20:24.611+0000] {logging_mixin.py:188} INFO - [2024-05-03T17:20:24.610+0000] {dagbag.py:540} INFO - Filling up the DagBag from /home/airflow/.local/lib/python3.12/site-packages/airflow/example_dags/tutorial_dag.py
[2024-05-03T17:20:24.613+0000] {processor.py:840} INFO - DAG(s) 'tutorial_dag' retrieved from /home/airflow/.local/lib/python3.12/site-packages/airflow/example_dags/tutorial_dag.py
[2024-05-03T17:20:24.624+0000] {logging_mixin.py:188} INFO - [2024-05-03T17:20:24.624+0000] {dag.py:3096} INFO - Sync 1 DAGs
[2024-05-03T17:20:24.630+0000] {logging_mixin.py:188} INFO - [2024-05-03T17:20:24.629+0000] {dag.py:3954} INFO - Setting next_dagrun for tutorial_dag to None, run_after=None
[2024-05-03T17:20:24.638+0000] {processor.py:183} INFO - Processing /home/airflow/.local/lib/python3.12/site-packages/airflow/example_dags/tutorial_dag.py took 0.032 seconds
[2024-05-03T17:20:54.711+0000] {processor.py:161} INFO - Started process (PID=4263) to work on /home/airflow/.local/lib/python3.12/site-packages/airflow/example_dags/tutorial_dag.py
[2024-05-03T17:20:54.711+0000] {processor.py:830} INFO - Processing file /home/airflow/.local/lib/python3.12/site-packages/airflow/example_dags/tutorial_dag.py for tasks to queue
[2024-05-03T17:20:54.712+0000] {logging_mixin.py:188} INFO - [2024-05-03T17:20:54.712+0000] {dagbag.py:540} INFO - Filling up the DagBag from /home/airflow/.local/lib/python3.12/site-packages/airflow/example_dags/tutorial_dag.py
[2024-05-03T17:20:54.715+0000] {processor.py:840} INFO - DAG(s) 'tutorial_dag' retrieved from /home/airflow/.local/lib/python3.12/site-packages/airflow/example_dags/tutorial_dag.py
[2024-05-03T17:20:54.726+0000] {logging_mixin.py:188} INFO - [2024-05-03T17:20:54.725+0000] {dag.py:3096} INFO - Sync 1 DAGs
[2024-05-03T17:20:54.731+0000] {logging_mixin.py:188} INFO - [2024-05-03T17:20:54.731+0000] {dag.py:3954} INFO - Setting next_dagrun for tutorial_dag to None, run_after=None
[2024-05-03T17:20:54.739+0000] {processor.py:183} INFO - Processing /home/airflow/.local/lib/python3.12/site-packages/airflow/example_dags/tutorial_dag.py took 0.031 seconds
[2024-05-03T17:21:25.661+0000] {processor.py:161} INFO - Started process (PID=4525) to work on /home/airflow/.local/lib/python3.12/site-packages/airflow/example_dags/tutorial_dag.py
[2024-05-03T17:21:25.661+0000] {processor.py:830} INFO - Processing file /home/airflow/.local/lib/python3.12/site-packages/airflow/example_dags/tutorial_dag.py for tasks to queue
[2024-05-03T17:21:25.662+0000] {logging_mixin.py:188} INFO - [2024-05-03T17:21:25.662+0000] {dagbag.py:540} INFO - Filling up the DagBag from /home/airflow/.local/lib/python3.12/site-packages/airflow/example_dags/tutorial_dag.py
[2024-05-03T17:21:25.665+0000] {processor.py:840} INFO - DAG(s) 'tutorial_dag' retrieved from /home/airflow/.local/lib/python3.12/site-packages/airflow/example_dags/tutorial_dag.py
[2024-05-03T17:21:25.675+0000] {logging_mixin.py:188} INFO - [2024-05-03T17:21:25.675+0000] {dag.py:3096} INFO - Sync 1 DAGs
[2024-05-03T17:21:25.681+0000] {logging_mixin.py:188} INFO - [2024-05-03T17:21:25.681+0000] {dag.py:3954} INFO - Setting next_dagrun for tutorial_dag to None, run_after=None
[2024-05-03T17:21:25.689+0000] {processor.py:183} INFO - Processing /home/airflow/.local/lib/python3.12/site-packages/airflow/example_dags/tutorial_dag.py took 0.031 seconds
[2024-05-03T17:21:55.969+0000] {processor.py:161} INFO - Started process (PID=4787) to work on /home/airflow/.local/lib/python3.12/site-packages/airflow/example_dags/tutorial_dag.py
[2024-05-03T17:21:55.970+0000] {processor.py:830} INFO - Processing file /home/airflow/.local/lib/python3.12/site-packages/airflow/example_dags/tutorial_dag.py for tasks to queue
[2024-05-03T17:21:55.971+0000] {logging_mixin.py:188} INFO - [2024-05-03T17:21:55.971+0000] {dagbag.py:540} INFO - Filling up the DagBag from /home/airflow/.local/lib/python3.12/site-packages/airflow/example_dags/tutorial_dag.py
[2024-05-03T17:21:55.974+0000] {processor.py:840} INFO - DAG(s) 'tutorial_dag' retrieved from /home/airflow/.local/lib/python3.12/site-packages/airflow/example_dags/tutorial_dag.py
[2024-05-03T17:21:55.984+0000] {logging_mixin.py:188} INFO - [2024-05-03T17:21:55.984+0000] {dag.py:3096} INFO - Sync 1 DAGs
[2024-05-03T17:21:55.990+0000] {logging_mixin.py:188} INFO - [2024-05-03T17:21:55.990+0000] {dag.py:3954} INFO - Setting next_dagrun for tutorial_dag to None, run_after=None
[2024-05-03T17:21:55.998+0000] {processor.py:183} INFO - Processing /home/airflow/.local/lib/python3.12/site-packages/airflow/example_dags/tutorial_dag.py took 0.032 seconds
[2024-05-03T17:22:26.161+0000] {processor.py:161} INFO - Started process (PID=5049) to work on /home/airflow/.local/lib/python3.12/site-packages/airflow/example_dags/tutorial_dag.py
[2024-05-03T17:22:26.162+0000] {processor.py:830} INFO - Processing file /home/airflow/.local/lib/python3.12/site-packages/airflow/example_dags/tutorial_dag.py for tasks to queue
[2024-05-03T17:22:26.163+0000] {logging_mixin.py:188} INFO - [2024-05-03T17:22:26.162+0000] {dagbag.py:540} INFO - Filling up the DagBag from /home/airflow/.local/lib/python3.12/site-packages/airflow/example_dags/tutorial_dag.py
[2024-05-03T17:22:26.166+0000] {processor.py:840} INFO - DAG(s) 'tutorial_dag' retrieved from /home/airflow/.local/lib/python3.12/site-packages/airflow/example_dags/tutorial_dag.py
[2024-05-03T17:22:26.176+0000] {logging_mixin.py:188} INFO - [2024-05-03T17:22:26.176+0000] {dag.py:3096} INFO - Sync 1 DAGs
[2024-05-03T17:22:26.182+0000] {logging_mixin.py:188} INFO - [2024-05-03T17:22:26.182+0000] {dag.py:3954} INFO - Setting next_dagrun for tutorial_dag to None, run_after=None
[2024-05-03T17:22:26.190+0000] {processor.py:183} INFO - Processing /home/airflow/.local/lib/python3.12/site-packages/airflow/example_dags/tutorial_dag.py took 0.032 seconds
[2024-05-03T17:22:56.367+0000] {processor.py:161} INFO - Started process (PID=5311) to work on /home/airflow/.local/lib/python3.12/site-packages/airflow/example_dags/tutorial_dag.py
[2024-05-03T17:22:56.367+0000] {processor.py:830} INFO - Processing file /home/airflow/.local/lib/python3.12/site-packages/airflow/example_dags/tutorial_dag.py for tasks to queue
[2024-05-03T17:22:56.368+0000] {logging_mixin.py:188} INFO - [2024-05-03T17:22:56.368+0000] {dagbag.py:540} INFO - Filling up the DagBag from /home/airflow/.local/lib/python3.12/site-packages/airflow/example_dags/tutorial_dag.py
[2024-05-03T17:22:56.372+0000] {processor.py:840} INFO - DAG(s) 'tutorial_dag' retrieved from /home/airflow/.local/lib/python3.12/site-packages/airflow/example_dags/tutorial_dag.py
[2024-05-03T17:22:56.382+0000] {logging_mixin.py:188} INFO - [2024-05-03T17:22:56.382+0000] {dag.py:3096} INFO - Sync 1 DAGs
[2024-05-03T17:22:56.388+0000] {logging_mixin.py:188} INFO - [2024-05-03T17:22:56.388+0000] {dag.py:3954} INFO - Setting next_dagrun for tutorial_dag to None, run_after=None
[2024-05-03T17:22:56.397+0000] {processor.py:183} INFO - Processing /home/airflow/.local/lib/python3.12/site-packages/airflow/example_dags/tutorial_dag.py took 0.033 seconds
[2024-05-03T17:23:26.508+0000] {processor.py:161} INFO - Started process (PID=5573) to work on /home/airflow/.local/lib/python3.12/site-packages/airflow/example_dags/tutorial_dag.py
[2024-05-03T17:23:26.509+0000] {processor.py:830} INFO - Processing file /home/airflow/.local/lib/python3.12/site-packages/airflow/example_dags/tutorial_dag.py for tasks to queue
[2024-05-03T17:23:26.510+0000] {logging_mixin.py:188} INFO - [2024-05-03T17:23:26.510+0000] {dagbag.py:540} INFO - Filling up the DagBag from /home/airflow/.local/lib/python3.12/site-packages/airflow/example_dags/tutorial_dag.py
[2024-05-03T17:23:26.514+0000] {processor.py:840} INFO - DAG(s) 'tutorial_dag' retrieved from /home/airflow/.local/lib/python3.12/site-packages/airflow/example_dags/tutorial_dag.py
[2024-05-03T17:23:26.524+0000] {logging_mixin.py:188} INFO - [2024-05-03T17:23:26.524+0000] {dag.py:3096} INFO - Sync 1 DAGs
[2024-05-03T17:23:26.530+0000] {logging_mixin.py:188} INFO - [2024-05-03T17:23:26.530+0000] {dag.py:3954} INFO - Setting next_dagrun for tutorial_dag to None, run_after=None
[2024-05-03T17:23:26.538+0000] {processor.py:183} INFO - Processing /home/airflow/.local/lib/python3.12/site-packages/airflow/example_dags/tutorial_dag.py took 0.033 seconds
[2024-05-03T17:23:56.746+0000] {processor.py:161} INFO - Started process (PID=5833) to work on /home/airflow/.local/lib/python3.12/site-packages/airflow/example_dags/tutorial_dag.py
[2024-05-03T17:23:56.747+0000] {processor.py:830} INFO - Processing file /home/airflow/.local/lib/python3.12/site-packages/airflow/example_dags/tutorial_dag.py for tasks to queue
[2024-05-03T17:23:56.748+0000] {logging_mixin.py:188} INFO - [2024-05-03T17:23:56.748+0000] {dagbag.py:540} INFO - Filling up the DagBag from /home/airflow/.local/lib/python3.12/site-packages/airflow/example_dags/tutorial_dag.py
[2024-05-03T17:23:56.751+0000] {processor.py:840} INFO - DAG(s) 'tutorial_dag' retrieved from /home/airflow/.local/lib/python3.12/site-packages/airflow/example_dags/tutorial_dag.py
[2024-05-03T17:23:56.761+0000] {logging_mixin.py:188} INFO - [2024-05-03T17:23:56.761+0000] {dag.py:3096} INFO - Sync 1 DAGs
[2024-05-03T17:23:56.767+0000] {logging_mixin.py:188} INFO - [2024-05-03T17:23:56.767+0000] {dag.py:3954} INFO - Setting next_dagrun for tutorial_dag to None, run_after=None
[2024-05-03T17:23:56.776+0000] {processor.py:183} INFO - Processing /home/airflow/.local/lib/python3.12/site-packages/airflow/example_dags/tutorial_dag.py took 0.033 seconds
[2024-05-03T17:24:27.023+0000] {processor.py:161} INFO - Started process (PID=6095) to work on /home/airflow/.local/lib/python3.12/site-packages/airflow/example_dags/tutorial_dag.py
[2024-05-03T17:24:27.023+0000] {processor.py:830} INFO - Processing file /home/airflow/.local/lib/python3.12/site-packages/airflow/example_dags/tutorial_dag.py for tasks to queue
[2024-05-03T17:24:27.025+0000] {logging_mixin.py:188} INFO - [2024-05-03T17:24:27.024+0000] {dagbag.py:540} INFO - Filling up the DagBag from /home/airflow/.local/lib/python3.12/site-packages/airflow/example_dags/tutorial_dag.py
[2024-05-03T17:24:27.028+0000] {processor.py:840} INFO - DAG(s) 'tutorial_dag' retrieved from /home/airflow/.local/lib/python3.12/site-packages/airflow/example_dags/tutorial_dag.py
[2024-05-03T17:24:27.039+0000] {logging_mixin.py:188} INFO - [2024-05-03T17:24:27.039+0000] {dag.py:3096} INFO - Sync 1 DAGs
[2024-05-03T17:24:27.045+0000] {logging_mixin.py:188} INFO - [2024-05-03T17:24:27.045+0000] {dag.py:3954} INFO - Setting next_dagrun for tutorial_dag to None, run_after=None
[2024-05-03T17:24:27.054+0000] {processor.py:183} INFO - Processing /home/airflow/.local/lib/python3.12/site-packages/airflow/example_dags/tutorial_dag.py took 0.034 seconds
[2024-05-03T17:24:57.396+0000] {processor.py:161} INFO - Started process (PID=6359) to work on /home/airflow/.local/lib/python3.12/site-packages/airflow/example_dags/tutorial_dag.py
[2024-05-03T17:24:57.397+0000] {processor.py:830} INFO - Processing file /home/airflow/.local/lib/python3.12/site-packages/airflow/example_dags/tutorial_dag.py for tasks to queue
[2024-05-03T17:24:57.398+0000] {logging_mixin.py:188} INFO - [2024-05-03T17:24:57.398+0000] {dagbag.py:540} INFO - Filling up the DagBag from /home/airflow/.local/lib/python3.12/site-packages/airflow/example_dags/tutorial_dag.py
[2024-05-03T17:24:57.401+0000] {processor.py:840} INFO - DAG(s) 'tutorial_dag' retrieved from /home/airflow/.local/lib/python3.12/site-packages/airflow/example_dags/tutorial_dag.py
[2024-05-03T17:24:57.412+0000] {logging_mixin.py:188} INFO - [2024-05-03T17:24:57.412+0000] {dag.py:3096} INFO - Sync 1 DAGs
[2024-05-03T17:24:57.418+0000] {logging_mixin.py:188} INFO - [2024-05-03T17:24:57.418+0000] {dag.py:3954} INFO - Setting next_dagrun for tutorial_dag to None, run_after=None
[2024-05-03T17:24:57.427+0000] {processor.py:183} INFO - Processing /home/airflow/.local/lib/python3.12/site-packages/airflow/example_dags/tutorial_dag.py took 0.034 seconds
[2024-05-03T17:25:27.597+0000] {processor.py:161} INFO - Started process (PID=6621) to work on /home/airflow/.local/lib/python3.12/site-packages/airflow/example_dags/tutorial_dag.py
[2024-05-03T17:25:27.598+0000] {processor.py:830} INFO - Processing file /home/airflow/.local/lib/python3.12/site-packages/airflow/example_dags/tutorial_dag.py for tasks to queue
[2024-05-03T17:25:27.599+0000] {logging_mixin.py:188} INFO - [2024-05-03T17:25:27.598+0000] {dagbag.py:540} INFO - Filling up the DagBag from /home/airflow/.local/lib/python3.12/site-packages/airflow/example_dags/tutorial_dag.py
[2024-05-03T17:25:27.602+0000] {processor.py:840} INFO - DAG(s) 'tutorial_dag' retrieved from /home/airflow/.local/lib/python3.12/site-packages/airflow/example_dags/tutorial_dag.py
[2024-05-03T17:25:27.613+0000] {logging_mixin.py:188} INFO - [2024-05-03T17:25:27.612+0000] {dag.py:3096} INFO - Sync 1 DAGs
[2024-05-03T17:25:27.618+0000] {logging_mixin.py:188} INFO - [2024-05-03T17:25:27.618+0000] {dag.py:3954} INFO - Setting next_dagrun for tutorial_dag to None, run_after=None
[2024-05-03T17:25:27.627+0000] {processor.py:183} INFO - Processing /home/airflow/.local/lib/python3.12/site-packages/airflow/example_dags/tutorial_dag.py took 0.033 seconds
[2024-05-03T17:25:57.821+0000] {processor.py:161} INFO - Started process (PID=6883) to work on /home/airflow/.local/lib/python3.12/site-packages/airflow/example_dags/tutorial_dag.py
[2024-05-03T17:25:57.822+0000] {processor.py:830} INFO - Processing file /home/airflow/.local/lib/python3.12/site-packages/airflow/example_dags/tutorial_dag.py for tasks to queue
[2024-05-03T17:25:57.823+0000] {logging_mixin.py:188} INFO - [2024-05-03T17:25:57.823+0000] {dagbag.py:540} INFO - Filling up the DagBag from /home/airflow/.local/lib/python3.12/site-packages/airflow/example_dags/tutorial_dag.py
[2024-05-03T17:25:57.826+0000] {processor.py:840} INFO - DAG(s) 'tutorial_dag' retrieved from /home/airflow/.local/lib/python3.12/site-packages/airflow/example_dags/tutorial_dag.py
[2024-05-03T17:25:57.837+0000] {logging_mixin.py:188} INFO - [2024-05-03T17:25:57.837+0000] {dag.py:3096} INFO - Sync 1 DAGs
[2024-05-03T17:25:57.843+0000] {logging_mixin.py:188} INFO - [2024-05-03T17:25:57.843+0000] {dag.py:3954} INFO - Setting next_dagrun for tutorial_dag to None, run_after=None
[2024-05-03T17:25:57.852+0000] {processor.py:183} INFO - Processing /home/airflow/.local/lib/python3.12/site-packages/airflow/example_dags/tutorial_dag.py took 0.034 seconds
[2024-05-03T17:26:28.494+0000] {processor.py:161} INFO - Started process (PID=7143) to work on /home/airflow/.local/lib/python3.12/site-packages/airflow/example_dags/tutorial_dag.py
[2024-05-03T17:26:28.494+0000] {processor.py:830} INFO - Processing file /home/airflow/.local/lib/python3.12/site-packages/airflow/example_dags/tutorial_dag.py for tasks to queue
[2024-05-03T17:26:28.495+0000] {logging_mixin.py:188} INFO - [2024-05-03T17:26:28.495+0000] {dagbag.py:540} INFO - Filling up the DagBag from /home/airflow/.local/lib/python3.12/site-packages/airflow/example_dags/tutorial_dag.py
[2024-05-03T17:26:28.498+0000] {processor.py:840} INFO - DAG(s) 'tutorial_dag' retrieved from /home/airflow/.local/lib/python3.12/site-packages/airflow/example_dags/tutorial_dag.py
[2024-05-03T17:26:28.508+0000] {logging_mixin.py:188} INFO - [2024-05-03T17:26:28.508+0000] {dag.py:3096} INFO - Sync 1 DAGs
[2024-05-03T17:26:28.514+0000] {logging_mixin.py:188} INFO - [2024-05-03T17:26:28.514+0000] {dag.py:3954} INFO - Setting next_dagrun for tutorial_dag to None, run_after=None
[2024-05-03T17:26:28.523+0000] {processor.py:183} INFO - Processing /home/airflow/.local/lib/python3.12/site-packages/airflow/example_dags/tutorial_dag.py took 0.032 seconds
[2024-05-03T17:26:58.916+0000] {processor.py:161} INFO - Started process (PID=7405) to work on /home/airflow/.local/lib/python3.12/site-packages/airflow/example_dags/tutorial_dag.py
[2024-05-03T17:26:58.916+0000] {processor.py:830} INFO - Processing file /home/airflow/.local/lib/python3.12/site-packages/airflow/example_dags/tutorial_dag.py for tasks to queue
[2024-05-03T17:26:58.918+0000] {logging_mixin.py:188} INFO - [2024-05-03T17:26:58.917+0000] {dagbag.py:540} INFO - Filling up the DagBag from /home/airflow/.local/lib/python3.12/site-packages/airflow/example_dags/tutorial_dag.py
[2024-05-03T17:26:58.920+0000] {processor.py:840} INFO - DAG(s) 'tutorial_dag' retrieved from /home/airflow/.local/lib/python3.12/site-packages/airflow/example_dags/tutorial_dag.py
[2024-05-03T17:26:58.931+0000] {logging_mixin.py:188} INFO - [2024-05-03T17:26:58.931+0000] {dag.py:3096} INFO - Sync 1 DAGs
[2024-05-03T17:26:58.937+0000] {logging_mixin.py:188} INFO - [2024-05-03T17:26:58.937+0000] {dag.py:3954} INFO - Setting next_dagrun for tutorial_dag to None, run_after=None
[2024-05-03T17:26:58.946+0000] {processor.py:183} INFO - Processing /home/airflow/.local/lib/python3.12/site-packages/airflow/example_dags/tutorial_dag.py took 0.033 seconds
