[2024-05-16T11:19:50.645+0000] {local_task_job_runner.py:120} INFO - ::group::Pre task execution logs
[2024-05-16T11:19:50.669+0000] {taskinstance.py:2073} INFO - Dependencies all met for dep_context=non-requeueable deps ti=<TaskInstance: dag_tables.import_table3 scheduled__2024-05-11T00:00:00+00:00 [queued]>
[2024-05-16T11:19:50.674+0000] {taskinstance.py:2073} INFO - Dependencies all met for dep_context=requeueable deps ti=<TaskInstance: dag_tables.import_table3 scheduled__2024-05-11T00:00:00+00:00 [queued]>
[2024-05-16T11:19:50.675+0000] {taskinstance.py:2303} INFO - Starting attempt 1 of 6
[2024-05-16T11:19:50.695+0000] {taskinstance.py:2327} INFO - Executing <Task(BashOperator): import_table3> on 2024-05-11 00:00:00+00:00
[2024-05-16T11:19:50.702+0000] {logging_mixin.py:188} WARNING - /home/***/.local/lib/python3.12/site-packages/***/task/task_runner/standard_task_runner.py:61 DeprecationWarning: This process (pid=325) is multi-threaded, use of fork() may lead to deadlocks in the child.
[2024-05-16T11:19:50.705+0000] {standard_task_runner.py:63} INFO - Started process 340 to run task
[2024-05-16T11:19:50.703+0000] {standard_task_runner.py:90} INFO - Running: ['***', 'tasks', 'run', 'dag_tables', 'import_table3', 'scheduled__2024-05-11T00:00:00+00:00', '--job-id', '419', '--raw', '--subdir', 'DAGS_FOLDER/dag_mysql.py', '--cfg-path', '/tmp/tmpuj4bt5_d']
[2024-05-16T11:19:50.711+0000] {standard_task_runner.py:91} INFO - Job 419: Subtask import_table3
[2024-05-16T11:19:50.764+0000] {task_command.py:426} INFO - Running <TaskInstance: dag_tables.import_table3 scheduled__2024-05-11T00:00:00+00:00 [running]> on host 7084a6d88d3b
[2024-05-16T11:19:50.863+0000] {taskinstance.py:2644} INFO - Exporting env vars: AIRFLOW_CTX_DAG_OWNER='bses' AIRFLOW_CTX_DAG_ID='dag_tables' AIRFLOW_CTX_TASK_ID='import_table3' AIRFLOW_CTX_EXECUTION_DATE='2024-05-11T00:00:00+00:00' AIRFLOW_CTX_TRY_NUMBER='1' AIRFLOW_CTX_DAG_RUN_ID='scheduled__2024-05-11T00:00:00+00:00'
[2024-05-16T11:19:50.867+0000] {taskinstance.py:430} INFO - ::endgroup::
[2024-05-16T11:19:50.877+0000] {subprocess.py:63} INFO - Tmp dir root location: /tmp
[2024-05-16T11:19:50.880+0000] {subprocess.py:75} INFO - Running command: ['/usr/bin/bash', '-c', '\n                mysql -h host.docker.internal -u root --password=12345678 test < /opt/***/dags/product_category_map.sql;\n                ']
[2024-05-16T11:19:50.892+0000] {subprocess.py:86} INFO - Output:
[2024-05-16T11:19:50.988+0000] {subprocess.py:97} INFO - Command exited with return code 0
[2024-05-16T11:19:50.989+0000] {taskinstance.py:441} INFO - ::group::Post task execution logs
[2024-05-16T11:19:51.026+0000] {taskinstance.py:1205} INFO - Marking task as SUCCESS. dag_id=dag_tables, task_id=import_table3, execution_date=20240511T000000, start_date=20240516T111950, end_date=20240516T111951
[2024-05-16T11:19:51.054+0000] {local_task_job_runner.py:240} INFO - Task exited with return code 0
[2024-05-16T11:19:51.090+0000] {taskinstance.py:3482} INFO - 1 downstream tasks scheduled from follow-on schedule check
[2024-05-16T11:19:51.094+0000] {local_task_job_runner.py:222} INFO - ::endgroup::
