[2024-05-16T11:14:22.049+0000] {local_task_job_runner.py:120} INFO - ::group::Pre task execution logs
[2024-05-16T11:14:22.080+0000] {taskinstance.py:2073} INFO - Dependencies all met for dep_context=non-requeueable deps ti=<TaskInstance: dag_tables.import_tables scheduled__2024-05-01T00:00:00+00:00 [queued]>
[2024-05-16T11:14:22.088+0000] {taskinstance.py:2073} INFO - Dependencies all met for dep_context=requeueable deps ti=<TaskInstance: dag_tables.import_tables scheduled__2024-05-01T00:00:00+00:00 [queued]>
[2024-05-16T11:14:22.089+0000] {taskinstance.py:2303} INFO - Starting attempt 1 of 6
[2024-05-16T11:14:22.100+0000] {taskinstance.py:2327} INFO - Executing <Task(BashOperator): import_tables> on 2024-05-01 00:00:00+00:00
[2024-05-16T11:14:22.108+0000] {logging_mixin.py:188} WARNING - /home/***/.local/lib/python3.12/site-packages/***/task/task_runner/standard_task_runner.py:61 DeprecationWarning: This process (pid=6411) is multi-threaded, use of fork() may lead to deadlocks in the child.
[2024-05-16T11:14:22.114+0000] {standard_task_runner.py:63} INFO - Started process 6417 to run task
[2024-05-16T11:14:22.109+0000] {standard_task_runner.py:90} INFO - Running: ['***', 'tasks', 'run', 'dag_tables', 'import_tables', 'scheduled__2024-05-01T00:00:00+00:00', '--job-id', '347', '--raw', '--subdir', 'DAGS_FOLDER/dag_mysql.py', '--cfg-path', '/tmp/tmpsacenlzx']
[2024-05-16T11:14:22.116+0000] {standard_task_runner.py:91} INFO - Job 347: Subtask import_tables
[2024-05-16T11:14:22.191+0000] {task_command.py:426} INFO - Running <TaskInstance: dag_tables.import_tables scheduled__2024-05-01T00:00:00+00:00 [running]> on host 8b94fd4f2665
[2024-05-16T11:14:22.325+0000] {taskinstance.py:2644} INFO - Exporting env vars: AIRFLOW_CTX_DAG_OWNER='bses' AIRFLOW_CTX_DAG_ID='dag_tables' AIRFLOW_CTX_TASK_ID='import_tables' AIRFLOW_CTX_EXECUTION_DATE='2024-05-01T00:00:00+00:00' AIRFLOW_CTX_TRY_NUMBER='1' AIRFLOW_CTX_DAG_RUN_ID='scheduled__2024-05-01T00:00:00+00:00'
[2024-05-16T11:14:22.329+0000] {taskinstance.py:430} INFO - ::endgroup::
[2024-05-16T11:14:22.355+0000] {subprocess.py:63} INFO - Tmp dir root location: /tmp
[2024-05-16T11:14:22.374+0000] {subprocess.py:75} INFO - Running command: ['/usr/bin/bash', '-c', '\n            mysql -h host.docker.internal -u root --password=12345678 test < /opt/***/dags/products.sql;\n            mysql -h host.docker.internal -u root --password=12345678 test < /opt/***/dags/product_category.sql;\n            mysql -h host.docker.internal -u root --password=12345678 test < /opt/***/dags/product_category_map.sql;\n            mysql -h host.docker.internal -u root --password=12345678 test < /opt/***/dags/report_table.sql;\n            mysql -h host.docker.internal -u root --password=12345678 test < /opt/***/dags/rw_transaction_data.sql;\n            ']
[2024-05-16T11:14:22.399+0000] {subprocess.py:86} INFO - Output:
[2024-05-16T11:14:23.379+0000] {subprocess.py:93} INFO - ERROR 1100 (HY000) at line 59: Table 'rw_transaction_500_demo' was not locked with LOCK TABLES
[2024-05-16T11:14:23.385+0000] {subprocess.py:97} INFO - Command exited with return code 1
[2024-05-16T11:14:23.392+0000] {taskinstance.py:441} INFO - ::group::Post task execution logs
[2024-05-16T11:14:23.443+0000] {taskinstance.py:2890} ERROR - Task failed with exception
Traceback (most recent call last):
  File "/home/airflow/.local/lib/python3.12/site-packages/airflow/models/taskinstance.py", line 465, in _execute_task
    result = _execute_callable(context=context, **execute_callable_kwargs)
             ^^^^^^^^^^^^^^^^^^^^^^^^^^^^^^^^^^^^^^^^^^^^^^^^^^^^^^^^^^^^^
  File "/home/airflow/.local/lib/python3.12/site-packages/airflow/models/taskinstance.py", line 432, in _execute_callable
    return execute_callable(context=context, **execute_callable_kwargs)
           ^^^^^^^^^^^^^^^^^^^^^^^^^^^^^^^^^^^^^^^^^^^^^^^^^^^^^^^^^^^^
  File "/home/airflow/.local/lib/python3.12/site-packages/airflow/models/baseoperator.py", line 400, in wrapper
    return func(self, *args, **kwargs)
           ^^^^^^^^^^^^^^^^^^^^^^^^^^^
  File "/home/airflow/.local/lib/python3.12/site-packages/airflow/operators/bash.py", line 243, in execute
    raise AirflowException(
airflow.exceptions.AirflowException: Bash command failed. The command returned a non-zero exit code 1.
[2024-05-16T11:14:23.454+0000] {taskinstance.py:1205} INFO - Marking task as UP_FOR_RETRY. dag_id=dag_tables, task_id=import_tables, execution_date=20240501T000000, start_date=20240516T111422, end_date=20240516T111423
[2024-05-16T11:14:23.501+0000] {standard_task_runner.py:110} ERROR - Failed to execute job 347 for task import_tables (Bash command failed. The command returned a non-zero exit code 1.; 6417)
[2024-05-16T11:14:23.518+0000] {local_task_job_runner.py:240} INFO - Task exited with return code 1
[2024-05-16T11:14:23.536+0000] {taskinstance.py:3482} INFO - 0 downstream tasks scheduled from follow-on schedule check
[2024-05-16T11:14:23.553+0000] {local_task_job_runner.py:222} INFO - ::endgroup::
[2024-05-16T11:15:43.666+0000] {local_task_job_runner.py:120} INFO - ::group::Pre task execution logs
[2024-05-16T11:15:43.690+0000] {taskinstance.py:2073} INFO - Dependencies all met for dep_context=non-requeueable deps ti=<TaskInstance: dag_tables.import_tables scheduled__2024-05-01T00:00:00+00:00 [queued]>
[2024-05-16T11:15:43.697+0000] {taskinstance.py:2073} INFO - Dependencies all met for dep_context=requeueable deps ti=<TaskInstance: dag_tables.import_tables scheduled__2024-05-01T00:00:00+00:00 [queued]>
[2024-05-16T11:15:43.698+0000] {taskinstance.py:2303} INFO - Starting attempt 1 of 6
[2024-05-16T11:15:43.707+0000] {taskinstance.py:2327} INFO - Executing <Task(BashOperator): import_tables> on 2024-05-01 00:00:00+00:00
[2024-05-16T11:15:43.713+0000] {standard_task_runner.py:90} INFO - Running: ['***', 'tasks', 'run', 'dag_tables', 'import_tables', 'scheduled__2024-05-01T00:00:00+00:00', '--job-id', '362', '--raw', '--subdir', 'DAGS_FOLDER/dag_mysql.py', '--cfg-path', '/tmp/tmp5xe7pcx7']
[2024-05-16T11:15:43.715+0000] {logging_mixin.py:188} WARNING - /home/***/.local/lib/python3.12/site-packages/***/task/task_runner/standard_task_runner.py:61 DeprecationWarning: This process (pid=6561) is multi-threaded, use of fork() may lead to deadlocks in the child.
[2024-05-16T11:15:43.716+0000] {standard_task_runner.py:91} INFO - Job 362: Subtask import_tables
[2024-05-16T11:15:43.717+0000] {standard_task_runner.py:63} INFO - Started process 6566 to run task
[2024-05-16T11:15:43.769+0000] {task_command.py:426} INFO - Running <TaskInstance: dag_tables.import_tables scheduled__2024-05-01T00:00:00+00:00 [running]> on host 8b94fd4f2665
[2024-05-16T11:15:43.853+0000] {taskinstance.py:2644} INFO - Exporting env vars: AIRFLOW_CTX_DAG_OWNER='bses' AIRFLOW_CTX_DAG_ID='dag_tables' AIRFLOW_CTX_TASK_ID='import_tables' AIRFLOW_CTX_EXECUTION_DATE='2024-05-01T00:00:00+00:00' AIRFLOW_CTX_TRY_NUMBER='1' AIRFLOW_CTX_DAG_RUN_ID='scheduled__2024-05-01T00:00:00+00:00'
[2024-05-16T11:15:43.854+0000] {taskinstance.py:430} INFO - ::endgroup::
[2024-05-16T11:15:43.874+0000] {subprocess.py:63} INFO - Tmp dir root location: /tmp
[2024-05-16T11:15:43.878+0000] {subprocess.py:75} INFO - Running command: ['/usr/bin/bash', '-c', '\n            mysql -h host.docker.internal -u root --password=12345678 test < /opt/***/dags/products.sql;\n            mysql -h host.docker.internal -u root --password=12345678 test < /opt/***/dags/product_category.sql;\n            mysql -h host.docker.internal -u root --password=12345678 test < /opt/***/dags/product_category_map.sql;\n            mysql -h host.docker.internal -u root --password=12345678 test < /opt/***/dags/report_table.sql;\n            mysql -h host.docker.internal -u root --password=12345678 test < /opt/***/dags/rw_transaction_data.sql;\n            ']
[2024-05-16T11:15:43.894+0000] {subprocess.py:86} INFO - Output:
[2024-05-16T11:15:44.463+0000] {subprocess.py:93} INFO - ERROR 1050 (42S01) at line 8: Table 'customer_profile' already exists
[2024-05-16T11:15:44.955+0000] {subprocess.py:93} INFO - ERROR 1146 (42S02) at line 56: Table 'test.rw_transaction_data' doesn't exist
[2024-05-16T11:15:44.959+0000] {subprocess.py:97} INFO - Command exited with return code 1
[2024-05-16T11:15:44.961+0000] {taskinstance.py:441} INFO - ::group::Post task execution logs
[2024-05-16T11:15:44.972+0000] {taskinstance.py:2890} ERROR - Task failed with exception
Traceback (most recent call last):
  File "/home/airflow/.local/lib/python3.12/site-packages/airflow/models/taskinstance.py", line 465, in _execute_task
    result = _execute_callable(context=context, **execute_callable_kwargs)
             ^^^^^^^^^^^^^^^^^^^^^^^^^^^^^^^^^^^^^^^^^^^^^^^^^^^^^^^^^^^^^
  File "/home/airflow/.local/lib/python3.12/site-packages/airflow/models/taskinstance.py", line 432, in _execute_callable
    return execute_callable(context=context, **execute_callable_kwargs)
           ^^^^^^^^^^^^^^^^^^^^^^^^^^^^^^^^^^^^^^^^^^^^^^^^^^^^^^^^^^^^
  File "/home/airflow/.local/lib/python3.12/site-packages/airflow/models/baseoperator.py", line 400, in wrapper
    return func(self, *args, **kwargs)
           ^^^^^^^^^^^^^^^^^^^^^^^^^^^
  File "/home/airflow/.local/lib/python3.12/site-packages/airflow/operators/bash.py", line 243, in execute
    raise AirflowException(
airflow.exceptions.AirflowException: Bash command failed. The command returned a non-zero exit code 1.
[2024-05-16T11:15:44.977+0000] {taskinstance.py:1205} INFO - Marking task as UP_FOR_RETRY. dag_id=dag_tables, task_id=import_tables, execution_date=20240501T000000, start_date=20240516T111543, end_date=20240516T111544
[2024-05-16T11:15:44.999+0000] {standard_task_runner.py:110} ERROR - Failed to execute job 362 for task import_tables (Bash command failed. The command returned a non-zero exit code 1.; 6566)
[2024-05-16T11:15:45.033+0000] {local_task_job_runner.py:240} INFO - Task exited with return code 1
[2024-05-16T11:15:45.062+0000] {taskinstance.py:3482} INFO - 0 downstream tasks scheduled from follow-on schedule check
[2024-05-16T11:15:45.064+0000] {local_task_job_runner.py:222} INFO - ::endgroup::
