[2024-05-19T03:33:58.371+0000] {local_task_job_runner.py:120} INFO - ::group::Pre task execution logs
[2024-05-19T03:33:58.384+0000] {taskinstance.py:2073} INFO - Dependencies all met for dep_context=non-requeueable deps ti=<TaskInstance: dag_analysis.connect manual__2024-05-19T03:27:47.056889+00:00 [queued]>
[2024-05-19T03:33:58.387+0000] {taskinstance.py:2073} INFO - Dependencies all met for dep_context=requeueable deps ti=<TaskInstance: dag_analysis.connect manual__2024-05-19T03:27:47.056889+00:00 [queued]>
[2024-05-19T03:33:58.388+0000] {taskinstance.py:2303} INFO - Starting attempt 3 of 8
[2024-05-19T03:33:58.393+0000] {taskinstance.py:2327} INFO - Executing <Task(PythonOperator): connect> on 2024-05-19 03:27:47.056889+00:00
[2024-05-19T03:33:58.397+0000] {logging_mixin.py:188} WARNING - /home/***/.local/lib/python3.12/site-packages/***/task/task_runner/standard_task_runner.py:61 DeprecationWarning: This process (pid=875) is multi-threaded, use of fork() may lead to deadlocks in the child.
[2024-05-19T03:33:58.398+0000] {standard_task_runner.py:90} INFO - Running: ['***', 'tasks', 'run', 'dag_analysis', 'connect', 'manual__2024-05-19T03:27:47.056889+00:00', '--job-id', '614', '--raw', '--subdir', 'DAGS_FOLDER/dag1.py', '--cfg-path', '/tmp/tmpwzfybjvv']
[2024-05-19T03:33:58.399+0000] {standard_task_runner.py:63} INFO - Started process 877 to run task
[2024-05-19T03:33:58.399+0000] {standard_task_runner.py:91} INFO - Job 614: Subtask connect
[2024-05-19T03:33:58.420+0000] {task_command.py:426} INFO - Running <TaskInstance: dag_analysis.connect manual__2024-05-19T03:27:47.056889+00:00 [running]> on host cf8d95dc7aa1
[2024-05-19T03:33:58.457+0000] {taskinstance.py:2644} INFO - Exporting env vars: AIRFLOW_CTX_DAG_OWNER='bses' AIRFLOW_CTX_DAG_ID='dag_analysis' AIRFLOW_CTX_TASK_ID='connect' AIRFLOW_CTX_EXECUTION_DATE='2024-05-19T03:27:47.056889+00:00' AIRFLOW_CTX_TRY_NUMBER='3' AIRFLOW_CTX_DAG_RUN_ID='manual__2024-05-19T03:27:47.056889+00:00'
[2024-05-19T03:33:58.458+0000] {taskinstance.py:430} INFO - ::endgroup::
[2024-05-19T03:33:58.514+0000] {logging_mixin.py:188} WARNING - /opt/***/dags/dag1.py:15 UserWarning: pandas only supports SQLAlchemy connectable (engine/connection) or database string URI or sqlite3 DBAPI2 connection. Other DBAPI2 objects are not tested. Please consider using SQLAlchemy.
[2024-05-19T03:33:58.563+0000] {logging_mixin.py:188} WARNING - /opt/***/dags/dag1.py:17 UserWarning: pandas only supports SQLAlchemy connectable (engine/connection) or database string URI or sqlite3 DBAPI2 connection. Other DBAPI2 objects are not tested. Please consider using SQLAlchemy.
[2024-05-19T03:33:58.566+0000] {logging_mixin.py:188} WARNING - /opt/***/dags/dag1.py:19 UserWarning: pandas only supports SQLAlchemy connectable (engine/connection) or database string URI or sqlite3 DBAPI2 connection. Other DBAPI2 objects are not tested. Please consider using SQLAlchemy.
[2024-05-19T03:33:58.570+0000] {logging_mixin.py:188} WARNING - /opt/***/dags/dag1.py:21 UserWarning: pandas only supports SQLAlchemy connectable (engine/connection) or database string URI or sqlite3 DBAPI2 connection. Other DBAPI2 objects are not tested. Please consider using SQLAlchemy.
[2024-05-19T03:33:58.572+0000] {logging_mixin.py:188} WARNING - /opt/***/dags/dag1.py:23 UserWarning: pandas only supports SQLAlchemy connectable (engine/connection) or database string URI or sqlite3 DBAPI2 connection. Other DBAPI2 objects are not tested. Please consider using SQLAlchemy.
[2024-05-19T03:33:58.582+0000] {python.py:237} INFO - Done. Returned value was:           txn_id last_modified_date  ... product_category_id     txn_flow
0      660612529         2023-03-29  ...                 NaN  Value Chain
1      660612529         2023-03-29  ...                14.0  Value Chain
2      666436001         2022-12-01  ...                 NaN  Value Chain
3      666436001         2022-12-01  ...                14.0  Value Chain
4      666436068         2022-12-01  ...                 NaN  Value Chain
...          ...                ...  ...                 ...          ...
10775  693421752         2023-01-05  ...                17.0  Value Chain
10776  693442704         2023-01-05  ...                26.0  Value Chain
10777  693638801         2023-01-05  ...                17.0  Value Chain
10778  693813774         2023-01-06  ...                17.0  Value Chain
10779  693893736         2023-01-06  ...                17.0  Value Chain

[10780 rows x 19 columns]
[2024-05-19T03:33:58.593+0000] {taskinstance.py:441} INFO - ::group::Post task execution logs
[2024-05-19T03:33:58.662+0000] {taskinstance.py:1205} INFO - Marking task as SUCCESS. dag_id=dag_analysis, task_id=connect, execution_date=20240519T032747, start_date=20240519T033358, end_date=20240519T033358
[2024-05-19T03:33:58.707+0000] {local_task_job_runner.py:240} INFO - Task exited with return code 0
[2024-05-19T03:33:58.719+0000] {taskinstance.py:3482} INFO - 1 downstream tasks scheduled from follow-on schedule check
[2024-05-19T03:33:58.720+0000] {local_task_job_runner.py:222} INFO - ::endgroup::
