[2024-05-15T10:15:43.172+0000] {local_task_job_runner.py:120} INFO - ::group::Pre task execution logs
[2024-05-15T10:15:43.203+0000] {taskinstance.py:2073} INFO - Dependencies all met for dep_context=non-requeueable deps ti=<TaskInstance: dag_hdfs.save scheduled__2024-05-09T00:00:00+00:00 [queued]>
[2024-05-15T10:15:43.214+0000] {taskinstance.py:2073} INFO - Dependencies all met for dep_context=requeueable deps ti=<TaskInstance: dag_hdfs.save scheduled__2024-05-09T00:00:00+00:00 [queued]>
[2024-05-15T10:15:43.215+0000] {taskinstance.py:2303} INFO - Starting attempt 1 of 6
[2024-05-15T10:15:43.238+0000] {taskinstance.py:2327} INFO - Executing <Task(PythonOperator): save> on 2024-05-09 00:00:00+00:00
[2024-05-15T10:15:43.253+0000] {standard_task_runner.py:90} INFO - Running: ['***', 'tasks', 'run', 'dag_hdfs', 'save', 'scheduled__2024-05-09T00:00:00+00:00', '--job-id', '148', '--raw', '--subdir', 'DAGS_FOLDER/hdfs_dag.py', '--cfg-path', '/tmp/tmpczj2n141']
[2024-05-15T10:15:43.257+0000] {standard_task_runner.py:91} INFO - Job 148: Subtask save
[2024-05-15T10:15:43.253+0000] {logging_mixin.py:188} WARNING - /home/***/.local/lib/python3.12/site-packages/***/task/task_runner/standard_task_runner.py:61 DeprecationWarning: This process (pid=233) is multi-threaded, use of fork() may lead to deadlocks in the child.
[2024-05-15T10:15:43.281+0000] {standard_task_runner.py:63} INFO - Started process 257 to run task
[2024-05-15T10:15:43.354+0000] {task_command.py:426} INFO - Running <TaskInstance: dag_hdfs.save scheduled__2024-05-09T00:00:00+00:00 [running]> on host f85b7a0b58b5
[2024-05-15T10:15:43.454+0000] {taskinstance.py:2644} INFO - Exporting env vars: AIRFLOW_CTX_DAG_OWNER='bses' AIRFLOW_CTX_DAG_ID='dag_hdfs' AIRFLOW_CTX_TASK_ID='save' AIRFLOW_CTX_EXECUTION_DATE='2024-05-09T00:00:00+00:00' AIRFLOW_CTX_TRY_NUMBER='1' AIRFLOW_CTX_DAG_RUN_ID='scheduled__2024-05-09T00:00:00+00:00'
[2024-05-15T10:15:43.455+0000] {taskinstance.py:430} INFO - ::endgroup::
[2024-05-15T10:15:43.472+0000] {logging_mixin.py:188} INFO - Error  /bin/sh: 1: hdfs: Permission denied
[2024-05-15T10:15:43.475+0000] {python.py:237} INFO - Done. Returned value was: None
[2024-05-15T10:15:43.482+0000] {taskinstance.py:441} INFO - ::group::Post task execution logs
[2024-05-15T10:15:43.508+0000] {taskinstance.py:1205} INFO - Marking task as SUCCESS. dag_id=dag_hdfs, task_id=save, execution_date=20240509T000000, start_date=20240515T101543, end_date=20240515T101543
[2024-05-15T10:15:43.553+0000] {local_task_job_runner.py:240} INFO - Task exited with return code 0
[2024-05-15T10:15:43.755+0000] {taskinstance.py:3482} INFO - 0 downstream tasks scheduled from follow-on schedule check
[2024-05-15T10:15:43.790+0000] {local_task_job_runner.py:222} INFO - ::endgroup::
[2024-05-15T10:20:36.130+0000] {local_task_job_runner.py:120} INFO - ::group::Pre task execution logs
[2024-05-15T10:20:36.193+0000] {taskinstance.py:2073} INFO - Dependencies all met for dep_context=non-requeueable deps ti=<TaskInstance: dag_hdfs.save scheduled__2024-05-09T00:00:00+00:00 [queued]>
[2024-05-15T10:20:36.215+0000] {taskinstance.py:2073} INFO - Dependencies all met for dep_context=requeueable deps ti=<TaskInstance: dag_hdfs.save scheduled__2024-05-09T00:00:00+00:00 [queued]>
[2024-05-15T10:20:36.221+0000] {taskinstance.py:2303} INFO - Starting attempt 1 of 6
[2024-05-15T10:20:36.239+0000] {taskinstance.py:2327} INFO - Executing <Task(BashOperator): save> on 2024-05-09 00:00:00+00:00
[2024-05-15T10:20:36.245+0000] {logging_mixin.py:188} WARNING - /home/***/.local/lib/python3.12/site-packages/***/task/task_runner/standard_task_runner.py:61 DeprecationWarning: This process (pid=511) is multi-threaded, use of fork() may lead to deadlocks in the child.
[2024-05-15T10:20:36.252+0000] {standard_task_runner.py:63} INFO - Started process 537 to run task
[2024-05-15T10:20:36.247+0000] {standard_task_runner.py:90} INFO - Running: ['***', 'tasks', 'run', 'dag_hdfs', 'save', 'scheduled__2024-05-09T00:00:00+00:00', '--job-id', '178', '--raw', '--subdir', 'DAGS_FOLDER/hdfs_dag.py', '--cfg-path', '/tmp/tmp3he79yqm']
[2024-05-15T10:20:36.262+0000] {standard_task_runner.py:91} INFO - Job 178: Subtask save
[2024-05-15T10:20:36.317+0000] {task_command.py:426} INFO - Running <TaskInstance: dag_hdfs.save scheduled__2024-05-09T00:00:00+00:00 [running]> on host f85b7a0b58b5
[2024-05-15T10:20:36.384+0000] {taskinstance.py:2644} INFO - Exporting env vars: AIRFLOW_CTX_DAG_OWNER='bses' AIRFLOW_CTX_DAG_ID='dag_hdfs' AIRFLOW_CTX_TASK_ID='save' AIRFLOW_CTX_EXECUTION_DATE='2024-05-09T00:00:00+00:00' AIRFLOW_CTX_TRY_NUMBER='1' AIRFLOW_CTX_DAG_RUN_ID='scheduled__2024-05-09T00:00:00+00:00'
[2024-05-15T10:20:36.386+0000] {taskinstance.py:430} INFO - ::endgroup::
[2024-05-15T10:20:36.394+0000] {subprocess.py:63} INFO - Tmp dir root location: /tmp
[2024-05-15T10:20:36.395+0000] {subprocess.py:75} INFO - Running command: ['/usr/bin/bash', '-c', 'hdfs dfs -mkdir /tmp']
[2024-05-15T10:20:36.400+0000] {subprocess.py:86} INFO - Output:
[2024-05-15T10:20:36.401+0000] {subprocess.py:93} INFO - /usr/bin/bash: line 1: hdfs: command not found
[2024-05-15T10:20:36.402+0000] {subprocess.py:97} INFO - Command exited with return code 127
[2024-05-15T10:20:36.403+0000] {taskinstance.py:441} INFO - ::group::Post task execution logs
[2024-05-15T10:20:36.414+0000] {taskinstance.py:2890} ERROR - Task failed with exception
Traceback (most recent call last):
  File "/home/airflow/.local/lib/python3.12/site-packages/airflow/models/taskinstance.py", line 465, in _execute_task
    result = _execute_callable(context=context, **execute_callable_kwargs)
             ^^^^^^^^^^^^^^^^^^^^^^^^^^^^^^^^^^^^^^^^^^^^^^^^^^^^^^^^^^^^^
  File "/home/airflow/.local/lib/python3.12/site-packages/airflow/models/taskinstance.py", line 432, in _execute_callable
    return execute_callable(context=context, **execute_callable_kwargs)
           ^^^^^^^^^^^^^^^^^^^^^^^^^^^^^^^^^^^^^^^^^^^^^^^^^^^^^^^^^^^^
  File "/home/airflow/.local/lib/python3.12/site-packages/airflow/models/baseoperator.py", line 400, in wrapper
    return func(self, *args, **kwargs)
           ^^^^^^^^^^^^^^^^^^^^^^^^^^^
  File "/home/airflow/.local/lib/python3.12/site-packages/airflow/operators/bash.py", line 243, in execute
    raise AirflowException(
airflow.exceptions.AirflowException: Bash command failed. The command returned a non-zero exit code 127.
[2024-05-15T10:20:36.416+0000] {taskinstance.py:1205} INFO - Marking task as UP_FOR_RETRY. dag_id=dag_hdfs, task_id=save, execution_date=20240509T000000, start_date=20240515T102036, end_date=20240515T102036
[2024-05-15T10:20:36.425+0000] {standard_task_runner.py:110} ERROR - Failed to execute job 178 for task save (Bash command failed. The command returned a non-zero exit code 127.; 537)
[2024-05-15T10:20:36.443+0000] {local_task_job_runner.py:240} INFO - Task exited with return code 1
[2024-05-15T10:20:36.454+0000] {taskinstance.py:3482} INFO - 0 downstream tasks scheduled from follow-on schedule check
[2024-05-15T10:20:36.456+0000] {local_task_job_runner.py:222} INFO - ::endgroup::
[2024-05-15T10:31:15.225+0000] {local_task_job_runner.py:120} INFO - ::group::Pre task execution logs
[2024-05-15T10:31:15.270+0000] {taskinstance.py:2073} INFO - Dependencies all met for dep_context=non-requeueable deps ti=<TaskInstance: dag_hdfs.save scheduled__2024-05-09T00:00:00+00:00 [queued]>
[2024-05-15T10:31:15.280+0000] {taskinstance.py:2073} INFO - Dependencies all met for dep_context=requeueable deps ti=<TaskInstance: dag_hdfs.save scheduled__2024-05-09T00:00:00+00:00 [queued]>
[2024-05-15T10:31:15.283+0000] {taskinstance.py:2303} INFO - Starting attempt 1 of 6
[2024-05-15T10:31:15.571+0000] {taskinstance.py:2327} INFO - Executing <Task(BashOperator): save> on 2024-05-09 00:00:00+00:00
[2024-05-15T10:31:15.578+0000] {standard_task_runner.py:90} INFO - Running: ['***', 'tasks', 'run', 'dag_hdfs', 'save', 'scheduled__2024-05-09T00:00:00+00:00', '--job-id', '208', '--raw', '--subdir', 'DAGS_FOLDER/hdfs_dag.py', '--cfg-path', '/tmp/tmpaselw5cl']
[2024-05-15T10:31:15.581+0000] {logging_mixin.py:188} WARNING - /home/***/.local/lib/python3.12/site-packages/***/task/task_runner/standard_task_runner.py:61 DeprecationWarning: This process (pid=213) is multi-threaded, use of fork() may lead to deadlocks in the child.
[2024-05-15T10:31:15.582+0000] {standard_task_runner.py:91} INFO - Job 208: Subtask save
[2024-05-15T10:31:15.589+0000] {standard_task_runner.py:63} INFO - Started process 236 to run task
[2024-05-15T10:31:15.671+0000] {task_command.py:426} INFO - Running <TaskInstance: dag_hdfs.save scheduled__2024-05-09T00:00:00+00:00 [running]> on host 8fa157e7798a
[2024-05-15T10:31:15.761+0000] {taskinstance.py:2644} INFO - Exporting env vars: AIRFLOW_CTX_DAG_OWNER='bses' AIRFLOW_CTX_DAG_ID='dag_hdfs' AIRFLOW_CTX_TASK_ID='save' AIRFLOW_CTX_EXECUTION_DATE='2024-05-09T00:00:00+00:00' AIRFLOW_CTX_TRY_NUMBER='1' AIRFLOW_CTX_DAG_RUN_ID='scheduled__2024-05-09T00:00:00+00:00'
[2024-05-15T10:31:15.763+0000] {taskinstance.py:430} INFO - ::endgroup::
[2024-05-15T10:31:15.775+0000] {subprocess.py:63} INFO - Tmp dir root location: /tmp
[2024-05-15T10:31:15.777+0000] {subprocess.py:75} INFO - Running command: ['/usr/bin/bash', '-c', 'hdfs dfs -mkdir /tmp']
[2024-05-15T10:31:15.787+0000] {subprocess.py:86} INFO - Output:
[2024-05-15T10:31:15.788+0000] {subprocess.py:93} INFO - /usr/bin/bash: line 1: hdfs: command not found
[2024-05-15T10:31:15.788+0000] {subprocess.py:97} INFO - Command exited with return code 127
[2024-05-15T10:31:15.791+0000] {taskinstance.py:441} INFO - ::group::Post task execution logs
[2024-05-15T10:31:15.804+0000] {taskinstance.py:2890} ERROR - Task failed with exception
Traceback (most recent call last):
  File "/home/airflow/.local/lib/python3.12/site-packages/airflow/models/taskinstance.py", line 465, in _execute_task
    result = _execute_callable(context=context, **execute_callable_kwargs)
             ^^^^^^^^^^^^^^^^^^^^^^^^^^^^^^^^^^^^^^^^^^^^^^^^^^^^^^^^^^^^^
  File "/home/airflow/.local/lib/python3.12/site-packages/airflow/models/taskinstance.py", line 432, in _execute_callable
    return execute_callable(context=context, **execute_callable_kwargs)
           ^^^^^^^^^^^^^^^^^^^^^^^^^^^^^^^^^^^^^^^^^^^^^^^^^^^^^^^^^^^^
  File "/home/airflow/.local/lib/python3.12/site-packages/airflow/models/baseoperator.py", line 400, in wrapper
    return func(self, *args, **kwargs)
           ^^^^^^^^^^^^^^^^^^^^^^^^^^^
  File "/home/airflow/.local/lib/python3.12/site-packages/airflow/operators/bash.py", line 243, in execute
    raise AirflowException(
airflow.exceptions.AirflowException: Bash command failed. The command returned a non-zero exit code 127.
[2024-05-15T10:31:15.812+0000] {taskinstance.py:1205} INFO - Marking task as UP_FOR_RETRY. dag_id=dag_hdfs, task_id=save, execution_date=20240509T000000, start_date=20240515T103115, end_date=20240515T103115
[2024-05-15T10:31:15.819+0000] {standard_task_runner.py:110} ERROR - Failed to execute job 208 for task save (Bash command failed. The command returned a non-zero exit code 127.; 236)
[2024-05-15T10:31:15.862+0000] {local_task_job_runner.py:240} INFO - Task exited with return code 1
[2024-05-15T10:31:15.883+0000] {taskinstance.py:3482} INFO - 0 downstream tasks scheduled from follow-on schedule check
[2024-05-15T10:31:15.885+0000] {local_task_job_runner.py:222} INFO - ::endgroup::
