[2024-05-04T10:23:53.523+0000] {local_task_job_runner.py:120} INFO - ::group::Pre task execution logs
[2024-05-04T10:23:53.538+0000] {taskinstance.py:2073} INFO - Dependencies all met for dep_context=non-requeueable deps ti=<TaskInstance: dag_mysql.task1 scheduled__2024-05-01T00:00:00+00:00 [queued]>
[2024-05-04T10:23:53.545+0000] {taskinstance.py:2073} INFO - Dependencies all met for dep_context=requeueable deps ti=<TaskInstance: dag_mysql.task1 scheduled__2024-05-01T00:00:00+00:00 [queued]>
[2024-05-04T10:23:53.545+0000] {taskinstance.py:2303} INFO - Starting attempt 1 of 6
[2024-05-04T10:23:53.551+0000] {taskinstance.py:2327} INFO - Executing <Task(MySqlOperator): task1> on 2024-05-01 00:00:00+00:00
[2024-05-04T10:23:53.556+0000] {standard_task_runner.py:90} INFO - Running: ['***', 'tasks', 'run', 'dag_mysql', 'task1', 'scheduled__2024-05-01T00:00:00+00:00', '--job-id', '14', '--raw', '--subdir', 'DAGS_FOLDER/dag_mysql.py', '--cfg-path', '/tmp/tmpwdu56qcn']
[2024-05-04T10:23:53.557+0000] {logging_mixin.py:188} WARNING - /home/***/.local/lib/python3.12/site-packages/***/task/task_runner/standard_task_runner.py:61 DeprecationWarning: This process (pid=810) is multi-threaded, use of fork() may lead to deadlocks in the child.
[2024-05-04T10:23:53.558+0000] {standard_task_runner.py:91} INFO - Job 14: Subtask task1
[2024-05-04T10:23:53.558+0000] {standard_task_runner.py:63} INFO - Started process 813 to run task
[2024-05-04T10:23:53.581+0000] {task_command.py:426} INFO - Running <TaskInstance: dag_mysql.task1 scheduled__2024-05-01T00:00:00+00:00 [running]> on host 97b2d875d020
[2024-05-04T10:23:53.621+0000] {taskinstance.py:2644} INFO - Exporting env vars: AIRFLOW_CTX_DAG_OWNER='bses' AIRFLOW_CTX_DAG_ID='dag_mysql' AIRFLOW_CTX_TASK_ID='task1' AIRFLOW_CTX_EXECUTION_DATE='2024-05-01T00:00:00+00:00' AIRFLOW_CTX_TRY_NUMBER='1' AIRFLOW_CTX_DAG_RUN_ID='scheduled__2024-05-01T00:00:00+00:00'
[2024-05-04T10:23:53.622+0000] {taskinstance.py:430} INFO - ::endgroup::
[2024-05-04T10:23:53.629+0000] {sql.py:276} INFO - Executing: SHOW DATABASES;
[2024-05-04T10:23:53.633+0000] {base.py:84} INFO - Using connection ID 'mysql_local' for task execution.
[2024-05-04T10:23:53.640+0000] {base.py:84} INFO - Using connection ID 'mysql_local' for task execution.
[2024-05-04T10:23:53.653+0000] {taskinstance.py:441} INFO - ::group::Post task execution logs
[2024-05-04T10:23:53.654+0000] {taskinstance.py:2890} ERROR - Task failed with exception
Traceback (most recent call last):
  File "/home/airflow/.local/lib/python3.12/site-packages/airflow/models/taskinstance.py", line 465, in _execute_task
    result = _execute_callable(context=context, **execute_callable_kwargs)
             ^^^^^^^^^^^^^^^^^^^^^^^^^^^^^^^^^^^^^^^^^^^^^^^^^^^^^^^^^^^^^
  File "/home/airflow/.local/lib/python3.12/site-packages/airflow/models/taskinstance.py", line 432, in _execute_callable
    return execute_callable(context=context, **execute_callable_kwargs)
           ^^^^^^^^^^^^^^^^^^^^^^^^^^^^^^^^^^^^^^^^^^^^^^^^^^^^^^^^^^^^
  File "/home/airflow/.local/lib/python3.12/site-packages/airflow/models/baseoperator.py", line 400, in wrapper
    return func(self, *args, **kwargs)
           ^^^^^^^^^^^^^^^^^^^^^^^^^^^
  File "/home/airflow/.local/lib/python3.12/site-packages/airflow/providers/common/sql/operators/sql.py", line 282, in execute
    output = hook.run(
             ^^^^^^^^^
  File "/home/airflow/.local/lib/python3.12/site-packages/airflow/providers/common/sql/hooks/sql.py", line 397, in run
    with closing(self.get_conn()) as conn:
                 ^^^^^^^^^^^^^^^
  File "/home/airflow/.local/lib/python3.12/site-packages/airflow/providers/mysql/hooks/mysql.py", line 195, in get_conn
    return MySQLdb.connect(**conn_config)
           ^^^^^^^^^^^^^^^^^^^^^^^^^^^^^^
  File "/home/airflow/.local/lib/python3.12/site-packages/MySQLdb/__init__.py", line 121, in Connect
    return Connection(*args, **kwargs)
           ^^^^^^^^^^^^^^^^^^^^^^^^^^^
  File "/home/airflow/.local/lib/python3.12/site-packages/MySQLdb/connections.py", line 195, in __init__
    super().__init__(*args, **kwargs2)
MySQLdb.OperationalError: (2002, "Can't connect to server on 'host.docker.internal' (115)")
[2024-05-04T10:23:53.660+0000] {taskinstance.py:1205} INFO - Marking task as UP_FOR_RETRY. dag_id=dag_mysql, task_id=task1, execution_date=20240501T000000, start_date=20240504T102353, end_date=20240504T102353
[2024-05-04T10:23:53.666+0000] {standard_task_runner.py:110} ERROR - Failed to execute job 14 for task task1 ((2002, "Can't connect to server on 'host.docker.internal' (115)"); 813)
[2024-05-04T10:23:53.698+0000] {local_task_job_runner.py:240} INFO - Task exited with return code 1
[2024-05-04T10:23:53.706+0000] {taskinstance.py:3482} INFO - 0 downstream tasks scheduled from follow-on schedule check
[2024-05-04T10:23:53.707+0000] {local_task_job_runner.py:222} INFO - ::endgroup::
[2024-05-04T10:26:56.777+0000] {local_task_job_runner.py:120} INFO - ::group::Pre task execution logs
[2024-05-04T10:26:56.793+0000] {taskinstance.py:2073} INFO - Dependencies all met for dep_context=non-requeueable deps ti=<TaskInstance: dag_mysql.task1 scheduled__2024-05-01T00:00:00+00:00 [queued]>
[2024-05-04T10:26:56.798+0000] {taskinstance.py:2073} INFO - Dependencies all met for dep_context=requeueable deps ti=<TaskInstance: dag_mysql.task1 scheduled__2024-05-01T00:00:00+00:00 [queued]>
[2024-05-04T10:26:56.799+0000] {taskinstance.py:2303} INFO - Starting attempt 1 of 6
[2024-05-04T10:26:56.806+0000] {taskinstance.py:2327} INFO - Executing <Task(MySqlOperator): task1> on 2024-05-01 00:00:00+00:00
[2024-05-04T10:26:56.810+0000] {standard_task_runner.py:90} INFO - Running: ['***', 'tasks', 'run', 'dag_mysql', 'task1', 'scheduled__2024-05-01T00:00:00+00:00', '--job-id', '17', '--raw', '--subdir', 'DAGS_FOLDER/dag_mysql.py', '--cfg-path', '/tmp/tmpnt246hu4']
[2024-05-04T10:26:56.812+0000] {logging_mixin.py:188} WARNING - /home/***/.local/lib/python3.12/site-packages/***/task/task_runner/standard_task_runner.py:61 DeprecationWarning: This process (pid=1001) is multi-threaded, use of fork() may lead to deadlocks in the child.
[2024-05-04T10:26:56.813+0000] {standard_task_runner.py:91} INFO - Job 17: Subtask task1
[2024-05-04T10:26:56.813+0000] {standard_task_runner.py:63} INFO - Started process 1004 to run task
[2024-05-04T10:26:56.842+0000] {task_command.py:426} INFO - Running <TaskInstance: dag_mysql.task1 scheduled__2024-05-01T00:00:00+00:00 [running]> on host 97b2d875d020
[2024-05-04T10:26:56.910+0000] {taskinstance.py:2644} INFO - Exporting env vars: AIRFLOW_CTX_DAG_OWNER='bses' AIRFLOW_CTX_DAG_ID='dag_mysql' AIRFLOW_CTX_TASK_ID='task1' AIRFLOW_CTX_EXECUTION_DATE='2024-05-01T00:00:00+00:00' AIRFLOW_CTX_TRY_NUMBER='1' AIRFLOW_CTX_DAG_RUN_ID='scheduled__2024-05-01T00:00:00+00:00'
[2024-05-04T10:26:56.910+0000] {taskinstance.py:430} INFO - ::endgroup::
[2024-05-04T10:26:56.920+0000] {sql.py:276} INFO - Executing: SHOW DATABASES;
[2024-05-04T10:26:56.925+0000] {base.py:84} INFO - Using connection ID 'mysql_local' for task execution.
[2024-05-04T10:26:56.931+0000] {base.py:84} INFO - Using connection ID 'mysql_local' for task execution.
[2024-05-04T10:26:56.939+0000] {taskinstance.py:441} INFO - ::group::Post task execution logs
[2024-05-04T10:26:56.940+0000] {taskinstance.py:2890} ERROR - Task failed with exception
Traceback (most recent call last):
  File "/home/airflow/.local/lib/python3.12/site-packages/airflow/models/taskinstance.py", line 465, in _execute_task
    result = _execute_callable(context=context, **execute_callable_kwargs)
             ^^^^^^^^^^^^^^^^^^^^^^^^^^^^^^^^^^^^^^^^^^^^^^^^^^^^^^^^^^^^^
  File "/home/airflow/.local/lib/python3.12/site-packages/airflow/models/taskinstance.py", line 432, in _execute_callable
    return execute_callable(context=context, **execute_callable_kwargs)
           ^^^^^^^^^^^^^^^^^^^^^^^^^^^^^^^^^^^^^^^^^^^^^^^^^^^^^^^^^^^^
  File "/home/airflow/.local/lib/python3.12/site-packages/airflow/models/baseoperator.py", line 400, in wrapper
    return func(self, *args, **kwargs)
           ^^^^^^^^^^^^^^^^^^^^^^^^^^^
  File "/home/airflow/.local/lib/python3.12/site-packages/airflow/providers/common/sql/operators/sql.py", line 282, in execute
    output = hook.run(
             ^^^^^^^^^
  File "/home/airflow/.local/lib/python3.12/site-packages/airflow/providers/common/sql/hooks/sql.py", line 397, in run
    with closing(self.get_conn()) as conn:
                 ^^^^^^^^^^^^^^^
  File "/home/airflow/.local/lib/python3.12/site-packages/airflow/providers/mysql/hooks/mysql.py", line 195, in get_conn
    return MySQLdb.connect(**conn_config)
           ^^^^^^^^^^^^^^^^^^^^^^^^^^^^^^
  File "/home/airflow/.local/lib/python3.12/site-packages/MySQLdb/__init__.py", line 121, in Connect
    return Connection(*args, **kwargs)
           ^^^^^^^^^^^^^^^^^^^^^^^^^^^
  File "/home/airflow/.local/lib/python3.12/site-packages/MySQLdb/connections.py", line 195, in __init__
    super().__init__(*args, **kwargs2)
MySQLdb.OperationalError: (1524, "Plugin 'mysql_native_password' is not loaded")
[2024-05-04T10:26:56.945+0000] {taskinstance.py:1205} INFO - Marking task as UP_FOR_RETRY. dag_id=dag_mysql, task_id=task1, execution_date=20240501T000000, start_date=20240504T102656, end_date=20240504T102656
[2024-05-04T10:26:56.953+0000] {standard_task_runner.py:110} ERROR - Failed to execute job 17 for task task1 ((1524, "Plugin 'mysql_native_password' is not loaded"); 1004)
[2024-05-04T10:26:56.992+0000] {local_task_job_runner.py:240} INFO - Task exited with return code 1
[2024-05-04T10:26:57.002+0000] {taskinstance.py:3482} INFO - 0 downstream tasks scheduled from follow-on schedule check
[2024-05-04T10:26:57.002+0000] {local_task_job_runner.py:222} INFO - ::endgroup::
[2024-05-04T10:29:29.140+0000] {local_task_job_runner.py:120} INFO - ::group::Pre task execution logs
[2024-05-04T10:29:29.156+0000] {taskinstance.py:2073} INFO - Dependencies all met for dep_context=non-requeueable deps ti=<TaskInstance: dag_mysql.task1 scheduled__2024-05-01T00:00:00+00:00 [queued]>
[2024-05-04T10:29:29.161+0000] {taskinstance.py:2073} INFO - Dependencies all met for dep_context=requeueable deps ti=<TaskInstance: dag_mysql.task1 scheduled__2024-05-01T00:00:00+00:00 [queued]>
[2024-05-04T10:29:29.161+0000] {taskinstance.py:2303} INFO - Starting attempt 1 of 6
[2024-05-04T10:29:29.168+0000] {taskinstance.py:2327} INFO - Executing <Task(MySqlOperator): task1> on 2024-05-01 00:00:00+00:00
[2024-05-04T10:29:29.173+0000] {standard_task_runner.py:90} INFO - Running: ['***', 'tasks', 'run', 'dag_mysql', 'task1', 'scheduled__2024-05-01T00:00:00+00:00', '--job-id', '20', '--raw', '--subdir', 'DAGS_FOLDER/dag_mysql.py', '--cfg-path', '/tmp/tmp64dcp_aw']
[2024-05-04T10:29:29.174+0000] {logging_mixin.py:188} WARNING - /home/***/.local/lib/python3.12/site-packages/***/task/task_runner/standard_task_runner.py:61 DeprecationWarning: This process (pid=1160) is multi-threaded, use of fork() may lead to deadlocks in the child.
[2024-05-04T10:29:29.174+0000] {standard_task_runner.py:91} INFO - Job 20: Subtask task1
[2024-05-04T10:29:29.174+0000] {standard_task_runner.py:63} INFO - Started process 1163 to run task
[2024-05-04T10:29:29.197+0000] {task_command.py:426} INFO - Running <TaskInstance: dag_mysql.task1 scheduled__2024-05-01T00:00:00+00:00 [running]> on host 97b2d875d020
[2024-05-04T10:29:29.239+0000] {taskinstance.py:2644} INFO - Exporting env vars: AIRFLOW_CTX_DAG_OWNER='bses' AIRFLOW_CTX_DAG_ID='dag_mysql' AIRFLOW_CTX_TASK_ID='task1' AIRFLOW_CTX_EXECUTION_DATE='2024-05-01T00:00:00+00:00' AIRFLOW_CTX_TRY_NUMBER='1' AIRFLOW_CTX_DAG_RUN_ID='scheduled__2024-05-01T00:00:00+00:00'
[2024-05-04T10:29:29.240+0000] {taskinstance.py:430} INFO - ::endgroup::
[2024-05-04T10:29:29.248+0000] {sql.py:276} INFO - Executing: SHOW DATABASES;
[2024-05-04T10:29:29.253+0000] {base.py:84} INFO - Using connection ID 'mysql_local' for task execution.
[2024-05-04T10:29:29.259+0000] {base.py:84} INFO - Using connection ID 'mysql_local' for task execution.
[2024-05-04T10:29:29.282+0000] {taskinstance.py:441} INFO - ::group::Post task execution logs
[2024-05-04T10:29:29.283+0000] {taskinstance.py:2890} ERROR - Task failed with exception
Traceback (most recent call last):
  File "/home/airflow/.local/lib/python3.12/site-packages/airflow/models/taskinstance.py", line 465, in _execute_task
    result = _execute_callable(context=context, **execute_callable_kwargs)
             ^^^^^^^^^^^^^^^^^^^^^^^^^^^^^^^^^^^^^^^^^^^^^^^^^^^^^^^^^^^^^
  File "/home/airflow/.local/lib/python3.12/site-packages/airflow/models/taskinstance.py", line 432, in _execute_callable
    return execute_callable(context=context, **execute_callable_kwargs)
           ^^^^^^^^^^^^^^^^^^^^^^^^^^^^^^^^^^^^^^^^^^^^^^^^^^^^^^^^^^^^
  File "/home/airflow/.local/lib/python3.12/site-packages/airflow/models/baseoperator.py", line 400, in wrapper
    return func(self, *args, **kwargs)
           ^^^^^^^^^^^^^^^^^^^^^^^^^^^
  File "/home/airflow/.local/lib/python3.12/site-packages/airflow/providers/common/sql/operators/sql.py", line 282, in execute
    output = hook.run(
             ^^^^^^^^^
  File "/home/airflow/.local/lib/python3.12/site-packages/airflow/providers/common/sql/hooks/sql.py", line 397, in run
    with closing(self.get_conn()) as conn:
                 ^^^^^^^^^^^^^^^
  File "/home/airflow/.local/lib/python3.12/site-packages/airflow/providers/mysql/hooks/mysql.py", line 195, in get_conn
    return MySQLdb.connect(**conn_config)
           ^^^^^^^^^^^^^^^^^^^^^^^^^^^^^^
  File "/home/airflow/.local/lib/python3.12/site-packages/MySQLdb/__init__.py", line 121, in Connect
    return Connection(*args, **kwargs)
           ^^^^^^^^^^^^^^^^^^^^^^^^^^^
  File "/home/airflow/.local/lib/python3.12/site-packages/MySQLdb/connections.py", line 195, in __init__
    super().__init__(*args, **kwargs2)
MySQLdb.OperationalError: (1049, "Unknown database 'test'")
[2024-05-04T10:29:29.288+0000] {taskinstance.py:1205} INFO - Marking task as UP_FOR_RETRY. dag_id=dag_mysql, task_id=task1, execution_date=20240501T000000, start_date=20240504T102929, end_date=20240504T102929
[2024-05-04T10:29:29.295+0000] {standard_task_runner.py:110} ERROR - Failed to execute job 20 for task task1 ((1049, "Unknown database 'test'"); 1163)
[2024-05-04T10:29:29.312+0000] {local_task_job_runner.py:240} INFO - Task exited with return code 1
[2024-05-04T10:29:29.320+0000] {taskinstance.py:3482} INFO - 0 downstream tasks scheduled from follow-on schedule check
[2024-05-04T10:29:29.321+0000] {local_task_job_runner.py:222} INFO - ::endgroup::
[2024-05-04T10:31:41.242+0000] {local_task_job_runner.py:120} INFO - ::group::Pre task execution logs
[2024-05-04T10:31:41.258+0000] {taskinstance.py:2073} INFO - Dependencies all met for dep_context=non-requeueable deps ti=<TaskInstance: dag_mysql.task1 scheduled__2024-05-01T00:00:00+00:00 [queued]>
[2024-05-04T10:31:41.262+0000] {taskinstance.py:2073} INFO - Dependencies all met for dep_context=requeueable deps ti=<TaskInstance: dag_mysql.task1 scheduled__2024-05-01T00:00:00+00:00 [queued]>
[2024-05-04T10:31:41.263+0000] {taskinstance.py:2303} INFO - Starting attempt 1 of 6
[2024-05-04T10:31:41.270+0000] {taskinstance.py:2327} INFO - Executing <Task(MySqlOperator): task1> on 2024-05-01 00:00:00+00:00
[2024-05-04T10:31:41.274+0000] {standard_task_runner.py:90} INFO - Running: ['***', 'tasks', 'run', 'dag_mysql', 'task1', 'scheduled__2024-05-01T00:00:00+00:00', '--job-id', '25', '--raw', '--subdir', 'DAGS_FOLDER/dag_mysql.py', '--cfg-path', '/tmp/tmplhru9r8j']
[2024-05-04T10:31:41.275+0000] {logging_mixin.py:188} WARNING - /home/***/.local/lib/python3.12/site-packages/***/task/task_runner/standard_task_runner.py:61 DeprecationWarning: This process (pid=221) is multi-threaded, use of fork() may lead to deadlocks in the child.
[2024-05-04T10:31:41.275+0000] {standard_task_runner.py:91} INFO - Job 25: Subtask task1
[2024-05-04T10:31:41.276+0000] {standard_task_runner.py:63} INFO - Started process 224 to run task
[2024-05-04T10:31:41.299+0000] {task_command.py:426} INFO - Running <TaskInstance: dag_mysql.task1 scheduled__2024-05-01T00:00:00+00:00 [running]> on host fcbb02d87472
[2024-05-04T10:31:41.346+0000] {taskinstance.py:2644} INFO - Exporting env vars: AIRFLOW_CTX_DAG_OWNER='bses' AIRFLOW_CTX_DAG_ID='dag_mysql' AIRFLOW_CTX_TASK_ID='task1' AIRFLOW_CTX_EXECUTION_DATE='2024-05-01T00:00:00+00:00' AIRFLOW_CTX_TRY_NUMBER='1' AIRFLOW_CTX_DAG_RUN_ID='scheduled__2024-05-01T00:00:00+00:00'
[2024-05-04T10:31:41.347+0000] {taskinstance.py:430} INFO - ::endgroup::
[2024-05-04T10:31:41.358+0000] {sql.py:276} INFO - Executing: SHOW DATABASES;
[2024-05-04T10:31:41.363+0000] {base.py:84} INFO - Using connection ID 'mysql_local' for task execution.
[2024-05-04T10:31:41.369+0000] {base.py:84} INFO - Using connection ID 'mysql_local' for task execution.
[2024-05-04T10:31:41.379+0000] {taskinstance.py:441} INFO - ::group::Post task execution logs
[2024-05-04T10:31:41.379+0000] {taskinstance.py:2890} ERROR - Task failed with exception
Traceback (most recent call last):
  File "/home/airflow/.local/lib/python3.12/site-packages/airflow/models/taskinstance.py", line 465, in _execute_task
    result = _execute_callable(context=context, **execute_callable_kwargs)
             ^^^^^^^^^^^^^^^^^^^^^^^^^^^^^^^^^^^^^^^^^^^^^^^^^^^^^^^^^^^^^
  File "/home/airflow/.local/lib/python3.12/site-packages/airflow/models/taskinstance.py", line 432, in _execute_callable
    return execute_callable(context=context, **execute_callable_kwargs)
           ^^^^^^^^^^^^^^^^^^^^^^^^^^^^^^^^^^^^^^^^^^^^^^^^^^^^^^^^^^^^
  File "/home/airflow/.local/lib/python3.12/site-packages/airflow/models/baseoperator.py", line 400, in wrapper
    return func(self, *args, **kwargs)
           ^^^^^^^^^^^^^^^^^^^^^^^^^^^
  File "/home/airflow/.local/lib/python3.12/site-packages/airflow/providers/common/sql/operators/sql.py", line 282, in execute
    output = hook.run(
             ^^^^^^^^^
  File "/home/airflow/.local/lib/python3.12/site-packages/airflow/providers/common/sql/hooks/sql.py", line 397, in run
    with closing(self.get_conn()) as conn:
                 ^^^^^^^^^^^^^^^
  File "/home/airflow/.local/lib/python3.12/site-packages/airflow/providers/mysql/hooks/mysql.py", line 195, in get_conn
    return MySQLdb.connect(**conn_config)
           ^^^^^^^^^^^^^^^^^^^^^^^^^^^^^^
  File "/home/airflow/.local/lib/python3.12/site-packages/MySQLdb/__init__.py", line 121, in Connect
    return Connection(*args, **kwargs)
           ^^^^^^^^^^^^^^^^^^^^^^^^^^^
  File "/home/airflow/.local/lib/python3.12/site-packages/MySQLdb/connections.py", line 195, in __init__
    super().__init__(*args, **kwargs2)
MySQLdb.OperationalError: (1049, "Unknown database 'test'")
[2024-05-04T10:31:41.384+0000] {taskinstance.py:1205} INFO - Marking task as UP_FOR_RETRY. dag_id=dag_mysql, task_id=task1, execution_date=20240501T000000, start_date=20240504T103141, end_date=20240504T103141
[2024-05-04T10:31:41.390+0000] {standard_task_runner.py:110} ERROR - Failed to execute job 25 for task task1 ((1049, "Unknown database 'test'"); 224)
[2024-05-04T10:31:41.416+0000] {local_task_job_runner.py:240} INFO - Task exited with return code 1
[2024-05-04T10:31:41.423+0000] {taskinstance.py:3482} INFO - 0 downstream tasks scheduled from follow-on schedule check
[2024-05-04T10:31:41.424+0000] {local_task_job_runner.py:222} INFO - ::endgroup::
[2024-05-04T10:34:15.068+0000] {local_task_job_runner.py:120} INFO - ::group::Pre task execution logs
[2024-05-04T10:34:15.082+0000] {taskinstance.py:2073} INFO - Dependencies all met for dep_context=non-requeueable deps ti=<TaskInstance: dag_mysql.task1 scheduled__2024-05-01T00:00:00+00:00 [queued]>
[2024-05-04T10:34:15.086+0000] {taskinstance.py:2073} INFO - Dependencies all met for dep_context=requeueable deps ti=<TaskInstance: dag_mysql.task1 scheduled__2024-05-01T00:00:00+00:00 [queued]>
[2024-05-04T10:34:15.086+0000] {taskinstance.py:2303} INFO - Starting attempt 1 of 6
[2024-05-04T10:34:15.093+0000] {taskinstance.py:2327} INFO - Executing <Task(MySqlOperator): task1> on 2024-05-01 00:00:00+00:00
[2024-05-04T10:34:15.099+0000] {standard_task_runner.py:90} INFO - Running: ['***', 'tasks', 'run', 'dag_mysql', 'task1', 'scheduled__2024-05-01T00:00:00+00:00', '--job-id', '30', '--raw', '--subdir', 'DAGS_FOLDER/dag_mysql.py', '--cfg-path', '/tmp/tmprdqdbwj4']
[2024-05-04T10:34:15.100+0000] {standard_task_runner.py:91} INFO - Job 30: Subtask task1
[2024-05-04T10:34:15.100+0000] {logging_mixin.py:188} WARNING - /home/***/.local/lib/python3.12/site-packages/***/task/task_runner/standard_task_runner.py:61 DeprecationWarning: This process (pid=196) is multi-threaded, use of fork() may lead to deadlocks in the child.
[2024-05-04T10:34:15.104+0000] {standard_task_runner.py:63} INFO - Started process 199 to run task
[2024-05-04T10:34:15.121+0000] {task_command.py:426} INFO - Running <TaskInstance: dag_mysql.task1 scheduled__2024-05-01T00:00:00+00:00 [running]> on host f85b7a0b58b5
[2024-05-04T10:34:15.160+0000] {taskinstance.py:2644} INFO - Exporting env vars: AIRFLOW_CTX_DAG_OWNER='bses' AIRFLOW_CTX_DAG_ID='dag_mysql' AIRFLOW_CTX_TASK_ID='task1' AIRFLOW_CTX_EXECUTION_DATE='2024-05-01T00:00:00+00:00' AIRFLOW_CTX_TRY_NUMBER='1' AIRFLOW_CTX_DAG_RUN_ID='scheduled__2024-05-01T00:00:00+00:00'
[2024-05-04T10:34:15.161+0000] {taskinstance.py:430} INFO - ::endgroup::
[2024-05-04T10:34:15.168+0000] {sql.py:276} INFO - Executing: SHOW DATABASES;
[2024-05-04T10:34:15.172+0000] {base.py:84} INFO - Using connection ID 'mysql_local' for task execution.
[2024-05-04T10:34:15.178+0000] {base.py:84} INFO - Using connection ID 'mysql_local' for task execution.
[2024-05-04T10:34:15.190+0000] {sql.py:457} INFO - Running statement: SHOW DATABASES;, parameters: None
[2024-05-04T10:34:15.194+0000] {sql.py:466} INFO - Rows affected: 7
[2024-05-04T10:34:15.197+0000] {logging_mixin.py:188} WARNING - /home/***/.local/lib/python3.12/site-packages/***/providers/common/sql/hooks/sql.py:407 AirflowProviderDeprecationWarning: Call to deprecated method _make_common_data_structure. (The `_make_serializable` method is deprecated and support will be removed in a future version of the common.sql provider. Please update the DbApiHook's provider to a version based on common.sql >= 1.9.1.)
[2024-05-04T10:34:15.198+0000] {taskinstance.py:441} INFO - ::group::Post task execution logs
[2024-05-04T10:34:15.208+0000] {taskinstance.py:1205} INFO - Marking task as SUCCESS. dag_id=dag_mysql, task_id=task1, execution_date=20240501T000000, start_date=20240504T103415, end_date=20240504T103415
[2024-05-04T10:34:15.243+0000] {local_task_job_runner.py:240} INFO - Task exited with return code 0
[2024-05-04T10:34:15.251+0000] {taskinstance.py:3482} INFO - 0 downstream tasks scheduled from follow-on schedule check
[2024-05-04T10:34:15.252+0000] {local_task_job_runner.py:222} INFO - ::endgroup::
[2024-05-04T10:40:40.201+0000] {local_task_job_runner.py:120} INFO - ::group::Pre task execution logs
[2024-05-04T10:40:40.225+0000] {taskinstance.py:2073} INFO - Dependencies all met for dep_context=non-requeueable deps ti=<TaskInstance: dag_mysql.task1 scheduled__2024-05-01T00:00:00+00:00 [queued]>
[2024-05-04T10:40:40.234+0000] {taskinstance.py:2073} INFO - Dependencies all met for dep_context=requeueable deps ti=<TaskInstance: dag_mysql.task1 scheduled__2024-05-01T00:00:00+00:00 [queued]>
[2024-05-04T10:40:40.235+0000] {taskinstance.py:2303} INFO - Starting attempt 1 of 6
[2024-05-04T10:40:40.249+0000] {taskinstance.py:2327} INFO - Executing <Task(MySqlOperator): task1> on 2024-05-01 00:00:00+00:00
[2024-05-04T10:40:40.255+0000] {standard_task_runner.py:90} INFO - Running: ['***', 'tasks', 'run', 'dag_mysql', 'task1', 'scheduled__2024-05-01T00:00:00+00:00', '--job-id', '36', '--raw', '--subdir', 'DAGS_FOLDER/dag_mysql.py', '--cfg-path', '/tmp/tmpgx12505r']
[2024-05-04T10:40:40.258+0000] {logging_mixin.py:188} WARNING - /home/***/.local/lib/python3.12/site-packages/***/task/task_runner/standard_task_runner.py:61 DeprecationWarning: This process (pid=614) is multi-threaded, use of fork() may lead to deadlocks in the child.
[2024-05-04T10:40:40.261+0000] {standard_task_runner.py:91} INFO - Job 36: Subtask task1
[2024-05-04T10:40:40.261+0000] {standard_task_runner.py:63} INFO - Started process 619 to run task
[2024-05-04T10:40:40.308+0000] {task_command.py:426} INFO - Running <TaskInstance: dag_mysql.task1 scheduled__2024-05-01T00:00:00+00:00 [running]> on host f85b7a0b58b5
[2024-05-04T10:40:40.374+0000] {taskinstance.py:2644} INFO - Exporting env vars: AIRFLOW_CTX_DAG_OWNER='bses' AIRFLOW_CTX_DAG_ID='dag_mysql' AIRFLOW_CTX_TASK_ID='task1' AIRFLOW_CTX_EXECUTION_DATE='2024-05-01T00:00:00+00:00' AIRFLOW_CTX_TRY_NUMBER='1' AIRFLOW_CTX_DAG_RUN_ID='scheduled__2024-05-01T00:00:00+00:00'
[2024-05-04T10:40:40.376+0000] {taskinstance.py:430} INFO - ::endgroup::
[2024-05-04T10:40:40.388+0000] {sql.py:276} INFO - Executing: create table hello (name text, age int);
[2024-05-04T10:40:40.394+0000] {base.py:84} INFO - Using connection ID 'mysql_local' for task execution.
[2024-05-04T10:40:40.405+0000] {base.py:84} INFO - Using connection ID 'mysql_local' for task execution.
[2024-05-04T10:40:40.416+0000] {taskinstance.py:441} INFO - ::group::Post task execution logs
[2024-05-04T10:40:40.416+0000] {taskinstance.py:2890} ERROR - Task failed with exception
Traceback (most recent call last):
  File "/home/airflow/.local/lib/python3.12/site-packages/airflow/models/taskinstance.py", line 465, in _execute_task
    result = _execute_callable(context=context, **execute_callable_kwargs)
             ^^^^^^^^^^^^^^^^^^^^^^^^^^^^^^^^^^^^^^^^^^^^^^^^^^^^^^^^^^^^^
  File "/home/airflow/.local/lib/python3.12/site-packages/airflow/models/taskinstance.py", line 432, in _execute_callable
    return execute_callable(context=context, **execute_callable_kwargs)
           ^^^^^^^^^^^^^^^^^^^^^^^^^^^^^^^^^^^^^^^^^^^^^^^^^^^^^^^^^^^^
  File "/home/airflow/.local/lib/python3.12/site-packages/airflow/models/baseoperator.py", line 400, in wrapper
    return func(self, *args, **kwargs)
           ^^^^^^^^^^^^^^^^^^^^^^^^^^^
  File "/home/airflow/.local/lib/python3.12/site-packages/airflow/providers/common/sql/operators/sql.py", line 282, in execute
    output = hook.run(
             ^^^^^^^^^
  File "/home/airflow/.local/lib/python3.12/site-packages/airflow/providers/common/sql/hooks/sql.py", line 397, in run
    with closing(self.get_conn()) as conn:
                 ^^^^^^^^^^^^^^^
  File "/home/airflow/.local/lib/python3.12/site-packages/airflow/providers/mysql/hooks/mysql.py", line 195, in get_conn
    return MySQLdb.connect(**conn_config)
           ^^^^^^^^^^^^^^^^^^^^^^^^^^^^^^
  File "/home/airflow/.local/lib/python3.12/site-packages/MySQLdb/__init__.py", line 121, in Connect
    return Connection(*args, **kwargs)
           ^^^^^^^^^^^^^^^^^^^^^^^^^^^
  File "/home/airflow/.local/lib/python3.12/site-packages/MySQLdb/connections.py", line 195, in __init__
    super().__init__(*args, **kwargs2)
MySQLdb.OperationalError: (1524, "Plugin 'mysql_native_password' is not loaded")
[2024-05-04T10:40:40.425+0000] {taskinstance.py:1205} INFO - Marking task as UP_FOR_RETRY. dag_id=dag_mysql, task_id=task1, execution_date=20240501T000000, start_date=20240504T104040, end_date=20240504T104040
[2024-05-04T10:40:40.432+0000] {standard_task_runner.py:110} ERROR - Failed to execute job 36 for task task1 ((1524, "Plugin 'mysql_native_password' is not loaded"); 619)
[2024-05-04T10:40:40.445+0000] {local_task_job_runner.py:240} INFO - Task exited with return code 1
[2024-05-04T10:40:40.455+0000] {taskinstance.py:3482} INFO - 0 downstream tasks scheduled from follow-on schedule check
[2024-05-04T10:40:40.459+0000] {local_task_job_runner.py:222} INFO - ::endgroup::
[2024-05-04T10:42:21.504+0000] {local_task_job_runner.py:120} INFO - ::group::Pre task execution logs
[2024-05-04T10:42:21.522+0000] {taskinstance.py:2073} INFO - Dependencies all met for dep_context=non-requeueable deps ti=<TaskInstance: dag_mysql.task1 scheduled__2024-05-01T00:00:00+00:00 [queued]>
[2024-05-04T10:42:21.527+0000] {taskinstance.py:2073} INFO - Dependencies all met for dep_context=requeueable deps ti=<TaskInstance: dag_mysql.task1 scheduled__2024-05-01T00:00:00+00:00 [queued]>
[2024-05-04T10:42:21.528+0000] {taskinstance.py:2303} INFO - Starting attempt 1 of 6
[2024-05-04T10:42:21.536+0000] {taskinstance.py:2327} INFO - Executing <Task(MySqlOperator): task1> on 2024-05-01 00:00:00+00:00
[2024-05-04T10:42:21.545+0000] {logging_mixin.py:188} WARNING - /home/***/.local/lib/python3.12/site-packages/***/task/task_runner/standard_task_runner.py:61 DeprecationWarning: This process (pid=726) is multi-threaded, use of fork() may lead to deadlocks in the child.
[2024-05-04T10:42:21.546+0000] {standard_task_runner.py:63} INFO - Started process 732 to run task
[2024-05-04T10:42:21.541+0000] {standard_task_runner.py:90} INFO - Running: ['***', 'tasks', 'run', 'dag_mysql', 'task1', 'scheduled__2024-05-01T00:00:00+00:00', '--job-id', '42', '--raw', '--subdir', 'DAGS_FOLDER/dag_mysql.py', '--cfg-path', '/tmp/tmpoqi70ayk']
[2024-05-04T10:42:21.550+0000] {standard_task_runner.py:91} INFO - Job 42: Subtask task1
[2024-05-04T10:42:21.584+0000] {task_command.py:426} INFO - Running <TaskInstance: dag_mysql.task1 scheduled__2024-05-01T00:00:00+00:00 [running]> on host f85b7a0b58b5
[2024-05-04T10:42:21.631+0000] {taskinstance.py:2644} INFO - Exporting env vars: AIRFLOW_CTX_DAG_OWNER='bses' AIRFLOW_CTX_DAG_ID='dag_mysql' AIRFLOW_CTX_TASK_ID='task1' AIRFLOW_CTX_EXECUTION_DATE='2024-05-01T00:00:00+00:00' AIRFLOW_CTX_TRY_NUMBER='1' AIRFLOW_CTX_DAG_RUN_ID='scheduled__2024-05-01T00:00:00+00:00'
[2024-05-04T10:42:21.633+0000] {taskinstance.py:430} INFO - ::endgroup::
[2024-05-04T10:42:21.645+0000] {sql.py:276} INFO - Executing: create table hello (name text, age int);
[2024-05-04T10:42:21.651+0000] {base.py:84} INFO - Using connection ID 'mysql_local' for task execution.
[2024-05-04T10:42:21.658+0000] {base.py:84} INFO - Using connection ID 'mysql_local' for task execution.
[2024-05-04T10:42:21.670+0000] {sql.py:457} INFO - Running statement: create table hello (name text, age int);, parameters: None
[2024-05-04T10:42:21.672+0000] {taskinstance.py:441} INFO - ::group::Post task execution logs
[2024-05-04T10:42:21.673+0000] {taskinstance.py:2890} ERROR - Task failed with exception
Traceback (most recent call last):
  File "/home/airflow/.local/lib/python3.12/site-packages/airflow/models/taskinstance.py", line 465, in _execute_task
    result = _execute_callable(context=context, **execute_callable_kwargs)
             ^^^^^^^^^^^^^^^^^^^^^^^^^^^^^^^^^^^^^^^^^^^^^^^^^^^^^^^^^^^^^
  File "/home/airflow/.local/lib/python3.12/site-packages/airflow/models/taskinstance.py", line 432, in _execute_callable
    return execute_callable(context=context, **execute_callable_kwargs)
           ^^^^^^^^^^^^^^^^^^^^^^^^^^^^^^^^^^^^^^^^^^^^^^^^^^^^^^^^^^^^
  File "/home/airflow/.local/lib/python3.12/site-packages/airflow/models/baseoperator.py", line 400, in wrapper
    return func(self, *args, **kwargs)
           ^^^^^^^^^^^^^^^^^^^^^^^^^^^
  File "/home/airflow/.local/lib/python3.12/site-packages/airflow/providers/common/sql/operators/sql.py", line 282, in execute
    output = hook.run(
             ^^^^^^^^^
  File "/home/airflow/.local/lib/python3.12/site-packages/airflow/providers/common/sql/hooks/sql.py", line 404, in run
    self._run_command(cur, sql_statement, parameters)
  File "/home/airflow/.local/lib/python3.12/site-packages/airflow/providers/common/sql/hooks/sql.py", line 462, in _run_command
    cur.execute(sql_statement)
  File "/home/airflow/.local/lib/python3.12/site-packages/MySQLdb/cursors.py", line 179, in execute
    res = self._query(mogrified_query)
          ^^^^^^^^^^^^^^^^^^^^^^^^^^^^
  File "/home/airflow/.local/lib/python3.12/site-packages/MySQLdb/cursors.py", line 330, in _query
    db.query(q)
  File "/home/airflow/.local/lib/python3.12/site-packages/MySQLdb/connections.py", line 261, in query
    _mysql.connection.query(self, query)
MySQLdb.OperationalError: (1050, "Table 'hello' already exists")
[2024-05-04T10:42:21.680+0000] {taskinstance.py:1205} INFO - Marking task as UP_FOR_RETRY. dag_id=dag_mysql, task_id=task1, execution_date=20240501T000000, start_date=20240504T104221, end_date=20240504T104221
[2024-05-04T10:42:21.686+0000] {standard_task_runner.py:110} ERROR - Failed to execute job 42 for task task1 ((1050, "Table 'hello' already exists"); 732)
[2024-05-04T10:42:21.730+0000] {local_task_job_runner.py:240} INFO - Task exited with return code 1
[2024-05-04T10:42:21.744+0000] {taskinstance.py:3482} INFO - 0 downstream tasks scheduled from follow-on schedule check
[2024-05-04T10:42:21.748+0000] {local_task_job_runner.py:222} INFO - ::endgroup::
