[2024-05-15T10:37:26.857+0000] {local_task_job_runner.py:120} INFO - ::group::Pre task execution logs
[2024-05-15T10:37:26.901+0000] {taskinstance.py:2073} INFO - Dependencies all met for dep_context=non-requeueable deps ti=<TaskInstance: hdfs_create_directory.create_hdfs_directory manual__2024-05-15T10:37:26.635731+00:00 [queued]>
[2024-05-15T10:37:26.906+0000] {taskinstance.py:2073} INFO - Dependencies all met for dep_context=requeueable deps ti=<TaskInstance: hdfs_create_directory.create_hdfs_directory manual__2024-05-15T10:37:26.635731+00:00 [queued]>
[2024-05-15T10:37:26.907+0000] {taskinstance.py:2303} INFO - Starting attempt 1 of 2
[2024-05-15T10:37:26.914+0000] {taskinstance.py:2327} INFO - Executing <Task(BashOperator): create_hdfs_directory> on 2024-05-15 10:37:26.635731+00:00
[2024-05-15T10:37:26.918+0000] {standard_task_runner.py:90} INFO - Running: ['***', 'tasks', 'run', 'hdfs_create_directory', 'create_hdfs_directory', 'manual__2024-05-15T10:37:26.635731+00:00', '--job-id', '215', '--raw', '--subdir', 'DAGS_FOLDER/hdfs_dag.py', '--cfg-path', '/tmp/tmpcfnaeq7y']
[2024-05-15T10:37:26.919+0000] {logging_mixin.py:188} WARNING - /home/***/.local/lib/python3.12/site-packages/***/task/task_runner/standard_task_runner.py:61 DeprecationWarning: This process (pid=465) is multi-threaded, use of fork() may lead to deadlocks in the child.
[2024-05-15T10:37:26.920+0000] {standard_task_runner.py:91} INFO - Job 215: Subtask create_hdfs_directory
[2024-05-15T10:37:26.920+0000] {standard_task_runner.py:63} INFO - Started process 466 to run task
[2024-05-15T10:37:26.945+0000] {task_command.py:426} INFO - Running <TaskInstance: hdfs_create_directory.create_hdfs_directory manual__2024-05-15T10:37:26.635731+00:00 [running]> on host 8fa157e7798a
[2024-05-15T10:37:26.984+0000] {taskinstance.py:2644} INFO - Exporting env vars: AIRFLOW_CTX_DAG_OWNER='***' AIRFLOW_CTX_DAG_ID='hdfs_create_directory' AIRFLOW_CTX_TASK_ID='create_hdfs_directory' AIRFLOW_CTX_EXECUTION_DATE='2024-05-15T10:37:26.635731+00:00' AIRFLOW_CTX_TRY_NUMBER='1' AIRFLOW_CTX_DAG_RUN_ID='manual__2024-05-15T10:37:26.635731+00:00'
[2024-05-15T10:37:26.985+0000] {taskinstance.py:430} INFO - ::endgroup::
[2024-05-15T10:37:26.993+0000] {subprocess.py:63} INFO - Tmp dir root location: /tmp
[2024-05-15T10:37:26.993+0000] {subprocess.py:75} INFO - Running command: ['/usr/bin/bash', '-c', '\n/Users/bses/hadoop-3.4.0/bin/hdfs dfs -mkdir /bses1']
[2024-05-15T10:37:26.997+0000] {subprocess.py:86} INFO - Output:
[2024-05-15T10:37:26.998+0000] {subprocess.py:93} INFO - /usr/bin/bash: line 2: /Users/bses/hadoop-3.4.0/bin/hdfs: No such file or directory
[2024-05-15T10:37:26.998+0000] {subprocess.py:97} INFO - Command exited with return code 127
[2024-05-15T10:37:26.999+0000] {taskinstance.py:441} INFO - ::group::Post task execution logs
[2024-05-15T10:37:27.004+0000] {taskinstance.py:2890} ERROR - Task failed with exception
Traceback (most recent call last):
  File "/home/airflow/.local/lib/python3.12/site-packages/airflow/models/taskinstance.py", line 465, in _execute_task
    result = _execute_callable(context=context, **execute_callable_kwargs)
             ^^^^^^^^^^^^^^^^^^^^^^^^^^^^^^^^^^^^^^^^^^^^^^^^^^^^^^^^^^^^^
  File "/home/airflow/.local/lib/python3.12/site-packages/airflow/models/taskinstance.py", line 432, in _execute_callable
    return execute_callable(context=context, **execute_callable_kwargs)
           ^^^^^^^^^^^^^^^^^^^^^^^^^^^^^^^^^^^^^^^^^^^^^^^^^^^^^^^^^^^^
  File "/home/airflow/.local/lib/python3.12/site-packages/airflow/models/baseoperator.py", line 400, in wrapper
    return func(self, *args, **kwargs)
           ^^^^^^^^^^^^^^^^^^^^^^^^^^^
  File "/home/airflow/.local/lib/python3.12/site-packages/airflow/operators/bash.py", line 243, in execute
    raise AirflowException(
airflow.exceptions.AirflowException: Bash command failed. The command returned a non-zero exit code 127.
[2024-05-15T10:37:27.007+0000] {taskinstance.py:1205} INFO - Marking task as UP_FOR_RETRY. dag_id=hdfs_create_directory, task_id=create_hdfs_directory, execution_date=20240515T103726, start_date=20240515T103726, end_date=20240515T103727
[2024-05-15T10:37:27.012+0000] {standard_task_runner.py:110} ERROR - Failed to execute job 215 for task create_hdfs_directory (Bash command failed. The command returned a non-zero exit code 127.; 466)
[2024-05-15T10:37:27.022+0000] {local_task_job_runner.py:240} INFO - Task exited with return code 1
[2024-05-15T10:37:27.031+0000] {taskinstance.py:3482} INFO - 0 downstream tasks scheduled from follow-on schedule check
[2024-05-15T10:37:27.032+0000] {local_task_job_runner.py:222} INFO - ::endgroup::
