[2024-05-19T03:18:45.405+0000] {local_task_job_runner.py:120} INFO - ::group::Pre task execution logs
[2024-05-19T03:18:45.485+0000] {taskinstance.py:2073} INFO - Dependencies all met for dep_context=non-requeueable deps ti=<TaskInstance: dag_analysis.analysis scheduled__2024-05-05T00:00:00+00:00 [queued]>
[2024-05-19T03:18:45.505+0000] {taskinstance.py:2073} INFO - Dependencies all met for dep_context=requeueable deps ti=<TaskInstance: dag_analysis.analysis scheduled__2024-05-05T00:00:00+00:00 [queued]>
[2024-05-19T03:18:45.508+0000] {taskinstance.py:2303} INFO - Starting attempt 1 of 6
[2024-05-19T03:18:45.523+0000] {taskinstance.py:2327} INFO - Executing <Task(PythonOperator): analysis> on 2024-05-05 00:00:00+00:00
[2024-05-19T03:18:45.539+0000] {standard_task_runner.py:90} INFO - Running: ['***', 'tasks', 'run', 'dag_analysis', 'analysis', 'scheduled__2024-05-05T00:00:00+00:00', '--job-id', '563', '--raw', '--subdir', 'DAGS_FOLDER/dag1.py', '--cfg-path', '/tmp/tmpv8zys711']
[2024-05-19T03:18:45.549+0000] {standard_task_runner.py:91} INFO - Job 563: Subtask analysis
[2024-05-19T03:18:45.549+0000] {logging_mixin.py:188} WARNING - /home/***/.local/lib/python3.12/site-packages/***/task/task_runner/standard_task_runner.py:61 DeprecationWarning: This process (pid=184) is multi-threaded, use of fork() may lead to deadlocks in the child.
[2024-05-19T03:18:45.559+0000] {standard_task_runner.py:63} INFO - Started process 208 to run task
[2024-05-19T03:18:45.672+0000] {task_command.py:426} INFO - Running <TaskInstance: dag_analysis.analysis scheduled__2024-05-05T00:00:00+00:00 [running]> on host cf8d95dc7aa1
[2024-05-19T03:18:45.790+0000] {taskinstance.py:2644} INFO - Exporting env vars: AIRFLOW_CTX_DAG_OWNER='bses' AIRFLOW_CTX_DAG_ID='dag_analysis' AIRFLOW_CTX_TASK_ID='analysis' AIRFLOW_CTX_EXECUTION_DATE='2024-05-05T00:00:00+00:00' AIRFLOW_CTX_TRY_NUMBER='1' AIRFLOW_CTX_DAG_RUN_ID='scheduled__2024-05-05T00:00:00+00:00'
[2024-05-19T03:18:45.792+0000] {taskinstance.py:430} INFO - ::endgroup::
[2024-05-19T03:18:45.822+0000] {taskinstance.py:441} INFO - ::group::Post task execution logs
[2024-05-19T03:18:45.824+0000] {taskinstance.py:2890} ERROR - Task failed with exception
Traceback (most recent call last):
  File "/home/airflow/.local/lib/python3.12/site-packages/mysql/connector/connection_cext.py", line 323, in _open_connection
    self._cmysql.connect(**cnx_kwargs)
_mysql_connector.MySQLInterfaceError: Can't connect to MySQL server on 'Bisheshs-MacBook-Pro.local:3306' (22)

The above exception was the direct cause of the following exception:

Traceback (most recent call last):
  File "/home/airflow/.local/lib/python3.12/site-packages/airflow/models/taskinstance.py", line 465, in _execute_task
    result = _execute_callable(context=context, **execute_callable_kwargs)
             ^^^^^^^^^^^^^^^^^^^^^^^^^^^^^^^^^^^^^^^^^^^^^^^^^^^^^^^^^^^^^
  File "/home/airflow/.local/lib/python3.12/site-packages/airflow/models/taskinstance.py", line 432, in _execute_callable
    return execute_callable(context=context, **execute_callable_kwargs)
           ^^^^^^^^^^^^^^^^^^^^^^^^^^^^^^^^^^^^^^^^^^^^^^^^^^^^^^^^^^^^
  File "/home/airflow/.local/lib/python3.12/site-packages/airflow/models/baseoperator.py", line 400, in wrapper
    return func(self, *args, **kwargs)
           ^^^^^^^^^^^^^^^^^^^^^^^^^^^
  File "/home/airflow/.local/lib/python3.12/site-packages/airflow/operators/python.py", line 235, in execute
    return_value = self.execute_callable()
                   ^^^^^^^^^^^^^^^^^^^^^^^
  File "/home/airflow/.local/lib/python3.12/site-packages/airflow/operators/python.py", line 252, in execute_callable
    return self.python_callable(*self.op_args, **self.op_kwargs)
           ^^^^^^^^^^^^^^^^^^^^^^^^^^^^^^^^^^^^^^^^^^^^^^^^^^^^^
  File "/opt/airflow/dags/dag1.py", line 8, in run
    conn = connection.connect(
           ^^^^^^^^^^^^^^^^^^^
  File "/home/airflow/.local/lib/python3.12/site-packages/mysql/connector/pooling.py", line 322, in connect
    return CMySQLConnection(*args, **kwargs)
           ^^^^^^^^^^^^^^^^^^^^^^^^^^^^^^^^^
  File "/home/airflow/.local/lib/python3.12/site-packages/mysql/connector/connection_cext.py", line 140, in __init__
    self.connect(**kwargs)
  File "/home/airflow/.local/lib/python3.12/site-packages/mysql/connector/abstracts.py", line 1363, in connect
    self._open_connection()
  File "/home/airflow/.local/lib/python3.12/site-packages/mysql/connector/connection_cext.py", line 328, in _open_connection
    raise get_mysql_exception(
mysql.connector.errors.DatabaseError: 2003 (HY000): Can't connect to MySQL server on 'Bisheshs-MacBook-Pro.local:3306' (22)
[2024-05-19T03:18:45.846+0000] {taskinstance.py:1205} INFO - Marking task as UP_FOR_RETRY. dag_id=dag_analysis, task_id=analysis, execution_date=20240505T000000, start_date=20240519T031845, end_date=20240519T031845
[2024-05-19T03:18:45.937+0000] {standard_task_runner.py:110} ERROR - Failed to execute job 563 for task analysis (2003 (HY000): Can't connect to MySQL server on 'Bisheshs-MacBook-Pro.local:3306' (22); 208)
[2024-05-19T03:18:45.949+0000] {local_task_job_runner.py:240} INFO - Task exited with return code 1
[2024-05-19T03:18:45.985+0000] {taskinstance.py:3482} INFO - 0 downstream tasks scheduled from follow-on schedule check
[2024-05-19T03:18:45.991+0000] {local_task_job_runner.py:222} INFO - ::endgroup::
[2024-05-19T03:19:43.898+0000] {local_task_job_runner.py:120} INFO - ::group::Pre task execution logs
[2024-05-19T03:19:43.948+0000] {taskinstance.py:2073} INFO - Dependencies all met for dep_context=non-requeueable deps ti=<TaskInstance: dag_analysis.analysis scheduled__2024-05-05T00:00:00+00:00 [queued]>
[2024-05-19T03:19:43.984+0000] {taskinstance.py:2073} INFO - Dependencies all met for dep_context=requeueable deps ti=<TaskInstance: dag_analysis.analysis scheduled__2024-05-05T00:00:00+00:00 [queued]>
[2024-05-19T03:19:43.985+0000] {taskinstance.py:2303} INFO - Starting attempt 1 of 6
[2024-05-19T03:19:44.022+0000] {taskinstance.py:2327} INFO - Executing <Task(PythonOperator): analysis> on 2024-05-05 00:00:00+00:00
[2024-05-19T03:19:44.077+0000] {standard_task_runner.py:90} INFO - Running: ['***', 'tasks', 'run', 'dag_analysis', 'analysis', 'scheduled__2024-05-05T00:00:00+00:00', '--job-id', '580', '--raw', '--subdir', 'DAGS_FOLDER/dag1.py', '--cfg-path', '/tmp/tmpje86zoie']
[2024-05-19T03:19:44.105+0000] {standard_task_runner.py:91} INFO - Job 580: Subtask analysis
[2024-05-19T03:19:44.130+0000] {logging_mixin.py:188} WARNING - /home/***/.local/lib/python3.12/site-packages/***/task/task_runner/standard_task_runner.py:61 DeprecationWarning: This process (pid=266) is multi-threaded, use of fork() may lead to deadlocks in the child.
[2024-05-19T03:19:44.136+0000] {standard_task_runner.py:63} INFO - Started process 291 to run task
[2024-05-19T03:19:44.270+0000] {task_command.py:426} INFO - Running <TaskInstance: dag_analysis.analysis scheduled__2024-05-05T00:00:00+00:00 [running]> on host cf8d95dc7aa1
[2024-05-19T03:19:44.528+0000] {taskinstance.py:2644} INFO - Exporting env vars: AIRFLOW_CTX_DAG_OWNER='bses' AIRFLOW_CTX_DAG_ID='dag_analysis' AIRFLOW_CTX_TASK_ID='analysis' AIRFLOW_CTX_EXECUTION_DATE='2024-05-05T00:00:00+00:00' AIRFLOW_CTX_TRY_NUMBER='1' AIRFLOW_CTX_DAG_RUN_ID='scheduled__2024-05-05T00:00:00+00:00'
[2024-05-19T03:19:44.546+0000] {taskinstance.py:430} INFO - ::endgroup::
[2024-05-19T03:19:44.781+0000] {logging_mixin.py:188} WARNING - /opt/***/dags/dag1.py:15 UserWarning: pandas only supports SQLAlchemy connectable (engine/connection) or database string URI or sqlite3 DBAPI2 connection. Other DBAPI2 objects are not tested. Please consider using SQLAlchemy.
[2024-05-19T03:19:44.873+0000] {logging_mixin.py:188} WARNING - /opt/***/dags/dag1.py:17 UserWarning: pandas only supports SQLAlchemy connectable (engine/connection) or database string URI or sqlite3 DBAPI2 connection. Other DBAPI2 objects are not tested. Please consider using SQLAlchemy.
[2024-05-19T03:19:44.888+0000] {logging_mixin.py:188} WARNING - /opt/***/dags/dag1.py:19 UserWarning: pandas only supports SQLAlchemy connectable (engine/connection) or database string URI or sqlite3 DBAPI2 connection. Other DBAPI2 objects are not tested. Please consider using SQLAlchemy.
[2024-05-19T03:19:44.915+0000] {logging_mixin.py:188} WARNING - /opt/***/dags/dag1.py:21 UserWarning: pandas only supports SQLAlchemy connectable (engine/connection) or database string URI or sqlite3 DBAPI2 connection. Other DBAPI2 objects are not tested. Please consider using SQLAlchemy.
[2024-05-19T03:19:44.939+0000] {logging_mixin.py:188} WARNING - /opt/***/dags/dag1.py:23 UserWarning: pandas only supports SQLAlchemy connectable (engine/connection) or database string URI or sqlite3 DBAPI2 connection. Other DBAPI2 objects are not tested. Please consider using SQLAlchemy.
[2024-05-19T03:19:45.053+0000] {python.py:237} INFO - Done. Returned value was: None
[2024-05-19T03:19:45.062+0000] {taskinstance.py:441} INFO - ::group::Post task execution logs
[2024-05-19T03:19:45.075+0000] {taskinstance.py:1205} INFO - Marking task as SUCCESS. dag_id=dag_analysis, task_id=analysis, execution_date=20240505T000000, start_date=20240519T031943, end_date=20240519T031945
[2024-05-19T03:19:45.138+0000] {local_task_job_runner.py:240} INFO - Task exited with return code 0
[2024-05-19T03:19:45.154+0000] {taskinstance.py:3482} INFO - 0 downstream tasks scheduled from follow-on schedule check
[2024-05-19T03:19:45.158+0000] {local_task_job_runner.py:222} INFO - ::endgroup::
[2024-05-19T03:20:56.509+0000] {local_task_job_runner.py:120} INFO - ::group::Pre task execution logs
[2024-05-19T03:20:56.549+0000] {taskinstance.py:2073} INFO - Dependencies all met for dep_context=non-requeueable deps ti=<TaskInstance: dag_analysis.analysis scheduled__2024-05-05T00:00:00+00:00 [queued]>
[2024-05-19T03:20:56.561+0000] {taskinstance.py:2073} INFO - Dependencies all met for dep_context=requeueable deps ti=<TaskInstance: dag_analysis.analysis scheduled__2024-05-05T00:00:00+00:00 [queued]>
[2024-05-19T03:20:56.564+0000] {taskinstance.py:2303} INFO - Starting attempt 1 of 6
[2024-05-19T03:20:56.608+0000] {taskinstance.py:2327} INFO - Executing <Task(PythonOperator): analysis> on 2024-05-05 00:00:00+00:00
[2024-05-19T03:20:56.634+0000] {logging_mixin.py:188} WARNING - /home/***/.local/lib/python3.12/site-packages/***/task/task_runner/standard_task_runner.py:61 DeprecationWarning: This process (pid=369) is multi-threaded, use of fork() may lead to deadlocks in the child.
[2024-05-19T03:20:56.643+0000] {standard_task_runner.py:63} INFO - Started process 392 to run task
[2024-05-19T03:20:56.635+0000] {standard_task_runner.py:90} INFO - Running: ['***', 'tasks', 'run', 'dag_analysis', 'analysis', 'scheduled__2024-05-05T00:00:00+00:00', '--job-id', '598', '--raw', '--subdir', 'DAGS_FOLDER/dag1.py', '--cfg-path', '/tmp/tmp9euza67i']
[2024-05-19T03:20:56.658+0000] {standard_task_runner.py:91} INFO - Job 598: Subtask analysis
[2024-05-19T03:20:56.754+0000] {task_command.py:426} INFO - Running <TaskInstance: dag_analysis.analysis scheduled__2024-05-05T00:00:00+00:00 [running]> on host cf8d95dc7aa1
[2024-05-19T03:20:56.889+0000] {taskinstance.py:2644} INFO - Exporting env vars: AIRFLOW_CTX_DAG_OWNER='bses' AIRFLOW_CTX_DAG_ID='dag_analysis' AIRFLOW_CTX_TASK_ID='analysis' AIRFLOW_CTX_EXECUTION_DATE='2024-05-05T00:00:00+00:00' AIRFLOW_CTX_TRY_NUMBER='1' AIRFLOW_CTX_DAG_RUN_ID='scheduled__2024-05-05T00:00:00+00:00'
[2024-05-19T03:20:56.890+0000] {taskinstance.py:430} INFO - ::endgroup::
[2024-05-19T03:20:57.061+0000] {logging_mixin.py:188} WARNING - /opt/***/dags/dag1.py:15 UserWarning: pandas only supports SQLAlchemy connectable (engine/connection) or database string URI or sqlite3 DBAPI2 connection. Other DBAPI2 objects are not tested. Please consider using SQLAlchemy.
[2024-05-19T03:20:57.228+0000] {logging_mixin.py:188} WARNING - /opt/***/dags/dag1.py:17 UserWarning: pandas only supports SQLAlchemy connectable (engine/connection) or database string URI or sqlite3 DBAPI2 connection. Other DBAPI2 objects are not tested. Please consider using SQLAlchemy.
[2024-05-19T03:20:57.261+0000] {logging_mixin.py:188} WARNING - /opt/***/dags/dag1.py:19 UserWarning: pandas only supports SQLAlchemy connectable (engine/connection) or database string URI or sqlite3 DBAPI2 connection. Other DBAPI2 objects are not tested. Please consider using SQLAlchemy.
[2024-05-19T03:20:57.279+0000] {logging_mixin.py:188} WARNING - /opt/***/dags/dag1.py:21 UserWarning: pandas only supports SQLAlchemy connectable (engine/connection) or database string URI or sqlite3 DBAPI2 connection. Other DBAPI2 objects are not tested. Please consider using SQLAlchemy.
[2024-05-19T03:20:57.296+0000] {logging_mixin.py:188} WARNING - /opt/***/dags/dag1.py:23 UserWarning: pandas only supports SQLAlchemy connectable (engine/connection) or database string URI or sqlite3 DBAPI2 connection. Other DBAPI2 objects are not tested. Please consider using SQLAlchemy.
[2024-05-19T03:20:57.451+0000] {python.py:237} INFO - Done. Returned value was: None
[2024-05-19T03:20:57.452+0000] {taskinstance.py:441} INFO - ::group::Post task execution logs
[2024-05-19T03:20:57.480+0000] {taskinstance.py:1205} INFO - Marking task as SUCCESS. dag_id=dag_analysis, task_id=analysis, execution_date=20240505T000000, start_date=20240519T032056, end_date=20240519T032057
[2024-05-19T03:20:57.538+0000] {local_task_job_runner.py:240} INFO - Task exited with return code 0
[2024-05-19T03:20:57.557+0000] {taskinstance.py:3482} INFO - 0 downstream tasks scheduled from follow-on schedule check
[2024-05-19T03:20:57.575+0000] {local_task_job_runner.py:222} INFO - ::endgroup::
