[2024-05-16T11:19:48.053+0000] {local_task_job_runner.py:120} INFO - ::group::Pre task execution logs
[2024-05-16T11:19:48.080+0000] {taskinstance.py:2073} INFO - Dependencies all met for dep_context=non-requeueable deps ti=<TaskInstance: dag_tables.import_table1 scheduled__2024-05-04T00:00:00+00:00 [queued]>
[2024-05-16T11:19:48.086+0000] {taskinstance.py:2073} INFO - Dependencies all met for dep_context=requeueable deps ti=<TaskInstance: dag_tables.import_table1 scheduled__2024-05-04T00:00:00+00:00 [queued]>
[2024-05-16T11:19:48.087+0000] {taskinstance.py:2303} INFO - Starting attempt 1 of 6
[2024-05-16T11:19:48.120+0000] {taskinstance.py:2327} INFO - Executing <Task(BashOperator): import_table1> on 2024-05-04 00:00:00+00:00
[2024-05-16T11:19:48.131+0000] {logging_mixin.py:188} WARNING - /home/***/.local/lib/python3.12/site-packages/***/task/task_runner/standard_task_runner.py:61 DeprecationWarning: This process (pid=189) is multi-threaded, use of fork() may lead to deadlocks in the child.
[2024-05-16T11:19:48.133+0000] {standard_task_runner.py:90} INFO - Running: ['***', 'tasks', 'run', 'dag_tables', 'import_table1', 'scheduled__2024-05-04T00:00:00+00:00', '--job-id', '384', '--raw', '--subdir', 'DAGS_FOLDER/dag_mysql.py', '--cfg-path', '/tmp/tmprwodv5ae']
[2024-05-16T11:19:48.136+0000] {standard_task_runner.py:63} INFO - Started process 196 to run task
[2024-05-16T11:19:48.137+0000] {standard_task_runner.py:91} INFO - Job 384: Subtask import_table1
[2024-05-16T11:19:48.199+0000] {task_command.py:426} INFO - Running <TaskInstance: dag_tables.import_table1 scheduled__2024-05-04T00:00:00+00:00 [running]> on host 7084a6d88d3b
[2024-05-16T11:19:48.280+0000] {taskinstance.py:2644} INFO - Exporting env vars: AIRFLOW_CTX_DAG_OWNER='bses' AIRFLOW_CTX_DAG_ID='dag_tables' AIRFLOW_CTX_TASK_ID='import_table1' AIRFLOW_CTX_EXECUTION_DATE='2024-05-04T00:00:00+00:00' AIRFLOW_CTX_TRY_NUMBER='1' AIRFLOW_CTX_DAG_RUN_ID='scheduled__2024-05-04T00:00:00+00:00'
[2024-05-16T11:19:48.282+0000] {taskinstance.py:430} INFO - ::endgroup::
[2024-05-16T11:19:48.299+0000] {subprocess.py:63} INFO - Tmp dir root location: /tmp
[2024-05-16T11:19:48.301+0000] {subprocess.py:75} INFO - Running command: ['/usr/bin/bash', '-c', '\n            mysql -h host.docker.internal -u root --password=12345678 test < /opt/***/dags/products.sql;\n           ']
[2024-05-16T11:19:48.313+0000] {subprocess.py:86} INFO - Output:
[2024-05-16T11:19:48.449+0000] {subprocess.py:97} INFO - Command exited with return code 0
[2024-05-16T11:19:48.451+0000] {taskinstance.py:441} INFO - ::group::Post task execution logs
[2024-05-16T11:19:48.484+0000] {taskinstance.py:1205} INFO - Marking task as SUCCESS. dag_id=dag_tables, task_id=import_table1, execution_date=20240504T000000, start_date=20240516T111948, end_date=20240516T111948
[2024-05-16T11:19:48.571+0000] {local_task_job_runner.py:240} INFO - Task exited with return code 0
[2024-05-16T11:19:48.660+0000] {taskinstance.py:3482} INFO - 0 downstream tasks scheduled from follow-on schedule check
[2024-05-16T11:19:48.675+0000] {local_task_job_runner.py:222} INFO - ::endgroup::
[2024-05-16T11:22:30.407+0000] {local_task_job_runner.py:120} INFO - ::group::Pre task execution logs
[2024-05-16T11:22:30.438+0000] {taskinstance.py:2073} INFO - Dependencies all met for dep_context=non-requeueable deps ti=<TaskInstance: dag_tables.import_table1 scheduled__2024-05-04T00:00:00+00:00 [queued]>
[2024-05-16T11:22:30.447+0000] {taskinstance.py:2073} INFO - Dependencies all met for dep_context=requeueable deps ti=<TaskInstance: dag_tables.import_table1 scheduled__2024-05-04T00:00:00+00:00 [queued]>
[2024-05-16T11:22:30.448+0000] {taskinstance.py:2303} INFO - Starting attempt 1 of 6
[2024-05-16T11:22:30.485+0000] {taskinstance.py:2327} INFO - Executing <Task(BashOperator): import_table1> on 2024-05-04 00:00:00+00:00
[2024-05-16T11:22:30.491+0000] {logging_mixin.py:188} WARNING - /home/***/.local/lib/python3.12/site-packages/***/task/task_runner/standard_task_runner.py:61 DeprecationWarning: This process (pid=446) is multi-threaded, use of fork() may lead to deadlocks in the child.
[2024-05-16T11:22:30.493+0000] {standard_task_runner.py:63} INFO - Started process 457 to run task
[2024-05-16T11:22:30.494+0000] {standard_task_runner.py:90} INFO - Running: ['***', 'tasks', 'run', 'dag_tables', 'import_table1', 'scheduled__2024-05-04T00:00:00+00:00', '--job-id', '432', '--raw', '--subdir', 'DAGS_FOLDER/dag_mysql.py', '--cfg-path', '/tmp/tmpro61hjxr']
[2024-05-16T11:22:30.496+0000] {standard_task_runner.py:91} INFO - Job 432: Subtask import_table1
[2024-05-16T11:22:30.548+0000] {task_command.py:426} INFO - Running <TaskInstance: dag_tables.import_table1 scheduled__2024-05-04T00:00:00+00:00 [running]> on host 7084a6d88d3b
[2024-05-16T11:22:30.612+0000] {taskinstance.py:2644} INFO - Exporting env vars: AIRFLOW_CTX_DAG_OWNER='bses' AIRFLOW_CTX_DAG_ID='dag_tables' AIRFLOW_CTX_TASK_ID='import_table1' AIRFLOW_CTX_EXECUTION_DATE='2024-05-04T00:00:00+00:00' AIRFLOW_CTX_TRY_NUMBER='1' AIRFLOW_CTX_DAG_RUN_ID='scheduled__2024-05-04T00:00:00+00:00'
[2024-05-16T11:22:30.614+0000] {taskinstance.py:430} INFO - ::endgroup::
[2024-05-16T11:22:30.621+0000] {subprocess.py:63} INFO - Tmp dir root location: /tmp
[2024-05-16T11:22:30.623+0000] {subprocess.py:75} INFO - Running command: ['/usr/bin/bash', '-c', '\n            mysql -h host.docker.internal -u root --password=12345678 test < /opt/***/dags/products.sql\n           ']
[2024-05-16T11:22:30.635+0000] {subprocess.py:86} INFO - Output:
[2024-05-16T11:22:30.735+0000] {subprocess.py:97} INFO - Command exited with return code 0
[2024-05-16T11:22:30.736+0000] {taskinstance.py:441} INFO - ::group::Post task execution logs
[2024-05-16T11:22:30.759+0000] {taskinstance.py:1205} INFO - Marking task as SUCCESS. dag_id=dag_tables, task_id=import_table1, execution_date=20240504T000000, start_date=20240516T112230, end_date=20240516T112230
[2024-05-16T11:22:30.802+0000] {local_task_job_runner.py:240} INFO - Task exited with return code 0
[2024-05-16T11:22:30.829+0000] {taskinstance.py:3482} INFO - 1 downstream tasks scheduled from follow-on schedule check
[2024-05-16T11:22:30.831+0000] {local_task_job_runner.py:222} INFO - ::endgroup::
[2024-05-16T11:24:46.122+0000] {local_task_job_runner.py:120} INFO - ::group::Pre task execution logs
[2024-05-16T11:24:46.167+0000] {taskinstance.py:2073} INFO - Dependencies all met for dep_context=non-requeueable deps ti=<TaskInstance: dag_tables.import_table1 scheduled__2024-05-04T00:00:00+00:00 [queued]>
[2024-05-16T11:24:46.184+0000] {taskinstance.py:2073} INFO - Dependencies all met for dep_context=requeueable deps ti=<TaskInstance: dag_tables.import_table1 scheduled__2024-05-04T00:00:00+00:00 [queued]>
[2024-05-16T11:24:46.184+0000] {taskinstance.py:2303} INFO - Starting attempt 1 of 6
[2024-05-16T11:24:46.205+0000] {taskinstance.py:2327} INFO - Executing <Task(BashOperator): import_table1> on 2024-05-04 00:00:00+00:00
[2024-05-16T11:24:46.226+0000] {logging_mixin.py:188} WARNING - /home/***/.local/lib/python3.12/site-packages/***/task/task_runner/standard_task_runner.py:61 DeprecationWarning: This process (pid=696) is multi-threaded, use of fork() may lead to deadlocks in the child.
[2024-05-16T11:24:46.230+0000] {standard_task_runner.py:63} INFO - Started process 718 to run task
[2024-05-16T11:24:46.223+0000] {standard_task_runner.py:90} INFO - Running: ['***', 'tasks', 'run', 'dag_tables', 'import_table1', 'scheduled__2024-05-04T00:00:00+00:00', '--job-id', '484', '--raw', '--subdir', 'DAGS_FOLDER/dag_mysql.py', '--cfg-path', '/tmp/tmpy7rv5r7t']
[2024-05-16T11:24:46.236+0000] {standard_task_runner.py:91} INFO - Job 484: Subtask import_table1
[2024-05-16T11:24:46.329+0000] {task_command.py:426} INFO - Running <TaskInstance: dag_tables.import_table1 scheduled__2024-05-04T00:00:00+00:00 [running]> on host 7084a6d88d3b
[2024-05-16T11:24:46.512+0000] {taskinstance.py:2644} INFO - Exporting env vars: AIRFLOW_CTX_DAG_OWNER='bses' AIRFLOW_CTX_DAG_ID='dag_tables' AIRFLOW_CTX_TASK_ID='import_table1' AIRFLOW_CTX_EXECUTION_DATE='2024-05-04T00:00:00+00:00' AIRFLOW_CTX_TRY_NUMBER='1' AIRFLOW_CTX_DAG_RUN_ID='scheduled__2024-05-04T00:00:00+00:00'
[2024-05-16T11:24:46.518+0000] {taskinstance.py:430} INFO - ::endgroup::
[2024-05-16T11:24:46.530+0000] {subprocess.py:63} INFO - Tmp dir root location: /tmp
[2024-05-16T11:24:46.533+0000] {subprocess.py:75} INFO - Running command: ['/usr/bin/bash', '-c', '\n            mysql -h host.docker.internal -u root --password=12345678 test < /opt/***/dags/products.sql\n           ']
[2024-05-16T11:24:46.558+0000] {subprocess.py:86} INFO - Output:
[2024-05-16T11:24:46.714+0000] {subprocess.py:97} INFO - Command exited with return code 0
[2024-05-16T11:24:46.720+0000] {taskinstance.py:441} INFO - ::group::Post task execution logs
[2024-05-16T11:24:46.745+0000] {taskinstance.py:1205} INFO - Marking task as SUCCESS. dag_id=dag_tables, task_id=import_table1, execution_date=20240504T000000, start_date=20240516T112446, end_date=20240516T112446
[2024-05-16T11:24:46.800+0000] {local_task_job_runner.py:240} INFO - Task exited with return code 0
[2024-05-16T11:24:46.818+0000] {taskinstance.py:3482} INFO - 0 downstream tasks scheduled from follow-on schedule check
[2024-05-16T11:24:46.822+0000] {local_task_job_runner.py:222} INFO - ::endgroup::
[2024-05-16T11:27:47.805+0000] {local_task_job_runner.py:120} INFO - ::group::Pre task execution logs
[2024-05-16T11:27:47.835+0000] {taskinstance.py:2073} INFO - Dependencies all met for dep_context=non-requeueable deps ti=<TaskInstance: dag_tables.import_table1 scheduled__2024-05-04T00:00:00+00:00 [queued]>
[2024-05-16T11:27:47.845+0000] {taskinstance.py:2073} INFO - Dependencies all met for dep_context=requeueable deps ti=<TaskInstance: dag_tables.import_table1 scheduled__2024-05-04T00:00:00+00:00 [queued]>
[2024-05-16T11:27:47.848+0000] {taskinstance.py:2303} INFO - Starting attempt 1 of 6
[2024-05-16T11:27:47.866+0000] {taskinstance.py:2327} INFO - Executing <Task(BashOperator): import_table1> on 2024-05-04 00:00:00+00:00
[2024-05-16T11:27:47.877+0000] {standard_task_runner.py:90} INFO - Running: ['***', 'tasks', 'run', 'dag_tables', 'import_table1', 'scheduled__2024-05-04T00:00:00+00:00', '--job-id', '512', '--raw', '--subdir', 'DAGS_FOLDER/dag_mysql.py', '--cfg-path', '/tmp/tmpbonbzjoa']
[2024-05-16T11:27:47.883+0000] {standard_task_runner.py:91} INFO - Job 512: Subtask import_table1
[2024-05-16T11:27:47.879+0000] {logging_mixin.py:188} WARNING - /home/***/.local/lib/python3.12/site-packages/***/task/task_runner/standard_task_runner.py:61 DeprecationWarning: This process (pid=886) is multi-threaded, use of fork() may lead to deadlocks in the child.
[2024-05-16T11:27:47.889+0000] {standard_task_runner.py:63} INFO - Started process 898 to run task
[2024-05-16T11:27:47.963+0000] {task_command.py:426} INFO - Running <TaskInstance: dag_tables.import_table1 scheduled__2024-05-04T00:00:00+00:00 [running]> on host 7084a6d88d3b
[2024-05-16T11:27:48.048+0000] {taskinstance.py:2644} INFO - Exporting env vars: AIRFLOW_CTX_DAG_OWNER='bses' AIRFLOW_CTX_DAG_ID='dag_tables' AIRFLOW_CTX_TASK_ID='import_table1' AIRFLOW_CTX_EXECUTION_DATE='2024-05-04T00:00:00+00:00' AIRFLOW_CTX_TRY_NUMBER='1' AIRFLOW_CTX_DAG_RUN_ID='scheduled__2024-05-04T00:00:00+00:00'
[2024-05-16T11:27:48.052+0000] {taskinstance.py:430} INFO - ::endgroup::
[2024-05-16T11:27:48.059+0000] {subprocess.py:63} INFO - Tmp dir root location: /tmp
[2024-05-16T11:27:48.061+0000] {subprocess.py:75} INFO - Running command: ['/usr/bin/bash', '-c', '\n            mysql -h host.docker.internal -u root --password=12345678 test < /opt/***/dags/products.sql\n           ']
[2024-05-16T11:27:48.073+0000] {subprocess.py:86} INFO - Output:
[2024-05-16T11:27:48.170+0000] {subprocess.py:97} INFO - Command exited with return code 0
[2024-05-16T11:27:48.173+0000] {taskinstance.py:441} INFO - ::group::Post task execution logs
[2024-05-16T11:27:48.199+0000] {taskinstance.py:1205} INFO - Marking task as SUCCESS. dag_id=dag_tables, task_id=import_table1, execution_date=20240504T000000, start_date=20240516T112747, end_date=20240516T112748
[2024-05-16T11:27:48.240+0000] {local_task_job_runner.py:240} INFO - Task exited with return code 0
[2024-05-16T11:27:48.256+0000] {taskinstance.py:3482} INFO - 0 downstream tasks scheduled from follow-on schedule check
[2024-05-16T11:27:48.257+0000] {local_task_job_runner.py:222} INFO - ::endgroup::
