[2024-05-16T11:31:01.908+0000] {local_task_job_runner.py:120} INFO - ::group::Pre task execution logs
[2024-05-16T11:31:01.934+0000] {taskinstance.py:2073} INFO - Dependencies all met for dep_context=non-requeueable deps ti=<TaskInstance: dag_tables.import_table1 manual__2024-05-16T11:27:47.297038+00:00 [queued]>
[2024-05-16T11:31:01.940+0000] {taskinstance.py:2073} INFO - Dependencies all met for dep_context=requeueable deps ti=<TaskInstance: dag_tables.import_table1 manual__2024-05-16T11:27:47.297038+00:00 [queued]>
[2024-05-16T11:31:01.941+0000] {taskinstance.py:2303} INFO - Starting attempt 4 of 9
[2024-05-16T11:31:01.950+0000] {taskinstance.py:2327} INFO - Executing <Task(BashOperator): import_table1> on 2024-05-16 11:27:47.297038+00:00
[2024-05-16T11:31:01.956+0000] {logging_mixin.py:188} WARNING - /home/***/.local/lib/python3.12/site-packages/***/task/task_runner/standard_task_runner.py:61 DeprecationWarning: This process (pid=1060) is multi-threaded, use of fork() may lead to deadlocks in the child.
[2024-05-16T11:31:01.959+0000] {standard_task_runner.py:63} INFO - Started process 1061 to run task
[2024-05-16T11:31:01.957+0000] {standard_task_runner.py:90} INFO - Running: ['***', 'tasks', 'run', 'dag_tables', 'import_table1', 'manual__2024-05-16T11:27:47.297038+00:00', '--job-id', '531', '--raw', '--subdir', 'DAGS_FOLDER/dag_mysql.py', '--cfg-path', '/tmp/tmptp0kwu3h']
[2024-05-16T11:31:01.960+0000] {standard_task_runner.py:91} INFO - Job 531: Subtask import_table1
[2024-05-16T11:31:02.026+0000] {task_command.py:426} INFO - Running <TaskInstance: dag_tables.import_table1 manual__2024-05-16T11:27:47.297038+00:00 [running]> on host 7084a6d88d3b
[2024-05-16T11:31:02.099+0000] {taskinstance.py:2644} INFO - Exporting env vars: AIRFLOW_CTX_DAG_OWNER='bses' AIRFLOW_CTX_DAG_ID='dag_tables' AIRFLOW_CTX_TASK_ID='import_table1' AIRFLOW_CTX_EXECUTION_DATE='2024-05-16T11:27:47.297038+00:00' AIRFLOW_CTX_TRY_NUMBER='4' AIRFLOW_CTX_DAG_RUN_ID='manual__2024-05-16T11:27:47.297038+00:00'
[2024-05-16T11:31:02.100+0000] {taskinstance.py:430} INFO - ::endgroup::
[2024-05-16T11:31:02.109+0000] {subprocess.py:63} INFO - Tmp dir root location: /tmp
[2024-05-16T11:31:02.111+0000] {subprocess.py:75} INFO - Running command: ['/usr/bin/bash', '-c', '\n            mysql -h host.docker.internal -u root --password=12345678 test < /opt/***/dags/products.sql\n           ']
[2024-05-16T11:31:02.116+0000] {subprocess.py:86} INFO - Output:
[2024-05-16T11:31:02.201+0000] {subprocess.py:97} INFO - Command exited with return code 0
[2024-05-16T11:31:02.202+0000] {taskinstance.py:441} INFO - ::group::Post task execution logs
[2024-05-16T11:31:02.245+0000] {taskinstance.py:1205} INFO - Marking task as SUCCESS. dag_id=dag_tables, task_id=import_table1, execution_date=20240516T112747, start_date=20240516T113101, end_date=20240516T113102
[2024-05-16T11:31:02.272+0000] {local_task_job_runner.py:240} INFO - Task exited with return code 0
[2024-05-16T11:31:02.288+0000] {taskinstance.py:3482} INFO - 1 downstream tasks scheduled from follow-on schedule check
[2024-05-16T11:31:02.289+0000] {local_task_job_runner.py:222} INFO - ::endgroup::
