[2024-05-16T11:27:47.637+0000] {local_task_job_runner.py:120} INFO - ::group::Pre task execution logs
[2024-05-16T11:27:47.660+0000] {taskinstance.py:2073} INFO - Dependencies all met for dep_context=non-requeueable deps ti=<TaskInstance: dag_tables.import_table1 manual__2024-05-16T11:27:47.297038+00:00 [queued]>
[2024-05-16T11:27:47.666+0000] {taskinstance.py:2073} INFO - Dependencies all met for dep_context=requeueable deps ti=<TaskInstance: dag_tables.import_table1 manual__2024-05-16T11:27:47.297038+00:00 [queued]>
[2024-05-16T11:27:47.666+0000] {taskinstance.py:2303} INFO - Starting attempt 1 of 6
[2024-05-16T11:27:47.675+0000] {taskinstance.py:2327} INFO - Executing <Task(BashOperator): import_table1> on 2024-05-16 11:27:47.297038+00:00
[2024-05-16T11:27:47.683+0000] {logging_mixin.py:188} WARNING - /home/***/.local/lib/python3.12/site-packages/***/task/task_runner/standard_task_runner.py:61 DeprecationWarning: This process (pid=883) is multi-threaded, use of fork() may lead to deadlocks in the child.
[2024-05-16T11:27:47.683+0000] {standard_task_runner.py:90} INFO - Running: ['***', 'tasks', 'run', 'dag_tables', 'import_table1', 'manual__2024-05-16T11:27:47.297038+00:00', '--job-id', '509', '--raw', '--subdir', 'DAGS_FOLDER/dag_mysql.py', '--cfg-path', '/tmp/tmp8slibnvs']
[2024-05-16T11:27:47.687+0000] {standard_task_runner.py:63} INFO - Started process 887 to run task
[2024-05-16T11:27:47.687+0000] {standard_task_runner.py:91} INFO - Job 509: Subtask import_table1
[2024-05-16T11:27:47.742+0000] {task_command.py:426} INFO - Running <TaskInstance: dag_tables.import_table1 manual__2024-05-16T11:27:47.297038+00:00 [running]> on host 7084a6d88d3b
[2024-05-16T11:27:47.813+0000] {taskinstance.py:2644} INFO - Exporting env vars: AIRFLOW_CTX_DAG_OWNER='bses' AIRFLOW_CTX_DAG_ID='dag_tables' AIRFLOW_CTX_TASK_ID='import_table1' AIRFLOW_CTX_EXECUTION_DATE='2024-05-16T11:27:47.297038+00:00' AIRFLOW_CTX_TRY_NUMBER='1' AIRFLOW_CTX_DAG_RUN_ID='manual__2024-05-16T11:27:47.297038+00:00'
[2024-05-16T11:27:47.815+0000] {taskinstance.py:430} INFO - ::endgroup::
[2024-05-16T11:27:47.824+0000] {subprocess.py:63} INFO - Tmp dir root location: /tmp
[2024-05-16T11:27:47.833+0000] {subprocess.py:75} INFO - Running command: ['/usr/bin/bash', '-c', '\n            mysql -h host.docker.internal -u root --password=12345678 test < /opt/***/dags/products.sql\n           ']
[2024-05-16T11:27:47.845+0000] {subprocess.py:86} INFO - Output:
[2024-05-16T11:27:47.978+0000] {subprocess.py:93} INFO - ERROR 1050 (42S01) at line 25: Table 'products' already exists
[2024-05-16T11:27:47.982+0000] {subprocess.py:97} INFO - Command exited with return code 1
[2024-05-16T11:27:47.984+0000] {taskinstance.py:441} INFO - ::group::Post task execution logs
[2024-05-16T11:27:47.998+0000] {taskinstance.py:2890} ERROR - Task failed with exception
Traceback (most recent call last):
  File "/home/airflow/.local/lib/python3.12/site-packages/airflow/models/taskinstance.py", line 465, in _execute_task
    result = _execute_callable(context=context, **execute_callable_kwargs)
             ^^^^^^^^^^^^^^^^^^^^^^^^^^^^^^^^^^^^^^^^^^^^^^^^^^^^^^^^^^^^^
  File "/home/airflow/.local/lib/python3.12/site-packages/airflow/models/taskinstance.py", line 432, in _execute_callable
    return execute_callable(context=context, **execute_callable_kwargs)
           ^^^^^^^^^^^^^^^^^^^^^^^^^^^^^^^^^^^^^^^^^^^^^^^^^^^^^^^^^^^^
  File "/home/airflow/.local/lib/python3.12/site-packages/airflow/models/baseoperator.py", line 400, in wrapper
    return func(self, *args, **kwargs)
           ^^^^^^^^^^^^^^^^^^^^^^^^^^^
  File "/home/airflow/.local/lib/python3.12/site-packages/airflow/operators/bash.py", line 243, in execute
    raise AirflowException(
airflow.exceptions.AirflowException: Bash command failed. The command returned a non-zero exit code 1.
[2024-05-16T11:27:48.007+0000] {taskinstance.py:1205} INFO - Marking task as UP_FOR_RETRY. dag_id=dag_tables, task_id=import_table1, execution_date=20240516T112747, start_date=20240516T112747, end_date=20240516T112748
[2024-05-16T11:27:48.022+0000] {standard_task_runner.py:110} ERROR - Failed to execute job 509 for task import_table1 (Bash command failed. The command returned a non-zero exit code 1.; 887)
[2024-05-16T11:27:48.043+0000] {local_task_job_runner.py:240} INFO - Task exited with return code 1
[2024-05-16T11:27:48.079+0000] {taskinstance.py:3482} INFO - 0 downstream tasks scheduled from follow-on schedule check
[2024-05-16T11:27:48.087+0000] {local_task_job_runner.py:222} INFO - ::endgroup::
