[2024-05-03T17:59:24.846+0000] {local_task_job_runner.py:120} INFO - ::group::Pre task execution logs
[2024-05-03T17:59:24.864+0000] {taskinstance.py:2073} INFO - Dependencies all met for dep_context=non-requeueable deps ti=<TaskInstance: create_dag_pythonv5.get_age scheduled__2024-05-01T00:00:00+00:00 [queued]>
[2024-05-03T17:59:24.869+0000] {taskinstance.py:2073} INFO - Dependencies all met for dep_context=requeueable deps ti=<TaskInstance: create_dag_pythonv5.get_age scheduled__2024-05-01T00:00:00+00:00 [queued]>
[2024-05-03T17:59:24.870+0000] {taskinstance.py:2303} INFO - Starting attempt 1 of 6
[2024-05-03T17:59:24.880+0000] {taskinstance.py:2327} INFO - Executing <Task(PythonOperator): get_age> on 2024-05-01 00:00:00+00:00
[2024-05-03T17:59:24.886+0000] {standard_task_runner.py:90} INFO - Running: ['***', 'tasks', 'run', 'create_dag_pythonv5', 'get_age', 'scheduled__2024-05-01T00:00:00+00:00', '--job-id', '26', '--raw', '--subdir', 'DAGS_FOLDER/create_dag_python.py', '--cfg-path', '/tmp/tmp3vk6siyw']
[2024-05-03T17:59:24.887+0000] {logging_mixin.py:188} WARNING - /home/***/.local/lib/python3.12/site-packages/***/task/task_runner/standard_task_runner.py:61 DeprecationWarning: This process (pid=972) is multi-threaded, use of fork() may lead to deadlocks in the child.
[2024-05-03T17:59:24.889+0000] {standard_task_runner.py:91} INFO - Job 26: Subtask get_age
[2024-05-03T17:59:24.889+0000] {standard_task_runner.py:63} INFO - Started process 976 to run task
[2024-05-03T17:59:24.933+0000] {task_command.py:426} INFO - Running <TaskInstance: create_dag_pythonv5.get_age scheduled__2024-05-01T00:00:00+00:00 [running]> on host 697ad57716e5
[2024-05-03T17:59:24.993+0000] {taskinstance.py:2644} INFO - Exporting env vars: AIRFLOW_CTX_DAG_OWNER='bses' AIRFLOW_CTX_DAG_ID='create_dag_pythonv5' AIRFLOW_CTX_TASK_ID='get_age' AIRFLOW_CTX_EXECUTION_DATE='2024-05-01T00:00:00+00:00' AIRFLOW_CTX_TRY_NUMBER='1' AIRFLOW_CTX_DAG_RUN_ID='scheduled__2024-05-01T00:00:00+00:00'
[2024-05-03T17:59:24.994+0000] {taskinstance.py:430} INFO - ::endgroup::
[2024-05-03T17:59:25.011+0000] {python.py:237} INFO - Done. Returned value was: None
[2024-05-03T17:59:25.012+0000] {taskinstance.py:441} INFO - ::group::Post task execution logs
[2024-05-03T17:59:25.017+0000] {taskinstance.py:1205} INFO - Marking task as SUCCESS. dag_id=create_dag_pythonv5, task_id=get_age, execution_date=20240501T000000, start_date=20240503T175924, end_date=20240503T175925
[2024-05-03T17:59:25.030+0000] {local_task_job_runner.py:240} INFO - Task exited with return code 0
[2024-05-03T17:59:25.042+0000] {taskinstance.py:3482} INFO - 1 downstream tasks scheduled from follow-on schedule check
[2024-05-03T17:59:25.043+0000] {local_task_job_runner.py:222} INFO - ::endgroup::
[2024-05-04T05:51:20.546+0000] {local_task_job_runner.py:120} INFO - ::group::Pre task execution logs
[2024-05-04T05:51:20.569+0000] {taskinstance.py:2073} INFO - Dependencies all met for dep_context=non-requeueable deps ti=<TaskInstance: create_dag_pythonv5.get_age scheduled__2024-05-01T00:00:00+00:00 [queued]>
[2024-05-04T05:51:20.574+0000] {taskinstance.py:2073} INFO - Dependencies all met for dep_context=requeueable deps ti=<TaskInstance: create_dag_pythonv5.get_age scheduled__2024-05-01T00:00:00+00:00 [queued]>
[2024-05-04T05:51:20.574+0000] {taskinstance.py:2303} INFO - Starting attempt 1 of 6
[2024-05-04T05:51:20.582+0000] {taskinstance.py:2327} INFO - Executing <Task(PythonOperator): get_age> on 2024-05-01 00:00:00+00:00
[2024-05-04T05:51:20.588+0000] {standard_task_runner.py:90} INFO - Running: ['***', 'tasks', 'run', 'create_dag_pythonv5', 'get_age', 'scheduled__2024-05-01T00:00:00+00:00', '--job-id', '4', '--raw', '--subdir', 'DAGS_FOLDER/create_dag_python.py', '--cfg-path', '/tmp/tmpiut7v35q']
[2024-05-04T05:51:20.590+0000] {logging_mixin.py:188} WARNING - /home/***/.local/lib/python3.12/site-packages/***/task/task_runner/standard_task_runner.py:61 DeprecationWarning: This process (pid=238) is multi-threaded, use of fork() may lead to deadlocks in the child.
[2024-05-04T05:51:20.590+0000] {standard_task_runner.py:91} INFO - Job 4: Subtask get_age
[2024-05-04T05:51:20.591+0000] {standard_task_runner.py:63} INFO - Started process 243 to run task
[2024-05-04T05:51:20.632+0000] {task_command.py:426} INFO - Running <TaskInstance: create_dag_pythonv5.get_age scheduled__2024-05-01T00:00:00+00:00 [running]> on host 97b2d875d020
[2024-05-04T05:51:20.691+0000] {taskinstance.py:2644} INFO - Exporting env vars: AIRFLOW_CTX_DAG_OWNER='bses' AIRFLOW_CTX_DAG_ID='create_dag_pythonv5' AIRFLOW_CTX_TASK_ID='get_age' AIRFLOW_CTX_EXECUTION_DATE='2024-05-01T00:00:00+00:00' AIRFLOW_CTX_TRY_NUMBER='1' AIRFLOW_CTX_DAG_RUN_ID='scheduled__2024-05-01T00:00:00+00:00'
[2024-05-04T05:51:20.694+0000] {taskinstance.py:430} INFO - ::endgroup::
[2024-05-04T05:51:20.711+0000] {python.py:237} INFO - Done. Returned value was: None
[2024-05-04T05:51:20.712+0000] {taskinstance.py:441} INFO - ::group::Post task execution logs
[2024-05-04T05:51:20.720+0000] {taskinstance.py:1205} INFO - Marking task as SUCCESS. dag_id=create_dag_pythonv5, task_id=get_age, execution_date=20240501T000000, start_date=20240504T055120, end_date=20240504T055120
[2024-05-04T05:51:20.732+0000] {local_task_job_runner.py:240} INFO - Task exited with return code 0
[2024-05-04T05:51:20.747+0000] {taskinstance.py:3482} INFO - 0 downstream tasks scheduled from follow-on schedule check
[2024-05-04T05:51:20.748+0000] {local_task_job_runner.py:222} INFO - ::endgroup::
