[2024-05-04T15:33:09.281+0000] {local_task_job_runner.py:120} INFO - ::group::Pre task execution logs
[2024-05-04T15:33:09.296+0000] {taskinstance.py:2073} INFO - Dependencies all met for dep_context=non-requeueable deps ti=<TaskInstance: dag_space.check_space manual__2024-05-04T15:33:08.216619+00:00 [queued]>
[2024-05-04T15:33:09.300+0000] {taskinstance.py:2073} INFO - Dependencies all met for dep_context=requeueable deps ti=<TaskInstance: dag_space.check_space manual__2024-05-04T15:33:08.216619+00:00 [queued]>
[2024-05-04T15:33:09.301+0000] {taskinstance.py:2303} INFO - Starting attempt 1 of 6
[2024-05-04T15:33:09.306+0000] {taskinstance.py:2327} INFO - Executing <Task(BashOperator): check_space> on 2024-05-04 15:33:08.216619+00:00
[2024-05-04T15:33:09.310+0000] {standard_task_runner.py:90} INFO - Running: ['***', 'tasks', 'run', 'dag_space', 'check_space', 'manual__2024-05-04T15:33:08.216619+00:00', '--job-id', '78', '--raw', '--subdir', 'DAGS_FOLDER/dag_mysql.py', '--cfg-path', '/tmp/tmpgdmsqeyz']
[2024-05-04T15:33:09.311+0000] {logging_mixin.py:188} WARNING - /home/***/.local/lib/python3.12/site-packages/***/task/task_runner/standard_task_runner.py:61 DeprecationWarning: This process (pid=624) is multi-threaded, use of fork() may lead to deadlocks in the child.
[2024-05-04T15:33:09.311+0000] {standard_task_runner.py:91} INFO - Job 78: Subtask check_space
[2024-05-04T15:33:09.311+0000] {standard_task_runner.py:63} INFO - Started process 625 to run task
[2024-05-04T15:33:09.333+0000] {task_command.py:426} INFO - Running <TaskInstance: dag_space.check_space manual__2024-05-04T15:33:08.216619+00:00 [running]> on host f85b7a0b58b5
[2024-05-04T15:33:09.372+0000] {taskinstance.py:2644} INFO - Exporting env vars: AIRFLOW_CTX_DAG_OWNER='bses' AIRFLOW_CTX_DAG_ID='dag_space' AIRFLOW_CTX_TASK_ID='check_space' AIRFLOW_CTX_EXECUTION_DATE='2024-05-04T15:33:08.216619+00:00' AIRFLOW_CTX_TRY_NUMBER='1' AIRFLOW_CTX_DAG_RUN_ID='manual__2024-05-04T15:33:08.216619+00:00'
[2024-05-04T15:33:09.373+0000] {taskinstance.py:430} INFO - ::endgroup::
[2024-05-04T15:33:09.380+0000] {subprocess.py:63} INFO - Tmp dir root location: /tmp
[2024-05-04T15:33:09.380+0000] {subprocess.py:75} INFO - Running command: ['/usr/bin/bash', '-c', ' df -H']
[2024-05-04T15:33:09.385+0000] {subprocess.py:86} INFO - Output:
[2024-05-04T15:33:09.386+0000] {subprocess.py:93} INFO - Filesystem            Size  Used Avail Use% Mounted on
[2024-05-04T15:33:09.387+0000] {subprocess.py:93} INFO - overlay                63G  4.3G   56G   8% /
[2024-05-04T15:33:09.387+0000] {subprocess.py:93} INFO - tmpfs                  68M     0   68M   0% /dev
[2024-05-04T15:33:09.387+0000] {subprocess.py:93} INFO - shm                    68M     0   68M   0% /dev/shm
[2024-05-04T15:33:09.387+0000] {subprocess.py:93} INFO - /dev/vda1              63G  4.3G   56G   8% /etc/hosts
[2024-05-04T15:33:09.387+0000] {subprocess.py:93} INFO - /run/host_mark/Users  495G   48G  447G  10% /opt/***/dags
[2024-05-04T15:33:09.388+0000] {subprocess.py:93} INFO - tmpfs                 4.2G     0  4.2G   0% /sys/firmware
[2024-05-04T15:33:09.388+0000] {subprocess.py:97} INFO - Command exited with return code 0
[2024-05-04T15:33:09.388+0000] {taskinstance.py:441} INFO - ::group::Post task execution logs
[2024-05-04T15:33:09.401+0000] {taskinstance.py:1205} INFO - Marking task as SUCCESS. dag_id=dag_space, task_id=check_space, execution_date=20240504T153308, start_date=20240504T153309, end_date=20240504T153309
[2024-05-04T15:33:09.410+0000] {local_task_job_runner.py:240} INFO - Task exited with return code 0
[2024-05-04T15:33:09.419+0000] {taskinstance.py:3482} INFO - 0 downstream tasks scheduled from follow-on schedule check
[2024-05-04T15:33:09.420+0000] {local_task_job_runner.py:222} INFO - ::endgroup::
