[2024-05-15T10:43:44.781+0000] {local_task_job_runner.py:120} INFO - ::group::Pre task execution logs
[2024-05-15T10:43:44.794+0000] {taskinstance.py:2073} INFO - Dependencies all met for dep_context=non-requeueable deps ti=<TaskInstance: hdfs_create_directory.create_hdfs_directory manual__2024-05-15T10:43:44.333732+00:00 [queued]>
[2024-05-15T10:43:44.798+0000] {taskinstance.py:2073} INFO - Dependencies all met for dep_context=requeueable deps ti=<TaskInstance: hdfs_create_directory.create_hdfs_directory manual__2024-05-15T10:43:44.333732+00:00 [queued]>
[2024-05-15T10:43:44.798+0000] {taskinstance.py:2303} INFO - Starting attempt 1 of 2
[2024-05-15T10:43:44.804+0000] {taskinstance.py:2327} INFO - Executing <Task(BashOperator): create_hdfs_directory> on 2024-05-15 10:43:44.333732+00:00
[2024-05-15T10:43:44.807+0000] {standard_task_runner.py:90} INFO - Running: ['***', 'tasks', 'run', 'hdfs_create_directory', 'create_hdfs_directory', 'manual__2024-05-15T10:43:44.333732+00:00', '--job-id', '220', '--raw', '--subdir', 'DAGS_FOLDER/hdfs_dag.py', '--cfg-path', '/tmp/tmpa5z5q0n0']
[2024-05-15T10:43:44.808+0000] {logging_mixin.py:188} WARNING - /home/***/.local/lib/python3.12/site-packages/***/task/task_runner/standard_task_runner.py:61 DeprecationWarning: This process (pid=218) is multi-threaded, use of fork() may lead to deadlocks in the child.
[2024-05-15T10:43:44.808+0000] {standard_task_runner.py:91} INFO - Job 220: Subtask create_hdfs_directory
[2024-05-15T10:43:44.809+0000] {standard_task_runner.py:63} INFO - Started process 219 to run task
[2024-05-15T10:43:44.827+0000] {task_command.py:426} INFO - Running <TaskInstance: hdfs_create_directory.create_hdfs_directory manual__2024-05-15T10:43:44.333732+00:00 [running]> on host e6ff7434f566
[2024-05-15T10:43:44.864+0000] {taskinstance.py:2644} INFO - Exporting env vars: AIRFLOW_CTX_DAG_OWNER='***' AIRFLOW_CTX_DAG_ID='hdfs_create_directory' AIRFLOW_CTX_TASK_ID='create_hdfs_directory' AIRFLOW_CTX_EXECUTION_DATE='2024-05-15T10:43:44.333732+00:00' AIRFLOW_CTX_TRY_NUMBER='1' AIRFLOW_CTX_DAG_RUN_ID='manual__2024-05-15T10:43:44.333732+00:00'
[2024-05-15T10:43:44.864+0000] {taskinstance.py:430} INFO - ::endgroup::
[2024-05-15T10:43:44.871+0000] {subprocess.py:63} INFO - Tmp dir root location: /tmp
[2024-05-15T10:43:44.871+0000] {subprocess.py:75} INFO - Running command: ['/usr/bin/bash', '-c', 'pwd']
[2024-05-15T10:43:44.876+0000] {subprocess.py:86} INFO - Output:
[2024-05-15T10:43:44.877+0000] {subprocess.py:93} INFO - /tmp/***tmpyh33l_eg
[2024-05-15T10:43:44.877+0000] {subprocess.py:97} INFO - Command exited with return code 0
[2024-05-15T10:43:44.877+0000] {taskinstance.py:441} INFO - ::group::Post task execution logs
[2024-05-15T10:43:44.888+0000] {taskinstance.py:1205} INFO - Marking task as SUCCESS. dag_id=hdfs_create_directory, task_id=create_hdfs_directory, execution_date=20240515T104344, start_date=20240515T104344, end_date=20240515T104344
[2024-05-15T10:43:44.908+0000] {local_task_job_runner.py:240} INFO - Task exited with return code 0
[2024-05-15T10:43:44.915+0000] {taskinstance.py:3482} INFO - 0 downstream tasks scheduled from follow-on schedule check
[2024-05-15T10:43:44.916+0000] {local_task_job_runner.py:222} INFO - ::endgroup::
