[2024-05-19T03:18:45.056+0000] {local_task_job_runner.py:120} INFO - ::group::Pre task execution logs
[2024-05-19T03:18:45.112+0000] {taskinstance.py:2073} INFO - Dependencies all met for dep_context=non-requeueable deps ti=<TaskInstance: dag_analysis.analysis scheduled__2024-05-03T00:00:00+00:00 [queued]>
[2024-05-19T03:18:45.134+0000] {taskinstance.py:2073} INFO - Dependencies all met for dep_context=requeueable deps ti=<TaskInstance: dag_analysis.analysis scheduled__2024-05-03T00:00:00+00:00 [queued]>
[2024-05-19T03:18:45.136+0000] {taskinstance.py:2303} INFO - Starting attempt 1 of 6
[2024-05-19T03:18:45.182+0000] {taskinstance.py:2327} INFO - Executing <Task(PythonOperator): analysis> on 2024-05-03 00:00:00+00:00
[2024-05-19T03:18:45.209+0000] {standard_task_runner.py:90} INFO - Running: ['***', 'tasks', 'run', 'dag_analysis', 'analysis', 'scheduled__2024-05-03T00:00:00+00:00', '--job-id', '560', '--raw', '--subdir', 'DAGS_FOLDER/dag1.py', '--cfg-path', '/tmp/tmp7iwyss7e']
[2024-05-19T03:18:45.215+0000] {logging_mixin.py:188} WARNING - /home/***/.local/lib/python3.12/site-packages/***/task/task_runner/standard_task_runner.py:61 DeprecationWarning: This process (pid=179) is multi-threaded, use of fork() may lead to deadlocks in the child.
[2024-05-19T03:18:45.223+0000] {standard_task_runner.py:63} INFO - Started process 200 to run task
[2024-05-19T03:18:45.215+0000] {standard_task_runner.py:91} INFO - Job 560: Subtask analysis
[2024-05-19T03:18:45.337+0000] {task_command.py:426} INFO - Running <TaskInstance: dag_analysis.analysis scheduled__2024-05-03T00:00:00+00:00 [running]> on host cf8d95dc7aa1
[2024-05-19T03:18:45.487+0000] {taskinstance.py:2644} INFO - Exporting env vars: AIRFLOW_CTX_DAG_OWNER='bses' AIRFLOW_CTX_DAG_ID='dag_analysis' AIRFLOW_CTX_TASK_ID='analysis' AIRFLOW_CTX_EXECUTION_DATE='2024-05-03T00:00:00+00:00' AIRFLOW_CTX_TRY_NUMBER='1' AIRFLOW_CTX_DAG_RUN_ID='scheduled__2024-05-03T00:00:00+00:00'
[2024-05-19T03:18:45.495+0000] {taskinstance.py:430} INFO - ::endgroup::
[2024-05-19T03:18:45.526+0000] {taskinstance.py:441} INFO - ::group::Post task execution logs
[2024-05-19T03:18:45.529+0000] {taskinstance.py:2890} ERROR - Task failed with exception
Traceback (most recent call last):
  File "/home/airflow/.local/lib/python3.12/site-packages/mysql/connector/connection_cext.py", line 323, in _open_connection
    self._cmysql.connect(**cnx_kwargs)
_mysql_connector.MySQLInterfaceError: Can't connect to MySQL server on 'Bisheshs-MacBook-Pro.local:3306' (22)

The above exception was the direct cause of the following exception:

Traceback (most recent call last):
  File "/home/airflow/.local/lib/python3.12/site-packages/airflow/models/taskinstance.py", line 465, in _execute_task
    result = _execute_callable(context=context, **execute_callable_kwargs)
             ^^^^^^^^^^^^^^^^^^^^^^^^^^^^^^^^^^^^^^^^^^^^^^^^^^^^^^^^^^^^^
  File "/home/airflow/.local/lib/python3.12/site-packages/airflow/models/taskinstance.py", line 432, in _execute_callable
    return execute_callable(context=context, **execute_callable_kwargs)
           ^^^^^^^^^^^^^^^^^^^^^^^^^^^^^^^^^^^^^^^^^^^^^^^^^^^^^^^^^^^^
  File "/home/airflow/.local/lib/python3.12/site-packages/airflow/models/baseoperator.py", line 400, in wrapper
    return func(self, *args, **kwargs)
           ^^^^^^^^^^^^^^^^^^^^^^^^^^^
  File "/home/airflow/.local/lib/python3.12/site-packages/airflow/operators/python.py", line 235, in execute
    return_value = self.execute_callable()
                   ^^^^^^^^^^^^^^^^^^^^^^^
  File "/home/airflow/.local/lib/python3.12/site-packages/airflow/operators/python.py", line 252, in execute_callable
    return self.python_callable(*self.op_args, **self.op_kwargs)
           ^^^^^^^^^^^^^^^^^^^^^^^^^^^^^^^^^^^^^^^^^^^^^^^^^^^^^
  File "/opt/airflow/dags/dag1.py", line 8, in run
    conn = connection.connect(
           ^^^^^^^^^^^^^^^^^^^
  File "/home/airflow/.local/lib/python3.12/site-packages/mysql/connector/pooling.py", line 322, in connect
    return CMySQLConnection(*args, **kwargs)
           ^^^^^^^^^^^^^^^^^^^^^^^^^^^^^^^^^
  File "/home/airflow/.local/lib/python3.12/site-packages/mysql/connector/connection_cext.py", line 140, in __init__
    self.connect(**kwargs)
  File "/home/airflow/.local/lib/python3.12/site-packages/mysql/connector/abstracts.py", line 1363, in connect
    self._open_connection()
  File "/home/airflow/.local/lib/python3.12/site-packages/mysql/connector/connection_cext.py", line 328, in _open_connection
    raise get_mysql_exception(
mysql.connector.errors.DatabaseError: 2003 (HY000): Can't connect to MySQL server on 'Bisheshs-MacBook-Pro.local:3306' (22)
[2024-05-19T03:18:45.557+0000] {taskinstance.py:1205} INFO - Marking task as UP_FOR_RETRY. dag_id=dag_analysis, task_id=analysis, execution_date=20240503T000000, start_date=20240519T031845, end_date=20240519T031845
[2024-05-19T03:18:45.689+0000] {standard_task_runner.py:110} ERROR - Failed to execute job 560 for task analysis (2003 (HY000): Can't connect to MySQL server on 'Bisheshs-MacBook-Pro.local:3306' (22); 200)
[2024-05-19T03:18:45.707+0000] {local_task_job_runner.py:240} INFO - Task exited with return code 1
[2024-05-19T03:18:45.793+0000] {taskinstance.py:3482} INFO - 0 downstream tasks scheduled from follow-on schedule check
[2024-05-19T03:18:45.809+0000] {local_task_job_runner.py:222} INFO - ::endgroup::
[2024-05-19T03:19:43.485+0000] {local_task_job_runner.py:120} INFO - ::group::Pre task execution logs
[2024-05-19T03:19:43.510+0000] {taskinstance.py:2073} INFO - Dependencies all met for dep_context=non-requeueable deps ti=<TaskInstance: dag_analysis.analysis scheduled__2024-05-03T00:00:00+00:00 [queued]>
[2024-05-19T03:19:43.518+0000] {taskinstance.py:2073} INFO - Dependencies all met for dep_context=requeueable deps ti=<TaskInstance: dag_analysis.analysis scheduled__2024-05-03T00:00:00+00:00 [queued]>
[2024-05-19T03:19:43.521+0000] {taskinstance.py:2303} INFO - Starting attempt 1 of 6
[2024-05-19T03:19:43.559+0000] {taskinstance.py:2327} INFO - Executing <Task(PythonOperator): analysis> on 2024-05-03 00:00:00+00:00
[2024-05-19T03:19:43.580+0000] {logging_mixin.py:188} WARNING - /home/***/.local/lib/python3.12/site-packages/***/task/task_runner/standard_task_runner.py:61 DeprecationWarning: This process (pid=260) is multi-threaded, use of fork() may lead to deadlocks in the child.
[2024-05-19T03:19:43.585+0000] {standard_task_runner.py:63} INFO - Started process 279 to run task
[2024-05-19T03:19:43.576+0000] {standard_task_runner.py:90} INFO - Running: ['***', 'tasks', 'run', 'dag_analysis', 'analysis', 'scheduled__2024-05-03T00:00:00+00:00', '--job-id', '577', '--raw', '--subdir', 'DAGS_FOLDER/dag1.py', '--cfg-path', '/tmp/tmpptkp6prj']
[2024-05-19T03:19:43.591+0000] {standard_task_runner.py:91} INFO - Job 577: Subtask analysis
[2024-05-19T03:19:43.677+0000] {task_command.py:426} INFO - Running <TaskInstance: dag_analysis.analysis scheduled__2024-05-03T00:00:00+00:00 [running]> on host cf8d95dc7aa1
[2024-05-19T03:19:43.828+0000] {taskinstance.py:2644} INFO - Exporting env vars: AIRFLOW_CTX_DAG_OWNER='bses' AIRFLOW_CTX_DAG_ID='dag_analysis' AIRFLOW_CTX_TASK_ID='analysis' AIRFLOW_CTX_EXECUTION_DATE='2024-05-03T00:00:00+00:00' AIRFLOW_CTX_TRY_NUMBER='1' AIRFLOW_CTX_DAG_RUN_ID='scheduled__2024-05-03T00:00:00+00:00'
[2024-05-19T03:19:43.836+0000] {taskinstance.py:430} INFO - ::endgroup::
[2024-05-19T03:19:44.086+0000] {logging_mixin.py:188} WARNING - /opt/***/dags/dag1.py:15 UserWarning: pandas only supports SQLAlchemy connectable (engine/connection) or database string URI or sqlite3 DBAPI2 connection. Other DBAPI2 objects are not tested. Please consider using SQLAlchemy.
[2024-05-19T03:19:44.323+0000] {logging_mixin.py:188} WARNING - /opt/***/dags/dag1.py:17 UserWarning: pandas only supports SQLAlchemy connectable (engine/connection) or database string URI or sqlite3 DBAPI2 connection. Other DBAPI2 objects are not tested. Please consider using SQLAlchemy.
[2024-05-19T03:19:44.338+0000] {logging_mixin.py:188} WARNING - /opt/***/dags/dag1.py:19 UserWarning: pandas only supports SQLAlchemy connectable (engine/connection) or database string URI or sqlite3 DBAPI2 connection. Other DBAPI2 objects are not tested. Please consider using SQLAlchemy.
[2024-05-19T03:19:44.369+0000] {logging_mixin.py:188} WARNING - /opt/***/dags/dag1.py:21 UserWarning: pandas only supports SQLAlchemy connectable (engine/connection) or database string URI or sqlite3 DBAPI2 connection. Other DBAPI2 objects are not tested. Please consider using SQLAlchemy.
[2024-05-19T03:19:44.386+0000] {logging_mixin.py:188} WARNING - /opt/***/dags/dag1.py:23 UserWarning: pandas only supports SQLAlchemy connectable (engine/connection) or database string URI or sqlite3 DBAPI2 connection. Other DBAPI2 objects are not tested. Please consider using SQLAlchemy.
[2024-05-19T03:19:44.570+0000] {python.py:237} INFO - Done. Returned value was: None
[2024-05-19T03:19:44.578+0000] {taskinstance.py:441} INFO - ::group::Post task execution logs
[2024-05-19T03:19:44.606+0000] {taskinstance.py:1205} INFO - Marking task as SUCCESS. dag_id=dag_analysis, task_id=analysis, execution_date=20240503T000000, start_date=20240519T031943, end_date=20240519T031944
[2024-05-19T03:19:44.710+0000] {local_task_job_runner.py:240} INFO - Task exited with return code 0
[2024-05-19T03:19:44.741+0000] {taskinstance.py:3482} INFO - 0 downstream tasks scheduled from follow-on schedule check
[2024-05-19T03:19:44.765+0000] {local_task_job_runner.py:222} INFO - ::endgroup::
[2024-05-19T03:20:56.116+0000] {local_task_job_runner.py:120} INFO - ::group::Pre task execution logs
[2024-05-19T03:20:56.150+0000] {taskinstance.py:2073} INFO - Dependencies all met for dep_context=non-requeueable deps ti=<TaskInstance: dag_analysis.analysis scheduled__2024-05-03T00:00:00+00:00 [queued]>
[2024-05-19T03:20:56.157+0000] {taskinstance.py:2073} INFO - Dependencies all met for dep_context=requeueable deps ti=<TaskInstance: dag_analysis.analysis scheduled__2024-05-03T00:00:00+00:00 [queued]>
[2024-05-19T03:20:56.158+0000] {taskinstance.py:2303} INFO - Starting attempt 1 of 6
[2024-05-19T03:20:56.173+0000] {taskinstance.py:2327} INFO - Executing <Task(PythonOperator): analysis> on 2024-05-03 00:00:00+00:00
[2024-05-19T03:20:56.189+0000] {logging_mixin.py:188} WARNING - /home/***/.local/lib/python3.12/site-packages/***/task/task_runner/standard_task_runner.py:61 DeprecationWarning: This process (pid=363) is multi-threaded, use of fork() may lead to deadlocks in the child.
[2024-05-19T03:20:56.190+0000] {standard_task_runner.py:90} INFO - Running: ['***', 'tasks', 'run', 'dag_analysis', 'analysis', 'scheduled__2024-05-03T00:00:00+00:00', '--job-id', '596', '--raw', '--subdir', 'DAGS_FOLDER/dag1.py', '--cfg-path', '/tmp/tmpsi2p2ple']
[2024-05-19T03:20:56.198+0000] {standard_task_runner.py:91} INFO - Job 596: Subtask analysis
[2024-05-19T03:20:56.199+0000] {standard_task_runner.py:63} INFO - Started process 380 to run task
[2024-05-19T03:20:56.318+0000] {task_command.py:426} INFO - Running <TaskInstance: dag_analysis.analysis scheduled__2024-05-03T00:00:00+00:00 [running]> on host cf8d95dc7aa1
[2024-05-19T03:20:56.484+0000] {taskinstance.py:2644} INFO - Exporting env vars: AIRFLOW_CTX_DAG_OWNER='bses' AIRFLOW_CTX_DAG_ID='dag_analysis' AIRFLOW_CTX_TASK_ID='analysis' AIRFLOW_CTX_EXECUTION_DATE='2024-05-03T00:00:00+00:00' AIRFLOW_CTX_TRY_NUMBER='1' AIRFLOW_CTX_DAG_RUN_ID='scheduled__2024-05-03T00:00:00+00:00'
[2024-05-19T03:20:56.490+0000] {taskinstance.py:430} INFO - ::endgroup::
[2024-05-19T03:20:56.675+0000] {logging_mixin.py:188} WARNING - /opt/***/dags/dag1.py:15 UserWarning: pandas only supports SQLAlchemy connectable (engine/connection) or database string URI or sqlite3 DBAPI2 connection. Other DBAPI2 objects are not tested. Please consider using SQLAlchemy.
[2024-05-19T03:20:56.863+0000] {logging_mixin.py:188} WARNING - /opt/***/dags/dag1.py:17 UserWarning: pandas only supports SQLAlchemy connectable (engine/connection) or database string URI or sqlite3 DBAPI2 connection. Other DBAPI2 objects are not tested. Please consider using SQLAlchemy.
[2024-05-19T03:20:56.875+0000] {logging_mixin.py:188} WARNING - /opt/***/dags/dag1.py:19 UserWarning: pandas only supports SQLAlchemy connectable (engine/connection) or database string URI or sqlite3 DBAPI2 connection. Other DBAPI2 objects are not tested. Please consider using SQLAlchemy.
[2024-05-19T03:20:56.896+0000] {logging_mixin.py:188} WARNING - /opt/***/dags/dag1.py:21 UserWarning: pandas only supports SQLAlchemy connectable (engine/connection) or database string URI or sqlite3 DBAPI2 connection. Other DBAPI2 objects are not tested. Please consider using SQLAlchemy.
[2024-05-19T03:20:56.910+0000] {logging_mixin.py:188} WARNING - /opt/***/dags/dag1.py:23 UserWarning: pandas only supports SQLAlchemy connectable (engine/connection) or database string URI or sqlite3 DBAPI2 connection. Other DBAPI2 objects are not tested. Please consider using SQLAlchemy.
[2024-05-19T03:20:57.115+0000] {python.py:237} INFO - Done. Returned value was: None
[2024-05-19T03:20:57.122+0000] {taskinstance.py:441} INFO - ::group::Post task execution logs
[2024-05-19T03:20:57.134+0000] {taskinstance.py:1205} INFO - Marking task as SUCCESS. dag_id=dag_analysis, task_id=analysis, execution_date=20240503T000000, start_date=20240519T032056, end_date=20240519T032057
[2024-05-19T03:20:57.183+0000] {local_task_job_runner.py:240} INFO - Task exited with return code 0
[2024-05-19T03:20:57.206+0000] {taskinstance.py:3482} INFO - 0 downstream tasks scheduled from follow-on schedule check
[2024-05-19T03:20:57.214+0000] {local_task_job_runner.py:222} INFO - ::endgroup::
