[2024-05-03T17:59:24.842+0000] {local_task_job_runner.py:120} INFO - ::group::Pre task execution logs
[2024-05-03T17:59:24.860+0000] {taskinstance.py:2073} INFO - Dependencies all met for dep_context=non-requeueable deps ti=<TaskInstance: create_dag_pythonv5.get_name scheduled__2024-05-01T00:00:00+00:00 [queued]>
[2024-05-03T17:59:24.865+0000] {taskinstance.py:2073} INFO - Dependencies all met for dep_context=requeueable deps ti=<TaskInstance: create_dag_pythonv5.get_name scheduled__2024-05-01T00:00:00+00:00 [queued]>
[2024-05-03T17:59:24.866+0000] {taskinstance.py:2303} INFO - Starting attempt 1 of 6
[2024-05-03T17:59:24.877+0000] {taskinstance.py:2327} INFO - Executing <Task(PythonOperator): get_name> on 2024-05-01 00:00:00+00:00
[2024-05-03T17:59:24.885+0000] {logging_mixin.py:188} WARNING - /home/***/.local/lib/python3.12/site-packages/***/task/task_runner/standard_task_runner.py:61 DeprecationWarning: This process (pid=971) is multi-threaded, use of fork() may lead to deadlocks in the child.
[2024-05-03T17:59:24.886+0000] {standard_task_runner.py:63} INFO - Started process 975 to run task
[2024-05-03T17:59:24.883+0000] {standard_task_runner.py:90} INFO - Running: ['***', 'tasks', 'run', 'create_dag_pythonv5', 'get_name', 'scheduled__2024-05-01T00:00:00+00:00', '--job-id', '25', '--raw', '--subdir', 'DAGS_FOLDER/create_dag_python.py', '--cfg-path', '/tmp/tmpf0ggms88']
[2024-05-03T17:59:24.889+0000] {standard_task_runner.py:91} INFO - Job 25: Subtask get_name
[2024-05-03T17:59:24.933+0000] {task_command.py:426} INFO - Running <TaskInstance: create_dag_pythonv5.get_name scheduled__2024-05-01T00:00:00+00:00 [running]> on host 697ad57716e5
[2024-05-03T17:59:24.988+0000] {taskinstance.py:2644} INFO - Exporting env vars: AIRFLOW_CTX_DAG_OWNER='bses' AIRFLOW_CTX_DAG_ID='create_dag_pythonv5' AIRFLOW_CTX_TASK_ID='get_name' AIRFLOW_CTX_EXECUTION_DATE='2024-05-01T00:00:00+00:00' AIRFLOW_CTX_TRY_NUMBER='1' AIRFLOW_CTX_DAG_RUN_ID='scheduled__2024-05-01T00:00:00+00:00'
[2024-05-03T17:59:24.990+0000] {taskinstance.py:430} INFO - ::endgroup::
[2024-05-03T17:59:25.014+0000] {python.py:237} INFO - Done. Returned value was: None
[2024-05-03T17:59:25.015+0000] {taskinstance.py:441} INFO - ::group::Post task execution logs
[2024-05-03T17:59:25.021+0000] {taskinstance.py:1205} INFO - Marking task as SUCCESS. dag_id=create_dag_pythonv5, task_id=get_name, execution_date=20240501T000000, start_date=20240503T175924, end_date=20240503T175925
[2024-05-03T17:59:25.067+0000] {local_task_job_runner.py:240} INFO - Task exited with return code 0
[2024-05-03T17:59:25.075+0000] {taskinstance.py:3482} INFO - 0 downstream tasks scheduled from follow-on schedule check
[2024-05-03T17:59:25.076+0000] {local_task_job_runner.py:222} INFO - ::endgroup::
[2024-05-04T05:51:20.546+0000] {local_task_job_runner.py:120} INFO - ::group::Pre task execution logs
[2024-05-04T05:51:20.578+0000] {taskinstance.py:2073} INFO - Dependencies all met for dep_context=non-requeueable deps ti=<TaskInstance: create_dag_pythonv5.get_name scheduled__2024-05-01T00:00:00+00:00 [queued]>
[2024-05-04T05:51:20.589+0000] {taskinstance.py:2073} INFO - Dependencies all met for dep_context=requeueable deps ti=<TaskInstance: create_dag_pythonv5.get_name scheduled__2024-05-01T00:00:00+00:00 [queued]>
[2024-05-04T05:51:20.590+0000] {taskinstance.py:2303} INFO - Starting attempt 1 of 6
[2024-05-04T05:51:20.597+0000] {taskinstance.py:2327} INFO - Executing <Task(PythonOperator): get_name> on 2024-05-01 00:00:00+00:00
[2024-05-04T05:51:20.603+0000] {standard_task_runner.py:90} INFO - Running: ['***', 'tasks', 'run', 'create_dag_pythonv5', 'get_name', 'scheduled__2024-05-01T00:00:00+00:00', '--job-id', '3', '--raw', '--subdir', 'DAGS_FOLDER/create_dag_python.py', '--cfg-path', '/tmp/tmpkcof8bj2']
[2024-05-04T05:51:20.603+0000] {logging_mixin.py:188} WARNING - /home/***/.local/lib/python3.12/site-packages/***/task/task_runner/standard_task_runner.py:61 DeprecationWarning: This process (pid=237) is multi-threaded, use of fork() may lead to deadlocks in the child.
[2024-05-04T05:51:20.605+0000] {standard_task_runner.py:91} INFO - Job 3: Subtask get_name
[2024-05-04T05:51:20.606+0000] {standard_task_runner.py:63} INFO - Started process 244 to run task
[2024-05-04T05:51:20.646+0000] {task_command.py:426} INFO - Running <TaskInstance: create_dag_pythonv5.get_name scheduled__2024-05-01T00:00:00+00:00 [running]> on host 97b2d875d020
[2024-05-04T05:51:20.703+0000] {taskinstance.py:2644} INFO - Exporting env vars: AIRFLOW_CTX_DAG_OWNER='bses' AIRFLOW_CTX_DAG_ID='create_dag_pythonv5' AIRFLOW_CTX_TASK_ID='get_name' AIRFLOW_CTX_EXECUTION_DATE='2024-05-01T00:00:00+00:00' AIRFLOW_CTX_TRY_NUMBER='1' AIRFLOW_CTX_DAG_RUN_ID='scheduled__2024-05-01T00:00:00+00:00'
[2024-05-04T05:51:20.705+0000] {taskinstance.py:430} INFO - ::endgroup::
[2024-05-04T05:51:20.728+0000] {python.py:237} INFO - Done. Returned value was: None
[2024-05-04T05:51:20.730+0000] {taskinstance.py:441} INFO - ::group::Post task execution logs
[2024-05-04T05:51:20.739+0000] {taskinstance.py:1205} INFO - Marking task as SUCCESS. dag_id=create_dag_pythonv5, task_id=get_name, execution_date=20240501T000000, start_date=20240504T055120, end_date=20240504T055120
[2024-05-04T05:51:20.751+0000] {local_task_job_runner.py:240} INFO - Task exited with return code 0
[2024-05-04T05:51:20.767+0000] {taskinstance.py:3482} INFO - 1 downstream tasks scheduled from follow-on schedule check
[2024-05-04T05:51:20.771+0000] {local_task_job_runner.py:222} INFO - ::endgroup::
