[2024-05-04T10:42:33.785+0000] {local_task_job_runner.py:120} INFO - ::group::Pre task execution logs
[2024-05-04T10:42:33.799+0000] {taskinstance.py:2073} INFO - Dependencies all met for dep_context=non-requeueable deps ti=<TaskInstance: dag_mysql.task1 scheduled__2024-05-03T00:00:00+00:00 [queued]>
[2024-05-04T10:42:33.804+0000] {taskinstance.py:2073} INFO - Dependencies all met for dep_context=requeueable deps ti=<TaskInstance: dag_mysql.task1 scheduled__2024-05-03T00:00:00+00:00 [queued]>
[2024-05-04T10:42:33.804+0000] {taskinstance.py:2303} INFO - Starting attempt 2 of 7
[2024-05-04T10:42:33.811+0000] {taskinstance.py:2327} INFO - Executing <Task(MySqlOperator): task1> on 2024-05-03 00:00:00+00:00
[2024-05-04T10:42:33.816+0000] {standard_task_runner.py:90} INFO - Running: ['***', 'tasks', 'run', 'dag_mysql', 'task1', 'scheduled__2024-05-03T00:00:00+00:00', '--job-id', '48', '--raw', '--subdir', 'DAGS_FOLDER/dag_mysql.py', '--cfg-path', '/tmp/tmpaujrzccg']
[2024-05-04T10:42:33.817+0000] {logging_mixin.py:188} WARNING - /home/***/.local/lib/python3.12/site-packages/***/task/task_runner/standard_task_runner.py:61 DeprecationWarning: This process (pid=761) is multi-threaded, use of fork() may lead to deadlocks in the child.
[2024-05-04T10:42:33.817+0000] {standard_task_runner.py:91} INFO - Job 48: Subtask task1
[2024-05-04T10:42:33.817+0000] {standard_task_runner.py:63} INFO - Started process 762 to run task
[2024-05-04T10:42:33.839+0000] {task_command.py:426} INFO - Running <TaskInstance: dag_mysql.task1 scheduled__2024-05-03T00:00:00+00:00 [running]> on host f85b7a0b58b5
[2024-05-04T10:42:33.875+0000] {taskinstance.py:2644} INFO - Exporting env vars: AIRFLOW_CTX_DAG_OWNER='bses' AIRFLOW_CTX_DAG_ID='dag_mysql' AIRFLOW_CTX_TASK_ID='task1' AIRFLOW_CTX_EXECUTION_DATE='2024-05-03T00:00:00+00:00' AIRFLOW_CTX_TRY_NUMBER='2' AIRFLOW_CTX_DAG_RUN_ID='scheduled__2024-05-03T00:00:00+00:00'
[2024-05-04T10:42:33.876+0000] {taskinstance.py:430} INFO - ::endgroup::
[2024-05-04T10:42:33.884+0000] {sql.py:276} INFO - Executing: create table hello (name text, age int);
[2024-05-04T10:42:33.888+0000] {base.py:84} INFO - Using connection ID 'mysql_local' for task execution.
[2024-05-04T10:42:33.892+0000] {base.py:84} INFO - Using connection ID 'mysql_local' for task execution.
[2024-05-04T10:42:33.899+0000] {sql.py:457} INFO - Running statement: create table hello (name text, age int);, parameters: None
[2024-05-04T10:42:33.901+0000] {taskinstance.py:441} INFO - ::group::Post task execution logs
[2024-05-04T10:42:33.902+0000] {taskinstance.py:2890} ERROR - Task failed with exception
Traceback (most recent call last):
  File "/home/airflow/.local/lib/python3.12/site-packages/airflow/models/taskinstance.py", line 465, in _execute_task
    result = _execute_callable(context=context, **execute_callable_kwargs)
             ^^^^^^^^^^^^^^^^^^^^^^^^^^^^^^^^^^^^^^^^^^^^^^^^^^^^^^^^^^^^^
  File "/home/airflow/.local/lib/python3.12/site-packages/airflow/models/taskinstance.py", line 432, in _execute_callable
    return execute_callable(context=context, **execute_callable_kwargs)
           ^^^^^^^^^^^^^^^^^^^^^^^^^^^^^^^^^^^^^^^^^^^^^^^^^^^^^^^^^^^^
  File "/home/airflow/.local/lib/python3.12/site-packages/airflow/models/baseoperator.py", line 400, in wrapper
    return func(self, *args, **kwargs)
           ^^^^^^^^^^^^^^^^^^^^^^^^^^^
  File "/home/airflow/.local/lib/python3.12/site-packages/airflow/providers/common/sql/operators/sql.py", line 282, in execute
    output = hook.run(
             ^^^^^^^^^
  File "/home/airflow/.local/lib/python3.12/site-packages/airflow/providers/common/sql/hooks/sql.py", line 404, in run
    self._run_command(cur, sql_statement, parameters)
  File "/home/airflow/.local/lib/python3.12/site-packages/airflow/providers/common/sql/hooks/sql.py", line 462, in _run_command
    cur.execute(sql_statement)
  File "/home/airflow/.local/lib/python3.12/site-packages/MySQLdb/cursors.py", line 179, in execute
    res = self._query(mogrified_query)
          ^^^^^^^^^^^^^^^^^^^^^^^^^^^^
  File "/home/airflow/.local/lib/python3.12/site-packages/MySQLdb/cursors.py", line 330, in _query
    db.query(q)
  File "/home/airflow/.local/lib/python3.12/site-packages/MySQLdb/connections.py", line 261, in query
    _mysql.connection.query(self, query)
MySQLdb.OperationalError: (1050, "Table 'hello' already exists")
[2024-05-04T10:42:33.907+0000] {taskinstance.py:1205} INFO - Marking task as UP_FOR_RETRY. dag_id=dag_mysql, task_id=task1, execution_date=20240503T000000, start_date=20240504T104233, end_date=20240504T104233
[2024-05-04T10:42:33.911+0000] {standard_task_runner.py:110} ERROR - Failed to execute job 48 for task task1 ((1050, "Table 'hello' already exists"); 762)
[2024-05-04T10:42:33.917+0000] {local_task_job_runner.py:240} INFO - Task exited with return code 1
[2024-05-04T10:42:33.926+0000] {taskinstance.py:3482} INFO - 0 downstream tasks scheduled from follow-on schedule check
[2024-05-04T10:42:33.927+0000] {local_task_job_runner.py:222} INFO - ::endgroup::
