[2024-05-04T15:38:59.762+0000] {local_task_job_runner.py:120} INFO - ::group::Pre task execution logs
[2024-05-04T15:38:59.775+0000] {taskinstance.py:2073} INFO - Dependencies all met for dep_context=non-requeueable deps ti=<TaskInstance: dag_space.check_space manual__2024-05-04T15:38:58.935929+00:00 [queued]>
[2024-05-04T15:38:59.778+0000] {taskinstance.py:2073} INFO - Dependencies all met for dep_context=requeueable deps ti=<TaskInstance: dag_space.check_space manual__2024-05-04T15:38:58.935929+00:00 [queued]>
[2024-05-04T15:38:59.779+0000] {taskinstance.py:2303} INFO - Starting attempt 1 of 6
[2024-05-04T15:38:59.784+0000] {taskinstance.py:2327} INFO - Executing <Task(BashOperator): check_space> on 2024-05-04 15:38:58.935929+00:00
[2024-05-04T15:38:59.787+0000] {standard_task_runner.py:90} INFO - Running: ['***', 'tasks', 'run', 'dag_space', 'check_space', 'manual__2024-05-04T15:38:58.935929+00:00', '--job-id', '87', '--raw', '--subdir', 'DAGS_FOLDER/dag_mysql.py', '--cfg-path', '/tmp/tmppt73_u7c']
[2024-05-04T15:38:59.788+0000] {logging_mixin.py:188} WARNING - /home/***/.local/lib/python3.12/site-packages/***/task/task_runner/standard_task_runner.py:61 DeprecationWarning: This process (pid=1019) is multi-threaded, use of fork() may lead to deadlocks in the child.
[2024-05-04T15:38:59.789+0000] {standard_task_runner.py:91} INFO - Job 87: Subtask check_space
[2024-05-04T15:38:59.789+0000] {standard_task_runner.py:63} INFO - Started process 1020 to run task
[2024-05-04T15:38:59.807+0000] {task_command.py:426} INFO - Running <TaskInstance: dag_space.check_space manual__2024-05-04T15:38:58.935929+00:00 [running]> on host f85b7a0b58b5
[2024-05-04T15:38:59.843+0000] {taskinstance.py:2644} INFO - Exporting env vars: AIRFLOW_CTX_DAG_OWNER='bses' AIRFLOW_CTX_DAG_ID='dag_space' AIRFLOW_CTX_TASK_ID='check_space' AIRFLOW_CTX_EXECUTION_DATE='2024-05-04T15:38:58.935929+00:00' AIRFLOW_CTX_TRY_NUMBER='1' AIRFLOW_CTX_DAG_RUN_ID='manual__2024-05-04T15:38:58.935929+00:00'
[2024-05-04T15:38:59.843+0000] {taskinstance.py:430} INFO - ::endgroup::
[2024-05-04T15:38:59.850+0000] {subprocess.py:63} INFO - Tmp dir root location: /tmp
[2024-05-04T15:38:59.851+0000] {subprocess.py:75} INFO - Running command: ['/usr/bin/bash', '-c', 'pwd']
[2024-05-04T15:38:59.855+0000] {subprocess.py:86} INFO - Output:
[2024-05-04T15:38:59.856+0000] {subprocess.py:93} INFO - /tmp/***tmp9xx48oy0
[2024-05-04T15:38:59.856+0000] {subprocess.py:97} INFO - Command exited with return code 0
[2024-05-04T15:38:59.857+0000] {taskinstance.py:441} INFO - ::group::Post task execution logs
[2024-05-04T15:38:59.869+0000] {taskinstance.py:1205} INFO - Marking task as SUCCESS. dag_id=dag_space, task_id=check_space, execution_date=20240504T153858, start_date=20240504T153859, end_date=20240504T153859
[2024-05-04T15:38:59.891+0000] {local_task_job_runner.py:240} INFO - Task exited with return code 0
[2024-05-04T15:38:59.900+0000] {taskinstance.py:3482} INFO - 0 downstream tasks scheduled from follow-on schedule check
[2024-05-04T15:38:59.901+0000] {local_task_job_runner.py:222} INFO - ::endgroup::
