[2024-05-04T10:40:40.206+0000] {local_task_job_runner.py:120} INFO - ::group::Pre task execution logs
[2024-05-04T10:40:40.245+0000] {taskinstance.py:2073} INFO - Dependencies all met for dep_context=non-requeueable deps ti=<TaskInstance: dag_mysql.task2 scheduled__2024-05-01T00:00:00+00:00 [queued]>
[2024-05-04T10:40:40.251+0000] {taskinstance.py:2073} INFO - Dependencies all met for dep_context=requeueable deps ti=<TaskInstance: dag_mysql.task2 scheduled__2024-05-01T00:00:00+00:00 [queued]>
[2024-05-04T10:40:40.251+0000] {taskinstance.py:2303} INFO - Starting attempt 1 of 6
[2024-05-04T10:40:40.263+0000] {taskinstance.py:2327} INFO - Executing <Task(BashOperator): task2> on 2024-05-01 00:00:00+00:00
[2024-05-04T10:40:40.270+0000] {standard_task_runner.py:90} INFO - Running: ['***', 'tasks', 'run', 'dag_mysql', 'task2', 'scheduled__2024-05-01T00:00:00+00:00', '--job-id', '37', '--raw', '--subdir', 'DAGS_FOLDER/dag_mysql.py', '--cfg-path', '/tmp/tmp3tthzw54']
[2024-05-04T10:40:40.272+0000] {logging_mixin.py:188} WARNING - /home/***/.local/lib/python3.12/site-packages/***/task/task_runner/standard_task_runner.py:61 DeprecationWarning: This process (pid=613) is multi-threaded, use of fork() may lead to deadlocks in the child.
[2024-05-04T10:40:40.272+0000] {standard_task_runner.py:91} INFO - Job 37: Subtask task2
[2024-05-04T10:40:40.272+0000] {standard_task_runner.py:63} INFO - Started process 620 to run task
[2024-05-04T10:40:40.322+0000] {task_command.py:426} INFO - Running <TaskInstance: dag_mysql.task2 scheduled__2024-05-01T00:00:00+00:00 [running]> on host f85b7a0b58b5
[2024-05-04T10:40:40.382+0000] {taskinstance.py:2644} INFO - Exporting env vars: AIRFLOW_CTX_DAG_OWNER='bses' AIRFLOW_CTX_DAG_ID='dag_mysql' AIRFLOW_CTX_TASK_ID='task2' AIRFLOW_CTX_EXECUTION_DATE='2024-05-01T00:00:00+00:00' AIRFLOW_CTX_TRY_NUMBER='1' AIRFLOW_CTX_DAG_RUN_ID='scheduled__2024-05-01T00:00:00+00:00'
[2024-05-04T10:40:40.385+0000] {taskinstance.py:430} INFO - ::endgroup::
[2024-05-04T10:40:40.399+0000] {subprocess.py:63} INFO - Tmp dir root location: /tmp
[2024-05-04T10:40:40.400+0000] {subprocess.py:75} INFO - Running command: ['/usr/bin/bash', '-c', 'mysqldump ']
[2024-05-04T10:40:40.409+0000] {subprocess.py:86} INFO - Output:
[2024-05-04T10:40:40.426+0000] {subprocess.py:93} INFO - Usage: mysqldump [OPTIONS] database [tables]
[2024-05-04T10:40:40.427+0000] {subprocess.py:93} INFO - OR     mysqldump [OPTIONS] --databases DB1 [DB2 DB3...]
[2024-05-04T10:40:40.428+0000] {subprocess.py:93} INFO - OR     mysqldump [OPTIONS] --all-databases
[2024-05-04T10:40:40.428+0000] {subprocess.py:93} INFO - OR     mysqldump [OPTIONS] --system=[SYSTEMOPTIONS]]
[2024-05-04T10:40:40.428+0000] {subprocess.py:93} INFO - For more options, use mysqldump --help
[2024-05-04T10:40:40.428+0000] {subprocess.py:97} INFO - Command exited with return code 1
[2024-05-04T10:40:40.429+0000] {taskinstance.py:441} INFO - ::group::Post task execution logs
[2024-05-04T10:40:40.437+0000] {taskinstance.py:2890} ERROR - Task failed with exception
Traceback (most recent call last):
  File "/home/airflow/.local/lib/python3.12/site-packages/airflow/models/taskinstance.py", line 465, in _execute_task
    result = _execute_callable(context=context, **execute_callable_kwargs)
             ^^^^^^^^^^^^^^^^^^^^^^^^^^^^^^^^^^^^^^^^^^^^^^^^^^^^^^^^^^^^^
  File "/home/airflow/.local/lib/python3.12/site-packages/airflow/models/taskinstance.py", line 432, in _execute_callable
    return execute_callable(context=context, **execute_callable_kwargs)
           ^^^^^^^^^^^^^^^^^^^^^^^^^^^^^^^^^^^^^^^^^^^^^^^^^^^^^^^^^^^^
  File "/home/airflow/.local/lib/python3.12/site-packages/airflow/models/baseoperator.py", line 400, in wrapper
    return func(self, *args, **kwargs)
           ^^^^^^^^^^^^^^^^^^^^^^^^^^^
  File "/home/airflow/.local/lib/python3.12/site-packages/airflow/operators/bash.py", line 243, in execute
    raise AirflowException(
airflow.exceptions.AirflowException: Bash command failed. The command returned a non-zero exit code 1.
[2024-05-04T10:40:40.439+0000] {taskinstance.py:1205} INFO - Marking task as UP_FOR_RETRY. dag_id=dag_mysql, task_id=task2, execution_date=20240501T000000, start_date=20240504T104040, end_date=20240504T104040
[2024-05-04T10:40:40.446+0000] {standard_task_runner.py:110} ERROR - Failed to execute job 37 for task task2 (Bash command failed. The command returned a non-zero exit code 1.; 620)
[2024-05-04T10:40:40.458+0000] {local_task_job_runner.py:240} INFO - Task exited with return code 1
[2024-05-04T10:40:40.468+0000] {taskinstance.py:3482} INFO - 0 downstream tasks scheduled from follow-on schedule check
[2024-05-04T10:40:40.469+0000] {local_task_job_runner.py:222} INFO - ::endgroup::
[2024-05-04T10:42:21.504+0000] {local_task_job_runner.py:120} INFO - ::group::Pre task execution logs
[2024-05-04T10:42:21.522+0000] {taskinstance.py:2073} INFO - Dependencies all met for dep_context=non-requeueable deps ti=<TaskInstance: dag_mysql.task2 scheduled__2024-05-01T00:00:00+00:00 [queued]>
[2024-05-04T10:42:21.527+0000] {taskinstance.py:2073} INFO - Dependencies all met for dep_context=requeueable deps ti=<TaskInstance: dag_mysql.task2 scheduled__2024-05-01T00:00:00+00:00 [queued]>
[2024-05-04T10:42:21.528+0000] {taskinstance.py:2303} INFO - Starting attempt 1 of 6
[2024-05-04T10:42:21.539+0000] {taskinstance.py:2327} INFO - Executing <Task(BashOperator): task2> on 2024-05-01 00:00:00+00:00
[2024-05-04T10:42:21.547+0000] {logging_mixin.py:188} WARNING - /home/***/.local/lib/python3.12/site-packages/***/task/task_runner/standard_task_runner.py:61 DeprecationWarning: This process (pid=727) is multi-threaded, use of fork() may lead to deadlocks in the child.
[2024-05-04T10:42:21.548+0000] {standard_task_runner.py:63} INFO - Started process 733 to run task
[2024-05-04T10:42:21.546+0000] {standard_task_runner.py:90} INFO - Running: ['***', 'tasks', 'run', 'dag_mysql', 'task2', 'scheduled__2024-05-01T00:00:00+00:00', '--job-id', '43', '--raw', '--subdir', 'DAGS_FOLDER/dag_mysql.py', '--cfg-path', '/tmp/tmpfqnnxe9p']
[2024-05-04T10:42:21.550+0000] {standard_task_runner.py:91} INFO - Job 43: Subtask task2
[2024-05-04T10:42:21.584+0000] {task_command.py:426} INFO - Running <TaskInstance: dag_mysql.task2 scheduled__2024-05-01T00:00:00+00:00 [running]> on host f85b7a0b58b5
[2024-05-04T10:42:21.632+0000] {taskinstance.py:2644} INFO - Exporting env vars: AIRFLOW_CTX_DAG_OWNER='bses' AIRFLOW_CTX_DAG_ID='dag_mysql' AIRFLOW_CTX_TASK_ID='task2' AIRFLOW_CTX_EXECUTION_DATE='2024-05-01T00:00:00+00:00' AIRFLOW_CTX_TRY_NUMBER='1' AIRFLOW_CTX_DAG_RUN_ID='scheduled__2024-05-01T00:00:00+00:00'
[2024-05-04T10:42:21.633+0000] {taskinstance.py:430} INFO - ::endgroup::
[2024-05-04T10:42:21.644+0000] {subprocess.py:63} INFO - Tmp dir root location: /tmp
[2024-05-04T10:42:21.645+0000] {subprocess.py:75} INFO - Running command: ['/usr/bin/bash', '-c', 'mysqldump']
[2024-05-04T10:42:21.651+0000] {subprocess.py:86} INFO - Output:
[2024-05-04T10:42:21.654+0000] {subprocess.py:93} INFO - Usage: mysqldump [OPTIONS] database [tables]
[2024-05-04T10:42:21.654+0000] {subprocess.py:93} INFO - OR     mysqldump [OPTIONS] --databases DB1 [DB2 DB3...]
[2024-05-04T10:42:21.655+0000] {subprocess.py:93} INFO - OR     mysqldump [OPTIONS] --all-databases
[2024-05-04T10:42:21.655+0000] {subprocess.py:93} INFO - OR     mysqldump [OPTIONS] --system=[SYSTEMOPTIONS]]
[2024-05-04T10:42:21.655+0000] {subprocess.py:93} INFO - For more options, use mysqldump --help
[2024-05-04T10:42:21.656+0000] {subprocess.py:97} INFO - Command exited with return code 1
[2024-05-04T10:42:21.657+0000] {taskinstance.py:441} INFO - ::group::Post task execution logs
[2024-05-04T10:42:21.664+0000] {taskinstance.py:2890} ERROR - Task failed with exception
Traceback (most recent call last):
  File "/home/airflow/.local/lib/python3.12/site-packages/airflow/models/taskinstance.py", line 465, in _execute_task
    result = _execute_callable(context=context, **execute_callable_kwargs)
             ^^^^^^^^^^^^^^^^^^^^^^^^^^^^^^^^^^^^^^^^^^^^^^^^^^^^^^^^^^^^^
  File "/home/airflow/.local/lib/python3.12/site-packages/airflow/models/taskinstance.py", line 432, in _execute_callable
    return execute_callable(context=context, **execute_callable_kwargs)
           ^^^^^^^^^^^^^^^^^^^^^^^^^^^^^^^^^^^^^^^^^^^^^^^^^^^^^^^^^^^^
  File "/home/airflow/.local/lib/python3.12/site-packages/airflow/models/baseoperator.py", line 400, in wrapper
    return func(self, *args, **kwargs)
           ^^^^^^^^^^^^^^^^^^^^^^^^^^^
  File "/home/airflow/.local/lib/python3.12/site-packages/airflow/operators/bash.py", line 243, in execute
    raise AirflowException(
airflow.exceptions.AirflowException: Bash command failed. The command returned a non-zero exit code 1.
[2024-05-04T10:42:21.669+0000] {taskinstance.py:1205} INFO - Marking task as UP_FOR_RETRY. dag_id=dag_mysql, task_id=task2, execution_date=20240501T000000, start_date=20240504T104221, end_date=20240504T104221
[2024-05-04T10:42:21.676+0000] {standard_task_runner.py:110} ERROR - Failed to execute job 43 for task task2 (Bash command failed. The command returned a non-zero exit code 1.; 733)
[2024-05-04T10:42:21.688+0000] {local_task_job_runner.py:240} INFO - Task exited with return code 1
[2024-05-04T10:42:21.704+0000] {taskinstance.py:3482} INFO - 0 downstream tasks scheduled from follow-on schedule check
[2024-05-04T10:42:21.707+0000] {local_task_job_runner.py:222} INFO - ::endgroup::
[2024-05-04T10:43:58.868+0000] {local_task_job_runner.py:120} INFO - ::group::Pre task execution logs
[2024-05-04T10:43:58.885+0000] {taskinstance.py:2073} INFO - Dependencies all met for dep_context=non-requeueable deps ti=<TaskInstance: dag_mysql.task2 scheduled__2024-05-01T00:00:00+00:00 [queued]>
[2024-05-04T10:43:58.889+0000] {taskinstance.py:2073} INFO - Dependencies all met for dep_context=requeueable deps ti=<TaskInstance: dag_mysql.task2 scheduled__2024-05-01T00:00:00+00:00 [queued]>
[2024-05-04T10:43:58.889+0000] {taskinstance.py:2303} INFO - Starting attempt 1 of 6
[2024-05-04T10:43:58.896+0000] {taskinstance.py:2327} INFO - Executing <Task(BashOperator): task2> on 2024-05-01 00:00:00+00:00
[2024-05-04T10:43:58.901+0000] {logging_mixin.py:188} WARNING - /home/***/.local/lib/python3.12/site-packages/***/task/task_runner/standard_task_runner.py:61 DeprecationWarning: This process (pid=860) is multi-threaded, use of fork() may lead to deadlocks in the child.
[2024-05-04T10:43:58.900+0000] {standard_task_runner.py:90} INFO - Running: ['***', 'tasks', 'run', 'dag_mysql', 'task2', 'scheduled__2024-05-01T00:00:00+00:00', '--job-id', '49', '--raw', '--subdir', 'DAGS_FOLDER/dag_mysql.py', '--cfg-path', '/tmp/tmpvpf550gq']
[2024-05-04T10:43:58.901+0000] {standard_task_runner.py:63} INFO - Started process 863 to run task
[2024-05-04T10:43:58.902+0000] {standard_task_runner.py:91} INFO - Job 49: Subtask task2
[2024-05-04T10:43:58.925+0000] {task_command.py:426} INFO - Running <TaskInstance: dag_mysql.task2 scheduled__2024-05-01T00:00:00+00:00 [running]> on host f85b7a0b58b5
[2024-05-04T10:43:58.963+0000] {taskinstance.py:2644} INFO - Exporting env vars: AIRFLOW_CTX_DAG_OWNER='bses' AIRFLOW_CTX_DAG_ID='dag_mysql' AIRFLOW_CTX_TASK_ID='task2' AIRFLOW_CTX_EXECUTION_DATE='2024-05-01T00:00:00+00:00' AIRFLOW_CTX_TRY_NUMBER='1' AIRFLOW_CTX_DAG_RUN_ID='scheduled__2024-05-01T00:00:00+00:00'
[2024-05-04T10:43:58.964+0000] {taskinstance.py:430} INFO - ::endgroup::
[2024-05-04T10:43:58.973+0000] {subprocess.py:63} INFO - Tmp dir root location: /tmp
[2024-05-04T10:43:58.974+0000] {subprocess.py:75} INFO - Running command: ['/usr/bin/bash', '-c', 'mysqldump -u root -p12345678 client_rw fc_account_master > first.sql']
[2024-05-04T10:43:58.978+0000] {subprocess.py:86} INFO - Output:
[2024-05-04T10:43:58.982+0000] {subprocess.py:93} INFO - mysqldump: Got error: 2002: "Can't connect to local server through socket '/run/mysqld/mysqld.sock' (2)" when trying to connect
[2024-05-04T10:43:58.982+0000] {subprocess.py:97} INFO - Command exited with return code 2
[2024-05-04T10:43:58.983+0000] {taskinstance.py:441} INFO - ::group::Post task execution logs
[2024-05-04T10:43:58.988+0000] {taskinstance.py:2890} ERROR - Task failed with exception
Traceback (most recent call last):
  File "/home/airflow/.local/lib/python3.12/site-packages/airflow/models/taskinstance.py", line 465, in _execute_task
    result = _execute_callable(context=context, **execute_callable_kwargs)
             ^^^^^^^^^^^^^^^^^^^^^^^^^^^^^^^^^^^^^^^^^^^^^^^^^^^^^^^^^^^^^
  File "/home/airflow/.local/lib/python3.12/site-packages/airflow/models/taskinstance.py", line 432, in _execute_callable
    return execute_callable(context=context, **execute_callable_kwargs)
           ^^^^^^^^^^^^^^^^^^^^^^^^^^^^^^^^^^^^^^^^^^^^^^^^^^^^^^^^^^^^
  File "/home/airflow/.local/lib/python3.12/site-packages/airflow/models/baseoperator.py", line 400, in wrapper
    return func(self, *args, **kwargs)
           ^^^^^^^^^^^^^^^^^^^^^^^^^^^
  File "/home/airflow/.local/lib/python3.12/site-packages/airflow/operators/bash.py", line 243, in execute
    raise AirflowException(
airflow.exceptions.AirflowException: Bash command failed. The command returned a non-zero exit code 2.
[2024-05-04T10:43:58.990+0000] {taskinstance.py:1205} INFO - Marking task as UP_FOR_RETRY. dag_id=dag_mysql, task_id=task2, execution_date=20240501T000000, start_date=20240504T104358, end_date=20240504T104358
[2024-05-04T10:43:58.996+0000] {standard_task_runner.py:110} ERROR - Failed to execute job 49 for task task2 (Bash command failed. The command returned a non-zero exit code 2.; 863)
[2024-05-04T10:43:59.041+0000] {local_task_job_runner.py:240} INFO - Task exited with return code 1
[2024-05-04T10:43:59.049+0000] {taskinstance.py:3482} INFO - 0 downstream tasks scheduled from follow-on schedule check
[2024-05-04T10:43:59.050+0000] {local_task_job_runner.py:222} INFO - ::endgroup::
[2024-05-04T10:45:32.303+0000] {local_task_job_runner.py:120} INFO - ::group::Pre task execution logs
[2024-05-04T10:45:32.317+0000] {taskinstance.py:2073} INFO - Dependencies all met for dep_context=non-requeueable deps ti=<TaskInstance: dag_mysql.task2 scheduled__2024-05-01T00:00:00+00:00 [queued]>
[2024-05-04T10:45:32.321+0000] {taskinstance.py:2073} INFO - Dependencies all met for dep_context=requeueable deps ti=<TaskInstance: dag_mysql.task2 scheduled__2024-05-01T00:00:00+00:00 [queued]>
[2024-05-04T10:45:32.322+0000] {taskinstance.py:2303} INFO - Starting attempt 1 of 6
[2024-05-04T10:45:32.329+0000] {taskinstance.py:2327} INFO - Executing <Task(BashOperator): task2> on 2024-05-01 00:00:00+00:00
[2024-05-04T10:45:32.332+0000] {standard_task_runner.py:90} INFO - Running: ['***', 'tasks', 'run', 'dag_mysql', 'task2', 'scheduled__2024-05-01T00:00:00+00:00', '--job-id', '52', '--raw', '--subdir', 'DAGS_FOLDER/dag_mysql.py', '--cfg-path', '/tmp/tmpo979udhk']
[2024-05-04T10:45:32.333+0000] {logging_mixin.py:188} WARNING - /home/***/.local/lib/python3.12/site-packages/***/task/task_runner/standard_task_runner.py:61 DeprecationWarning: This process (pid=965) is multi-threaded, use of fork() may lead to deadlocks in the child.
[2024-05-04T10:45:32.334+0000] {standard_task_runner.py:91} INFO - Job 52: Subtask task2
[2024-05-04T10:45:32.334+0000] {standard_task_runner.py:63} INFO - Started process 968 to run task
[2024-05-04T10:45:32.355+0000] {task_command.py:426} INFO - Running <TaskInstance: dag_mysql.task2 scheduled__2024-05-01T00:00:00+00:00 [running]> on host f85b7a0b58b5
[2024-05-04T10:45:32.391+0000] {taskinstance.py:2644} INFO - Exporting env vars: AIRFLOW_CTX_DAG_OWNER='bses' AIRFLOW_CTX_DAG_ID='dag_mysql' AIRFLOW_CTX_TASK_ID='task2' AIRFLOW_CTX_EXECUTION_DATE='2024-05-01T00:00:00+00:00' AIRFLOW_CTX_TRY_NUMBER='1' AIRFLOW_CTX_DAG_RUN_ID='scheduled__2024-05-01T00:00:00+00:00'
[2024-05-04T10:45:32.392+0000] {taskinstance.py:430} INFO - ::endgroup::
[2024-05-04T10:45:32.402+0000] {subprocess.py:63} INFO - Tmp dir root location: /tmp
[2024-05-04T10:45:32.402+0000] {subprocess.py:75} INFO - Running command: ['/usr/bin/bash', '-c', 'mysqldump -u root -p12345678 client_rw fc_account_master > first.sql']
[2024-05-04T10:45:32.406+0000] {subprocess.py:86} INFO - Output:
[2024-05-04T10:45:32.411+0000] {subprocess.py:93} INFO - mysqldump: Got error: 2002: "Can't connect to local server through socket '/run/mysqld/mysqld.sock' (2)" when trying to connect
[2024-05-04T10:45:32.411+0000] {subprocess.py:97} INFO - Command exited with return code 2
[2024-05-04T10:45:32.412+0000] {taskinstance.py:441} INFO - ::group::Post task execution logs
[2024-05-04T10:45:32.417+0000] {taskinstance.py:2890} ERROR - Task failed with exception
Traceback (most recent call last):
  File "/home/airflow/.local/lib/python3.12/site-packages/airflow/models/taskinstance.py", line 465, in _execute_task
    result = _execute_callable(context=context, **execute_callable_kwargs)
             ^^^^^^^^^^^^^^^^^^^^^^^^^^^^^^^^^^^^^^^^^^^^^^^^^^^^^^^^^^^^^
  File "/home/airflow/.local/lib/python3.12/site-packages/airflow/models/taskinstance.py", line 432, in _execute_callable
    return execute_callable(context=context, **execute_callable_kwargs)
           ^^^^^^^^^^^^^^^^^^^^^^^^^^^^^^^^^^^^^^^^^^^^^^^^^^^^^^^^^^^^
  File "/home/airflow/.local/lib/python3.12/site-packages/airflow/models/baseoperator.py", line 400, in wrapper
    return func(self, *args, **kwargs)
           ^^^^^^^^^^^^^^^^^^^^^^^^^^^
  File "/home/airflow/.local/lib/python3.12/site-packages/airflow/operators/bash.py", line 243, in execute
    raise AirflowException(
airflow.exceptions.AirflowException: Bash command failed. The command returned a non-zero exit code 2.
[2024-05-04T10:45:32.419+0000] {taskinstance.py:1205} INFO - Marking task as UP_FOR_RETRY. dag_id=dag_mysql, task_id=task2, execution_date=20240501T000000, start_date=20240504T104532, end_date=20240504T104532
[2024-05-04T10:45:32.424+0000] {standard_task_runner.py:110} ERROR - Failed to execute job 52 for task task2 (Bash command failed. The command returned a non-zero exit code 2.; 968)
[2024-05-04T10:45:32.432+0000] {local_task_job_runner.py:240} INFO - Task exited with return code 1
[2024-05-04T10:45:32.440+0000] {taskinstance.py:3482} INFO - 0 downstream tasks scheduled from follow-on schedule check
[2024-05-04T10:45:32.441+0000] {local_task_job_runner.py:222} INFO - ::endgroup::
