[2024-05-16T11:19:47.911+0000] {local_task_job_runner.py:120} INFO - ::group::Pre task execution logs
[2024-05-16T11:19:47.951+0000] {taskinstance.py:2073} INFO - Dependencies all met for dep_context=non-requeueable deps ti=<TaskInstance: dag_tables.import_table1 scheduled__2024-05-01T00:00:00+00:00 [queued]>
[2024-05-16T11:19:47.957+0000] {taskinstance.py:2073} INFO - Dependencies all met for dep_context=requeueable deps ti=<TaskInstance: dag_tables.import_table1 scheduled__2024-05-01T00:00:00+00:00 [queued]>
[2024-05-16T11:19:47.957+0000] {taskinstance.py:2303} INFO - Starting attempt 1 of 6
[2024-05-16T11:19:47.975+0000] {taskinstance.py:2327} INFO - Executing <Task(BashOperator): import_table1> on 2024-05-01 00:00:00+00:00
[2024-05-16T11:19:47.984+0000] {logging_mixin.py:188} WARNING - /home/***/.local/lib/python3.12/site-packages/***/task/task_runner/standard_task_runner.py:61 DeprecationWarning: This process (pid=185) is multi-threaded, use of fork() may lead to deadlocks in the child.
[2024-05-16T11:19:47.987+0000] {standard_task_runner.py:63} INFO - Started process 190 to run task
[2024-05-16T11:19:47.987+0000] {standard_task_runner.py:90} INFO - Running: ['***', 'tasks', 'run', 'dag_tables', 'import_table1', 'scheduled__2024-05-01T00:00:00+00:00', '--job-id', '381', '--raw', '--subdir', 'DAGS_FOLDER/dag_mysql.py', '--cfg-path', '/tmp/tmpic1cj80s']
[2024-05-16T11:19:47.989+0000] {standard_task_runner.py:91} INFO - Job 381: Subtask import_table1
[2024-05-16T11:19:48.048+0000] {task_command.py:426} INFO - Running <TaskInstance: dag_tables.import_table1 scheduled__2024-05-01T00:00:00+00:00 [running]> on host 7084a6d88d3b
[2024-05-16T11:19:48.114+0000] {taskinstance.py:2644} INFO - Exporting env vars: AIRFLOW_CTX_DAG_OWNER='bses' AIRFLOW_CTX_DAG_ID='dag_tables' AIRFLOW_CTX_TASK_ID='import_table1' AIRFLOW_CTX_EXECUTION_DATE='2024-05-01T00:00:00+00:00' AIRFLOW_CTX_TRY_NUMBER='1' AIRFLOW_CTX_DAG_RUN_ID='scheduled__2024-05-01T00:00:00+00:00'
[2024-05-16T11:19:48.115+0000] {taskinstance.py:430} INFO - ::endgroup::
[2024-05-16T11:19:48.121+0000] {subprocess.py:63} INFO - Tmp dir root location: /tmp
[2024-05-16T11:19:48.122+0000] {subprocess.py:75} INFO - Running command: ['/usr/bin/bash', '-c', '\n            mysql -h host.docker.internal -u root --password=12345678 test < /opt/***/dags/products.sql;\n           ']
[2024-05-16T11:19:48.132+0000] {subprocess.py:86} INFO - Output:
[2024-05-16T11:19:48.273+0000] {subprocess.py:97} INFO - Command exited with return code 0
[2024-05-16T11:19:48.275+0000] {taskinstance.py:441} INFO - ::group::Post task execution logs
[2024-05-16T11:19:48.307+0000] {taskinstance.py:1205} INFO - Marking task as SUCCESS. dag_id=dag_tables, task_id=import_table1, execution_date=20240501T000000, start_date=20240516T111947, end_date=20240516T111948
[2024-05-16T11:19:48.379+0000] {local_task_job_runner.py:240} INFO - Task exited with return code 0
[2024-05-16T11:19:48.423+0000] {taskinstance.py:3482} INFO - 0 downstream tasks scheduled from follow-on schedule check
[2024-05-16T11:19:48.438+0000] {local_task_job_runner.py:222} INFO - ::endgroup::
[2024-05-16T11:22:30.197+0000] {local_task_job_runner.py:120} INFO - ::group::Pre task execution logs
[2024-05-16T11:22:30.230+0000] {taskinstance.py:2073} INFO - Dependencies all met for dep_context=non-requeueable deps ti=<TaskInstance: dag_tables.import_table1 scheduled__2024-05-01T00:00:00+00:00 [queued]>
[2024-05-16T11:22:30.236+0000] {taskinstance.py:2073} INFO - Dependencies all met for dep_context=requeueable deps ti=<TaskInstance: dag_tables.import_table1 scheduled__2024-05-01T00:00:00+00:00 [queued]>
[2024-05-16T11:22:30.237+0000] {taskinstance.py:2303} INFO - Starting attempt 1 of 6
[2024-05-16T11:22:30.269+0000] {taskinstance.py:2327} INFO - Executing <Task(BashOperator): import_table1> on 2024-05-01 00:00:00+00:00
[2024-05-16T11:22:30.278+0000] {logging_mixin.py:188} WARNING - /home/***/.local/lib/python3.12/site-packages/***/task/task_runner/standard_task_runner.py:61 DeprecationWarning: This process (pid=443) is multi-threaded, use of fork() may lead to deadlocks in the child.
[2024-05-16T11:22:30.278+0000] {standard_task_runner.py:90} INFO - Running: ['***', 'tasks', 'run', 'dag_tables', 'import_table1', 'scheduled__2024-05-01T00:00:00+00:00', '--job-id', '429', '--raw', '--subdir', 'DAGS_FOLDER/dag_mysql.py', '--cfg-path', '/tmp/tmpt25_h4nh']
[2024-05-16T11:22:30.280+0000] {standard_task_runner.py:63} INFO - Started process 448 to run task
[2024-05-16T11:22:30.280+0000] {standard_task_runner.py:91} INFO - Job 429: Subtask import_table1
[2024-05-16T11:22:30.319+0000] {task_command.py:426} INFO - Running <TaskInstance: dag_tables.import_table1 scheduled__2024-05-01T00:00:00+00:00 [running]> on host 7084a6d88d3b
[2024-05-16T11:22:30.399+0000] {taskinstance.py:2644} INFO - Exporting env vars: AIRFLOW_CTX_DAG_OWNER='bses' AIRFLOW_CTX_DAG_ID='dag_tables' AIRFLOW_CTX_TASK_ID='import_table1' AIRFLOW_CTX_EXECUTION_DATE='2024-05-01T00:00:00+00:00' AIRFLOW_CTX_TRY_NUMBER='1' AIRFLOW_CTX_DAG_RUN_ID='scheduled__2024-05-01T00:00:00+00:00'
[2024-05-16T11:22:30.400+0000] {taskinstance.py:430} INFO - ::endgroup::
[2024-05-16T11:22:30.411+0000] {subprocess.py:63} INFO - Tmp dir root location: /tmp
[2024-05-16T11:22:30.413+0000] {subprocess.py:75} INFO - Running command: ['/usr/bin/bash', '-c', '\n            mysql -h host.docker.internal -u root --password=12345678 test < /opt/***/dags/products.sql\n           ']
[2024-05-16T11:22:30.425+0000] {subprocess.py:86} INFO - Output:
[2024-05-16T11:22:30.501+0000] {subprocess.py:93} INFO - ERROR 1050 (42S01) at line 25: Table 'products' already exists
[2024-05-16T11:22:30.504+0000] {subprocess.py:97} INFO - Command exited with return code 1
[2024-05-16T11:22:30.506+0000] {taskinstance.py:441} INFO - ::group::Post task execution logs
[2024-05-16T11:22:30.523+0000] {taskinstance.py:2890} ERROR - Task failed with exception
Traceback (most recent call last):
  File "/home/airflow/.local/lib/python3.12/site-packages/airflow/models/taskinstance.py", line 465, in _execute_task
    result = _execute_callable(context=context, **execute_callable_kwargs)
             ^^^^^^^^^^^^^^^^^^^^^^^^^^^^^^^^^^^^^^^^^^^^^^^^^^^^^^^^^^^^^
  File "/home/airflow/.local/lib/python3.12/site-packages/airflow/models/taskinstance.py", line 432, in _execute_callable
    return execute_callable(context=context, **execute_callable_kwargs)
           ^^^^^^^^^^^^^^^^^^^^^^^^^^^^^^^^^^^^^^^^^^^^^^^^^^^^^^^^^^^^
  File "/home/airflow/.local/lib/python3.12/site-packages/airflow/models/baseoperator.py", line 400, in wrapper
    return func(self, *args, **kwargs)
           ^^^^^^^^^^^^^^^^^^^^^^^^^^^
  File "/home/airflow/.local/lib/python3.12/site-packages/airflow/operators/bash.py", line 243, in execute
    raise AirflowException(
airflow.exceptions.AirflowException: Bash command failed. The command returned a non-zero exit code 1.
[2024-05-16T11:22:30.531+0000] {taskinstance.py:1205} INFO - Marking task as UP_FOR_RETRY. dag_id=dag_tables, task_id=import_table1, execution_date=20240501T000000, start_date=20240516T112230, end_date=20240516T112230
[2024-05-16T11:22:30.571+0000] {standard_task_runner.py:110} ERROR - Failed to execute job 429 for task import_table1 (Bash command failed. The command returned a non-zero exit code 1.; 448)
[2024-05-16T11:22:30.585+0000] {local_task_job_runner.py:240} INFO - Task exited with return code 1
[2024-05-16T11:22:30.609+0000] {taskinstance.py:3482} INFO - 0 downstream tasks scheduled from follow-on schedule check
[2024-05-16T11:22:30.614+0000] {local_task_job_runner.py:222} INFO - ::endgroup::
[2024-05-16T11:24:45.806+0000] {local_task_job_runner.py:120} INFO - ::group::Pre task execution logs
[2024-05-16T11:24:45.844+0000] {taskinstance.py:2073} INFO - Dependencies all met for dep_context=non-requeueable deps ti=<TaskInstance: dag_tables.import_table1 scheduled__2024-05-01T00:00:00+00:00 [queued]>
[2024-05-16T11:24:45.853+0000] {taskinstance.py:2073} INFO - Dependencies all met for dep_context=requeueable deps ti=<TaskInstance: dag_tables.import_table1 scheduled__2024-05-01T00:00:00+00:00 [queued]>
[2024-05-16T11:24:45.855+0000] {taskinstance.py:2303} INFO - Starting attempt 1 of 6
[2024-05-16T11:24:45.875+0000] {taskinstance.py:2327} INFO - Executing <Task(BashOperator): import_table1> on 2024-05-01 00:00:00+00:00
[2024-05-16T11:24:45.905+0000] {logging_mixin.py:188} WARNING - /home/***/.local/lib/python3.12/site-packages/***/task/task_runner/standard_task_runner.py:61 DeprecationWarning: This process (pid=690) is multi-threaded, use of fork() may lead to deadlocks in the child.
[2024-05-16T11:24:45.907+0000] {standard_task_runner.py:90} INFO - Running: ['***', 'tasks', 'run', 'dag_tables', 'import_table1', 'scheduled__2024-05-01T00:00:00+00:00', '--job-id', '477', '--raw', '--subdir', 'DAGS_FOLDER/dag_mysql.py', '--cfg-path', '/tmp/tmpt1y8i92m']
[2024-05-16T11:24:45.911+0000] {standard_task_runner.py:63} INFO - Started process 700 to run task
[2024-05-16T11:24:45.915+0000] {standard_task_runner.py:91} INFO - Job 477: Subtask import_table1
[2024-05-16T11:24:46.018+0000] {task_command.py:426} INFO - Running <TaskInstance: dag_tables.import_table1 scheduled__2024-05-01T00:00:00+00:00 [running]> on host 7084a6d88d3b
[2024-05-16T11:24:46.168+0000] {taskinstance.py:2644} INFO - Exporting env vars: AIRFLOW_CTX_DAG_OWNER='bses' AIRFLOW_CTX_DAG_ID='dag_tables' AIRFLOW_CTX_TASK_ID='import_table1' AIRFLOW_CTX_EXECUTION_DATE='2024-05-01T00:00:00+00:00' AIRFLOW_CTX_TRY_NUMBER='1' AIRFLOW_CTX_DAG_RUN_ID='scheduled__2024-05-01T00:00:00+00:00'
[2024-05-16T11:24:46.172+0000] {taskinstance.py:430} INFO - ::endgroup::
[2024-05-16T11:24:46.197+0000] {subprocess.py:63} INFO - Tmp dir root location: /tmp
[2024-05-16T11:24:46.198+0000] {subprocess.py:75} INFO - Running command: ['/usr/bin/bash', '-c', '\n            mysql -h host.docker.internal -u root --password=12345678 test < /opt/***/dags/products.sql\n           ']
[2024-05-16T11:24:46.215+0000] {subprocess.py:86} INFO - Output:
[2024-05-16T11:24:46.397+0000] {subprocess.py:97} INFO - Command exited with return code 0
[2024-05-16T11:24:46.399+0000] {taskinstance.py:441} INFO - ::group::Post task execution logs
[2024-05-16T11:24:46.448+0000] {taskinstance.py:1205} INFO - Marking task as SUCCESS. dag_id=dag_tables, task_id=import_table1, execution_date=20240501T000000, start_date=20240516T112445, end_date=20240516T112446
[2024-05-16T11:24:46.522+0000] {local_task_job_runner.py:240} INFO - Task exited with return code 0
[2024-05-16T11:24:46.574+0000] {taskinstance.py:3482} INFO - 0 downstream tasks scheduled from follow-on schedule check
[2024-05-16T11:24:46.585+0000] {local_task_job_runner.py:222} INFO - ::endgroup::
[2024-05-16T11:27:47.637+0000] {local_task_job_runner.py:120} INFO - ::group::Pre task execution logs
[2024-05-16T11:27:47.659+0000] {taskinstance.py:2073} INFO - Dependencies all met for dep_context=non-requeueable deps ti=<TaskInstance: dag_tables.import_table1 scheduled__2024-05-01T00:00:00+00:00 [queued]>
[2024-05-16T11:27:47.665+0000] {taskinstance.py:2073} INFO - Dependencies all met for dep_context=requeueable deps ti=<TaskInstance: dag_tables.import_table1 scheduled__2024-05-01T00:00:00+00:00 [queued]>
[2024-05-16T11:27:47.666+0000] {taskinstance.py:2303} INFO - Starting attempt 1 of 6
[2024-05-16T11:27:47.676+0000] {taskinstance.py:2327} INFO - Executing <Task(BashOperator): import_table1> on 2024-05-01 00:00:00+00:00
[2024-05-16T11:27:47.685+0000] {standard_task_runner.py:90} INFO - Running: ['***', 'tasks', 'run', 'dag_tables', 'import_table1', 'scheduled__2024-05-01T00:00:00+00:00', '--job-id', '508', '--raw', '--subdir', 'DAGS_FOLDER/dag_mysql.py', '--cfg-path', '/tmp/tmpc1gt01dq']
[2024-05-16T11:27:47.686+0000] {logging_mixin.py:188} WARNING - /home/***/.local/lib/python3.12/site-packages/***/task/task_runner/standard_task_runner.py:61 DeprecationWarning: This process (pid=882) is multi-threaded, use of fork() may lead to deadlocks in the child.
[2024-05-16T11:27:47.693+0000] {standard_task_runner.py:91} INFO - Job 508: Subtask import_table1
[2024-05-16T11:27:47.694+0000] {standard_task_runner.py:63} INFO - Started process 888 to run task
[2024-05-16T11:27:47.741+0000] {task_command.py:426} INFO - Running <TaskInstance: dag_tables.import_table1 scheduled__2024-05-01T00:00:00+00:00 [running]> on host 7084a6d88d3b
[2024-05-16T11:27:47.813+0000] {taskinstance.py:2644} INFO - Exporting env vars: AIRFLOW_CTX_DAG_OWNER='bses' AIRFLOW_CTX_DAG_ID='dag_tables' AIRFLOW_CTX_TASK_ID='import_table1' AIRFLOW_CTX_EXECUTION_DATE='2024-05-01T00:00:00+00:00' AIRFLOW_CTX_TRY_NUMBER='1' AIRFLOW_CTX_DAG_RUN_ID='scheduled__2024-05-01T00:00:00+00:00'
[2024-05-16T11:27:47.814+0000] {taskinstance.py:430} INFO - ::endgroup::
[2024-05-16T11:27:47.822+0000] {subprocess.py:63} INFO - Tmp dir root location: /tmp
[2024-05-16T11:27:47.823+0000] {subprocess.py:75} INFO - Running command: ['/usr/bin/bash', '-c', '\n            mysql -h host.docker.internal -u root --password=12345678 test < /opt/***/dags/products.sql\n           ']
[2024-05-16T11:27:47.856+0000] {subprocess.py:86} INFO - Output:
[2024-05-16T11:27:48.041+0000] {subprocess.py:97} INFO - Command exited with return code 0
[2024-05-16T11:27:48.045+0000] {taskinstance.py:441} INFO - ::group::Post task execution logs
[2024-05-16T11:27:48.068+0000] {taskinstance.py:1205} INFO - Marking task as SUCCESS. dag_id=dag_tables, task_id=import_table1, execution_date=20240501T000000, start_date=20240516T112747, end_date=20240516T112748
[2024-05-16T11:27:48.125+0000] {local_task_job_runner.py:240} INFO - Task exited with return code 0
[2024-05-16T11:27:48.164+0000] {taskinstance.py:3482} INFO - 0 downstream tasks scheduled from follow-on schedule check
[2024-05-16T11:27:48.169+0000] {local_task_job_runner.py:222} INFO - ::endgroup::
