[2024-05-16T11:19:49.924+0000] {local_task_job_runner.py:120} INFO - ::group::Pre task execution logs
[2024-05-16T11:19:49.974+0000] {taskinstance.py:2073} INFO - Dependencies all met for dep_context=non-requeueable deps ti=<TaskInstance: dag_tables.import_table2 scheduled__2024-05-14T00:00:00+00:00 [queued]>
[2024-05-16T11:19:49.982+0000] {taskinstance.py:2073} INFO - Dependencies all met for dep_context=requeueable deps ti=<TaskInstance: dag_tables.import_table2 scheduled__2024-05-14T00:00:00+00:00 [queued]>
[2024-05-16T11:19:49.983+0000] {taskinstance.py:2303} INFO - Starting attempt 1 of 6
[2024-05-16T11:19:49.996+0000] {taskinstance.py:2327} INFO - Executing <Task(BashOperator): import_table2> on 2024-05-14 00:00:00+00:00
[2024-05-16T11:19:50.004+0000] {logging_mixin.py:188} WARNING - /home/***/.local/lib/python3.12/site-packages/***/task/task_runner/standard_task_runner.py:61 DeprecationWarning: This process (pid=289) is multi-threaded, use of fork() may lead to deadlocks in the child.
[2024-05-16T11:19:50.006+0000] {standard_task_runner.py:63} INFO - Started process 305 to run task
[2024-05-16T11:19:50.003+0000] {standard_task_runner.py:90} INFO - Running: ['***', 'tasks', 'run', 'dag_tables', 'import_table2', 'scheduled__2024-05-14T00:00:00+00:00', '--job-id', '410', '--raw', '--subdir', 'DAGS_FOLDER/dag_mysql.py', '--cfg-path', '/tmp/tmp3ro4wp7y']
[2024-05-16T11:19:50.013+0000] {standard_task_runner.py:91} INFO - Job 410: Subtask import_table2
[2024-05-16T11:19:50.066+0000] {task_command.py:426} INFO - Running <TaskInstance: dag_tables.import_table2 scheduled__2024-05-14T00:00:00+00:00 [running]> on host 7084a6d88d3b
[2024-05-16T11:19:50.138+0000] {taskinstance.py:2644} INFO - Exporting env vars: AIRFLOW_CTX_DAG_OWNER='bses' AIRFLOW_CTX_DAG_ID='dag_tables' AIRFLOW_CTX_TASK_ID='import_table2' AIRFLOW_CTX_EXECUTION_DATE='2024-05-14T00:00:00+00:00' AIRFLOW_CTX_TRY_NUMBER='1' AIRFLOW_CTX_DAG_RUN_ID='scheduled__2024-05-14T00:00:00+00:00'
[2024-05-16T11:19:50.143+0000] {taskinstance.py:430} INFO - ::endgroup::
[2024-05-16T11:19:50.167+0000] {subprocess.py:63} INFO - Tmp dir root location: /tmp
[2024-05-16T11:19:50.172+0000] {subprocess.py:75} INFO - Running command: ['/usr/bin/bash', '-c', '\n                mysql -h host.docker.internal -u root --password=12345678 test < /opt/***/dags/product_category.sql;\n                ']
[2024-05-16T11:19:50.185+0000] {subprocess.py:86} INFO - Output:
[2024-05-16T11:19:50.304+0000] {subprocess.py:97} INFO - Command exited with return code 0
[2024-05-16T11:19:50.305+0000] {taskinstance.py:441} INFO - ::group::Post task execution logs
[2024-05-16T11:19:50.325+0000] {taskinstance.py:1205} INFO - Marking task as SUCCESS. dag_id=dag_tables, task_id=import_table2, execution_date=20240514T000000, start_date=20240516T111949, end_date=20240516T111950
[2024-05-16T11:19:50.361+0000] {local_task_job_runner.py:240} INFO - Task exited with return code 0
[2024-05-16T11:19:50.428+0000] {taskinstance.py:3482} INFO - 0 downstream tasks scheduled from follow-on schedule check
[2024-05-16T11:19:50.431+0000] {local_task_job_runner.py:222} INFO - ::endgroup::
[2024-05-16T11:22:33.229+0000] {local_task_job_runner.py:120} INFO - ::group::Pre task execution logs
[2024-05-16T11:22:33.255+0000] {taskinstance.py:2073} INFO - Dependencies all met for dep_context=non-requeueable deps ti=<TaskInstance: dag_tables.import_table2 scheduled__2024-05-14T00:00:00+00:00 [queued]>
[2024-05-16T11:22:33.265+0000] {taskinstance.py:2073} INFO - Dependencies all met for dep_context=requeueable deps ti=<TaskInstance: dag_tables.import_table2 scheduled__2024-05-14T00:00:00+00:00 [queued]>
[2024-05-16T11:22:33.266+0000] {taskinstance.py:2303} INFO - Starting attempt 1 of 6
[2024-05-16T11:22:33.282+0000] {taskinstance.py:2327} INFO - Executing <Task(BashOperator): import_table2> on 2024-05-14 00:00:00+00:00
[2024-05-16T11:22:33.292+0000] {logging_mixin.py:188} WARNING - /home/***/.local/lib/python3.12/site-packages/***/task/task_runner/standard_task_runner.py:61 DeprecationWarning: This process (pid=575) is multi-threaded, use of fork() may lead to deadlocks in the child.
[2024-05-16T11:22:33.298+0000] {standard_task_runner.py:63} INFO - Started process 587 to run task
[2024-05-16T11:22:33.290+0000] {standard_task_runner.py:90} INFO - Running: ['***', 'tasks', 'run', 'dag_tables', 'import_table2', 'scheduled__2024-05-14T00:00:00+00:00', '--job-id', '465', '--raw', '--subdir', 'DAGS_FOLDER/dag_mysql.py', '--cfg-path', '/tmp/tmpp_mvueay']
[2024-05-16T11:22:33.303+0000] {standard_task_runner.py:91} INFO - Job 465: Subtask import_table2
[2024-05-16T11:22:33.349+0000] {task_command.py:426} INFO - Running <TaskInstance: dag_tables.import_table2 scheduled__2024-05-14T00:00:00+00:00 [running]> on host 7084a6d88d3b
[2024-05-16T11:22:33.420+0000] {taskinstance.py:2644} INFO - Exporting env vars: AIRFLOW_CTX_DAG_OWNER='bses' AIRFLOW_CTX_DAG_ID='dag_tables' AIRFLOW_CTX_TASK_ID='import_table2' AIRFLOW_CTX_EXECUTION_DATE='2024-05-14T00:00:00+00:00' AIRFLOW_CTX_TRY_NUMBER='1' AIRFLOW_CTX_DAG_RUN_ID='scheduled__2024-05-14T00:00:00+00:00'
[2024-05-16T11:22:33.423+0000] {taskinstance.py:430} INFO - ::endgroup::
[2024-05-16T11:22:33.430+0000] {subprocess.py:63} INFO - Tmp dir root location: /tmp
[2024-05-16T11:22:33.432+0000] {subprocess.py:75} INFO - Running command: ['/usr/bin/bash', '-c', '\n                mysql -h host.docker.internal -u root --password=12345678 test < /opt/***/dags/product_category.sql\n                ']
[2024-05-16T11:22:33.439+0000] {subprocess.py:86} INFO - Output:
[2024-05-16T11:22:33.507+0000] {subprocess.py:93} INFO - ERROR 1050 (42S01) at line 25: Table 'product_category' already exists
[2024-05-16T11:22:33.510+0000] {subprocess.py:97} INFO - Command exited with return code 1
[2024-05-16T11:22:33.511+0000] {taskinstance.py:441} INFO - ::group::Post task execution logs
[2024-05-16T11:22:33.519+0000] {taskinstance.py:2890} ERROR - Task failed with exception
Traceback (most recent call last):
  File "/home/airflow/.local/lib/python3.12/site-packages/airflow/models/taskinstance.py", line 465, in _execute_task
    result = _execute_callable(context=context, **execute_callable_kwargs)
             ^^^^^^^^^^^^^^^^^^^^^^^^^^^^^^^^^^^^^^^^^^^^^^^^^^^^^^^^^^^^^
  File "/home/airflow/.local/lib/python3.12/site-packages/airflow/models/taskinstance.py", line 432, in _execute_callable
    return execute_callable(context=context, **execute_callable_kwargs)
           ^^^^^^^^^^^^^^^^^^^^^^^^^^^^^^^^^^^^^^^^^^^^^^^^^^^^^^^^^^^^
  File "/home/airflow/.local/lib/python3.12/site-packages/airflow/models/baseoperator.py", line 400, in wrapper
    return func(self, *args, **kwargs)
           ^^^^^^^^^^^^^^^^^^^^^^^^^^^
  File "/home/airflow/.local/lib/python3.12/site-packages/airflow/operators/bash.py", line 243, in execute
    raise AirflowException(
airflow.exceptions.AirflowException: Bash command failed. The command returned a non-zero exit code 1.
[2024-05-16T11:22:33.523+0000] {taskinstance.py:1205} INFO - Marking task as UP_FOR_RETRY. dag_id=dag_tables, task_id=import_table2, execution_date=20240514T000000, start_date=20240516T112233, end_date=20240516T112233
[2024-05-16T11:22:33.534+0000] {standard_task_runner.py:110} ERROR - Failed to execute job 465 for task import_table2 (Bash command failed. The command returned a non-zero exit code 1.; 587)
[2024-05-16T11:22:33.569+0000] {local_task_job_runner.py:240} INFO - Task exited with return code 1
[2024-05-16T11:22:33.586+0000] {taskinstance.py:3482} INFO - 0 downstream tasks scheduled from follow-on schedule check
[2024-05-16T11:22:33.592+0000] {local_task_job_runner.py:222} INFO - ::endgroup::
[2024-05-16T11:24:49.960+0000] {local_task_job_runner.py:120} INFO - ::group::Pre task execution logs
[2024-05-16T11:24:49.994+0000] {taskinstance.py:2073} INFO - Dependencies all met for dep_context=non-requeueable deps ti=<TaskInstance: dag_tables.import_table2 scheduled__2024-05-14T00:00:00+00:00 [queued]>
[2024-05-16T11:24:49.998+0000] {taskinstance.py:2073} INFO - Dependencies all met for dep_context=requeueable deps ti=<TaskInstance: dag_tables.import_table2 scheduled__2024-05-14T00:00:00+00:00 [queued]>
[2024-05-16T11:24:50.000+0000] {taskinstance.py:2303} INFO - Starting attempt 1 of 6
[2024-05-16T11:24:50.014+0000] {taskinstance.py:2327} INFO - Executing <Task(BashOperator): import_table2> on 2024-05-14 00:00:00+00:00
[2024-05-16T11:24:50.022+0000] {standard_task_runner.py:90} INFO - Running: ['***', 'tasks', 'run', 'dag_tables', 'import_table2', 'scheduled__2024-05-14T00:00:00+00:00', '--job-id', '505', '--raw', '--subdir', 'DAGS_FOLDER/dag_mysql.py', '--cfg-path', '/tmp/tmpeg75yepc']
[2024-05-16T11:24:50.024+0000] {logging_mixin.py:188} WARNING - /home/***/.local/lib/python3.12/site-packages/***/task/task_runner/standard_task_runner.py:61 DeprecationWarning: This process (pid=779) is multi-threaded, use of fork() may lead to deadlocks in the child.
[2024-05-16T11:24:50.025+0000] {standard_task_runner.py:91} INFO - Job 505: Subtask import_table2
[2024-05-16T11:24:50.031+0000] {standard_task_runner.py:63} INFO - Started process 797 to run task
[2024-05-16T11:24:50.092+0000] {task_command.py:426} INFO - Running <TaskInstance: dag_tables.import_table2 scheduled__2024-05-14T00:00:00+00:00 [running]> on host 7084a6d88d3b
[2024-05-16T11:24:50.175+0000] {taskinstance.py:2644} INFO - Exporting env vars: AIRFLOW_CTX_DAG_OWNER='bses' AIRFLOW_CTX_DAG_ID='dag_tables' AIRFLOW_CTX_TASK_ID='import_table2' AIRFLOW_CTX_EXECUTION_DATE='2024-05-14T00:00:00+00:00' AIRFLOW_CTX_TRY_NUMBER='1' AIRFLOW_CTX_DAG_RUN_ID='scheduled__2024-05-14T00:00:00+00:00'
[2024-05-16T11:24:50.181+0000] {taskinstance.py:430} INFO - ::endgroup::
[2024-05-16T11:24:50.190+0000] {subprocess.py:63} INFO - Tmp dir root location: /tmp
[2024-05-16T11:24:50.192+0000] {subprocess.py:75} INFO - Running command: ['/usr/bin/bash', '-c', '\n                mysql -h host.docker.internal -u root --password=12345678 test < /opt/***/dags/product_category.sql\n                ']
[2024-05-16T11:24:50.201+0000] {subprocess.py:86} INFO - Output:
[2024-05-16T11:24:50.249+0000] {subprocess.py:97} INFO - Command exited with return code 0
[2024-05-16T11:24:50.250+0000] {taskinstance.py:441} INFO - ::group::Post task execution logs
[2024-05-16T11:24:50.265+0000] {taskinstance.py:1205} INFO - Marking task as SUCCESS. dag_id=dag_tables, task_id=import_table2, execution_date=20240514T000000, start_date=20240516T112449, end_date=20240516T112450
[2024-05-16T11:24:50.293+0000] {local_task_job_runner.py:240} INFO - Task exited with return code 0
[2024-05-16T11:24:50.304+0000] {taskinstance.py:3482} INFO - 0 downstream tasks scheduled from follow-on schedule check
[2024-05-16T11:24:50.305+0000] {local_task_job_runner.py:222} INFO - ::endgroup::
