[2024-05-03T17:13:14.714+0000] {processor.py:161} INFO - Started process (PID=193) to work on /home/airflow/.local/lib/python3.12/site-packages/airflow/example_dags/example_latest_only.py
[2024-05-03T17:13:14.715+0000] {processor.py:830} INFO - Processing file /home/airflow/.local/lib/python3.12/site-packages/airflow/example_dags/example_latest_only.py for tasks to queue
[2024-05-03T17:13:14.716+0000] {logging_mixin.py:188} INFO - [2024-05-03T17:13:14.716+0000] {dagbag.py:540} INFO - Filling up the DagBag from /home/airflow/.local/lib/python3.12/site-packages/airflow/example_dags/example_latest_only.py
[2024-05-03T17:13:14.719+0000] {processor.py:840} INFO - DAG(s) 'latest_only' retrieved from /home/airflow/.local/lib/python3.12/site-packages/airflow/example_dags/example_latest_only.py
[2024-05-03T17:13:14.726+0000] {logging_mixin.py:188} INFO - [2024-05-03T17:13:14.726+0000] {dag.py:3096} INFO - Sync 1 DAGs
[2024-05-03T17:13:14.737+0000] {logging_mixin.py:188} INFO - [2024-05-03T17:13:14.737+0000] {dag.py:3954} INFO - Setting next_dagrun for latest_only to 2024-05-03 12:00:00+00:00, run_after=2024-05-03 16:00:00+00:00
[2024-05-03T17:13:14.747+0000] {processor.py:183} INFO - Processing /home/airflow/.local/lib/python3.12/site-packages/airflow/example_dags/example_latest_only.py took 0.036 seconds
[2024-05-03T17:13:45.640+0000] {processor.py:161} INFO - Started process (PID=455) to work on /home/airflow/.local/lib/python3.12/site-packages/airflow/example_dags/example_latest_only.py
[2024-05-03T17:13:45.641+0000] {processor.py:830} INFO - Processing file /home/airflow/.local/lib/python3.12/site-packages/airflow/example_dags/example_latest_only.py for tasks to queue
[2024-05-03T17:13:45.642+0000] {logging_mixin.py:188} INFO - [2024-05-03T17:13:45.642+0000] {dagbag.py:540} INFO - Filling up the DagBag from /home/airflow/.local/lib/python3.12/site-packages/airflow/example_dags/example_latest_only.py
[2024-05-03T17:13:45.645+0000] {processor.py:840} INFO - DAG(s) 'latest_only' retrieved from /home/airflow/.local/lib/python3.12/site-packages/airflow/example_dags/example_latest_only.py
[2024-05-03T17:13:45.696+0000] {logging_mixin.py:188} INFO - [2024-05-03T17:13:45.696+0000] {dag.py:3096} INFO - Sync 1 DAGs
[2024-05-03T17:13:45.706+0000] {logging_mixin.py:188} INFO - [2024-05-03T17:13:45.705+0000] {dag.py:3954} INFO - Setting next_dagrun for latest_only to 2024-05-03 12:00:00+00:00, run_after=2024-05-03 16:00:00+00:00
[2024-05-03T17:13:45.716+0000] {processor.py:183} INFO - Processing /home/airflow/.local/lib/python3.12/site-packages/airflow/example_dags/example_latest_only.py took 0.079 seconds
[2024-05-03T17:14:16.736+0000] {processor.py:161} INFO - Started process (PID=717) to work on /home/airflow/.local/lib/python3.12/site-packages/airflow/example_dags/example_latest_only.py
[2024-05-03T17:14:16.736+0000] {processor.py:830} INFO - Processing file /home/airflow/.local/lib/python3.12/site-packages/airflow/example_dags/example_latest_only.py for tasks to queue
[2024-05-03T17:14:16.737+0000] {logging_mixin.py:188} INFO - [2024-05-03T17:14:16.737+0000] {dagbag.py:540} INFO - Filling up the DagBag from /home/airflow/.local/lib/python3.12/site-packages/airflow/example_dags/example_latest_only.py
[2024-05-03T17:14:16.740+0000] {processor.py:840} INFO - DAG(s) 'latest_only' retrieved from /home/airflow/.local/lib/python3.12/site-packages/airflow/example_dags/example_latest_only.py
[2024-05-03T17:14:16.749+0000] {logging_mixin.py:188} INFO - [2024-05-03T17:14:16.749+0000] {dag.py:3096} INFO - Sync 1 DAGs
[2024-05-03T17:14:16.759+0000] {logging_mixin.py:188} INFO - [2024-05-03T17:14:16.759+0000] {dag.py:3954} INFO - Setting next_dagrun for latest_only to 2024-05-03 12:00:00+00:00, run_after=2024-05-03 16:00:00+00:00
[2024-05-03T17:14:16.767+0000] {processor.py:183} INFO - Processing /home/airflow/.local/lib/python3.12/site-packages/airflow/example_dags/example_latest_only.py took 0.034 seconds
[2024-05-03T17:14:47.422+0000] {processor.py:161} INFO - Started process (PID=979) to work on /home/airflow/.local/lib/python3.12/site-packages/airflow/example_dags/example_latest_only.py
[2024-05-03T17:14:47.423+0000] {processor.py:830} INFO - Processing file /home/airflow/.local/lib/python3.12/site-packages/airflow/example_dags/example_latest_only.py for tasks to queue
[2024-05-03T17:14:47.424+0000] {logging_mixin.py:188} INFO - [2024-05-03T17:14:47.424+0000] {dagbag.py:540} INFO - Filling up the DagBag from /home/airflow/.local/lib/python3.12/site-packages/airflow/example_dags/example_latest_only.py
[2024-05-03T17:14:47.427+0000] {processor.py:840} INFO - DAG(s) 'latest_only' retrieved from /home/airflow/.local/lib/python3.12/site-packages/airflow/example_dags/example_latest_only.py
[2024-05-03T17:14:47.437+0000] {logging_mixin.py:188} INFO - [2024-05-03T17:14:47.436+0000] {dag.py:3096} INFO - Sync 1 DAGs
[2024-05-03T17:14:47.447+0000] {logging_mixin.py:188} INFO - [2024-05-03T17:14:47.447+0000] {dag.py:3954} INFO - Setting next_dagrun for latest_only to 2024-05-03 12:00:00+00:00, run_after=2024-05-03 16:00:00+00:00
[2024-05-03T17:14:47.456+0000] {processor.py:183} INFO - Processing /home/airflow/.local/lib/python3.12/site-packages/airflow/example_dags/example_latest_only.py took 0.037 seconds
[2024-05-03T17:15:18.219+0000] {processor.py:161} INFO - Started process (PID=1241) to work on /home/airflow/.local/lib/python3.12/site-packages/airflow/example_dags/example_latest_only.py
[2024-05-03T17:15:18.220+0000] {processor.py:830} INFO - Processing file /home/airflow/.local/lib/python3.12/site-packages/airflow/example_dags/example_latest_only.py for tasks to queue
[2024-05-03T17:15:18.221+0000] {logging_mixin.py:188} INFO - [2024-05-03T17:15:18.221+0000] {dagbag.py:540} INFO - Filling up the DagBag from /home/airflow/.local/lib/python3.12/site-packages/airflow/example_dags/example_latest_only.py
[2024-05-03T17:15:18.224+0000] {processor.py:840} INFO - DAG(s) 'latest_only' retrieved from /home/airflow/.local/lib/python3.12/site-packages/airflow/example_dags/example_latest_only.py
[2024-05-03T17:15:18.236+0000] {logging_mixin.py:188} INFO - [2024-05-03T17:15:18.235+0000] {dag.py:3096} INFO - Sync 1 DAGs
[2024-05-03T17:15:18.246+0000] {logging_mixin.py:188} INFO - [2024-05-03T17:15:18.245+0000] {dag.py:3954} INFO - Setting next_dagrun for latest_only to 2024-05-03 12:00:00+00:00, run_after=2024-05-03 16:00:00+00:00
[2024-05-03T17:15:18.255+0000] {processor.py:183} INFO - Processing /home/airflow/.local/lib/python3.12/site-packages/airflow/example_dags/example_latest_only.py took 0.039 seconds
[2024-05-03T17:15:48.458+0000] {processor.py:161} INFO - Started process (PID=1503) to work on /home/airflow/.local/lib/python3.12/site-packages/airflow/example_dags/example_latest_only.py
[2024-05-03T17:15:48.459+0000] {processor.py:830} INFO - Processing file /home/airflow/.local/lib/python3.12/site-packages/airflow/example_dags/example_latest_only.py for tasks to queue
[2024-05-03T17:15:48.460+0000] {logging_mixin.py:188} INFO - [2024-05-03T17:15:48.460+0000] {dagbag.py:540} INFO - Filling up the DagBag from /home/airflow/.local/lib/python3.12/site-packages/airflow/example_dags/example_latest_only.py
[2024-05-03T17:15:48.463+0000] {processor.py:840} INFO - DAG(s) 'latest_only' retrieved from /home/airflow/.local/lib/python3.12/site-packages/airflow/example_dags/example_latest_only.py
[2024-05-03T17:15:48.473+0000] {logging_mixin.py:188} INFO - [2024-05-03T17:15:48.473+0000] {dag.py:3096} INFO - Sync 1 DAGs
[2024-05-03T17:15:48.483+0000] {logging_mixin.py:188} INFO - [2024-05-03T17:15:48.483+0000] {dag.py:3954} INFO - Setting next_dagrun for latest_only to 2024-05-03 12:00:00+00:00, run_after=2024-05-03 16:00:00+00:00
[2024-05-03T17:15:48.492+0000] {processor.py:183} INFO - Processing /home/airflow/.local/lib/python3.12/site-packages/airflow/example_dags/example_latest_only.py took 0.037 seconds
[2024-05-03T17:16:19.265+0000] {processor.py:161} INFO - Started process (PID=1765) to work on /home/airflow/.local/lib/python3.12/site-packages/airflow/example_dags/example_latest_only.py
[2024-05-03T17:16:19.265+0000] {processor.py:830} INFO - Processing file /home/airflow/.local/lib/python3.12/site-packages/airflow/example_dags/example_latest_only.py for tasks to queue
[2024-05-03T17:16:19.266+0000] {logging_mixin.py:188} INFO - [2024-05-03T17:16:19.266+0000] {dagbag.py:540} INFO - Filling up the DagBag from /home/airflow/.local/lib/python3.12/site-packages/airflow/example_dags/example_latest_only.py
[2024-05-03T17:16:19.269+0000] {processor.py:840} INFO - DAG(s) 'latest_only' retrieved from /home/airflow/.local/lib/python3.12/site-packages/airflow/example_dags/example_latest_only.py
[2024-05-03T17:16:19.279+0000] {logging_mixin.py:188} INFO - [2024-05-03T17:16:19.279+0000] {dag.py:3096} INFO - Sync 1 DAGs
[2024-05-03T17:16:19.289+0000] {logging_mixin.py:188} INFO - [2024-05-03T17:16:19.289+0000] {dag.py:3954} INFO - Setting next_dagrun for latest_only to 2024-05-03 12:00:00+00:00, run_after=2024-05-03 16:00:00+00:00
[2024-05-03T17:16:19.297+0000] {processor.py:183} INFO - Processing /home/airflow/.local/lib/python3.12/site-packages/airflow/example_dags/example_latest_only.py took 0.035 seconds
[2024-05-03T17:16:50.083+0000] {processor.py:161} INFO - Started process (PID=2027) to work on /home/airflow/.local/lib/python3.12/site-packages/airflow/example_dags/example_latest_only.py
[2024-05-03T17:16:50.084+0000] {processor.py:830} INFO - Processing file /home/airflow/.local/lib/python3.12/site-packages/airflow/example_dags/example_latest_only.py for tasks to queue
[2024-05-03T17:16:50.086+0000] {logging_mixin.py:188} INFO - [2024-05-03T17:16:50.085+0000] {dagbag.py:540} INFO - Filling up the DagBag from /home/airflow/.local/lib/python3.12/site-packages/airflow/example_dags/example_latest_only.py
[2024-05-03T17:16:50.089+0000] {processor.py:840} INFO - DAG(s) 'latest_only' retrieved from /home/airflow/.local/lib/python3.12/site-packages/airflow/example_dags/example_latest_only.py
[2024-05-03T17:16:50.100+0000] {logging_mixin.py:188} INFO - [2024-05-03T17:16:50.100+0000] {dag.py:3096} INFO - Sync 1 DAGs
[2024-05-03T17:16:50.111+0000] {logging_mixin.py:188} INFO - [2024-05-03T17:16:50.111+0000] {dag.py:3954} INFO - Setting next_dagrun for latest_only to 2024-05-03 12:00:00+00:00, run_after=2024-05-03 16:00:00+00:00
[2024-05-03T17:16:50.120+0000] {processor.py:183} INFO - Processing /home/airflow/.local/lib/python3.12/site-packages/airflow/example_dags/example_latest_only.py took 0.040 seconds
[2024-05-03T17:17:20.137+0000] {processor.py:161} INFO - Started process (PID=2284) to work on /home/airflow/.local/lib/python3.12/site-packages/airflow/example_dags/example_latest_only.py
[2024-05-03T17:17:20.138+0000] {processor.py:830} INFO - Processing file /home/airflow/.local/lib/python3.12/site-packages/airflow/example_dags/example_latest_only.py for tasks to queue
[2024-05-03T17:17:20.139+0000] {logging_mixin.py:188} INFO - [2024-05-03T17:17:20.139+0000] {dagbag.py:540} INFO - Filling up the DagBag from /home/airflow/.local/lib/python3.12/site-packages/airflow/example_dags/example_latest_only.py
[2024-05-03T17:17:20.142+0000] {processor.py:840} INFO - DAG(s) 'latest_only' retrieved from /home/airflow/.local/lib/python3.12/site-packages/airflow/example_dags/example_latest_only.py
[2024-05-03T17:17:20.153+0000] {logging_mixin.py:188} INFO - [2024-05-03T17:17:20.153+0000] {dag.py:3096} INFO - Sync 1 DAGs
[2024-05-03T17:17:20.164+0000] {logging_mixin.py:188} INFO - [2024-05-03T17:17:20.164+0000] {dag.py:3954} INFO - Setting next_dagrun for latest_only to 2024-05-03 12:00:00+00:00, run_after=2024-05-03 16:00:00+00:00
[2024-05-03T17:17:20.174+0000] {processor.py:183} INFO - Processing /home/airflow/.local/lib/python3.12/site-packages/airflow/example_dags/example_latest_only.py took 0.040 seconds
[2024-05-03T17:17:51.108+0000] {processor.py:161} INFO - Started process (PID=2551) to work on /home/airflow/.local/lib/python3.12/site-packages/airflow/example_dags/example_latest_only.py
[2024-05-03T17:17:51.108+0000] {processor.py:830} INFO - Processing file /home/airflow/.local/lib/python3.12/site-packages/airflow/example_dags/example_latest_only.py for tasks to queue
[2024-05-03T17:17:51.110+0000] {logging_mixin.py:188} INFO - [2024-05-03T17:17:51.110+0000] {dagbag.py:540} INFO - Filling up the DagBag from /home/airflow/.local/lib/python3.12/site-packages/airflow/example_dags/example_latest_only.py
[2024-05-03T17:17:51.113+0000] {processor.py:840} INFO - DAG(s) 'latest_only' retrieved from /home/airflow/.local/lib/python3.12/site-packages/airflow/example_dags/example_latest_only.py
[2024-05-03T17:17:51.124+0000] {logging_mixin.py:188} INFO - [2024-05-03T17:17:51.124+0000] {dag.py:3096} INFO - Sync 1 DAGs
[2024-05-03T17:17:51.135+0000] {logging_mixin.py:188} INFO - [2024-05-03T17:17:51.135+0000] {dag.py:3954} INFO - Setting next_dagrun for latest_only to 2024-05-03 12:00:00+00:00, run_after=2024-05-03 16:00:00+00:00
[2024-05-03T17:17:51.145+0000] {processor.py:183} INFO - Processing /home/airflow/.local/lib/python3.12/site-packages/airflow/example_dags/example_latest_only.py took 0.040 seconds
[2024-05-03T17:18:21.293+0000] {processor.py:161} INFO - Started process (PID=2812) to work on /home/airflow/.local/lib/python3.12/site-packages/airflow/example_dags/example_latest_only.py
[2024-05-03T17:18:21.294+0000] {processor.py:830} INFO - Processing file /home/airflow/.local/lib/python3.12/site-packages/airflow/example_dags/example_latest_only.py for tasks to queue
[2024-05-03T17:18:21.296+0000] {logging_mixin.py:188} INFO - [2024-05-03T17:18:21.296+0000] {dagbag.py:540} INFO - Filling up the DagBag from /home/airflow/.local/lib/python3.12/site-packages/airflow/example_dags/example_latest_only.py
[2024-05-03T17:18:21.300+0000] {processor.py:840} INFO - DAG(s) 'latest_only' retrieved from /home/airflow/.local/lib/python3.12/site-packages/airflow/example_dags/example_latest_only.py
[2024-05-03T17:18:21.313+0000] {logging_mixin.py:188} INFO - [2024-05-03T17:18:21.313+0000] {dag.py:3096} INFO - Sync 1 DAGs
[2024-05-03T17:18:21.330+0000] {logging_mixin.py:188} INFO - [2024-05-03T17:18:21.329+0000] {dag.py:3954} INFO - Setting next_dagrun for latest_only to 2024-05-03 12:00:00+00:00, run_after=2024-05-03 16:00:00+00:00
[2024-05-03T17:18:21.343+0000] {processor.py:183} INFO - Processing /home/airflow/.local/lib/python3.12/site-packages/airflow/example_dags/example_latest_only.py took 0.057 seconds
[2024-05-03T17:18:51.465+0000] {processor.py:161} INFO - Started process (PID=3074) to work on /home/airflow/.local/lib/python3.12/site-packages/airflow/example_dags/example_latest_only.py
[2024-05-03T17:18:51.466+0000] {processor.py:830} INFO - Processing file /home/airflow/.local/lib/python3.12/site-packages/airflow/example_dags/example_latest_only.py for tasks to queue
[2024-05-03T17:18:51.467+0000] {logging_mixin.py:188} INFO - [2024-05-03T17:18:51.467+0000] {dagbag.py:540} INFO - Filling up the DagBag from /home/airflow/.local/lib/python3.12/site-packages/airflow/example_dags/example_latest_only.py
[2024-05-03T17:18:51.471+0000] {processor.py:840} INFO - DAG(s) 'latest_only' retrieved from /home/airflow/.local/lib/python3.12/site-packages/airflow/example_dags/example_latest_only.py
[2024-05-03T17:18:51.486+0000] {logging_mixin.py:188} INFO - [2024-05-03T17:18:51.486+0000] {dag.py:3096} INFO - Sync 1 DAGs
[2024-05-03T17:18:51.497+0000] {logging_mixin.py:188} INFO - [2024-05-03T17:18:51.497+0000] {dag.py:3954} INFO - Setting next_dagrun for latest_only to 2024-05-03 12:00:00+00:00, run_after=2024-05-03 16:00:00+00:00
[2024-05-03T17:18:51.511+0000] {processor.py:183} INFO - Processing /home/airflow/.local/lib/python3.12/site-packages/airflow/example_dags/example_latest_only.py took 0.049 seconds
[2024-05-03T17:19:21.998+0000] {processor.py:161} INFO - Started process (PID=3335) to work on /home/airflow/.local/lib/python3.12/site-packages/airflow/example_dags/example_latest_only.py
[2024-05-03T17:19:21.999+0000] {processor.py:830} INFO - Processing file /home/airflow/.local/lib/python3.12/site-packages/airflow/example_dags/example_latest_only.py for tasks to queue
[2024-05-03T17:19:22.000+0000] {logging_mixin.py:188} INFO - [2024-05-03T17:19:22.000+0000] {dagbag.py:540} INFO - Filling up the DagBag from /home/airflow/.local/lib/python3.12/site-packages/airflow/example_dags/example_latest_only.py
[2024-05-03T17:19:22.003+0000] {processor.py:840} INFO - DAG(s) 'latest_only' retrieved from /home/airflow/.local/lib/python3.12/site-packages/airflow/example_dags/example_latest_only.py
[2024-05-03T17:19:22.054+0000] {logging_mixin.py:188} INFO - [2024-05-03T17:19:22.054+0000] {dag.py:3096} INFO - Sync 1 DAGs
[2024-05-03T17:19:22.064+0000] {logging_mixin.py:188} INFO - [2024-05-03T17:19:22.064+0000] {dag.py:3954} INFO - Setting next_dagrun for latest_only to 2024-05-03 12:00:00+00:00, run_after=2024-05-03 16:00:00+00:00
[2024-05-03T17:19:22.075+0000] {processor.py:183} INFO - Processing /home/airflow/.local/lib/python3.12/site-packages/airflow/example_dags/example_latest_only.py took 0.080 seconds
[2024-05-03T17:19:52.602+0000] {processor.py:161} INFO - Started process (PID=3597) to work on /home/airflow/.local/lib/python3.12/site-packages/airflow/example_dags/example_latest_only.py
[2024-05-03T17:19:52.602+0000] {processor.py:830} INFO - Processing file /home/airflow/.local/lib/python3.12/site-packages/airflow/example_dags/example_latest_only.py for tasks to queue
[2024-05-03T17:19:52.603+0000] {logging_mixin.py:188} INFO - [2024-05-03T17:19:52.603+0000] {dagbag.py:540} INFO - Filling up the DagBag from /home/airflow/.local/lib/python3.12/site-packages/airflow/example_dags/example_latest_only.py
[2024-05-03T17:19:52.606+0000] {processor.py:840} INFO - DAG(s) 'latest_only' retrieved from /home/airflow/.local/lib/python3.12/site-packages/airflow/example_dags/example_latest_only.py
[2024-05-03T17:19:52.616+0000] {logging_mixin.py:188} INFO - [2024-05-03T17:19:52.616+0000] {dag.py:3096} INFO - Sync 1 DAGs
[2024-05-03T17:19:52.626+0000] {logging_mixin.py:188} INFO - [2024-05-03T17:19:52.626+0000] {dag.py:3954} INFO - Setting next_dagrun for latest_only to 2024-05-03 12:00:00+00:00, run_after=2024-05-03 16:00:00+00:00
[2024-05-03T17:19:52.634+0000] {processor.py:183} INFO - Processing /home/airflow/.local/lib/python3.12/site-packages/airflow/example_dags/example_latest_only.py took 0.035 seconds
[2024-05-03T17:20:22.677+0000] {processor.py:161} INFO - Started process (PID=3854) to work on /home/airflow/.local/lib/python3.12/site-packages/airflow/example_dags/example_latest_only.py
[2024-05-03T17:20:22.678+0000] {processor.py:830} INFO - Processing file /home/airflow/.local/lib/python3.12/site-packages/airflow/example_dags/example_latest_only.py for tasks to queue
[2024-05-03T17:20:22.681+0000] {logging_mixin.py:188} INFO - [2024-05-03T17:20:22.680+0000] {dagbag.py:540} INFO - Filling up the DagBag from /home/airflow/.local/lib/python3.12/site-packages/airflow/example_dags/example_latest_only.py
[2024-05-03T17:20:22.686+0000] {processor.py:840} INFO - DAG(s) 'latest_only' retrieved from /home/airflow/.local/lib/python3.12/site-packages/airflow/example_dags/example_latest_only.py
[2024-05-03T17:20:22.702+0000] {logging_mixin.py:188} INFO - [2024-05-03T17:20:22.702+0000] {dag.py:3096} INFO - Sync 1 DAGs
[2024-05-03T17:20:22.714+0000] {logging_mixin.py:188} INFO - [2024-05-03T17:20:22.714+0000] {dag.py:3954} INFO - Setting next_dagrun for latest_only to 2024-05-03 12:00:00+00:00, run_after=2024-05-03 16:00:00+00:00
[2024-05-03T17:20:22.723+0000] {processor.py:183} INFO - Processing /home/airflow/.local/lib/python3.12/site-packages/airflow/example_dags/example_latest_only.py took 0.052 seconds
[2024-05-03T17:20:52.853+0000] {processor.py:161} INFO - Started process (PID=4116) to work on /home/airflow/.local/lib/python3.12/site-packages/airflow/example_dags/example_latest_only.py
[2024-05-03T17:20:52.854+0000] {processor.py:830} INFO - Processing file /home/airflow/.local/lib/python3.12/site-packages/airflow/example_dags/example_latest_only.py for tasks to queue
[2024-05-03T17:20:52.856+0000] {logging_mixin.py:188} INFO - [2024-05-03T17:20:52.855+0000] {dagbag.py:540} INFO - Filling up the DagBag from /home/airflow/.local/lib/python3.12/site-packages/airflow/example_dags/example_latest_only.py
[2024-05-03T17:20:52.861+0000] {processor.py:840} INFO - DAG(s) 'latest_only' retrieved from /home/airflow/.local/lib/python3.12/site-packages/airflow/example_dags/example_latest_only.py
[2024-05-03T17:20:52.877+0000] {logging_mixin.py:188} INFO - [2024-05-03T17:20:52.877+0000] {dag.py:3096} INFO - Sync 1 DAGs
[2024-05-03T17:20:52.889+0000] {logging_mixin.py:188} INFO - [2024-05-03T17:20:52.889+0000] {dag.py:3954} INFO - Setting next_dagrun for latest_only to 2024-05-03 12:00:00+00:00, run_after=2024-05-03 16:00:00+00:00
[2024-05-03T17:20:52.898+0000] {processor.py:183} INFO - Processing /home/airflow/.local/lib/python3.12/site-packages/airflow/example_dags/example_latest_only.py took 0.051 seconds
[2024-05-03T17:21:23.769+0000] {processor.py:161} INFO - Started process (PID=4383) to work on /home/airflow/.local/lib/python3.12/site-packages/airflow/example_dags/example_latest_only.py
[2024-05-03T17:21:23.770+0000] {processor.py:830} INFO - Processing file /home/airflow/.local/lib/python3.12/site-packages/airflow/example_dags/example_latest_only.py for tasks to queue
[2024-05-03T17:21:23.771+0000] {logging_mixin.py:188} INFO - [2024-05-03T17:21:23.771+0000] {dagbag.py:540} INFO - Filling up the DagBag from /home/airflow/.local/lib/python3.12/site-packages/airflow/example_dags/example_latest_only.py
[2024-05-03T17:21:23.774+0000] {processor.py:840} INFO - DAG(s) 'latest_only' retrieved from /home/airflow/.local/lib/python3.12/site-packages/airflow/example_dags/example_latest_only.py
[2024-05-03T17:21:23.785+0000] {logging_mixin.py:188} INFO - [2024-05-03T17:21:23.785+0000] {dag.py:3096} INFO - Sync 1 DAGs
[2024-05-03T17:21:23.796+0000] {logging_mixin.py:188} INFO - [2024-05-03T17:21:23.796+0000] {dag.py:3954} INFO - Setting next_dagrun for latest_only to 2024-05-03 12:00:00+00:00, run_after=2024-05-03 16:00:00+00:00
[2024-05-03T17:21:23.805+0000] {processor.py:183} INFO - Processing /home/airflow/.local/lib/python3.12/site-packages/airflow/example_dags/example_latest_only.py took 0.039 seconds
[2024-05-03T17:21:53.866+0000] {processor.py:161} INFO - Started process (PID=4640) to work on /home/airflow/.local/lib/python3.12/site-packages/airflow/example_dags/example_latest_only.py
[2024-05-03T17:21:53.867+0000] {processor.py:830} INFO - Processing file /home/airflow/.local/lib/python3.12/site-packages/airflow/example_dags/example_latest_only.py for tasks to queue
[2024-05-03T17:21:53.869+0000] {logging_mixin.py:188} INFO - [2024-05-03T17:21:53.869+0000] {dagbag.py:540} INFO - Filling up the DagBag from /home/airflow/.local/lib/python3.12/site-packages/airflow/example_dags/example_latest_only.py
[2024-05-03T17:21:53.874+0000] {processor.py:840} INFO - DAG(s) 'latest_only' retrieved from /home/airflow/.local/lib/python3.12/site-packages/airflow/example_dags/example_latest_only.py
[2024-05-03T17:21:53.890+0000] {logging_mixin.py:188} INFO - [2024-05-03T17:21:53.890+0000] {dag.py:3096} INFO - Sync 1 DAGs
[2024-05-03T17:21:53.903+0000] {logging_mixin.py:188} INFO - [2024-05-03T17:21:53.903+0000] {dag.py:3954} INFO - Setting next_dagrun for latest_only to 2024-05-03 12:00:00+00:00, run_after=2024-05-03 16:00:00+00:00
[2024-05-03T17:21:53.913+0000] {processor.py:183} INFO - Processing /home/airflow/.local/lib/python3.12/site-packages/airflow/example_dags/example_latest_only.py took 0.053 seconds
[2024-05-03T17:22:24.233+0000] {processor.py:161} INFO - Started process (PID=4907) to work on /home/airflow/.local/lib/python3.12/site-packages/airflow/example_dags/example_latest_only.py
[2024-05-03T17:22:24.233+0000] {processor.py:830} INFO - Processing file /home/airflow/.local/lib/python3.12/site-packages/airflow/example_dags/example_latest_only.py for tasks to queue
[2024-05-03T17:22:24.234+0000] {logging_mixin.py:188} INFO - [2024-05-03T17:22:24.234+0000] {dagbag.py:540} INFO - Filling up the DagBag from /home/airflow/.local/lib/python3.12/site-packages/airflow/example_dags/example_latest_only.py
[2024-05-03T17:22:24.237+0000] {processor.py:840} INFO - DAG(s) 'latest_only' retrieved from /home/airflow/.local/lib/python3.12/site-packages/airflow/example_dags/example_latest_only.py
[2024-05-03T17:22:24.247+0000] {logging_mixin.py:188} INFO - [2024-05-03T17:22:24.247+0000] {dag.py:3096} INFO - Sync 1 DAGs
[2024-05-03T17:22:24.258+0000] {logging_mixin.py:188} INFO - [2024-05-03T17:22:24.257+0000] {dag.py:3954} INFO - Setting next_dagrun for latest_only to 2024-05-03 12:00:00+00:00, run_after=2024-05-03 16:00:00+00:00
[2024-05-03T17:22:24.267+0000] {processor.py:183} INFO - Processing /home/airflow/.local/lib/python3.12/site-packages/airflow/example_dags/example_latest_only.py took 0.038 seconds
[2024-05-03T17:22:54.367+0000] {processor.py:161} INFO - Started process (PID=5164) to work on /home/airflow/.local/lib/python3.12/site-packages/airflow/example_dags/example_latest_only.py
[2024-05-03T17:22:54.368+0000] {processor.py:830} INFO - Processing file /home/airflow/.local/lib/python3.12/site-packages/airflow/example_dags/example_latest_only.py for tasks to queue
[2024-05-03T17:22:54.370+0000] {logging_mixin.py:188} INFO - [2024-05-03T17:22:54.369+0000] {dagbag.py:540} INFO - Filling up the DagBag from /home/airflow/.local/lib/python3.12/site-packages/airflow/example_dags/example_latest_only.py
[2024-05-03T17:22:54.373+0000] {processor.py:840} INFO - DAG(s) 'latest_only' retrieved from /home/airflow/.local/lib/python3.12/site-packages/airflow/example_dags/example_latest_only.py
[2024-05-03T17:22:54.389+0000] {logging_mixin.py:188} INFO - [2024-05-03T17:22:54.389+0000] {dag.py:3096} INFO - Sync 1 DAGs
[2024-05-03T17:22:54.401+0000] {logging_mixin.py:188} INFO - [2024-05-03T17:22:54.401+0000] {dag.py:3954} INFO - Setting next_dagrun for latest_only to 2024-05-03 12:00:00+00:00, run_after=2024-05-03 16:00:00+00:00
[2024-05-03T17:22:54.412+0000] {processor.py:183} INFO - Processing /home/airflow/.local/lib/python3.12/site-packages/airflow/example_dags/example_latest_only.py took 0.051 seconds
[2024-05-03T17:23:24.519+0000] {processor.py:161} INFO - Started process (PID=5426) to work on /home/airflow/.local/lib/python3.12/site-packages/airflow/example_dags/example_latest_only.py
[2024-05-03T17:23:24.520+0000] {processor.py:830} INFO - Processing file /home/airflow/.local/lib/python3.12/site-packages/airflow/example_dags/example_latest_only.py for tasks to queue
[2024-05-03T17:23:24.522+0000] {logging_mixin.py:188} INFO - [2024-05-03T17:23:24.522+0000] {dagbag.py:540} INFO - Filling up the DagBag from /home/airflow/.local/lib/python3.12/site-packages/airflow/example_dags/example_latest_only.py
[2024-05-03T17:23:24.527+0000] {processor.py:840} INFO - DAG(s) 'latest_only' retrieved from /home/airflow/.local/lib/python3.12/site-packages/airflow/example_dags/example_latest_only.py
[2024-05-03T17:23:24.544+0000] {logging_mixin.py:188} INFO - [2024-05-03T17:23:24.544+0000] {dag.py:3096} INFO - Sync 1 DAGs
[2024-05-03T17:23:24.557+0000] {logging_mixin.py:188} INFO - [2024-05-03T17:23:24.556+0000] {dag.py:3954} INFO - Setting next_dagrun for latest_only to 2024-05-03 12:00:00+00:00, run_after=2024-05-03 16:00:00+00:00
[2024-05-03T17:23:24.566+0000] {processor.py:183} INFO - Processing /home/airflow/.local/lib/python3.12/site-packages/airflow/example_dags/example_latest_only.py took 0.054 seconds
[2024-05-03T17:23:54.642+0000] {processor.py:161} INFO - Started process (PID=5688) to work on /home/airflow/.local/lib/python3.12/site-packages/airflow/example_dags/example_latest_only.py
[2024-05-03T17:23:54.644+0000] {processor.py:830} INFO - Processing file /home/airflow/.local/lib/python3.12/site-packages/airflow/example_dags/example_latest_only.py for tasks to queue
[2024-05-03T17:23:54.646+0000] {logging_mixin.py:188} INFO - [2024-05-03T17:23:54.645+0000] {dagbag.py:540} INFO - Filling up the DagBag from /home/airflow/.local/lib/python3.12/site-packages/airflow/example_dags/example_latest_only.py
[2024-05-03T17:23:54.651+0000] {processor.py:840} INFO - DAG(s) 'latest_only' retrieved from /home/airflow/.local/lib/python3.12/site-packages/airflow/example_dags/example_latest_only.py
[2024-05-03T17:23:54.667+0000] {logging_mixin.py:188} INFO - [2024-05-03T17:23:54.667+0000] {dag.py:3096} INFO - Sync 1 DAGs
[2024-05-03T17:23:54.679+0000] {logging_mixin.py:188} INFO - [2024-05-03T17:23:54.679+0000] {dag.py:3954} INFO - Setting next_dagrun for latest_only to 2024-05-03 12:00:00+00:00, run_after=2024-05-03 16:00:00+00:00
[2024-05-03T17:23:54.689+0000] {processor.py:183} INFO - Processing /home/airflow/.local/lib/python3.12/site-packages/airflow/example_dags/example_latest_only.py took 0.053 seconds
[2024-05-03T17:24:24.928+0000] {processor.py:161} INFO - Started process (PID=5950) to work on /home/airflow/.local/lib/python3.12/site-packages/airflow/example_dags/example_latest_only.py
[2024-05-03T17:24:24.929+0000] {processor.py:830} INFO - Processing file /home/airflow/.local/lib/python3.12/site-packages/airflow/example_dags/example_latest_only.py for tasks to queue
[2024-05-03T17:24:24.931+0000] {logging_mixin.py:188} INFO - [2024-05-03T17:24:24.930+0000] {dagbag.py:540} INFO - Filling up the DagBag from /home/airflow/.local/lib/python3.12/site-packages/airflow/example_dags/example_latest_only.py
[2024-05-03T17:24:24.936+0000] {processor.py:840} INFO - DAG(s) 'latest_only' retrieved from /home/airflow/.local/lib/python3.12/site-packages/airflow/example_dags/example_latest_only.py
[2024-05-03T17:24:24.952+0000] {logging_mixin.py:188} INFO - [2024-05-03T17:24:24.952+0000] {dag.py:3096} INFO - Sync 1 DAGs
[2024-05-03T17:24:24.964+0000] {logging_mixin.py:188} INFO - [2024-05-03T17:24:24.964+0000] {dag.py:3954} INFO - Setting next_dagrun for latest_only to 2024-05-03 12:00:00+00:00, run_after=2024-05-03 16:00:00+00:00
[2024-05-03T17:24:24.974+0000] {processor.py:183} INFO - Processing /home/airflow/.local/lib/python3.12/site-packages/airflow/example_dags/example_latest_only.py took 0.053 seconds
[2024-05-03T17:24:55.307+0000] {processor.py:161} INFO - Started process (PID=6212) to work on /home/airflow/.local/lib/python3.12/site-packages/airflow/example_dags/example_latest_only.py
[2024-05-03T17:24:55.308+0000] {processor.py:830} INFO - Processing file /home/airflow/.local/lib/python3.12/site-packages/airflow/example_dags/example_latest_only.py for tasks to queue
[2024-05-03T17:24:55.310+0000] {logging_mixin.py:188} INFO - [2024-05-03T17:24:55.310+0000] {dagbag.py:540} INFO - Filling up the DagBag from /home/airflow/.local/lib/python3.12/site-packages/airflow/example_dags/example_latest_only.py
[2024-05-03T17:24:55.316+0000] {processor.py:840} INFO - DAG(s) 'latest_only' retrieved from /home/airflow/.local/lib/python3.12/site-packages/airflow/example_dags/example_latest_only.py
[2024-05-03T17:24:55.332+0000] {logging_mixin.py:188} INFO - [2024-05-03T17:24:55.332+0000] {dag.py:3096} INFO - Sync 1 DAGs
[2024-05-03T17:24:55.344+0000] {logging_mixin.py:188} INFO - [2024-05-03T17:24:55.344+0000] {dag.py:3954} INFO - Setting next_dagrun for latest_only to 2024-05-03 12:00:00+00:00, run_after=2024-05-03 16:00:00+00:00
[2024-05-03T17:24:55.353+0000] {processor.py:183} INFO - Processing /home/airflow/.local/lib/python3.12/site-packages/airflow/example_dags/example_latest_only.py took 0.053 seconds
[2024-05-03T17:25:25.589+0000] {processor.py:161} INFO - Started process (PID=6474) to work on /home/airflow/.local/lib/python3.12/site-packages/airflow/example_dags/example_latest_only.py
[2024-05-03T17:25:25.590+0000] {processor.py:830} INFO - Processing file /home/airflow/.local/lib/python3.12/site-packages/airflow/example_dags/example_latest_only.py for tasks to queue
[2024-05-03T17:25:25.592+0000] {logging_mixin.py:188} INFO - [2024-05-03T17:25:25.592+0000] {dagbag.py:540} INFO - Filling up the DagBag from /home/airflow/.local/lib/python3.12/site-packages/airflow/example_dags/example_latest_only.py
[2024-05-03T17:25:25.596+0000] {processor.py:840} INFO - DAG(s) 'latest_only' retrieved from /home/airflow/.local/lib/python3.12/site-packages/airflow/example_dags/example_latest_only.py
[2024-05-03T17:25:25.609+0000] {logging_mixin.py:188} INFO - [2024-05-03T17:25:25.609+0000] {dag.py:3096} INFO - Sync 1 DAGs
[2024-05-03T17:25:25.620+0000] {logging_mixin.py:188} INFO - [2024-05-03T17:25:25.620+0000] {dag.py:3954} INFO - Setting next_dagrun for latest_only to 2024-05-03 12:00:00+00:00, run_after=2024-05-03 16:00:00+00:00
[2024-05-03T17:25:25.629+0000] {processor.py:183} INFO - Processing /home/airflow/.local/lib/python3.12/site-packages/airflow/example_dags/example_latest_only.py took 0.045 seconds
[2024-05-03T17:25:55.826+0000] {processor.py:161} INFO - Started process (PID=6736) to work on /home/airflow/.local/lib/python3.12/site-packages/airflow/example_dags/example_latest_only.py
[2024-05-03T17:25:55.827+0000] {processor.py:830} INFO - Processing file /home/airflow/.local/lib/python3.12/site-packages/airflow/example_dags/example_latest_only.py for tasks to queue
[2024-05-03T17:25:55.829+0000] {logging_mixin.py:188} INFO - [2024-05-03T17:25:55.829+0000] {dagbag.py:540} INFO - Filling up the DagBag from /home/airflow/.local/lib/python3.12/site-packages/airflow/example_dags/example_latest_only.py
[2024-05-03T17:25:55.833+0000] {processor.py:840} INFO - DAG(s) 'latest_only' retrieved from /home/airflow/.local/lib/python3.12/site-packages/airflow/example_dags/example_latest_only.py
[2024-05-03T17:25:55.845+0000] {logging_mixin.py:188} INFO - [2024-05-03T17:25:55.845+0000] {dag.py:3096} INFO - Sync 1 DAGs
[2024-05-03T17:25:55.858+0000] {logging_mixin.py:188} INFO - [2024-05-03T17:25:55.858+0000] {dag.py:3954} INFO - Setting next_dagrun for latest_only to 2024-05-03 12:00:00+00:00, run_after=2024-05-03 16:00:00+00:00
[2024-05-03T17:25:55.866+0000] {processor.py:183} INFO - Processing /home/airflow/.local/lib/python3.12/site-packages/airflow/example_dags/example_latest_only.py took 0.045 seconds
[2024-05-03T17:26:26.272+0000] {processor.py:161} INFO - Started process (PID=6998) to work on /home/airflow/.local/lib/python3.12/site-packages/airflow/example_dags/example_latest_only.py
[2024-05-03T17:26:26.273+0000] {processor.py:830} INFO - Processing file /home/airflow/.local/lib/python3.12/site-packages/airflow/example_dags/example_latest_only.py for tasks to queue
[2024-05-03T17:26:26.275+0000] {logging_mixin.py:188} INFO - [2024-05-03T17:26:26.275+0000] {dagbag.py:540} INFO - Filling up the DagBag from /home/airflow/.local/lib/python3.12/site-packages/airflow/example_dags/example_latest_only.py
[2024-05-03T17:26:26.280+0000] {processor.py:840} INFO - DAG(s) 'latest_only' retrieved from /home/airflow/.local/lib/python3.12/site-packages/airflow/example_dags/example_latest_only.py
[2024-05-03T17:26:26.297+0000] {logging_mixin.py:188} INFO - [2024-05-03T17:26:26.297+0000] {dag.py:3096} INFO - Sync 1 DAGs
[2024-05-03T17:26:26.394+0000] {logging_mixin.py:188} INFO - [2024-05-03T17:26:26.394+0000] {dag.py:3954} INFO - Setting next_dagrun for latest_only to 2024-05-03 12:00:00+00:00, run_after=2024-05-03 16:00:00+00:00
[2024-05-03T17:26:26.403+0000] {processor.py:183} INFO - Processing /home/airflow/.local/lib/python3.12/site-packages/airflow/example_dags/example_latest_only.py took 0.138 seconds
[2024-05-03T17:26:56.670+0000] {processor.py:161} INFO - Started process (PID=7260) to work on /home/airflow/.local/lib/python3.12/site-packages/airflow/example_dags/example_latest_only.py
[2024-05-03T17:26:56.671+0000] {processor.py:830} INFO - Processing file /home/airflow/.local/lib/python3.12/site-packages/airflow/example_dags/example_latest_only.py for tasks to queue
[2024-05-03T17:26:56.673+0000] {logging_mixin.py:188} INFO - [2024-05-03T17:26:56.673+0000] {dagbag.py:540} INFO - Filling up the DagBag from /home/airflow/.local/lib/python3.12/site-packages/airflow/example_dags/example_latest_only.py
[2024-05-03T17:26:56.678+0000] {processor.py:840} INFO - DAG(s) 'latest_only' retrieved from /home/airflow/.local/lib/python3.12/site-packages/airflow/example_dags/example_latest_only.py
[2024-05-03T17:26:56.694+0000] {logging_mixin.py:188} INFO - [2024-05-03T17:26:56.694+0000] {dag.py:3096} INFO - Sync 1 DAGs
[2024-05-03T17:26:56.793+0000] {logging_mixin.py:188} INFO - [2024-05-03T17:26:56.793+0000] {dag.py:3954} INFO - Setting next_dagrun for latest_only to 2024-05-03 12:00:00+00:00, run_after=2024-05-03 16:00:00+00:00
[2024-05-03T17:26:56.801+0000] {processor.py:183} INFO - Processing /home/airflow/.local/lib/python3.12/site-packages/airflow/example_dags/example_latest_only.py took 0.138 seconds
