[2024-05-03T17:13:15.166+0000] {processor.py:161} INFO - Started process (PID=258) to work on /home/airflow/.local/lib/python3.12/site-packages/airflow/example_dags/example_sla_dag.py
[2024-05-03T17:13:15.167+0000] {processor.py:830} INFO - Processing file /home/airflow/.local/lib/python3.12/site-packages/airflow/example_dags/example_sla_dag.py for tasks to queue
[2024-05-03T17:13:15.168+0000] {logging_mixin.py:188} INFO - [2024-05-03T17:13:15.168+0000] {dagbag.py:540} INFO - Filling up the DagBag from /home/airflow/.local/lib/python3.12/site-packages/airflow/example_dags/example_sla_dag.py
[2024-05-03T17:13:15.172+0000] {processor.py:840} INFO - DAG(s) 'example_sla_dag' retrieved from /home/airflow/.local/lib/python3.12/site-packages/airflow/example_dags/example_sla_dag.py
[2024-05-03T17:13:15.179+0000] {logging_mixin.py:188} INFO - [2024-05-03T17:13:15.179+0000] {dag.py:3096} INFO - Sync 1 DAGs
[2024-05-03T17:13:15.191+0000] {logging_mixin.py:188} INFO - [2024-05-03T17:13:15.191+0000] {dag.py:3954} INFO - Setting next_dagrun for example_sla_dag to 2024-05-03 17:10:00+00:00, run_after=2024-05-03 17:12:00+00:00
[2024-05-03T17:13:15.202+0000] {processor.py:183} INFO - Processing /home/airflow/.local/lib/python3.12/site-packages/airflow/example_dags/example_sla_dag.py took 0.039 seconds
[2024-05-03T17:13:46.241+0000] {processor.py:161} INFO - Started process (PID=520) to work on /home/airflow/.local/lib/python3.12/site-packages/airflow/example_dags/example_sla_dag.py
[2024-05-03T17:13:46.242+0000] {processor.py:830} INFO - Processing file /home/airflow/.local/lib/python3.12/site-packages/airflow/example_dags/example_sla_dag.py for tasks to queue
[2024-05-03T17:13:46.243+0000] {logging_mixin.py:188} INFO - [2024-05-03T17:13:46.243+0000] {dagbag.py:540} INFO - Filling up the DagBag from /home/airflow/.local/lib/python3.12/site-packages/airflow/example_dags/example_sla_dag.py
[2024-05-03T17:13:46.248+0000] {processor.py:840} INFO - DAG(s) 'example_sla_dag' retrieved from /home/airflow/.local/lib/python3.12/site-packages/airflow/example_dags/example_sla_dag.py
[2024-05-03T17:13:46.320+0000] {logging_mixin.py:188} INFO - [2024-05-03T17:13:46.320+0000] {dag.py:3096} INFO - Sync 1 DAGs
[2024-05-03T17:13:46.330+0000] {logging_mixin.py:188} INFO - [2024-05-03T17:13:46.330+0000] {dag.py:3954} INFO - Setting next_dagrun for example_sla_dag to 2024-05-03 17:10:00+00:00, run_after=2024-05-03 17:12:00+00:00
[2024-05-03T17:13:46.339+0000] {processor.py:183} INFO - Processing /home/airflow/.local/lib/python3.12/site-packages/airflow/example_dags/example_sla_dag.py took 0.101 seconds
[2024-05-03T17:14:17.075+0000] {processor.py:161} INFO - Started process (PID=782) to work on /home/airflow/.local/lib/python3.12/site-packages/airflow/example_dags/example_sla_dag.py
[2024-05-03T17:14:17.076+0000] {processor.py:830} INFO - Processing file /home/airflow/.local/lib/python3.12/site-packages/airflow/example_dags/example_sla_dag.py for tasks to queue
[2024-05-03T17:14:17.078+0000] {logging_mixin.py:188} INFO - [2024-05-03T17:14:17.078+0000] {dagbag.py:540} INFO - Filling up the DagBag from /home/airflow/.local/lib/python3.12/site-packages/airflow/example_dags/example_sla_dag.py
[2024-05-03T17:14:17.082+0000] {processor.py:840} INFO - DAG(s) 'example_sla_dag' retrieved from /home/airflow/.local/lib/python3.12/site-packages/airflow/example_dags/example_sla_dag.py
[2024-05-03T17:14:17.091+0000] {logging_mixin.py:188} INFO - [2024-05-03T17:14:17.091+0000] {dag.py:3096} INFO - Sync 1 DAGs
[2024-05-03T17:14:17.102+0000] {logging_mixin.py:188} INFO - [2024-05-03T17:14:17.102+0000] {dag.py:3954} INFO - Setting next_dagrun for example_sla_dag to 2024-05-03 17:12:00+00:00, run_after=2024-05-03 17:14:00+00:00
[2024-05-03T17:14:17.110+0000] {processor.py:183} INFO - Processing /home/airflow/.local/lib/python3.12/site-packages/airflow/example_dags/example_sla_dag.py took 0.038 seconds
[2024-05-03T17:14:47.761+0000] {processor.py:161} INFO - Started process (PID=1044) to work on /home/airflow/.local/lib/python3.12/site-packages/airflow/example_dags/example_sla_dag.py
[2024-05-03T17:14:47.762+0000] {processor.py:830} INFO - Processing file /home/airflow/.local/lib/python3.12/site-packages/airflow/example_dags/example_sla_dag.py for tasks to queue
[2024-05-03T17:14:47.763+0000] {logging_mixin.py:188} INFO - [2024-05-03T17:14:47.763+0000] {dagbag.py:540} INFO - Filling up the DagBag from /home/airflow/.local/lib/python3.12/site-packages/airflow/example_dags/example_sla_dag.py
[2024-05-03T17:14:47.767+0000] {processor.py:840} INFO - DAG(s) 'example_sla_dag' retrieved from /home/airflow/.local/lib/python3.12/site-packages/airflow/example_dags/example_sla_dag.py
[2024-05-03T17:14:47.777+0000] {logging_mixin.py:188} INFO - [2024-05-03T17:14:47.777+0000] {dag.py:3096} INFO - Sync 1 DAGs
[2024-05-03T17:14:47.788+0000] {logging_mixin.py:188} INFO - [2024-05-03T17:14:47.788+0000] {dag.py:3954} INFO - Setting next_dagrun for example_sla_dag to 2024-05-03 17:12:00+00:00, run_after=2024-05-03 17:14:00+00:00
[2024-05-03T17:14:47.796+0000] {processor.py:183} INFO - Processing /home/airflow/.local/lib/python3.12/site-packages/airflow/example_dags/example_sla_dag.py took 0.037 seconds
[2024-05-03T17:15:18.701+0000] {processor.py:161} INFO - Started process (PID=1306) to work on /home/airflow/.local/lib/python3.12/site-packages/airflow/example_dags/example_sla_dag.py
[2024-05-03T17:15:18.702+0000] {processor.py:830} INFO - Processing file /home/airflow/.local/lib/python3.12/site-packages/airflow/example_dags/example_sla_dag.py for tasks to queue
[2024-05-03T17:15:18.703+0000] {logging_mixin.py:188} INFO - [2024-05-03T17:15:18.703+0000] {dagbag.py:540} INFO - Filling up the DagBag from /home/airflow/.local/lib/python3.12/site-packages/airflow/example_dags/example_sla_dag.py
[2024-05-03T17:15:18.708+0000] {processor.py:840} INFO - DAG(s) 'example_sla_dag' retrieved from /home/airflow/.local/lib/python3.12/site-packages/airflow/example_dags/example_sla_dag.py
[2024-05-03T17:15:18.719+0000] {logging_mixin.py:188} INFO - [2024-05-03T17:15:18.719+0000] {dag.py:3096} INFO - Sync 1 DAGs
[2024-05-03T17:15:18.732+0000] {logging_mixin.py:188} INFO - [2024-05-03T17:15:18.732+0000] {dag.py:3954} INFO - Setting next_dagrun for example_sla_dag to 2024-05-03 17:12:00+00:00, run_after=2024-05-03 17:14:00+00:00
[2024-05-03T17:15:18.743+0000] {processor.py:183} INFO - Processing /home/airflow/.local/lib/python3.12/site-packages/airflow/example_dags/example_sla_dag.py took 0.045 seconds
[2024-05-03T17:15:48.803+0000] {processor.py:161} INFO - Started process (PID=1568) to work on /home/airflow/.local/lib/python3.12/site-packages/airflow/example_dags/example_sla_dag.py
[2024-05-03T17:15:48.803+0000] {processor.py:830} INFO - Processing file /home/airflow/.local/lib/python3.12/site-packages/airflow/example_dags/example_sla_dag.py for tasks to queue
[2024-05-03T17:15:48.804+0000] {logging_mixin.py:188} INFO - [2024-05-03T17:15:48.804+0000] {dagbag.py:540} INFO - Filling up the DagBag from /home/airflow/.local/lib/python3.12/site-packages/airflow/example_dags/example_sla_dag.py
[2024-05-03T17:15:48.808+0000] {processor.py:840} INFO - DAG(s) 'example_sla_dag' retrieved from /home/airflow/.local/lib/python3.12/site-packages/airflow/example_dags/example_sla_dag.py
[2024-05-03T17:15:48.819+0000] {logging_mixin.py:188} INFO - [2024-05-03T17:15:48.818+0000] {dag.py:3096} INFO - Sync 1 DAGs
[2024-05-03T17:15:48.829+0000] {logging_mixin.py:188} INFO - [2024-05-03T17:15:48.828+0000] {dag.py:3954} INFO - Setting next_dagrun for example_sla_dag to 2024-05-03 17:12:00+00:00, run_after=2024-05-03 17:14:00+00:00
[2024-05-03T17:15:48.836+0000] {processor.py:183} INFO - Processing /home/airflow/.local/lib/python3.12/site-packages/airflow/example_dags/example_sla_dag.py took 0.037 seconds
[2024-05-03T17:16:19.606+0000] {processor.py:161} INFO - Started process (PID=1830) to work on /home/airflow/.local/lib/python3.12/site-packages/airflow/example_dags/example_sla_dag.py
[2024-05-03T17:16:19.607+0000] {processor.py:830} INFO - Processing file /home/airflow/.local/lib/python3.12/site-packages/airflow/example_dags/example_sla_dag.py for tasks to queue
[2024-05-03T17:16:19.608+0000] {logging_mixin.py:188} INFO - [2024-05-03T17:16:19.608+0000] {dagbag.py:540} INFO - Filling up the DagBag from /home/airflow/.local/lib/python3.12/site-packages/airflow/example_dags/example_sla_dag.py
[2024-05-03T17:16:19.613+0000] {processor.py:840} INFO - DAG(s) 'example_sla_dag' retrieved from /home/airflow/.local/lib/python3.12/site-packages/airflow/example_dags/example_sla_dag.py
[2024-05-03T17:16:19.623+0000] {logging_mixin.py:188} INFO - [2024-05-03T17:16:19.623+0000] {dag.py:3096} INFO - Sync 1 DAGs
[2024-05-03T17:16:19.636+0000] {logging_mixin.py:188} INFO - [2024-05-03T17:16:19.635+0000] {dag.py:3954} INFO - Setting next_dagrun for example_sla_dag to 2024-05-03 17:14:00+00:00, run_after=2024-05-03 17:16:00+00:00
[2024-05-03T17:16:19.644+0000] {processor.py:183} INFO - Processing /home/airflow/.local/lib/python3.12/site-packages/airflow/example_dags/example_sla_dag.py took 0.041 seconds
[2024-05-03T17:16:50.456+0000] {processor.py:161} INFO - Started process (PID=2092) to work on /home/airflow/.local/lib/python3.12/site-packages/airflow/example_dags/example_sla_dag.py
[2024-05-03T17:16:50.456+0000] {processor.py:830} INFO - Processing file /home/airflow/.local/lib/python3.12/site-packages/airflow/example_dags/example_sla_dag.py for tasks to queue
[2024-05-03T17:16:50.457+0000] {logging_mixin.py:188} INFO - [2024-05-03T17:16:50.457+0000] {dagbag.py:540} INFO - Filling up the DagBag from /home/airflow/.local/lib/python3.12/site-packages/airflow/example_dags/example_sla_dag.py
[2024-05-03T17:16:50.462+0000] {processor.py:840} INFO - DAG(s) 'example_sla_dag' retrieved from /home/airflow/.local/lib/python3.12/site-packages/airflow/example_dags/example_sla_dag.py
[2024-05-03T17:16:50.472+0000] {logging_mixin.py:188} INFO - [2024-05-03T17:16:50.472+0000] {dag.py:3096} INFO - Sync 1 DAGs
[2024-05-03T17:16:50.482+0000] {logging_mixin.py:188} INFO - [2024-05-03T17:16:50.482+0000] {dag.py:3954} INFO - Setting next_dagrun for example_sla_dag to 2024-05-03 17:14:00+00:00, run_after=2024-05-03 17:16:00+00:00
[2024-05-03T17:16:50.491+0000] {processor.py:183} INFO - Processing /home/airflow/.local/lib/python3.12/site-packages/airflow/example_dags/example_sla_dag.py took 0.038 seconds
[2024-05-03T17:17:20.607+0000] {processor.py:161} INFO - Started process (PID=2354) to work on /home/airflow/.local/lib/python3.12/site-packages/airflow/example_dags/example_sla_dag.py
[2024-05-03T17:17:20.607+0000] {processor.py:830} INFO - Processing file /home/airflow/.local/lib/python3.12/site-packages/airflow/example_dags/example_sla_dag.py for tasks to queue
[2024-05-03T17:17:20.609+0000] {logging_mixin.py:188} INFO - [2024-05-03T17:17:20.608+0000] {dagbag.py:540} INFO - Filling up the DagBag from /home/airflow/.local/lib/python3.12/site-packages/airflow/example_dags/example_sla_dag.py
[2024-05-03T17:17:20.613+0000] {processor.py:840} INFO - DAG(s) 'example_sla_dag' retrieved from /home/airflow/.local/lib/python3.12/site-packages/airflow/example_dags/example_sla_dag.py
[2024-05-03T17:17:20.624+0000] {logging_mixin.py:188} INFO - [2024-05-03T17:17:20.624+0000] {dag.py:3096} INFO - Sync 1 DAGs
[2024-05-03T17:17:20.636+0000] {logging_mixin.py:188} INFO - [2024-05-03T17:17:20.635+0000] {dag.py:3954} INFO - Setting next_dagrun for example_sla_dag to 2024-05-03 17:14:00+00:00, run_after=2024-05-03 17:16:00+00:00
[2024-05-03T17:17:20.646+0000] {processor.py:183} INFO - Processing /home/airflow/.local/lib/python3.12/site-packages/airflow/example_dags/example_sla_dag.py took 0.042 seconds
[2024-05-03T17:17:51.516+0000] {processor.py:161} INFO - Started process (PID=2616) to work on /home/airflow/.local/lib/python3.12/site-packages/airflow/example_dags/example_sla_dag.py
[2024-05-03T17:17:51.517+0000] {processor.py:830} INFO - Processing file /home/airflow/.local/lib/python3.12/site-packages/airflow/example_dags/example_sla_dag.py for tasks to queue
[2024-05-03T17:17:51.518+0000] {logging_mixin.py:188} INFO - [2024-05-03T17:17:51.518+0000] {dagbag.py:540} INFO - Filling up the DagBag from /home/airflow/.local/lib/python3.12/site-packages/airflow/example_dags/example_sla_dag.py
[2024-05-03T17:17:51.523+0000] {processor.py:840} INFO - DAG(s) 'example_sla_dag' retrieved from /home/airflow/.local/lib/python3.12/site-packages/airflow/example_dags/example_sla_dag.py
[2024-05-03T17:17:51.533+0000] {logging_mixin.py:188} INFO - [2024-05-03T17:17:51.533+0000] {dag.py:3096} INFO - Sync 1 DAGs
[2024-05-03T17:17:51.545+0000] {logging_mixin.py:188} INFO - [2024-05-03T17:17:51.545+0000] {dag.py:3954} INFO - Setting next_dagrun for example_sla_dag to 2024-05-03 17:14:00+00:00, run_after=2024-05-03 17:16:00+00:00
[2024-05-03T17:17:51.555+0000] {processor.py:183} INFO - Processing /home/airflow/.local/lib/python3.12/site-packages/airflow/example_dags/example_sla_dag.py took 0.042 seconds
[2024-05-03T17:18:21.762+0000] {processor.py:161} INFO - Started process (PID=2877) to work on /home/airflow/.local/lib/python3.12/site-packages/airflow/example_dags/example_sla_dag.py
[2024-05-03T17:18:21.762+0000] {processor.py:830} INFO - Processing file /home/airflow/.local/lib/python3.12/site-packages/airflow/example_dags/example_sla_dag.py for tasks to queue
[2024-05-03T17:18:21.763+0000] {logging_mixin.py:188} INFO - [2024-05-03T17:18:21.763+0000] {dagbag.py:540} INFO - Filling up the DagBag from /home/airflow/.local/lib/python3.12/site-packages/airflow/example_dags/example_sla_dag.py
[2024-05-03T17:18:21.767+0000] {processor.py:840} INFO - DAG(s) 'example_sla_dag' retrieved from /home/airflow/.local/lib/python3.12/site-packages/airflow/example_dags/example_sla_dag.py
[2024-05-03T17:18:21.779+0000] {logging_mixin.py:188} INFO - [2024-05-03T17:18:21.779+0000] {dag.py:3096} INFO - Sync 1 DAGs
[2024-05-03T17:18:21.790+0000] {logging_mixin.py:188} INFO - [2024-05-03T17:18:21.790+0000] {dag.py:3954} INFO - Setting next_dagrun for example_sla_dag to 2024-05-03 17:16:00+00:00, run_after=2024-05-03 17:18:00+00:00
[2024-05-03T17:18:21.799+0000] {processor.py:183} INFO - Processing /home/airflow/.local/lib/python3.12/site-packages/airflow/example_dags/example_sla_dag.py took 0.041 seconds
[2024-05-03T17:18:51.814+0000] {processor.py:161} INFO - Started process (PID=3136) to work on /home/airflow/.local/lib/python3.12/site-packages/airflow/example_dags/example_sla_dag.py
[2024-05-03T17:18:51.815+0000] {processor.py:830} INFO - Processing file /home/airflow/.local/lib/python3.12/site-packages/airflow/example_dags/example_sla_dag.py for tasks to queue
[2024-05-03T17:18:51.816+0000] {logging_mixin.py:188} INFO - [2024-05-03T17:18:51.816+0000] {dagbag.py:540} INFO - Filling up the DagBag from /home/airflow/.local/lib/python3.12/site-packages/airflow/example_dags/example_sla_dag.py
[2024-05-03T17:18:51.821+0000] {processor.py:840} INFO - DAG(s) 'example_sla_dag' retrieved from /home/airflow/.local/lib/python3.12/site-packages/airflow/example_dags/example_sla_dag.py
[2024-05-03T17:18:51.828+0000] {logging_mixin.py:188} INFO - [2024-05-03T17:18:51.828+0000] {dag.py:3096} INFO - Sync 1 DAGs
[2024-05-03T17:18:51.840+0000] {logging_mixin.py:188} INFO - [2024-05-03T17:18:51.840+0000] {dag.py:3954} INFO - Setting next_dagrun for example_sla_dag to 2024-05-03 17:16:00+00:00, run_after=2024-05-03 17:18:00+00:00
[2024-05-03T17:18:51.850+0000] {processor.py:183} INFO - Processing /home/airflow/.local/lib/python3.12/site-packages/airflow/example_dags/example_sla_dag.py took 0.039 seconds
[2024-05-03T17:19:22.543+0000] {processor.py:161} INFO - Started process (PID=3395) to work on /home/airflow/.local/lib/python3.12/site-packages/airflow/example_dags/example_sla_dag.py
[2024-05-03T17:19:22.544+0000] {processor.py:830} INFO - Processing file /home/airflow/.local/lib/python3.12/site-packages/airflow/example_dags/example_sla_dag.py for tasks to queue
[2024-05-03T17:19:22.545+0000] {logging_mixin.py:188} INFO - [2024-05-03T17:19:22.545+0000] {dagbag.py:540} INFO - Filling up the DagBag from /home/airflow/.local/lib/python3.12/site-packages/airflow/example_dags/example_sla_dag.py
[2024-05-03T17:19:22.549+0000] {processor.py:840} INFO - DAG(s) 'example_sla_dag' retrieved from /home/airflow/.local/lib/python3.12/site-packages/airflow/example_dags/example_sla_dag.py
[2024-05-03T17:19:22.595+0000] {logging_mixin.py:188} INFO - [2024-05-03T17:19:22.594+0000] {dag.py:3096} INFO - Sync 1 DAGs
[2024-05-03T17:19:22.604+0000] {logging_mixin.py:188} INFO - [2024-05-03T17:19:22.604+0000] {dag.py:3954} INFO - Setting next_dagrun for example_sla_dag to 2024-05-03 17:16:00+00:00, run_after=2024-05-03 17:18:00+00:00
[2024-05-03T17:19:22.613+0000] {processor.py:183} INFO - Processing /home/airflow/.local/lib/python3.12/site-packages/airflow/example_dags/example_sla_dag.py took 0.073 seconds
[2024-05-03T17:19:53.034+0000] {processor.py:161} INFO - Started process (PID=3662) to work on /home/airflow/.local/lib/python3.12/site-packages/airflow/example_dags/example_sla_dag.py
[2024-05-03T17:19:53.035+0000] {processor.py:830} INFO - Processing file /home/airflow/.local/lib/python3.12/site-packages/airflow/example_dags/example_sla_dag.py for tasks to queue
[2024-05-03T17:19:53.036+0000] {logging_mixin.py:188} INFO - [2024-05-03T17:19:53.036+0000] {dagbag.py:540} INFO - Filling up the DagBag from /home/airflow/.local/lib/python3.12/site-packages/airflow/example_dags/example_sla_dag.py
[2024-05-03T17:19:53.040+0000] {processor.py:840} INFO - DAG(s) 'example_sla_dag' retrieved from /home/airflow/.local/lib/python3.12/site-packages/airflow/example_dags/example_sla_dag.py
[2024-05-03T17:19:53.050+0000] {logging_mixin.py:188} INFO - [2024-05-03T17:19:53.050+0000] {dag.py:3096} INFO - Sync 1 DAGs
[2024-05-03T17:19:53.060+0000] {logging_mixin.py:188} INFO - [2024-05-03T17:19:53.060+0000] {dag.py:3954} INFO - Setting next_dagrun for example_sla_dag to 2024-05-03 17:16:00+00:00, run_after=2024-05-03 17:18:00+00:00
[2024-05-03T17:19:53.068+0000] {processor.py:183} INFO - Processing /home/airflow/.local/lib/python3.12/site-packages/airflow/example_dags/example_sla_dag.py took 0.036 seconds
[2024-05-03T17:20:23.149+0000] {processor.py:161} INFO - Started process (PID=3924) to work on /home/airflow/.local/lib/python3.12/site-packages/airflow/example_dags/example_sla_dag.py
[2024-05-03T17:20:23.150+0000] {processor.py:830} INFO - Processing file /home/airflow/.local/lib/python3.12/site-packages/airflow/example_dags/example_sla_dag.py for tasks to queue
[2024-05-03T17:20:23.151+0000] {logging_mixin.py:188} INFO - [2024-05-03T17:20:23.150+0000] {dagbag.py:540} INFO - Filling up the DagBag from /home/airflow/.local/lib/python3.12/site-packages/airflow/example_dags/example_sla_dag.py
[2024-05-03T17:20:23.155+0000] {processor.py:840} INFO - DAG(s) 'example_sla_dag' retrieved from /home/airflow/.local/lib/python3.12/site-packages/airflow/example_dags/example_sla_dag.py
[2024-05-03T17:20:23.165+0000] {logging_mixin.py:188} INFO - [2024-05-03T17:20:23.165+0000] {dag.py:3096} INFO - Sync 1 DAGs
[2024-05-03T17:20:23.175+0000] {logging_mixin.py:188} INFO - [2024-05-03T17:20:23.175+0000] {dag.py:3954} INFO - Setting next_dagrun for example_sla_dag to 2024-05-03 17:18:00+00:00, run_after=2024-05-03 17:20:00+00:00
[2024-05-03T17:20:23.184+0000] {processor.py:183} INFO - Processing /home/airflow/.local/lib/python3.12/site-packages/airflow/example_dags/example_sla_dag.py took 0.038 seconds
[2024-05-03T17:20:53.256+0000] {processor.py:161} INFO - Started process (PID=4186) to work on /home/airflow/.local/lib/python3.12/site-packages/airflow/example_dags/example_sla_dag.py
[2024-05-03T17:20:53.257+0000] {processor.py:830} INFO - Processing file /home/airflow/.local/lib/python3.12/site-packages/airflow/example_dags/example_sla_dag.py for tasks to queue
[2024-05-03T17:20:53.258+0000] {logging_mixin.py:188} INFO - [2024-05-03T17:20:53.257+0000] {dagbag.py:540} INFO - Filling up the DagBag from /home/airflow/.local/lib/python3.12/site-packages/airflow/example_dags/example_sla_dag.py
[2024-05-03T17:20:53.261+0000] {processor.py:840} INFO - DAG(s) 'example_sla_dag' retrieved from /home/airflow/.local/lib/python3.12/site-packages/airflow/example_dags/example_sla_dag.py
[2024-05-03T17:20:53.271+0000] {logging_mixin.py:188} INFO - [2024-05-03T17:20:53.271+0000] {dag.py:3096} INFO - Sync 1 DAGs
[2024-05-03T17:20:53.282+0000] {logging_mixin.py:188} INFO - [2024-05-03T17:20:53.282+0000] {dag.py:3954} INFO - Setting next_dagrun for example_sla_dag to 2024-05-03 17:18:00+00:00, run_after=2024-05-03 17:20:00+00:00
[2024-05-03T17:20:53.290+0000] {processor.py:183} INFO - Processing /home/airflow/.local/lib/python3.12/site-packages/airflow/example_dags/example_sla_dag.py took 0.037 seconds
[2024-05-03T17:21:24.270+0000] {processor.py:161} INFO - Started process (PID=4450) to work on /home/airflow/.local/lib/python3.12/site-packages/airflow/example_dags/example_sla_dag.py
[2024-05-03T17:21:24.270+0000] {processor.py:830} INFO - Processing file /home/airflow/.local/lib/python3.12/site-packages/airflow/example_dags/example_sla_dag.py for tasks to queue
[2024-05-03T17:21:24.271+0000] {logging_mixin.py:188} INFO - [2024-05-03T17:21:24.271+0000] {dagbag.py:540} INFO - Filling up the DagBag from /home/airflow/.local/lib/python3.12/site-packages/airflow/example_dags/example_sla_dag.py
[2024-05-03T17:21:24.276+0000] {processor.py:840} INFO - DAG(s) 'example_sla_dag' retrieved from /home/airflow/.local/lib/python3.12/site-packages/airflow/example_dags/example_sla_dag.py
[2024-05-03T17:21:24.286+0000] {logging_mixin.py:188} INFO - [2024-05-03T17:21:24.286+0000] {dag.py:3096} INFO - Sync 1 DAGs
[2024-05-03T17:21:24.297+0000] {logging_mixin.py:188} INFO - [2024-05-03T17:21:24.297+0000] {dag.py:3954} INFO - Setting next_dagrun for example_sla_dag to 2024-05-03 17:18:00+00:00, run_after=2024-05-03 17:20:00+00:00
[2024-05-03T17:21:24.304+0000] {processor.py:183} INFO - Processing /home/airflow/.local/lib/python3.12/site-packages/airflow/example_dags/example_sla_dag.py took 0.037 seconds
[2024-05-03T17:21:54.511+0000] {processor.py:161} INFO - Started process (PID=4712) to work on /home/airflow/.local/lib/python3.12/site-packages/airflow/example_dags/example_sla_dag.py
[2024-05-03T17:21:54.512+0000] {processor.py:830} INFO - Processing file /home/airflow/.local/lib/python3.12/site-packages/airflow/example_dags/example_sla_dag.py for tasks to queue
[2024-05-03T17:21:54.513+0000] {logging_mixin.py:188} INFO - [2024-05-03T17:21:54.512+0000] {dagbag.py:540} INFO - Filling up the DagBag from /home/airflow/.local/lib/python3.12/site-packages/airflow/example_dags/example_sla_dag.py
[2024-05-03T17:21:54.517+0000] {processor.py:840} INFO - DAG(s) 'example_sla_dag' retrieved from /home/airflow/.local/lib/python3.12/site-packages/airflow/example_dags/example_sla_dag.py
[2024-05-03T17:21:54.527+0000] {logging_mixin.py:188} INFO - [2024-05-03T17:21:54.527+0000] {dag.py:3096} INFO - Sync 1 DAGs
[2024-05-03T17:21:54.538+0000] {logging_mixin.py:188} INFO - [2024-05-03T17:21:54.538+0000] {dag.py:3954} INFO - Setting next_dagrun for example_sla_dag to 2024-05-03 17:18:00+00:00, run_after=2024-05-03 17:20:00+00:00
[2024-05-03T17:21:54.546+0000] {processor.py:183} INFO - Processing /home/airflow/.local/lib/python3.12/site-packages/airflow/example_dags/example_sla_dag.py took 0.038 seconds
[2024-05-03T17:22:24.740+0000] {processor.py:161} INFO - Started process (PID=4974) to work on /home/airflow/.local/lib/python3.12/site-packages/airflow/example_dags/example_sla_dag.py
[2024-05-03T17:22:24.740+0000] {processor.py:830} INFO - Processing file /home/airflow/.local/lib/python3.12/site-packages/airflow/example_dags/example_sla_dag.py for tasks to queue
[2024-05-03T17:22:24.742+0000] {logging_mixin.py:188} INFO - [2024-05-03T17:22:24.741+0000] {dagbag.py:540} INFO - Filling up the DagBag from /home/airflow/.local/lib/python3.12/site-packages/airflow/example_dags/example_sla_dag.py
[2024-05-03T17:22:24.746+0000] {processor.py:840} INFO - DAG(s) 'example_sla_dag' retrieved from /home/airflow/.local/lib/python3.12/site-packages/airflow/example_dags/example_sla_dag.py
[2024-05-03T17:22:24.756+0000] {logging_mixin.py:188} INFO - [2024-05-03T17:22:24.755+0000] {dag.py:3096} INFO - Sync 1 DAGs
[2024-05-03T17:22:24.767+0000] {logging_mixin.py:188} INFO - [2024-05-03T17:22:24.767+0000] {dag.py:3954} INFO - Setting next_dagrun for example_sla_dag to 2024-05-03 17:20:00+00:00, run_after=2024-05-03 17:22:00+00:00
[2024-05-03T17:22:24.774+0000] {processor.py:183} INFO - Processing /home/airflow/.local/lib/python3.12/site-packages/airflow/example_dags/example_sla_dag.py took 0.038 seconds
[2024-05-03T17:22:54.870+0000] {processor.py:161} INFO - Started process (PID=5234) to work on /home/airflow/.local/lib/python3.12/site-packages/airflow/example_dags/example_sla_dag.py
[2024-05-03T17:22:54.871+0000] {processor.py:830} INFO - Processing file /home/airflow/.local/lib/python3.12/site-packages/airflow/example_dags/example_sla_dag.py for tasks to queue
[2024-05-03T17:22:54.872+0000] {logging_mixin.py:188} INFO - [2024-05-03T17:22:54.872+0000] {dagbag.py:540} INFO - Filling up the DagBag from /home/airflow/.local/lib/python3.12/site-packages/airflow/example_dags/example_sla_dag.py
[2024-05-03T17:22:54.876+0000] {processor.py:840} INFO - DAG(s) 'example_sla_dag' retrieved from /home/airflow/.local/lib/python3.12/site-packages/airflow/example_dags/example_sla_dag.py
[2024-05-03T17:22:54.886+0000] {logging_mixin.py:188} INFO - [2024-05-03T17:22:54.886+0000] {dag.py:3096} INFO - Sync 1 DAGs
[2024-05-03T17:22:54.898+0000] {logging_mixin.py:188} INFO - [2024-05-03T17:22:54.898+0000] {dag.py:3954} INFO - Setting next_dagrun for example_sla_dag to 2024-05-03 17:20:00+00:00, run_after=2024-05-03 17:22:00+00:00
[2024-05-03T17:22:54.907+0000] {processor.py:183} INFO - Processing /home/airflow/.local/lib/python3.12/site-packages/airflow/example_dags/example_sla_dag.py took 0.040 seconds
[2024-05-03T17:23:24.996+0000] {processor.py:161} INFO - Started process (PID=5496) to work on /home/airflow/.local/lib/python3.12/site-packages/airflow/example_dags/example_sla_dag.py
[2024-05-03T17:23:24.996+0000] {processor.py:830} INFO - Processing file /home/airflow/.local/lib/python3.12/site-packages/airflow/example_dags/example_sla_dag.py for tasks to queue
[2024-05-03T17:23:24.998+0000] {logging_mixin.py:188} INFO - [2024-05-03T17:23:24.997+0000] {dagbag.py:540} INFO - Filling up the DagBag from /home/airflow/.local/lib/python3.12/site-packages/airflow/example_dags/example_sla_dag.py
[2024-05-03T17:23:25.002+0000] {processor.py:840} INFO - DAG(s) 'example_sla_dag' retrieved from /home/airflow/.local/lib/python3.12/site-packages/airflow/example_dags/example_sla_dag.py
[2024-05-03T17:23:25.013+0000] {logging_mixin.py:188} INFO - [2024-05-03T17:23:25.012+0000] {dag.py:3096} INFO - Sync 1 DAGs
[2024-05-03T17:23:25.022+0000] {logging_mixin.py:188} INFO - [2024-05-03T17:23:25.022+0000] {dag.py:3954} INFO - Setting next_dagrun for example_sla_dag to 2024-05-03 17:20:00+00:00, run_after=2024-05-03 17:22:00+00:00
[2024-05-03T17:23:25.031+0000] {processor.py:183} INFO - Processing /home/airflow/.local/lib/python3.12/site-packages/airflow/example_dags/example_sla_dag.py took 0.039 seconds
[2024-05-03T17:23:55.154+0000] {processor.py:161} INFO - Started process (PID=5758) to work on /home/airflow/.local/lib/python3.12/site-packages/airflow/example_dags/example_sla_dag.py
[2024-05-03T17:23:55.154+0000] {processor.py:830} INFO - Processing file /home/airflow/.local/lib/python3.12/site-packages/airflow/example_dags/example_sla_dag.py for tasks to queue
[2024-05-03T17:23:55.155+0000] {logging_mixin.py:188} INFO - [2024-05-03T17:23:55.155+0000] {dagbag.py:540} INFO - Filling up the DagBag from /home/airflow/.local/lib/python3.12/site-packages/airflow/example_dags/example_sla_dag.py
[2024-05-03T17:23:55.160+0000] {processor.py:840} INFO - DAG(s) 'example_sla_dag' retrieved from /home/airflow/.local/lib/python3.12/site-packages/airflow/example_dags/example_sla_dag.py
[2024-05-03T17:23:55.171+0000] {logging_mixin.py:188} INFO - [2024-05-03T17:23:55.171+0000] {dag.py:3096} INFO - Sync 1 DAGs
[2024-05-03T17:23:55.183+0000] {logging_mixin.py:188} INFO - [2024-05-03T17:23:55.183+0000] {dag.py:3954} INFO - Setting next_dagrun for example_sla_dag to 2024-05-03 17:20:00+00:00, run_after=2024-05-03 17:22:00+00:00
[2024-05-03T17:23:55.192+0000] {processor.py:183} INFO - Processing /home/airflow/.local/lib/python3.12/site-packages/airflow/example_dags/example_sla_dag.py took 0.041 seconds
[2024-05-03T17:24:25.331+0000] {processor.py:161} INFO - Started process (PID=6015) to work on /home/airflow/.local/lib/python3.12/site-packages/airflow/example_dags/example_sla_dag.py
[2024-05-03T17:24:25.332+0000] {processor.py:830} INFO - Processing file /home/airflow/.local/lib/python3.12/site-packages/airflow/example_dags/example_sla_dag.py for tasks to queue
[2024-05-03T17:24:25.333+0000] {logging_mixin.py:188} INFO - [2024-05-03T17:24:25.333+0000] {dagbag.py:540} INFO - Filling up the DagBag from /home/airflow/.local/lib/python3.12/site-packages/airflow/example_dags/example_sla_dag.py
[2024-05-03T17:24:25.338+0000] {processor.py:840} INFO - DAG(s) 'example_sla_dag' retrieved from /home/airflow/.local/lib/python3.12/site-packages/airflow/example_dags/example_sla_dag.py
[2024-05-03T17:24:25.350+0000] {logging_mixin.py:188} INFO - [2024-05-03T17:24:25.350+0000] {dag.py:3096} INFO - Sync 1 DAGs
[2024-05-03T17:24:25.364+0000] {logging_mixin.py:188} INFO - [2024-05-03T17:24:25.364+0000] {dag.py:3954} INFO - Setting next_dagrun for example_sla_dag to 2024-05-03 17:22:00+00:00, run_after=2024-05-03 17:24:00+00:00
[2024-05-03T17:24:25.373+0000] {processor.py:183} INFO - Processing /home/airflow/.local/lib/python3.12/site-packages/airflow/example_dags/example_sla_dag.py took 0.045 seconds
[2024-05-03T17:24:55.862+0000] {processor.py:161} INFO - Started process (PID=6282) to work on /home/airflow/.local/lib/python3.12/site-packages/airflow/example_dags/example_sla_dag.py
[2024-05-03T17:24:55.863+0000] {processor.py:830} INFO - Processing file /home/airflow/.local/lib/python3.12/site-packages/airflow/example_dags/example_sla_dag.py for tasks to queue
[2024-05-03T17:24:55.864+0000] {logging_mixin.py:188} INFO - [2024-05-03T17:24:55.864+0000] {dagbag.py:540} INFO - Filling up the DagBag from /home/airflow/.local/lib/python3.12/site-packages/airflow/example_dags/example_sla_dag.py
[2024-05-03T17:24:55.868+0000] {processor.py:840} INFO - DAG(s) 'example_sla_dag' retrieved from /home/airflow/.local/lib/python3.12/site-packages/airflow/example_dags/example_sla_dag.py
[2024-05-03T17:24:55.878+0000] {logging_mixin.py:188} INFO - [2024-05-03T17:24:55.878+0000] {dag.py:3096} INFO - Sync 1 DAGs
[2024-05-03T17:24:55.890+0000] {logging_mixin.py:188} INFO - [2024-05-03T17:24:55.889+0000] {dag.py:3954} INFO - Setting next_dagrun for example_sla_dag to 2024-05-03 17:22:00+00:00, run_after=2024-05-03 17:24:00+00:00
[2024-05-03T17:24:55.898+0000] {processor.py:183} INFO - Processing /home/airflow/.local/lib/python3.12/site-packages/airflow/example_dags/example_sla_dag.py took 0.039 seconds
[2024-05-03T17:25:26.056+0000] {processor.py:161} INFO - Started process (PID=6544) to work on /home/airflow/.local/lib/python3.12/site-packages/airflow/example_dags/example_sla_dag.py
[2024-05-03T17:25:26.057+0000] {processor.py:830} INFO - Processing file /home/airflow/.local/lib/python3.12/site-packages/airflow/example_dags/example_sla_dag.py for tasks to queue
[2024-05-03T17:25:26.058+0000] {logging_mixin.py:188} INFO - [2024-05-03T17:25:26.058+0000] {dagbag.py:540} INFO - Filling up the DagBag from /home/airflow/.local/lib/python3.12/site-packages/airflow/example_dags/example_sla_dag.py
[2024-05-03T17:25:26.063+0000] {processor.py:840} INFO - DAG(s) 'example_sla_dag' retrieved from /home/airflow/.local/lib/python3.12/site-packages/airflow/example_dags/example_sla_dag.py
[2024-05-03T17:25:26.079+0000] {logging_mixin.py:188} INFO - [2024-05-03T17:25:26.078+0000] {dag.py:3096} INFO - Sync 1 DAGs
[2024-05-03T17:25:26.090+0000] {logging_mixin.py:188} INFO - [2024-05-03T17:25:26.090+0000] {dag.py:3954} INFO - Setting next_dagrun for example_sla_dag to 2024-05-03 17:22:00+00:00, run_after=2024-05-03 17:24:00+00:00
[2024-05-03T17:25:26.098+0000] {processor.py:183} INFO - Processing /home/airflow/.local/lib/python3.12/site-packages/airflow/example_dags/example_sla_dag.py took 0.046 seconds
[2024-05-03T17:25:56.308+0000] {processor.py:161} INFO - Started process (PID=6806) to work on /home/airflow/.local/lib/python3.12/site-packages/airflow/example_dags/example_sla_dag.py
[2024-05-03T17:25:56.309+0000] {processor.py:830} INFO - Processing file /home/airflow/.local/lib/python3.12/site-packages/airflow/example_dags/example_sla_dag.py for tasks to queue
[2024-05-03T17:25:56.311+0000] {logging_mixin.py:188} INFO - [2024-05-03T17:25:56.311+0000] {dagbag.py:540} INFO - Filling up the DagBag from /home/airflow/.local/lib/python3.12/site-packages/airflow/example_dags/example_sla_dag.py
[2024-05-03T17:25:56.317+0000] {processor.py:840} INFO - DAG(s) 'example_sla_dag' retrieved from /home/airflow/.local/lib/python3.12/site-packages/airflow/example_dags/example_sla_dag.py
[2024-05-03T17:25:56.327+0000] {logging_mixin.py:188} INFO - [2024-05-03T17:25:56.326+0000] {dag.py:3096} INFO - Sync 1 DAGs
[2024-05-03T17:25:56.337+0000] {logging_mixin.py:188} INFO - [2024-05-03T17:25:56.337+0000] {dag.py:3954} INFO - Setting next_dagrun for example_sla_dag to 2024-05-03 17:22:00+00:00, run_after=2024-05-03 17:24:00+00:00
[2024-05-03T17:25:56.345+0000] {processor.py:183} INFO - Processing /home/airflow/.local/lib/python3.12/site-packages/airflow/example_dags/example_sla_dag.py took 0.045 seconds
[2024-05-03T17:26:27.003+0000] {processor.py:161} INFO - Started process (PID=7068) to work on /home/airflow/.local/lib/python3.12/site-packages/airflow/example_dags/example_sla_dag.py
[2024-05-03T17:26:27.004+0000] {processor.py:830} INFO - Processing file /home/airflow/.local/lib/python3.12/site-packages/airflow/example_dags/example_sla_dag.py for tasks to queue
[2024-05-03T17:26:27.005+0000] {logging_mixin.py:188} INFO - [2024-05-03T17:26:27.005+0000] {dagbag.py:540} INFO - Filling up the DagBag from /home/airflow/.local/lib/python3.12/site-packages/airflow/example_dags/example_sla_dag.py
[2024-05-03T17:26:27.009+0000] {processor.py:840} INFO - DAG(s) 'example_sla_dag' retrieved from /home/airflow/.local/lib/python3.12/site-packages/airflow/example_dags/example_sla_dag.py
[2024-05-03T17:26:27.020+0000] {logging_mixin.py:188} INFO - [2024-05-03T17:26:27.020+0000] {dag.py:3096} INFO - Sync 1 DAGs
[2024-05-03T17:26:27.032+0000] {logging_mixin.py:188} INFO - [2024-05-03T17:26:27.031+0000] {dag.py:3954} INFO - Setting next_dagrun for example_sla_dag to 2024-05-03 17:24:00+00:00, run_after=2024-05-03 17:26:00+00:00
[2024-05-03T17:26:27.041+0000] {processor.py:183} INFO - Processing /home/airflow/.local/lib/python3.12/site-packages/airflow/example_dags/example_sla_dag.py took 0.041 seconds
[2024-05-03T17:26:58.038+0000] {processor.py:161} INFO - Started process (PID=7330) to work on /home/airflow/.local/lib/python3.12/site-packages/airflow/example_dags/example_sla_dag.py
[2024-05-03T17:26:58.039+0000] {processor.py:830} INFO - Processing file /home/airflow/.local/lib/python3.12/site-packages/airflow/example_dags/example_sla_dag.py for tasks to queue
[2024-05-03T17:26:58.040+0000] {logging_mixin.py:188} INFO - [2024-05-03T17:26:58.039+0000] {dagbag.py:540} INFO - Filling up the DagBag from /home/airflow/.local/lib/python3.12/site-packages/airflow/example_dags/example_sla_dag.py
[2024-05-03T17:26:58.044+0000] {processor.py:840} INFO - DAG(s) 'example_sla_dag' retrieved from /home/airflow/.local/lib/python3.12/site-packages/airflow/example_dags/example_sla_dag.py
[2024-05-03T17:26:58.145+0000] {logging_mixin.py:188} INFO - [2024-05-03T17:26:58.145+0000] {dag.py:3096} INFO - Sync 1 DAGs
[2024-05-03T17:26:58.154+0000] {logging_mixin.py:188} INFO - [2024-05-03T17:26:58.154+0000] {dag.py:3954} INFO - Setting next_dagrun for example_sla_dag to 2024-05-03 17:24:00+00:00, run_after=2024-05-03 17:26:00+00:00
[2024-05-03T17:26:58.162+0000] {processor.py:183} INFO - Processing /home/airflow/.local/lib/python3.12/site-packages/airflow/example_dags/example_sla_dag.py took 0.128 seconds
