[2024-05-03T17:13:14.762+0000] {processor.py:161} INFO - Started process (PID=198) to work on /home/airflow/.local/lib/python3.12/site-packages/airflow/example_dags/example_python_decorator.py
[2024-05-03T17:13:14.763+0000] {processor.py:830} INFO - Processing file /home/airflow/.local/lib/python3.12/site-packages/airflow/example_dags/example_python_decorator.py for tasks to queue
[2024-05-03T17:13:14.764+0000] {logging_mixin.py:188} INFO - [2024-05-03T17:13:14.764+0000] {dagbag.py:540} INFO - Filling up the DagBag from /home/airflow/.local/lib/python3.12/site-packages/airflow/example_dags/example_python_decorator.py
[2024-05-03T17:13:14.775+0000] {processor.py:840} INFO - DAG(s) 'example_python_decorator' retrieved from /home/airflow/.local/lib/python3.12/site-packages/airflow/example_dags/example_python_decorator.py
[2024-05-03T17:13:14.782+0000] {logging_mixin.py:188} INFO - [2024-05-03T17:13:14.782+0000] {dag.py:3096} INFO - Sync 1 DAGs
[2024-05-03T17:13:14.793+0000] {logging_mixin.py:188} INFO - [2024-05-03T17:13:14.793+0000] {dag.py:3954} INFO - Setting next_dagrun for example_python_decorator to None, run_after=None
[2024-05-03T17:13:14.805+0000] {processor.py:183} INFO - Processing /home/airflow/.local/lib/python3.12/site-packages/airflow/example_dags/example_python_decorator.py took 0.045 seconds
[2024-05-03T17:13:45.677+0000] {processor.py:161} INFO - Started process (PID=460) to work on /home/airflow/.local/lib/python3.12/site-packages/airflow/example_dags/example_python_decorator.py
[2024-05-03T17:13:45.678+0000] {processor.py:830} INFO - Processing file /home/airflow/.local/lib/python3.12/site-packages/airflow/example_dags/example_python_decorator.py for tasks to queue
[2024-05-03T17:13:45.679+0000] {logging_mixin.py:188} INFO - [2024-05-03T17:13:45.678+0000] {dagbag.py:540} INFO - Filling up the DagBag from /home/airflow/.local/lib/python3.12/site-packages/airflow/example_dags/example_python_decorator.py
[2024-05-03T17:13:45.686+0000] {processor.py:840} INFO - DAG(s) 'example_python_decorator' retrieved from /home/airflow/.local/lib/python3.12/site-packages/airflow/example_dags/example_python_decorator.py
[2024-05-03T17:13:45.737+0000] {logging_mixin.py:188} INFO - [2024-05-03T17:13:45.737+0000] {dag.py:3096} INFO - Sync 1 DAGs
[2024-05-03T17:13:45.743+0000] {logging_mixin.py:188} INFO - [2024-05-03T17:13:45.742+0000] {dag.py:3954} INFO - Setting next_dagrun for example_python_decorator to None, run_after=None
[2024-05-03T17:13:45.753+0000] {processor.py:183} INFO - Processing /home/airflow/.local/lib/python3.12/site-packages/airflow/example_dags/example_python_decorator.py took 0.079 seconds
[2024-05-03T17:14:16.782+0000] {processor.py:161} INFO - Started process (PID=722) to work on /home/airflow/.local/lib/python3.12/site-packages/airflow/example_dags/example_python_decorator.py
[2024-05-03T17:14:16.782+0000] {processor.py:830} INFO - Processing file /home/airflow/.local/lib/python3.12/site-packages/airflow/example_dags/example_python_decorator.py for tasks to queue
[2024-05-03T17:14:16.783+0000] {logging_mixin.py:188} INFO - [2024-05-03T17:14:16.783+0000] {dagbag.py:540} INFO - Filling up the DagBag from /home/airflow/.local/lib/python3.12/site-packages/airflow/example_dags/example_python_decorator.py
[2024-05-03T17:14:16.789+0000] {processor.py:840} INFO - DAG(s) 'example_python_decorator' retrieved from /home/airflow/.local/lib/python3.12/site-packages/airflow/example_dags/example_python_decorator.py
[2024-05-03T17:14:16.800+0000] {logging_mixin.py:188} INFO - [2024-05-03T17:14:16.800+0000] {dag.py:3096} INFO - Sync 1 DAGs
[2024-05-03T17:14:16.807+0000] {logging_mixin.py:188} INFO - [2024-05-03T17:14:16.807+0000] {dag.py:3954} INFO - Setting next_dagrun for example_python_decorator to None, run_after=None
[2024-05-03T17:14:16.816+0000] {processor.py:183} INFO - Processing /home/airflow/.local/lib/python3.12/site-packages/airflow/example_dags/example_python_decorator.py took 0.038 seconds
[2024-05-03T17:14:47.470+0000] {processor.py:161} INFO - Started process (PID=984) to work on /home/airflow/.local/lib/python3.12/site-packages/airflow/example_dags/example_python_decorator.py
[2024-05-03T17:14:47.470+0000] {processor.py:830} INFO - Processing file /home/airflow/.local/lib/python3.12/site-packages/airflow/example_dags/example_python_decorator.py for tasks to queue
[2024-05-03T17:14:47.471+0000] {logging_mixin.py:188} INFO - [2024-05-03T17:14:47.471+0000] {dagbag.py:540} INFO - Filling up the DagBag from /home/airflow/.local/lib/python3.12/site-packages/airflow/example_dags/example_python_decorator.py
[2024-05-03T17:14:47.478+0000] {processor.py:840} INFO - DAG(s) 'example_python_decorator' retrieved from /home/airflow/.local/lib/python3.12/site-packages/airflow/example_dags/example_python_decorator.py
[2024-05-03T17:14:47.489+0000] {logging_mixin.py:188} INFO - [2024-05-03T17:14:47.489+0000] {dag.py:3096} INFO - Sync 1 DAGs
[2024-05-03T17:14:47.495+0000] {logging_mixin.py:188} INFO - [2024-05-03T17:14:47.495+0000] {dag.py:3954} INFO - Setting next_dagrun for example_python_decorator to None, run_after=None
[2024-05-03T17:14:47.503+0000] {processor.py:183} INFO - Processing /home/airflow/.local/lib/python3.12/site-packages/airflow/example_dags/example_python_decorator.py took 0.037 seconds
[2024-05-03T17:15:18.271+0000] {processor.py:161} INFO - Started process (PID=1246) to work on /home/airflow/.local/lib/python3.12/site-packages/airflow/example_dags/example_python_decorator.py
[2024-05-03T17:15:18.272+0000] {processor.py:830} INFO - Processing file /home/airflow/.local/lib/python3.12/site-packages/airflow/example_dags/example_python_decorator.py for tasks to queue
[2024-05-03T17:15:18.273+0000] {logging_mixin.py:188} INFO - [2024-05-03T17:15:18.273+0000] {dagbag.py:540} INFO - Filling up the DagBag from /home/airflow/.local/lib/python3.12/site-packages/airflow/example_dags/example_python_decorator.py
[2024-05-03T17:15:18.279+0000] {processor.py:840} INFO - DAG(s) 'example_python_decorator' retrieved from /home/airflow/.local/lib/python3.12/site-packages/airflow/example_dags/example_python_decorator.py
[2024-05-03T17:15:18.291+0000] {logging_mixin.py:188} INFO - [2024-05-03T17:15:18.291+0000] {dag.py:3096} INFO - Sync 1 DAGs
[2024-05-03T17:15:18.298+0000] {logging_mixin.py:188} INFO - [2024-05-03T17:15:18.298+0000] {dag.py:3954} INFO - Setting next_dagrun for example_python_decorator to None, run_after=None
[2024-05-03T17:15:18.308+0000] {processor.py:183} INFO - Processing /home/airflow/.local/lib/python3.12/site-packages/airflow/example_dags/example_python_decorator.py took 0.040 seconds
[2024-05-03T17:15:48.507+0000] {processor.py:161} INFO - Started process (PID=1508) to work on /home/airflow/.local/lib/python3.12/site-packages/airflow/example_dags/example_python_decorator.py
[2024-05-03T17:15:48.507+0000] {processor.py:830} INFO - Processing file /home/airflow/.local/lib/python3.12/site-packages/airflow/example_dags/example_python_decorator.py for tasks to queue
[2024-05-03T17:15:48.508+0000] {logging_mixin.py:188} INFO - [2024-05-03T17:15:48.508+0000] {dagbag.py:540} INFO - Filling up the DagBag from /home/airflow/.local/lib/python3.12/site-packages/airflow/example_dags/example_python_decorator.py
[2024-05-03T17:15:48.514+0000] {processor.py:840} INFO - DAG(s) 'example_python_decorator' retrieved from /home/airflow/.local/lib/python3.12/site-packages/airflow/example_dags/example_python_decorator.py
[2024-05-03T17:15:48.526+0000] {logging_mixin.py:188} INFO - [2024-05-03T17:15:48.525+0000] {dag.py:3096} INFO - Sync 1 DAGs
[2024-05-03T17:15:48.532+0000] {logging_mixin.py:188} INFO - [2024-05-03T17:15:48.532+0000] {dag.py:3954} INFO - Setting next_dagrun for example_python_decorator to None, run_after=None
[2024-05-03T17:15:48.540+0000] {processor.py:183} INFO - Processing /home/airflow/.local/lib/python3.12/site-packages/airflow/example_dags/example_python_decorator.py took 0.037 seconds
[2024-05-03T17:16:19.311+0000] {processor.py:161} INFO - Started process (PID=1770) to work on /home/airflow/.local/lib/python3.12/site-packages/airflow/example_dags/example_python_decorator.py
[2024-05-03T17:16:19.312+0000] {processor.py:830} INFO - Processing file /home/airflow/.local/lib/python3.12/site-packages/airflow/example_dags/example_python_decorator.py for tasks to queue
[2024-05-03T17:16:19.313+0000] {logging_mixin.py:188} INFO - [2024-05-03T17:16:19.313+0000] {dagbag.py:540} INFO - Filling up the DagBag from /home/airflow/.local/lib/python3.12/site-packages/airflow/example_dags/example_python_decorator.py
[2024-05-03T17:16:19.319+0000] {processor.py:840} INFO - DAG(s) 'example_python_decorator' retrieved from /home/airflow/.local/lib/python3.12/site-packages/airflow/example_dags/example_python_decorator.py
[2024-05-03T17:16:19.331+0000] {logging_mixin.py:188} INFO - [2024-05-03T17:16:19.330+0000] {dag.py:3096} INFO - Sync 1 DAGs
[2024-05-03T17:16:19.337+0000] {logging_mixin.py:188} INFO - [2024-05-03T17:16:19.337+0000] {dag.py:3954} INFO - Setting next_dagrun for example_python_decorator to None, run_after=None
[2024-05-03T17:16:19.346+0000] {processor.py:183} INFO - Processing /home/airflow/.local/lib/python3.12/site-packages/airflow/example_dags/example_python_decorator.py took 0.037 seconds
[2024-05-03T17:16:50.138+0000] {processor.py:161} INFO - Started process (PID=2032) to work on /home/airflow/.local/lib/python3.12/site-packages/airflow/example_dags/example_python_decorator.py
[2024-05-03T17:16:50.139+0000] {processor.py:830} INFO - Processing file /home/airflow/.local/lib/python3.12/site-packages/airflow/example_dags/example_python_decorator.py for tasks to queue
[2024-05-03T17:16:50.140+0000] {logging_mixin.py:188} INFO - [2024-05-03T17:16:50.140+0000] {dagbag.py:540} INFO - Filling up the DagBag from /home/airflow/.local/lib/python3.12/site-packages/airflow/example_dags/example_python_decorator.py
[2024-05-03T17:16:50.147+0000] {processor.py:840} INFO - DAG(s) 'example_python_decorator' retrieved from /home/airflow/.local/lib/python3.12/site-packages/airflow/example_dags/example_python_decorator.py
[2024-05-03T17:16:50.159+0000] {logging_mixin.py:188} INFO - [2024-05-03T17:16:50.159+0000] {dag.py:3096} INFO - Sync 1 DAGs
[2024-05-03T17:16:50.165+0000] {logging_mixin.py:188} INFO - [2024-05-03T17:16:50.165+0000] {dag.py:3954} INFO - Setting next_dagrun for example_python_decorator to None, run_after=None
[2024-05-03T17:16:50.174+0000] {processor.py:183} INFO - Processing /home/airflow/.local/lib/python3.12/site-packages/airflow/example_dags/example_python_decorator.py took 0.040 seconds
[2024-05-03T17:17:20.192+0000] {processor.py:161} INFO - Started process (PID=2294) to work on /home/airflow/.local/lib/python3.12/site-packages/airflow/example_dags/example_python_decorator.py
[2024-05-03T17:17:20.193+0000] {processor.py:830} INFO - Processing file /home/airflow/.local/lib/python3.12/site-packages/airflow/example_dags/example_python_decorator.py for tasks to queue
[2024-05-03T17:17:20.194+0000] {logging_mixin.py:188} INFO - [2024-05-03T17:17:20.194+0000] {dagbag.py:540} INFO - Filling up the DagBag from /home/airflow/.local/lib/python3.12/site-packages/airflow/example_dags/example_python_decorator.py
[2024-05-03T17:17:20.200+0000] {processor.py:840} INFO - DAG(s) 'example_python_decorator' retrieved from /home/airflow/.local/lib/python3.12/site-packages/airflow/example_dags/example_python_decorator.py
[2024-05-03T17:17:20.212+0000] {logging_mixin.py:188} INFO - [2024-05-03T17:17:20.212+0000] {dag.py:3096} INFO - Sync 1 DAGs
[2024-05-03T17:17:20.218+0000] {logging_mixin.py:188} INFO - [2024-05-03T17:17:20.218+0000] {dag.py:3954} INFO - Setting next_dagrun for example_python_decorator to None, run_after=None
[2024-05-03T17:17:20.229+0000] {processor.py:183} INFO - Processing /home/airflow/.local/lib/python3.12/site-packages/airflow/example_dags/example_python_decorator.py took 0.040 seconds
[2024-05-03T17:17:51.161+0000] {processor.py:161} INFO - Started process (PID=2556) to work on /home/airflow/.local/lib/python3.12/site-packages/airflow/example_dags/example_python_decorator.py
[2024-05-03T17:17:51.161+0000] {processor.py:830} INFO - Processing file /home/airflow/.local/lib/python3.12/site-packages/airflow/example_dags/example_python_decorator.py for tasks to queue
[2024-05-03T17:17:51.163+0000] {logging_mixin.py:188} INFO - [2024-05-03T17:17:51.162+0000] {dagbag.py:540} INFO - Filling up the DagBag from /home/airflow/.local/lib/python3.12/site-packages/airflow/example_dags/example_python_decorator.py
[2024-05-03T17:17:51.173+0000] {processor.py:840} INFO - DAG(s) 'example_python_decorator' retrieved from /home/airflow/.local/lib/python3.12/site-packages/airflow/example_dags/example_python_decorator.py
[2024-05-03T17:17:51.203+0000] {logging_mixin.py:188} INFO - [2024-05-03T17:17:51.202+0000] {dag.py:3096} INFO - Sync 1 DAGs
[2024-05-03T17:17:51.214+0000] {logging_mixin.py:188} INFO - [2024-05-03T17:17:51.214+0000] {dag.py:3954} INFO - Setting next_dagrun for example_python_decorator to None, run_after=None
[2024-05-03T17:17:51.231+0000] {processor.py:183} INFO - Processing /home/airflow/.local/lib/python3.12/site-packages/airflow/example_dags/example_python_decorator.py took 0.074 seconds
[2024-05-03T17:18:21.368+0000] {processor.py:161} INFO - Started process (PID=2817) to work on /home/airflow/.local/lib/python3.12/site-packages/airflow/example_dags/example_python_decorator.py
[2024-05-03T17:18:21.369+0000] {processor.py:830} INFO - Processing file /home/airflow/.local/lib/python3.12/site-packages/airflow/example_dags/example_python_decorator.py for tasks to queue
[2024-05-03T17:18:21.370+0000] {logging_mixin.py:188} INFO - [2024-05-03T17:18:21.370+0000] {dagbag.py:540} INFO - Filling up the DagBag from /home/airflow/.local/lib/python3.12/site-packages/airflow/example_dags/example_python_decorator.py
[2024-05-03T17:18:21.377+0000] {processor.py:840} INFO - DAG(s) 'example_python_decorator' retrieved from /home/airflow/.local/lib/python3.12/site-packages/airflow/example_dags/example_python_decorator.py
[2024-05-03T17:18:21.392+0000] {logging_mixin.py:188} INFO - [2024-05-03T17:18:21.392+0000] {dag.py:3096} INFO - Sync 1 DAGs
[2024-05-03T17:18:21.399+0000] {logging_mixin.py:188} INFO - [2024-05-03T17:18:21.399+0000] {dag.py:3954} INFO - Setting next_dagrun for example_python_decorator to None, run_after=None
[2024-05-03T17:18:21.409+0000] {processor.py:183} INFO - Processing /home/airflow/.local/lib/python3.12/site-packages/airflow/example_dags/example_python_decorator.py took 0.046 seconds
[2024-05-03T17:18:51.508+0000] {processor.py:161} INFO - Started process (PID=3079) to work on /home/airflow/.local/lib/python3.12/site-packages/airflow/example_dags/example_python_decorator.py
[2024-05-03T17:18:51.508+0000] {processor.py:830} INFO - Processing file /home/airflow/.local/lib/python3.12/site-packages/airflow/example_dags/example_python_decorator.py for tasks to queue
[2024-05-03T17:18:51.509+0000] {logging_mixin.py:188} INFO - [2024-05-03T17:18:51.509+0000] {dagbag.py:540} INFO - Filling up the DagBag from /home/airflow/.local/lib/python3.12/site-packages/airflow/example_dags/example_python_decorator.py
[2024-05-03T17:18:51.517+0000] {processor.py:840} INFO - DAG(s) 'example_python_decorator' retrieved from /home/airflow/.local/lib/python3.12/site-packages/airflow/example_dags/example_python_decorator.py
[2024-05-03T17:18:51.524+0000] {logging_mixin.py:188} INFO - [2024-05-03T17:18:51.524+0000] {dag.py:3096} INFO - Sync 1 DAGs
[2024-05-03T17:18:51.531+0000] {logging_mixin.py:188} INFO - [2024-05-03T17:18:51.531+0000] {dag.py:3954} INFO - Setting next_dagrun for example_python_decorator to None, run_after=None
[2024-05-03T17:18:51.542+0000] {processor.py:183} INFO - Processing /home/airflow/.local/lib/python3.12/site-packages/airflow/example_dags/example_python_decorator.py took 0.038 seconds
[2024-05-03T17:19:22.092+0000] {processor.py:161} INFO - Started process (PID=3340) to work on /home/airflow/.local/lib/python3.12/site-packages/airflow/example_dags/example_python_decorator.py
[2024-05-03T17:19:22.092+0000] {processor.py:830} INFO - Processing file /home/airflow/.local/lib/python3.12/site-packages/airflow/example_dags/example_python_decorator.py for tasks to queue
[2024-05-03T17:19:22.093+0000] {logging_mixin.py:188} INFO - [2024-05-03T17:19:22.093+0000] {dagbag.py:540} INFO - Filling up the DagBag from /home/airflow/.local/lib/python3.12/site-packages/airflow/example_dags/example_python_decorator.py
[2024-05-03T17:19:22.100+0000] {processor.py:840} INFO - DAG(s) 'example_python_decorator' retrieved from /home/airflow/.local/lib/python3.12/site-packages/airflow/example_dags/example_python_decorator.py
[2024-05-03T17:19:22.147+0000] {logging_mixin.py:188} INFO - [2024-05-03T17:19:22.147+0000] {dag.py:3096} INFO - Sync 1 DAGs
[2024-05-03T17:19:22.152+0000] {logging_mixin.py:188} INFO - [2024-05-03T17:19:22.152+0000] {dag.py:3954} INFO - Setting next_dagrun for example_python_decorator to None, run_after=None
[2024-05-03T17:19:22.161+0000] {processor.py:183} INFO - Processing /home/airflow/.local/lib/python3.12/site-packages/airflow/example_dags/example_python_decorator.py took 0.072 seconds
[2024-05-03T17:19:52.649+0000] {processor.py:161} INFO - Started process (PID=3602) to work on /home/airflow/.local/lib/python3.12/site-packages/airflow/example_dags/example_python_decorator.py
[2024-05-03T17:19:52.650+0000] {processor.py:830} INFO - Processing file /home/airflow/.local/lib/python3.12/site-packages/airflow/example_dags/example_python_decorator.py for tasks to queue
[2024-05-03T17:19:52.651+0000] {logging_mixin.py:188} INFO - [2024-05-03T17:19:52.651+0000] {dagbag.py:540} INFO - Filling up the DagBag from /home/airflow/.local/lib/python3.12/site-packages/airflow/example_dags/example_python_decorator.py
[2024-05-03T17:19:52.658+0000] {processor.py:840} INFO - DAG(s) 'example_python_decorator' retrieved from /home/airflow/.local/lib/python3.12/site-packages/airflow/example_dags/example_python_decorator.py
[2024-05-03T17:19:52.670+0000] {logging_mixin.py:188} INFO - [2024-05-03T17:19:52.670+0000] {dag.py:3096} INFO - Sync 1 DAGs
[2024-05-03T17:19:52.677+0000] {logging_mixin.py:188} INFO - [2024-05-03T17:19:52.677+0000] {dag.py:3954} INFO - Setting next_dagrun for example_python_decorator to None, run_after=None
[2024-05-03T17:19:52.687+0000] {processor.py:183} INFO - Processing /home/airflow/.local/lib/python3.12/site-packages/airflow/example_dags/example_python_decorator.py took 0.041 seconds
[2024-05-03T17:20:22.737+0000] {processor.py:161} INFO - Started process (PID=3861) to work on /home/airflow/.local/lib/python3.12/site-packages/airflow/example_dags/example_python_decorator.py
[2024-05-03T17:20:22.737+0000] {processor.py:830} INFO - Processing file /home/airflow/.local/lib/python3.12/site-packages/airflow/example_dags/example_python_decorator.py for tasks to queue
[2024-05-03T17:20:22.738+0000] {logging_mixin.py:188} INFO - [2024-05-03T17:20:22.738+0000] {dagbag.py:540} INFO - Filling up the DagBag from /home/airflow/.local/lib/python3.12/site-packages/airflow/example_dags/example_python_decorator.py
[2024-05-03T17:20:22.744+0000] {processor.py:840} INFO - DAG(s) 'example_python_decorator' retrieved from /home/airflow/.local/lib/python3.12/site-packages/airflow/example_dags/example_python_decorator.py
[2024-05-03T17:20:22.755+0000] {logging_mixin.py:188} INFO - [2024-05-03T17:20:22.755+0000] {dag.py:3096} INFO - Sync 1 DAGs
[2024-05-03T17:20:22.761+0000] {logging_mixin.py:188} INFO - [2024-05-03T17:20:22.761+0000] {dag.py:3954} INFO - Setting next_dagrun for example_python_decorator to None, run_after=None
[2024-05-03T17:20:22.769+0000] {processor.py:183} INFO - Processing /home/airflow/.local/lib/python3.12/site-packages/airflow/example_dags/example_python_decorator.py took 0.036 seconds
[2024-05-03T17:20:52.911+0000] {processor.py:161} INFO - Started process (PID=4123) to work on /home/airflow/.local/lib/python3.12/site-packages/airflow/example_dags/example_python_decorator.py
[2024-05-03T17:20:52.911+0000] {processor.py:830} INFO - Processing file /home/airflow/.local/lib/python3.12/site-packages/airflow/example_dags/example_python_decorator.py for tasks to queue
[2024-05-03T17:20:52.912+0000] {logging_mixin.py:188} INFO - [2024-05-03T17:20:52.912+0000] {dagbag.py:540} INFO - Filling up the DagBag from /home/airflow/.local/lib/python3.12/site-packages/airflow/example_dags/example_python_decorator.py
[2024-05-03T17:20:52.919+0000] {processor.py:840} INFO - DAG(s) 'example_python_decorator' retrieved from /home/airflow/.local/lib/python3.12/site-packages/airflow/example_dags/example_python_decorator.py
[2024-05-03T17:20:52.930+0000] {logging_mixin.py:188} INFO - [2024-05-03T17:20:52.930+0000] {dag.py:3096} INFO - Sync 1 DAGs
[2024-05-03T17:20:52.935+0000] {logging_mixin.py:188} INFO - [2024-05-03T17:20:52.935+0000] {dag.py:3954} INFO - Setting next_dagrun for example_python_decorator to None, run_after=None
[2024-05-03T17:20:52.943+0000] {processor.py:183} INFO - Processing /home/airflow/.local/lib/python3.12/site-packages/airflow/example_dags/example_python_decorator.py took 0.035 seconds
[2024-05-03T17:21:23.822+0000] {processor.py:161} INFO - Started process (PID=4388) to work on /home/airflow/.local/lib/python3.12/site-packages/airflow/example_dags/example_python_decorator.py
[2024-05-03T17:21:23.822+0000] {processor.py:830} INFO - Processing file /home/airflow/.local/lib/python3.12/site-packages/airflow/example_dags/example_python_decorator.py for tasks to queue
[2024-05-03T17:21:23.823+0000] {logging_mixin.py:188} INFO - [2024-05-03T17:21:23.823+0000] {dagbag.py:540} INFO - Filling up the DagBag from /home/airflow/.local/lib/python3.12/site-packages/airflow/example_dags/example_python_decorator.py
[2024-05-03T17:21:23.830+0000] {processor.py:840} INFO - DAG(s) 'example_python_decorator' retrieved from /home/airflow/.local/lib/python3.12/site-packages/airflow/example_dags/example_python_decorator.py
[2024-05-03T17:21:23.843+0000] {logging_mixin.py:188} INFO - [2024-05-03T17:21:23.843+0000] {dag.py:3096} INFO - Sync 1 DAGs
[2024-05-03T17:21:23.850+0000] {logging_mixin.py:188} INFO - [2024-05-03T17:21:23.850+0000] {dag.py:3954} INFO - Setting next_dagrun for example_python_decorator to None, run_after=None
[2024-05-03T17:21:23.859+0000] {processor.py:183} INFO - Processing /home/airflow/.local/lib/python3.12/site-packages/airflow/example_dags/example_python_decorator.py took 0.041 seconds
[2024-05-03T17:21:54.114+0000] {processor.py:161} INFO - Started process (PID=4652) to work on /home/airflow/.local/lib/python3.12/site-packages/airflow/example_dags/example_python_decorator.py
[2024-05-03T17:21:54.114+0000] {processor.py:830} INFO - Processing file /home/airflow/.local/lib/python3.12/site-packages/airflow/example_dags/example_python_decorator.py for tasks to queue
[2024-05-03T17:21:54.115+0000] {logging_mixin.py:188} INFO - [2024-05-03T17:21:54.115+0000] {dagbag.py:540} INFO - Filling up the DagBag from /home/airflow/.local/lib/python3.12/site-packages/airflow/example_dags/example_python_decorator.py
[2024-05-03T17:21:54.122+0000] {processor.py:840} INFO - DAG(s) 'example_python_decorator' retrieved from /home/airflow/.local/lib/python3.12/site-packages/airflow/example_dags/example_python_decorator.py
[2024-05-03T17:21:54.133+0000] {logging_mixin.py:188} INFO - [2024-05-03T17:21:54.133+0000] {dag.py:3096} INFO - Sync 1 DAGs
[2024-05-03T17:21:54.139+0000] {logging_mixin.py:188} INFO - [2024-05-03T17:21:54.139+0000] {dag.py:3954} INFO - Setting next_dagrun for example_python_decorator to None, run_after=None
[2024-05-03T17:21:54.147+0000] {processor.py:183} INFO - Processing /home/airflow/.local/lib/python3.12/site-packages/airflow/example_dags/example_python_decorator.py took 0.037 seconds
[2024-05-03T17:22:24.284+0000] {processor.py:161} INFO - Started process (PID=4912) to work on /home/airflow/.local/lib/python3.12/site-packages/airflow/example_dags/example_python_decorator.py
[2024-05-03T17:22:24.285+0000] {processor.py:830} INFO - Processing file /home/airflow/.local/lib/python3.12/site-packages/airflow/example_dags/example_python_decorator.py for tasks to queue
[2024-05-03T17:22:24.286+0000] {logging_mixin.py:188} INFO - [2024-05-03T17:22:24.286+0000] {dagbag.py:540} INFO - Filling up the DagBag from /home/airflow/.local/lib/python3.12/site-packages/airflow/example_dags/example_python_decorator.py
[2024-05-03T17:22:24.293+0000] {processor.py:840} INFO - DAG(s) 'example_python_decorator' retrieved from /home/airflow/.local/lib/python3.12/site-packages/airflow/example_dags/example_python_decorator.py
[2024-05-03T17:22:24.305+0000] {logging_mixin.py:188} INFO - [2024-05-03T17:22:24.305+0000] {dag.py:3096} INFO - Sync 1 DAGs
[2024-05-03T17:22:24.312+0000] {logging_mixin.py:188} INFO - [2024-05-03T17:22:24.312+0000] {dag.py:3954} INFO - Setting next_dagrun for example_python_decorator to None, run_after=None
[2024-05-03T17:22:24.322+0000] {processor.py:183} INFO - Processing /home/airflow/.local/lib/python3.12/site-packages/airflow/example_dags/example_python_decorator.py took 0.041 seconds
[2024-05-03T17:22:54.426+0000] {processor.py:161} INFO - Started process (PID=5171) to work on /home/airflow/.local/lib/python3.12/site-packages/airflow/example_dags/example_python_decorator.py
[2024-05-03T17:22:54.426+0000] {processor.py:830} INFO - Processing file /home/airflow/.local/lib/python3.12/site-packages/airflow/example_dags/example_python_decorator.py for tasks to queue
[2024-05-03T17:22:54.427+0000] {logging_mixin.py:188} INFO - [2024-05-03T17:22:54.427+0000] {dagbag.py:540} INFO - Filling up the DagBag from /home/airflow/.local/lib/python3.12/site-packages/airflow/example_dags/example_python_decorator.py
[2024-05-03T17:22:54.434+0000] {processor.py:840} INFO - DAG(s) 'example_python_decorator' retrieved from /home/airflow/.local/lib/python3.12/site-packages/airflow/example_dags/example_python_decorator.py
[2024-05-03T17:22:54.445+0000] {logging_mixin.py:188} INFO - [2024-05-03T17:22:54.445+0000] {dag.py:3096} INFO - Sync 1 DAGs
[2024-05-03T17:22:54.451+0000] {logging_mixin.py:188} INFO - [2024-05-03T17:22:54.451+0000] {dag.py:3954} INFO - Setting next_dagrun for example_python_decorator to None, run_after=None
[2024-05-03T17:22:54.460+0000] {processor.py:183} INFO - Processing /home/airflow/.local/lib/python3.12/site-packages/airflow/example_dags/example_python_decorator.py took 0.037 seconds
[2024-05-03T17:23:24.580+0000] {processor.py:161} INFO - Started process (PID=5433) to work on /home/airflow/.local/lib/python3.12/site-packages/airflow/example_dags/example_python_decorator.py
[2024-05-03T17:23:24.581+0000] {processor.py:830} INFO - Processing file /home/airflow/.local/lib/python3.12/site-packages/airflow/example_dags/example_python_decorator.py for tasks to queue
[2024-05-03T17:23:24.582+0000] {logging_mixin.py:188} INFO - [2024-05-03T17:23:24.582+0000] {dagbag.py:540} INFO - Filling up the DagBag from /home/airflow/.local/lib/python3.12/site-packages/airflow/example_dags/example_python_decorator.py
[2024-05-03T17:23:24.588+0000] {processor.py:840} INFO - DAG(s) 'example_python_decorator' retrieved from /home/airflow/.local/lib/python3.12/site-packages/airflow/example_dags/example_python_decorator.py
[2024-05-03T17:23:24.600+0000] {logging_mixin.py:188} INFO - [2024-05-03T17:23:24.600+0000] {dag.py:3096} INFO - Sync 1 DAGs
[2024-05-03T17:23:24.606+0000] {logging_mixin.py:188} INFO - [2024-05-03T17:23:24.606+0000] {dag.py:3954} INFO - Setting next_dagrun for example_python_decorator to None, run_after=None
[2024-05-03T17:23:24.614+0000] {processor.py:183} INFO - Processing /home/airflow/.local/lib/python3.12/site-packages/airflow/example_dags/example_python_decorator.py took 0.037 seconds
[2024-05-03T17:23:54.702+0000] {processor.py:161} INFO - Started process (PID=5695) to work on /home/airflow/.local/lib/python3.12/site-packages/airflow/example_dags/example_python_decorator.py
[2024-05-03T17:23:54.703+0000] {processor.py:830} INFO - Processing file /home/airflow/.local/lib/python3.12/site-packages/airflow/example_dags/example_python_decorator.py for tasks to queue
[2024-05-03T17:23:54.703+0000] {logging_mixin.py:188} INFO - [2024-05-03T17:23:54.703+0000] {dagbag.py:540} INFO - Filling up the DagBag from /home/airflow/.local/lib/python3.12/site-packages/airflow/example_dags/example_python_decorator.py
[2024-05-03T17:23:54.710+0000] {processor.py:840} INFO - DAG(s) 'example_python_decorator' retrieved from /home/airflow/.local/lib/python3.12/site-packages/airflow/example_dags/example_python_decorator.py
[2024-05-03T17:23:54.721+0000] {logging_mixin.py:188} INFO - [2024-05-03T17:23:54.721+0000] {dag.py:3096} INFO - Sync 1 DAGs
[2024-05-03T17:23:54.727+0000] {logging_mixin.py:188} INFO - [2024-05-03T17:23:54.727+0000] {dag.py:3954} INFO - Setting next_dagrun for example_python_decorator to None, run_after=None
[2024-05-03T17:23:54.735+0000] {processor.py:183} INFO - Processing /home/airflow/.local/lib/python3.12/site-packages/airflow/example_dags/example_python_decorator.py took 0.036 seconds
[2024-05-03T17:24:24.991+0000] {processor.py:161} INFO - Started process (PID=5957) to work on /home/airflow/.local/lib/python3.12/site-packages/airflow/example_dags/example_python_decorator.py
[2024-05-03T17:24:24.991+0000] {processor.py:830} INFO - Processing file /home/airflow/.local/lib/python3.12/site-packages/airflow/example_dags/example_python_decorator.py for tasks to queue
[2024-05-03T17:24:24.992+0000] {logging_mixin.py:188} INFO - [2024-05-03T17:24:24.992+0000] {dagbag.py:540} INFO - Filling up the DagBag from /home/airflow/.local/lib/python3.12/site-packages/airflow/example_dags/example_python_decorator.py
[2024-05-03T17:24:24.998+0000] {processor.py:840} INFO - DAG(s) 'example_python_decorator' retrieved from /home/airflow/.local/lib/python3.12/site-packages/airflow/example_dags/example_python_decorator.py
[2024-05-03T17:24:25.009+0000] {logging_mixin.py:188} INFO - [2024-05-03T17:24:25.009+0000] {dag.py:3096} INFO - Sync 1 DAGs
[2024-05-03T17:24:25.014+0000] {logging_mixin.py:188} INFO - [2024-05-03T17:24:25.014+0000] {dag.py:3954} INFO - Setting next_dagrun for example_python_decorator to None, run_after=None
[2024-05-03T17:24:25.022+0000] {processor.py:183} INFO - Processing /home/airflow/.local/lib/python3.12/site-packages/airflow/example_dags/example_python_decorator.py took 0.034 seconds
[2024-05-03T17:24:55.366+0000] {processor.py:161} INFO - Started process (PID=6219) to work on /home/airflow/.local/lib/python3.12/site-packages/airflow/example_dags/example_python_decorator.py
[2024-05-03T17:24:55.367+0000] {processor.py:830} INFO - Processing file /home/airflow/.local/lib/python3.12/site-packages/airflow/example_dags/example_python_decorator.py for tasks to queue
[2024-05-03T17:24:55.368+0000] {logging_mixin.py:188} INFO - [2024-05-03T17:24:55.368+0000] {dagbag.py:540} INFO - Filling up the DagBag from /home/airflow/.local/lib/python3.12/site-packages/airflow/example_dags/example_python_decorator.py
[2024-05-03T17:24:55.374+0000] {processor.py:840} INFO - DAG(s) 'example_python_decorator' retrieved from /home/airflow/.local/lib/python3.12/site-packages/airflow/example_dags/example_python_decorator.py
[2024-05-03T17:24:55.386+0000] {logging_mixin.py:188} INFO - [2024-05-03T17:24:55.386+0000] {dag.py:3096} INFO - Sync 1 DAGs
[2024-05-03T17:24:55.392+0000] {logging_mixin.py:188} INFO - [2024-05-03T17:24:55.392+0000] {dag.py:3954} INFO - Setting next_dagrun for example_python_decorator to None, run_after=None
[2024-05-03T17:24:55.400+0000] {processor.py:183} INFO - Processing /home/airflow/.local/lib/python3.12/site-packages/airflow/example_dags/example_python_decorator.py took 0.036 seconds
[2024-05-03T17:25:25.642+0000] {processor.py:161} INFO - Started process (PID=6481) to work on /home/airflow/.local/lib/python3.12/site-packages/airflow/example_dags/example_python_decorator.py
[2024-05-03T17:25:25.643+0000] {processor.py:830} INFO - Processing file /home/airflow/.local/lib/python3.12/site-packages/airflow/example_dags/example_python_decorator.py for tasks to queue
[2024-05-03T17:25:25.644+0000] {logging_mixin.py:188} INFO - [2024-05-03T17:25:25.644+0000] {dagbag.py:540} INFO - Filling up the DagBag from /home/airflow/.local/lib/python3.12/site-packages/airflow/example_dags/example_python_decorator.py
[2024-05-03T17:25:25.650+0000] {processor.py:840} INFO - DAG(s) 'example_python_decorator' retrieved from /home/airflow/.local/lib/python3.12/site-packages/airflow/example_dags/example_python_decorator.py
[2024-05-03T17:25:25.661+0000] {logging_mixin.py:188} INFO - [2024-05-03T17:25:25.661+0000] {dag.py:3096} INFO - Sync 1 DAGs
[2024-05-03T17:25:25.667+0000] {logging_mixin.py:188} INFO - [2024-05-03T17:25:25.667+0000] {dag.py:3954} INFO - Setting next_dagrun for example_python_decorator to None, run_after=None
[2024-05-03T17:25:25.675+0000] {processor.py:183} INFO - Processing /home/airflow/.local/lib/python3.12/site-packages/airflow/example_dags/example_python_decorator.py took 0.035 seconds
[2024-05-03T17:25:55.879+0000] {processor.py:161} INFO - Started process (PID=6743) to work on /home/airflow/.local/lib/python3.12/site-packages/airflow/example_dags/example_python_decorator.py
[2024-05-03T17:25:55.879+0000] {processor.py:830} INFO - Processing file /home/airflow/.local/lib/python3.12/site-packages/airflow/example_dags/example_python_decorator.py for tasks to queue
[2024-05-03T17:25:55.880+0000] {logging_mixin.py:188} INFO - [2024-05-03T17:25:55.880+0000] {dagbag.py:540} INFO - Filling up the DagBag from /home/airflow/.local/lib/python3.12/site-packages/airflow/example_dags/example_python_decorator.py
[2024-05-03T17:25:55.887+0000] {processor.py:840} INFO - DAG(s) 'example_python_decorator' retrieved from /home/airflow/.local/lib/python3.12/site-packages/airflow/example_dags/example_python_decorator.py
[2024-05-03T17:25:55.897+0000] {logging_mixin.py:188} INFO - [2024-05-03T17:25:55.897+0000] {dag.py:3096} INFO - Sync 1 DAGs
[2024-05-03T17:25:55.902+0000] {logging_mixin.py:188} INFO - [2024-05-03T17:25:55.902+0000] {dag.py:3954} INFO - Setting next_dagrun for example_python_decorator to None, run_after=None
[2024-05-03T17:25:55.911+0000] {processor.py:183} INFO - Processing /home/airflow/.local/lib/python3.12/site-packages/airflow/example_dags/example_python_decorator.py took 0.035 seconds
[2024-05-03T17:26:26.420+0000] {processor.py:161} INFO - Started process (PID=7005) to work on /home/airflow/.local/lib/python3.12/site-packages/airflow/example_dags/example_python_decorator.py
[2024-05-03T17:26:26.421+0000] {processor.py:830} INFO - Processing file /home/airflow/.local/lib/python3.12/site-packages/airflow/example_dags/example_python_decorator.py for tasks to queue
[2024-05-03T17:26:26.422+0000] {logging_mixin.py:188} INFO - [2024-05-03T17:26:26.422+0000] {dagbag.py:540} INFO - Filling up the DagBag from /home/airflow/.local/lib/python3.12/site-packages/airflow/example_dags/example_python_decorator.py
[2024-05-03T17:26:26.428+0000] {processor.py:840} INFO - DAG(s) 'example_python_decorator' retrieved from /home/airflow/.local/lib/python3.12/site-packages/airflow/example_dags/example_python_decorator.py
[2024-05-03T17:26:26.516+0000] {logging_mixin.py:188} INFO - [2024-05-03T17:26:26.516+0000] {dag.py:3096} INFO - Sync 1 DAGs
[2024-05-03T17:26:26.521+0000] {logging_mixin.py:188} INFO - [2024-05-03T17:26:26.521+0000] {dag.py:3954} INFO - Setting next_dagrun for example_python_decorator to None, run_after=None
[2024-05-03T17:26:26.528+0000] {processor.py:183} INFO - Processing /home/airflow/.local/lib/python3.12/site-packages/airflow/example_dags/example_python_decorator.py took 0.111 seconds
[2024-05-03T17:26:56.818+0000] {processor.py:161} INFO - Started process (PID=7267) to work on /home/airflow/.local/lib/python3.12/site-packages/airflow/example_dags/example_python_decorator.py
[2024-05-03T17:26:56.818+0000] {processor.py:830} INFO - Processing file /home/airflow/.local/lib/python3.12/site-packages/airflow/example_dags/example_python_decorator.py for tasks to queue
[2024-05-03T17:26:56.819+0000] {logging_mixin.py:188} INFO - [2024-05-03T17:26:56.819+0000] {dagbag.py:540} INFO - Filling up the DagBag from /home/airflow/.local/lib/python3.12/site-packages/airflow/example_dags/example_python_decorator.py
[2024-05-03T17:26:56.826+0000] {processor.py:840} INFO - DAG(s) 'example_python_decorator' retrieved from /home/airflow/.local/lib/python3.12/site-packages/airflow/example_dags/example_python_decorator.py
[2024-05-03T17:26:56.839+0000] {logging_mixin.py:188} INFO - [2024-05-03T17:26:56.839+0000] {dag.py:3096} INFO - Sync 1 DAGs
[2024-05-03T17:26:56.923+0000] {logging_mixin.py:188} INFO - [2024-05-03T17:26:56.922+0000] {dag.py:3954} INFO - Setting next_dagrun for example_python_decorator to None, run_after=None
[2024-05-03T17:26:56.930+0000] {processor.py:183} INFO - Processing /home/airflow/.local/lib/python3.12/site-packages/airflow/example_dags/example_python_decorator.py took 0.115 seconds
