[2024-05-03T17:13:15.756+0000] {processor.py:161} INFO - Started process (PID=368) to work on /home/airflow/.local/lib/python3.12/site-packages/airflow/example_dags/example_complex.py
[2024-05-03T17:13:15.757+0000] {processor.py:830} INFO - Processing file /home/airflow/.local/lib/python3.12/site-packages/airflow/example_dags/example_complex.py for tasks to queue
[2024-05-03T17:13:15.758+0000] {logging_mixin.py:188} INFO - [2024-05-03T17:13:15.758+0000] {dagbag.py:540} INFO - Filling up the DagBag from /home/airflow/.local/lib/python3.12/site-packages/airflow/example_dags/example_complex.py
[2024-05-03T17:13:15.765+0000] {processor.py:840} INFO - DAG(s) 'example_complex' retrieved from /home/airflow/.local/lib/python3.12/site-packages/airflow/example_dags/example_complex.py
[2024-05-03T17:13:15.772+0000] {logging_mixin.py:188} INFO - [2024-05-03T17:13:15.772+0000] {dag.py:3096} INFO - Sync 1 DAGs
[2024-05-03T17:13:15.779+0000] {logging_mixin.py:188} INFO - [2024-05-03T17:13:15.779+0000] {dag.py:3954} INFO - Setting next_dagrun for example_complex to None, run_after=None
[2024-05-03T17:13:15.791+0000] {processor.py:183} INFO - Processing /home/airflow/.local/lib/python3.12/site-packages/airflow/example_dags/example_complex.py took 0.038 seconds
[2024-05-03T17:13:47.475+0000] {processor.py:161} INFO - Started process (PID=630) to work on /home/airflow/.local/lib/python3.12/site-packages/airflow/example_dags/example_complex.py
[2024-05-03T17:13:47.476+0000] {processor.py:830} INFO - Processing file /home/airflow/.local/lib/python3.12/site-packages/airflow/example_dags/example_complex.py for tasks to queue
[2024-05-03T17:13:47.477+0000] {logging_mixin.py:188} INFO - [2024-05-03T17:13:47.477+0000] {dagbag.py:540} INFO - Filling up the DagBag from /home/airflow/.local/lib/python3.12/site-packages/airflow/example_dags/example_complex.py
[2024-05-03T17:13:47.482+0000] {processor.py:840} INFO - DAG(s) 'example_complex' retrieved from /home/airflow/.local/lib/python3.12/site-packages/airflow/example_dags/example_complex.py
[2024-05-03T17:13:47.541+0000] {logging_mixin.py:188} INFO - [2024-05-03T17:13:47.540+0000] {dag.py:3096} INFO - Sync 1 DAGs
[2024-05-03T17:13:47.546+0000] {logging_mixin.py:188} INFO - [2024-05-03T17:13:47.546+0000] {dag.py:3954} INFO - Setting next_dagrun for example_complex to None, run_after=None
[2024-05-03T17:13:47.560+0000] {processor.py:183} INFO - Processing /home/airflow/.local/lib/python3.12/site-packages/airflow/example_dags/example_complex.py took 0.088 seconds
[2024-05-03T17:14:17.638+0000] {processor.py:161} INFO - Started process (PID=892) to work on /home/airflow/.local/lib/python3.12/site-packages/airflow/example_dags/example_complex.py
[2024-05-03T17:14:17.639+0000] {processor.py:830} INFO - Processing file /home/airflow/.local/lib/python3.12/site-packages/airflow/example_dags/example_complex.py for tasks to queue
[2024-05-03T17:14:17.640+0000] {logging_mixin.py:188} INFO - [2024-05-03T17:14:17.640+0000] {dagbag.py:540} INFO - Filling up the DagBag from /home/airflow/.local/lib/python3.12/site-packages/airflow/example_dags/example_complex.py
[2024-05-03T17:14:17.645+0000] {processor.py:840} INFO - DAG(s) 'example_complex' retrieved from /home/airflow/.local/lib/python3.12/site-packages/airflow/example_dags/example_complex.py
[2024-05-03T17:14:17.658+0000] {logging_mixin.py:188} INFO - [2024-05-03T17:14:17.658+0000] {dag.py:3096} INFO - Sync 1 DAGs
[2024-05-03T17:14:17.664+0000] {logging_mixin.py:188} INFO - [2024-05-03T17:14:17.664+0000] {dag.py:3954} INFO - Setting next_dagrun for example_complex to None, run_after=None
[2024-05-03T17:14:17.673+0000] {processor.py:183} INFO - Processing /home/airflow/.local/lib/python3.12/site-packages/airflow/example_dags/example_complex.py took 0.037 seconds
[2024-05-03T17:14:48.366+0000] {processor.py:161} INFO - Started process (PID=1156) to work on /home/airflow/.local/lib/python3.12/site-packages/airflow/example_dags/example_complex.py
[2024-05-03T17:14:48.367+0000] {processor.py:830} INFO - Processing file /home/airflow/.local/lib/python3.12/site-packages/airflow/example_dags/example_complex.py for tasks to queue
[2024-05-03T17:14:48.368+0000] {logging_mixin.py:188} INFO - [2024-05-03T17:14:48.367+0000] {dagbag.py:540} INFO - Filling up the DagBag from /home/airflow/.local/lib/python3.12/site-packages/airflow/example_dags/example_complex.py
[2024-05-03T17:14:48.372+0000] {processor.py:840} INFO - DAG(s) 'example_complex' retrieved from /home/airflow/.local/lib/python3.12/site-packages/airflow/example_dags/example_complex.py
[2024-05-03T17:14:48.386+0000] {logging_mixin.py:188} INFO - [2024-05-03T17:14:48.386+0000] {dag.py:3096} INFO - Sync 1 DAGs
[2024-05-03T17:14:48.392+0000] {logging_mixin.py:188} INFO - [2024-05-03T17:14:48.392+0000] {dag.py:3954} INFO - Setting next_dagrun for example_complex to None, run_after=None
[2024-05-03T17:14:48.400+0000] {processor.py:183} INFO - Processing /home/airflow/.local/lib/python3.12/site-packages/airflow/example_dags/example_complex.py took 0.036 seconds
[2024-05-03T17:15:19.379+0000] {processor.py:161} INFO - Started process (PID=1416) to work on /home/airflow/.local/lib/python3.12/site-packages/airflow/example_dags/example_complex.py
[2024-05-03T17:15:19.380+0000] {processor.py:830} INFO - Processing file /home/airflow/.local/lib/python3.12/site-packages/airflow/example_dags/example_complex.py for tasks to queue
[2024-05-03T17:15:19.381+0000] {logging_mixin.py:188} INFO - [2024-05-03T17:15:19.381+0000] {dagbag.py:540} INFO - Filling up the DagBag from /home/airflow/.local/lib/python3.12/site-packages/airflow/example_dags/example_complex.py
[2024-05-03T17:15:19.386+0000] {processor.py:840} INFO - DAG(s) 'example_complex' retrieved from /home/airflow/.local/lib/python3.12/site-packages/airflow/example_dags/example_complex.py
[2024-05-03T17:15:19.401+0000] {logging_mixin.py:188} INFO - [2024-05-03T17:15:19.401+0000] {dag.py:3096} INFO - Sync 1 DAGs
[2024-05-03T17:15:19.409+0000] {logging_mixin.py:188} INFO - [2024-05-03T17:15:19.409+0000] {dag.py:3954} INFO - Setting next_dagrun for example_complex to None, run_after=None
[2024-05-03T17:15:19.420+0000] {processor.py:183} INFO - Processing /home/airflow/.local/lib/python3.12/site-packages/airflow/example_dags/example_complex.py took 0.043 seconds
[2024-05-03T17:15:49.453+0000] {processor.py:161} INFO - Started process (PID=1678) to work on /home/airflow/.local/lib/python3.12/site-packages/airflow/example_dags/example_complex.py
[2024-05-03T17:15:49.454+0000] {processor.py:830} INFO - Processing file /home/airflow/.local/lib/python3.12/site-packages/airflow/example_dags/example_complex.py for tasks to queue
[2024-05-03T17:15:49.455+0000] {logging_mixin.py:188} INFO - [2024-05-03T17:15:49.455+0000] {dagbag.py:540} INFO - Filling up the DagBag from /home/airflow/.local/lib/python3.12/site-packages/airflow/example_dags/example_complex.py
[2024-05-03T17:15:49.460+0000] {processor.py:840} INFO - DAG(s) 'example_complex' retrieved from /home/airflow/.local/lib/python3.12/site-packages/airflow/example_dags/example_complex.py
[2024-05-03T17:15:49.474+0000] {logging_mixin.py:188} INFO - [2024-05-03T17:15:49.474+0000] {dag.py:3096} INFO - Sync 1 DAGs
[2024-05-03T17:15:49.480+0000] {logging_mixin.py:188} INFO - [2024-05-03T17:15:49.480+0000] {dag.py:3954} INFO - Setting next_dagrun for example_complex to None, run_after=None
[2024-05-03T17:15:49.489+0000] {processor.py:183} INFO - Processing /home/airflow/.local/lib/python3.12/site-packages/airflow/example_dags/example_complex.py took 0.038 seconds
[2024-05-03T17:16:20.304+0000] {processor.py:161} INFO - Started process (PID=1942) to work on /home/airflow/.local/lib/python3.12/site-packages/airflow/example_dags/example_complex.py
[2024-05-03T17:16:20.304+0000] {processor.py:830} INFO - Processing file /home/airflow/.local/lib/python3.12/site-packages/airflow/example_dags/example_complex.py for tasks to queue
[2024-05-03T17:16:20.305+0000] {logging_mixin.py:188} INFO - [2024-05-03T17:16:20.305+0000] {dagbag.py:540} INFO - Filling up the DagBag from /home/airflow/.local/lib/python3.12/site-packages/airflow/example_dags/example_complex.py
[2024-05-03T17:16:20.310+0000] {processor.py:840} INFO - DAG(s) 'example_complex' retrieved from /home/airflow/.local/lib/python3.12/site-packages/airflow/example_dags/example_complex.py
[2024-05-03T17:16:20.324+0000] {logging_mixin.py:188} INFO - [2024-05-03T17:16:20.324+0000] {dag.py:3096} INFO - Sync 1 DAGs
[2024-05-03T17:16:20.330+0000] {logging_mixin.py:188} INFO - [2024-05-03T17:16:20.330+0000] {dag.py:3954} INFO - Setting next_dagrun for example_complex to None, run_after=None
[2024-05-03T17:16:20.338+0000] {processor.py:183} INFO - Processing /home/airflow/.local/lib/python3.12/site-packages/airflow/example_dags/example_complex.py took 0.037 seconds
[2024-05-03T17:16:51.201+0000] {processor.py:161} INFO - Started process (PID=2202) to work on /home/airflow/.local/lib/python3.12/site-packages/airflow/example_dags/example_complex.py
[2024-05-03T17:16:51.202+0000] {processor.py:830} INFO - Processing file /home/airflow/.local/lib/python3.12/site-packages/airflow/example_dags/example_complex.py for tasks to queue
[2024-05-03T17:16:51.203+0000] {logging_mixin.py:188} INFO - [2024-05-03T17:16:51.203+0000] {dagbag.py:540} INFO - Filling up the DagBag from /home/airflow/.local/lib/python3.12/site-packages/airflow/example_dags/example_complex.py
[2024-05-03T17:16:51.208+0000] {processor.py:840} INFO - DAG(s) 'example_complex' retrieved from /home/airflow/.local/lib/python3.12/site-packages/airflow/example_dags/example_complex.py
[2024-05-03T17:16:51.223+0000] {logging_mixin.py:188} INFO - [2024-05-03T17:16:51.223+0000] {dag.py:3096} INFO - Sync 1 DAGs
[2024-05-03T17:16:51.229+0000] {logging_mixin.py:188} INFO - [2024-05-03T17:16:51.229+0000] {dag.py:3954} INFO - Setting next_dagrun for example_complex to None, run_after=None
[2024-05-03T17:16:51.238+0000] {processor.py:183} INFO - Processing /home/airflow/.local/lib/python3.12/site-packages/airflow/example_dags/example_complex.py took 0.040 seconds
[2024-05-03T17:17:22.271+0000] {processor.py:161} INFO - Started process (PID=2466) to work on /home/airflow/.local/lib/python3.12/site-packages/airflow/example_dags/example_complex.py
[2024-05-03T17:17:22.272+0000] {processor.py:830} INFO - Processing file /home/airflow/.local/lib/python3.12/site-packages/airflow/example_dags/example_complex.py for tasks to queue
[2024-05-03T17:17:22.273+0000] {logging_mixin.py:188} INFO - [2024-05-03T17:17:22.273+0000] {dagbag.py:540} INFO - Filling up the DagBag from /home/airflow/.local/lib/python3.12/site-packages/airflow/example_dags/example_complex.py
[2024-05-03T17:17:22.279+0000] {processor.py:840} INFO - DAG(s) 'example_complex' retrieved from /home/airflow/.local/lib/python3.12/site-packages/airflow/example_dags/example_complex.py
[2024-05-03T17:17:22.294+0000] {logging_mixin.py:188} INFO - [2024-05-03T17:17:22.294+0000] {dag.py:3096} INFO - Sync 1 DAGs
[2024-05-03T17:17:22.300+0000] {logging_mixin.py:188} INFO - [2024-05-03T17:17:22.300+0000] {dag.py:3954} INFO - Setting next_dagrun for example_complex to None, run_after=None
[2024-05-03T17:17:22.309+0000] {processor.py:183} INFO - Processing /home/airflow/.local/lib/python3.12/site-packages/airflow/example_dags/example_complex.py took 0.041 seconds
[2024-05-03T17:17:53.249+0000] {processor.py:161} INFO - Started process (PID=2728) to work on /home/airflow/.local/lib/python3.12/site-packages/airflow/example_dags/example_complex.py
[2024-05-03T17:17:53.249+0000] {processor.py:830} INFO - Processing file /home/airflow/.local/lib/python3.12/site-packages/airflow/example_dags/example_complex.py for tasks to queue
[2024-05-03T17:17:53.251+0000] {logging_mixin.py:188} INFO - [2024-05-03T17:17:53.250+0000] {dagbag.py:540} INFO - Filling up the DagBag from /home/airflow/.local/lib/python3.12/site-packages/airflow/example_dags/example_complex.py
[2024-05-03T17:17:53.256+0000] {processor.py:840} INFO - DAG(s) 'example_complex' retrieved from /home/airflow/.local/lib/python3.12/site-packages/airflow/example_dags/example_complex.py
[2024-05-03T17:17:53.272+0000] {logging_mixin.py:188} INFO - [2024-05-03T17:17:53.272+0000] {dag.py:3096} INFO - Sync 1 DAGs
[2024-05-03T17:17:53.279+0000] {logging_mixin.py:188} INFO - [2024-05-03T17:17:53.279+0000] {dag.py:3954} INFO - Setting next_dagrun for example_complex to None, run_after=None
[2024-05-03T17:17:53.290+0000] {processor.py:183} INFO - Processing /home/airflow/.local/lib/python3.12/site-packages/airflow/example_dags/example_complex.py took 0.045 seconds
[2024-05-03T17:18:23.437+0000] {processor.py:161} INFO - Started process (PID=2987) to work on /home/airflow/.local/lib/python3.12/site-packages/airflow/example_dags/example_complex.py
[2024-05-03T17:18:23.438+0000] {processor.py:830} INFO - Processing file /home/airflow/.local/lib/python3.12/site-packages/airflow/example_dags/example_complex.py for tasks to queue
[2024-05-03T17:18:23.439+0000] {logging_mixin.py:188} INFO - [2024-05-03T17:18:23.438+0000] {dagbag.py:540} INFO - Filling up the DagBag from /home/airflow/.local/lib/python3.12/site-packages/airflow/example_dags/example_complex.py
[2024-05-03T17:18:23.443+0000] {processor.py:840} INFO - DAG(s) 'example_complex' retrieved from /home/airflow/.local/lib/python3.12/site-packages/airflow/example_dags/example_complex.py
[2024-05-03T17:18:23.459+0000] {logging_mixin.py:188} INFO - [2024-05-03T17:18:23.459+0000] {dag.py:3096} INFO - Sync 1 DAGs
[2024-05-03T17:18:23.467+0000] {logging_mixin.py:188} INFO - [2024-05-03T17:18:23.467+0000] {dag.py:3954} INFO - Setting next_dagrun for example_complex to None, run_after=None
[2024-05-03T17:18:23.478+0000] {processor.py:183} INFO - Processing /home/airflow/.local/lib/python3.12/site-packages/airflow/example_dags/example_complex.py took 0.044 seconds
[2024-05-03T17:18:53.586+0000] {processor.py:161} INFO - Started process (PID=3249) to work on /home/airflow/.local/lib/python3.12/site-packages/airflow/example_dags/example_complex.py
[2024-05-03T17:18:53.587+0000] {processor.py:830} INFO - Processing file /home/airflow/.local/lib/python3.12/site-packages/airflow/example_dags/example_complex.py for tasks to queue
[2024-05-03T17:18:53.588+0000] {logging_mixin.py:188} INFO - [2024-05-03T17:18:53.588+0000] {dagbag.py:540} INFO - Filling up the DagBag from /home/airflow/.local/lib/python3.12/site-packages/airflow/example_dags/example_complex.py
[2024-05-03T17:18:53.594+0000] {processor.py:840} INFO - DAG(s) 'example_complex' retrieved from /home/airflow/.local/lib/python3.12/site-packages/airflow/example_dags/example_complex.py
[2024-05-03T17:18:53.601+0000] {logging_mixin.py:188} INFO - [2024-05-03T17:18:53.601+0000] {dag.py:3096} INFO - Sync 1 DAGs
[2024-05-03T17:18:53.608+0000] {logging_mixin.py:188} INFO - [2024-05-03T17:18:53.608+0000] {dag.py:3954} INFO - Setting next_dagrun for example_complex to None, run_after=None
[2024-05-03T17:18:53.619+0000] {processor.py:183} INFO - Processing /home/airflow/.local/lib/python3.12/site-packages/airflow/example_dags/example_complex.py took 0.036 seconds
[2024-05-03T17:19:24.784+0000] {processor.py:161} INFO - Started process (PID=3512) to work on /home/airflow/.local/lib/python3.12/site-packages/airflow/example_dags/example_complex.py
[2024-05-03T17:19:24.785+0000] {processor.py:830} INFO - Processing file /home/airflow/.local/lib/python3.12/site-packages/airflow/example_dags/example_complex.py for tasks to queue
[2024-05-03T17:19:24.786+0000] {logging_mixin.py:188} INFO - [2024-05-03T17:19:24.786+0000] {dagbag.py:540} INFO - Filling up the DagBag from /home/airflow/.local/lib/python3.12/site-packages/airflow/example_dags/example_complex.py
[2024-05-03T17:19:24.790+0000] {processor.py:840} INFO - DAG(s) 'example_complex' retrieved from /home/airflow/.local/lib/python3.12/site-packages/airflow/example_dags/example_complex.py
[2024-05-03T17:19:24.842+0000] {logging_mixin.py:188} INFO - [2024-05-03T17:19:24.842+0000] {dag.py:3096} INFO - Sync 1 DAGs
[2024-05-03T17:19:24.847+0000] {logging_mixin.py:188} INFO - [2024-05-03T17:19:24.847+0000] {dag.py:3954} INFO - Setting next_dagrun for example_complex to None, run_after=None
[2024-05-03T17:19:24.857+0000] {processor.py:183} INFO - Processing /home/airflow/.local/lib/python3.12/site-packages/airflow/example_dags/example_complex.py took 0.076 seconds
[2024-05-03T17:19:55.685+0000] {processor.py:161} INFO - Started process (PID=3774) to work on /home/airflow/.local/lib/python3.12/site-packages/airflow/example_dags/example_complex.py
[2024-05-03T17:19:55.686+0000] {processor.py:830} INFO - Processing file /home/airflow/.local/lib/python3.12/site-packages/airflow/example_dags/example_complex.py for tasks to queue
[2024-05-03T17:19:55.687+0000] {logging_mixin.py:188} INFO - [2024-05-03T17:19:55.687+0000] {dagbag.py:540} INFO - Filling up the DagBag from /home/airflow/.local/lib/python3.12/site-packages/airflow/example_dags/example_complex.py
[2024-05-03T17:19:55.692+0000] {processor.py:840} INFO - DAG(s) 'example_complex' retrieved from /home/airflow/.local/lib/python3.12/site-packages/airflow/example_dags/example_complex.py
[2024-05-03T17:19:55.705+0000] {logging_mixin.py:188} INFO - [2024-05-03T17:19:55.705+0000] {dag.py:3096} INFO - Sync 1 DAGs
[2024-05-03T17:19:55.712+0000] {logging_mixin.py:188} INFO - [2024-05-03T17:19:55.712+0000] {dag.py:3954} INFO - Setting next_dagrun for example_complex to None, run_after=None
[2024-05-03T17:19:55.722+0000] {processor.py:183} INFO - Processing /home/airflow/.local/lib/python3.12/site-packages/airflow/example_dags/example_complex.py took 0.040 seconds
[2024-05-03T17:20:25.861+0000] {processor.py:161} INFO - Started process (PID=4036) to work on /home/airflow/.local/lib/python3.12/site-packages/airflow/example_dags/example_complex.py
[2024-05-03T17:20:25.862+0000] {processor.py:830} INFO - Processing file /home/airflow/.local/lib/python3.12/site-packages/airflow/example_dags/example_complex.py for tasks to queue
[2024-05-03T17:20:25.863+0000] {logging_mixin.py:188} INFO - [2024-05-03T17:20:25.863+0000] {dagbag.py:540} INFO - Filling up the DagBag from /home/airflow/.local/lib/python3.12/site-packages/airflow/example_dags/example_complex.py
[2024-05-03T17:20:25.868+0000] {processor.py:840} INFO - DAG(s) 'example_complex' retrieved from /home/airflow/.local/lib/python3.12/site-packages/airflow/example_dags/example_complex.py
[2024-05-03T17:20:25.883+0000] {logging_mixin.py:188} INFO - [2024-05-03T17:20:25.883+0000] {dag.py:3096} INFO - Sync 1 DAGs
[2024-05-03T17:20:25.888+0000] {logging_mixin.py:188} INFO - [2024-05-03T17:20:25.888+0000] {dag.py:3954} INFO - Setting next_dagrun for example_complex to None, run_after=None
[2024-05-03T17:20:25.896+0000] {processor.py:183} INFO - Processing /home/airflow/.local/lib/python3.12/site-packages/airflow/example_dags/example_complex.py took 0.038 seconds
[2024-05-03T17:20:55.958+0000] {processor.py:161} INFO - Started process (PID=4298) to work on /home/airflow/.local/lib/python3.12/site-packages/airflow/example_dags/example_complex.py
[2024-05-03T17:20:55.958+0000] {processor.py:830} INFO - Processing file /home/airflow/.local/lib/python3.12/site-packages/airflow/example_dags/example_complex.py for tasks to queue
[2024-05-03T17:20:55.959+0000] {logging_mixin.py:188} INFO - [2024-05-03T17:20:55.959+0000] {dagbag.py:540} INFO - Filling up the DagBag from /home/airflow/.local/lib/python3.12/site-packages/airflow/example_dags/example_complex.py
[2024-05-03T17:20:55.964+0000] {processor.py:840} INFO - DAG(s) 'example_complex' retrieved from /home/airflow/.local/lib/python3.12/site-packages/airflow/example_dags/example_complex.py
[2024-05-03T17:20:55.978+0000] {logging_mixin.py:188} INFO - [2024-05-03T17:20:55.978+0000] {dag.py:3096} INFO - Sync 1 DAGs
[2024-05-03T17:20:55.984+0000] {logging_mixin.py:188} INFO - [2024-05-03T17:20:55.984+0000] {dag.py:3954} INFO - Setting next_dagrun for example_complex to None, run_after=None
[2024-05-03T17:20:55.992+0000] {processor.py:183} INFO - Processing /home/airflow/.local/lib/python3.12/site-packages/airflow/example_dags/example_complex.py took 0.037 seconds
[2024-05-03T17:21:26.906+0000] {processor.py:161} INFO - Started process (PID=4560) to work on /home/airflow/.local/lib/python3.12/site-packages/airflow/example_dags/example_complex.py
[2024-05-03T17:21:26.906+0000] {processor.py:830} INFO - Processing file /home/airflow/.local/lib/python3.12/site-packages/airflow/example_dags/example_complex.py for tasks to queue
[2024-05-03T17:21:26.908+0000] {logging_mixin.py:188} INFO - [2024-05-03T17:21:26.907+0000] {dagbag.py:540} INFO - Filling up the DagBag from /home/airflow/.local/lib/python3.12/site-packages/airflow/example_dags/example_complex.py
[2024-05-03T17:21:26.912+0000] {processor.py:840} INFO - DAG(s) 'example_complex' retrieved from /home/airflow/.local/lib/python3.12/site-packages/airflow/example_dags/example_complex.py
[2024-05-03T17:21:26.926+0000] {logging_mixin.py:188} INFO - [2024-05-03T17:21:26.926+0000] {dag.py:3096} INFO - Sync 1 DAGs
[2024-05-03T17:21:26.932+0000] {logging_mixin.py:188} INFO - [2024-05-03T17:21:26.931+0000] {dag.py:3954} INFO - Setting next_dagrun for example_complex to None, run_after=None
[2024-05-03T17:21:26.939+0000] {processor.py:183} INFO - Processing /home/airflow/.local/lib/python3.12/site-packages/airflow/example_dags/example_complex.py took 0.037 seconds
[2024-05-03T17:21:57.222+0000] {processor.py:161} INFO - Started process (PID=4822) to work on /home/airflow/.local/lib/python3.12/site-packages/airflow/example_dags/example_complex.py
[2024-05-03T17:21:57.223+0000] {processor.py:830} INFO - Processing file /home/airflow/.local/lib/python3.12/site-packages/airflow/example_dags/example_complex.py for tasks to queue
[2024-05-03T17:21:57.224+0000] {logging_mixin.py:188} INFO - [2024-05-03T17:21:57.224+0000] {dagbag.py:540} INFO - Filling up the DagBag from /home/airflow/.local/lib/python3.12/site-packages/airflow/example_dags/example_complex.py
[2024-05-03T17:21:57.229+0000] {processor.py:840} INFO - DAG(s) 'example_complex' retrieved from /home/airflow/.local/lib/python3.12/site-packages/airflow/example_dags/example_complex.py
[2024-05-03T17:21:57.245+0000] {logging_mixin.py:188} INFO - [2024-05-03T17:21:57.245+0000] {dag.py:3096} INFO - Sync 1 DAGs
[2024-05-03T17:21:57.251+0000] {logging_mixin.py:188} INFO - [2024-05-03T17:21:57.251+0000] {dag.py:3954} INFO - Setting next_dagrun for example_complex to None, run_after=None
[2024-05-03T17:21:57.258+0000] {processor.py:183} INFO - Processing /home/airflow/.local/lib/python3.12/site-packages/airflow/example_dags/example_complex.py took 0.039 seconds
[2024-05-03T17:22:27.411+0000] {processor.py:161} INFO - Started process (PID=5084) to work on /home/airflow/.local/lib/python3.12/site-packages/airflow/example_dags/example_complex.py
[2024-05-03T17:22:27.412+0000] {processor.py:830} INFO - Processing file /home/airflow/.local/lib/python3.12/site-packages/airflow/example_dags/example_complex.py for tasks to queue
[2024-05-03T17:22:27.413+0000] {logging_mixin.py:188} INFO - [2024-05-03T17:22:27.413+0000] {dagbag.py:540} INFO - Filling up the DagBag from /home/airflow/.local/lib/python3.12/site-packages/airflow/example_dags/example_complex.py
[2024-05-03T17:22:27.418+0000] {processor.py:840} INFO - DAG(s) 'example_complex' retrieved from /home/airflow/.local/lib/python3.12/site-packages/airflow/example_dags/example_complex.py
[2024-05-03T17:22:27.432+0000] {logging_mixin.py:188} INFO - [2024-05-03T17:22:27.431+0000] {dag.py:3096} INFO - Sync 1 DAGs
[2024-05-03T17:22:27.437+0000] {logging_mixin.py:188} INFO - [2024-05-03T17:22:27.437+0000] {dag.py:3954} INFO - Setting next_dagrun for example_complex to None, run_after=None
[2024-05-03T17:22:27.445+0000] {processor.py:183} INFO - Processing /home/airflow/.local/lib/python3.12/site-packages/airflow/example_dags/example_complex.py took 0.036 seconds
[2024-05-03T17:22:57.625+0000] {processor.py:161} INFO - Started process (PID=5346) to work on /home/airflow/.local/lib/python3.12/site-packages/airflow/example_dags/example_complex.py
[2024-05-03T17:22:57.626+0000] {processor.py:830} INFO - Processing file /home/airflow/.local/lib/python3.12/site-packages/airflow/example_dags/example_complex.py for tasks to queue
[2024-05-03T17:22:57.626+0000] {logging_mixin.py:188} INFO - [2024-05-03T17:22:57.626+0000] {dagbag.py:540} INFO - Filling up the DagBag from /home/airflow/.local/lib/python3.12/site-packages/airflow/example_dags/example_complex.py
[2024-05-03T17:22:57.631+0000] {processor.py:840} INFO - DAG(s) 'example_complex' retrieved from /home/airflow/.local/lib/python3.12/site-packages/airflow/example_dags/example_complex.py
[2024-05-03T17:22:57.645+0000] {logging_mixin.py:188} INFO - [2024-05-03T17:22:57.645+0000] {dag.py:3096} INFO - Sync 1 DAGs
[2024-05-03T17:22:57.650+0000] {logging_mixin.py:188} INFO - [2024-05-03T17:22:57.650+0000] {dag.py:3954} INFO - Setting next_dagrun for example_complex to None, run_after=None
[2024-05-03T17:22:57.658+0000] {processor.py:183} INFO - Processing /home/airflow/.local/lib/python3.12/site-packages/airflow/example_dags/example_complex.py took 0.036 seconds
[2024-05-03T17:23:27.760+0000] {processor.py:161} INFO - Started process (PID=5608) to work on /home/airflow/.local/lib/python3.12/site-packages/airflow/example_dags/example_complex.py
[2024-05-03T17:23:27.761+0000] {processor.py:830} INFO - Processing file /home/airflow/.local/lib/python3.12/site-packages/airflow/example_dags/example_complex.py for tasks to queue
[2024-05-03T17:23:27.762+0000] {logging_mixin.py:188} INFO - [2024-05-03T17:23:27.762+0000] {dagbag.py:540} INFO - Filling up the DagBag from /home/airflow/.local/lib/python3.12/site-packages/airflow/example_dags/example_complex.py
[2024-05-03T17:23:27.767+0000] {processor.py:840} INFO - DAG(s) 'example_complex' retrieved from /home/airflow/.local/lib/python3.12/site-packages/airflow/example_dags/example_complex.py
[2024-05-03T17:23:27.781+0000] {logging_mixin.py:188} INFO - [2024-05-03T17:23:27.781+0000] {dag.py:3096} INFO - Sync 1 DAGs
[2024-05-03T17:23:27.787+0000] {logging_mixin.py:188} INFO - [2024-05-03T17:23:27.786+0000] {dag.py:3954} INFO - Setting next_dagrun for example_complex to None, run_after=None
[2024-05-03T17:23:27.794+0000] {processor.py:183} INFO - Processing /home/airflow/.local/lib/python3.12/site-packages/airflow/example_dags/example_complex.py took 0.037 seconds
[2024-05-03T17:23:57.956+0000] {processor.py:161} INFO - Started process (PID=5868) to work on /home/airflow/.local/lib/python3.12/site-packages/airflow/example_dags/example_complex.py
[2024-05-03T17:23:57.956+0000] {processor.py:830} INFO - Processing file /home/airflow/.local/lib/python3.12/site-packages/airflow/example_dags/example_complex.py for tasks to queue
[2024-05-03T17:23:57.957+0000] {logging_mixin.py:188} INFO - [2024-05-03T17:23:57.957+0000] {dagbag.py:540} INFO - Filling up the DagBag from /home/airflow/.local/lib/python3.12/site-packages/airflow/example_dags/example_complex.py
[2024-05-03T17:23:57.962+0000] {processor.py:840} INFO - DAG(s) 'example_complex' retrieved from /home/airflow/.local/lib/python3.12/site-packages/airflow/example_dags/example_complex.py
[2024-05-03T17:23:57.976+0000] {logging_mixin.py:188} INFO - [2024-05-03T17:23:57.976+0000] {dag.py:3096} INFO - Sync 1 DAGs
[2024-05-03T17:23:57.982+0000] {logging_mixin.py:188} INFO - [2024-05-03T17:23:57.982+0000] {dag.py:3954} INFO - Setting next_dagrun for example_complex to None, run_after=None
[2024-05-03T17:23:57.990+0000] {processor.py:183} INFO - Processing /home/airflow/.local/lib/python3.12/site-packages/airflow/example_dags/example_complex.py took 0.037 seconds
[2024-05-03T17:24:28.586+0000] {processor.py:161} INFO - Started process (PID=6132) to work on /home/airflow/.local/lib/python3.12/site-packages/airflow/example_dags/example_complex.py
[2024-05-03T17:24:28.587+0000] {processor.py:830} INFO - Processing file /home/airflow/.local/lib/python3.12/site-packages/airflow/example_dags/example_complex.py for tasks to queue
[2024-05-03T17:24:28.588+0000] {logging_mixin.py:188} INFO - [2024-05-03T17:24:28.588+0000] {dagbag.py:540} INFO - Filling up the DagBag from /home/airflow/.local/lib/python3.12/site-packages/airflow/example_dags/example_complex.py
[2024-05-03T17:24:28.593+0000] {processor.py:840} INFO - DAG(s) 'example_complex' retrieved from /home/airflow/.local/lib/python3.12/site-packages/airflow/example_dags/example_complex.py
[2024-05-03T17:24:28.608+0000] {logging_mixin.py:188} INFO - [2024-05-03T17:24:28.608+0000] {dag.py:3096} INFO - Sync 1 DAGs
[2024-05-03T17:24:28.614+0000] {logging_mixin.py:188} INFO - [2024-05-03T17:24:28.614+0000] {dag.py:3954} INFO - Setting next_dagrun for example_complex to None, run_after=None
[2024-05-03T17:24:28.622+0000] {processor.py:183} INFO - Processing /home/airflow/.local/lib/python3.12/site-packages/airflow/example_dags/example_complex.py took 0.039 seconds
[2024-05-03T17:24:58.728+0000] {processor.py:161} INFO - Started process (PID=6394) to work on /home/airflow/.local/lib/python3.12/site-packages/airflow/example_dags/example_complex.py
[2024-05-03T17:24:58.728+0000] {processor.py:830} INFO - Processing file /home/airflow/.local/lib/python3.12/site-packages/airflow/example_dags/example_complex.py for tasks to queue
[2024-05-03T17:24:58.729+0000] {logging_mixin.py:188} INFO - [2024-05-03T17:24:58.729+0000] {dagbag.py:540} INFO - Filling up the DagBag from /home/airflow/.local/lib/python3.12/site-packages/airflow/example_dags/example_complex.py
[2024-05-03T17:24:58.734+0000] {processor.py:840} INFO - DAG(s) 'example_complex' retrieved from /home/airflow/.local/lib/python3.12/site-packages/airflow/example_dags/example_complex.py
[2024-05-03T17:24:58.748+0000] {logging_mixin.py:188} INFO - [2024-05-03T17:24:58.748+0000] {dag.py:3096} INFO - Sync 1 DAGs
[2024-05-03T17:24:58.754+0000] {logging_mixin.py:188} INFO - [2024-05-03T17:24:58.754+0000] {dag.py:3954} INFO - Setting next_dagrun for example_complex to None, run_after=None
[2024-05-03T17:24:58.839+0000] {processor.py:183} INFO - Processing /home/airflow/.local/lib/python3.12/site-packages/airflow/example_dags/example_complex.py took 0.114 seconds
[2024-05-03T17:25:29.813+0000] {processor.py:161} INFO - Started process (PID=6654) to work on /home/airflow/.local/lib/python3.12/site-packages/airflow/example_dags/example_complex.py
[2024-05-03T17:25:29.813+0000] {processor.py:830} INFO - Processing file /home/airflow/.local/lib/python3.12/site-packages/airflow/example_dags/example_complex.py for tasks to queue
[2024-05-03T17:25:29.815+0000] {logging_mixin.py:188} INFO - [2024-05-03T17:25:29.814+0000] {dagbag.py:540} INFO - Filling up the DagBag from /home/airflow/.local/lib/python3.12/site-packages/airflow/example_dags/example_complex.py
[2024-05-03T17:25:29.820+0000] {processor.py:840} INFO - DAG(s) 'example_complex' retrieved from /home/airflow/.local/lib/python3.12/site-packages/airflow/example_dags/example_complex.py
[2024-05-03T17:25:29.837+0000] {logging_mixin.py:188} INFO - [2024-05-03T17:25:29.837+0000] {dag.py:3096} INFO - Sync 1 DAGs
[2024-05-03T17:25:29.843+0000] {logging_mixin.py:188} INFO - [2024-05-03T17:25:29.843+0000] {dag.py:3954} INFO - Setting next_dagrun for example_complex to None, run_after=None
[2024-05-03T17:25:29.852+0000] {processor.py:183} INFO - Processing /home/airflow/.local/lib/python3.12/site-packages/airflow/example_dags/example_complex.py took 0.043 seconds
[2024-05-03T17:25:59.992+0000] {processor.py:161} INFO - Started process (PID=6916) to work on /home/airflow/.local/lib/python3.12/site-packages/airflow/example_dags/example_complex.py
[2024-05-03T17:25:59.993+0000] {processor.py:830} INFO - Processing file /home/airflow/.local/lib/python3.12/site-packages/airflow/example_dags/example_complex.py for tasks to queue
[2024-05-03T17:25:59.994+0000] {logging_mixin.py:188} INFO - [2024-05-03T17:25:59.994+0000] {dagbag.py:540} INFO - Filling up the DagBag from /home/airflow/.local/lib/python3.12/site-packages/airflow/example_dags/example_complex.py
[2024-05-03T17:25:59.999+0000] {processor.py:840} INFO - DAG(s) 'example_complex' retrieved from /home/airflow/.local/lib/python3.12/site-packages/airflow/example_dags/example_complex.py
[2024-05-03T17:26:00.015+0000] {logging_mixin.py:188} INFO - [2024-05-03T17:26:00.015+0000] {dag.py:3096} INFO - Sync 1 DAGs
[2024-05-03T17:26:00.022+0000] {logging_mixin.py:188} INFO - [2024-05-03T17:26:00.022+0000] {dag.py:3954} INFO - Setting next_dagrun for example_complex to None, run_after=None
[2024-05-03T17:26:00.032+0000] {processor.py:183} INFO - Processing /home/airflow/.local/lib/python3.12/site-packages/airflow/example_dags/example_complex.py took 0.043 seconds
[2024-05-03T17:26:30.772+0000] {processor.py:161} INFO - Started process (PID=7180) to work on /home/airflow/.local/lib/python3.12/site-packages/airflow/example_dags/example_complex.py
[2024-05-03T17:26:30.773+0000] {processor.py:830} INFO - Processing file /home/airflow/.local/lib/python3.12/site-packages/airflow/example_dags/example_complex.py for tasks to queue
[2024-05-03T17:26:30.774+0000] {logging_mixin.py:188} INFO - [2024-05-03T17:26:30.774+0000] {dagbag.py:540} INFO - Filling up the DagBag from /home/airflow/.local/lib/python3.12/site-packages/airflow/example_dags/example_complex.py
[2024-05-03T17:26:30.779+0000] {processor.py:840} INFO - DAG(s) 'example_complex' retrieved from /home/airflow/.local/lib/python3.12/site-packages/airflow/example_dags/example_complex.py
[2024-05-03T17:26:30.793+0000] {logging_mixin.py:188} INFO - [2024-05-03T17:26:30.793+0000] {dag.py:3096} INFO - Sync 1 DAGs
[2024-05-03T17:26:30.799+0000] {logging_mixin.py:188} INFO - [2024-05-03T17:26:30.799+0000] {dag.py:3954} INFO - Setting next_dagrun for example_complex to None, run_after=None
[2024-05-03T17:26:30.807+0000] {processor.py:183} INFO - Processing /home/airflow/.local/lib/python3.12/site-packages/airflow/example_dags/example_complex.py took 0.038 seconds
[2024-05-03T17:27:01.224+0000] {processor.py:161} INFO - Started process (PID=7442) to work on /home/airflow/.local/lib/python3.12/site-packages/airflow/example_dags/example_complex.py
[2024-05-03T17:27:01.224+0000] {processor.py:830} INFO - Processing file /home/airflow/.local/lib/python3.12/site-packages/airflow/example_dags/example_complex.py for tasks to queue
[2024-05-03T17:27:01.226+0000] {logging_mixin.py:188} INFO - [2024-05-03T17:27:01.225+0000] {dagbag.py:540} INFO - Filling up the DagBag from /home/airflow/.local/lib/python3.12/site-packages/airflow/example_dags/example_complex.py
[2024-05-03T17:27:01.231+0000] {processor.py:840} INFO - DAG(s) 'example_complex' retrieved from /home/airflow/.local/lib/python3.12/site-packages/airflow/example_dags/example_complex.py
[2024-05-03T17:27:01.246+0000] {logging_mixin.py:188} INFO - [2024-05-03T17:27:01.246+0000] {dag.py:3096} INFO - Sync 1 DAGs
[2024-05-03T17:27:01.252+0000] {logging_mixin.py:188} INFO - [2024-05-03T17:27:01.251+0000] {dag.py:3954} INFO - Setting next_dagrun for example_complex to None, run_after=None
[2024-05-03T17:27:01.260+0000] {processor.py:183} INFO - Processing /home/airflow/.local/lib/python3.12/site-packages/airflow/example_dags/example_complex.py took 0.039 seconds
