[2024-05-03T17:13:14.661+0000] {processor.py:161} INFO - Started process (PID=183) to work on /home/airflow/.local/lib/python3.12/site-packages/airflow/example_dags/example_task_group_decorator.py
[2024-05-03T17:13:14.661+0000] {processor.py:830} INFO - Processing file /home/airflow/.local/lib/python3.12/site-packages/airflow/example_dags/example_task_group_decorator.py for tasks to queue
[2024-05-03T17:13:14.662+0000] {logging_mixin.py:188} INFO - [2024-05-03T17:13:14.662+0000] {dagbag.py:540} INFO - Filling up the DagBag from /home/airflow/.local/lib/python3.12/site-packages/airflow/example_dags/example_task_group_decorator.py
[2024-05-03T17:13:14.669+0000] {processor.py:840} INFO - DAG(s) 'example_task_group_decorator' retrieved from /home/airflow/.local/lib/python3.12/site-packages/airflow/example_dags/example_task_group_decorator.py
[2024-05-03T17:13:14.676+0000] {logging_mixin.py:188} INFO - [2024-05-03T17:13:14.676+0000] {dag.py:3096} INFO - Sync 1 DAGs
[2024-05-03T17:13:14.688+0000] {logging_mixin.py:188} INFO - [2024-05-03T17:13:14.688+0000] {dag.py:3954} INFO - Setting next_dagrun for example_task_group_decorator to 2024-05-02 00:00:00+00:00, run_after=2024-05-03 00:00:00+00:00
[2024-05-03T17:13:14.698+0000] {processor.py:183} INFO - Processing /home/airflow/.local/lib/python3.12/site-packages/airflow/example_dags/example_task_group_decorator.py took 0.040 seconds
[2024-05-03T17:13:45.541+0000] {processor.py:161} INFO - Started process (PID=445) to work on /home/airflow/.local/lib/python3.12/site-packages/airflow/example_dags/example_task_group_decorator.py
[2024-05-03T17:13:45.542+0000] {processor.py:830} INFO - Processing file /home/airflow/.local/lib/python3.12/site-packages/airflow/example_dags/example_task_group_decorator.py for tasks to queue
[2024-05-03T17:13:45.543+0000] {logging_mixin.py:188} INFO - [2024-05-03T17:13:45.543+0000] {dagbag.py:540} INFO - Filling up the DagBag from /home/airflow/.local/lib/python3.12/site-packages/airflow/example_dags/example_task_group_decorator.py
[2024-05-03T17:13:45.551+0000] {processor.py:840} INFO - DAG(s) 'example_task_group_decorator' retrieved from /home/airflow/.local/lib/python3.12/site-packages/airflow/example_dags/example_task_group_decorator.py
[2024-05-03T17:13:45.605+0000] {logging_mixin.py:188} INFO - [2024-05-03T17:13:45.605+0000] {dag.py:3096} INFO - Sync 1 DAGs
[2024-05-03T17:13:45.615+0000] {logging_mixin.py:188} INFO - [2024-05-03T17:13:45.615+0000] {dag.py:3954} INFO - Setting next_dagrun for example_task_group_decorator to 2024-05-02 00:00:00+00:00, run_after=2024-05-03 00:00:00+00:00
[2024-05-03T17:13:45.625+0000] {processor.py:183} INFO - Processing /home/airflow/.local/lib/python3.12/site-packages/airflow/example_dags/example_task_group_decorator.py took 0.087 seconds
[2024-05-03T17:14:16.669+0000] {processor.py:161} INFO - Started process (PID=709) to work on /home/airflow/.local/lib/python3.12/site-packages/airflow/example_dags/example_task_group_decorator.py
[2024-05-03T17:14:16.671+0000] {processor.py:830} INFO - Processing file /home/airflow/.local/lib/python3.12/site-packages/airflow/example_dags/example_task_group_decorator.py for tasks to queue
[2024-05-03T17:14:16.673+0000] {logging_mixin.py:188} INFO - [2024-05-03T17:14:16.673+0000] {dagbag.py:540} INFO - Filling up the DagBag from /home/airflow/.local/lib/python3.12/site-packages/airflow/example_dags/example_task_group_decorator.py
[2024-05-03T17:14:16.687+0000] {processor.py:840} INFO - DAG(s) 'example_task_group_decorator' retrieved from /home/airflow/.local/lib/python3.12/site-packages/airflow/example_dags/example_task_group_decorator.py
[2024-05-03T17:14:16.703+0000] {logging_mixin.py:188} INFO - [2024-05-03T17:14:16.702+0000] {dag.py:3096} INFO - Sync 1 DAGs
[2024-05-03T17:14:16.714+0000] {logging_mixin.py:188} INFO - [2024-05-03T17:14:16.714+0000] {dag.py:3954} INFO - Setting next_dagrun for example_task_group_decorator to 2024-05-02 00:00:00+00:00, run_after=2024-05-03 00:00:00+00:00
[2024-05-03T17:14:16.723+0000] {processor.py:183} INFO - Processing /home/airflow/.local/lib/python3.12/site-packages/airflow/example_dags/example_task_group_decorator.py took 0.061 seconds
[2024-05-03T17:14:47.356+0000] {processor.py:161} INFO - Started process (PID=971) to work on /home/airflow/.local/lib/python3.12/site-packages/airflow/example_dags/example_task_group_decorator.py
[2024-05-03T17:14:47.358+0000] {processor.py:830} INFO - Processing file /home/airflow/.local/lib/python3.12/site-packages/airflow/example_dags/example_task_group_decorator.py for tasks to queue
[2024-05-03T17:14:47.360+0000] {logging_mixin.py:188} INFO - [2024-05-03T17:14:47.360+0000] {dagbag.py:540} INFO - Filling up the DagBag from /home/airflow/.local/lib/python3.12/site-packages/airflow/example_dags/example_task_group_decorator.py
[2024-05-03T17:14:47.373+0000] {processor.py:840} INFO - DAG(s) 'example_task_group_decorator' retrieved from /home/airflow/.local/lib/python3.12/site-packages/airflow/example_dags/example_task_group_decorator.py
[2024-05-03T17:14:47.388+0000] {logging_mixin.py:188} INFO - [2024-05-03T17:14:47.388+0000] {dag.py:3096} INFO - Sync 1 DAGs
[2024-05-03T17:14:47.400+0000] {logging_mixin.py:188} INFO - [2024-05-03T17:14:47.400+0000] {dag.py:3954} INFO - Setting next_dagrun for example_task_group_decorator to 2024-05-02 00:00:00+00:00, run_after=2024-05-03 00:00:00+00:00
[2024-05-03T17:14:47.408+0000] {processor.py:183} INFO - Processing /home/airflow/.local/lib/python3.12/site-packages/airflow/example_dags/example_task_group_decorator.py took 0.060 seconds
[2024-05-03T17:15:18.152+0000] {processor.py:161} INFO - Started process (PID=1233) to work on /home/airflow/.local/lib/python3.12/site-packages/airflow/example_dags/example_task_group_decorator.py
[2024-05-03T17:15:18.153+0000] {processor.py:830} INFO - Processing file /home/airflow/.local/lib/python3.12/site-packages/airflow/example_dags/example_task_group_decorator.py for tasks to queue
[2024-05-03T17:15:18.155+0000] {logging_mixin.py:188} INFO - [2024-05-03T17:15:18.154+0000] {dagbag.py:540} INFO - Filling up the DagBag from /home/airflow/.local/lib/python3.12/site-packages/airflow/example_dags/example_task_group_decorator.py
[2024-05-03T17:15:18.164+0000] {processor.py:840} INFO - DAG(s) 'example_task_group_decorator' retrieved from /home/airflow/.local/lib/python3.12/site-packages/airflow/example_dags/example_task_group_decorator.py
[2024-05-03T17:15:18.181+0000] {logging_mixin.py:188} INFO - [2024-05-03T17:15:18.180+0000] {dag.py:3096} INFO - Sync 1 DAGs
[2024-05-03T17:15:18.194+0000] {logging_mixin.py:188} INFO - [2024-05-03T17:15:18.194+0000] {dag.py:3954} INFO - Setting next_dagrun for example_task_group_decorator to 2024-05-02 00:00:00+00:00, run_after=2024-05-03 00:00:00+00:00
[2024-05-03T17:15:18.204+0000] {processor.py:183} INFO - Processing /home/airflow/.local/lib/python3.12/site-packages/airflow/example_dags/example_task_group_decorator.py took 0.056 seconds
[2024-05-03T17:15:48.393+0000] {processor.py:161} INFO - Started process (PID=1495) to work on /home/airflow/.local/lib/python3.12/site-packages/airflow/example_dags/example_task_group_decorator.py
[2024-05-03T17:15:48.394+0000] {processor.py:830} INFO - Processing file /home/airflow/.local/lib/python3.12/site-packages/airflow/example_dags/example_task_group_decorator.py for tasks to queue
[2024-05-03T17:15:48.396+0000] {logging_mixin.py:188} INFO - [2024-05-03T17:15:48.396+0000] {dagbag.py:540} INFO - Filling up the DagBag from /home/airflow/.local/lib/python3.12/site-packages/airflow/example_dags/example_task_group_decorator.py
[2024-05-03T17:15:48.409+0000] {processor.py:840} INFO - DAG(s) 'example_task_group_decorator' retrieved from /home/airflow/.local/lib/python3.12/site-packages/airflow/example_dags/example_task_group_decorator.py
[2024-05-03T17:15:48.425+0000] {logging_mixin.py:188} INFO - [2024-05-03T17:15:48.425+0000] {dag.py:3096} INFO - Sync 1 DAGs
[2024-05-03T17:15:48.436+0000] {logging_mixin.py:188} INFO - [2024-05-03T17:15:48.436+0000] {dag.py:3954} INFO - Setting next_dagrun for example_task_group_decorator to 2024-05-02 00:00:00+00:00, run_after=2024-05-03 00:00:00+00:00
[2024-05-03T17:15:48.445+0000] {processor.py:183} INFO - Processing /home/airflow/.local/lib/python3.12/site-packages/airflow/example_dags/example_task_group_decorator.py took 0.060 seconds
[2024-05-03T17:16:19.192+0000] {processor.py:161} INFO - Started process (PID=1757) to work on /home/airflow/.local/lib/python3.12/site-packages/airflow/example_dags/example_task_group_decorator.py
[2024-05-03T17:16:19.194+0000] {processor.py:830} INFO - Processing file /home/airflow/.local/lib/python3.12/site-packages/airflow/example_dags/example_task_group_decorator.py for tasks to queue
[2024-05-03T17:16:19.196+0000] {logging_mixin.py:188} INFO - [2024-05-03T17:16:19.195+0000] {dagbag.py:540} INFO - Filling up the DagBag from /home/airflow/.local/lib/python3.12/site-packages/airflow/example_dags/example_task_group_decorator.py
[2024-05-03T17:16:19.210+0000] {processor.py:840} INFO - DAG(s) 'example_task_group_decorator' retrieved from /home/airflow/.local/lib/python3.12/site-packages/airflow/example_dags/example_task_group_decorator.py
[2024-05-03T17:16:19.230+0000] {logging_mixin.py:188} INFO - [2024-05-03T17:16:19.230+0000] {dag.py:3096} INFO - Sync 1 DAGs
[2024-05-03T17:16:19.242+0000] {logging_mixin.py:188} INFO - [2024-05-03T17:16:19.241+0000] {dag.py:3954} INFO - Setting next_dagrun for example_task_group_decorator to 2024-05-02 00:00:00+00:00, run_after=2024-05-03 00:00:00+00:00
[2024-05-03T17:16:19.251+0000] {processor.py:183} INFO - Processing /home/airflow/.local/lib/python3.12/site-packages/airflow/example_dags/example_task_group_decorator.py took 0.066 seconds
[2024-05-03T17:16:50.018+0000] {processor.py:161} INFO - Started process (PID=2019) to work on /home/airflow/.local/lib/python3.12/site-packages/airflow/example_dags/example_task_group_decorator.py
[2024-05-03T17:16:50.019+0000] {processor.py:830} INFO - Processing file /home/airflow/.local/lib/python3.12/site-packages/airflow/example_dags/example_task_group_decorator.py for tasks to queue
[2024-05-03T17:16:50.021+0000] {logging_mixin.py:188} INFO - [2024-05-03T17:16:50.020+0000] {dagbag.py:540} INFO - Filling up the DagBag from /home/airflow/.local/lib/python3.12/site-packages/airflow/example_dags/example_task_group_decorator.py
[2024-05-03T17:16:50.029+0000] {processor.py:840} INFO - DAG(s) 'example_task_group_decorator' retrieved from /home/airflow/.local/lib/python3.12/site-packages/airflow/example_dags/example_task_group_decorator.py
[2024-05-03T17:16:50.042+0000] {logging_mixin.py:188} INFO - [2024-05-03T17:16:50.042+0000] {dag.py:3096} INFO - Sync 1 DAGs
[2024-05-03T17:16:50.057+0000] {logging_mixin.py:188} INFO - [2024-05-03T17:16:50.057+0000] {dag.py:3954} INFO - Setting next_dagrun for example_task_group_decorator to 2024-05-02 00:00:00+00:00, run_after=2024-05-03 00:00:00+00:00
[2024-05-03T17:16:50.068+0000] {processor.py:183} INFO - Processing /home/airflow/.local/lib/python3.12/site-packages/airflow/example_dags/example_task_group_decorator.py took 0.054 seconds
[2024-05-03T17:17:20.117+0000] {processor.py:161} INFO - Started process (PID=2281) to work on /home/airflow/.local/lib/python3.12/site-packages/airflow/example_dags/example_task_group_decorator.py
[2024-05-03T17:17:20.117+0000] {processor.py:830} INFO - Processing file /home/airflow/.local/lib/python3.12/site-packages/airflow/example_dags/example_task_group_decorator.py for tasks to queue
[2024-05-03T17:17:20.119+0000] {logging_mixin.py:188} INFO - [2024-05-03T17:17:20.118+0000] {dagbag.py:540} INFO - Filling up the DagBag from /home/airflow/.local/lib/python3.12/site-packages/airflow/example_dags/example_task_group_decorator.py
[2024-05-03T17:17:20.127+0000] {processor.py:840} INFO - DAG(s) 'example_task_group_decorator' retrieved from /home/airflow/.local/lib/python3.12/site-packages/airflow/example_dags/example_task_group_decorator.py
[2024-05-03T17:17:20.141+0000] {logging_mixin.py:188} INFO - [2024-05-03T17:17:20.141+0000] {dag.py:3096} INFO - Sync 1 DAGs
[2024-05-03T17:17:20.152+0000] {logging_mixin.py:188} INFO - [2024-05-03T17:17:20.152+0000] {dag.py:3954} INFO - Setting next_dagrun for example_task_group_decorator to 2024-05-02 00:00:00+00:00, run_after=2024-05-03 00:00:00+00:00
[2024-05-03T17:17:20.162+0000] {processor.py:183} INFO - Processing /home/airflow/.local/lib/python3.12/site-packages/airflow/example_dags/example_task_group_decorator.py took 0.050 seconds
[2024-05-03T17:17:51.041+0000] {processor.py:161} INFO - Started process (PID=2543) to work on /home/airflow/.local/lib/python3.12/site-packages/airflow/example_dags/example_task_group_decorator.py
[2024-05-03T17:17:51.042+0000] {processor.py:830} INFO - Processing file /home/airflow/.local/lib/python3.12/site-packages/airflow/example_dags/example_task_group_decorator.py for tasks to queue
[2024-05-03T17:17:51.044+0000] {logging_mixin.py:188} INFO - [2024-05-03T17:17:51.043+0000] {dagbag.py:540} INFO - Filling up the DagBag from /home/airflow/.local/lib/python3.12/site-packages/airflow/example_dags/example_task_group_decorator.py
[2024-05-03T17:17:51.054+0000] {processor.py:840} INFO - DAG(s) 'example_task_group_decorator' retrieved from /home/airflow/.local/lib/python3.12/site-packages/airflow/example_dags/example_task_group_decorator.py
[2024-05-03T17:17:51.070+0000] {logging_mixin.py:188} INFO - [2024-05-03T17:17:51.070+0000] {dag.py:3096} INFO - Sync 1 DAGs
[2024-05-03T17:17:51.083+0000] {logging_mixin.py:188} INFO - [2024-05-03T17:17:51.083+0000] {dag.py:3954} INFO - Setting next_dagrun for example_task_group_decorator to 2024-05-02 00:00:00+00:00, run_after=2024-05-03 00:00:00+00:00
[2024-05-03T17:17:51.093+0000] {processor.py:183} INFO - Processing /home/airflow/.local/lib/python3.12/site-packages/airflow/example_dags/example_task_group_decorator.py took 0.057 seconds
[2024-05-03T17:18:21.207+0000] {processor.py:161} INFO - Started process (PID=2804) to work on /home/airflow/.local/lib/python3.12/site-packages/airflow/example_dags/example_task_group_decorator.py
[2024-05-03T17:18:21.208+0000] {processor.py:830} INFO - Processing file /home/airflow/.local/lib/python3.12/site-packages/airflow/example_dags/example_task_group_decorator.py for tasks to queue
[2024-05-03T17:18:21.210+0000] {logging_mixin.py:188} INFO - [2024-05-03T17:18:21.210+0000] {dagbag.py:540} INFO - Filling up the DagBag from /home/airflow/.local/lib/python3.12/site-packages/airflow/example_dags/example_task_group_decorator.py
[2024-05-03T17:18:21.219+0000] {processor.py:840} INFO - DAG(s) 'example_task_group_decorator' retrieved from /home/airflow/.local/lib/python3.12/site-packages/airflow/example_dags/example_task_group_decorator.py
[2024-05-03T17:18:21.237+0000] {logging_mixin.py:188} INFO - [2024-05-03T17:18:21.236+0000] {dag.py:3096} INFO - Sync 1 DAGs
[2024-05-03T17:18:21.253+0000] {logging_mixin.py:188} INFO - [2024-05-03T17:18:21.253+0000] {dag.py:3954} INFO - Setting next_dagrun for example_task_group_decorator to 2024-05-02 00:00:00+00:00, run_after=2024-05-03 00:00:00+00:00
[2024-05-03T17:18:21.268+0000] {processor.py:183} INFO - Processing /home/airflow/.local/lib/python3.12/site-packages/airflow/example_dags/example_task_group_decorator.py took 0.067 seconds
[2024-05-03T17:18:51.407+0000] {processor.py:161} INFO - Started process (PID=3066) to work on /home/airflow/.local/lib/python3.12/site-packages/airflow/example_dags/example_task_group_decorator.py
[2024-05-03T17:18:51.408+0000] {processor.py:830} INFO - Processing file /home/airflow/.local/lib/python3.12/site-packages/airflow/example_dags/example_task_group_decorator.py for tasks to queue
[2024-05-03T17:18:51.410+0000] {logging_mixin.py:188} INFO - [2024-05-03T17:18:51.410+0000] {dagbag.py:540} INFO - Filling up the DagBag from /home/airflow/.local/lib/python3.12/site-packages/airflow/example_dags/example_task_group_decorator.py
[2024-05-03T17:18:51.419+0000] {processor.py:840} INFO - DAG(s) 'example_task_group_decorator' retrieved from /home/airflow/.local/lib/python3.12/site-packages/airflow/example_dags/example_task_group_decorator.py
[2024-05-03T17:18:51.426+0000] {logging_mixin.py:188} INFO - [2024-05-03T17:18:51.426+0000] {dag.py:3096} INFO - Sync 1 DAGs
[2024-05-03T17:18:51.439+0000] {logging_mixin.py:188} INFO - [2024-05-03T17:18:51.439+0000] {dag.py:3954} INFO - Setting next_dagrun for example_task_group_decorator to 2024-05-02 00:00:00+00:00, run_after=2024-05-03 00:00:00+00:00
[2024-05-03T17:18:51.450+0000] {processor.py:183} INFO - Processing /home/airflow/.local/lib/python3.12/site-packages/airflow/example_dags/example_task_group_decorator.py took 0.046 seconds
[2024-05-03T17:19:21.893+0000] {processor.py:161} INFO - Started process (PID=3327) to work on /home/airflow/.local/lib/python3.12/site-packages/airflow/example_dags/example_task_group_decorator.py
[2024-05-03T17:19:21.895+0000] {processor.py:830} INFO - Processing file /home/airflow/.local/lib/python3.12/site-packages/airflow/example_dags/example_task_group_decorator.py for tasks to queue
[2024-05-03T17:19:21.897+0000] {logging_mixin.py:188} INFO - [2024-05-03T17:19:21.896+0000] {dagbag.py:540} INFO - Filling up the DagBag from /home/airflow/.local/lib/python3.12/site-packages/airflow/example_dags/example_task_group_decorator.py
[2024-05-03T17:19:21.909+0000] {processor.py:840} INFO - DAG(s) 'example_task_group_decorator' retrieved from /home/airflow/.local/lib/python3.12/site-packages/airflow/example_dags/example_task_group_decorator.py
[2024-05-03T17:19:21.966+0000] {logging_mixin.py:188} INFO - [2024-05-03T17:19:21.966+0000] {dag.py:3096} INFO - Sync 1 DAGs
[2024-05-03T17:19:21.974+0000] {logging_mixin.py:188} INFO - [2024-05-03T17:19:21.974+0000] {dag.py:3954} INFO - Setting next_dagrun for example_task_group_decorator to 2024-05-02 00:00:00+00:00, run_after=2024-05-03 00:00:00+00:00
[2024-05-03T17:19:21.983+0000] {processor.py:183} INFO - Processing /home/airflow/.local/lib/python3.12/site-packages/airflow/example_dags/example_task_group_decorator.py took 0.097 seconds
[2024-05-03T17:19:52.535+0000] {processor.py:161} INFO - Started process (PID=3589) to work on /home/airflow/.local/lib/python3.12/site-packages/airflow/example_dags/example_task_group_decorator.py
[2024-05-03T17:19:52.537+0000] {processor.py:830} INFO - Processing file /home/airflow/.local/lib/python3.12/site-packages/airflow/example_dags/example_task_group_decorator.py for tasks to queue
[2024-05-03T17:19:52.539+0000] {logging_mixin.py:188} INFO - [2024-05-03T17:19:52.539+0000] {dagbag.py:540} INFO - Filling up the DagBag from /home/airflow/.local/lib/python3.12/site-packages/airflow/example_dags/example_task_group_decorator.py
[2024-05-03T17:19:52.553+0000] {processor.py:840} INFO - DAG(s) 'example_task_group_decorator' retrieved from /home/airflow/.local/lib/python3.12/site-packages/airflow/example_dags/example_task_group_decorator.py
[2024-05-03T17:19:52.568+0000] {logging_mixin.py:188} INFO - [2024-05-03T17:19:52.568+0000] {dag.py:3096} INFO - Sync 1 DAGs
[2024-05-03T17:19:52.579+0000] {logging_mixin.py:188} INFO - [2024-05-03T17:19:52.579+0000] {dag.py:3954} INFO - Setting next_dagrun for example_task_group_decorator to 2024-05-02 00:00:00+00:00, run_after=2024-05-03 00:00:00+00:00
[2024-05-03T17:19:52.588+0000] {processor.py:183} INFO - Processing /home/airflow/.local/lib/python3.12/site-packages/airflow/example_dags/example_task_group_decorator.py took 0.061 seconds
[2024-05-03T17:20:22.677+0000] {processor.py:161} INFO - Started process (PID=3851) to work on /home/airflow/.local/lib/python3.12/site-packages/airflow/example_dags/example_task_group_decorator.py
[2024-05-03T17:20:22.678+0000] {processor.py:830} INFO - Processing file /home/airflow/.local/lib/python3.12/site-packages/airflow/example_dags/example_task_group_decorator.py for tasks to queue
[2024-05-03T17:20:22.681+0000] {logging_mixin.py:188} INFO - [2024-05-03T17:20:22.680+0000] {dagbag.py:540} INFO - Filling up the DagBag from /home/airflow/.local/lib/python3.12/site-packages/airflow/example_dags/example_task_group_decorator.py
[2024-05-03T17:20:22.693+0000] {processor.py:840} INFO - DAG(s) 'example_task_group_decorator' retrieved from /home/airflow/.local/lib/python3.12/site-packages/airflow/example_dags/example_task_group_decorator.py
[2024-05-03T17:20:22.707+0000] {logging_mixin.py:188} INFO - [2024-05-03T17:20:22.707+0000] {dag.py:3096} INFO - Sync 1 DAGs
[2024-05-03T17:20:22.718+0000] {logging_mixin.py:188} INFO - [2024-05-03T17:20:22.718+0000] {dag.py:3954} INFO - Setting next_dagrun for example_task_group_decorator to 2024-05-02 00:00:00+00:00, run_after=2024-05-03 00:00:00+00:00
[2024-05-03T17:20:22.726+0000] {processor.py:183} INFO - Processing /home/airflow/.local/lib/python3.12/site-packages/airflow/example_dags/example_task_group_decorator.py took 0.057 seconds
[2024-05-03T17:20:52.849+0000] {processor.py:161} INFO - Started process (PID=4113) to work on /home/airflow/.local/lib/python3.12/site-packages/airflow/example_dags/example_task_group_decorator.py
[2024-05-03T17:20:52.850+0000] {processor.py:830} INFO - Processing file /home/airflow/.local/lib/python3.12/site-packages/airflow/example_dags/example_task_group_decorator.py for tasks to queue
[2024-05-03T17:20:52.853+0000] {logging_mixin.py:188} INFO - [2024-05-03T17:20:52.853+0000] {dagbag.py:540} INFO - Filling up the DagBag from /home/airflow/.local/lib/python3.12/site-packages/airflow/example_dags/example_task_group_decorator.py
[2024-05-03T17:20:52.866+0000] {processor.py:840} INFO - DAG(s) 'example_task_group_decorator' retrieved from /home/airflow/.local/lib/python3.12/site-packages/airflow/example_dags/example_task_group_decorator.py
[2024-05-03T17:20:52.881+0000] {logging_mixin.py:188} INFO - [2024-05-03T17:20:52.880+0000] {dag.py:3096} INFO - Sync 1 DAGs
[2024-05-03T17:20:52.891+0000] {logging_mixin.py:188} INFO - [2024-05-03T17:20:52.891+0000] {dag.py:3954} INFO - Setting next_dagrun for example_task_group_decorator to 2024-05-02 00:00:00+00:00, run_after=2024-05-03 00:00:00+00:00
[2024-05-03T17:20:52.900+0000] {processor.py:183} INFO - Processing /home/airflow/.local/lib/python3.12/site-packages/airflow/example_dags/example_task_group_decorator.py took 0.059 seconds
[2024-05-03T17:21:23.703+0000] {processor.py:161} INFO - Started process (PID=4375) to work on /home/airflow/.local/lib/python3.12/site-packages/airflow/example_dags/example_task_group_decorator.py
[2024-05-03T17:21:23.704+0000] {processor.py:830} INFO - Processing file /home/airflow/.local/lib/python3.12/site-packages/airflow/example_dags/example_task_group_decorator.py for tasks to queue
[2024-05-03T17:21:23.707+0000] {logging_mixin.py:188} INFO - [2024-05-03T17:21:23.706+0000] {dagbag.py:540} INFO - Filling up the DagBag from /home/airflow/.local/lib/python3.12/site-packages/airflow/example_dags/example_task_group_decorator.py
[2024-05-03T17:21:23.720+0000] {processor.py:840} INFO - DAG(s) 'example_task_group_decorator' retrieved from /home/airflow/.local/lib/python3.12/site-packages/airflow/example_dags/example_task_group_decorator.py
[2024-05-03T17:21:23.736+0000] {logging_mixin.py:188} INFO - [2024-05-03T17:21:23.736+0000] {dag.py:3096} INFO - Sync 1 DAGs
[2024-05-03T17:21:23.747+0000] {logging_mixin.py:188} INFO - [2024-05-03T17:21:23.747+0000] {dag.py:3954} INFO - Setting next_dagrun for example_task_group_decorator to 2024-05-02 00:00:00+00:00, run_after=2024-05-03 00:00:00+00:00
[2024-05-03T17:21:23.756+0000] {processor.py:183} INFO - Processing /home/airflow/.local/lib/python3.12/site-packages/airflow/example_dags/example_task_group_decorator.py took 0.061 seconds
[2024-05-03T17:21:53.862+0000] {processor.py:161} INFO - Started process (PID=4637) to work on /home/airflow/.local/lib/python3.12/site-packages/airflow/example_dags/example_task_group_decorator.py
[2024-05-03T17:21:53.863+0000] {processor.py:830} INFO - Processing file /home/airflow/.local/lib/python3.12/site-packages/airflow/example_dags/example_task_group_decorator.py for tasks to queue
[2024-05-03T17:21:53.866+0000] {logging_mixin.py:188} INFO - [2024-05-03T17:21:53.865+0000] {dagbag.py:540} INFO - Filling up the DagBag from /home/airflow/.local/lib/python3.12/site-packages/airflow/example_dags/example_task_group_decorator.py
[2024-05-03T17:21:53.879+0000] {processor.py:840} INFO - DAG(s) 'example_task_group_decorator' retrieved from /home/airflow/.local/lib/python3.12/site-packages/airflow/example_dags/example_task_group_decorator.py
[2024-05-03T17:21:53.895+0000] {logging_mixin.py:188} INFO - [2024-05-03T17:21:53.895+0000] {dag.py:3096} INFO - Sync 1 DAGs
[2024-05-03T17:21:53.906+0000] {logging_mixin.py:188} INFO - [2024-05-03T17:21:53.906+0000] {dag.py:3954} INFO - Setting next_dagrun for example_task_group_decorator to 2024-05-02 00:00:00+00:00, run_after=2024-05-03 00:00:00+00:00
[2024-05-03T17:21:53.915+0000] {processor.py:183} INFO - Processing /home/airflow/.local/lib/python3.12/site-packages/airflow/example_dags/example_task_group_decorator.py took 0.061 seconds
[2024-05-03T17:22:24.160+0000] {processor.py:161} INFO - Started process (PID=4899) to work on /home/airflow/.local/lib/python3.12/site-packages/airflow/example_dags/example_task_group_decorator.py
[2024-05-03T17:22:24.161+0000] {processor.py:830} INFO - Processing file /home/airflow/.local/lib/python3.12/site-packages/airflow/example_dags/example_task_group_decorator.py for tasks to queue
[2024-05-03T17:22:24.164+0000] {logging_mixin.py:188} INFO - [2024-05-03T17:22:24.163+0000] {dagbag.py:540} INFO - Filling up the DagBag from /home/airflow/.local/lib/python3.12/site-packages/airflow/example_dags/example_task_group_decorator.py
[2024-05-03T17:22:24.178+0000] {processor.py:840} INFO - DAG(s) 'example_task_group_decorator' retrieved from /home/airflow/.local/lib/python3.12/site-packages/airflow/example_dags/example_task_group_decorator.py
[2024-05-03T17:22:24.196+0000] {logging_mixin.py:188} INFO - [2024-05-03T17:22:24.196+0000] {dag.py:3096} INFO - Sync 1 DAGs
[2024-05-03T17:22:24.208+0000] {logging_mixin.py:188} INFO - [2024-05-03T17:22:24.208+0000] {dag.py:3954} INFO - Setting next_dagrun for example_task_group_decorator to 2024-05-02 00:00:00+00:00, run_after=2024-05-03 00:00:00+00:00
[2024-05-03T17:22:24.218+0000] {processor.py:183} INFO - Processing /home/airflow/.local/lib/python3.12/site-packages/airflow/example_dags/example_task_group_decorator.py took 0.066 seconds
[2024-05-03T17:22:54.364+0000] {processor.py:161} INFO - Started process (PID=5161) to work on /home/airflow/.local/lib/python3.12/site-packages/airflow/example_dags/example_task_group_decorator.py
[2024-05-03T17:22:54.365+0000] {processor.py:830} INFO - Processing file /home/airflow/.local/lib/python3.12/site-packages/airflow/example_dags/example_task_group_decorator.py for tasks to queue
[2024-05-03T17:22:54.367+0000] {logging_mixin.py:188} INFO - [2024-05-03T17:22:54.367+0000] {dagbag.py:540} INFO - Filling up the DagBag from /home/airflow/.local/lib/python3.12/site-packages/airflow/example_dags/example_task_group_decorator.py
[2024-05-03T17:22:54.378+0000] {processor.py:840} INFO - DAG(s) 'example_task_group_decorator' retrieved from /home/airflow/.local/lib/python3.12/site-packages/airflow/example_dags/example_task_group_decorator.py
[2024-05-03T17:22:54.394+0000] {logging_mixin.py:188} INFO - [2024-05-03T17:22:54.394+0000] {dag.py:3096} INFO - Sync 1 DAGs
[2024-05-03T17:22:54.406+0000] {logging_mixin.py:188} INFO - [2024-05-03T17:22:54.405+0000] {dag.py:3954} INFO - Setting next_dagrun for example_task_group_decorator to 2024-05-02 00:00:00+00:00, run_after=2024-05-03 00:00:00+00:00
[2024-05-03T17:22:54.415+0000] {processor.py:183} INFO - Processing /home/airflow/.local/lib/python3.12/site-packages/airflow/example_dags/example_task_group_decorator.py took 0.059 seconds
[2024-05-03T17:23:24.515+0000] {processor.py:161} INFO - Started process (PID=5423) to work on /home/airflow/.local/lib/python3.12/site-packages/airflow/example_dags/example_task_group_decorator.py
[2024-05-03T17:23:24.517+0000] {processor.py:830} INFO - Processing file /home/airflow/.local/lib/python3.12/site-packages/airflow/example_dags/example_task_group_decorator.py for tasks to queue
[2024-05-03T17:23:24.520+0000] {logging_mixin.py:188} INFO - [2024-05-03T17:23:24.519+0000] {dagbag.py:540} INFO - Filling up the DagBag from /home/airflow/.local/lib/python3.12/site-packages/airflow/example_dags/example_task_group_decorator.py
[2024-05-03T17:23:24.533+0000] {processor.py:840} INFO - DAG(s) 'example_task_group_decorator' retrieved from /home/airflow/.local/lib/python3.12/site-packages/airflow/example_dags/example_task_group_decorator.py
[2024-05-03T17:23:24.548+0000] {logging_mixin.py:188} INFO - [2024-05-03T17:23:24.548+0000] {dag.py:3096} INFO - Sync 1 DAGs
[2024-05-03T17:23:24.559+0000] {logging_mixin.py:188} INFO - [2024-05-03T17:23:24.559+0000] {dag.py:3954} INFO - Setting next_dagrun for example_task_group_decorator to 2024-05-02 00:00:00+00:00, run_after=2024-05-03 00:00:00+00:00
[2024-05-03T17:23:24.567+0000] {processor.py:183} INFO - Processing /home/airflow/.local/lib/python3.12/site-packages/airflow/example_dags/example_task_group_decorator.py took 0.060 seconds
[2024-05-03T17:23:54.642+0000] {processor.py:161} INFO - Started process (PID=5685) to work on /home/airflow/.local/lib/python3.12/site-packages/airflow/example_dags/example_task_group_decorator.py
[2024-05-03T17:23:54.644+0000] {processor.py:830} INFO - Processing file /home/airflow/.local/lib/python3.12/site-packages/airflow/example_dags/example_task_group_decorator.py for tasks to queue
[2024-05-03T17:23:54.646+0000] {logging_mixin.py:188} INFO - [2024-05-03T17:23:54.645+0000] {dagbag.py:540} INFO - Filling up the DagBag from /home/airflow/.local/lib/python3.12/site-packages/airflow/example_dags/example_task_group_decorator.py
[2024-05-03T17:23:54.658+0000] {processor.py:840} INFO - DAG(s) 'example_task_group_decorator' retrieved from /home/airflow/.local/lib/python3.12/site-packages/airflow/example_dags/example_task_group_decorator.py
[2024-05-03T17:23:54.672+0000] {logging_mixin.py:188} INFO - [2024-05-03T17:23:54.672+0000] {dag.py:3096} INFO - Sync 1 DAGs
[2024-05-03T17:23:54.683+0000] {logging_mixin.py:188} INFO - [2024-05-03T17:23:54.683+0000] {dag.py:3954} INFO - Setting next_dagrun for example_task_group_decorator to 2024-05-02 00:00:00+00:00, run_after=2024-05-03 00:00:00+00:00
[2024-05-03T17:23:54.691+0000] {processor.py:183} INFO - Processing /home/airflow/.local/lib/python3.12/site-packages/airflow/example_dags/example_task_group_decorator.py took 0.057 seconds
[2024-05-03T17:24:24.924+0000] {processor.py:161} INFO - Started process (PID=5947) to work on /home/airflow/.local/lib/python3.12/site-packages/airflow/example_dags/example_task_group_decorator.py
[2024-05-03T17:24:24.925+0000] {processor.py:830} INFO - Processing file /home/airflow/.local/lib/python3.12/site-packages/airflow/example_dags/example_task_group_decorator.py for tasks to queue
[2024-05-03T17:24:24.928+0000] {logging_mixin.py:188} INFO - [2024-05-03T17:24:24.928+0000] {dagbag.py:540} INFO - Filling up the DagBag from /home/airflow/.local/lib/python3.12/site-packages/airflow/example_dags/example_task_group_decorator.py
[2024-05-03T17:24:24.941+0000] {processor.py:840} INFO - DAG(s) 'example_task_group_decorator' retrieved from /home/airflow/.local/lib/python3.12/site-packages/airflow/example_dags/example_task_group_decorator.py
[2024-05-03T17:24:24.956+0000] {logging_mixin.py:188} INFO - [2024-05-03T17:24:24.956+0000] {dag.py:3096} INFO - Sync 1 DAGs
[2024-05-03T17:24:24.968+0000] {logging_mixin.py:188} INFO - [2024-05-03T17:24:24.967+0000] {dag.py:3954} INFO - Setting next_dagrun for example_task_group_decorator to 2024-05-02 00:00:00+00:00, run_after=2024-05-03 00:00:00+00:00
[2024-05-03T17:24:24.976+0000] {processor.py:183} INFO - Processing /home/airflow/.local/lib/python3.12/site-packages/airflow/example_dags/example_task_group_decorator.py took 0.060 seconds
[2024-05-03T17:24:55.304+0000] {processor.py:161} INFO - Started process (PID=6209) to work on /home/airflow/.local/lib/python3.12/site-packages/airflow/example_dags/example_task_group_decorator.py
[2024-05-03T17:24:55.305+0000] {processor.py:830} INFO - Processing file /home/airflow/.local/lib/python3.12/site-packages/airflow/example_dags/example_task_group_decorator.py for tasks to queue
[2024-05-03T17:24:55.308+0000] {logging_mixin.py:188} INFO - [2024-05-03T17:24:55.308+0000] {dagbag.py:540} INFO - Filling up the DagBag from /home/airflow/.local/lib/python3.12/site-packages/airflow/example_dags/example_task_group_decorator.py
[2024-05-03T17:24:55.321+0000] {processor.py:840} INFO - DAG(s) 'example_task_group_decorator' retrieved from /home/airflow/.local/lib/python3.12/site-packages/airflow/example_dags/example_task_group_decorator.py
[2024-05-03T17:24:55.336+0000] {logging_mixin.py:188} INFO - [2024-05-03T17:24:55.336+0000] {dag.py:3096} INFO - Sync 1 DAGs
[2024-05-03T17:24:55.347+0000] {logging_mixin.py:188} INFO - [2024-05-03T17:24:55.347+0000] {dag.py:3954} INFO - Setting next_dagrun for example_task_group_decorator to 2024-05-02 00:00:00+00:00, run_after=2024-05-03 00:00:00+00:00
[2024-05-03T17:24:55.355+0000] {processor.py:183} INFO - Processing /home/airflow/.local/lib/python3.12/site-packages/airflow/example_dags/example_task_group_decorator.py took 0.059 seconds
[2024-05-03T17:25:25.588+0000] {processor.py:161} INFO - Started process (PID=6471) to work on /home/airflow/.local/lib/python3.12/site-packages/airflow/example_dags/example_task_group_decorator.py
[2024-05-03T17:25:25.589+0000] {processor.py:830} INFO - Processing file /home/airflow/.local/lib/python3.12/site-packages/airflow/example_dags/example_task_group_decorator.py for tasks to queue
[2024-05-03T17:25:25.591+0000] {logging_mixin.py:188} INFO - [2024-05-03T17:25:25.591+0000] {dagbag.py:540} INFO - Filling up the DagBag from /home/airflow/.local/lib/python3.12/site-packages/airflow/example_dags/example_task_group_decorator.py
[2024-05-03T17:25:25.601+0000] {processor.py:840} INFO - DAG(s) 'example_task_group_decorator' retrieved from /home/airflow/.local/lib/python3.12/site-packages/airflow/example_dags/example_task_group_decorator.py
[2024-05-03T17:25:25.614+0000] {logging_mixin.py:188} INFO - [2024-05-03T17:25:25.614+0000] {dag.py:3096} INFO - Sync 1 DAGs
[2024-05-03T17:25:25.624+0000] {logging_mixin.py:188} INFO - [2024-05-03T17:25:25.624+0000] {dag.py:3954} INFO - Setting next_dagrun for example_task_group_decorator to 2024-05-02 00:00:00+00:00, run_after=2024-05-03 00:00:00+00:00
[2024-05-03T17:25:25.632+0000] {processor.py:183} INFO - Processing /home/airflow/.local/lib/python3.12/site-packages/airflow/example_dags/example_task_group_decorator.py took 0.051 seconds
[2024-05-03T17:25:55.825+0000] {processor.py:161} INFO - Started process (PID=6733) to work on /home/airflow/.local/lib/python3.12/site-packages/airflow/example_dags/example_task_group_decorator.py
[2024-05-03T17:25:55.826+0000] {processor.py:830} INFO - Processing file /home/airflow/.local/lib/python3.12/site-packages/airflow/example_dags/example_task_group_decorator.py for tasks to queue
[2024-05-03T17:25:55.828+0000] {logging_mixin.py:188} INFO - [2024-05-03T17:25:55.828+0000] {dagbag.py:540} INFO - Filling up the DagBag from /home/airflow/.local/lib/python3.12/site-packages/airflow/example_dags/example_task_group_decorator.py
[2024-05-03T17:25:55.837+0000] {processor.py:840} INFO - DAG(s) 'example_task_group_decorator' retrieved from /home/airflow/.local/lib/python3.12/site-packages/airflow/example_dags/example_task_group_decorator.py
[2024-05-03T17:25:55.851+0000] {logging_mixin.py:188} INFO - [2024-05-03T17:25:55.851+0000] {dag.py:3096} INFO - Sync 1 DAGs
[2024-05-03T17:25:55.860+0000] {logging_mixin.py:188} INFO - [2024-05-03T17:25:55.860+0000] {dag.py:3954} INFO - Setting next_dagrun for example_task_group_decorator to 2024-05-02 00:00:00+00:00, run_after=2024-05-03 00:00:00+00:00
[2024-05-03T17:25:55.868+0000] {processor.py:183} INFO - Processing /home/airflow/.local/lib/python3.12/site-packages/airflow/example_dags/example_task_group_decorator.py took 0.050 seconds
[2024-05-03T17:26:26.268+0000] {processor.py:161} INFO - Started process (PID=6995) to work on /home/airflow/.local/lib/python3.12/site-packages/airflow/example_dags/example_task_group_decorator.py
[2024-05-03T17:26:26.269+0000] {processor.py:830} INFO - Processing file /home/airflow/.local/lib/python3.12/site-packages/airflow/example_dags/example_task_group_decorator.py for tasks to queue
[2024-05-03T17:26:26.272+0000] {logging_mixin.py:188} INFO - [2024-05-03T17:26:26.272+0000] {dagbag.py:540} INFO - Filling up the DagBag from /home/airflow/.local/lib/python3.12/site-packages/airflow/example_dags/example_task_group_decorator.py
[2024-05-03T17:26:26.286+0000] {processor.py:840} INFO - DAG(s) 'example_task_group_decorator' retrieved from /home/airflow/.local/lib/python3.12/site-packages/airflow/example_dags/example_task_group_decorator.py
[2024-05-03T17:26:26.301+0000] {logging_mixin.py:188} INFO - [2024-05-03T17:26:26.300+0000] {dag.py:3096} INFO - Sync 1 DAGs
[2024-05-03T17:26:26.396+0000] {logging_mixin.py:188} INFO - [2024-05-03T17:26:26.396+0000] {dag.py:3954} INFO - Setting next_dagrun for example_task_group_decorator to 2024-05-02 00:00:00+00:00, run_after=2024-05-03 00:00:00+00:00
[2024-05-03T17:26:26.404+0000] {processor.py:183} INFO - Processing /home/airflow/.local/lib/python3.12/site-packages/airflow/example_dags/example_task_group_decorator.py took 0.144 seconds
[2024-05-03T17:26:56.667+0000] {processor.py:161} INFO - Started process (PID=7257) to work on /home/airflow/.local/lib/python3.12/site-packages/airflow/example_dags/example_task_group_decorator.py
[2024-05-03T17:26:56.669+0000] {processor.py:830} INFO - Processing file /home/airflow/.local/lib/python3.12/site-packages/airflow/example_dags/example_task_group_decorator.py for tasks to queue
[2024-05-03T17:26:56.671+0000] {logging_mixin.py:188} INFO - [2024-05-03T17:26:56.671+0000] {dagbag.py:540} INFO - Filling up the DagBag from /home/airflow/.local/lib/python3.12/site-packages/airflow/example_dags/example_task_group_decorator.py
[2024-05-03T17:26:56.684+0000] {processor.py:840} INFO - DAG(s) 'example_task_group_decorator' retrieved from /home/airflow/.local/lib/python3.12/site-packages/airflow/example_dags/example_task_group_decorator.py
[2024-05-03T17:26:56.699+0000] {logging_mixin.py:188} INFO - [2024-05-03T17:26:56.698+0000] {dag.py:3096} INFO - Sync 1 DAGs
[2024-05-03T17:26:56.794+0000] {logging_mixin.py:188} INFO - [2024-05-03T17:26:56.794+0000] {dag.py:3954} INFO - Setting next_dagrun for example_task_group_decorator to 2024-05-02 00:00:00+00:00, run_after=2024-05-03 00:00:00+00:00
[2024-05-03T17:26:56.801+0000] {processor.py:183} INFO - Processing /home/airflow/.local/lib/python3.12/site-packages/airflow/example_dags/example_task_group_decorator.py took 0.142 seconds
