[2024-05-03T17:13:14.610+0000] {processor.py:161} INFO - Started process (PID=173) to work on /home/airflow/.local/lib/python3.12/site-packages/airflow/example_dags/example_nested_branch_dag.py
[2024-05-03T17:13:14.610+0000] {processor.py:830} INFO - Processing file /home/airflow/.local/lib/python3.12/site-packages/airflow/example_dags/example_nested_branch_dag.py for tasks to queue
[2024-05-03T17:13:14.611+0000] {logging_mixin.py:188} INFO - [2024-05-03T17:13:14.611+0000] {dagbag.py:540} INFO - Filling up the DagBag from /home/airflow/.local/lib/python3.12/site-packages/airflow/example_dags/example_nested_branch_dag.py
[2024-05-03T17:13:14.616+0000] {processor.py:840} INFO - DAG(s) 'example_nested_branch_dag' retrieved from /home/airflow/.local/lib/python3.12/site-packages/airflow/example_dags/example_nested_branch_dag.py
[2024-05-03T17:13:14.623+0000] {logging_mixin.py:188} INFO - [2024-05-03T17:13:14.623+0000] {dag.py:3096} INFO - Sync 1 DAGs
[2024-05-03T17:13:14.635+0000] {logging_mixin.py:188} INFO - [2024-05-03T17:13:14.634+0000] {dag.py:3954} INFO - Setting next_dagrun for example_nested_branch_dag to 2024-05-02 00:00:00+00:00, run_after=2024-05-03 00:00:00+00:00
[2024-05-03T17:13:14.644+0000] {processor.py:183} INFO - Processing /home/airflow/.local/lib/python3.12/site-packages/airflow/example_dags/example_nested_branch_dag.py took 0.037 seconds
[2024-05-03T17:13:45.438+0000] {processor.py:161} INFO - Started process (PID=435) to work on /home/airflow/.local/lib/python3.12/site-packages/airflow/example_dags/example_nested_branch_dag.py
[2024-05-03T17:13:45.440+0000] {processor.py:830} INFO - Processing file /home/airflow/.local/lib/python3.12/site-packages/airflow/example_dags/example_nested_branch_dag.py for tasks to queue
[2024-05-03T17:13:45.442+0000] {logging_mixin.py:188} INFO - [2024-05-03T17:13:45.442+0000] {dagbag.py:540} INFO - Filling up the DagBag from /home/airflow/.local/lib/python3.12/site-packages/airflow/example_dags/example_nested_branch_dag.py
[2024-05-03T17:13:45.448+0000] {processor.py:840} INFO - DAG(s) 'example_nested_branch_dag' retrieved from /home/airflow/.local/lib/python3.12/site-packages/airflow/example_dags/example_nested_branch_dag.py
[2024-05-03T17:13:45.504+0000] {logging_mixin.py:188} INFO - [2024-05-03T17:13:45.504+0000] {dag.py:3096} INFO - Sync 1 DAGs
[2024-05-03T17:13:45.515+0000] {logging_mixin.py:188} INFO - [2024-05-03T17:13:45.514+0000] {dag.py:3954} INFO - Setting next_dagrun for example_nested_branch_dag to 2024-05-02 00:00:00+00:00, run_after=2024-05-03 00:00:00+00:00
[2024-05-03T17:13:45.525+0000] {processor.py:183} INFO - Processing /home/airflow/.local/lib/python3.12/site-packages/airflow/example_dags/example_nested_branch_dag.py took 0.090 seconds
[2024-05-03T17:14:15.581+0000] {processor.py:161} INFO - Started process (PID=699) to work on /home/airflow/.local/lib/python3.12/site-packages/airflow/example_dags/example_nested_branch_dag.py
[2024-05-03T17:14:15.581+0000] {processor.py:830} INFO - Processing file /home/airflow/.local/lib/python3.12/site-packages/airflow/example_dags/example_nested_branch_dag.py for tasks to queue
[2024-05-03T17:14:15.582+0000] {logging_mixin.py:188} INFO - [2024-05-03T17:14:15.582+0000] {dagbag.py:540} INFO - Filling up the DagBag from /home/airflow/.local/lib/python3.12/site-packages/airflow/example_dags/example_nested_branch_dag.py
[2024-05-03T17:14:15.587+0000] {processor.py:840} INFO - DAG(s) 'example_nested_branch_dag' retrieved from /home/airflow/.local/lib/python3.12/site-packages/airflow/example_dags/example_nested_branch_dag.py
[2024-05-03T17:14:15.598+0000] {logging_mixin.py:188} INFO - [2024-05-03T17:14:15.598+0000] {dag.py:3096} INFO - Sync 1 DAGs
[2024-05-03T17:14:15.608+0000] {logging_mixin.py:188} INFO - [2024-05-03T17:14:15.608+0000] {dag.py:3954} INFO - Setting next_dagrun for example_nested_branch_dag to 2024-05-02 00:00:00+00:00, run_after=2024-05-03 00:00:00+00:00
[2024-05-03T17:14:15.617+0000] {processor.py:183} INFO - Processing /home/airflow/.local/lib/python3.12/site-packages/airflow/example_dags/example_nested_branch_dag.py took 0.039 seconds
[2024-05-03T17:14:46.266+0000] {processor.py:161} INFO - Started process (PID=959) to work on /home/airflow/.local/lib/python3.12/site-packages/airflow/example_dags/example_nested_branch_dag.py
[2024-05-03T17:14:46.266+0000] {processor.py:830} INFO - Processing file /home/airflow/.local/lib/python3.12/site-packages/airflow/example_dags/example_nested_branch_dag.py for tasks to queue
[2024-05-03T17:14:46.267+0000] {logging_mixin.py:188} INFO - [2024-05-03T17:14:46.267+0000] {dagbag.py:540} INFO - Filling up the DagBag from /home/airflow/.local/lib/python3.12/site-packages/airflow/example_dags/example_nested_branch_dag.py
[2024-05-03T17:14:46.272+0000] {processor.py:840} INFO - DAG(s) 'example_nested_branch_dag' retrieved from /home/airflow/.local/lib/python3.12/site-packages/airflow/example_dags/example_nested_branch_dag.py
[2024-05-03T17:14:46.283+0000] {logging_mixin.py:188} INFO - [2024-05-03T17:14:46.282+0000] {dag.py:3096} INFO - Sync 1 DAGs
[2024-05-03T17:14:46.293+0000] {logging_mixin.py:188} INFO - [2024-05-03T17:14:46.293+0000] {dag.py:3954} INFO - Setting next_dagrun for example_nested_branch_dag to 2024-05-02 00:00:00+00:00, run_after=2024-05-03 00:00:00+00:00
[2024-05-03T17:14:46.302+0000] {processor.py:183} INFO - Processing /home/airflow/.local/lib/python3.12/site-packages/airflow/example_dags/example_nested_branch_dag.py took 0.039 seconds
[2024-05-03T17:15:17.079+0000] {processor.py:161} INFO - Started process (PID=1221) to work on /home/airflow/.local/lib/python3.12/site-packages/airflow/example_dags/example_nested_branch_dag.py
[2024-05-03T17:15:17.080+0000] {processor.py:830} INFO - Processing file /home/airflow/.local/lib/python3.12/site-packages/airflow/example_dags/example_nested_branch_dag.py for tasks to queue
[2024-05-03T17:15:17.081+0000] {logging_mixin.py:188} INFO - [2024-05-03T17:15:17.081+0000] {dagbag.py:540} INFO - Filling up the DagBag from /home/airflow/.local/lib/python3.12/site-packages/airflow/example_dags/example_nested_branch_dag.py
[2024-05-03T17:15:17.087+0000] {processor.py:840} INFO - DAG(s) 'example_nested_branch_dag' retrieved from /home/airflow/.local/lib/python3.12/site-packages/airflow/example_dags/example_nested_branch_dag.py
[2024-05-03T17:15:17.098+0000] {logging_mixin.py:188} INFO - [2024-05-03T17:15:17.098+0000] {dag.py:3096} INFO - Sync 1 DAGs
[2024-05-03T17:15:17.111+0000] {logging_mixin.py:188} INFO - [2024-05-03T17:15:17.111+0000] {dag.py:3954} INFO - Setting next_dagrun for example_nested_branch_dag to 2024-05-02 00:00:00+00:00, run_after=2024-05-03 00:00:00+00:00
[2024-05-03T17:15:17.121+0000] {processor.py:183} INFO - Processing /home/airflow/.local/lib/python3.12/site-packages/airflow/example_dags/example_nested_branch_dag.py took 0.045 seconds
[2024-05-03T17:15:47.308+0000] {processor.py:161} INFO - Started process (PID=1483) to work on /home/airflow/.local/lib/python3.12/site-packages/airflow/example_dags/example_nested_branch_dag.py
[2024-05-03T17:15:47.308+0000] {processor.py:830} INFO - Processing file /home/airflow/.local/lib/python3.12/site-packages/airflow/example_dags/example_nested_branch_dag.py for tasks to queue
[2024-05-03T17:15:47.309+0000] {logging_mixin.py:188} INFO - [2024-05-03T17:15:47.309+0000] {dagbag.py:540} INFO - Filling up the DagBag from /home/airflow/.local/lib/python3.12/site-packages/airflow/example_dags/example_nested_branch_dag.py
[2024-05-03T17:15:47.314+0000] {processor.py:840} INFO - DAG(s) 'example_nested_branch_dag' retrieved from /home/airflow/.local/lib/python3.12/site-packages/airflow/example_dags/example_nested_branch_dag.py
[2024-05-03T17:15:47.325+0000] {logging_mixin.py:188} INFO - [2024-05-03T17:15:47.325+0000] {dag.py:3096} INFO - Sync 1 DAGs
[2024-05-03T17:15:47.335+0000] {logging_mixin.py:188} INFO - [2024-05-03T17:15:47.335+0000] {dag.py:3954} INFO - Setting next_dagrun for example_nested_branch_dag to 2024-05-02 00:00:00+00:00, run_after=2024-05-03 00:00:00+00:00
[2024-05-03T17:15:47.345+0000] {processor.py:183} INFO - Processing /home/airflow/.local/lib/python3.12/site-packages/airflow/example_dags/example_nested_branch_dag.py took 0.040 seconds
[2024-05-03T17:16:18.117+0000] {processor.py:161} INFO - Started process (PID=1745) to work on /home/airflow/.local/lib/python3.12/site-packages/airflow/example_dags/example_nested_branch_dag.py
[2024-05-03T17:16:18.118+0000] {processor.py:830} INFO - Processing file /home/airflow/.local/lib/python3.12/site-packages/airflow/example_dags/example_nested_branch_dag.py for tasks to queue
[2024-05-03T17:16:18.119+0000] {logging_mixin.py:188} INFO - [2024-05-03T17:16:18.119+0000] {dagbag.py:540} INFO - Filling up the DagBag from /home/airflow/.local/lib/python3.12/site-packages/airflow/example_dags/example_nested_branch_dag.py
[2024-05-03T17:16:18.124+0000] {processor.py:840} INFO - DAG(s) 'example_nested_branch_dag' retrieved from /home/airflow/.local/lib/python3.12/site-packages/airflow/example_dags/example_nested_branch_dag.py
[2024-05-03T17:16:18.136+0000] {logging_mixin.py:188} INFO - [2024-05-03T17:16:18.136+0000] {dag.py:3096} INFO - Sync 1 DAGs
[2024-05-03T17:16:18.148+0000] {logging_mixin.py:188} INFO - [2024-05-03T17:16:18.148+0000] {dag.py:3954} INFO - Setting next_dagrun for example_nested_branch_dag to 2024-05-02 00:00:00+00:00, run_after=2024-05-03 00:00:00+00:00
[2024-05-03T17:16:18.157+0000] {processor.py:183} INFO - Processing /home/airflow/.local/lib/python3.12/site-packages/airflow/example_dags/example_nested_branch_dag.py took 0.042 seconds
[2024-05-03T17:16:48.959+0000] {processor.py:161} INFO - Started process (PID=2007) to work on /home/airflow/.local/lib/python3.12/site-packages/airflow/example_dags/example_nested_branch_dag.py
[2024-05-03T17:16:48.959+0000] {processor.py:830} INFO - Processing file /home/airflow/.local/lib/python3.12/site-packages/airflow/example_dags/example_nested_branch_dag.py for tasks to queue
[2024-05-03T17:16:48.960+0000] {logging_mixin.py:188} INFO - [2024-05-03T17:16:48.960+0000] {dagbag.py:540} INFO - Filling up the DagBag from /home/airflow/.local/lib/python3.12/site-packages/airflow/example_dags/example_nested_branch_dag.py
[2024-05-03T17:16:48.965+0000] {processor.py:840} INFO - DAG(s) 'example_nested_branch_dag' retrieved from /home/airflow/.local/lib/python3.12/site-packages/airflow/example_dags/example_nested_branch_dag.py
[2024-05-03T17:16:48.975+0000] {logging_mixin.py:188} INFO - [2024-05-03T17:16:48.975+0000] {dag.py:3096} INFO - Sync 1 DAGs
[2024-05-03T17:16:48.986+0000] {logging_mixin.py:188} INFO - [2024-05-03T17:16:48.986+0000] {dag.py:3954} INFO - Setting next_dagrun for example_nested_branch_dag to 2024-05-02 00:00:00+00:00, run_after=2024-05-03 00:00:00+00:00
[2024-05-03T17:16:48.994+0000] {processor.py:183} INFO - Processing /home/airflow/.local/lib/python3.12/site-packages/airflow/example_dags/example_nested_branch_dag.py took 0.039 seconds
[2024-05-03T17:17:19.053+0000] {processor.py:161} INFO - Started process (PID=2269) to work on /home/airflow/.local/lib/python3.12/site-packages/airflow/example_dags/example_nested_branch_dag.py
[2024-05-03T17:17:19.054+0000] {processor.py:830} INFO - Processing file /home/airflow/.local/lib/python3.12/site-packages/airflow/example_dags/example_nested_branch_dag.py for tasks to queue
[2024-05-03T17:17:19.055+0000] {logging_mixin.py:188} INFO - [2024-05-03T17:17:19.054+0000] {dagbag.py:540} INFO - Filling up the DagBag from /home/airflow/.local/lib/python3.12/site-packages/airflow/example_dags/example_nested_branch_dag.py
[2024-05-03T17:17:19.060+0000] {processor.py:840} INFO - DAG(s) 'example_nested_branch_dag' retrieved from /home/airflow/.local/lib/python3.12/site-packages/airflow/example_dags/example_nested_branch_dag.py
[2024-05-03T17:17:19.072+0000] {logging_mixin.py:188} INFO - [2024-05-03T17:17:19.071+0000] {dag.py:3096} INFO - Sync 1 DAGs
[2024-05-03T17:17:19.083+0000] {logging_mixin.py:188} INFO - [2024-05-03T17:17:19.083+0000] {dag.py:3954} INFO - Setting next_dagrun for example_nested_branch_dag to 2024-05-02 00:00:00+00:00, run_after=2024-05-03 00:00:00+00:00
[2024-05-03T17:17:19.093+0000] {processor.py:183} INFO - Processing /home/airflow/.local/lib/python3.12/site-packages/airflow/example_dags/example_nested_branch_dag.py took 0.044 seconds
[2024-05-03T17:17:49.977+0000] {processor.py:161} INFO - Started process (PID=2531) to work on /home/airflow/.local/lib/python3.12/site-packages/airflow/example_dags/example_nested_branch_dag.py
[2024-05-03T17:17:49.977+0000] {processor.py:830} INFO - Processing file /home/airflow/.local/lib/python3.12/site-packages/airflow/example_dags/example_nested_branch_dag.py for tasks to queue
[2024-05-03T17:17:49.978+0000] {logging_mixin.py:188} INFO - [2024-05-03T17:17:49.978+0000] {dagbag.py:540} INFO - Filling up the DagBag from /home/airflow/.local/lib/python3.12/site-packages/airflow/example_dags/example_nested_branch_dag.py
[2024-05-03T17:17:49.983+0000] {processor.py:840} INFO - DAG(s) 'example_nested_branch_dag' retrieved from /home/airflow/.local/lib/python3.12/site-packages/airflow/example_dags/example_nested_branch_dag.py
[2024-05-03T17:17:49.995+0000] {logging_mixin.py:188} INFO - [2024-05-03T17:17:49.995+0000] {dag.py:3096} INFO - Sync 1 DAGs
[2024-05-03T17:17:50.007+0000] {logging_mixin.py:188} INFO - [2024-05-03T17:17:50.007+0000] {dag.py:3954} INFO - Setting next_dagrun for example_nested_branch_dag to 2024-05-02 00:00:00+00:00, run_after=2024-05-03 00:00:00+00:00
[2024-05-03T17:17:50.018+0000] {processor.py:183} INFO - Processing /home/airflow/.local/lib/python3.12/site-packages/airflow/example_dags/example_nested_branch_dag.py took 0.044 seconds
[2024-05-03T17:18:20.131+0000] {processor.py:161} INFO - Started process (PID=2792) to work on /home/airflow/.local/lib/python3.12/site-packages/airflow/example_dags/example_nested_branch_dag.py
[2024-05-03T17:18:20.132+0000] {processor.py:830} INFO - Processing file /home/airflow/.local/lib/python3.12/site-packages/airflow/example_dags/example_nested_branch_dag.py for tasks to queue
[2024-05-03T17:18:20.133+0000] {logging_mixin.py:188} INFO - [2024-05-03T17:18:20.133+0000] {dagbag.py:540} INFO - Filling up the DagBag from /home/airflow/.local/lib/python3.12/site-packages/airflow/example_dags/example_nested_branch_dag.py
[2024-05-03T17:18:20.138+0000] {processor.py:840} INFO - DAG(s) 'example_nested_branch_dag' retrieved from /home/airflow/.local/lib/python3.12/site-packages/airflow/example_dags/example_nested_branch_dag.py
[2024-05-03T17:18:20.152+0000] {logging_mixin.py:188} INFO - [2024-05-03T17:18:20.151+0000] {dag.py:3096} INFO - Sync 1 DAGs
[2024-05-03T17:18:20.170+0000] {logging_mixin.py:188} INFO - [2024-05-03T17:18:20.169+0000] {dag.py:3954} INFO - Setting next_dagrun for example_nested_branch_dag to 2024-05-02 00:00:00+00:00, run_after=2024-05-03 00:00:00+00:00
[2024-05-03T17:18:20.179+0000] {processor.py:183} INFO - Processing /home/airflow/.local/lib/python3.12/site-packages/airflow/example_dags/example_nested_branch_dag.py took 0.051 seconds
[2024-05-03T17:18:50.326+0000] {processor.py:161} INFO - Started process (PID=3055) to work on /home/airflow/.local/lib/python3.12/site-packages/airflow/example_dags/example_nested_branch_dag.py
[2024-05-03T17:18:50.327+0000] {processor.py:830} INFO - Processing file /home/airflow/.local/lib/python3.12/site-packages/airflow/example_dags/example_nested_branch_dag.py for tasks to queue
[2024-05-03T17:18:50.328+0000] {logging_mixin.py:188} INFO - [2024-05-03T17:18:50.328+0000] {dagbag.py:540} INFO - Filling up the DagBag from /home/airflow/.local/lib/python3.12/site-packages/airflow/example_dags/example_nested_branch_dag.py
[2024-05-03T17:18:50.333+0000] {processor.py:840} INFO - DAG(s) 'example_nested_branch_dag' retrieved from /home/airflow/.local/lib/python3.12/site-packages/airflow/example_dags/example_nested_branch_dag.py
[2024-05-03T17:18:50.340+0000] {logging_mixin.py:188} INFO - [2024-05-03T17:18:50.340+0000] {dag.py:3096} INFO - Sync 1 DAGs
[2024-05-03T17:18:50.350+0000] {logging_mixin.py:188} INFO - [2024-05-03T17:18:50.350+0000] {dag.py:3954} INFO - Setting next_dagrun for example_nested_branch_dag to 2024-05-02 00:00:00+00:00, run_after=2024-05-03 00:00:00+00:00
[2024-05-03T17:18:50.360+0000] {processor.py:183} INFO - Processing /home/airflow/.local/lib/python3.12/site-packages/airflow/example_dags/example_nested_branch_dag.py took 0.037 seconds
[2024-05-03T17:19:20.766+0000] {processor.py:161} INFO - Started process (PID=3315) to work on /home/airflow/.local/lib/python3.12/site-packages/airflow/example_dags/example_nested_branch_dag.py
[2024-05-03T17:19:20.766+0000] {processor.py:830} INFO - Processing file /home/airflow/.local/lib/python3.12/site-packages/airflow/example_dags/example_nested_branch_dag.py for tasks to queue
[2024-05-03T17:19:20.768+0000] {logging_mixin.py:188} INFO - [2024-05-03T17:19:20.768+0000] {dagbag.py:540} INFO - Filling up the DagBag from /home/airflow/.local/lib/python3.12/site-packages/airflow/example_dags/example_nested_branch_dag.py
[2024-05-03T17:19:20.773+0000] {processor.py:840} INFO - DAG(s) 'example_nested_branch_dag' retrieved from /home/airflow/.local/lib/python3.12/site-packages/airflow/example_dags/example_nested_branch_dag.py
[2024-05-03T17:19:20.824+0000] {logging_mixin.py:188} INFO - [2024-05-03T17:19:20.824+0000] {dag.py:3096} INFO - Sync 1 DAGs
[2024-05-03T17:19:20.838+0000] {logging_mixin.py:188} INFO - [2024-05-03T17:19:20.838+0000] {dag.py:3954} INFO - Setting next_dagrun for example_nested_branch_dag to 2024-05-02 00:00:00+00:00, run_after=2024-05-03 00:00:00+00:00
[2024-05-03T17:19:20.849+0000] {processor.py:183} INFO - Processing /home/airflow/.local/lib/python3.12/site-packages/airflow/example_dags/example_nested_branch_dag.py took 0.086 seconds
[2024-05-03T17:19:51.442+0000] {processor.py:161} INFO - Started process (PID=3577) to work on /home/airflow/.local/lib/python3.12/site-packages/airflow/example_dags/example_nested_branch_dag.py
[2024-05-03T17:19:51.443+0000] {processor.py:830} INFO - Processing file /home/airflow/.local/lib/python3.12/site-packages/airflow/example_dags/example_nested_branch_dag.py for tasks to queue
[2024-05-03T17:19:51.444+0000] {logging_mixin.py:188} INFO - [2024-05-03T17:19:51.444+0000] {dagbag.py:540} INFO - Filling up the DagBag from /home/airflow/.local/lib/python3.12/site-packages/airflow/example_dags/example_nested_branch_dag.py
[2024-05-03T17:19:51.449+0000] {processor.py:840} INFO - DAG(s) 'example_nested_branch_dag' retrieved from /home/airflow/.local/lib/python3.12/site-packages/airflow/example_dags/example_nested_branch_dag.py
[2024-05-03T17:19:51.460+0000] {logging_mixin.py:188} INFO - [2024-05-03T17:19:51.460+0000] {dag.py:3096} INFO - Sync 1 DAGs
[2024-05-03T17:19:51.471+0000] {logging_mixin.py:188} INFO - [2024-05-03T17:19:51.471+0000] {dag.py:3954} INFO - Setting next_dagrun for example_nested_branch_dag to 2024-05-02 00:00:00+00:00, run_after=2024-05-03 00:00:00+00:00
[2024-05-03T17:19:51.479+0000] {processor.py:183} INFO - Processing /home/airflow/.local/lib/python3.12/site-packages/airflow/example_dags/example_nested_branch_dag.py took 0.040 seconds
[2024-05-03T17:20:21.597+0000] {processor.py:161} INFO - Started process (PID=3839) to work on /home/airflow/.local/lib/python3.12/site-packages/airflow/example_dags/example_nested_branch_dag.py
[2024-05-03T17:20:21.598+0000] {processor.py:830} INFO - Processing file /home/airflow/.local/lib/python3.12/site-packages/airflow/example_dags/example_nested_branch_dag.py for tasks to queue
[2024-05-03T17:20:21.599+0000] {logging_mixin.py:188} INFO - [2024-05-03T17:20:21.599+0000] {dagbag.py:540} INFO - Filling up the DagBag from /home/airflow/.local/lib/python3.12/site-packages/airflow/example_dags/example_nested_branch_dag.py
[2024-05-03T17:20:21.604+0000] {processor.py:840} INFO - DAG(s) 'example_nested_branch_dag' retrieved from /home/airflow/.local/lib/python3.12/site-packages/airflow/example_dags/example_nested_branch_dag.py
[2024-05-03T17:20:21.615+0000] {logging_mixin.py:188} INFO - [2024-05-03T17:20:21.615+0000] {dag.py:3096} INFO - Sync 1 DAGs
[2024-05-03T17:20:21.626+0000] {logging_mixin.py:188} INFO - [2024-05-03T17:20:21.626+0000] {dag.py:3954} INFO - Setting next_dagrun for example_nested_branch_dag to 2024-05-02 00:00:00+00:00, run_after=2024-05-03 00:00:00+00:00
[2024-05-03T17:20:21.635+0000] {processor.py:183} INFO - Processing /home/airflow/.local/lib/python3.12/site-packages/airflow/example_dags/example_nested_branch_dag.py took 0.040 seconds
[2024-05-03T17:20:51.759+0000] {processor.py:161} INFO - Started process (PID=4101) to work on /home/airflow/.local/lib/python3.12/site-packages/airflow/example_dags/example_nested_branch_dag.py
[2024-05-03T17:20:51.759+0000] {processor.py:830} INFO - Processing file /home/airflow/.local/lib/python3.12/site-packages/airflow/example_dags/example_nested_branch_dag.py for tasks to queue
[2024-05-03T17:20:51.761+0000] {logging_mixin.py:188} INFO - [2024-05-03T17:20:51.761+0000] {dagbag.py:540} INFO - Filling up the DagBag from /home/airflow/.local/lib/python3.12/site-packages/airflow/example_dags/example_nested_branch_dag.py
[2024-05-03T17:20:51.766+0000] {processor.py:840} INFO - DAG(s) 'example_nested_branch_dag' retrieved from /home/airflow/.local/lib/python3.12/site-packages/airflow/example_dags/example_nested_branch_dag.py
[2024-05-03T17:20:51.777+0000] {logging_mixin.py:188} INFO - [2024-05-03T17:20:51.777+0000] {dag.py:3096} INFO - Sync 1 DAGs
[2024-05-03T17:20:51.788+0000] {logging_mixin.py:188} INFO - [2024-05-03T17:20:51.787+0000] {dag.py:3954} INFO - Setting next_dagrun for example_nested_branch_dag to 2024-05-02 00:00:00+00:00, run_after=2024-05-03 00:00:00+00:00
[2024-05-03T17:20:51.796+0000] {processor.py:183} INFO - Processing /home/airflow/.local/lib/python3.12/site-packages/airflow/example_dags/example_nested_branch_dag.py took 0.040 seconds
[2024-05-03T17:21:22.614+0000] {processor.py:161} INFO - Started process (PID=4363) to work on /home/airflow/.local/lib/python3.12/site-packages/airflow/example_dags/example_nested_branch_dag.py
[2024-05-03T17:21:22.616+0000] {processor.py:830} INFO - Processing file /home/airflow/.local/lib/python3.12/site-packages/airflow/example_dags/example_nested_branch_dag.py for tasks to queue
[2024-05-03T17:21:22.617+0000] {logging_mixin.py:188} INFO - [2024-05-03T17:21:22.617+0000] {dagbag.py:540} INFO - Filling up the DagBag from /home/airflow/.local/lib/python3.12/site-packages/airflow/example_dags/example_nested_branch_dag.py
[2024-05-03T17:21:22.622+0000] {processor.py:840} INFO - DAG(s) 'example_nested_branch_dag' retrieved from /home/airflow/.local/lib/python3.12/site-packages/airflow/example_dags/example_nested_branch_dag.py
[2024-05-03T17:21:22.633+0000] {logging_mixin.py:188} INFO - [2024-05-03T17:21:22.633+0000] {dag.py:3096} INFO - Sync 1 DAGs
[2024-05-03T17:21:22.644+0000] {logging_mixin.py:188} INFO - [2024-05-03T17:21:22.644+0000] {dag.py:3954} INFO - Setting next_dagrun for example_nested_branch_dag to 2024-05-02 00:00:00+00:00, run_after=2024-05-03 00:00:00+00:00
[2024-05-03T17:21:22.652+0000] {processor.py:183} INFO - Processing /home/airflow/.local/lib/python3.12/site-packages/airflow/example_dags/example_nested_branch_dag.py took 0.041 seconds
[2024-05-03T17:21:52.771+0000] {processor.py:161} INFO - Started process (PID=4625) to work on /home/airflow/.local/lib/python3.12/site-packages/airflow/example_dags/example_nested_branch_dag.py
[2024-05-03T17:21:52.772+0000] {processor.py:830} INFO - Processing file /home/airflow/.local/lib/python3.12/site-packages/airflow/example_dags/example_nested_branch_dag.py for tasks to queue
[2024-05-03T17:21:52.773+0000] {logging_mixin.py:188} INFO - [2024-05-03T17:21:52.772+0000] {dagbag.py:540} INFO - Filling up the DagBag from /home/airflow/.local/lib/python3.12/site-packages/airflow/example_dags/example_nested_branch_dag.py
[2024-05-03T17:21:52.778+0000] {processor.py:840} INFO - DAG(s) 'example_nested_branch_dag' retrieved from /home/airflow/.local/lib/python3.12/site-packages/airflow/example_dags/example_nested_branch_dag.py
[2024-05-03T17:21:52.789+0000] {logging_mixin.py:188} INFO - [2024-05-03T17:21:52.789+0000] {dag.py:3096} INFO - Sync 1 DAGs
[2024-05-03T17:21:52.799+0000] {logging_mixin.py:188} INFO - [2024-05-03T17:21:52.799+0000] {dag.py:3954} INFO - Setting next_dagrun for example_nested_branch_dag to 2024-05-02 00:00:00+00:00, run_after=2024-05-03 00:00:00+00:00
[2024-05-03T17:21:52.809+0000] {processor.py:183} INFO - Processing /home/airflow/.local/lib/python3.12/site-packages/airflow/example_dags/example_nested_branch_dag.py took 0.041 seconds
[2024-05-03T17:22:23.072+0000] {processor.py:161} INFO - Started process (PID=4887) to work on /home/airflow/.local/lib/python3.12/site-packages/airflow/example_dags/example_nested_branch_dag.py
[2024-05-03T17:22:23.073+0000] {processor.py:830} INFO - Processing file /home/airflow/.local/lib/python3.12/site-packages/airflow/example_dags/example_nested_branch_dag.py for tasks to queue
[2024-05-03T17:22:23.074+0000] {logging_mixin.py:188} INFO - [2024-05-03T17:22:23.074+0000] {dagbag.py:540} INFO - Filling up the DagBag from /home/airflow/.local/lib/python3.12/site-packages/airflow/example_dags/example_nested_branch_dag.py
[2024-05-03T17:22:23.079+0000] {processor.py:840} INFO - DAG(s) 'example_nested_branch_dag' retrieved from /home/airflow/.local/lib/python3.12/site-packages/airflow/example_dags/example_nested_branch_dag.py
[2024-05-03T17:22:23.090+0000] {logging_mixin.py:188} INFO - [2024-05-03T17:22:23.090+0000] {dag.py:3096} INFO - Sync 1 DAGs
[2024-05-03T17:22:23.101+0000] {logging_mixin.py:188} INFO - [2024-05-03T17:22:23.101+0000] {dag.py:3954} INFO - Setting next_dagrun for example_nested_branch_dag to 2024-05-02 00:00:00+00:00, run_after=2024-05-03 00:00:00+00:00
[2024-05-03T17:22:23.110+0000] {processor.py:183} INFO - Processing /home/airflow/.local/lib/python3.12/site-packages/airflow/example_dags/example_nested_branch_dag.py took 0.041 seconds
[2024-05-03T17:22:53.274+0000] {processor.py:161} INFO - Started process (PID=5149) to work on /home/airflow/.local/lib/python3.12/site-packages/airflow/example_dags/example_nested_branch_dag.py
[2024-05-03T17:22:53.274+0000] {processor.py:830} INFO - Processing file /home/airflow/.local/lib/python3.12/site-packages/airflow/example_dags/example_nested_branch_dag.py for tasks to queue
[2024-05-03T17:22:53.275+0000] {logging_mixin.py:188} INFO - [2024-05-03T17:22:53.275+0000] {dagbag.py:540} INFO - Filling up the DagBag from /home/airflow/.local/lib/python3.12/site-packages/airflow/example_dags/example_nested_branch_dag.py
[2024-05-03T17:22:53.281+0000] {processor.py:840} INFO - DAG(s) 'example_nested_branch_dag' retrieved from /home/airflow/.local/lib/python3.12/site-packages/airflow/example_dags/example_nested_branch_dag.py
[2024-05-03T17:22:53.292+0000] {logging_mixin.py:188} INFO - [2024-05-03T17:22:53.291+0000] {dag.py:3096} INFO - Sync 1 DAGs
[2024-05-03T17:22:53.302+0000] {logging_mixin.py:188} INFO - [2024-05-03T17:22:53.302+0000] {dag.py:3954} INFO - Setting next_dagrun for example_nested_branch_dag to 2024-05-02 00:00:00+00:00, run_after=2024-05-03 00:00:00+00:00
[2024-05-03T17:22:53.309+0000] {processor.py:183} INFO - Processing /home/airflow/.local/lib/python3.12/site-packages/airflow/example_dags/example_nested_branch_dag.py took 0.039 seconds
[2024-05-03T17:23:23.425+0000] {processor.py:161} INFO - Started process (PID=5411) to work on /home/airflow/.local/lib/python3.12/site-packages/airflow/example_dags/example_nested_branch_dag.py
[2024-05-03T17:23:23.426+0000] {processor.py:830} INFO - Processing file /home/airflow/.local/lib/python3.12/site-packages/airflow/example_dags/example_nested_branch_dag.py for tasks to queue
[2024-05-03T17:23:23.427+0000] {logging_mixin.py:188} INFO - [2024-05-03T17:23:23.427+0000] {dagbag.py:540} INFO - Filling up the DagBag from /home/airflow/.local/lib/python3.12/site-packages/airflow/example_dags/example_nested_branch_dag.py
[2024-05-03T17:23:23.432+0000] {processor.py:840} INFO - DAG(s) 'example_nested_branch_dag' retrieved from /home/airflow/.local/lib/python3.12/site-packages/airflow/example_dags/example_nested_branch_dag.py
[2024-05-03T17:23:23.445+0000] {logging_mixin.py:188} INFO - [2024-05-03T17:23:23.445+0000] {dag.py:3096} INFO - Sync 1 DAGs
[2024-05-03T17:23:23.455+0000] {logging_mixin.py:188} INFO - [2024-05-03T17:23:23.455+0000] {dag.py:3954} INFO - Setting next_dagrun for example_nested_branch_dag to 2024-05-02 00:00:00+00:00, run_after=2024-05-03 00:00:00+00:00
[2024-05-03T17:23:23.465+0000] {processor.py:183} INFO - Processing /home/airflow/.local/lib/python3.12/site-packages/airflow/example_dags/example_nested_branch_dag.py took 0.043 seconds
[2024-05-03T17:23:53.552+0000] {processor.py:161} INFO - Started process (PID=5673) to work on /home/airflow/.local/lib/python3.12/site-packages/airflow/example_dags/example_nested_branch_dag.py
[2024-05-03T17:23:53.552+0000] {processor.py:830} INFO - Processing file /home/airflow/.local/lib/python3.12/site-packages/airflow/example_dags/example_nested_branch_dag.py for tasks to queue
[2024-05-03T17:23:53.553+0000] {logging_mixin.py:188} INFO - [2024-05-03T17:23:53.553+0000] {dagbag.py:540} INFO - Filling up the DagBag from /home/airflow/.local/lib/python3.12/site-packages/airflow/example_dags/example_nested_branch_dag.py
[2024-05-03T17:23:53.558+0000] {processor.py:840} INFO - DAG(s) 'example_nested_branch_dag' retrieved from /home/airflow/.local/lib/python3.12/site-packages/airflow/example_dags/example_nested_branch_dag.py
[2024-05-03T17:23:53.570+0000] {logging_mixin.py:188} INFO - [2024-05-03T17:23:53.569+0000] {dag.py:3096} INFO - Sync 1 DAGs
[2024-05-03T17:23:53.580+0000] {logging_mixin.py:188} INFO - [2024-05-03T17:23:53.580+0000] {dag.py:3954} INFO - Setting next_dagrun for example_nested_branch_dag to 2024-05-02 00:00:00+00:00, run_after=2024-05-03 00:00:00+00:00
[2024-05-03T17:23:53.587+0000] {processor.py:183} INFO - Processing /home/airflow/.local/lib/python3.12/site-packages/airflow/example_dags/example_nested_branch_dag.py took 0.039 seconds
[2024-05-03T17:24:23.834+0000] {processor.py:161} INFO - Started process (PID=5935) to work on /home/airflow/.local/lib/python3.12/site-packages/airflow/example_dags/example_nested_branch_dag.py
[2024-05-03T17:24:23.834+0000] {processor.py:830} INFO - Processing file /home/airflow/.local/lib/python3.12/site-packages/airflow/example_dags/example_nested_branch_dag.py for tasks to queue
[2024-05-03T17:24:23.835+0000] {logging_mixin.py:188} INFO - [2024-05-03T17:24:23.835+0000] {dagbag.py:540} INFO - Filling up the DagBag from /home/airflow/.local/lib/python3.12/site-packages/airflow/example_dags/example_nested_branch_dag.py
[2024-05-03T17:24:23.840+0000] {processor.py:840} INFO - DAG(s) 'example_nested_branch_dag' retrieved from /home/airflow/.local/lib/python3.12/site-packages/airflow/example_dags/example_nested_branch_dag.py
[2024-05-03T17:24:23.851+0000] {logging_mixin.py:188} INFO - [2024-05-03T17:24:23.851+0000] {dag.py:3096} INFO - Sync 1 DAGs
[2024-05-03T17:24:23.861+0000] {logging_mixin.py:188} INFO - [2024-05-03T17:24:23.861+0000] {dag.py:3954} INFO - Setting next_dagrun for example_nested_branch_dag to 2024-05-02 00:00:00+00:00, run_after=2024-05-03 00:00:00+00:00
[2024-05-03T17:24:23.870+0000] {processor.py:183} INFO - Processing /home/airflow/.local/lib/python3.12/site-packages/airflow/example_dags/example_nested_branch_dag.py took 0.039 seconds
[2024-05-03T17:24:54.219+0000] {processor.py:161} INFO - Started process (PID=6197) to work on /home/airflow/.local/lib/python3.12/site-packages/airflow/example_dags/example_nested_branch_dag.py
[2024-05-03T17:24:54.220+0000] {processor.py:830} INFO - Processing file /home/airflow/.local/lib/python3.12/site-packages/airflow/example_dags/example_nested_branch_dag.py for tasks to queue
[2024-05-03T17:24:54.220+0000] {logging_mixin.py:188} INFO - [2024-05-03T17:24:54.220+0000] {dagbag.py:540} INFO - Filling up the DagBag from /home/airflow/.local/lib/python3.12/site-packages/airflow/example_dags/example_nested_branch_dag.py
[2024-05-03T17:24:54.225+0000] {processor.py:840} INFO - DAG(s) 'example_nested_branch_dag' retrieved from /home/airflow/.local/lib/python3.12/site-packages/airflow/example_dags/example_nested_branch_dag.py
[2024-05-03T17:24:54.236+0000] {logging_mixin.py:188} INFO - [2024-05-03T17:24:54.236+0000] {dag.py:3096} INFO - Sync 1 DAGs
[2024-05-03T17:24:54.247+0000] {logging_mixin.py:188} INFO - [2024-05-03T17:24:54.246+0000] {dag.py:3954} INFO - Setting next_dagrun for example_nested_branch_dag to 2024-05-02 00:00:00+00:00, run_after=2024-05-03 00:00:00+00:00
[2024-05-03T17:24:54.255+0000] {processor.py:183} INFO - Processing /home/airflow/.local/lib/python3.12/site-packages/airflow/example_dags/example_nested_branch_dag.py took 0.039 seconds
[2024-05-03T17:25:24.513+0000] {processor.py:161} INFO - Started process (PID=6459) to work on /home/airflow/.local/lib/python3.12/site-packages/airflow/example_dags/example_nested_branch_dag.py
[2024-05-03T17:25:24.514+0000] {processor.py:830} INFO - Processing file /home/airflow/.local/lib/python3.12/site-packages/airflow/example_dags/example_nested_branch_dag.py for tasks to queue
[2024-05-03T17:25:24.515+0000] {logging_mixin.py:188} INFO - [2024-05-03T17:25:24.515+0000] {dagbag.py:540} INFO - Filling up the DagBag from /home/airflow/.local/lib/python3.12/site-packages/airflow/example_dags/example_nested_branch_dag.py
[2024-05-03T17:25:24.520+0000] {processor.py:840} INFO - DAG(s) 'example_nested_branch_dag' retrieved from /home/airflow/.local/lib/python3.12/site-packages/airflow/example_dags/example_nested_branch_dag.py
[2024-05-03T17:25:24.531+0000] {logging_mixin.py:188} INFO - [2024-05-03T17:25:24.531+0000] {dag.py:3096} INFO - Sync 1 DAGs
[2024-05-03T17:25:24.541+0000] {logging_mixin.py:188} INFO - [2024-05-03T17:25:24.541+0000] {dag.py:3954} INFO - Setting next_dagrun for example_nested_branch_dag to 2024-05-02 00:00:00+00:00, run_after=2024-05-03 00:00:00+00:00
[2024-05-03T17:25:24.550+0000] {processor.py:183} INFO - Processing /home/airflow/.local/lib/python3.12/site-packages/airflow/example_dags/example_nested_branch_dag.py took 0.041 seconds
[2024-05-03T17:25:54.738+0000] {processor.py:161} INFO - Started process (PID=6721) to work on /home/airflow/.local/lib/python3.12/site-packages/airflow/example_dags/example_nested_branch_dag.py
[2024-05-03T17:25:54.739+0000] {processor.py:830} INFO - Processing file /home/airflow/.local/lib/python3.12/site-packages/airflow/example_dags/example_nested_branch_dag.py for tasks to queue
[2024-05-03T17:25:54.740+0000] {logging_mixin.py:188} INFO - [2024-05-03T17:25:54.740+0000] {dagbag.py:540} INFO - Filling up the DagBag from /home/airflow/.local/lib/python3.12/site-packages/airflow/example_dags/example_nested_branch_dag.py
[2024-05-03T17:25:54.745+0000] {processor.py:840} INFO - DAG(s) 'example_nested_branch_dag' retrieved from /home/airflow/.local/lib/python3.12/site-packages/airflow/example_dags/example_nested_branch_dag.py
[2024-05-03T17:25:54.756+0000] {logging_mixin.py:188} INFO - [2024-05-03T17:25:54.756+0000] {dag.py:3096} INFO - Sync 1 DAGs
[2024-05-03T17:25:54.767+0000] {logging_mixin.py:188} INFO - [2024-05-03T17:25:54.767+0000] {dag.py:3954} INFO - Setting next_dagrun for example_nested_branch_dag to 2024-05-02 00:00:00+00:00, run_after=2024-05-03 00:00:00+00:00
[2024-05-03T17:25:54.774+0000] {processor.py:183} INFO - Processing /home/airflow/.local/lib/python3.12/site-packages/airflow/example_dags/example_nested_branch_dag.py took 0.039 seconds
[2024-05-03T17:26:25.091+0000] {processor.py:161} INFO - Started process (PID=6983) to work on /home/airflow/.local/lib/python3.12/site-packages/airflow/example_dags/example_nested_branch_dag.py
[2024-05-03T17:26:25.092+0000] {processor.py:830} INFO - Processing file /home/airflow/.local/lib/python3.12/site-packages/airflow/example_dags/example_nested_branch_dag.py for tasks to queue
[2024-05-03T17:26:25.093+0000] {logging_mixin.py:188} INFO - [2024-05-03T17:26:25.093+0000] {dagbag.py:540} INFO - Filling up the DagBag from /home/airflow/.local/lib/python3.12/site-packages/airflow/example_dags/example_nested_branch_dag.py
[2024-05-03T17:26:25.098+0000] {processor.py:840} INFO - DAG(s) 'example_nested_branch_dag' retrieved from /home/airflow/.local/lib/python3.12/site-packages/airflow/example_dags/example_nested_branch_dag.py
[2024-05-03T17:26:25.109+0000] {logging_mixin.py:188} INFO - [2024-05-03T17:26:25.109+0000] {dag.py:3096} INFO - Sync 1 DAGs
[2024-05-03T17:26:25.209+0000] {logging_mixin.py:188} INFO - [2024-05-03T17:26:25.209+0000] {dag.py:3954} INFO - Setting next_dagrun for example_nested_branch_dag to 2024-05-02 00:00:00+00:00, run_after=2024-05-03 00:00:00+00:00
[2024-05-03T17:26:25.217+0000] {processor.py:183} INFO - Processing /home/airflow/.local/lib/python3.12/site-packages/airflow/example_dags/example_nested_branch_dag.py took 0.129 seconds
[2024-05-03T17:26:55.489+0000] {processor.py:161} INFO - Started process (PID=7245) to work on /home/airflow/.local/lib/python3.12/site-packages/airflow/example_dags/example_nested_branch_dag.py
[2024-05-03T17:26:55.489+0000] {processor.py:830} INFO - Processing file /home/airflow/.local/lib/python3.12/site-packages/airflow/example_dags/example_nested_branch_dag.py for tasks to queue
[2024-05-03T17:26:55.490+0000] {logging_mixin.py:188} INFO - [2024-05-03T17:26:55.490+0000] {dagbag.py:540} INFO - Filling up the DagBag from /home/airflow/.local/lib/python3.12/site-packages/airflow/example_dags/example_nested_branch_dag.py
[2024-05-03T17:26:55.495+0000] {processor.py:840} INFO - DAG(s) 'example_nested_branch_dag' retrieved from /home/airflow/.local/lib/python3.12/site-packages/airflow/example_dags/example_nested_branch_dag.py
[2024-05-03T17:26:55.506+0000] {logging_mixin.py:188} INFO - [2024-05-03T17:26:55.506+0000] {dag.py:3096} INFO - Sync 1 DAGs
[2024-05-03T17:26:55.606+0000] {logging_mixin.py:188} INFO - [2024-05-03T17:26:55.606+0000] {dag.py:3954} INFO - Setting next_dagrun for example_nested_branch_dag to 2024-05-02 00:00:00+00:00, run_after=2024-05-03 00:00:00+00:00
[2024-05-03T17:26:55.615+0000] {processor.py:183} INFO - Processing /home/airflow/.local/lib/python3.12/site-packages/airflow/example_dags/example_nested_branch_dag.py took 0.129 seconds
