[2024-05-03T17:13:15.222+0000] {processor.py:161} INFO - Started process (PID=268) to work on /home/airflow/.local/lib/python3.12/site-packages/airflow/example_dags/example_xcom.py
[2024-05-03T17:13:15.223+0000] {processor.py:830} INFO - Processing file /home/airflow/.local/lib/python3.12/site-packages/airflow/example_dags/example_xcom.py for tasks to queue
[2024-05-03T17:13:15.224+0000] {logging_mixin.py:188} INFO - [2024-05-03T17:13:15.224+0000] {dagbag.py:540} INFO - Filling up the DagBag from /home/airflow/.local/lib/python3.12/site-packages/airflow/example_dags/example_xcom.py
[2024-05-03T17:13:15.228+0000] {processor.py:840} INFO - DAG(s) 'example_xcom' retrieved from /home/airflow/.local/lib/python3.12/site-packages/airflow/example_dags/example_xcom.py
[2024-05-03T17:13:15.235+0000] {logging_mixin.py:188} INFO - [2024-05-03T17:13:15.235+0000] {dag.py:3096} INFO - Sync 1 DAGs
[2024-05-03T17:13:15.246+0000] {logging_mixin.py:188} INFO - [2024-05-03T17:13:15.246+0000] {dag.py:3954} INFO - Setting next_dagrun for example_xcom to 2021-01-01 00:00:00+00:00, run_after=2021-01-01 00:00:00+00:00
[2024-05-03T17:13:15.258+0000] {processor.py:183} INFO - Processing /home/airflow/.local/lib/python3.12/site-packages/airflow/example_dags/example_xcom.py took 0.039 seconds
[2024-05-03T17:13:46.391+0000] {processor.py:161} INFO - Started process (PID=530) to work on /home/airflow/.local/lib/python3.12/site-packages/airflow/example_dags/example_xcom.py
[2024-05-03T17:13:46.392+0000] {processor.py:830} INFO - Processing file /home/airflow/.local/lib/python3.12/site-packages/airflow/example_dags/example_xcom.py for tasks to queue
[2024-05-03T17:13:46.393+0000] {logging_mixin.py:188} INFO - [2024-05-03T17:13:46.393+0000] {dagbag.py:540} INFO - Filling up the DagBag from /home/airflow/.local/lib/python3.12/site-packages/airflow/example_dags/example_xcom.py
[2024-05-03T17:13:46.397+0000] {processor.py:840} INFO - DAG(s) 'example_xcom' retrieved from /home/airflow/.local/lib/python3.12/site-packages/airflow/example_dags/example_xcom.py
[2024-05-03T17:13:46.447+0000] {logging_mixin.py:188} INFO - [2024-05-03T17:13:46.447+0000] {dag.py:3096} INFO - Sync 1 DAGs
[2024-05-03T17:13:46.456+0000] {logging_mixin.py:188} INFO - [2024-05-03T17:13:46.456+0000] {dag.py:3954} INFO - Setting next_dagrun for example_xcom to 2021-01-01 00:00:00+00:00, run_after=2021-01-01 00:00:00+00:00
[2024-05-03T17:13:46.464+0000] {processor.py:183} INFO - Processing /home/airflow/.local/lib/python3.12/site-packages/airflow/example_dags/example_xcom.py took 0.076 seconds
[2024-05-03T17:14:17.125+0000] {processor.py:161} INFO - Started process (PID=792) to work on /home/airflow/.local/lib/python3.12/site-packages/airflow/example_dags/example_xcom.py
[2024-05-03T17:14:17.126+0000] {processor.py:830} INFO - Processing file /home/airflow/.local/lib/python3.12/site-packages/airflow/example_dags/example_xcom.py for tasks to queue
[2024-05-03T17:14:17.127+0000] {logging_mixin.py:188} INFO - [2024-05-03T17:14:17.126+0000] {dagbag.py:540} INFO - Filling up the DagBag from /home/airflow/.local/lib/python3.12/site-packages/airflow/example_dags/example_xcom.py
[2024-05-03T17:14:17.130+0000] {processor.py:840} INFO - DAG(s) 'example_xcom' retrieved from /home/airflow/.local/lib/python3.12/site-packages/airflow/example_dags/example_xcom.py
[2024-05-03T17:14:17.141+0000] {logging_mixin.py:188} INFO - [2024-05-03T17:14:17.141+0000] {dag.py:3096} INFO - Sync 1 DAGs
[2024-05-03T17:14:17.150+0000] {logging_mixin.py:188} INFO - [2024-05-03T17:14:17.150+0000] {dag.py:3954} INFO - Setting next_dagrun for example_xcom to 2021-01-01 00:00:00+00:00, run_after=2021-01-01 00:00:00+00:00
[2024-05-03T17:14:17.159+0000] {processor.py:183} INFO - Processing /home/airflow/.local/lib/python3.12/site-packages/airflow/example_dags/example_xcom.py took 0.037 seconds
[2024-05-03T17:14:47.811+0000] {processor.py:161} INFO - Started process (PID=1054) to work on /home/airflow/.local/lib/python3.12/site-packages/airflow/example_dags/example_xcom.py
[2024-05-03T17:14:47.812+0000] {processor.py:830} INFO - Processing file /home/airflow/.local/lib/python3.12/site-packages/airflow/example_dags/example_xcom.py for tasks to queue
[2024-05-03T17:14:47.813+0000] {logging_mixin.py:188} INFO - [2024-05-03T17:14:47.812+0000] {dagbag.py:540} INFO - Filling up the DagBag from /home/airflow/.local/lib/python3.12/site-packages/airflow/example_dags/example_xcom.py
[2024-05-03T17:14:47.816+0000] {processor.py:840} INFO - DAG(s) 'example_xcom' retrieved from /home/airflow/.local/lib/python3.12/site-packages/airflow/example_dags/example_xcom.py
[2024-05-03T17:14:47.826+0000] {logging_mixin.py:188} INFO - [2024-05-03T17:14:47.826+0000] {dag.py:3096} INFO - Sync 1 DAGs
[2024-05-03T17:14:47.835+0000] {logging_mixin.py:188} INFO - [2024-05-03T17:14:47.834+0000] {dag.py:3954} INFO - Setting next_dagrun for example_xcom to 2021-01-01 00:00:00+00:00, run_after=2021-01-01 00:00:00+00:00
[2024-05-03T17:14:47.843+0000] {processor.py:183} INFO - Processing /home/airflow/.local/lib/python3.12/site-packages/airflow/example_dags/example_xcom.py took 0.035 seconds
[2024-05-03T17:15:18.762+0000] {processor.py:161} INFO - Started process (PID=1316) to work on /home/airflow/.local/lib/python3.12/site-packages/airflow/example_dags/example_xcom.py
[2024-05-03T17:15:18.764+0000] {processor.py:830} INFO - Processing file /home/airflow/.local/lib/python3.12/site-packages/airflow/example_dags/example_xcom.py for tasks to queue
[2024-05-03T17:15:18.768+0000] {logging_mixin.py:188} INFO - [2024-05-03T17:15:18.768+0000] {dagbag.py:540} INFO - Filling up the DagBag from /home/airflow/.local/lib/python3.12/site-packages/airflow/example_dags/example_xcom.py
[2024-05-03T17:15:18.773+0000] {processor.py:840} INFO - DAG(s) 'example_xcom' retrieved from /home/airflow/.local/lib/python3.12/site-packages/airflow/example_dags/example_xcom.py
[2024-05-03T17:15:18.786+0000] {logging_mixin.py:188} INFO - [2024-05-03T17:15:18.786+0000] {dag.py:3096} INFO - Sync 1 DAGs
[2024-05-03T17:15:18.797+0000] {logging_mixin.py:188} INFO - [2024-05-03T17:15:18.797+0000] {dag.py:3954} INFO - Setting next_dagrun for example_xcom to 2021-01-01 00:00:00+00:00, run_after=2021-01-01 00:00:00+00:00
[2024-05-03T17:15:18.807+0000] {processor.py:183} INFO - Processing /home/airflow/.local/lib/python3.12/site-packages/airflow/example_dags/example_xcom.py took 0.048 seconds
[2024-05-03T17:15:48.894+0000] {processor.py:161} INFO - Started process (PID=1580) to work on /home/airflow/.local/lib/python3.12/site-packages/airflow/example_dags/example_xcom.py
[2024-05-03T17:15:48.894+0000] {processor.py:830} INFO - Processing file /home/airflow/.local/lib/python3.12/site-packages/airflow/example_dags/example_xcom.py for tasks to queue
[2024-05-03T17:15:48.895+0000] {logging_mixin.py:188} INFO - [2024-05-03T17:15:48.895+0000] {dagbag.py:540} INFO - Filling up the DagBag from /home/airflow/.local/lib/python3.12/site-packages/airflow/example_dags/example_xcom.py
[2024-05-03T17:15:48.899+0000] {processor.py:840} INFO - DAG(s) 'example_xcom' retrieved from /home/airflow/.local/lib/python3.12/site-packages/airflow/example_dags/example_xcom.py
[2024-05-03T17:15:48.910+0000] {logging_mixin.py:188} INFO - [2024-05-03T17:15:48.910+0000] {dag.py:3096} INFO - Sync 1 DAGs
[2024-05-03T17:15:48.919+0000] {logging_mixin.py:188} INFO - [2024-05-03T17:15:48.919+0000] {dag.py:3954} INFO - Setting next_dagrun for example_xcom to 2021-01-01 00:00:00+00:00, run_after=2021-01-01 00:00:00+00:00
[2024-05-03T17:15:48.928+0000] {processor.py:183} INFO - Processing /home/airflow/.local/lib/python3.12/site-packages/airflow/example_dags/example_xcom.py took 0.037 seconds
[2024-05-03T17:16:19.703+0000] {processor.py:161} INFO - Started process (PID=1842) to work on /home/airflow/.local/lib/python3.12/site-packages/airflow/example_dags/example_xcom.py
[2024-05-03T17:16:19.704+0000] {processor.py:830} INFO - Processing file /home/airflow/.local/lib/python3.12/site-packages/airflow/example_dags/example_xcom.py for tasks to queue
[2024-05-03T17:16:19.704+0000] {logging_mixin.py:188} INFO - [2024-05-03T17:16:19.704+0000] {dagbag.py:540} INFO - Filling up the DagBag from /home/airflow/.local/lib/python3.12/site-packages/airflow/example_dags/example_xcom.py
[2024-05-03T17:16:19.708+0000] {processor.py:840} INFO - DAG(s) 'example_xcom' retrieved from /home/airflow/.local/lib/python3.12/site-packages/airflow/example_dags/example_xcom.py
[2024-05-03T17:16:19.719+0000] {logging_mixin.py:188} INFO - [2024-05-03T17:16:19.719+0000] {dag.py:3096} INFO - Sync 1 DAGs
[2024-05-03T17:16:19.729+0000] {logging_mixin.py:188} INFO - [2024-05-03T17:16:19.729+0000] {dag.py:3954} INFO - Setting next_dagrun for example_xcom to 2021-01-01 00:00:00+00:00, run_after=2021-01-01 00:00:00+00:00
[2024-05-03T17:16:19.737+0000] {processor.py:183} INFO - Processing /home/airflow/.local/lib/python3.12/site-packages/airflow/example_dags/example_xcom.py took 0.037 seconds
[2024-05-03T17:16:50.559+0000] {processor.py:161} INFO - Started process (PID=2104) to work on /home/airflow/.local/lib/python3.12/site-packages/airflow/example_dags/example_xcom.py
[2024-05-03T17:16:50.560+0000] {processor.py:830} INFO - Processing file /home/airflow/.local/lib/python3.12/site-packages/airflow/example_dags/example_xcom.py for tasks to queue
[2024-05-03T17:16:50.561+0000] {logging_mixin.py:188} INFO - [2024-05-03T17:16:50.561+0000] {dagbag.py:540} INFO - Filling up the DagBag from /home/airflow/.local/lib/python3.12/site-packages/airflow/example_dags/example_xcom.py
[2024-05-03T17:16:50.565+0000] {processor.py:840} INFO - DAG(s) 'example_xcom' retrieved from /home/airflow/.local/lib/python3.12/site-packages/airflow/example_dags/example_xcom.py
[2024-05-03T17:16:50.576+0000] {logging_mixin.py:188} INFO - [2024-05-03T17:16:50.576+0000] {dag.py:3096} INFO - Sync 1 DAGs
[2024-05-03T17:16:50.586+0000] {logging_mixin.py:188} INFO - [2024-05-03T17:16:50.585+0000] {dag.py:3954} INFO - Setting next_dagrun for example_xcom to 2021-01-01 00:00:00+00:00, run_after=2021-01-01 00:00:00+00:00
[2024-05-03T17:16:50.596+0000] {processor.py:183} INFO - Processing /home/airflow/.local/lib/python3.12/site-packages/airflow/example_dags/example_xcom.py took 0.040 seconds
[2024-05-03T17:17:20.662+0000] {processor.py:161} INFO - Started process (PID=2364) to work on /home/airflow/.local/lib/python3.12/site-packages/airflow/example_dags/example_xcom.py
[2024-05-03T17:17:20.663+0000] {processor.py:830} INFO - Processing file /home/airflow/.local/lib/python3.12/site-packages/airflow/example_dags/example_xcom.py for tasks to queue
[2024-05-03T17:17:20.664+0000] {logging_mixin.py:188} INFO - [2024-05-03T17:17:20.664+0000] {dagbag.py:540} INFO - Filling up the DagBag from /home/airflow/.local/lib/python3.12/site-packages/airflow/example_dags/example_xcom.py
[2024-05-03T17:17:20.668+0000] {processor.py:840} INFO - DAG(s) 'example_xcom' retrieved from /home/airflow/.local/lib/python3.12/site-packages/airflow/example_dags/example_xcom.py
[2024-05-03T17:17:20.680+0000] {logging_mixin.py:188} INFO - [2024-05-03T17:17:20.680+0000] {dag.py:3096} INFO - Sync 1 DAGs
[2024-05-03T17:17:20.689+0000] {logging_mixin.py:188} INFO - [2024-05-03T17:17:20.689+0000] {dag.py:3954} INFO - Setting next_dagrun for example_xcom to 2021-01-01 00:00:00+00:00, run_after=2021-01-01 00:00:00+00:00
[2024-05-03T17:17:20.700+0000] {processor.py:183} INFO - Processing /home/airflow/.local/lib/python3.12/site-packages/airflow/example_dags/example_xcom.py took 0.041 seconds
[2024-05-03T17:17:51.572+0000] {processor.py:161} INFO - Started process (PID=2626) to work on /home/airflow/.local/lib/python3.12/site-packages/airflow/example_dags/example_xcom.py
[2024-05-03T17:17:51.572+0000] {processor.py:830} INFO - Processing file /home/airflow/.local/lib/python3.12/site-packages/airflow/example_dags/example_xcom.py for tasks to queue
[2024-05-03T17:17:51.573+0000] {logging_mixin.py:188} INFO - [2024-05-03T17:17:51.573+0000] {dagbag.py:540} INFO - Filling up the DagBag from /home/airflow/.local/lib/python3.12/site-packages/airflow/example_dags/example_xcom.py
[2024-05-03T17:17:51.577+0000] {processor.py:840} INFO - DAG(s) 'example_xcom' retrieved from /home/airflow/.local/lib/python3.12/site-packages/airflow/example_dags/example_xcom.py
[2024-05-03T17:17:51.589+0000] {logging_mixin.py:188} INFO - [2024-05-03T17:17:51.589+0000] {dag.py:3096} INFO - Sync 1 DAGs
[2024-05-03T17:17:51.599+0000] {logging_mixin.py:188} INFO - [2024-05-03T17:17:51.599+0000] {dag.py:3954} INFO - Setting next_dagrun for example_xcom to 2021-01-01 00:00:00+00:00, run_after=2021-01-01 00:00:00+00:00
[2024-05-03T17:17:51.609+0000] {processor.py:183} INFO - Processing /home/airflow/.local/lib/python3.12/site-packages/airflow/example_dags/example_xcom.py took 0.040 seconds
[2024-05-03T17:18:21.845+0000] {processor.py:161} INFO - Started process (PID=2887) to work on /home/airflow/.local/lib/python3.12/site-packages/airflow/example_dags/example_xcom.py
[2024-05-03T17:18:21.845+0000] {processor.py:830} INFO - Processing file /home/airflow/.local/lib/python3.12/site-packages/airflow/example_dags/example_xcom.py for tasks to queue
[2024-05-03T17:18:21.847+0000] {logging_mixin.py:188} INFO - [2024-05-03T17:18:21.846+0000] {dagbag.py:540} INFO - Filling up the DagBag from /home/airflow/.local/lib/python3.12/site-packages/airflow/example_dags/example_xcom.py
[2024-05-03T17:18:21.851+0000] {processor.py:840} INFO - DAG(s) 'example_xcom' retrieved from /home/airflow/.local/lib/python3.12/site-packages/airflow/example_dags/example_xcom.py
[2024-05-03T17:18:21.862+0000] {logging_mixin.py:188} INFO - [2024-05-03T17:18:21.862+0000] {dag.py:3096} INFO - Sync 1 DAGs
[2024-05-03T17:18:21.874+0000] {logging_mixin.py:188} INFO - [2024-05-03T17:18:21.874+0000] {dag.py:3954} INFO - Setting next_dagrun for example_xcom to 2021-01-01 00:00:00+00:00, run_after=2021-01-01 00:00:00+00:00
[2024-05-03T17:18:21.887+0000] {processor.py:183} INFO - Processing /home/airflow/.local/lib/python3.12/site-packages/airflow/example_dags/example_xcom.py took 0.045 seconds
[2024-05-03T17:18:51.942+0000] {processor.py:161} INFO - Started process (PID=3149) to work on /home/airflow/.local/lib/python3.12/site-packages/airflow/example_dags/example_xcom.py
[2024-05-03T17:18:51.943+0000] {processor.py:830} INFO - Processing file /home/airflow/.local/lib/python3.12/site-packages/airflow/example_dags/example_xcom.py for tasks to queue
[2024-05-03T17:18:51.944+0000] {logging_mixin.py:188} INFO - [2024-05-03T17:18:51.944+0000] {dagbag.py:540} INFO - Filling up the DagBag from /home/airflow/.local/lib/python3.12/site-packages/airflow/example_dags/example_xcom.py
[2024-05-03T17:18:51.948+0000] {processor.py:840} INFO - DAG(s) 'example_xcom' retrieved from /home/airflow/.local/lib/python3.12/site-packages/airflow/example_dags/example_xcom.py
[2024-05-03T17:18:51.955+0000] {logging_mixin.py:188} INFO - [2024-05-03T17:18:51.954+0000] {dag.py:3096} INFO - Sync 1 DAGs
[2024-05-03T17:18:51.967+0000] {logging_mixin.py:188} INFO - [2024-05-03T17:18:51.967+0000] {dag.py:3954} INFO - Setting next_dagrun for example_xcom to 2021-01-01 00:00:00+00:00, run_after=2021-01-01 00:00:00+00:00
[2024-05-03T17:18:51.975+0000] {processor.py:183} INFO - Processing /home/airflow/.local/lib/python3.12/site-packages/airflow/example_dags/example_xcom.py took 0.036 seconds
[2024-05-03T17:19:22.710+0000] {processor.py:161} INFO - Started process (PID=3410) to work on /home/airflow/.local/lib/python3.12/site-packages/airflow/example_dags/example_xcom.py
[2024-05-03T17:19:22.711+0000] {processor.py:830} INFO - Processing file /home/airflow/.local/lib/python3.12/site-packages/airflow/example_dags/example_xcom.py for tasks to queue
[2024-05-03T17:19:22.712+0000] {logging_mixin.py:188} INFO - [2024-05-03T17:19:22.712+0000] {dagbag.py:540} INFO - Filling up the DagBag from /home/airflow/.local/lib/python3.12/site-packages/airflow/example_dags/example_xcom.py
[2024-05-03T17:19:22.716+0000] {processor.py:840} INFO - DAG(s) 'example_xcom' retrieved from /home/airflow/.local/lib/python3.12/site-packages/airflow/example_dags/example_xcom.py
[2024-05-03T17:19:22.765+0000] {logging_mixin.py:188} INFO - [2024-05-03T17:19:22.765+0000] {dag.py:3096} INFO - Sync 1 DAGs
[2024-05-03T17:19:22.775+0000] {logging_mixin.py:188} INFO - [2024-05-03T17:19:22.775+0000] {dag.py:3954} INFO - Setting next_dagrun for example_xcom to 2021-01-01 00:00:00+00:00, run_after=2021-01-01 00:00:00+00:00
[2024-05-03T17:19:22.786+0000] {processor.py:183} INFO - Processing /home/airflow/.local/lib/python3.12/site-packages/airflow/example_dags/example_xcom.py took 0.078 seconds
[2024-05-03T17:19:53.109+0000] {processor.py:161} INFO - Started process (PID=3672) to work on /home/airflow/.local/lib/python3.12/site-packages/airflow/example_dags/example_xcom.py
[2024-05-03T17:19:53.109+0000] {processor.py:830} INFO - Processing file /home/airflow/.local/lib/python3.12/site-packages/airflow/example_dags/example_xcom.py for tasks to queue
[2024-05-03T17:19:53.110+0000] {logging_mixin.py:188} INFO - [2024-05-03T17:19:53.110+0000] {dagbag.py:540} INFO - Filling up the DagBag from /home/airflow/.local/lib/python3.12/site-packages/airflow/example_dags/example_xcom.py
[2024-05-03T17:19:53.114+0000] {processor.py:840} INFO - DAG(s) 'example_xcom' retrieved from /home/airflow/.local/lib/python3.12/site-packages/airflow/example_dags/example_xcom.py
[2024-05-03T17:19:53.124+0000] {logging_mixin.py:188} INFO - [2024-05-03T17:19:53.124+0000] {dag.py:3096} INFO - Sync 1 DAGs
[2024-05-03T17:19:53.135+0000] {logging_mixin.py:188} INFO - [2024-05-03T17:19:53.135+0000] {dag.py:3954} INFO - Setting next_dagrun for example_xcom to 2021-01-01 00:00:00+00:00, run_after=2021-01-01 00:00:00+00:00
[2024-05-03T17:19:53.143+0000] {processor.py:183} INFO - Processing /home/airflow/.local/lib/python3.12/site-packages/airflow/example_dags/example_xcom.py took 0.037 seconds
[2024-05-03T17:20:23.221+0000] {processor.py:161} INFO - Started process (PID=3934) to work on /home/airflow/.local/lib/python3.12/site-packages/airflow/example_dags/example_xcom.py
[2024-05-03T17:20:23.221+0000] {processor.py:830} INFO - Processing file /home/airflow/.local/lib/python3.12/site-packages/airflow/example_dags/example_xcom.py for tasks to queue
[2024-05-03T17:20:23.222+0000] {logging_mixin.py:188} INFO - [2024-05-03T17:20:23.222+0000] {dagbag.py:540} INFO - Filling up the DagBag from /home/airflow/.local/lib/python3.12/site-packages/airflow/example_dags/example_xcom.py
[2024-05-03T17:20:23.226+0000] {processor.py:840} INFO - DAG(s) 'example_xcom' retrieved from /home/airflow/.local/lib/python3.12/site-packages/airflow/example_dags/example_xcom.py
[2024-05-03T17:20:23.237+0000] {logging_mixin.py:188} INFO - [2024-05-03T17:20:23.236+0000] {dag.py:3096} INFO - Sync 1 DAGs
[2024-05-03T17:20:23.247+0000] {logging_mixin.py:188} INFO - [2024-05-03T17:20:23.247+0000] {dag.py:3954} INFO - Setting next_dagrun for example_xcom to 2021-01-01 00:00:00+00:00, run_after=2021-01-01 00:00:00+00:00
[2024-05-03T17:20:23.256+0000] {processor.py:183} INFO - Processing /home/airflow/.local/lib/python3.12/site-packages/airflow/example_dags/example_xcom.py took 0.039 seconds
[2024-05-03T17:20:53.313+0000] {processor.py:161} INFO - Started process (PID=4196) to work on /home/airflow/.local/lib/python3.12/site-packages/airflow/example_dags/example_xcom.py
[2024-05-03T17:20:53.314+0000] {processor.py:830} INFO - Processing file /home/airflow/.local/lib/python3.12/site-packages/airflow/example_dags/example_xcom.py for tasks to queue
[2024-05-03T17:20:53.315+0000] {logging_mixin.py:188} INFO - [2024-05-03T17:20:53.315+0000] {dagbag.py:540} INFO - Filling up the DagBag from /home/airflow/.local/lib/python3.12/site-packages/airflow/example_dags/example_xcom.py
[2024-05-03T17:20:53.319+0000] {processor.py:840} INFO - DAG(s) 'example_xcom' retrieved from /home/airflow/.local/lib/python3.12/site-packages/airflow/example_dags/example_xcom.py
[2024-05-03T17:20:53.329+0000] {logging_mixin.py:188} INFO - [2024-05-03T17:20:53.329+0000] {dag.py:3096} INFO - Sync 1 DAGs
[2024-05-03T17:20:53.338+0000] {logging_mixin.py:188} INFO - [2024-05-03T17:20:53.338+0000] {dag.py:3954} INFO - Setting next_dagrun for example_xcom to 2021-01-01 00:00:00+00:00, run_after=2021-01-01 00:00:00+00:00
[2024-05-03T17:20:53.346+0000] {processor.py:183} INFO - Processing /home/airflow/.local/lib/python3.12/site-packages/airflow/example_dags/example_xcom.py took 0.036 seconds
[2024-05-03T17:21:24.319+0000] {processor.py:161} INFO - Started process (PID=4460) to work on /home/airflow/.local/lib/python3.12/site-packages/airflow/example_dags/example_xcom.py
[2024-05-03T17:21:24.319+0000] {processor.py:830} INFO - Processing file /home/airflow/.local/lib/python3.12/site-packages/airflow/example_dags/example_xcom.py for tasks to queue
[2024-05-03T17:21:24.320+0000] {logging_mixin.py:188} INFO - [2024-05-03T17:21:24.320+0000] {dagbag.py:540} INFO - Filling up the DagBag from /home/airflow/.local/lib/python3.12/site-packages/airflow/example_dags/example_xcom.py
[2024-05-03T17:21:24.324+0000] {processor.py:840} INFO - DAG(s) 'example_xcom' retrieved from /home/airflow/.local/lib/python3.12/site-packages/airflow/example_dags/example_xcom.py
[2024-05-03T17:21:24.334+0000] {logging_mixin.py:188} INFO - [2024-05-03T17:21:24.334+0000] {dag.py:3096} INFO - Sync 1 DAGs
[2024-05-03T17:21:24.343+0000] {logging_mixin.py:188} INFO - [2024-05-03T17:21:24.343+0000] {dag.py:3954} INFO - Setting next_dagrun for example_xcom to 2021-01-01 00:00:00+00:00, run_after=2021-01-01 00:00:00+00:00
[2024-05-03T17:21:24.350+0000] {processor.py:183} INFO - Processing /home/airflow/.local/lib/python3.12/site-packages/airflow/example_dags/example_xcom.py took 0.034 seconds
[2024-05-03T17:21:54.562+0000] {processor.py:161} INFO - Started process (PID=4722) to work on /home/airflow/.local/lib/python3.12/site-packages/airflow/example_dags/example_xcom.py
[2024-05-03T17:21:54.563+0000] {processor.py:830} INFO - Processing file /home/airflow/.local/lib/python3.12/site-packages/airflow/example_dags/example_xcom.py for tasks to queue
[2024-05-03T17:21:54.564+0000] {logging_mixin.py:188} INFO - [2024-05-03T17:21:54.563+0000] {dagbag.py:540} INFO - Filling up the DagBag from /home/airflow/.local/lib/python3.12/site-packages/airflow/example_dags/example_xcom.py
[2024-05-03T17:21:54.568+0000] {processor.py:840} INFO - DAG(s) 'example_xcom' retrieved from /home/airflow/.local/lib/python3.12/site-packages/airflow/example_dags/example_xcom.py
[2024-05-03T17:21:54.578+0000] {logging_mixin.py:188} INFO - [2024-05-03T17:21:54.578+0000] {dag.py:3096} INFO - Sync 1 DAGs
[2024-05-03T17:21:54.588+0000] {logging_mixin.py:188} INFO - [2024-05-03T17:21:54.588+0000] {dag.py:3954} INFO - Setting next_dagrun for example_xcom to 2021-01-01 00:00:00+00:00, run_after=2021-01-01 00:00:00+00:00
[2024-05-03T17:21:54.596+0000] {processor.py:183} INFO - Processing /home/airflow/.local/lib/python3.12/site-packages/airflow/example_dags/example_xcom.py took 0.037 seconds
[2024-05-03T17:22:24.789+0000] {processor.py:161} INFO - Started process (PID=4984) to work on /home/airflow/.local/lib/python3.12/site-packages/airflow/example_dags/example_xcom.py
[2024-05-03T17:22:24.789+0000] {processor.py:830} INFO - Processing file /home/airflow/.local/lib/python3.12/site-packages/airflow/example_dags/example_xcom.py for tasks to queue
[2024-05-03T17:22:24.790+0000] {logging_mixin.py:188} INFO - [2024-05-03T17:22:24.790+0000] {dagbag.py:540} INFO - Filling up the DagBag from /home/airflow/.local/lib/python3.12/site-packages/airflow/example_dags/example_xcom.py
[2024-05-03T17:22:24.794+0000] {processor.py:840} INFO - DAG(s) 'example_xcom' retrieved from /home/airflow/.local/lib/python3.12/site-packages/airflow/example_dags/example_xcom.py
[2024-05-03T17:22:24.804+0000] {logging_mixin.py:188} INFO - [2024-05-03T17:22:24.804+0000] {dag.py:3096} INFO - Sync 1 DAGs
[2024-05-03T17:22:24.814+0000] {logging_mixin.py:188} INFO - [2024-05-03T17:22:24.814+0000] {dag.py:3954} INFO - Setting next_dagrun for example_xcom to 2021-01-01 00:00:00+00:00, run_after=2021-01-01 00:00:00+00:00
[2024-05-03T17:22:24.822+0000] {processor.py:183} INFO - Processing /home/airflow/.local/lib/python3.12/site-packages/airflow/example_dags/example_xcom.py took 0.037 seconds
[2024-05-03T17:22:54.923+0000] {processor.py:161} INFO - Started process (PID=5244) to work on /home/airflow/.local/lib/python3.12/site-packages/airflow/example_dags/example_xcom.py
[2024-05-03T17:22:54.924+0000] {processor.py:830} INFO - Processing file /home/airflow/.local/lib/python3.12/site-packages/airflow/example_dags/example_xcom.py for tasks to queue
[2024-05-03T17:22:54.925+0000] {logging_mixin.py:188} INFO - [2024-05-03T17:22:54.925+0000] {dagbag.py:540} INFO - Filling up the DagBag from /home/airflow/.local/lib/python3.12/site-packages/airflow/example_dags/example_xcom.py
[2024-05-03T17:22:54.929+0000] {processor.py:840} INFO - DAG(s) 'example_xcom' retrieved from /home/airflow/.local/lib/python3.12/site-packages/airflow/example_dags/example_xcom.py
[2024-05-03T17:22:54.940+0000] {logging_mixin.py:188} INFO - [2024-05-03T17:22:54.939+0000] {dag.py:3096} INFO - Sync 1 DAGs
[2024-05-03T17:22:54.950+0000] {logging_mixin.py:188} INFO - [2024-05-03T17:22:54.949+0000] {dag.py:3954} INFO - Setting next_dagrun for example_xcom to 2021-01-01 00:00:00+00:00, run_after=2021-01-01 00:00:00+00:00
[2024-05-03T17:22:54.959+0000] {processor.py:183} INFO - Processing /home/airflow/.local/lib/python3.12/site-packages/airflow/example_dags/example_xcom.py took 0.038 seconds
[2024-05-03T17:23:25.091+0000] {processor.py:161} INFO - Started process (PID=5508) to work on /home/airflow/.local/lib/python3.12/site-packages/airflow/example_dags/example_xcom.py
[2024-05-03T17:23:25.092+0000] {processor.py:830} INFO - Processing file /home/airflow/.local/lib/python3.12/site-packages/airflow/example_dags/example_xcom.py for tasks to queue
[2024-05-03T17:23:25.093+0000] {logging_mixin.py:188} INFO - [2024-05-03T17:23:25.093+0000] {dagbag.py:540} INFO - Filling up the DagBag from /home/airflow/.local/lib/python3.12/site-packages/airflow/example_dags/example_xcom.py
[2024-05-03T17:23:25.097+0000] {processor.py:840} INFO - DAG(s) 'example_xcom' retrieved from /home/airflow/.local/lib/python3.12/site-packages/airflow/example_dags/example_xcom.py
[2024-05-03T17:23:25.108+0000] {logging_mixin.py:188} INFO - [2024-05-03T17:23:25.108+0000] {dag.py:3096} INFO - Sync 1 DAGs
[2024-05-03T17:23:25.117+0000] {logging_mixin.py:188} INFO - [2024-05-03T17:23:25.117+0000] {dag.py:3954} INFO - Setting next_dagrun for example_xcom to 2021-01-01 00:00:00+00:00, run_after=2021-01-01 00:00:00+00:00
[2024-05-03T17:23:25.126+0000] {processor.py:183} INFO - Processing /home/airflow/.local/lib/python3.12/site-packages/airflow/example_dags/example_xcom.py took 0.038 seconds
[2024-05-03T17:23:55.263+0000] {processor.py:161} INFO - Started process (PID=5768) to work on /home/airflow/.local/lib/python3.12/site-packages/airflow/example_dags/example_xcom.py
[2024-05-03T17:23:55.263+0000] {processor.py:830} INFO - Processing file /home/airflow/.local/lib/python3.12/site-packages/airflow/example_dags/example_xcom.py for tasks to queue
[2024-05-03T17:23:55.264+0000] {logging_mixin.py:188} INFO - [2024-05-03T17:23:55.264+0000] {dagbag.py:540} INFO - Filling up the DagBag from /home/airflow/.local/lib/python3.12/site-packages/airflow/example_dags/example_xcom.py
[2024-05-03T17:23:55.268+0000] {processor.py:840} INFO - DAG(s) 'example_xcom' retrieved from /home/airflow/.local/lib/python3.12/site-packages/airflow/example_dags/example_xcom.py
[2024-05-03T17:23:55.279+0000] {logging_mixin.py:188} INFO - [2024-05-03T17:23:55.279+0000] {dag.py:3096} INFO - Sync 1 DAGs
[2024-05-03T17:23:55.289+0000] {logging_mixin.py:188} INFO - [2024-05-03T17:23:55.289+0000] {dag.py:3954} INFO - Setting next_dagrun for example_xcom to 2021-01-01 00:00:00+00:00, run_after=2021-01-01 00:00:00+00:00
[2024-05-03T17:23:55.298+0000] {processor.py:183} INFO - Processing /home/airflow/.local/lib/python3.12/site-packages/airflow/example_dags/example_xcom.py took 0.038 seconds
[2024-05-03T17:24:25.483+0000] {processor.py:161} INFO - Started process (PID=6030) to work on /home/airflow/.local/lib/python3.12/site-packages/airflow/example_dags/example_xcom.py
[2024-05-03T17:24:25.484+0000] {processor.py:830} INFO - Processing file /home/airflow/.local/lib/python3.12/site-packages/airflow/example_dags/example_xcom.py for tasks to queue
[2024-05-03T17:24:25.485+0000] {logging_mixin.py:188} INFO - [2024-05-03T17:24:25.485+0000] {dagbag.py:540} INFO - Filling up the DagBag from /home/airflow/.local/lib/python3.12/site-packages/airflow/example_dags/example_xcom.py
[2024-05-03T17:24:25.490+0000] {processor.py:840} INFO - DAG(s) 'example_xcom' retrieved from /home/airflow/.local/lib/python3.12/site-packages/airflow/example_dags/example_xcom.py
[2024-05-03T17:24:25.502+0000] {logging_mixin.py:188} INFO - [2024-05-03T17:24:25.502+0000] {dag.py:3096} INFO - Sync 1 DAGs
[2024-05-03T17:24:25.513+0000] {logging_mixin.py:188} INFO - [2024-05-03T17:24:25.512+0000] {dag.py:3954} INFO - Setting next_dagrun for example_xcom to 2021-01-01 00:00:00+00:00, run_after=2021-01-01 00:00:00+00:00
[2024-05-03T17:24:25.523+0000] {processor.py:183} INFO - Processing /home/airflow/.local/lib/python3.12/site-packages/airflow/example_dags/example_xcom.py took 0.043 seconds
[2024-05-03T17:24:55.913+0000] {processor.py:161} INFO - Started process (PID=6292) to work on /home/airflow/.local/lib/python3.12/site-packages/airflow/example_dags/example_xcom.py
[2024-05-03T17:24:55.914+0000] {processor.py:830} INFO - Processing file /home/airflow/.local/lib/python3.12/site-packages/airflow/example_dags/example_xcom.py for tasks to queue
[2024-05-03T17:24:55.915+0000] {logging_mixin.py:188} INFO - [2024-05-03T17:24:55.915+0000] {dagbag.py:540} INFO - Filling up the DagBag from /home/airflow/.local/lib/python3.12/site-packages/airflow/example_dags/example_xcom.py
[2024-05-03T17:24:55.919+0000] {processor.py:840} INFO - DAG(s) 'example_xcom' retrieved from /home/airflow/.local/lib/python3.12/site-packages/airflow/example_dags/example_xcom.py
[2024-05-03T17:24:55.930+0000] {logging_mixin.py:188} INFO - [2024-05-03T17:24:55.930+0000] {dag.py:3096} INFO - Sync 1 DAGs
[2024-05-03T17:24:55.940+0000] {logging_mixin.py:188} INFO - [2024-05-03T17:24:55.940+0000] {dag.py:3954} INFO - Setting next_dagrun for example_xcom to 2021-01-01 00:00:00+00:00, run_after=2021-01-01 00:00:00+00:00
[2024-05-03T17:24:55.949+0000] {processor.py:183} INFO - Processing /home/airflow/.local/lib/python3.12/site-packages/airflow/example_dags/example_xcom.py took 0.039 seconds
[2024-05-03T17:25:26.157+0000] {processor.py:161} INFO - Started process (PID=6556) to work on /home/airflow/.local/lib/python3.12/site-packages/airflow/example_dags/example_xcom.py
[2024-05-03T17:25:26.158+0000] {processor.py:830} INFO - Processing file /home/airflow/.local/lib/python3.12/site-packages/airflow/example_dags/example_xcom.py for tasks to queue
[2024-05-03T17:25:26.159+0000] {logging_mixin.py:188} INFO - [2024-05-03T17:25:26.159+0000] {dagbag.py:540} INFO - Filling up the DagBag from /home/airflow/.local/lib/python3.12/site-packages/airflow/example_dags/example_xcom.py
[2024-05-03T17:25:26.163+0000] {processor.py:840} INFO - DAG(s) 'example_xcom' retrieved from /home/airflow/.local/lib/python3.12/site-packages/airflow/example_dags/example_xcom.py
[2024-05-03T17:25:26.174+0000] {logging_mixin.py:188} INFO - [2024-05-03T17:25:26.173+0000] {dag.py:3096} INFO - Sync 1 DAGs
[2024-05-03T17:25:26.183+0000] {logging_mixin.py:188} INFO - [2024-05-03T17:25:26.183+0000] {dag.py:3954} INFO - Setting next_dagrun for example_xcom to 2021-01-01 00:00:00+00:00, run_after=2021-01-01 00:00:00+00:00
[2024-05-03T17:25:26.192+0000] {processor.py:183} INFO - Processing /home/airflow/.local/lib/python3.12/site-packages/airflow/example_dags/example_xcom.py took 0.037 seconds
[2024-05-03T17:25:56.380+0000] {processor.py:161} INFO - Started process (PID=6816) to work on /home/airflow/.local/lib/python3.12/site-packages/airflow/example_dags/example_xcom.py
[2024-05-03T17:25:56.380+0000] {processor.py:830} INFO - Processing file /home/airflow/.local/lib/python3.12/site-packages/airflow/example_dags/example_xcom.py for tasks to queue
[2024-05-03T17:25:56.382+0000] {logging_mixin.py:188} INFO - [2024-05-03T17:25:56.381+0000] {dagbag.py:540} INFO - Filling up the DagBag from /home/airflow/.local/lib/python3.12/site-packages/airflow/example_dags/example_xcom.py
[2024-05-03T17:25:56.386+0000] {processor.py:840} INFO - DAG(s) 'example_xcom' retrieved from /home/airflow/.local/lib/python3.12/site-packages/airflow/example_dags/example_xcom.py
[2024-05-03T17:25:56.396+0000] {logging_mixin.py:188} INFO - [2024-05-03T17:25:56.396+0000] {dag.py:3096} INFO - Sync 1 DAGs
[2024-05-03T17:25:56.406+0000] {logging_mixin.py:188} INFO - [2024-05-03T17:25:56.406+0000] {dag.py:3954} INFO - Setting next_dagrun for example_xcom to 2021-01-01 00:00:00+00:00, run_after=2021-01-01 00:00:00+00:00
[2024-05-03T17:25:56.416+0000] {processor.py:183} INFO - Processing /home/airflow/.local/lib/python3.12/site-packages/airflow/example_dags/example_xcom.py took 0.039 seconds
[2024-05-03T17:26:27.111+0000] {processor.py:161} INFO - Started process (PID=7078) to work on /home/airflow/.local/lib/python3.12/site-packages/airflow/example_dags/example_xcom.py
[2024-05-03T17:26:27.112+0000] {processor.py:830} INFO - Processing file /home/airflow/.local/lib/python3.12/site-packages/airflow/example_dags/example_xcom.py for tasks to queue
[2024-05-03T17:26:27.113+0000] {logging_mixin.py:188} INFO - [2024-05-03T17:26:27.113+0000] {dagbag.py:540} INFO - Filling up the DagBag from /home/airflow/.local/lib/python3.12/site-packages/airflow/example_dags/example_xcom.py
[2024-05-03T17:26:27.117+0000] {processor.py:840} INFO - DAG(s) 'example_xcom' retrieved from /home/airflow/.local/lib/python3.12/site-packages/airflow/example_dags/example_xcom.py
[2024-05-03T17:26:27.128+0000] {logging_mixin.py:188} INFO - [2024-05-03T17:26:27.128+0000] {dag.py:3096} INFO - Sync 1 DAGs
[2024-05-03T17:26:27.139+0000] {logging_mixin.py:188} INFO - [2024-05-03T17:26:27.139+0000] {dag.py:3954} INFO - Setting next_dagrun for example_xcom to 2021-01-01 00:00:00+00:00, run_after=2021-01-01 00:00:00+00:00
[2024-05-03T17:26:27.147+0000] {processor.py:183} INFO - Processing /home/airflow/.local/lib/python3.12/site-packages/airflow/example_dags/example_xcom.py took 0.039 seconds
[2024-05-03T17:26:58.185+0000] {processor.py:161} INFO - Started process (PID=7340) to work on /home/airflow/.local/lib/python3.12/site-packages/airflow/example_dags/example_xcom.py
[2024-05-03T17:26:58.186+0000] {processor.py:830} INFO - Processing file /home/airflow/.local/lib/python3.12/site-packages/airflow/example_dags/example_xcom.py for tasks to queue
[2024-05-03T17:26:58.187+0000] {logging_mixin.py:188} INFO - [2024-05-03T17:26:58.186+0000] {dagbag.py:540} INFO - Filling up the DagBag from /home/airflow/.local/lib/python3.12/site-packages/airflow/example_dags/example_xcom.py
[2024-05-03T17:26:58.190+0000] {processor.py:840} INFO - DAG(s) 'example_xcom' retrieved from /home/airflow/.local/lib/python3.12/site-packages/airflow/example_dags/example_xcom.py
[2024-05-03T17:26:58.295+0000] {logging_mixin.py:188} INFO - [2024-05-03T17:26:58.295+0000] {dag.py:3096} INFO - Sync 1 DAGs
[2024-05-03T17:26:58.305+0000] {logging_mixin.py:188} INFO - [2024-05-03T17:26:58.305+0000] {dag.py:3954} INFO - Setting next_dagrun for example_xcom to 2021-01-01 00:00:00+00:00, run_after=2021-01-01 00:00:00+00:00
[2024-05-03T17:26:58.317+0000] {processor.py:183} INFO - Processing /home/airflow/.local/lib/python3.12/site-packages/airflow/example_dags/example_xcom.py took 0.135 seconds
