[2024-05-03T17:13:15.743+0000] {processor.py:161} INFO - Started process (PID=363) to work on /home/airflow/.local/lib/python3.12/site-packages/airflow/example_dags/example_branch_labels.py
[2024-05-03T17:13:15.743+0000] {processor.py:830} INFO - Processing file /home/airflow/.local/lib/python3.12/site-packages/airflow/example_dags/example_branch_labels.py for tasks to queue
[2024-05-03T17:13:15.745+0000] {logging_mixin.py:188} INFO - [2024-05-03T17:13:15.744+0000] {dagbag.py:540} INFO - Filling up the DagBag from /home/airflow/.local/lib/python3.12/site-packages/airflow/example_dags/example_branch_labels.py
[2024-05-03T17:13:15.749+0000] {processor.py:840} INFO - DAG(s) 'example_branch_labels' retrieved from /home/airflow/.local/lib/python3.12/site-packages/airflow/example_dags/example_branch_labels.py
[2024-05-03T17:13:15.757+0000] {logging_mixin.py:188} INFO - [2024-05-03T17:13:15.756+0000] {dag.py:3096} INFO - Sync 1 DAGs
[2024-05-03T17:13:15.770+0000] {logging_mixin.py:188} INFO - [2024-05-03T17:13:15.770+0000] {dag.py:3954} INFO - Setting next_dagrun for example_branch_labels to 2024-05-02 00:00:00+00:00, run_after=2024-05-03 00:00:00+00:00
[2024-05-03T17:13:15.780+0000] {processor.py:183} INFO - Processing /home/airflow/.local/lib/python3.12/site-packages/airflow/example_dags/example_branch_labels.py took 0.041 seconds
[2024-05-03T17:13:47.431+0000] {processor.py:161} INFO - Started process (PID=625) to work on /home/airflow/.local/lib/python3.12/site-packages/airflow/example_dags/example_branch_labels.py
[2024-05-03T17:13:47.432+0000] {processor.py:830} INFO - Processing file /home/airflow/.local/lib/python3.12/site-packages/airflow/example_dags/example_branch_labels.py for tasks to queue
[2024-05-03T17:13:47.434+0000] {logging_mixin.py:188} INFO - [2024-05-03T17:13:47.434+0000] {dagbag.py:540} INFO - Filling up the DagBag from /home/airflow/.local/lib/python3.12/site-packages/airflow/example_dags/example_branch_labels.py
[2024-05-03T17:13:47.438+0000] {processor.py:840} INFO - DAG(s) 'example_branch_labels' retrieved from /home/airflow/.local/lib/python3.12/site-packages/airflow/example_dags/example_branch_labels.py
[2024-05-03T17:13:47.494+0000] {logging_mixin.py:188} INFO - [2024-05-03T17:13:47.493+0000] {dag.py:3096} INFO - Sync 1 DAGs
[2024-05-03T17:13:47.505+0000] {logging_mixin.py:188} INFO - [2024-05-03T17:13:47.505+0000] {dag.py:3954} INFO - Setting next_dagrun for example_branch_labels to 2024-05-02 00:00:00+00:00, run_after=2024-05-03 00:00:00+00:00
[2024-05-03T17:13:47.516+0000] {processor.py:183} INFO - Processing /home/airflow/.local/lib/python3.12/site-packages/airflow/example_dags/example_branch_labels.py took 0.088 seconds
[2024-05-03T17:14:17.630+0000] {processor.py:161} INFO - Started process (PID=887) to work on /home/airflow/.local/lib/python3.12/site-packages/airflow/example_dags/example_branch_labels.py
[2024-05-03T17:14:17.631+0000] {processor.py:830} INFO - Processing file /home/airflow/.local/lib/python3.12/site-packages/airflow/example_dags/example_branch_labels.py for tasks to queue
[2024-05-03T17:14:17.632+0000] {logging_mixin.py:188} INFO - [2024-05-03T17:14:17.632+0000] {dagbag.py:540} INFO - Filling up the DagBag from /home/airflow/.local/lib/python3.12/site-packages/airflow/example_dags/example_branch_labels.py
[2024-05-03T17:14:17.636+0000] {processor.py:840} INFO - DAG(s) 'example_branch_labels' retrieved from /home/airflow/.local/lib/python3.12/site-packages/airflow/example_dags/example_branch_labels.py
[2024-05-03T17:14:17.647+0000] {logging_mixin.py:188} INFO - [2024-05-03T17:14:17.647+0000] {dag.py:3096} INFO - Sync 1 DAGs
[2024-05-03T17:14:17.656+0000] {logging_mixin.py:188} INFO - [2024-05-03T17:14:17.656+0000] {dag.py:3954} INFO - Setting next_dagrun for example_branch_labels to 2024-05-02 00:00:00+00:00, run_after=2024-05-03 00:00:00+00:00
[2024-05-03T17:14:17.665+0000] {processor.py:183} INFO - Processing /home/airflow/.local/lib/python3.12/site-packages/airflow/example_dags/example_branch_labels.py took 0.038 seconds
[2024-05-03T17:14:48.315+0000] {processor.py:161} INFO - Started process (PID=1149) to work on /home/airflow/.local/lib/python3.12/site-packages/airflow/example_dags/example_branch_labels.py
[2024-05-03T17:14:48.316+0000] {processor.py:830} INFO - Processing file /home/airflow/.local/lib/python3.12/site-packages/airflow/example_dags/example_branch_labels.py for tasks to queue
[2024-05-03T17:14:48.317+0000] {logging_mixin.py:188} INFO - [2024-05-03T17:14:48.316+0000] {dagbag.py:540} INFO - Filling up the DagBag from /home/airflow/.local/lib/python3.12/site-packages/airflow/example_dags/example_branch_labels.py
[2024-05-03T17:14:48.320+0000] {processor.py:840} INFO - DAG(s) 'example_branch_labels' retrieved from /home/airflow/.local/lib/python3.12/site-packages/airflow/example_dags/example_branch_labels.py
[2024-05-03T17:14:48.330+0000] {logging_mixin.py:188} INFO - [2024-05-03T17:14:48.330+0000] {dag.py:3096} INFO - Sync 1 DAGs
[2024-05-03T17:14:48.341+0000] {logging_mixin.py:188} INFO - [2024-05-03T17:14:48.340+0000] {dag.py:3954} INFO - Setting next_dagrun for example_branch_labels to 2024-05-02 00:00:00+00:00, run_after=2024-05-03 00:00:00+00:00
[2024-05-03T17:14:48.349+0000] {processor.py:183} INFO - Processing /home/airflow/.local/lib/python3.12/site-packages/airflow/example_dags/example_branch_labels.py took 0.036 seconds
[2024-05-03T17:15:19.362+0000] {processor.py:161} INFO - Started process (PID=1411) to work on /home/airflow/.local/lib/python3.12/site-packages/airflow/example_dags/example_branch_labels.py
[2024-05-03T17:15:19.363+0000] {processor.py:830} INFO - Processing file /home/airflow/.local/lib/python3.12/site-packages/airflow/example_dags/example_branch_labels.py for tasks to queue
[2024-05-03T17:15:19.364+0000] {logging_mixin.py:188} INFO - [2024-05-03T17:15:19.364+0000] {dagbag.py:540} INFO - Filling up the DagBag from /home/airflow/.local/lib/python3.12/site-packages/airflow/example_dags/example_branch_labels.py
[2024-05-03T17:15:19.368+0000] {processor.py:840} INFO - DAG(s) 'example_branch_labels' retrieved from /home/airflow/.local/lib/python3.12/site-packages/airflow/example_dags/example_branch_labels.py
[2024-05-03T17:15:19.380+0000] {logging_mixin.py:188} INFO - [2024-05-03T17:15:19.380+0000] {dag.py:3096} INFO - Sync 1 DAGs
[2024-05-03T17:15:19.392+0000] {logging_mixin.py:188} INFO - [2024-05-03T17:15:19.391+0000] {dag.py:3954} INFO - Setting next_dagrun for example_branch_labels to 2024-05-02 00:00:00+00:00, run_after=2024-05-03 00:00:00+00:00
[2024-05-03T17:15:19.401+0000] {processor.py:183} INFO - Processing /home/airflow/.local/lib/python3.12/site-packages/airflow/example_dags/example_branch_labels.py took 0.042 seconds
[2024-05-03T17:15:49.443+0000] {processor.py:161} INFO - Started process (PID=1673) to work on /home/airflow/.local/lib/python3.12/site-packages/airflow/example_dags/example_branch_labels.py
[2024-05-03T17:15:49.444+0000] {processor.py:830} INFO - Processing file /home/airflow/.local/lib/python3.12/site-packages/airflow/example_dags/example_branch_labels.py for tasks to queue
[2024-05-03T17:15:49.445+0000] {logging_mixin.py:188} INFO - [2024-05-03T17:15:49.444+0000] {dagbag.py:540} INFO - Filling up the DagBag from /home/airflow/.local/lib/python3.12/site-packages/airflow/example_dags/example_branch_labels.py
[2024-05-03T17:15:49.448+0000] {processor.py:840} INFO - DAG(s) 'example_branch_labels' retrieved from /home/airflow/.local/lib/python3.12/site-packages/airflow/example_dags/example_branch_labels.py
[2024-05-03T17:15:49.459+0000] {logging_mixin.py:188} INFO - [2024-05-03T17:15:49.459+0000] {dag.py:3096} INFO - Sync 1 DAGs
[2024-05-03T17:15:49.469+0000] {logging_mixin.py:188} INFO - [2024-05-03T17:15:49.469+0000] {dag.py:3954} INFO - Setting next_dagrun for example_branch_labels to 2024-05-02 00:00:00+00:00, run_after=2024-05-03 00:00:00+00:00
[2024-05-03T17:15:49.477+0000] {processor.py:183} INFO - Processing /home/airflow/.local/lib/python3.12/site-packages/airflow/example_dags/example_branch_labels.py took 0.038 seconds
[2024-05-03T17:16:20.255+0000] {processor.py:161} INFO - Started process (PID=1935) to work on /home/airflow/.local/lib/python3.12/site-packages/airflow/example_dags/example_branch_labels.py
[2024-05-03T17:16:20.256+0000] {processor.py:830} INFO - Processing file /home/airflow/.local/lib/python3.12/site-packages/airflow/example_dags/example_branch_labels.py for tasks to queue
[2024-05-03T17:16:20.256+0000] {logging_mixin.py:188} INFO - [2024-05-03T17:16:20.256+0000] {dagbag.py:540} INFO - Filling up the DagBag from /home/airflow/.local/lib/python3.12/site-packages/airflow/example_dags/example_branch_labels.py
[2024-05-03T17:16:20.260+0000] {processor.py:840} INFO - DAG(s) 'example_branch_labels' retrieved from /home/airflow/.local/lib/python3.12/site-packages/airflow/example_dags/example_branch_labels.py
[2024-05-03T17:16:20.270+0000] {logging_mixin.py:188} INFO - [2024-05-03T17:16:20.270+0000] {dag.py:3096} INFO - Sync 1 DAGs
[2024-05-03T17:16:20.280+0000] {logging_mixin.py:188} INFO - [2024-05-03T17:16:20.280+0000] {dag.py:3954} INFO - Setting next_dagrun for example_branch_labels to 2024-05-02 00:00:00+00:00, run_after=2024-05-03 00:00:00+00:00
[2024-05-03T17:16:20.288+0000] {processor.py:183} INFO - Processing /home/airflow/.local/lib/python3.12/site-packages/airflow/example_dags/example_branch_labels.py took 0.036 seconds
[2024-05-03T17:16:51.166+0000] {processor.py:161} INFO - Started process (PID=2197) to work on /home/airflow/.local/lib/python3.12/site-packages/airflow/example_dags/example_branch_labels.py
[2024-05-03T17:16:51.167+0000] {processor.py:830} INFO - Processing file /home/airflow/.local/lib/python3.12/site-packages/airflow/example_dags/example_branch_labels.py for tasks to queue
[2024-05-03T17:16:51.168+0000] {logging_mixin.py:188} INFO - [2024-05-03T17:16:51.168+0000] {dagbag.py:540} INFO - Filling up the DagBag from /home/airflow/.local/lib/python3.12/site-packages/airflow/example_dags/example_branch_labels.py
[2024-05-03T17:16:51.172+0000] {processor.py:840} INFO - DAG(s) 'example_branch_labels' retrieved from /home/airflow/.local/lib/python3.12/site-packages/airflow/example_dags/example_branch_labels.py
[2024-05-03T17:16:51.183+0000] {logging_mixin.py:188} INFO - [2024-05-03T17:16:51.183+0000] {dag.py:3096} INFO - Sync 1 DAGs
[2024-05-03T17:16:51.194+0000] {logging_mixin.py:188} INFO - [2024-05-03T17:16:51.194+0000] {dag.py:3954} INFO - Setting next_dagrun for example_branch_labels to 2024-05-02 00:00:00+00:00, run_after=2024-05-03 00:00:00+00:00
[2024-05-03T17:16:51.204+0000] {processor.py:183} INFO - Processing /home/airflow/.local/lib/python3.12/site-packages/airflow/example_dags/example_branch_labels.py took 0.040 seconds
[2024-05-03T17:17:22.211+0000] {processor.py:161} INFO - Started process (PID=2461) to work on /home/airflow/.local/lib/python3.12/site-packages/airflow/example_dags/example_branch_labels.py
[2024-05-03T17:17:22.212+0000] {processor.py:830} INFO - Processing file /home/airflow/.local/lib/python3.12/site-packages/airflow/example_dags/example_branch_labels.py for tasks to queue
[2024-05-03T17:17:22.213+0000] {logging_mixin.py:188} INFO - [2024-05-03T17:17:22.213+0000] {dagbag.py:540} INFO - Filling up the DagBag from /home/airflow/.local/lib/python3.12/site-packages/airflow/example_dags/example_branch_labels.py
[2024-05-03T17:17:22.217+0000] {processor.py:840} INFO - DAG(s) 'example_branch_labels' retrieved from /home/airflow/.local/lib/python3.12/site-packages/airflow/example_dags/example_branch_labels.py
[2024-05-03T17:17:22.231+0000] {logging_mixin.py:188} INFO - [2024-05-03T17:17:22.231+0000] {dag.py:3096} INFO - Sync 1 DAGs
[2024-05-03T17:17:22.247+0000] {logging_mixin.py:188} INFO - [2024-05-03T17:17:22.246+0000] {dag.py:3954} INFO - Setting next_dagrun for example_branch_labels to 2024-05-02 00:00:00+00:00, run_after=2024-05-03 00:00:00+00:00
[2024-05-03T17:17:22.256+0000] {processor.py:183} INFO - Processing /home/airflow/.local/lib/python3.12/site-packages/airflow/example_dags/example_branch_labels.py took 0.048 seconds
[2024-05-03T17:17:53.195+0000] {processor.py:161} INFO - Started process (PID=2721) to work on /home/airflow/.local/lib/python3.12/site-packages/airflow/example_dags/example_branch_labels.py
[2024-05-03T17:17:53.195+0000] {processor.py:830} INFO - Processing file /home/airflow/.local/lib/python3.12/site-packages/airflow/example_dags/example_branch_labels.py for tasks to queue
[2024-05-03T17:17:53.196+0000] {logging_mixin.py:188} INFO - [2024-05-03T17:17:53.196+0000] {dagbag.py:540} INFO - Filling up the DagBag from /home/airflow/.local/lib/python3.12/site-packages/airflow/example_dags/example_branch_labels.py
[2024-05-03T17:17:53.200+0000] {processor.py:840} INFO - DAG(s) 'example_branch_labels' retrieved from /home/airflow/.local/lib/python3.12/site-packages/airflow/example_dags/example_branch_labels.py
[2024-05-03T17:17:53.211+0000] {logging_mixin.py:188} INFO - [2024-05-03T17:17:53.211+0000] {dag.py:3096} INFO - Sync 1 DAGs
[2024-05-03T17:17:53.222+0000] {logging_mixin.py:188} INFO - [2024-05-03T17:17:53.222+0000] {dag.py:3954} INFO - Setting next_dagrun for example_branch_labels to 2024-05-02 00:00:00+00:00, run_after=2024-05-03 00:00:00+00:00
[2024-05-03T17:17:53.231+0000] {processor.py:183} INFO - Processing /home/airflow/.local/lib/python3.12/site-packages/airflow/example_dags/example_branch_labels.py took 0.040 seconds
[2024-05-03T17:18:23.410+0000] {processor.py:161} INFO - Started process (PID=2982) to work on /home/airflow/.local/lib/python3.12/site-packages/airflow/example_dags/example_branch_labels.py
[2024-05-03T17:18:23.411+0000] {processor.py:830} INFO - Processing file /home/airflow/.local/lib/python3.12/site-packages/airflow/example_dags/example_branch_labels.py for tasks to queue
[2024-05-03T17:18:23.412+0000] {logging_mixin.py:188} INFO - [2024-05-03T17:18:23.412+0000] {dagbag.py:540} INFO - Filling up the DagBag from /home/airflow/.local/lib/python3.12/site-packages/airflow/example_dags/example_branch_labels.py
[2024-05-03T17:18:23.416+0000] {processor.py:840} INFO - DAG(s) 'example_branch_labels' retrieved from /home/airflow/.local/lib/python3.12/site-packages/airflow/example_dags/example_branch_labels.py
[2024-05-03T17:18:23.427+0000] {logging_mixin.py:188} INFO - [2024-05-03T17:18:23.427+0000] {dag.py:3096} INFO - Sync 1 DAGs
[2024-05-03T17:18:23.439+0000] {logging_mixin.py:188} INFO - [2024-05-03T17:18:23.439+0000] {dag.py:3954} INFO - Setting next_dagrun for example_branch_labels to 2024-05-02 00:00:00+00:00, run_after=2024-05-03 00:00:00+00:00
[2024-05-03T17:18:23.449+0000] {processor.py:183} INFO - Processing /home/airflow/.local/lib/python3.12/site-packages/airflow/example_dags/example_branch_labels.py took 0.043 seconds
[2024-05-03T17:18:53.544+0000] {processor.py:161} INFO - Started process (PID=3244) to work on /home/airflow/.local/lib/python3.12/site-packages/airflow/example_dags/example_branch_labels.py
[2024-05-03T17:18:53.544+0000] {processor.py:830} INFO - Processing file /home/airflow/.local/lib/python3.12/site-packages/airflow/example_dags/example_branch_labels.py for tasks to queue
[2024-05-03T17:18:53.546+0000] {logging_mixin.py:188} INFO - [2024-05-03T17:18:53.545+0000] {dagbag.py:540} INFO - Filling up the DagBag from /home/airflow/.local/lib/python3.12/site-packages/airflow/example_dags/example_branch_labels.py
[2024-05-03T17:18:53.550+0000] {processor.py:840} INFO - DAG(s) 'example_branch_labels' retrieved from /home/airflow/.local/lib/python3.12/site-packages/airflow/example_dags/example_branch_labels.py
[2024-05-03T17:18:53.559+0000] {logging_mixin.py:188} INFO - [2024-05-03T17:18:53.558+0000] {dag.py:3096} INFO - Sync 1 DAGs
[2024-05-03T17:18:53.570+0000] {logging_mixin.py:188} INFO - [2024-05-03T17:18:53.570+0000] {dag.py:3954} INFO - Setting next_dagrun for example_branch_labels to 2024-05-02 00:00:00+00:00, run_after=2024-05-03 00:00:00+00:00
[2024-05-03T17:18:53.582+0000] {processor.py:183} INFO - Processing /home/airflow/.local/lib/python3.12/site-packages/airflow/example_dags/example_branch_labels.py took 0.042 seconds
[2024-05-03T17:19:24.697+0000] {processor.py:161} INFO - Started process (PID=3505) to work on /home/airflow/.local/lib/python3.12/site-packages/airflow/example_dags/example_branch_labels.py
[2024-05-03T17:19:24.698+0000] {processor.py:830} INFO - Processing file /home/airflow/.local/lib/python3.12/site-packages/airflow/example_dags/example_branch_labels.py for tasks to queue
[2024-05-03T17:19:24.702+0000] {logging_mixin.py:188} INFO - [2024-05-03T17:19:24.702+0000] {dagbag.py:540} INFO - Filling up the DagBag from /home/airflow/.local/lib/python3.12/site-packages/airflow/example_dags/example_branch_labels.py
[2024-05-03T17:19:24.707+0000] {processor.py:840} INFO - DAG(s) 'example_branch_labels' retrieved from /home/airflow/.local/lib/python3.12/site-packages/airflow/example_dags/example_branch_labels.py
[2024-05-03T17:19:24.753+0000] {logging_mixin.py:188} INFO - [2024-05-03T17:19:24.753+0000] {dag.py:3096} INFO - Sync 1 DAGs
[2024-05-03T17:19:24.762+0000] {logging_mixin.py:188} INFO - [2024-05-03T17:19:24.762+0000] {dag.py:3954} INFO - Setting next_dagrun for example_branch_labels to 2024-05-02 00:00:00+00:00, run_after=2024-05-03 00:00:00+00:00
[2024-05-03T17:19:24.771+0000] {processor.py:183} INFO - Processing /home/airflow/.local/lib/python3.12/site-packages/airflow/example_dags/example_branch_labels.py took 0.078 seconds
[2024-05-03T17:19:55.638+0000] {processor.py:161} INFO - Started process (PID=3767) to work on /home/airflow/.local/lib/python3.12/site-packages/airflow/example_dags/example_branch_labels.py
[2024-05-03T17:19:55.639+0000] {processor.py:830} INFO - Processing file /home/airflow/.local/lib/python3.12/site-packages/airflow/example_dags/example_branch_labels.py for tasks to queue
[2024-05-03T17:19:55.640+0000] {logging_mixin.py:188} INFO - [2024-05-03T17:19:55.640+0000] {dagbag.py:540} INFO - Filling up the DagBag from /home/airflow/.local/lib/python3.12/site-packages/airflow/example_dags/example_branch_labels.py
[2024-05-03T17:19:55.643+0000] {processor.py:840} INFO - DAG(s) 'example_branch_labels' retrieved from /home/airflow/.local/lib/python3.12/site-packages/airflow/example_dags/example_branch_labels.py
[2024-05-03T17:19:55.653+0000] {logging_mixin.py:188} INFO - [2024-05-03T17:19:55.652+0000] {dag.py:3096} INFO - Sync 1 DAGs
[2024-05-03T17:19:55.662+0000] {logging_mixin.py:188} INFO - [2024-05-03T17:19:55.662+0000] {dag.py:3954} INFO - Setting next_dagrun for example_branch_labels to 2024-05-02 00:00:00+00:00, run_after=2024-05-03 00:00:00+00:00
[2024-05-03T17:19:55.671+0000] {processor.py:183} INFO - Processing /home/airflow/.local/lib/python3.12/site-packages/airflow/example_dags/example_branch_labels.py took 0.035 seconds
[2024-05-03T17:20:25.813+0000] {processor.py:161} INFO - Started process (PID=4029) to work on /home/airflow/.local/lib/python3.12/site-packages/airflow/example_dags/example_branch_labels.py
[2024-05-03T17:20:25.813+0000] {processor.py:830} INFO - Processing file /home/airflow/.local/lib/python3.12/site-packages/airflow/example_dags/example_branch_labels.py for tasks to queue
[2024-05-03T17:20:25.814+0000] {logging_mixin.py:188} INFO - [2024-05-03T17:20:25.814+0000] {dagbag.py:540} INFO - Filling up the DagBag from /home/airflow/.local/lib/python3.12/site-packages/airflow/example_dags/example_branch_labels.py
[2024-05-03T17:20:25.818+0000] {processor.py:840} INFO - DAG(s) 'example_branch_labels' retrieved from /home/airflow/.local/lib/python3.12/site-packages/airflow/example_dags/example_branch_labels.py
[2024-05-03T17:20:25.828+0000] {logging_mixin.py:188} INFO - [2024-05-03T17:20:25.828+0000] {dag.py:3096} INFO - Sync 1 DAGs
[2024-05-03T17:20:25.838+0000] {logging_mixin.py:188} INFO - [2024-05-03T17:20:25.838+0000] {dag.py:3954} INFO - Setting next_dagrun for example_branch_labels to 2024-05-02 00:00:00+00:00, run_after=2024-05-03 00:00:00+00:00
[2024-05-03T17:20:25.846+0000] {processor.py:183} INFO - Processing /home/airflow/.local/lib/python3.12/site-packages/airflow/example_dags/example_branch_labels.py took 0.037 seconds
[2024-05-03T17:20:55.908+0000] {processor.py:161} INFO - Started process (PID=4291) to work on /home/airflow/.local/lib/python3.12/site-packages/airflow/example_dags/example_branch_labels.py
[2024-05-03T17:20:55.909+0000] {processor.py:830} INFO - Processing file /home/airflow/.local/lib/python3.12/site-packages/airflow/example_dags/example_branch_labels.py for tasks to queue
[2024-05-03T17:20:55.910+0000] {logging_mixin.py:188} INFO - [2024-05-03T17:20:55.910+0000] {dagbag.py:540} INFO - Filling up the DagBag from /home/airflow/.local/lib/python3.12/site-packages/airflow/example_dags/example_branch_labels.py
[2024-05-03T17:20:55.914+0000] {processor.py:840} INFO - DAG(s) 'example_branch_labels' retrieved from /home/airflow/.local/lib/python3.12/site-packages/airflow/example_dags/example_branch_labels.py
[2024-05-03T17:20:55.923+0000] {logging_mixin.py:188} INFO - [2024-05-03T17:20:55.923+0000] {dag.py:3096} INFO - Sync 1 DAGs
[2024-05-03T17:20:55.933+0000] {logging_mixin.py:188} INFO - [2024-05-03T17:20:55.933+0000] {dag.py:3954} INFO - Setting next_dagrun for example_branch_labels to 2024-05-02 00:00:00+00:00, run_after=2024-05-03 00:00:00+00:00
[2024-05-03T17:20:55.941+0000] {processor.py:183} INFO - Processing /home/airflow/.local/lib/python3.12/site-packages/airflow/example_dags/example_branch_labels.py took 0.035 seconds
[2024-05-03T17:21:26.860+0000] {processor.py:161} INFO - Started process (PID=4555) to work on /home/airflow/.local/lib/python3.12/site-packages/airflow/example_dags/example_branch_labels.py
[2024-05-03T17:21:26.860+0000] {processor.py:830} INFO - Processing file /home/airflow/.local/lib/python3.12/site-packages/airflow/example_dags/example_branch_labels.py for tasks to queue
[2024-05-03T17:21:26.861+0000] {logging_mixin.py:188} INFO - [2024-05-03T17:21:26.861+0000] {dagbag.py:540} INFO - Filling up the DagBag from /home/airflow/.local/lib/python3.12/site-packages/airflow/example_dags/example_branch_labels.py
[2024-05-03T17:21:26.865+0000] {processor.py:840} INFO - DAG(s) 'example_branch_labels' retrieved from /home/airflow/.local/lib/python3.12/site-packages/airflow/example_dags/example_branch_labels.py
[2024-05-03T17:21:26.875+0000] {logging_mixin.py:188} INFO - [2024-05-03T17:21:26.875+0000] {dag.py:3096} INFO - Sync 1 DAGs
[2024-05-03T17:21:26.885+0000] {logging_mixin.py:188} INFO - [2024-05-03T17:21:26.885+0000] {dag.py:3954} INFO - Setting next_dagrun for example_branch_labels to 2024-05-02 00:00:00+00:00, run_after=2024-05-03 00:00:00+00:00
[2024-05-03T17:21:26.892+0000] {processor.py:183} INFO - Processing /home/airflow/.local/lib/python3.12/site-packages/airflow/example_dags/example_branch_labels.py took 0.035 seconds
[2024-05-03T17:21:57.172+0000] {processor.py:161} INFO - Started process (PID=4815) to work on /home/airflow/.local/lib/python3.12/site-packages/airflow/example_dags/example_branch_labels.py
[2024-05-03T17:21:57.172+0000] {processor.py:830} INFO - Processing file /home/airflow/.local/lib/python3.12/site-packages/airflow/example_dags/example_branch_labels.py for tasks to queue
[2024-05-03T17:21:57.173+0000] {logging_mixin.py:188} INFO - [2024-05-03T17:21:57.173+0000] {dagbag.py:540} INFO - Filling up the DagBag from /home/airflow/.local/lib/python3.12/site-packages/airflow/example_dags/example_branch_labels.py
[2024-05-03T17:21:57.177+0000] {processor.py:840} INFO - DAG(s) 'example_branch_labels' retrieved from /home/airflow/.local/lib/python3.12/site-packages/airflow/example_dags/example_branch_labels.py
[2024-05-03T17:21:57.187+0000] {logging_mixin.py:188} INFO - [2024-05-03T17:21:57.187+0000] {dag.py:3096} INFO - Sync 1 DAGs
[2024-05-03T17:21:57.197+0000] {logging_mixin.py:188} INFO - [2024-05-03T17:21:57.197+0000] {dag.py:3954} INFO - Setting next_dagrun for example_branch_labels to 2024-05-02 00:00:00+00:00, run_after=2024-05-03 00:00:00+00:00
[2024-05-03T17:21:57.205+0000] {processor.py:183} INFO - Processing /home/airflow/.local/lib/python3.12/site-packages/airflow/example_dags/example_branch_labels.py took 0.036 seconds
[2024-05-03T17:22:27.362+0000] {processor.py:161} INFO - Started process (PID=5077) to work on /home/airflow/.local/lib/python3.12/site-packages/airflow/example_dags/example_branch_labels.py
[2024-05-03T17:22:27.362+0000] {processor.py:830} INFO - Processing file /home/airflow/.local/lib/python3.12/site-packages/airflow/example_dags/example_branch_labels.py for tasks to queue
[2024-05-03T17:22:27.363+0000] {logging_mixin.py:188} INFO - [2024-05-03T17:22:27.363+0000] {dagbag.py:540} INFO - Filling up the DagBag from /home/airflow/.local/lib/python3.12/site-packages/airflow/example_dags/example_branch_labels.py
[2024-05-03T17:22:27.367+0000] {processor.py:840} INFO - DAG(s) 'example_branch_labels' retrieved from /home/airflow/.local/lib/python3.12/site-packages/airflow/example_dags/example_branch_labels.py
[2024-05-03T17:22:27.377+0000] {logging_mixin.py:188} INFO - [2024-05-03T17:22:27.377+0000] {dag.py:3096} INFO - Sync 1 DAGs
[2024-05-03T17:22:27.387+0000] {logging_mixin.py:188} INFO - [2024-05-03T17:22:27.387+0000] {dag.py:3954} INFO - Setting next_dagrun for example_branch_labels to 2024-05-02 00:00:00+00:00, run_after=2024-05-03 00:00:00+00:00
[2024-05-03T17:22:27.395+0000] {processor.py:183} INFO - Processing /home/airflow/.local/lib/python3.12/site-packages/airflow/example_dags/example_branch_labels.py took 0.036 seconds
[2024-05-03T17:22:57.575+0000] {processor.py:161} INFO - Started process (PID=5339) to work on /home/airflow/.local/lib/python3.12/site-packages/airflow/example_dags/example_branch_labels.py
[2024-05-03T17:22:57.576+0000] {processor.py:830} INFO - Processing file /home/airflow/.local/lib/python3.12/site-packages/airflow/example_dags/example_branch_labels.py for tasks to queue
[2024-05-03T17:22:57.577+0000] {logging_mixin.py:188} INFO - [2024-05-03T17:22:57.577+0000] {dagbag.py:540} INFO - Filling up the DagBag from /home/airflow/.local/lib/python3.12/site-packages/airflow/example_dags/example_branch_labels.py
[2024-05-03T17:22:57.580+0000] {processor.py:840} INFO - DAG(s) 'example_branch_labels' retrieved from /home/airflow/.local/lib/python3.12/site-packages/airflow/example_dags/example_branch_labels.py
[2024-05-03T17:22:57.590+0000] {logging_mixin.py:188} INFO - [2024-05-03T17:22:57.590+0000] {dag.py:3096} INFO - Sync 1 DAGs
[2024-05-03T17:22:57.600+0000] {logging_mixin.py:188} INFO - [2024-05-03T17:22:57.600+0000] {dag.py:3954} INFO - Setting next_dagrun for example_branch_labels to 2024-05-02 00:00:00+00:00, run_after=2024-05-03 00:00:00+00:00
[2024-05-03T17:22:57.608+0000] {processor.py:183} INFO - Processing /home/airflow/.local/lib/python3.12/site-packages/airflow/example_dags/example_branch_labels.py took 0.036 seconds
[2024-05-03T17:23:27.713+0000] {processor.py:161} INFO - Started process (PID=5601) to work on /home/airflow/.local/lib/python3.12/site-packages/airflow/example_dags/example_branch_labels.py
[2024-05-03T17:23:27.713+0000] {processor.py:830} INFO - Processing file /home/airflow/.local/lib/python3.12/site-packages/airflow/example_dags/example_branch_labels.py for tasks to queue
[2024-05-03T17:23:27.714+0000] {logging_mixin.py:188} INFO - [2024-05-03T17:23:27.714+0000] {dagbag.py:540} INFO - Filling up the DagBag from /home/airflow/.local/lib/python3.12/site-packages/airflow/example_dags/example_branch_labels.py
[2024-05-03T17:23:27.717+0000] {processor.py:840} INFO - DAG(s) 'example_branch_labels' retrieved from /home/airflow/.local/lib/python3.12/site-packages/airflow/example_dags/example_branch_labels.py
[2024-05-03T17:23:27.728+0000] {logging_mixin.py:188} INFO - [2024-05-03T17:23:27.727+0000] {dag.py:3096} INFO - Sync 1 DAGs
[2024-05-03T17:23:27.738+0000] {logging_mixin.py:188} INFO - [2024-05-03T17:23:27.738+0000] {dag.py:3954} INFO - Setting next_dagrun for example_branch_labels to 2024-05-02 00:00:00+00:00, run_after=2024-05-03 00:00:00+00:00
[2024-05-03T17:23:27.746+0000] {processor.py:183} INFO - Processing /home/airflow/.local/lib/python3.12/site-packages/airflow/example_dags/example_branch_labels.py took 0.036 seconds
[2024-05-03T17:23:57.950+0000] {processor.py:161} INFO - Started process (PID=5865) to work on /home/airflow/.local/lib/python3.12/site-packages/airflow/example_dags/example_branch_labels.py
[2024-05-03T17:23:57.951+0000] {processor.py:830} INFO - Processing file /home/airflow/.local/lib/python3.12/site-packages/airflow/example_dags/example_branch_labels.py for tasks to queue
[2024-05-03T17:23:57.952+0000] {logging_mixin.py:188} INFO - [2024-05-03T17:23:57.952+0000] {dagbag.py:540} INFO - Filling up the DagBag from /home/airflow/.local/lib/python3.12/site-packages/airflow/example_dags/example_branch_labels.py
[2024-05-03T17:23:57.956+0000] {processor.py:840} INFO - DAG(s) 'example_branch_labels' retrieved from /home/airflow/.local/lib/python3.12/site-packages/airflow/example_dags/example_branch_labels.py
[2024-05-03T17:23:57.968+0000] {logging_mixin.py:188} INFO - [2024-05-03T17:23:57.968+0000] {dag.py:3096} INFO - Sync 1 DAGs
[2024-05-03T17:23:57.981+0000] {logging_mixin.py:188} INFO - [2024-05-03T17:23:57.981+0000] {dag.py:3954} INFO - Setting next_dagrun for example_branch_labels to 2024-05-02 00:00:00+00:00, run_after=2024-05-03 00:00:00+00:00
[2024-05-03T17:23:57.990+0000] {processor.py:183} INFO - Processing /home/airflow/.local/lib/python3.12/site-packages/airflow/example_dags/example_branch_labels.py took 0.043 seconds
[2024-05-03T17:24:28.447+0000] {processor.py:161} INFO - Started process (PID=6125) to work on /home/airflow/.local/lib/python3.12/site-packages/airflow/example_dags/example_branch_labels.py
[2024-05-03T17:24:28.447+0000] {processor.py:830} INFO - Processing file /home/airflow/.local/lib/python3.12/site-packages/airflow/example_dags/example_branch_labels.py for tasks to queue
[2024-05-03T17:24:28.448+0000] {logging_mixin.py:188} INFO - [2024-05-03T17:24:28.448+0000] {dagbag.py:540} INFO - Filling up the DagBag from /home/airflow/.local/lib/python3.12/site-packages/airflow/example_dags/example_branch_labels.py
[2024-05-03T17:24:28.452+0000] {processor.py:840} INFO - DAG(s) 'example_branch_labels' retrieved from /home/airflow/.local/lib/python3.12/site-packages/airflow/example_dags/example_branch_labels.py
[2024-05-03T17:24:28.461+0000] {logging_mixin.py:188} INFO - [2024-05-03T17:24:28.461+0000] {dag.py:3096} INFO - Sync 1 DAGs
[2024-05-03T17:24:28.472+0000] {logging_mixin.py:188} INFO - [2024-05-03T17:24:28.472+0000] {dag.py:3954} INFO - Setting next_dagrun for example_branch_labels to 2024-05-02 00:00:00+00:00, run_after=2024-05-03 00:00:00+00:00
[2024-05-03T17:24:28.568+0000] {processor.py:183} INFO - Processing /home/airflow/.local/lib/python3.12/site-packages/airflow/example_dags/example_branch_labels.py took 0.124 seconds
[2024-05-03T17:24:58.678+0000] {processor.py:161} INFO - Started process (PID=6387) to work on /home/airflow/.local/lib/python3.12/site-packages/airflow/example_dags/example_branch_labels.py
[2024-05-03T17:24:58.678+0000] {processor.py:830} INFO - Processing file /home/airflow/.local/lib/python3.12/site-packages/airflow/example_dags/example_branch_labels.py for tasks to queue
[2024-05-03T17:24:58.680+0000] {logging_mixin.py:188} INFO - [2024-05-03T17:24:58.679+0000] {dagbag.py:540} INFO - Filling up the DagBag from /home/airflow/.local/lib/python3.12/site-packages/airflow/example_dags/example_branch_labels.py
[2024-05-03T17:24:58.683+0000] {processor.py:840} INFO - DAG(s) 'example_branch_labels' retrieved from /home/airflow/.local/lib/python3.12/site-packages/airflow/example_dags/example_branch_labels.py
[2024-05-03T17:24:58.694+0000] {logging_mixin.py:188} INFO - [2024-05-03T17:24:58.694+0000] {dag.py:3096} INFO - Sync 1 DAGs
[2024-05-03T17:24:58.704+0000] {logging_mixin.py:188} INFO - [2024-05-03T17:24:58.704+0000] {dag.py:3954} INFO - Setting next_dagrun for example_branch_labels to 2024-05-02 00:00:00+00:00, run_after=2024-05-03 00:00:00+00:00
[2024-05-03T17:24:58.713+0000] {processor.py:183} INFO - Processing /home/airflow/.local/lib/python3.12/site-packages/airflow/example_dags/example_branch_labels.py took 0.038 seconds
[2024-05-03T17:25:29.756+0000] {processor.py:161} INFO - Started process (PID=6649) to work on /home/airflow/.local/lib/python3.12/site-packages/airflow/example_dags/example_branch_labels.py
[2024-05-03T17:25:29.757+0000] {processor.py:830} INFO - Processing file /home/airflow/.local/lib/python3.12/site-packages/airflow/example_dags/example_branch_labels.py for tasks to queue
[2024-05-03T17:25:29.758+0000] {logging_mixin.py:188} INFO - [2024-05-03T17:25:29.758+0000] {dagbag.py:540} INFO - Filling up the DagBag from /home/airflow/.local/lib/python3.12/site-packages/airflow/example_dags/example_branch_labels.py
[2024-05-03T17:25:29.762+0000] {processor.py:840} INFO - DAG(s) 'example_branch_labels' retrieved from /home/airflow/.local/lib/python3.12/site-packages/airflow/example_dags/example_branch_labels.py
[2024-05-03T17:25:29.775+0000] {logging_mixin.py:188} INFO - [2024-05-03T17:25:29.774+0000] {dag.py:3096} INFO - Sync 1 DAGs
[2024-05-03T17:25:29.786+0000] {logging_mixin.py:188} INFO - [2024-05-03T17:25:29.786+0000] {dag.py:3954} INFO - Setting next_dagrun for example_branch_labels to 2024-05-02 00:00:00+00:00, run_after=2024-05-03 00:00:00+00:00
[2024-05-03T17:25:29.795+0000] {processor.py:183} INFO - Processing /home/airflow/.local/lib/python3.12/site-packages/airflow/example_dags/example_branch_labels.py took 0.042 seconds
[2024-05-03T17:25:59.983+0000] {processor.py:161} INFO - Started process (PID=6913) to work on /home/airflow/.local/lib/python3.12/site-packages/airflow/example_dags/example_branch_labels.py
[2024-05-03T17:25:59.984+0000] {processor.py:830} INFO - Processing file /home/airflow/.local/lib/python3.12/site-packages/airflow/example_dags/example_branch_labels.py for tasks to queue
[2024-05-03T17:25:59.986+0000] {logging_mixin.py:188} INFO - [2024-05-03T17:25:59.986+0000] {dagbag.py:540} INFO - Filling up the DagBag from /home/airflow/.local/lib/python3.12/site-packages/airflow/example_dags/example_branch_labels.py
[2024-05-03T17:25:59.990+0000] {processor.py:840} INFO - DAG(s) 'example_branch_labels' retrieved from /home/airflow/.local/lib/python3.12/site-packages/airflow/example_dags/example_branch_labels.py
[2024-05-03T17:26:00.003+0000] {logging_mixin.py:188} INFO - [2024-05-03T17:26:00.003+0000] {dag.py:3096} INFO - Sync 1 DAGs
[2024-05-03T17:26:00.014+0000] {logging_mixin.py:188} INFO - [2024-05-03T17:26:00.014+0000] {dag.py:3954} INFO - Setting next_dagrun for example_branch_labels to 2024-05-02 00:00:00+00:00, run_after=2024-05-03 00:00:00+00:00
[2024-05-03T17:26:00.023+0000] {processor.py:183} INFO - Processing /home/airflow/.local/lib/python3.12/site-packages/airflow/example_dags/example_branch_labels.py took 0.043 seconds
[2024-05-03T17:26:30.724+0000] {processor.py:161} INFO - Started process (PID=7175) to work on /home/airflow/.local/lib/python3.12/site-packages/airflow/example_dags/example_branch_labels.py
[2024-05-03T17:26:30.725+0000] {processor.py:830} INFO - Processing file /home/airflow/.local/lib/python3.12/site-packages/airflow/example_dags/example_branch_labels.py for tasks to queue
[2024-05-03T17:26:30.726+0000] {logging_mixin.py:188} INFO - [2024-05-03T17:26:30.725+0000] {dagbag.py:540} INFO - Filling up the DagBag from /home/airflow/.local/lib/python3.12/site-packages/airflow/example_dags/example_branch_labels.py
[2024-05-03T17:26:30.729+0000] {processor.py:840} INFO - DAG(s) 'example_branch_labels' retrieved from /home/airflow/.local/lib/python3.12/site-packages/airflow/example_dags/example_branch_labels.py
[2024-05-03T17:26:30.740+0000] {logging_mixin.py:188} INFO - [2024-05-03T17:26:30.740+0000] {dag.py:3096} INFO - Sync 1 DAGs
[2024-05-03T17:26:30.750+0000] {logging_mixin.py:188} INFO - [2024-05-03T17:26:30.750+0000] {dag.py:3954} INFO - Setting next_dagrun for example_branch_labels to 2024-05-02 00:00:00+00:00, run_after=2024-05-03 00:00:00+00:00
[2024-05-03T17:26:30.757+0000] {processor.py:183} INFO - Processing /home/airflow/.local/lib/python3.12/site-packages/airflow/example_dags/example_branch_labels.py took 0.036 seconds
[2024-05-03T17:27:01.176+0000] {processor.py:161} INFO - Started process (PID=7437) to work on /home/airflow/.local/lib/python3.12/site-packages/airflow/example_dags/example_branch_labels.py
[2024-05-03T17:27:01.177+0000] {processor.py:830} INFO - Processing file /home/airflow/.local/lib/python3.12/site-packages/airflow/example_dags/example_branch_labels.py for tasks to queue
[2024-05-03T17:27:01.178+0000] {logging_mixin.py:188} INFO - [2024-05-03T17:27:01.177+0000] {dagbag.py:540} INFO - Filling up the DagBag from /home/airflow/.local/lib/python3.12/site-packages/airflow/example_dags/example_branch_labels.py
[2024-05-03T17:27:01.181+0000] {processor.py:840} INFO - DAG(s) 'example_branch_labels' retrieved from /home/airflow/.local/lib/python3.12/site-packages/airflow/example_dags/example_branch_labels.py
[2024-05-03T17:27:01.192+0000] {logging_mixin.py:188} INFO - [2024-05-03T17:27:01.192+0000] {dag.py:3096} INFO - Sync 1 DAGs
[2024-05-03T17:27:01.202+0000] {logging_mixin.py:188} INFO - [2024-05-03T17:27:01.202+0000] {dag.py:3954} INFO - Setting next_dagrun for example_branch_labels to 2024-05-02 00:00:00+00:00, run_after=2024-05-03 00:00:00+00:00
[2024-05-03T17:27:01.209+0000] {processor.py:183} INFO - Processing /home/airflow/.local/lib/python3.12/site-packages/airflow/example_dags/example_branch_labels.py took 0.036 seconds
