[2024-05-03T17:13:15.326+0000] {processor.py:161} INFO - Started process (PID=288) to work on /home/airflow/.local/lib/python3.12/site-packages/airflow/example_dags/example_task_group.py
[2024-05-03T17:13:15.327+0000] {processor.py:830} INFO - Processing file /home/airflow/.local/lib/python3.12/site-packages/airflow/example_dags/example_task_group.py for tasks to queue
[2024-05-03T17:13:15.328+0000] {logging_mixin.py:188} INFO - [2024-05-03T17:13:15.328+0000] {dagbag.py:540} INFO - Filling up the DagBag from /home/airflow/.local/lib/python3.12/site-packages/airflow/example_dags/example_task_group.py
[2024-05-03T17:13:15.333+0000] {processor.py:840} INFO - DAG(s) 'example_task_group' retrieved from /home/airflow/.local/lib/python3.12/site-packages/airflow/example_dags/example_task_group.py
[2024-05-03T17:13:15.339+0000] {logging_mixin.py:188} INFO - [2024-05-03T17:13:15.339+0000] {dag.py:3096} INFO - Sync 1 DAGs
[2024-05-03T17:13:15.353+0000] {logging_mixin.py:188} INFO - [2024-05-03T17:13:15.353+0000] {dag.py:3954} INFO - Setting next_dagrun for example_task_group to 2024-05-02 00:00:00+00:00, run_after=2024-05-03 00:00:00+00:00
[2024-05-03T17:13:15.366+0000] {processor.py:183} INFO - Processing /home/airflow/.local/lib/python3.12/site-packages/airflow/example_dags/example_task_group.py took 0.043 seconds
[2024-05-03T17:13:46.579+0000] {processor.py:161} INFO - Started process (PID=550) to work on /home/airflow/.local/lib/python3.12/site-packages/airflow/example_dags/example_task_group.py
[2024-05-03T17:13:46.580+0000] {processor.py:830} INFO - Processing file /home/airflow/.local/lib/python3.12/site-packages/airflow/example_dags/example_task_group.py for tasks to queue
[2024-05-03T17:13:46.581+0000] {logging_mixin.py:188} INFO - [2024-05-03T17:13:46.581+0000] {dagbag.py:540} INFO - Filling up the DagBag from /home/airflow/.local/lib/python3.12/site-packages/airflow/example_dags/example_task_group.py
[2024-05-03T17:13:46.585+0000] {processor.py:840} INFO - DAG(s) 'example_task_group' retrieved from /home/airflow/.local/lib/python3.12/site-packages/airflow/example_dags/example_task_group.py
[2024-05-03T17:13:46.637+0000] {logging_mixin.py:188} INFO - [2024-05-03T17:13:46.636+0000] {dag.py:3096} INFO - Sync 1 DAGs
[2024-05-03T17:13:46.648+0000] {logging_mixin.py:188} INFO - [2024-05-03T17:13:46.647+0000] {dag.py:3954} INFO - Setting next_dagrun for example_task_group to 2024-05-02 00:00:00+00:00, run_after=2024-05-03 00:00:00+00:00
[2024-05-03T17:13:46.660+0000] {processor.py:183} INFO - Processing /home/airflow/.local/lib/python3.12/site-packages/airflow/example_dags/example_task_group.py took 0.084 seconds
[2024-05-03T17:14:17.236+0000] {processor.py:161} INFO - Started process (PID=812) to work on /home/airflow/.local/lib/python3.12/site-packages/airflow/example_dags/example_task_group.py
[2024-05-03T17:14:17.237+0000] {processor.py:830} INFO - Processing file /home/airflow/.local/lib/python3.12/site-packages/airflow/example_dags/example_task_group.py for tasks to queue
[2024-05-03T17:14:17.238+0000] {logging_mixin.py:188} INFO - [2024-05-03T17:14:17.238+0000] {dagbag.py:540} INFO - Filling up the DagBag from /home/airflow/.local/lib/python3.12/site-packages/airflow/example_dags/example_task_group.py
[2024-05-03T17:14:17.242+0000] {processor.py:840} INFO - DAG(s) 'example_task_group' retrieved from /home/airflow/.local/lib/python3.12/site-packages/airflow/example_dags/example_task_group.py
[2024-05-03T17:14:17.253+0000] {logging_mixin.py:188} INFO - [2024-05-03T17:14:17.252+0000] {dag.py:3096} INFO - Sync 1 DAGs
[2024-05-03T17:14:17.263+0000] {logging_mixin.py:188} INFO - [2024-05-03T17:14:17.263+0000] {dag.py:3954} INFO - Setting next_dagrun for example_task_group to 2024-05-02 00:00:00+00:00, run_after=2024-05-03 00:00:00+00:00
[2024-05-03T17:14:17.272+0000] {processor.py:183} INFO - Processing /home/airflow/.local/lib/python3.12/site-packages/airflow/example_dags/example_task_group.py took 0.039 seconds
[2024-05-03T17:14:47.920+0000] {processor.py:161} INFO - Started process (PID=1074) to work on /home/airflow/.local/lib/python3.12/site-packages/airflow/example_dags/example_task_group.py
[2024-05-03T17:14:47.921+0000] {processor.py:830} INFO - Processing file /home/airflow/.local/lib/python3.12/site-packages/airflow/example_dags/example_task_group.py for tasks to queue
[2024-05-03T17:14:47.922+0000] {logging_mixin.py:188} INFO - [2024-05-03T17:14:47.922+0000] {dagbag.py:540} INFO - Filling up the DagBag from /home/airflow/.local/lib/python3.12/site-packages/airflow/example_dags/example_task_group.py
[2024-05-03T17:14:47.926+0000] {processor.py:840} INFO - DAG(s) 'example_task_group' retrieved from /home/airflow/.local/lib/python3.12/site-packages/airflow/example_dags/example_task_group.py
[2024-05-03T17:14:47.937+0000] {logging_mixin.py:188} INFO - [2024-05-03T17:14:47.936+0000] {dag.py:3096} INFO - Sync 1 DAGs
[2024-05-03T17:14:47.947+0000] {logging_mixin.py:188} INFO - [2024-05-03T17:14:47.947+0000] {dag.py:3954} INFO - Setting next_dagrun for example_task_group to 2024-05-02 00:00:00+00:00, run_after=2024-05-03 00:00:00+00:00
[2024-05-03T17:14:47.956+0000] {processor.py:183} INFO - Processing /home/airflow/.local/lib/python3.12/site-packages/airflow/example_dags/example_task_group.py took 0.039 seconds
[2024-05-03T17:15:18.885+0000] {processor.py:161} INFO - Started process (PID=1336) to work on /home/airflow/.local/lib/python3.12/site-packages/airflow/example_dags/example_task_group.py
[2024-05-03T17:15:18.886+0000] {processor.py:830} INFO - Processing file /home/airflow/.local/lib/python3.12/site-packages/airflow/example_dags/example_task_group.py for tasks to queue
[2024-05-03T17:15:18.887+0000] {logging_mixin.py:188} INFO - [2024-05-03T17:15:18.887+0000] {dagbag.py:540} INFO - Filling up the DagBag from /home/airflow/.local/lib/python3.12/site-packages/airflow/example_dags/example_task_group.py
[2024-05-03T17:15:18.891+0000] {processor.py:840} INFO - DAG(s) 'example_task_group' retrieved from /home/airflow/.local/lib/python3.12/site-packages/airflow/example_dags/example_task_group.py
[2024-05-03T17:15:18.903+0000] {logging_mixin.py:188} INFO - [2024-05-03T17:15:18.902+0000] {dag.py:3096} INFO - Sync 1 DAGs
[2024-05-03T17:15:18.920+0000] {logging_mixin.py:188} INFO - [2024-05-03T17:15:18.920+0000] {dag.py:3954} INFO - Setting next_dagrun for example_task_group to 2024-05-02 00:00:00+00:00, run_after=2024-05-03 00:00:00+00:00
[2024-05-03T17:15:18.942+0000] {processor.py:183} INFO - Processing /home/airflow/.local/lib/python3.12/site-packages/airflow/example_dags/example_task_group.py took 0.060 seconds
[2024-05-03T17:15:49.001+0000] {processor.py:161} INFO - Started process (PID=1598) to work on /home/airflow/.local/lib/python3.12/site-packages/airflow/example_dags/example_task_group.py
[2024-05-03T17:15:49.001+0000] {processor.py:830} INFO - Processing file /home/airflow/.local/lib/python3.12/site-packages/airflow/example_dags/example_task_group.py for tasks to queue
[2024-05-03T17:15:49.002+0000] {logging_mixin.py:188} INFO - [2024-05-03T17:15:49.002+0000] {dagbag.py:540} INFO - Filling up the DagBag from /home/airflow/.local/lib/python3.12/site-packages/airflow/example_dags/example_task_group.py
[2024-05-03T17:15:49.006+0000] {processor.py:840} INFO - DAG(s) 'example_task_group' retrieved from /home/airflow/.local/lib/python3.12/site-packages/airflow/example_dags/example_task_group.py
[2024-05-03T17:15:49.016+0000] {logging_mixin.py:188} INFO - [2024-05-03T17:15:49.016+0000] {dag.py:3096} INFO - Sync 1 DAGs
[2024-05-03T17:15:49.027+0000] {logging_mixin.py:188} INFO - [2024-05-03T17:15:49.027+0000] {dag.py:3954} INFO - Setting next_dagrun for example_task_group to 2024-05-02 00:00:00+00:00, run_after=2024-05-03 00:00:00+00:00
[2024-05-03T17:15:49.036+0000] {processor.py:183} INFO - Processing /home/airflow/.local/lib/python3.12/site-packages/airflow/example_dags/example_task_group.py took 0.038 seconds
[2024-05-03T17:16:19.812+0000] {processor.py:161} INFO - Started process (PID=1860) to work on /home/airflow/.local/lib/python3.12/site-packages/airflow/example_dags/example_task_group.py
[2024-05-03T17:16:19.813+0000] {processor.py:830} INFO - Processing file /home/airflow/.local/lib/python3.12/site-packages/airflow/example_dags/example_task_group.py for tasks to queue
[2024-05-03T17:16:19.814+0000] {logging_mixin.py:188} INFO - [2024-05-03T17:16:19.814+0000] {dagbag.py:540} INFO - Filling up the DagBag from /home/airflow/.local/lib/python3.12/site-packages/airflow/example_dags/example_task_group.py
[2024-05-03T17:16:19.817+0000] {processor.py:840} INFO - DAG(s) 'example_task_group' retrieved from /home/airflow/.local/lib/python3.12/site-packages/airflow/example_dags/example_task_group.py
[2024-05-03T17:16:19.828+0000] {logging_mixin.py:188} INFO - [2024-05-03T17:16:19.828+0000] {dag.py:3096} INFO - Sync 1 DAGs
[2024-05-03T17:16:19.838+0000] {logging_mixin.py:188} INFO - [2024-05-03T17:16:19.837+0000] {dag.py:3954} INFO - Setting next_dagrun for example_task_group to 2024-05-02 00:00:00+00:00, run_after=2024-05-03 00:00:00+00:00
[2024-05-03T17:16:19.846+0000] {processor.py:183} INFO - Processing /home/airflow/.local/lib/python3.12/site-packages/airflow/example_dags/example_task_group.py took 0.036 seconds
[2024-05-03T17:16:50.677+0000] {processor.py:161} INFO - Started process (PID=2122) to work on /home/airflow/.local/lib/python3.12/site-packages/airflow/example_dags/example_task_group.py
[2024-05-03T17:16:50.678+0000] {processor.py:830} INFO - Processing file /home/airflow/.local/lib/python3.12/site-packages/airflow/example_dags/example_task_group.py for tasks to queue
[2024-05-03T17:16:50.679+0000] {logging_mixin.py:188} INFO - [2024-05-03T17:16:50.679+0000] {dagbag.py:540} INFO - Filling up the DagBag from /home/airflow/.local/lib/python3.12/site-packages/airflow/example_dags/example_task_group.py
[2024-05-03T17:16:50.682+0000] {processor.py:840} INFO - DAG(s) 'example_task_group' retrieved from /home/airflow/.local/lib/python3.12/site-packages/airflow/example_dags/example_task_group.py
[2024-05-03T17:16:50.694+0000] {logging_mixin.py:188} INFO - [2024-05-03T17:16:50.694+0000] {dag.py:3096} INFO - Sync 1 DAGs
[2024-05-03T17:16:50.704+0000] {logging_mixin.py:188} INFO - [2024-05-03T17:16:50.704+0000] {dag.py:3954} INFO - Setting next_dagrun for example_task_group to 2024-05-02 00:00:00+00:00, run_after=2024-05-03 00:00:00+00:00
[2024-05-03T17:16:50.713+0000] {processor.py:183} INFO - Processing /home/airflow/.local/lib/python3.12/site-packages/airflow/example_dags/example_task_group.py took 0.038 seconds
[2024-05-03T17:17:20.784+0000] {processor.py:161} INFO - Started process (PID=2384) to work on /home/airflow/.local/lib/python3.12/site-packages/airflow/example_dags/example_task_group.py
[2024-05-03T17:17:20.784+0000] {processor.py:830} INFO - Processing file /home/airflow/.local/lib/python3.12/site-packages/airflow/example_dags/example_task_group.py for tasks to queue
[2024-05-03T17:17:20.786+0000] {logging_mixin.py:188} INFO - [2024-05-03T17:17:20.785+0000] {dagbag.py:540} INFO - Filling up the DagBag from /home/airflow/.local/lib/python3.12/site-packages/airflow/example_dags/example_task_group.py
[2024-05-03T17:17:20.789+0000] {processor.py:840} INFO - DAG(s) 'example_task_group' retrieved from /home/airflow/.local/lib/python3.12/site-packages/airflow/example_dags/example_task_group.py
[2024-05-03T17:17:20.801+0000] {logging_mixin.py:188} INFO - [2024-05-03T17:17:20.801+0000] {dag.py:3096} INFO - Sync 1 DAGs
[2024-05-03T17:17:20.813+0000] {logging_mixin.py:188} INFO - [2024-05-03T17:17:20.812+0000] {dag.py:3954} INFO - Setting next_dagrun for example_task_group to 2024-05-02 00:00:00+00:00, run_after=2024-05-03 00:00:00+00:00
[2024-05-03T17:17:20.822+0000] {processor.py:183} INFO - Processing /home/airflow/.local/lib/python3.12/site-packages/airflow/example_dags/example_task_group.py took 0.041 seconds
[2024-05-03T17:17:51.691+0000] {processor.py:161} INFO - Started process (PID=2646) to work on /home/airflow/.local/lib/python3.12/site-packages/airflow/example_dags/example_task_group.py
[2024-05-03T17:17:51.692+0000] {processor.py:830} INFO - Processing file /home/airflow/.local/lib/python3.12/site-packages/airflow/example_dags/example_task_group.py for tasks to queue
[2024-05-03T17:17:51.693+0000] {logging_mixin.py:188} INFO - [2024-05-03T17:17:51.693+0000] {dagbag.py:540} INFO - Filling up the DagBag from /home/airflow/.local/lib/python3.12/site-packages/airflow/example_dags/example_task_group.py
[2024-05-03T17:17:51.697+0000] {processor.py:840} INFO - DAG(s) 'example_task_group' retrieved from /home/airflow/.local/lib/python3.12/site-packages/airflow/example_dags/example_task_group.py
[2024-05-03T17:17:51.709+0000] {logging_mixin.py:188} INFO - [2024-05-03T17:17:51.709+0000] {dag.py:3096} INFO - Sync 1 DAGs
[2024-05-03T17:17:51.720+0000] {logging_mixin.py:188} INFO - [2024-05-03T17:17:51.720+0000] {dag.py:3954} INFO - Setting next_dagrun for example_task_group to 2024-05-02 00:00:00+00:00, run_after=2024-05-03 00:00:00+00:00
[2024-05-03T17:17:51.730+0000] {processor.py:183} INFO - Processing /home/airflow/.local/lib/python3.12/site-packages/airflow/example_dags/example_task_group.py took 0.042 seconds
[2024-05-03T17:18:21.973+0000] {processor.py:161} INFO - Started process (PID=2907) to work on /home/airflow/.local/lib/python3.12/site-packages/airflow/example_dags/example_task_group.py
[2024-05-03T17:18:21.974+0000] {processor.py:830} INFO - Processing file /home/airflow/.local/lib/python3.12/site-packages/airflow/example_dags/example_task_group.py for tasks to queue
[2024-05-03T17:18:21.975+0000] {logging_mixin.py:188} INFO - [2024-05-03T17:18:21.975+0000] {dagbag.py:540} INFO - Filling up the DagBag from /home/airflow/.local/lib/python3.12/site-packages/airflow/example_dags/example_task_group.py
[2024-05-03T17:18:21.979+0000] {processor.py:840} INFO - DAG(s) 'example_task_group' retrieved from /home/airflow/.local/lib/python3.12/site-packages/airflow/example_dags/example_task_group.py
[2024-05-03T17:18:21.996+0000] {logging_mixin.py:188} INFO - [2024-05-03T17:18:21.996+0000] {dag.py:3096} INFO - Sync 1 DAGs
[2024-05-03T17:18:22.009+0000] {logging_mixin.py:188} INFO - [2024-05-03T17:18:22.009+0000] {dag.py:3954} INFO - Setting next_dagrun for example_task_group to 2024-05-02 00:00:00+00:00, run_after=2024-05-03 00:00:00+00:00
[2024-05-03T17:18:22.020+0000] {processor.py:183} INFO - Processing /home/airflow/.local/lib/python3.12/site-packages/airflow/example_dags/example_task_group.py took 0.051 seconds
[2024-05-03T17:18:52.083+0000] {processor.py:161} INFO - Started process (PID=3171) to work on /home/airflow/.local/lib/python3.12/site-packages/airflow/example_dags/example_task_group.py
[2024-05-03T17:18:52.083+0000] {processor.py:830} INFO - Processing file /home/airflow/.local/lib/python3.12/site-packages/airflow/example_dags/example_task_group.py for tasks to queue
[2024-05-03T17:18:52.084+0000] {logging_mixin.py:188} INFO - [2024-05-03T17:18:52.084+0000] {dagbag.py:540} INFO - Filling up the DagBag from /home/airflow/.local/lib/python3.12/site-packages/airflow/example_dags/example_task_group.py
[2024-05-03T17:18:52.088+0000] {processor.py:840} INFO - DAG(s) 'example_task_group' retrieved from /home/airflow/.local/lib/python3.12/site-packages/airflow/example_dags/example_task_group.py
[2024-05-03T17:18:52.095+0000] {logging_mixin.py:188} INFO - [2024-05-03T17:18:52.095+0000] {dag.py:3096} INFO - Sync 1 DAGs
[2024-05-03T17:18:52.106+0000] {logging_mixin.py:188} INFO - [2024-05-03T17:18:52.106+0000] {dag.py:3954} INFO - Setting next_dagrun for example_task_group to 2024-05-02 00:00:00+00:00, run_after=2024-05-03 00:00:00+00:00
[2024-05-03T17:18:52.115+0000] {processor.py:183} INFO - Processing /home/airflow/.local/lib/python3.12/site-packages/airflow/example_dags/example_task_group.py took 0.035 seconds
[2024-05-03T17:19:22.938+0000] {processor.py:161} INFO - Started process (PID=3430) to work on /home/airflow/.local/lib/python3.12/site-packages/airflow/example_dags/example_task_group.py
[2024-05-03T17:19:22.938+0000] {processor.py:830} INFO - Processing file /home/airflow/.local/lib/python3.12/site-packages/airflow/example_dags/example_task_group.py for tasks to queue
[2024-05-03T17:19:22.939+0000] {logging_mixin.py:188} INFO - [2024-05-03T17:19:22.939+0000] {dagbag.py:540} INFO - Filling up the DagBag from /home/airflow/.local/lib/python3.12/site-packages/airflow/example_dags/example_task_group.py
[2024-05-03T17:19:22.943+0000] {processor.py:840} INFO - DAG(s) 'example_task_group' retrieved from /home/airflow/.local/lib/python3.12/site-packages/airflow/example_dags/example_task_group.py
[2024-05-03T17:19:22.989+0000] {logging_mixin.py:188} INFO - [2024-05-03T17:19:22.989+0000] {dag.py:3096} INFO - Sync 1 DAGs
[2024-05-03T17:19:22.998+0000] {logging_mixin.py:188} INFO - [2024-05-03T17:19:22.998+0000] {dag.py:3954} INFO - Setting next_dagrun for example_task_group to 2024-05-02 00:00:00+00:00, run_after=2024-05-03 00:00:00+00:00
[2024-05-03T17:19:23.006+0000] {processor.py:183} INFO - Processing /home/airflow/.local/lib/python3.12/site-packages/airflow/example_dags/example_task_group.py took 0.072 seconds
[2024-05-03T17:19:53.219+0000] {processor.py:161} INFO - Started process (PID=3692) to work on /home/airflow/.local/lib/python3.12/site-packages/airflow/example_dags/example_task_group.py
[2024-05-03T17:19:53.220+0000] {processor.py:830} INFO - Processing file /home/airflow/.local/lib/python3.12/site-packages/airflow/example_dags/example_task_group.py for tasks to queue
[2024-05-03T17:19:53.221+0000] {logging_mixin.py:188} INFO - [2024-05-03T17:19:53.221+0000] {dagbag.py:540} INFO - Filling up the DagBag from /home/airflow/.local/lib/python3.12/site-packages/airflow/example_dags/example_task_group.py
[2024-05-03T17:19:53.225+0000] {processor.py:840} INFO - DAG(s) 'example_task_group' retrieved from /home/airflow/.local/lib/python3.12/site-packages/airflow/example_dags/example_task_group.py
[2024-05-03T17:19:53.235+0000] {logging_mixin.py:188} INFO - [2024-05-03T17:19:53.235+0000] {dag.py:3096} INFO - Sync 1 DAGs
[2024-05-03T17:19:53.246+0000] {logging_mixin.py:188} INFO - [2024-05-03T17:19:53.246+0000] {dag.py:3954} INFO - Setting next_dagrun for example_task_group to 2024-05-02 00:00:00+00:00, run_after=2024-05-03 00:00:00+00:00
[2024-05-03T17:19:53.254+0000] {processor.py:183} INFO - Processing /home/airflow/.local/lib/python3.12/site-packages/airflow/example_dags/example_task_group.py took 0.038 seconds
[2024-05-03T17:20:23.330+0000] {processor.py:161} INFO - Started process (PID=3954) to work on /home/airflow/.local/lib/python3.12/site-packages/airflow/example_dags/example_task_group.py
[2024-05-03T17:20:23.331+0000] {processor.py:830} INFO - Processing file /home/airflow/.local/lib/python3.12/site-packages/airflow/example_dags/example_task_group.py for tasks to queue
[2024-05-03T17:20:23.332+0000] {logging_mixin.py:188} INFO - [2024-05-03T17:20:23.331+0000] {dagbag.py:540} INFO - Filling up the DagBag from /home/airflow/.local/lib/python3.12/site-packages/airflow/example_dags/example_task_group.py
[2024-05-03T17:20:23.335+0000] {processor.py:840} INFO - DAG(s) 'example_task_group' retrieved from /home/airflow/.local/lib/python3.12/site-packages/airflow/example_dags/example_task_group.py
[2024-05-03T17:20:23.346+0000] {logging_mixin.py:188} INFO - [2024-05-03T17:20:23.346+0000] {dag.py:3096} INFO - Sync 1 DAGs
[2024-05-03T17:20:23.356+0000] {logging_mixin.py:188} INFO - [2024-05-03T17:20:23.356+0000] {dag.py:3954} INFO - Setting next_dagrun for example_task_group to 2024-05-02 00:00:00+00:00, run_after=2024-05-03 00:00:00+00:00
[2024-05-03T17:20:23.364+0000] {processor.py:183} INFO - Processing /home/airflow/.local/lib/python3.12/site-packages/airflow/example_dags/example_task_group.py took 0.037 seconds
[2024-05-03T17:20:53.423+0000] {processor.py:161} INFO - Started process (PID=4216) to work on /home/airflow/.local/lib/python3.12/site-packages/airflow/example_dags/example_task_group.py
[2024-05-03T17:20:53.423+0000] {processor.py:830} INFO - Processing file /home/airflow/.local/lib/python3.12/site-packages/airflow/example_dags/example_task_group.py for tasks to queue
[2024-05-03T17:20:53.424+0000] {logging_mixin.py:188} INFO - [2024-05-03T17:20:53.424+0000] {dagbag.py:540} INFO - Filling up the DagBag from /home/airflow/.local/lib/python3.12/site-packages/airflow/example_dags/example_task_group.py
[2024-05-03T17:20:53.428+0000] {processor.py:840} INFO - DAG(s) 'example_task_group' retrieved from /home/airflow/.local/lib/python3.12/site-packages/airflow/example_dags/example_task_group.py
[2024-05-03T17:20:53.439+0000] {logging_mixin.py:188} INFO - [2024-05-03T17:20:53.439+0000] {dag.py:3096} INFO - Sync 1 DAGs
[2024-05-03T17:20:53.449+0000] {logging_mixin.py:188} INFO - [2024-05-03T17:20:53.449+0000] {dag.py:3954} INFO - Setting next_dagrun for example_task_group to 2024-05-02 00:00:00+00:00, run_after=2024-05-03 00:00:00+00:00
[2024-05-03T17:20:53.457+0000] {processor.py:183} INFO - Processing /home/airflow/.local/lib/python3.12/site-packages/airflow/example_dags/example_task_group.py took 0.038 seconds
[2024-05-03T17:21:24.426+0000] {processor.py:161} INFO - Started process (PID=4478) to work on /home/airflow/.local/lib/python3.12/site-packages/airflow/example_dags/example_task_group.py
[2024-05-03T17:21:24.426+0000] {processor.py:830} INFO - Processing file /home/airflow/.local/lib/python3.12/site-packages/airflow/example_dags/example_task_group.py for tasks to queue
[2024-05-03T17:21:24.427+0000] {logging_mixin.py:188} INFO - [2024-05-03T17:21:24.427+0000] {dagbag.py:540} INFO - Filling up the DagBag from /home/airflow/.local/lib/python3.12/site-packages/airflow/example_dags/example_task_group.py
[2024-05-03T17:21:24.431+0000] {processor.py:840} INFO - DAG(s) 'example_task_group' retrieved from /home/airflow/.local/lib/python3.12/site-packages/airflow/example_dags/example_task_group.py
[2024-05-03T17:21:24.441+0000] {logging_mixin.py:188} INFO - [2024-05-03T17:21:24.441+0000] {dag.py:3096} INFO - Sync 1 DAGs
[2024-05-03T17:21:24.451+0000] {logging_mixin.py:188} INFO - [2024-05-03T17:21:24.451+0000] {dag.py:3954} INFO - Setting next_dagrun for example_task_group to 2024-05-02 00:00:00+00:00, run_after=2024-05-03 00:00:00+00:00
[2024-05-03T17:21:24.459+0000] {processor.py:183} INFO - Processing /home/airflow/.local/lib/python3.12/site-packages/airflow/example_dags/example_task_group.py took 0.037 seconds
[2024-05-03T17:21:54.674+0000] {processor.py:161} INFO - Started process (PID=4740) to work on /home/airflow/.local/lib/python3.12/site-packages/airflow/example_dags/example_task_group.py
[2024-05-03T17:21:54.675+0000] {processor.py:830} INFO - Processing file /home/airflow/.local/lib/python3.12/site-packages/airflow/example_dags/example_task_group.py for tasks to queue
[2024-05-03T17:21:54.676+0000] {logging_mixin.py:188} INFO - [2024-05-03T17:21:54.676+0000] {dagbag.py:540} INFO - Filling up the DagBag from /home/airflow/.local/lib/python3.12/site-packages/airflow/example_dags/example_task_group.py
[2024-05-03T17:21:54.680+0000] {processor.py:840} INFO - DAG(s) 'example_task_group' retrieved from /home/airflow/.local/lib/python3.12/site-packages/airflow/example_dags/example_task_group.py
[2024-05-03T17:21:54.691+0000] {logging_mixin.py:188} INFO - [2024-05-03T17:21:54.691+0000] {dag.py:3096} INFO - Sync 1 DAGs
[2024-05-03T17:21:54.701+0000] {logging_mixin.py:188} INFO - [2024-05-03T17:21:54.701+0000] {dag.py:3954} INFO - Setting next_dagrun for example_task_group to 2024-05-02 00:00:00+00:00, run_after=2024-05-03 00:00:00+00:00
[2024-05-03T17:21:54.710+0000] {processor.py:183} INFO - Processing /home/airflow/.local/lib/python3.12/site-packages/airflow/example_dags/example_task_group.py took 0.038 seconds
[2024-05-03T17:22:24.890+0000] {processor.py:161} INFO - Started process (PID=5004) to work on /home/airflow/.local/lib/python3.12/site-packages/airflow/example_dags/example_task_group.py
[2024-05-03T17:22:24.891+0000] {processor.py:830} INFO - Processing file /home/airflow/.local/lib/python3.12/site-packages/airflow/example_dags/example_task_group.py for tasks to queue
[2024-05-03T17:22:24.892+0000] {logging_mixin.py:188} INFO - [2024-05-03T17:22:24.891+0000] {dagbag.py:540} INFO - Filling up the DagBag from /home/airflow/.local/lib/python3.12/site-packages/airflow/example_dags/example_task_group.py
[2024-05-03T17:22:24.895+0000] {processor.py:840} INFO - DAG(s) 'example_task_group' retrieved from /home/airflow/.local/lib/python3.12/site-packages/airflow/example_dags/example_task_group.py
[2024-05-03T17:22:24.907+0000] {logging_mixin.py:188} INFO - [2024-05-03T17:22:24.906+0000] {dag.py:3096} INFO - Sync 1 DAGs
[2024-05-03T17:22:24.916+0000] {logging_mixin.py:188} INFO - [2024-05-03T17:22:24.916+0000] {dag.py:3954} INFO - Setting next_dagrun for example_task_group to 2024-05-02 00:00:00+00:00, run_after=2024-05-03 00:00:00+00:00
[2024-05-03T17:22:24.924+0000] {processor.py:183} INFO - Processing /home/airflow/.local/lib/python3.12/site-packages/airflow/example_dags/example_task_group.py took 0.037 seconds
[2024-05-03T17:22:55.034+0000] {processor.py:161} INFO - Started process (PID=5264) to work on /home/airflow/.local/lib/python3.12/site-packages/airflow/example_dags/example_task_group.py
[2024-05-03T17:22:55.035+0000] {processor.py:830} INFO - Processing file /home/airflow/.local/lib/python3.12/site-packages/airflow/example_dags/example_task_group.py for tasks to queue
[2024-05-03T17:22:55.036+0000] {logging_mixin.py:188} INFO - [2024-05-03T17:22:55.036+0000] {dagbag.py:540} INFO - Filling up the DagBag from /home/airflow/.local/lib/python3.12/site-packages/airflow/example_dags/example_task_group.py
[2024-05-03T17:22:55.039+0000] {processor.py:840} INFO - DAG(s) 'example_task_group' retrieved from /home/airflow/.local/lib/python3.12/site-packages/airflow/example_dags/example_task_group.py
[2024-05-03T17:22:55.050+0000] {logging_mixin.py:188} INFO - [2024-05-03T17:22:55.050+0000] {dag.py:3096} INFO - Sync 1 DAGs
[2024-05-03T17:22:55.061+0000] {logging_mixin.py:188} INFO - [2024-05-03T17:22:55.061+0000] {dag.py:3954} INFO - Setting next_dagrun for example_task_group to 2024-05-02 00:00:00+00:00, run_after=2024-05-03 00:00:00+00:00
[2024-05-03T17:22:55.070+0000] {processor.py:183} INFO - Processing /home/airflow/.local/lib/python3.12/site-packages/airflow/example_dags/example_task_group.py took 0.039 seconds
[2024-05-03T17:23:25.206+0000] {processor.py:161} INFO - Started process (PID=5526) to work on /home/airflow/.local/lib/python3.12/site-packages/airflow/example_dags/example_task_group.py
[2024-05-03T17:23:25.206+0000] {processor.py:830} INFO - Processing file /home/airflow/.local/lib/python3.12/site-packages/airflow/example_dags/example_task_group.py for tasks to queue
[2024-05-03T17:23:25.207+0000] {logging_mixin.py:188} INFO - [2024-05-03T17:23:25.207+0000] {dagbag.py:540} INFO - Filling up the DagBag from /home/airflow/.local/lib/python3.12/site-packages/airflow/example_dags/example_task_group.py
[2024-05-03T17:23:25.210+0000] {processor.py:840} INFO - DAG(s) 'example_task_group' retrieved from /home/airflow/.local/lib/python3.12/site-packages/airflow/example_dags/example_task_group.py
[2024-05-03T17:23:25.220+0000] {logging_mixin.py:188} INFO - [2024-05-03T17:23:25.220+0000] {dag.py:3096} INFO - Sync 1 DAGs
[2024-05-03T17:23:25.233+0000] {logging_mixin.py:188} INFO - [2024-05-03T17:23:25.233+0000] {dag.py:3954} INFO - Setting next_dagrun for example_task_group to 2024-05-02 00:00:00+00:00, run_after=2024-05-03 00:00:00+00:00
[2024-05-03T17:23:25.241+0000] {processor.py:183} INFO - Processing /home/airflow/.local/lib/python3.12/site-packages/airflow/example_dags/example_task_group.py took 0.038 seconds
[2024-05-03T17:23:55.373+0000] {processor.py:161} INFO - Started process (PID=5788) to work on /home/airflow/.local/lib/python3.12/site-packages/airflow/example_dags/example_task_group.py
[2024-05-03T17:23:55.374+0000] {processor.py:830} INFO - Processing file /home/airflow/.local/lib/python3.12/site-packages/airflow/example_dags/example_task_group.py for tasks to queue
[2024-05-03T17:23:55.376+0000] {logging_mixin.py:188} INFO - [2024-05-03T17:23:55.375+0000] {dagbag.py:540} INFO - Filling up the DagBag from /home/airflow/.local/lib/python3.12/site-packages/airflow/example_dags/example_task_group.py
[2024-05-03T17:23:55.380+0000] {processor.py:840} INFO - DAG(s) 'example_task_group' retrieved from /home/airflow/.local/lib/python3.12/site-packages/airflow/example_dags/example_task_group.py
[2024-05-03T17:23:55.392+0000] {logging_mixin.py:188} INFO - [2024-05-03T17:23:55.392+0000] {dag.py:3096} INFO - Sync 1 DAGs
[2024-05-03T17:23:55.403+0000] {logging_mixin.py:188} INFO - [2024-05-03T17:23:55.403+0000] {dag.py:3954} INFO - Setting next_dagrun for example_task_group to 2024-05-02 00:00:00+00:00, run_after=2024-05-03 00:00:00+00:00
[2024-05-03T17:23:55.511+0000] {processor.py:183} INFO - Processing /home/airflow/.local/lib/python3.12/site-packages/airflow/example_dags/example_task_group.py took 0.141 seconds
[2024-05-03T17:24:25.611+0000] {processor.py:161} INFO - Started process (PID=6050) to work on /home/airflow/.local/lib/python3.12/site-packages/airflow/example_dags/example_task_group.py
[2024-05-03T17:24:25.612+0000] {processor.py:830} INFO - Processing file /home/airflow/.local/lib/python3.12/site-packages/airflow/example_dags/example_task_group.py for tasks to queue
[2024-05-03T17:24:25.613+0000] {logging_mixin.py:188} INFO - [2024-05-03T17:24:25.613+0000] {dagbag.py:540} INFO - Filling up the DagBag from /home/airflow/.local/lib/python3.12/site-packages/airflow/example_dags/example_task_group.py
[2024-05-03T17:24:25.617+0000] {processor.py:840} INFO - DAG(s) 'example_task_group' retrieved from /home/airflow/.local/lib/python3.12/site-packages/airflow/example_dags/example_task_group.py
[2024-05-03T17:24:25.627+0000] {logging_mixin.py:188} INFO - [2024-05-03T17:24:25.627+0000] {dag.py:3096} INFO - Sync 1 DAGs
[2024-05-03T17:24:25.638+0000] {logging_mixin.py:188} INFO - [2024-05-03T17:24:25.638+0000] {dag.py:3954} INFO - Setting next_dagrun for example_task_group to 2024-05-02 00:00:00+00:00, run_after=2024-05-03 00:00:00+00:00
[2024-05-03T17:24:25.647+0000] {processor.py:183} INFO - Processing /home/airflow/.local/lib/python3.12/site-packages/airflow/example_dags/example_task_group.py took 0.038 seconds
[2024-05-03T17:24:56.024+0000] {processor.py:161} INFO - Started process (PID=6314) to work on /home/airflow/.local/lib/python3.12/site-packages/airflow/example_dags/example_task_group.py
[2024-05-03T17:24:56.024+0000] {processor.py:830} INFO - Processing file /home/airflow/.local/lib/python3.12/site-packages/airflow/example_dags/example_task_group.py for tasks to queue
[2024-05-03T17:24:56.025+0000] {logging_mixin.py:188} INFO - [2024-05-03T17:24:56.025+0000] {dagbag.py:540} INFO - Filling up the DagBag from /home/airflow/.local/lib/python3.12/site-packages/airflow/example_dags/example_task_group.py
[2024-05-03T17:24:56.029+0000] {processor.py:840} INFO - DAG(s) 'example_task_group' retrieved from /home/airflow/.local/lib/python3.12/site-packages/airflow/example_dags/example_task_group.py
[2024-05-03T17:24:56.040+0000] {logging_mixin.py:188} INFO - [2024-05-03T17:24:56.039+0000] {dag.py:3096} INFO - Sync 1 DAGs
[2024-05-03T17:24:56.049+0000] {logging_mixin.py:188} INFO - [2024-05-03T17:24:56.049+0000] {dag.py:3954} INFO - Setting next_dagrun for example_task_group to 2024-05-02 00:00:00+00:00, run_after=2024-05-03 00:00:00+00:00
[2024-05-03T17:24:56.057+0000] {processor.py:183} INFO - Processing /home/airflow/.local/lib/python3.12/site-packages/airflow/example_dags/example_task_group.py took 0.036 seconds
[2024-05-03T17:25:26.264+0000] {processor.py:161} INFO - Started process (PID=6574) to work on /home/airflow/.local/lib/python3.12/site-packages/airflow/example_dags/example_task_group.py
[2024-05-03T17:25:26.264+0000] {processor.py:830} INFO - Processing file /home/airflow/.local/lib/python3.12/site-packages/airflow/example_dags/example_task_group.py for tasks to queue
[2024-05-03T17:25:26.265+0000] {logging_mixin.py:188} INFO - [2024-05-03T17:25:26.265+0000] {dagbag.py:540} INFO - Filling up the DagBag from /home/airflow/.local/lib/python3.12/site-packages/airflow/example_dags/example_task_group.py
[2024-05-03T17:25:26.269+0000] {processor.py:840} INFO - DAG(s) 'example_task_group' retrieved from /home/airflow/.local/lib/python3.12/site-packages/airflow/example_dags/example_task_group.py
[2024-05-03T17:25:26.279+0000] {logging_mixin.py:188} INFO - [2024-05-03T17:25:26.279+0000] {dag.py:3096} INFO - Sync 1 DAGs
[2024-05-03T17:25:26.289+0000] {logging_mixin.py:188} INFO - [2024-05-03T17:25:26.289+0000] {dag.py:3954} INFO - Setting next_dagrun for example_task_group to 2024-05-02 00:00:00+00:00, run_after=2024-05-03 00:00:00+00:00
[2024-05-03T17:25:26.297+0000] {processor.py:183} INFO - Processing /home/airflow/.local/lib/python3.12/site-packages/airflow/example_dags/example_task_group.py took 0.036 seconds
[2024-05-03T17:25:56.496+0000] {processor.py:161} INFO - Started process (PID=6836) to work on /home/airflow/.local/lib/python3.12/site-packages/airflow/example_dags/example_task_group.py
[2024-05-03T17:25:56.497+0000] {processor.py:830} INFO - Processing file /home/airflow/.local/lib/python3.12/site-packages/airflow/example_dags/example_task_group.py for tasks to queue
[2024-05-03T17:25:56.498+0000] {logging_mixin.py:188} INFO - [2024-05-03T17:25:56.498+0000] {dagbag.py:540} INFO - Filling up the DagBag from /home/airflow/.local/lib/python3.12/site-packages/airflow/example_dags/example_task_group.py
[2024-05-03T17:25:56.501+0000] {processor.py:840} INFO - DAG(s) 'example_task_group' retrieved from /home/airflow/.local/lib/python3.12/site-packages/airflow/example_dags/example_task_group.py
[2024-05-03T17:25:56.512+0000] {logging_mixin.py:188} INFO - [2024-05-03T17:25:56.512+0000] {dag.py:3096} INFO - Sync 1 DAGs
[2024-05-03T17:25:56.522+0000] {logging_mixin.py:188} INFO - [2024-05-03T17:25:56.522+0000] {dag.py:3954} INFO - Setting next_dagrun for example_task_group to 2024-05-02 00:00:00+00:00, run_after=2024-05-03 00:00:00+00:00
[2024-05-03T17:25:56.531+0000] {processor.py:183} INFO - Processing /home/airflow/.local/lib/python3.12/site-packages/airflow/example_dags/example_task_group.py took 0.037 seconds
[2024-05-03T17:26:27.226+0000] {processor.py:161} INFO - Started process (PID=7098) to work on /home/airflow/.local/lib/python3.12/site-packages/airflow/example_dags/example_task_group.py
[2024-05-03T17:26:27.229+0000] {processor.py:830} INFO - Processing file /home/airflow/.local/lib/python3.12/site-packages/airflow/example_dags/example_task_group.py for tasks to queue
[2024-05-03T17:26:27.230+0000] {logging_mixin.py:188} INFO - [2024-05-03T17:26:27.230+0000] {dagbag.py:540} INFO - Filling up the DagBag from /home/airflow/.local/lib/python3.12/site-packages/airflow/example_dags/example_task_group.py
[2024-05-03T17:26:27.234+0000] {processor.py:840} INFO - DAG(s) 'example_task_group' retrieved from /home/airflow/.local/lib/python3.12/site-packages/airflow/example_dags/example_task_group.py
[2024-05-03T17:26:27.245+0000] {logging_mixin.py:188} INFO - [2024-05-03T17:26:27.245+0000] {dag.py:3096} INFO - Sync 1 DAGs
[2024-05-03T17:26:27.255+0000] {logging_mixin.py:188} INFO - [2024-05-03T17:26:27.255+0000] {dag.py:3954} INFO - Setting next_dagrun for example_task_group to 2024-05-02 00:00:00+00:00, run_after=2024-05-03 00:00:00+00:00
[2024-05-03T17:26:27.264+0000] {processor.py:183} INFO - Processing /home/airflow/.local/lib/python3.12/site-packages/airflow/example_dags/example_task_group.py took 0.041 seconds
[2024-05-03T17:26:58.493+0000] {processor.py:161} INFO - Started process (PID=7360) to work on /home/airflow/.local/lib/python3.12/site-packages/airflow/example_dags/example_task_group.py
[2024-05-03T17:26:58.493+0000] {processor.py:830} INFO - Processing file /home/airflow/.local/lib/python3.12/site-packages/airflow/example_dags/example_task_group.py for tasks to queue
[2024-05-03T17:26:58.495+0000] {logging_mixin.py:188} INFO - [2024-05-03T17:26:58.494+0000] {dagbag.py:540} INFO - Filling up the DagBag from /home/airflow/.local/lib/python3.12/site-packages/airflow/example_dags/example_task_group.py
[2024-05-03T17:26:58.595+0000] {processor.py:840} INFO - DAG(s) 'example_task_group' retrieved from /home/airflow/.local/lib/python3.12/site-packages/airflow/example_dags/example_task_group.py
[2024-05-03T17:26:58.605+0000] {logging_mixin.py:188} INFO - [2024-05-03T17:26:58.604+0000] {dag.py:3096} INFO - Sync 1 DAGs
[2024-05-03T17:26:58.614+0000] {logging_mixin.py:188} INFO - [2024-05-03T17:26:58.614+0000] {dag.py:3954} INFO - Setting next_dagrun for example_task_group to 2024-05-02 00:00:00+00:00, run_after=2024-05-03 00:00:00+00:00
[2024-05-03T17:26:58.623+0000] {processor.py:183} INFO - Processing /home/airflow/.local/lib/python3.12/site-packages/airflow/example_dags/example_task_group.py took 0.133 seconds
