[2024-05-03T17:13:15.936+0000] {processor.py:161} INFO - Started process (PID=390) to work on /home/airflow/.local/lib/python3.12/site-packages/airflow/example_dags/tutorial_objectstorage.py
[2024-05-03T17:13:15.937+0000] {processor.py:830} INFO - Processing file /home/airflow/.local/lib/python3.12/site-packages/airflow/example_dags/tutorial_objectstorage.py for tasks to queue
[2024-05-03T17:13:15.938+0000] {logging_mixin.py:188} INFO - [2024-05-03T17:13:15.937+0000] {dagbag.py:540} INFO - Filling up the DagBag from /home/airflow/.local/lib/python3.12/site-packages/airflow/example_dags/tutorial_objectstorage.py
[2024-05-03T17:13:15.942+0000] {processor.py:840} INFO - DAG(s) 'tutorial_objectstorage' retrieved from /home/airflow/.local/lib/python3.12/site-packages/airflow/example_dags/tutorial_objectstorage.py
[2024-05-03T17:13:15.950+0000] {logging_mixin.py:188} INFO - [2024-05-03T17:13:15.950+0000] {dag.py:3096} INFO - Sync 1 DAGs
[2024-05-03T17:13:15.957+0000] {logging_mixin.py:188} INFO - [2024-05-03T17:13:15.957+0000] {dag.py:3954} INFO - Setting next_dagrun for tutorial_objectstorage to None, run_after=None
[2024-05-03T17:13:15.966+0000] {processor.py:183} INFO - Processing /home/airflow/.local/lib/python3.12/site-packages/airflow/example_dags/tutorial_objectstorage.py took 0.033 seconds
[2024-05-03T17:13:47.677+0000] {processor.py:161} INFO - Started process (PID=650) to work on /home/airflow/.local/lib/python3.12/site-packages/airflow/example_dags/tutorial_objectstorage.py
[2024-05-03T17:13:47.678+0000] {processor.py:830} INFO - Processing file /home/airflow/.local/lib/python3.12/site-packages/airflow/example_dags/tutorial_objectstorage.py for tasks to queue
[2024-05-03T17:13:47.679+0000] {logging_mixin.py:188} INFO - [2024-05-03T17:13:47.679+0000] {dagbag.py:540} INFO - Filling up the DagBag from /home/airflow/.local/lib/python3.12/site-packages/airflow/example_dags/tutorial_objectstorage.py
[2024-05-03T17:13:47.682+0000] {processor.py:840} INFO - DAG(s) 'tutorial_objectstorage' retrieved from /home/airflow/.local/lib/python3.12/site-packages/airflow/example_dags/tutorial_objectstorage.py
[2024-05-03T17:13:47.732+0000] {logging_mixin.py:188} INFO - [2024-05-03T17:13:47.732+0000] {dag.py:3096} INFO - Sync 1 DAGs
[2024-05-03T17:13:47.737+0000] {logging_mixin.py:188} INFO - [2024-05-03T17:13:47.737+0000] {dag.py:3954} INFO - Setting next_dagrun for tutorial_objectstorage to None, run_after=None
[2024-05-03T17:13:47.747+0000] {processor.py:183} INFO - Processing /home/airflow/.local/lib/python3.12/site-packages/airflow/example_dags/tutorial_objectstorage.py took 0.073 seconds
[2024-05-03T17:14:17.769+0000] {processor.py:161} INFO - Started process (PID=917) to work on /home/airflow/.local/lib/python3.12/site-packages/airflow/example_dags/tutorial_objectstorage.py
[2024-05-03T17:14:17.769+0000] {processor.py:830} INFO - Processing file /home/airflow/.local/lib/python3.12/site-packages/airflow/example_dags/tutorial_objectstorage.py for tasks to queue
[2024-05-03T17:14:17.771+0000] {logging_mixin.py:188} INFO - [2024-05-03T17:14:17.771+0000] {dagbag.py:540} INFO - Filling up the DagBag from /home/airflow/.local/lib/python3.12/site-packages/airflow/example_dags/tutorial_objectstorage.py
[2024-05-03T17:14:17.775+0000] {processor.py:840} INFO - DAG(s) 'tutorial_objectstorage' retrieved from /home/airflow/.local/lib/python3.12/site-packages/airflow/example_dags/tutorial_objectstorage.py
[2024-05-03T17:14:17.785+0000] {logging_mixin.py:188} INFO - [2024-05-03T17:14:17.785+0000] {dag.py:3096} INFO - Sync 1 DAGs
[2024-05-03T17:14:17.791+0000] {logging_mixin.py:188} INFO - [2024-05-03T17:14:17.791+0000] {dag.py:3954} INFO - Setting next_dagrun for tutorial_objectstorage to None, run_after=None
[2024-05-03T17:14:17.800+0000] {processor.py:183} INFO - Processing /home/airflow/.local/lib/python3.12/site-packages/airflow/example_dags/tutorial_objectstorage.py took 0.034 seconds
[2024-05-03T17:14:48.474+0000] {processor.py:161} INFO - Started process (PID=1174) to work on /home/airflow/.local/lib/python3.12/site-packages/airflow/example_dags/tutorial_objectstorage.py
[2024-05-03T17:14:48.475+0000] {processor.py:830} INFO - Processing file /home/airflow/.local/lib/python3.12/site-packages/airflow/example_dags/tutorial_objectstorage.py for tasks to queue
[2024-05-03T17:14:48.476+0000] {logging_mixin.py:188} INFO - [2024-05-03T17:14:48.476+0000] {dagbag.py:540} INFO - Filling up the DagBag from /home/airflow/.local/lib/python3.12/site-packages/airflow/example_dags/tutorial_objectstorage.py
[2024-05-03T17:14:48.480+0000] {processor.py:840} INFO - DAG(s) 'tutorial_objectstorage' retrieved from /home/airflow/.local/lib/python3.12/site-packages/airflow/example_dags/tutorial_objectstorage.py
[2024-05-03T17:14:48.490+0000] {logging_mixin.py:188} INFO - [2024-05-03T17:14:48.490+0000] {dag.py:3096} INFO - Sync 1 DAGs
[2024-05-03T17:14:48.496+0000] {logging_mixin.py:188} INFO - [2024-05-03T17:14:48.496+0000] {dag.py:3954} INFO - Setting next_dagrun for tutorial_objectstorage to None, run_after=None
[2024-05-03T17:14:48.505+0000] {processor.py:183} INFO - Processing /home/airflow/.local/lib/python3.12/site-packages/airflow/example_dags/tutorial_objectstorage.py took 0.034 seconds
[2024-05-03T17:15:19.496+0000] {processor.py:161} INFO - Started process (PID=1436) to work on /home/airflow/.local/lib/python3.12/site-packages/airflow/example_dags/tutorial_objectstorage.py
[2024-05-03T17:15:19.496+0000] {processor.py:830} INFO - Processing file /home/airflow/.local/lib/python3.12/site-packages/airflow/example_dags/tutorial_objectstorage.py for tasks to queue
[2024-05-03T17:15:19.498+0000] {logging_mixin.py:188} INFO - [2024-05-03T17:15:19.497+0000] {dagbag.py:540} INFO - Filling up the DagBag from /home/airflow/.local/lib/python3.12/site-packages/airflow/example_dags/tutorial_objectstorage.py
[2024-05-03T17:15:19.502+0000] {processor.py:840} INFO - DAG(s) 'tutorial_objectstorage' retrieved from /home/airflow/.local/lib/python3.12/site-packages/airflow/example_dags/tutorial_objectstorage.py
[2024-05-03T17:15:19.513+0000] {logging_mixin.py:188} INFO - [2024-05-03T17:15:19.513+0000] {dag.py:3096} INFO - Sync 1 DAGs
[2024-05-03T17:15:19.520+0000] {logging_mixin.py:188} INFO - [2024-05-03T17:15:19.520+0000] {dag.py:3954} INFO - Setting next_dagrun for tutorial_objectstorage to None, run_after=None
[2024-05-03T17:15:19.530+0000] {processor.py:183} INFO - Processing /home/airflow/.local/lib/python3.12/site-packages/airflow/example_dags/tutorial_objectstorage.py took 0.037 seconds
[2024-05-03T17:15:49.561+0000] {processor.py:161} INFO - Started process (PID=1698) to work on /home/airflow/.local/lib/python3.12/site-packages/airflow/example_dags/tutorial_objectstorage.py
[2024-05-03T17:15:49.562+0000] {processor.py:830} INFO - Processing file /home/airflow/.local/lib/python3.12/site-packages/airflow/example_dags/tutorial_objectstorage.py for tasks to queue
[2024-05-03T17:15:49.563+0000] {logging_mixin.py:188} INFO - [2024-05-03T17:15:49.563+0000] {dagbag.py:540} INFO - Filling up the DagBag from /home/airflow/.local/lib/python3.12/site-packages/airflow/example_dags/tutorial_objectstorage.py
[2024-05-03T17:15:49.567+0000] {processor.py:840} INFO - DAG(s) 'tutorial_objectstorage' retrieved from /home/airflow/.local/lib/python3.12/site-packages/airflow/example_dags/tutorial_objectstorage.py
[2024-05-03T17:15:49.577+0000] {logging_mixin.py:188} INFO - [2024-05-03T17:15:49.577+0000] {dag.py:3096} INFO - Sync 1 DAGs
[2024-05-03T17:15:49.583+0000] {logging_mixin.py:188} INFO - [2024-05-03T17:15:49.583+0000] {dag.py:3954} INFO - Setting next_dagrun for tutorial_objectstorage to None, run_after=None
[2024-05-03T17:15:49.593+0000] {processor.py:183} INFO - Processing /home/airflow/.local/lib/python3.12/site-packages/airflow/example_dags/tutorial_objectstorage.py took 0.034 seconds
[2024-05-03T17:16:20.407+0000] {processor.py:161} INFO - Started process (PID=1960) to work on /home/airflow/.local/lib/python3.12/site-packages/airflow/example_dags/tutorial_objectstorage.py
[2024-05-03T17:16:20.408+0000] {processor.py:830} INFO - Processing file /home/airflow/.local/lib/python3.12/site-packages/airflow/example_dags/tutorial_objectstorage.py for tasks to queue
[2024-05-03T17:16:20.409+0000] {logging_mixin.py:188} INFO - [2024-05-03T17:16:20.409+0000] {dagbag.py:540} INFO - Filling up the DagBag from /home/airflow/.local/lib/python3.12/site-packages/airflow/example_dags/tutorial_objectstorage.py
[2024-05-03T17:16:20.412+0000] {processor.py:840} INFO - DAG(s) 'tutorial_objectstorage' retrieved from /home/airflow/.local/lib/python3.12/site-packages/airflow/example_dags/tutorial_objectstorage.py
[2024-05-03T17:16:20.421+0000] {logging_mixin.py:188} INFO - [2024-05-03T17:16:20.421+0000] {dag.py:3096} INFO - Sync 1 DAGs
[2024-05-03T17:16:20.426+0000] {logging_mixin.py:188} INFO - [2024-05-03T17:16:20.426+0000] {dag.py:3954} INFO - Setting next_dagrun for tutorial_objectstorage to None, run_after=None
[2024-05-03T17:16:20.434+0000] {processor.py:183} INFO - Processing /home/airflow/.local/lib/python3.12/site-packages/airflow/example_dags/tutorial_objectstorage.py took 0.030 seconds
[2024-05-03T17:16:51.310+0000] {processor.py:161} INFO - Started process (PID=2222) to work on /home/airflow/.local/lib/python3.12/site-packages/airflow/example_dags/tutorial_objectstorage.py
[2024-05-03T17:16:51.311+0000] {processor.py:830} INFO - Processing file /home/airflow/.local/lib/python3.12/site-packages/airflow/example_dags/tutorial_objectstorage.py for tasks to queue
[2024-05-03T17:16:51.312+0000] {logging_mixin.py:188} INFO - [2024-05-03T17:16:51.312+0000] {dagbag.py:540} INFO - Filling up the DagBag from /home/airflow/.local/lib/python3.12/site-packages/airflow/example_dags/tutorial_objectstorage.py
[2024-05-03T17:16:51.316+0000] {processor.py:840} INFO - DAG(s) 'tutorial_objectstorage' retrieved from /home/airflow/.local/lib/python3.12/site-packages/airflow/example_dags/tutorial_objectstorage.py
[2024-05-03T17:16:51.326+0000] {logging_mixin.py:188} INFO - [2024-05-03T17:16:51.326+0000] {dag.py:3096} INFO - Sync 1 DAGs
[2024-05-03T17:16:51.332+0000] {logging_mixin.py:188} INFO - [2024-05-03T17:16:51.332+0000] {dag.py:3954} INFO - Setting next_dagrun for tutorial_objectstorage to None, run_after=None
[2024-05-03T17:16:51.341+0000] {processor.py:183} INFO - Processing /home/airflow/.local/lib/python3.12/site-packages/airflow/example_dags/tutorial_objectstorage.py took 0.035 seconds
[2024-05-03T17:17:22.391+0000] {processor.py:161} INFO - Started process (PID=2484) to work on /home/airflow/.local/lib/python3.12/site-packages/airflow/example_dags/tutorial_objectstorage.py
[2024-05-03T17:17:22.391+0000] {processor.py:830} INFO - Processing file /home/airflow/.local/lib/python3.12/site-packages/airflow/example_dags/tutorial_objectstorage.py for tasks to queue
[2024-05-03T17:17:22.392+0000] {logging_mixin.py:188} INFO - [2024-05-03T17:17:22.392+0000] {dagbag.py:540} INFO - Filling up the DagBag from /home/airflow/.local/lib/python3.12/site-packages/airflow/example_dags/tutorial_objectstorage.py
[2024-05-03T17:17:22.396+0000] {processor.py:840} INFO - DAG(s) 'tutorial_objectstorage' retrieved from /home/airflow/.local/lib/python3.12/site-packages/airflow/example_dags/tutorial_objectstorage.py
[2024-05-03T17:17:22.407+0000] {logging_mixin.py:188} INFO - [2024-05-03T17:17:22.407+0000] {dag.py:3096} INFO - Sync 1 DAGs
[2024-05-03T17:17:22.413+0000] {logging_mixin.py:188} INFO - [2024-05-03T17:17:22.413+0000] {dag.py:3954} INFO - Setting next_dagrun for tutorial_objectstorage to None, run_after=None
[2024-05-03T17:17:22.423+0000] {processor.py:183} INFO - Processing /home/airflow/.local/lib/python3.12/site-packages/airflow/example_dags/tutorial_objectstorage.py took 0.035 seconds
[2024-05-03T17:17:53.371+0000] {processor.py:161} INFO - Started process (PID=2746) to work on /home/airflow/.local/lib/python3.12/site-packages/airflow/example_dags/tutorial_objectstorage.py
[2024-05-03T17:17:53.372+0000] {processor.py:830} INFO - Processing file /home/airflow/.local/lib/python3.12/site-packages/airflow/example_dags/tutorial_objectstorage.py for tasks to queue
[2024-05-03T17:17:53.373+0000] {logging_mixin.py:188} INFO - [2024-05-03T17:17:53.373+0000] {dagbag.py:540} INFO - Filling up the DagBag from /home/airflow/.local/lib/python3.12/site-packages/airflow/example_dags/tutorial_objectstorage.py
[2024-05-03T17:17:53.377+0000] {processor.py:840} INFO - DAG(s) 'tutorial_objectstorage' retrieved from /home/airflow/.local/lib/python3.12/site-packages/airflow/example_dags/tutorial_objectstorage.py
[2024-05-03T17:17:53.388+0000] {logging_mixin.py:188} INFO - [2024-05-03T17:17:53.388+0000] {dag.py:3096} INFO - Sync 1 DAGs
[2024-05-03T17:17:53.394+0000] {logging_mixin.py:188} INFO - [2024-05-03T17:17:53.394+0000] {dag.py:3954} INFO - Setting next_dagrun for tutorial_objectstorage to None, run_after=None
[2024-05-03T17:17:53.404+0000] {processor.py:183} INFO - Processing /home/airflow/.local/lib/python3.12/site-packages/airflow/example_dags/tutorial_objectstorage.py took 0.036 seconds
[2024-05-03T17:18:23.553+0000] {processor.py:161} INFO - Started process (PID=3007) to work on /home/airflow/.local/lib/python3.12/site-packages/airflow/example_dags/tutorial_objectstorage.py
[2024-05-03T17:18:23.554+0000] {processor.py:830} INFO - Processing file /home/airflow/.local/lib/python3.12/site-packages/airflow/example_dags/tutorial_objectstorage.py for tasks to queue
[2024-05-03T17:18:23.555+0000] {logging_mixin.py:188} INFO - [2024-05-03T17:18:23.554+0000] {dagbag.py:540} INFO - Filling up the DagBag from /home/airflow/.local/lib/python3.12/site-packages/airflow/example_dags/tutorial_objectstorage.py
[2024-05-03T17:18:23.559+0000] {processor.py:840} INFO - DAG(s) 'tutorial_objectstorage' retrieved from /home/airflow/.local/lib/python3.12/site-packages/airflow/example_dags/tutorial_objectstorage.py
[2024-05-03T17:18:23.571+0000] {logging_mixin.py:188} INFO - [2024-05-03T17:18:23.571+0000] {dag.py:3096} INFO - Sync 1 DAGs
[2024-05-03T17:18:23.578+0000] {logging_mixin.py:188} INFO - [2024-05-03T17:18:23.578+0000] {dag.py:3954} INFO - Setting next_dagrun for tutorial_objectstorage to None, run_after=None
[2024-05-03T17:18:23.588+0000] {processor.py:183} INFO - Processing /home/airflow/.local/lib/python3.12/site-packages/airflow/example_dags/tutorial_objectstorage.py took 0.038 seconds
[2024-05-03T17:18:53.688+0000] {processor.py:161} INFO - Started process (PID=3269) to work on /home/airflow/.local/lib/python3.12/site-packages/airflow/example_dags/tutorial_objectstorage.py
[2024-05-03T17:18:53.689+0000] {processor.py:830} INFO - Processing file /home/airflow/.local/lib/python3.12/site-packages/airflow/example_dags/tutorial_objectstorage.py for tasks to queue
[2024-05-03T17:18:53.690+0000] {logging_mixin.py:188} INFO - [2024-05-03T17:18:53.690+0000] {dagbag.py:540} INFO - Filling up the DagBag from /home/airflow/.local/lib/python3.12/site-packages/airflow/example_dags/tutorial_objectstorage.py
[2024-05-03T17:18:53.694+0000] {processor.py:840} INFO - DAG(s) 'tutorial_objectstorage' retrieved from /home/airflow/.local/lib/python3.12/site-packages/airflow/example_dags/tutorial_objectstorage.py
[2024-05-03T17:18:53.701+0000] {logging_mixin.py:188} INFO - [2024-05-03T17:18:53.701+0000] {dag.py:3096} INFO - Sync 1 DAGs
[2024-05-03T17:18:53.709+0000] {logging_mixin.py:188} INFO - [2024-05-03T17:18:53.709+0000] {dag.py:3954} INFO - Setting next_dagrun for tutorial_objectstorage to None, run_after=None
[2024-05-03T17:18:53.720+0000] {processor.py:183} INFO - Processing /home/airflow/.local/lib/python3.12/site-packages/airflow/example_dags/tutorial_objectstorage.py took 0.035 seconds
[2024-05-03T17:19:24.965+0000] {processor.py:161} INFO - Started process (PID=3530) to work on /home/airflow/.local/lib/python3.12/site-packages/airflow/example_dags/tutorial_objectstorage.py
[2024-05-03T17:19:24.966+0000] {processor.py:830} INFO - Processing file /home/airflow/.local/lib/python3.12/site-packages/airflow/example_dags/tutorial_objectstorage.py for tasks to queue
[2024-05-03T17:19:24.967+0000] {logging_mixin.py:188} INFO - [2024-05-03T17:19:24.967+0000] {dagbag.py:540} INFO - Filling up the DagBag from /home/airflow/.local/lib/python3.12/site-packages/airflow/example_dags/tutorial_objectstorage.py
[2024-05-03T17:19:24.971+0000] {processor.py:840} INFO - DAG(s) 'tutorial_objectstorage' retrieved from /home/airflow/.local/lib/python3.12/site-packages/airflow/example_dags/tutorial_objectstorage.py
[2024-05-03T17:19:25.014+0000] {logging_mixin.py:188} INFO - [2024-05-03T17:19:25.014+0000] {dag.py:3096} INFO - Sync 1 DAGs
[2024-05-03T17:19:25.019+0000] {logging_mixin.py:188} INFO - [2024-05-03T17:19:25.019+0000] {dag.py:3954} INFO - Setting next_dagrun for tutorial_objectstorage to None, run_after=None
[2024-05-03T17:19:25.026+0000] {processor.py:183} INFO - Processing /home/airflow/.local/lib/python3.12/site-packages/airflow/example_dags/tutorial_objectstorage.py took 0.064 seconds
[2024-05-03T17:19:55.801+0000] {processor.py:161} INFO - Started process (PID=3792) to work on /home/airflow/.local/lib/python3.12/site-packages/airflow/example_dags/tutorial_objectstorage.py
[2024-05-03T17:19:55.802+0000] {processor.py:830} INFO - Processing file /home/airflow/.local/lib/python3.12/site-packages/airflow/example_dags/tutorial_objectstorage.py for tasks to queue
[2024-05-03T17:19:55.803+0000] {logging_mixin.py:188} INFO - [2024-05-03T17:19:55.803+0000] {dagbag.py:540} INFO - Filling up the DagBag from /home/airflow/.local/lib/python3.12/site-packages/airflow/example_dags/tutorial_objectstorage.py
[2024-05-03T17:19:55.806+0000] {processor.py:840} INFO - DAG(s) 'tutorial_objectstorage' retrieved from /home/airflow/.local/lib/python3.12/site-packages/airflow/example_dags/tutorial_objectstorage.py
[2024-05-03T17:19:55.816+0000] {logging_mixin.py:188} INFO - [2024-05-03T17:19:55.816+0000] {dag.py:3096} INFO - Sync 1 DAGs
[2024-05-03T17:19:55.822+0000] {logging_mixin.py:188} INFO - [2024-05-03T17:19:55.822+0000] {dag.py:3954} INFO - Setting next_dagrun for tutorial_objectstorage to None, run_after=None
[2024-05-03T17:19:55.830+0000] {processor.py:183} INFO - Processing /home/airflow/.local/lib/python3.12/site-packages/airflow/example_dags/tutorial_objectstorage.py took 0.031 seconds
[2024-05-03T17:20:25.966+0000] {processor.py:161} INFO - Started process (PID=4054) to work on /home/airflow/.local/lib/python3.12/site-packages/airflow/example_dags/tutorial_objectstorage.py
[2024-05-03T17:20:25.966+0000] {processor.py:830} INFO - Processing file /home/airflow/.local/lib/python3.12/site-packages/airflow/example_dags/tutorial_objectstorage.py for tasks to queue
[2024-05-03T17:20:25.967+0000] {logging_mixin.py:188} INFO - [2024-05-03T17:20:25.967+0000] {dagbag.py:540} INFO - Filling up the DagBag from /home/airflow/.local/lib/python3.12/site-packages/airflow/example_dags/tutorial_objectstorage.py
[2024-05-03T17:20:25.971+0000] {processor.py:840} INFO - DAG(s) 'tutorial_objectstorage' retrieved from /home/airflow/.local/lib/python3.12/site-packages/airflow/example_dags/tutorial_objectstorage.py
[2024-05-03T17:20:25.980+0000] {logging_mixin.py:188} INFO - [2024-05-03T17:20:25.980+0000] {dag.py:3096} INFO - Sync 1 DAGs
[2024-05-03T17:20:25.986+0000] {logging_mixin.py:188} INFO - [2024-05-03T17:20:25.986+0000] {dag.py:3954} INFO - Setting next_dagrun for tutorial_objectstorage to None, run_after=None
[2024-05-03T17:20:25.994+0000] {processor.py:183} INFO - Processing /home/airflow/.local/lib/python3.12/site-packages/airflow/example_dags/tutorial_objectstorage.py took 0.031 seconds
[2024-05-03T17:20:56.099+0000] {processor.py:161} INFO - Started process (PID=4318) to work on /home/airflow/.local/lib/python3.12/site-packages/airflow/example_dags/tutorial_objectstorage.py
[2024-05-03T17:20:56.099+0000] {processor.py:830} INFO - Processing file /home/airflow/.local/lib/python3.12/site-packages/airflow/example_dags/tutorial_objectstorage.py for tasks to queue
[2024-05-03T17:20:56.100+0000] {logging_mixin.py:188} INFO - [2024-05-03T17:20:56.100+0000] {dagbag.py:540} INFO - Filling up the DagBag from /home/airflow/.local/lib/python3.12/site-packages/airflow/example_dags/tutorial_objectstorage.py
[2024-05-03T17:20:56.104+0000] {processor.py:840} INFO - DAG(s) 'tutorial_objectstorage' retrieved from /home/airflow/.local/lib/python3.12/site-packages/airflow/example_dags/tutorial_objectstorage.py
[2024-05-03T17:20:56.114+0000] {logging_mixin.py:188} INFO - [2024-05-03T17:20:56.114+0000] {dag.py:3096} INFO - Sync 1 DAGs
[2024-05-03T17:20:56.120+0000] {logging_mixin.py:188} INFO - [2024-05-03T17:20:56.120+0000] {dag.py:3954} INFO - Setting next_dagrun for tutorial_objectstorage to None, run_after=None
[2024-05-03T17:20:56.129+0000] {processor.py:183} INFO - Processing /home/airflow/.local/lib/python3.12/site-packages/airflow/example_dags/tutorial_objectstorage.py took 0.033 seconds
[2024-05-03T17:21:27.007+0000] {processor.py:161} INFO - Started process (PID=4578) to work on /home/airflow/.local/lib/python3.12/site-packages/airflow/example_dags/tutorial_objectstorage.py
[2024-05-03T17:21:27.007+0000] {processor.py:830} INFO - Processing file /home/airflow/.local/lib/python3.12/site-packages/airflow/example_dags/tutorial_objectstorage.py for tasks to queue
[2024-05-03T17:21:27.009+0000] {logging_mixin.py:188} INFO - [2024-05-03T17:21:27.008+0000] {dagbag.py:540} INFO - Filling up the DagBag from /home/airflow/.local/lib/python3.12/site-packages/airflow/example_dags/tutorial_objectstorage.py
[2024-05-03T17:21:27.012+0000] {processor.py:840} INFO - DAG(s) 'tutorial_objectstorage' retrieved from /home/airflow/.local/lib/python3.12/site-packages/airflow/example_dags/tutorial_objectstorage.py
[2024-05-03T17:21:27.021+0000] {logging_mixin.py:188} INFO - [2024-05-03T17:21:27.021+0000] {dag.py:3096} INFO - Sync 1 DAGs
[2024-05-03T17:21:27.027+0000] {logging_mixin.py:188} INFO - [2024-05-03T17:21:27.027+0000] {dag.py:3954} INFO - Setting next_dagrun for tutorial_objectstorage to None, run_after=None
[2024-05-03T17:21:27.035+0000] {processor.py:183} INFO - Processing /home/airflow/.local/lib/python3.12/site-packages/airflow/example_dags/tutorial_objectstorage.py took 0.031 seconds
[2024-05-03T17:21:57.328+0000] {processor.py:161} INFO - Started process (PID=4840) to work on /home/airflow/.local/lib/python3.12/site-packages/airflow/example_dags/tutorial_objectstorage.py
[2024-05-03T17:21:57.329+0000] {processor.py:830} INFO - Processing file /home/airflow/.local/lib/python3.12/site-packages/airflow/example_dags/tutorial_objectstorage.py for tasks to queue
[2024-05-03T17:21:57.330+0000] {logging_mixin.py:188} INFO - [2024-05-03T17:21:57.330+0000] {dagbag.py:540} INFO - Filling up the DagBag from /home/airflow/.local/lib/python3.12/site-packages/airflow/example_dags/tutorial_objectstorage.py
[2024-05-03T17:21:57.333+0000] {processor.py:840} INFO - DAG(s) 'tutorial_objectstorage' retrieved from /home/airflow/.local/lib/python3.12/site-packages/airflow/example_dags/tutorial_objectstorage.py
[2024-05-03T17:21:57.343+0000] {logging_mixin.py:188} INFO - [2024-05-03T17:21:57.343+0000] {dag.py:3096} INFO - Sync 1 DAGs
[2024-05-03T17:21:57.349+0000] {logging_mixin.py:188} INFO - [2024-05-03T17:21:57.349+0000] {dag.py:3954} INFO - Setting next_dagrun for tutorial_objectstorage to None, run_after=None
[2024-05-03T17:21:57.357+0000] {processor.py:183} INFO - Processing /home/airflow/.local/lib/python3.12/site-packages/airflow/example_dags/tutorial_objectstorage.py took 0.032 seconds
[2024-05-03T17:22:27.515+0000] {processor.py:161} INFO - Started process (PID=5102) to work on /home/airflow/.local/lib/python3.12/site-packages/airflow/example_dags/tutorial_objectstorage.py
[2024-05-03T17:22:27.516+0000] {processor.py:830} INFO - Processing file /home/airflow/.local/lib/python3.12/site-packages/airflow/example_dags/tutorial_objectstorage.py for tasks to queue
[2024-05-03T17:22:27.517+0000] {logging_mixin.py:188} INFO - [2024-05-03T17:22:27.516+0000] {dagbag.py:540} INFO - Filling up the DagBag from /home/airflow/.local/lib/python3.12/site-packages/airflow/example_dags/tutorial_objectstorage.py
[2024-05-03T17:22:27.520+0000] {processor.py:840} INFO - DAG(s) 'tutorial_objectstorage' retrieved from /home/airflow/.local/lib/python3.12/site-packages/airflow/example_dags/tutorial_objectstorage.py
[2024-05-03T17:22:27.530+0000] {logging_mixin.py:188} INFO - [2024-05-03T17:22:27.530+0000] {dag.py:3096} INFO - Sync 1 DAGs
[2024-05-03T17:22:27.535+0000] {logging_mixin.py:188} INFO - [2024-05-03T17:22:27.535+0000] {dag.py:3954} INFO - Setting next_dagrun for tutorial_objectstorage to None, run_after=None
[2024-05-03T17:22:27.544+0000] {processor.py:183} INFO - Processing /home/airflow/.local/lib/python3.12/site-packages/airflow/example_dags/tutorial_objectstorage.py took 0.032 seconds
[2024-05-03T17:22:57.733+0000] {processor.py:161} INFO - Started process (PID=5364) to work on /home/airflow/.local/lib/python3.12/site-packages/airflow/example_dags/tutorial_objectstorage.py
[2024-05-03T17:22:57.733+0000] {processor.py:830} INFO - Processing file /home/airflow/.local/lib/python3.12/site-packages/airflow/example_dags/tutorial_objectstorage.py for tasks to queue
[2024-05-03T17:22:57.734+0000] {logging_mixin.py:188} INFO - [2024-05-03T17:22:57.734+0000] {dagbag.py:540} INFO - Filling up the DagBag from /home/airflow/.local/lib/python3.12/site-packages/airflow/example_dags/tutorial_objectstorage.py
[2024-05-03T17:22:57.738+0000] {processor.py:840} INFO - DAG(s) 'tutorial_objectstorage' retrieved from /home/airflow/.local/lib/python3.12/site-packages/airflow/example_dags/tutorial_objectstorage.py
[2024-05-03T17:22:57.748+0000] {logging_mixin.py:188} INFO - [2024-05-03T17:22:57.748+0000] {dag.py:3096} INFO - Sync 1 DAGs
[2024-05-03T17:22:57.754+0000] {logging_mixin.py:188} INFO - [2024-05-03T17:22:57.754+0000] {dag.py:3954} INFO - Setting next_dagrun for tutorial_objectstorage to None, run_after=None
[2024-05-03T17:22:57.763+0000] {processor.py:183} INFO - Processing /home/airflow/.local/lib/python3.12/site-packages/airflow/example_dags/tutorial_objectstorage.py took 0.033 seconds
[2024-05-03T17:23:27.865+0000] {processor.py:161} INFO - Started process (PID=5626) to work on /home/airflow/.local/lib/python3.12/site-packages/airflow/example_dags/tutorial_objectstorage.py
[2024-05-03T17:23:27.866+0000] {processor.py:830} INFO - Processing file /home/airflow/.local/lib/python3.12/site-packages/airflow/example_dags/tutorial_objectstorage.py for tasks to queue
[2024-05-03T17:23:27.866+0000] {logging_mixin.py:188} INFO - [2024-05-03T17:23:27.866+0000] {dagbag.py:540} INFO - Filling up the DagBag from /home/airflow/.local/lib/python3.12/site-packages/airflow/example_dags/tutorial_objectstorage.py
[2024-05-03T17:23:27.870+0000] {processor.py:840} INFO - DAG(s) 'tutorial_objectstorage' retrieved from /home/airflow/.local/lib/python3.12/site-packages/airflow/example_dags/tutorial_objectstorage.py
[2024-05-03T17:23:27.880+0000] {logging_mixin.py:188} INFO - [2024-05-03T17:23:27.880+0000] {dag.py:3096} INFO - Sync 1 DAGs
[2024-05-03T17:23:27.885+0000] {logging_mixin.py:188} INFO - [2024-05-03T17:23:27.885+0000] {dag.py:3954} INFO - Setting next_dagrun for tutorial_objectstorage to None, run_after=None
[2024-05-03T17:23:27.894+0000] {processor.py:183} INFO - Processing /home/airflow/.local/lib/python3.12/site-packages/airflow/example_dags/tutorial_objectstorage.py took 0.032 seconds
[2024-05-03T17:23:58.065+0000] {processor.py:161} INFO - Started process (PID=5888) to work on /home/airflow/.local/lib/python3.12/site-packages/airflow/example_dags/tutorial_objectstorage.py
[2024-05-03T17:23:58.066+0000] {processor.py:830} INFO - Processing file /home/airflow/.local/lib/python3.12/site-packages/airflow/example_dags/tutorial_objectstorage.py for tasks to queue
[2024-05-03T17:23:58.067+0000] {logging_mixin.py:188} INFO - [2024-05-03T17:23:58.067+0000] {dagbag.py:540} INFO - Filling up the DagBag from /home/airflow/.local/lib/python3.12/site-packages/airflow/example_dags/tutorial_objectstorage.py
[2024-05-03T17:23:58.071+0000] {processor.py:840} INFO - DAG(s) 'tutorial_objectstorage' retrieved from /home/airflow/.local/lib/python3.12/site-packages/airflow/example_dags/tutorial_objectstorage.py
[2024-05-03T17:23:58.082+0000] {logging_mixin.py:188} INFO - [2024-05-03T17:23:58.082+0000] {dag.py:3096} INFO - Sync 1 DAGs
[2024-05-03T17:23:58.087+0000] {logging_mixin.py:188} INFO - [2024-05-03T17:23:58.087+0000] {dag.py:3954} INFO - Setting next_dagrun for tutorial_objectstorage to None, run_after=None
[2024-05-03T17:23:58.095+0000] {processor.py:183} INFO - Processing /home/airflow/.local/lib/python3.12/site-packages/airflow/example_dags/tutorial_objectstorage.py took 0.033 seconds
[2024-05-03T17:24:28.690+0000] {processor.py:161} INFO - Started process (PID=6150) to work on /home/airflow/.local/lib/python3.12/site-packages/airflow/example_dags/tutorial_objectstorage.py
[2024-05-03T17:24:28.690+0000] {processor.py:830} INFO - Processing file /home/airflow/.local/lib/python3.12/site-packages/airflow/example_dags/tutorial_objectstorage.py for tasks to queue
[2024-05-03T17:24:28.691+0000] {logging_mixin.py:188} INFO - [2024-05-03T17:24:28.691+0000] {dagbag.py:540} INFO - Filling up the DagBag from /home/airflow/.local/lib/python3.12/site-packages/airflow/example_dags/tutorial_objectstorage.py
[2024-05-03T17:24:28.695+0000] {processor.py:840} INFO - DAG(s) 'tutorial_objectstorage' retrieved from /home/airflow/.local/lib/python3.12/site-packages/airflow/example_dags/tutorial_objectstorage.py
[2024-05-03T17:24:28.704+0000] {logging_mixin.py:188} INFO - [2024-05-03T17:24:28.704+0000] {dag.py:3096} INFO - Sync 1 DAGs
[2024-05-03T17:24:28.710+0000] {logging_mixin.py:188} INFO - [2024-05-03T17:24:28.710+0000] {dag.py:3954} INFO - Setting next_dagrun for tutorial_objectstorage to None, run_after=None
[2024-05-03T17:24:28.718+0000] {processor.py:183} INFO - Processing /home/airflow/.local/lib/python3.12/site-packages/airflow/example_dags/tutorial_objectstorage.py took 0.031 seconds
[2024-05-03T17:24:59.033+0000] {processor.py:161} INFO - Started process (PID=6414) to work on /home/airflow/.local/lib/python3.12/site-packages/airflow/example_dags/tutorial_objectstorage.py
[2024-05-03T17:24:59.034+0000] {processor.py:830} INFO - Processing file /home/airflow/.local/lib/python3.12/site-packages/airflow/example_dags/tutorial_objectstorage.py for tasks to queue
[2024-05-03T17:24:59.035+0000] {logging_mixin.py:188} INFO - [2024-05-03T17:24:59.035+0000] {dagbag.py:540} INFO - Filling up the DagBag from /home/airflow/.local/lib/python3.12/site-packages/airflow/example_dags/tutorial_objectstorage.py
[2024-05-03T17:24:59.039+0000] {processor.py:840} INFO - DAG(s) 'tutorial_objectstorage' retrieved from /home/airflow/.local/lib/python3.12/site-packages/airflow/example_dags/tutorial_objectstorage.py
[2024-05-03T17:24:59.049+0000] {logging_mixin.py:188} INFO - [2024-05-03T17:24:59.049+0000] {dag.py:3096} INFO - Sync 1 DAGs
[2024-05-03T17:24:59.056+0000] {logging_mixin.py:188} INFO - [2024-05-03T17:24:59.056+0000] {dag.py:3954} INFO - Setting next_dagrun for tutorial_objectstorage to None, run_after=None
[2024-05-03T17:24:59.065+0000] {processor.py:183} INFO - Processing /home/airflow/.local/lib/python3.12/site-packages/airflow/example_dags/tutorial_objectstorage.py took 0.034 seconds
[2024-05-03T17:25:30.019+0000] {processor.py:161} INFO - Started process (PID=6674) to work on /home/airflow/.local/lib/python3.12/site-packages/airflow/example_dags/tutorial_objectstorage.py
[2024-05-03T17:25:30.020+0000] {processor.py:830} INFO - Processing file /home/airflow/.local/lib/python3.12/site-packages/airflow/example_dags/tutorial_objectstorage.py for tasks to queue
[2024-05-03T17:25:30.021+0000] {logging_mixin.py:188} INFO - [2024-05-03T17:25:30.021+0000] {dagbag.py:540} INFO - Filling up the DagBag from /home/airflow/.local/lib/python3.12/site-packages/airflow/example_dags/tutorial_objectstorage.py
[2024-05-03T17:25:30.025+0000] {processor.py:840} INFO - DAG(s) 'tutorial_objectstorage' retrieved from /home/airflow/.local/lib/python3.12/site-packages/airflow/example_dags/tutorial_objectstorage.py
[2024-05-03T17:25:30.035+0000] {logging_mixin.py:188} INFO - [2024-05-03T17:25:30.035+0000] {dag.py:3096} INFO - Sync 1 DAGs
[2024-05-03T17:25:30.042+0000] {logging_mixin.py:188} INFO - [2024-05-03T17:25:30.041+0000] {dag.py:3954} INFO - Setting next_dagrun for tutorial_objectstorage to None, run_after=None
[2024-05-03T17:25:30.141+0000] {processor.py:183} INFO - Processing /home/airflow/.local/lib/python3.12/site-packages/airflow/example_dags/tutorial_objectstorage.py took 0.124 seconds
[2024-05-03T17:26:00.270+0000] {processor.py:161} INFO - Started process (PID=6958) to work on /home/airflow/.local/lib/python3.12/site-packages/airflow/example_dags/tutorial_objectstorage.py
[2024-05-03T17:26:00.271+0000] {processor.py:830} INFO - Processing file /home/airflow/.local/lib/python3.12/site-packages/airflow/example_dags/tutorial_objectstorage.py for tasks to queue
[2024-05-03T17:26:00.272+0000] {logging_mixin.py:188} INFO - [2024-05-03T17:26:00.272+0000] {dagbag.py:540} INFO - Filling up the DagBag from /home/airflow/.local/lib/python3.12/site-packages/airflow/example_dags/tutorial_objectstorage.py
[2024-05-03T17:26:00.276+0000] {processor.py:840} INFO - DAG(s) 'tutorial_objectstorage' retrieved from /home/airflow/.local/lib/python3.12/site-packages/airflow/example_dags/tutorial_objectstorage.py
[2024-05-03T17:26:00.287+0000] {logging_mixin.py:188} INFO - [2024-05-03T17:26:00.287+0000] {dag.py:3096} INFO - Sync 1 DAGs
[2024-05-03T17:26:00.294+0000] {logging_mixin.py:188} INFO - [2024-05-03T17:26:00.294+0000] {dag.py:3954} INFO - Setting next_dagrun for tutorial_objectstorage to None, run_after=None
[2024-05-03T17:26:00.389+0000] {processor.py:183} INFO - Processing /home/airflow/.local/lib/python3.12/site-packages/airflow/example_dags/tutorial_objectstorage.py took 0.122 seconds
[2024-05-03T17:26:30.876+0000] {processor.py:161} INFO - Started process (PID=7198) to work on /home/airflow/.local/lib/python3.12/site-packages/airflow/example_dags/tutorial_objectstorage.py
[2024-05-03T17:26:30.876+0000] {processor.py:830} INFO - Processing file /home/airflow/.local/lib/python3.12/site-packages/airflow/example_dags/tutorial_objectstorage.py for tasks to queue
[2024-05-03T17:26:30.877+0000] {logging_mixin.py:188} INFO - [2024-05-03T17:26:30.877+0000] {dagbag.py:540} INFO - Filling up the DagBag from /home/airflow/.local/lib/python3.12/site-packages/airflow/example_dags/tutorial_objectstorage.py
[2024-05-03T17:26:30.881+0000] {processor.py:840} INFO - DAG(s) 'tutorial_objectstorage' retrieved from /home/airflow/.local/lib/python3.12/site-packages/airflow/example_dags/tutorial_objectstorage.py
[2024-05-03T17:26:30.890+0000] {logging_mixin.py:188} INFO - [2024-05-03T17:26:30.890+0000] {dag.py:3096} INFO - Sync 1 DAGs
[2024-05-03T17:26:30.896+0000] {logging_mixin.py:188} INFO - [2024-05-03T17:26:30.896+0000] {dag.py:3954} INFO - Setting next_dagrun for tutorial_objectstorage to None, run_after=None
[2024-05-03T17:26:30.904+0000] {processor.py:183} INFO - Processing /home/airflow/.local/lib/python3.12/site-packages/airflow/example_dags/tutorial_objectstorage.py took 0.031 seconds
[2024-05-03T17:27:01.332+0000] {processor.py:161} INFO - Started process (PID=7460) to work on /home/airflow/.local/lib/python3.12/site-packages/airflow/example_dags/tutorial_objectstorage.py
[2024-05-03T17:27:01.332+0000] {processor.py:830} INFO - Processing file /home/airflow/.local/lib/python3.12/site-packages/airflow/example_dags/tutorial_objectstorage.py for tasks to queue
[2024-05-03T17:27:01.333+0000] {logging_mixin.py:188} INFO - [2024-05-03T17:27:01.333+0000] {dagbag.py:540} INFO - Filling up the DagBag from /home/airflow/.local/lib/python3.12/site-packages/airflow/example_dags/tutorial_objectstorage.py
[2024-05-03T17:27:01.337+0000] {processor.py:840} INFO - DAG(s) 'tutorial_objectstorage' retrieved from /home/airflow/.local/lib/python3.12/site-packages/airflow/example_dags/tutorial_objectstorage.py
[2024-05-03T17:27:01.346+0000] {logging_mixin.py:188} INFO - [2024-05-03T17:27:01.346+0000] {dag.py:3096} INFO - Sync 1 DAGs
[2024-05-03T17:27:01.352+0000] {logging_mixin.py:188} INFO - [2024-05-03T17:27:01.352+0000] {dag.py:3954} INFO - Setting next_dagrun for tutorial_objectstorage to None, run_after=None
[2024-05-03T17:27:01.361+0000] {processor.py:183} INFO - Processing /home/airflow/.local/lib/python3.12/site-packages/airflow/example_dags/tutorial_objectstorage.py took 0.033 seconds
