[2024-05-15T10:42:51.319+0000] {local_task_job_runner.py:120} INFO - ::group::Pre task execution logs
[2024-05-15T10:42:51.336+0000] {taskinstance.py:2073} INFO - Dependencies all met for dep_context=non-requeueable deps ti=<TaskInstance: hdfs_create_directory.create_hdfs_directory manual__2024-05-15T10:42:50.984078+00:00 [queued]>
[2024-05-15T10:42:51.340+0000] {taskinstance.py:2073} INFO - Dependencies all met for dep_context=requeueable deps ti=<TaskInstance: hdfs_create_directory.create_hdfs_directory manual__2024-05-15T10:42:50.984078+00:00 [queued]>
[2024-05-15T10:42:51.341+0000] {taskinstance.py:2303} INFO - Starting attempt 1 of 2
[2024-05-15T10:42:51.347+0000] {taskinstance.py:2327} INFO - Executing <Task(BashOperator): create_hdfs_directory> on 2024-05-15 10:42:50.984078+00:00
[2024-05-15T10:42:51.351+0000] {standard_task_runner.py:90} INFO - Running: ['***', 'tasks', 'run', 'hdfs_create_directory', 'create_hdfs_directory', 'manual__2024-05-15T10:42:50.984078+00:00', '--job-id', '218', '--raw', '--subdir', 'DAGS_FOLDER/hdfs_dag.py', '--cfg-path', '/tmp/tmpwutcc73g']
[2024-05-15T10:42:51.352+0000] {logging_mixin.py:188} WARNING - /home/***/.local/lib/python3.12/site-packages/***/task/task_runner/standard_task_runner.py:61 DeprecationWarning: This process (pid=181) is multi-threaded, use of fork() may lead to deadlocks in the child.
[2024-05-15T10:42:51.352+0000] {standard_task_runner.py:91} INFO - Job 218: Subtask create_hdfs_directory
[2024-05-15T10:42:51.353+0000] {standard_task_runner.py:63} INFO - Started process 182 to run task
[2024-05-15T10:42:51.375+0000] {task_command.py:426} INFO - Running <TaskInstance: hdfs_create_directory.create_hdfs_directory manual__2024-05-15T10:42:50.984078+00:00 [running]> on host e6ff7434f566
[2024-05-15T10:42:51.419+0000] {taskinstance.py:2644} INFO - Exporting env vars: AIRFLOW_CTX_DAG_OWNER='***' AIRFLOW_CTX_DAG_ID='hdfs_create_directory' AIRFLOW_CTX_TASK_ID='create_hdfs_directory' AIRFLOW_CTX_EXECUTION_DATE='2024-05-15T10:42:50.984078+00:00' AIRFLOW_CTX_TRY_NUMBER='1' AIRFLOW_CTX_DAG_RUN_ID='manual__2024-05-15T10:42:50.984078+00:00'
[2024-05-15T10:42:51.420+0000] {taskinstance.py:430} INFO - ::endgroup::
[2024-05-15T10:42:51.434+0000] {subprocess.py:63} INFO - Tmp dir root location: /tmp
[2024-05-15T10:42:51.435+0000] {subprocess.py:75} INFO - Running command: ['/usr/bin/bash', '-c', 'ls']
[2024-05-15T10:42:51.440+0000] {subprocess.py:86} INFO - Output:
[2024-05-15T10:42:51.442+0000] {subprocess.py:97} INFO - Command exited with return code 0
[2024-05-15T10:42:51.443+0000] {taskinstance.py:441} INFO - ::group::Post task execution logs
[2024-05-15T10:42:51.455+0000] {taskinstance.py:1205} INFO - Marking task as SUCCESS. dag_id=hdfs_create_directory, task_id=create_hdfs_directory, execution_date=20240515T104250, start_date=20240515T104251, end_date=20240515T104251
[2024-05-15T10:42:51.496+0000] {local_task_job_runner.py:240} INFO - Task exited with return code 0
[2024-05-15T10:42:51.504+0000] {taskinstance.py:3482} INFO - 0 downstream tasks scheduled from follow-on schedule check
[2024-05-15T10:42:51.505+0000] {local_task_job_runner.py:222} INFO - ::endgroup::
